# JRE version: Java(TM) SE Runtime Environment (8.0_181-b13) (build 1.8.0_181-b13)
# Java VM: Java HotSpot(TM) 64-Bit Server VM (25.181-b13 mixed mode linux-amd64 compressed oops)
Heap:
 PSYoungGen      total 133632K, used 6442K [0x00000000d6900000, 0x00000000df400000, 0x0000000100000000)
  eden space 124928K, 0% used [0x00000000d6900000,0x00000000d6900000,0x00000000de300000)
  from space 8704K, 74% used [0x00000000de300000,0x00000000de94a860,0x00000000deb80000)
  to   space 8704K, 0% used [0x00000000deb80000,0x00000000deb80000,0x00000000df400000)
 ParOldGen       total 86016K, used 13317K [0x0000000083a00000, 0x0000000088e00000, 0x00000000d6900000)
  object space 86016K, 15% used [0x0000000083a00000,0x00000000847017c0,0x0000000088e00000)
 Metaspace       used 15302K, capacity 15720K, committed 16000K, reserved 1062912K
  class space    used 1725K, capacity 1870K, committed 1920K, reserved 1048576K
GC Heap History (10 events):
Event: 116.929 GC heap after
Heap after GC invocations=5 (full 1):
 PSYoungGen      total 37888K, used 5108K [0x00000000d6900000, 0x00000000db300000, 0x0000000100000000)
  eden space 32768K, 0% used [0x00000000d6900000,0x00000000d6900000,0x00000000d8900000)
  from space 5120K, 99% used [0x00000000d8e00000,0x00000000d92fd0a0,0x00000000d9300000)
  to   space 5120K, 0% used [0x00000000d8900000,0x00000000d8900000,0x00000000d8e00000)
 ParOldGen       total 86016K, used 5799K [0x0000000083a00000, 0x0000000088e00000, 0x00000000d6900000)
  object space 86016K, 6% used [0x0000000083a00000,0x0000000083fa9e38,0x0000000088e00000)
 Metaspace       used 15136K, capacity 15592K, committed 15744K, reserved 1062912K
  class space    used 1725K, capacity 1870K, committed 1920K, reserved 1048576K
}
Event: 117.560 GC heap before
{Heap before GC invocations=6 (full 1):
 PSYoungGen      total 37888K, used 37876K [0x00000000d6900000, 0x00000000db300000, 0x0000000100000000)
  eden space 32768K, 100% used [0x00000000d6900000,0x00000000d8900000,0x00000000d8900000)
  from space 5120K, 99% used [0x00000000d8e00000,0x00000000d92fd0a0,0x00000000d9300000)
  to   space 5120K, 0% used [0x00000000d8900000,0x00000000d8900000,0x00000000d8e00000)
 ParOldGen       total 86016K, used 5799K [0x0000000083a00000, 0x0000000088e00000, 0x00000000d6900000)
  object space 86016K, 6% used [0x0000000083a00000,0x0000000083fa9e38,0x0000000088e00000)
 Metaspace       used 15217K, capacity 15720K, committed 16000K, reserved 1062912K
  class space    used 1725K, capacity 1870K, committed 1920K, reserved 1048576K
Event: 117.611 GC heap after
Heap after GC invocations=6 (full 1):
 PSYoungGen      total 37888K, used 5120K [0x00000000d6900000, 0x00000000db300000, 0x0000000100000000)
  eden space 32768K, 0% used [0x00000000d6900000,0x00000000d6900000,0x00000000d8900000)
  from space 5120K, 100% used [0x00000000d8900000,0x00000000d8e00000,0x00000000d8e00000)
  to   space 5120K, 0% used [0x00000000dae00000,0x00000000dae00000,0x00000000db300000)
 ParOldGen       total 86016K, used 7565K [0x0000000083a00000, 0x0000000088e00000, 0x00000000d6900000)
  object space 86016K, 8% used [0x0000000083a00000,0x0000000084163660,0x0000000088e00000)
 Metaspace       used 15217K, capacity 15720K, committed 16000K, reserved 1062912K
  class space    used 1725K, capacity 1870K, committed 1920K, reserved 1048576K
}
Event: 118.073 GC heap before
{Heap before GC invocations=7 (full 1):
 PSYoungGen      total 37888K, used 37888K [0x00000000d6900000, 0x00000000db300000, 0x0000000100000000)
  eden space 32768K, 100% used [0x00000000d6900000,0x00000000d8900000,0x00000000d8900000)
  from space 5120K, 100% used [0x00000000d8900000,0x00000000d8e00000,0x00000000d8e00000)
  to   space 5120K, 0% used [0x00000000dae00000,0x00000000dae00000,0x00000000db300000)
 ParOldGen       total 86016K, used 7565K [0x0000000083a00000, 0x0000000088e00000, 0x00000000d6900000)
  object space 86016K, 8% used [0x0000000083a00000,0x0000000084163660,0x0000000088e00000)
 Metaspace       used 15240K, capacity 15720K, committed 16000K, reserved 1062912K
  class space    used 1725K, capacity 1870K, committed 1920K, reserved 1048576K
Event: 118.112 GC heap after
Heap after GC invocations=7 (full 1):
 PSYoungGen      total 67584K, used 5120K [0x00000000d6900000, 0x00000000db900000, 0x0000000100000000)
  eden space 62464K, 0% used [0x00000000d6900000,0x00000000d6900000,0x00000000da600000)
  from space 5120K, 100% used [0x00000000dae00000,0x00000000db300000,0x00000000db300000)
  to   space 8192K, 0% used [0x00000000da600000,0x00000000da600000,0x00000000dae00000)
 ParOldGen       total 86016K, used 8945K [0x0000000083a00000, 0x0000000088e00000, 0x00000000d6900000)
  object space 86016K, 10% used [0x0000000083a00000,0x00000000842bc700,0x0000000088e00000)
 Metaspace       used 15240K, capacity 15720K, committed 16000K, reserved 1062912K
  class space    used 1725K, capacity 1870K, committed 1920K, reserved 1048576K
}
Event: 119.007 GC heap before
{Heap before GC invocations=8 (full 1):
 PSYoungGen      total 67584K, used 67584K [0x00000000d6900000, 0x00000000db900000, 0x0000000100000000)
  eden space 62464K, 100% used [0x00000000d6900000,0x00000000da600000,0x00000000da600000)
  from space 5120K, 100% used [0x00000000dae00000,0x00000000db300000,0x00000000db300000)
  to   space 8192K, 0% used [0x00000000da600000,0x00000000da600000,0x00000000dae00000)
 ParOldGen       total 86016K, used 8945K [0x0000000083a00000, 0x0000000088e00000, 0x00000000d6900000)
  object space 86016K, 10% used [0x0000000083a00000,0x00000000842bc700,0x0000000088e00000)
 Metaspace       used 15265K, capacity 15720K, committed 16000K, reserved 1062912K
  class space    used 1725K, capacity 1870K, committed 1920K, reserved 1048576K
Event: 119.095 GC heap after
Heap after GC invocations=8 (full 1):
 PSYoungGen      total 70656K, used 7262K [0x00000000d6900000, 0x00000000df400000, 0x0000000100000000)
  eden space 62464K, 0% used [0x00000000d6900000,0x00000000d6900000,0x00000000da600000)
  from space 8192K, 88% used [0x00000000da600000,0x00000000dad17900,0x00000000dae00000)
  to   space 8704K, 0% used [0x00000000deb80000,0x00000000deb80000,0x00000000df400000)
 ParOldGen       total 86016K, used 8945K [0x0000000083a00000, 0x0000000088e00000, 0x00000000d6900000)
  object space 86016K, 10% used [0x0000000083a00000,0x00000000842bc700,0x0000000088e00000)
 Metaspace       used 15265K, capacity 15720K, committed 16000K, reserved 1062912K
  class space    used 1725K, capacity 1870K, committed 1920K, reserved 1048576K
}
Event: 119.505 GC heap before
{Heap before GC invocations=9 (full 1):
 PSYoungGen      total 70656K, used 69726K [0x00000000d6900000, 0x00000000df400000, 0x0000000100000000)
  eden space 62464K, 100% used [0x00000000d6900000,0x00000000da600000,0x00000000da600000)
  from space 8192K, 88% used [0x00000000da600000,0x00000000dad17900,0x00000000dae00000)
  to   space 8704K, 0% used [0x00000000deb80000,0x00000000deb80000,0x00000000df400000)
 ParOldGen       total 86016K, used 8945K [0x0000000083a00000, 0x0000000088e00000, 0x00000000d6900000)
  object space 86016K, 10% used [0x0000000083a00000,0x00000000842bc700,0x0000000088e00000)
 Metaspace       used 15277K, capacity 15720K, committed 16000K, reserved 1062912K
  class space    used 1725K, capacity 1870K, committed 1920K, reserved 1048576K
Event: 119.546 GC heap after
Heap after GC invocations=9 (full 1):
 PSYoungGen      total 133632K, used 4446K [0x00000000d6900000, 0x00000000df400000, 0x0000000100000000)
  eden space 124928K, 0% used [0x00000000d6900000,0x00000000d6900000,0x00000000de300000)
  from space 8704K, 51% used [0x00000000deb80000,0x00000000defd7900,0x00000000df400000)
  to   space 8704K, 0% used [0x00000000de300000,0x00000000de300000,0x00000000deb80000)
 ParOldGen       total 86016K, used 12249K [0x0000000083a00000, 0x0000000088e00000, 0x00000000d6900000)
  object space 86016K, 14% used [0x0000000083a00000,0x00000000845f67b0,0x0000000088e00000)
 Metaspace       used 15277K, capacity 15720K, committed 16000K, reserved 1062912K
  class space    used 1725K, capacity 1870K, committed 1920K, reserved 1048576K
}
Event: 120.787 GC heap before
{Heap before GC invocations=10 (full 1):
 PSYoungGen      total 133632K, used 129374K [0x00000000d6900000, 0x00000000df400000, 0x0000000100000000)
  eden space 124928K, 100% used [0x00000000d6900000,0x00000000de300000,0x00000000de300000)
  from space 8704K, 51% used [0x00000000deb80000,0x00000000defd7900,0x00000000df400000)
  to   space 8704K, 0% used [0x00000000de300000,0x00000000de300000,0x00000000deb80000)
 ParOldGen       total 86016K, used 12249K [0x0000000083a00000, 0x0000000088e00000, 0x00000000d6900000)
  object space 86016K, 14% used [0x0000000083a00000,0x00000000845f67b0,0x0000000088e00000)
 Metaspace       used 15302K, capacity 15720K, committed 16000K, reserved 1062912K
  class space    used 1725K, capacity 1870K, committed 1920K, reserved 1048576K

