# JRE version: Java(TM) SE Runtime Environment (8.0_181-b13) (build 1.8.0_181-b13)
# Java VM: Java HotSpot(TM) 64-Bit Server VM (25.181-b13 mixed mode linux-amd64 compressed oops)
Heap:
 PSYoungGen      total 37888K, used 13275K [0x00000000d6900000, 0x00000000db600000, 0x0000000100000000)
  eden space 29696K, 17% used [0x00000000d6900000,0x00000000d6df96d8,0x00000000d8600000)
  from space 8192K, 99% used [0x00000000d8600000,0x00000000d8dfd5d0,0x00000000d8e00000)
  to   space 9728K, 0% used [0x00000000dac80000,0x00000000dac80000,0x00000000db600000)
 ParOldGen       total 86016K, used 10533K [0x0000000083a00000, 0x0000000088e00000, 0x00000000d6900000)
  object space 86016K, 12% used [0x0000000083a00000,0x00000000844494f8,0x0000000088e00000)
 Metaspace       used 17674K, capacity 18124K, committed 18304K, reserved 1064960K
  class space    used 1972K, capacity 2124K, committed 2176K, reserved 1048576K
GC Heap History (10 events):
Event: 99.471 GC heap before
{Heap before GC invocations=4 (full 1):
 PSYoungGen      total 37888K, used 37881K [0x00000000d6900000, 0x00000000d9300000, 0x0000000100000000)
  eden space 32768K, 100% used [0x00000000d6900000,0x00000000d8900000,0x00000000d8900000)
  from space 5120K, 99% used [0x00000000d8e00000,0x00000000d92fe688,0x00000000d9300000)
  to   space 5120K, 0% used [0x00000000d8900000,0x00000000d8900000,0x00000000d8e00000)
 ParOldGen       total 86016K, used 4995K [0x0000000083a00000, 0x0000000088e00000, 0x00000000d6900000)
  object space 86016K, 5% used [0x0000000083a00000,0x0000000083ee0d28,0x0000000088e00000)
 Metaspace       used 13886K, capacity 14238K, committed 14592K, reserved 1062912K
  class space    used 1579K, capacity 1668K, committed 1792K, reserved 1048576K
Event: 99.487 GC heap after
Heap after GC invocations=4 (full 1):
 PSYoungGen      total 37888K, used 5108K [0x00000000d6900000, 0x00000000d9300000, 0x0000000100000000)
  eden space 32768K, 0% used [0x00000000d6900000,0x00000000d6900000,0x00000000d8900000)
  from space 5120K, 99% used [0x00000000d8900000,0x00000000d8dfd338,0x00000000d8e00000)
  to   space 5120K, 0% used [0x00000000d8e00000,0x00000000d8e00000,0x00000000d9300000)
 ParOldGen       total 86016K, used 5518K [0x0000000083a00000, 0x0000000088e00000, 0x00000000d6900000)
  object space 86016K, 6% used [0x0000000083a00000,0x0000000083f63a58,0x0000000088e00000)
 Metaspace       used 13886K, capacity 14238K, committed 14592K, reserved 1062912K
  class space    used 1579K, capacity 1668K, committed 1792K, reserved 1048576K
}
Event: 100.321 GC heap before
{Heap before GC invocations=5 (full 1):
 PSYoungGen      total 37888K, used 37876K [0x00000000d6900000, 0x00000000d9300000, 0x0000000100000000)
  eden space 32768K, 100% used [0x00000000d6900000,0x00000000d8900000,0x00000000d8900000)
  from space 5120K, 99% used [0x00000000d8900000,0x00000000d8dfd338,0x00000000d8e00000)
  to   space 5120K, 0% used [0x00000000d8e00000,0x00000000d8e00000,0x00000000d9300000)
 ParOldGen       total 86016K, used 5518K [0x0000000083a00000, 0x0000000088e00000, 0x00000000d6900000)
  object space 86016K, 6% used [0x0000000083a00000,0x0000000083f63a58,0x0000000088e00000)
 Metaspace       used 13910K, capacity 14238K, committed 14592K, reserved 1062912K
  class space    used 1579K, capacity 1668K, committed 1792K, reserved 1048576K
Event: 100.329 GC heap after
Heap after GC invocations=5 (full 1):
 PSYoungGen      total 37888K, used 5102K [0x00000000d6900000, 0x00000000d9300000, 0x0000000100000000)
  eden space 32768K, 0% used [0x00000000d6900000,0x00000000d6900000,0x00000000d8900000)
  from space 5120K, 99% used [0x00000000d8e00000,0x00000000d92fb800,0x00000000d9300000)
  to   space 5120K, 0% used [0x00000000d8900000,0x00000000d8900000,0x00000000d8e00000)
 ParOldGen       total 86016K, used 5710K [0x0000000083a00000, 0x0000000088e00000, 0x00000000d6900000)
  object space 86016K, 6% used [0x0000000083a00000,0x0000000083f93a58,0x0000000088e00000)
 Metaspace       used 13910K, capacity 14238K, committed 14592K, reserved 1062912K
  class space    used 1579K, capacity 1668K, committed 1792K, reserved 1048576K
}
Event: 100.987 GC heap before
{Heap before GC invocations=6 (full 1):
 PSYoungGen      total 37888K, used 37870K [0x00000000d6900000, 0x00000000d9300000, 0x0000000100000000)
  eden space 32768K, 100% used [0x00000000d6900000,0x00000000d8900000,0x00000000d8900000)
  from space 5120K, 99% used [0x00000000d8e00000,0x00000000d92fb800,0x00000000d9300000)
  to   space 5120K, 0% used [0x00000000d8900000,0x00000000d8900000,0x00000000d8e00000)
 ParOldGen       total 86016K, used 5710K [0x0000000083a00000, 0x0000000088e00000, 0x00000000d6900000)
  object space 86016K, 6% used [0x0000000083a00000,0x0000000083f93a58,0x0000000088e00000)
 Metaspace       used 13950K, capacity 14302K, committed 14592K, reserved 1062912K
  class space    used 1579K, capacity 1668K, committed 1792K, reserved 1048576K
Event: 100.996 GC heap after
Heap after GC invocations=6 (full 1):
 PSYoungGen      total 37888K, used 5109K [0x00000000d6900000, 0x00000000d9300000, 0x0000000100000000)
  eden space 32768K, 0% used [0x00000000d6900000,0x00000000d6900000,0x00000000d8900000)
  from space 5120K, 99% used [0x00000000d8900000,0x00000000d8dfd7d0,0x00000000d8e00000)
  to   space 5120K, 0% used [0x00000000d8e00000,0x00000000d8e00000,0x00000000d9300000)
 ParOldGen       total 86016K, used 6270K [0x0000000083a00000, 0x0000000088e00000, 0x00000000d6900000)
  object space 86016K, 7% used [0x0000000083a00000,0x000000008401fa88,0x0000000088e00000)
 Metaspace       used 13950K, capacity 14302K, committed 14592K, reserved 1062912K
  class space    used 1579K, capacity 1668K, committed 1792K, reserved 1048576K
}
Event: 103.897 GC heap before
{Heap before GC invocations=7 (full 1):
 PSYoungGen      total 37888K, used 37877K [0x00000000d6900000, 0x00000000d9300000, 0x0000000100000000)
  eden space 32768K, 100% used [0x00000000d6900000,0x00000000d8900000,0x00000000d8900000)
  from space 5120K, 99% used [0x00000000d8900000,0x00000000d8dfd7d0,0x00000000d8e00000)
  to   space 5120K, 0% used [0x00000000d8e00000,0x00000000d8e00000,0x00000000d9300000)
 ParOldGen       total 86016K, used 6270K [0x0000000083a00000, 0x0000000088e00000, 0x00000000d6900000)
  object space 86016K, 7% used [0x0000000083a00000,0x000000008401fa88,0x0000000088e00000)
 Metaspace       used 16051K, capacity 16542K, committed 16896K, reserved 1064960K
  class space    used 1794K, capacity 1951K, committed 2048K, reserved 1048576K
Event: 103.932 GC heap after
Heap after GC invocations=7 (full 1):
 PSYoungGen      total 34816K, used 5102K [0x00000000d6900000, 0x00000000d9880000, 0x0000000100000000)
  eden space 29696K, 0% used [0x00000000d6900000,0x00000000d6900000,0x00000000d8600000)
  from space 5120K, 99% used [0x00000000d8e00000,0x00000000d92fbb48,0x00000000d9300000)
  to   space 8192K, 0% used [0x00000000d8600000,0x00000000d8600000,0x00000000d8e00000)
 ParOldGen       total 86016K, used 9237K [0x0000000083a00000, 0x0000000088e00000, 0x00000000d6900000)
  object space 86016K, 10% used [0x0000000083a00000,0x0000000084305450,0x0000000088e00000)
 Metaspace       used 16051K, capacity 16542K, committed 16896K, reserved 1064960K
  class space    used 1794K, capacity 1951K, committed 2048K, reserved 1048576K
}
Event: 107.256 GC heap before
{Heap before GC invocations=8 (full 1):
 PSYoungGen      total 34816K, used 34798K [0x00000000d6900000, 0x00000000d9880000, 0x0000000100000000)
  eden space 29696K, 100% used [0x00000000d6900000,0x00000000d8600000,0x00000000d8600000)
  from space 5120K, 99% used [0x00000000d8e00000,0x00000000d92fbb48,0x00000000d9300000)
  to   space 8192K, 0% used [0x00000000d8600000,0x00000000d8600000,0x00000000d8e00000)
 ParOldGen       total 86016K, used 9237K [0x0000000083a00000, 0x0000000088e00000, 0x00000000d6900000)
  object space 86016K, 10% used [0x0000000083a00000,0x0000000084305450,0x0000000088e00000)
 Metaspace       used 17556K, capacity 18060K, committed 18304K, reserved 1064960K
  class space    used 1957K, capacity 2124K, committed 2176K, reserved 1048576K
Event: 107.651 GC heap after
Heap after GC invocations=8 (full 1):
 PSYoungGen      total 37888K, used 8181K [0x00000000d6900000, 0x00000000db600000, 0x0000000100000000)
  eden space 29696K, 0% used [0x00000000d6900000,0x00000000d6900000,0x00000000d8600000)
  from space 8192K, 99% used [0x00000000d8600000,0x00000000d8dfd5d0,0x00000000d8e00000)
  to   space 9728K, 0% used [0x00000000dac80000,0x00000000dac80000,0x00000000db600000)
 ParOldGen       total 86016K, used 10533K [0x0000000083a00000, 0x0000000088e00000, 0x00000000d6900000)
  object space 86016K, 12% used [0x0000000083a00000,0x00000000844494f8,0x0000000088e00000)
 Metaspace       used 17556K, capacity 18060K, committed 18304K, reserved 1064960K
  class space    used 1957K, capacity 2124K, committed 2176K, reserved 1048576K
}

