# JRE version: Java(TM) SE Runtime Environment (8.0_181-b13) (build 1.8.0_181-b13)
# Java VM: Java HotSpot(TM) 64-Bit Server VM (25.181-b13 mixed mode linux-amd64 compressed oops)
Heap:
 PSYoungGen      total 137728K, used 16369K [0x00000000d6900000, 0x00000000e0400000, 0x0000000100000000)
  eden space 121344K, 0% used [0x00000000d6900000,0x00000000d6900000,0x00000000ddf80000)
  from space 16384K, 99% used [0x00000000ddf80000,0x00000000def7c750,0x00000000def80000)
  to   space 11776K, 0% used [0x00000000def80000,0x00000000def80000,0x00000000dfb00000)
 ParOldGen       total 86016K, used 30595K [0x0000000083a00000, 0x0000000088e00000, 0x00000000d6900000)
  object space 86016K, 35% used [0x0000000083a00000,0x00000000857e0f60,0x0000000088e00000)
 Metaspace       used 19173K, capacity 19644K, committed 19712K, reserved 1067008K
  class space    used 2152K, capacity 2294K, committed 2304K, reserved 1048576K
GC Heap History (10 events):
Event: 103.720 GC heap after
Heap after GC invocations=5 (full 1):
 PSYoungGen      total 37888K, used 5031K [0x00000000d6900000, 0x00000000d9300000, 0x0000000100000000)
  eden space 32768K, 0% used [0x00000000d6900000,0x00000000d6900000,0x00000000d8900000)
  from space 5120K, 98% used [0x00000000d8e00000,0x00000000d92e9e48,0x00000000d9300000)
  to   space 5120K, 0% used [0x00000000d8900000,0x00000000d8900000,0x00000000d8e00000)
 ParOldGen       total 86016K, used 6648K [0x0000000083a00000, 0x0000000088e00000, 0x00000000d6900000)
  object space 86016K, 7% used [0x0000000083a00000,0x000000008407e078,0x0000000088e00000)
 Metaspace       used 14193K, capacity 14652K, committed 14848K, reserved 1062912K
  class space    used 1615K, capacity 1749K, committed 1792K, reserved 1048576K
}
Event: 104.200 GC heap before
{Heap before GC invocations=6 (full 1):
 PSYoungGen      total 37888K, used 37799K [0x00000000d6900000, 0x00000000d9300000, 0x0000000100000000)
  eden space 32768K, 100% used [0x00000000d6900000,0x00000000d8900000,0x00000000d8900000)
  from space 5120K, 98% used [0x00000000d8e00000,0x00000000d92e9e48,0x00000000d9300000)
  to   space 5120K, 0% used [0x00000000d8900000,0x00000000d8900000,0x00000000d8e00000)
 ParOldGen       total 86016K, used 6648K [0x0000000083a00000, 0x0000000088e00000, 0x00000000d6900000)
  object space 86016K, 7% used [0x0000000083a00000,0x000000008407e078,0x0000000088e00000)
 Metaspace       used 14213K, capacity 14716K, committed 14848K, reserved 1062912K
  class space    used 1615K, capacity 1749K, committed 1792K, reserved 1048576K
Event: 104.209 GC heap after
Heap after GC invocations=6 (full 1):
 PSYoungGen      total 37888K, used 5107K [0x00000000d6900000, 0x00000000db300000, 0x0000000100000000)
  eden space 32768K, 0% used [0x00000000d6900000,0x00000000d6900000,0x00000000d8900000)
  from space 5120K, 99% used [0x00000000d8900000,0x00000000d8dfccc8,0x00000000d8e00000)
  to   space 5120K, 0% used [0x00000000dae00000,0x00000000dae00000,0x00000000db300000)
 ParOldGen       total 86016K, used 7020K [0x0000000083a00000, 0x0000000088e00000, 0x00000000d6900000)
  object space 86016K, 8% used [0x0000000083a00000,0x00000000840db218,0x0000000088e00000)
 Metaspace       used 14213K, capacity 14716K, committed 14848K, reserved 1062912K
  class space    used 1615K, capacity 1749K, committed 1792K, reserved 1048576K
}
Event: 106.711 GC heap before
{Heap before GC invocations=7 (full 1):
 PSYoungGen      total 37888K, used 37875K [0x00000000d6900000, 0x00000000db300000, 0x0000000100000000)
  eden space 32768K, 100% used [0x00000000d6900000,0x00000000d8900000,0x00000000d8900000)
  from space 5120K, 99% used [0x00000000d8900000,0x00000000d8dfccc8,0x00000000d8e00000)
  to   space 5120K, 0% used [0x00000000dae00000,0x00000000dae00000,0x00000000db300000)
 ParOldGen       total 86016K, used 7020K [0x0000000083a00000, 0x0000000088e00000, 0x00000000d6900000)
  object space 86016K, 8% used [0x0000000083a00000,0x00000000840db218,0x0000000088e00000)
 Metaspace       used 14754K, capacity 15204K, committed 15360K, reserved 1062912K
  class space    used 1659K, capacity 1784K, committed 1792K, reserved 1048576K
Event: 106.741 GC heap after
Heap after GC invocations=7 (full 1):
 PSYoungGen      total 68096K, used 5096K [0x00000000d6900000, 0x00000000db800000, 0x0000000100000000)
  eden space 62976K, 0% used [0x00000000d6900000,0x00000000d6900000,0x00000000da680000)
  from space 5120K, 99% used [0x00000000dae00000,0x00000000db2fa070,0x00000000db300000)
  to   space 7680K, 0% used [0x00000000da680000,0x00000000da680000,0x00000000dae00000)
 ParOldGen       total 86016K, used 8648K [0x0000000083a00000, 0x0000000088e00000, 0x00000000d6900000)
  object space 86016K, 10% used [0x0000000083a00000,0x0000000084272298,0x0000000088e00000)
 Metaspace       used 14754K, capacity 15204K, committed 15360K, reserved 1062912K
  class space    used 1659K, capacity 1784K, committed 1792K, reserved 1048576K
}
Event: 112.030 GC heap before
{Heap before GC invocations=8 (full 1):
 PSYoungGen      total 68096K, used 68072K [0x00000000d6900000, 0x00000000db800000, 0x0000000100000000)
  eden space 62976K, 100% used [0x00000000d6900000,0x00000000da680000,0x00000000da680000)
  from space 5120K, 99% used [0x00000000dae00000,0x00000000db2fa070,0x00000000db300000)
  to   space 7680K, 0% used [0x00000000da680000,0x00000000da680000,0x00000000dae00000)
 ParOldGen       total 86016K, used 8648K [0x0000000083a00000, 0x0000000088e00000, 0x00000000d6900000)
  object space 86016K, 10% used [0x0000000083a00000,0x0000000084272298,0x0000000088e00000)
 Metaspace       used 17206K, capacity 17726K, committed 17920K, reserved 1064960K
  class space    used 1904K, capacity 2029K, committed 2048K, reserved 1048576K
Event: 112.225 GC heap after
Heap after GC invocations=8 (full 1):
 PSYoungGen      total 70656K, used 7675K [0x00000000d6900000, 0x00000000dfb00000, 0x0000000100000000)
  eden space 62976K, 0% used [0x00000000d6900000,0x00000000d6900000,0x00000000da680000)
  from space 7680K, 99% used [0x00000000da680000,0x00000000dadfeef0,0x00000000dae00000)
  to   space 11776K, 0% used [0x00000000def80000,0x00000000def80000,0x00000000dfb00000)
 ParOldGen       total 86016K, used 15969K [0x0000000083a00000, 0x0000000088e00000, 0x00000000d6900000)
  object space 86016K, 18% used [0x0000000083a00000,0x0000000084998578,0x0000000088e00000)
 Metaspace       used 17206K, capacity 17726K, committed 17920K, reserved 1064960K
  class space    used 1904K, capacity 2029K, committed 2048K, reserved 1048576K
}
Event: 116.035 GC heap before
{Heap before GC invocations=9 (full 1):
 PSYoungGen      total 70656K, used 70651K [0x00000000d6900000, 0x00000000dfb00000, 0x0000000100000000)
  eden space 62976K, 100% used [0x00000000d6900000,0x00000000da680000,0x00000000da680000)
  from space 7680K, 99% used [0x00000000da680000,0x00000000dadfeef0,0x00000000dae00000)
  to   space 11776K, 0% used [0x00000000def80000,0x00000000def80000,0x00000000dfb00000)
 ParOldGen       total 86016K, used 15969K [0x0000000083a00000, 0x0000000088e00000, 0x00000000d6900000)
  object space 86016K, 18% used [0x0000000083a00000,0x0000000084998578,0x0000000088e00000)
 Metaspace       used 18555K, capacity 19042K, committed 19200K, reserved 1067008K
  class space    used 2076K, capacity 2227K, committed 2304K, reserved 1048576K
Event: 116.188 GC heap after
Heap after GC invocations=9 (full 1):
 PSYoungGen      total 133120K, used 11765K [0x00000000d6900000, 0x00000000e0400000, 0x0000000100000000)
  eden space 121344K, 0% used [0x00000000d6900000,0x00000000d6900000,0x00000000ddf80000)
  from space 11776K, 99% used [0x00000000def80000,0x00000000dfafd618,0x00000000dfb00000)
  to   space 16384K, 0% used [0x00000000ddf80000,0x00000000ddf80000,0x00000000def80000)
 ParOldGen       total 86016K, used 22849K [0x0000000083a00000, 0x0000000088e00000, 0x00000000d6900000)
  object space 86016K, 26% used [0x0000000083a00000,0x0000000085050480,0x0000000088e00000)
 Metaspace       used 18555K, capacity 19042K, committed 19200K, reserved 1067008K
  class space    used 2076K, capacity 2227K, committed 2304K, reserved 1048576K
}
Event: 147.777 GC heap before
{Heap before GC invocations=10 (full 1):
 PSYoungGen      total 133120K, used 133109K [0x00000000d6900000, 0x00000000e0400000, 0x0000000100000000)
  eden space 121344K, 100% used [0x00000000d6900000,0x00000000ddf80000,0x00000000ddf80000)
  from space 11776K, 99% used [0x00000000def80000,0x00000000dfafd618,0x00000000dfb00000)
  to   space 16384K, 0% used [0x00000000ddf80000,0x00000000ddf80000,0x00000000def80000)
 ParOldGen       total 86016K, used 22849K [0x0000000083a00000, 0x0000000088e00000, 0x00000000d6900000)
  object space 86016K, 26% used [0x0000000083a00000,0x0000000085050480,0x0000000088e00000)
 Metaspace       used 19173K, capacity 19644K, committed 19712K, reserved 1067008K
  class space    used 2152K, capacity 2294K, committed 2304K, reserved 1048576K

