# JRE version: Java(TM) SE Runtime Environment (8.0_181-b13) (build 1.8.0_181-b13)
# Java VM: Java HotSpot(TM) 64-Bit Server VM (25.181-b13 mixed mode linux-amd64 compressed oops)
Heap:
 PSYoungGen      total 37888K, used 2912K [0x00000000d6900000, 0x00000000d9300000, 0x0000000100000000)
  eden space 32768K, 0% used [0x00000000d6900000,0x00000000d6900000,0x00000000d8900000)
  from space 5120K, 56% used [0x00000000d8e00000,0x00000000d90d8020,0x00000000d9300000)
  to   space 5120K, 0% used [0x00000000d8900000,0x00000000d8900000,0x00000000d8e00000)
 ParOldGen       total 86016K, used 3919K [0x0000000083a00000, 0x0000000088e00000, 0x00000000d6900000)
  object space 86016K, 4% used [0x0000000083a00000,0x0000000083dd3e38,0x0000000088e00000)
 Metaspace       used 14119K, capacity 14622K, committed 14848K, reserved 1062912K
  class space    used 1604K, capacity 1756K, committed 1792K, reserved 1048576K
GC Heap History (9 events):
Event: 2.614 GC heap before
{Heap before GC invocations=1 (full 0):
 PSYoungGen      total 37888K, used 19681K [0x00000000d6900000, 0x00000000d9300000, 0x0000000100000000)
  eden space 32768K, 60% used [0x00000000d6900000,0x00000000d7c387c8,0x00000000d8900000)
  from space 5120K, 0% used [0x00000000d8e00000,0x00000000d8e00000,0x00000000d9300000)
  to   space 5120K, 0% used [0x00000000d8900000,0x00000000d8900000,0x00000000d8e00000)
 ParOldGen       total 86016K, used 0K [0x0000000083a00000, 0x0000000088e00000, 0x00000000d6900000)
  object space 86016K, 0% used [0x0000000083a00000,0x0000000083a00000,0x0000000088e00000)
 Metaspace       used 10089K, capacity 10270K, committed 10624K, reserved 1058816K
  class space    used 1219K, capacity 1312K, committed 1408K, reserved 1048576K
Event: 2.623 GC heap after
Heap after GC invocations=1 (full 0):
 PSYoungGen      total 37888K, used 3997K [0x00000000d6900000, 0x00000000d9300000, 0x0000000100000000)
  eden space 32768K, 0% used [0x00000000d6900000,0x00000000d6900000,0x00000000d8900000)
  from space 5120K, 78% used [0x00000000d8900000,0x00000000d8ce7718,0x00000000d8e00000)
  to   space 5120K, 0% used [0x00000000d8e00000,0x00000000d8e00000,0x00000000d9300000)
 ParOldGen       total 86016K, used 72K [0x0000000083a00000, 0x0000000088e00000, 0x00000000d6900000)
  object space 86016K, 0% used [0x0000000083a00000,0x0000000083a12010,0x0000000088e00000)
 Metaspace       used 10089K, capacity 10270K, committed 10624K, reserved 1058816K
  class space    used 1219K, capacity 1312K, committed 1408K, reserved 1048576K
}
Event: 2.623 GC heap before
{Heap before GC invocations=2 (full 1):
 PSYoungGen      total 37888K, used 3997K [0x00000000d6900000, 0x00000000d9300000, 0x0000000100000000)
  eden space 32768K, 0% used [0x00000000d6900000,0x00000000d6900000,0x00000000d8900000)
  from space 5120K, 78% used [0x00000000d8900000,0x00000000d8ce7718,0x00000000d8e00000)
  to   space 5120K, 0% used [0x00000000d8e00000,0x00000000d8e00000,0x00000000d9300000)
 ParOldGen       total 86016K, used 72K [0x0000000083a00000, 0x0000000088e00000, 0x00000000d6900000)
  object space 86016K, 0% used [0x0000000083a00000,0x0000000083a12010,0x0000000088e00000)
 Metaspace       used 10089K, capacity 10270K, committed 10624K, reserved 1058816K
  class space    used 1219K, capacity 1312K, committed 1408K, reserved 1048576K
Event: 2.686 GC heap after
Heap after GC invocations=2 (full 1):
 PSYoungGen      total 37888K, used 0K [0x00000000d6900000, 0x00000000d9300000, 0x0000000100000000)
  eden space 32768K, 0% used [0x00000000d6900000,0x00000000d6900000,0x00000000d8900000)
  from space 5120K, 0% used [0x00000000d8900000,0x00000000d8900000,0x00000000d8e00000)
  to   space 5120K, 0% used [0x00000000d8e00000,0x00000000d8e00000,0x00000000d9300000)
 ParOldGen       total 86016K, used 3903K [0x0000000083a00000, 0x0000000088e00000, 0x00000000d6900000)
  object space 86016K, 4% used [0x0000000083a00000,0x0000000083dcfe38,0x0000000088e00000)
 Metaspace       used 10081K, capacity 10260K, committed 10624K, reserved 1058816K
  class space    used 1218K, capacity 1310K, committed 1408K, reserved 1048576K
}
Event: 29.224 GC heap before
{Heap before GC invocations=3 (full 1):
 PSYoungGen      total 37888K, used 32768K [0x00000000d6900000, 0x00000000d9300000, 0x0000000100000000)
  eden space 32768K, 100% used [0x00000000d6900000,0x00000000d8900000,0x00000000d8900000)
  from space 5120K, 0% used [0x00000000d8900000,0x00000000d8900000,0x00000000d8e00000)
  to   space 5120K, 0% used [0x00000000d8e00000,0x00000000d8e00000,0x00000000d9300000)
 ParOldGen       total 86016K, used 3903K [0x0000000083a00000, 0x0000000088e00000, 0x00000000d6900000)
  object space 86016K, 4% used [0x0000000083a00000,0x0000000083dcfe38,0x0000000088e00000)
 Metaspace       used 13491K, capacity 13798K, committed 13952K, reserved 1060864K
  class space    used 1570K, capacity 1661K, committed 1664K, reserved 1048576K
Event: 29.234 GC heap after
Heap after GC invocations=3 (full 1):
 PSYoungGen      total 37888K, used 4190K [0x00000000d6900000, 0x00000000d9300000, 0x0000000100000000)
  eden space 32768K, 0% used [0x00000000d6900000,0x00000000d6900000,0x00000000d8900000)
  from space 5120K, 81% used [0x00000000d8e00000,0x00000000d9217890,0x00000000d9300000)
  to   space 5120K, 0% used [0x00000000d8900000,0x00000000d8900000,0x00000000d8e00000)
 ParOldGen       total 86016K, used 3903K [0x0000000083a00000, 0x0000000088e00000, 0x00000000d6900000)
  object space 86016K, 4% used [0x0000000083a00000,0x0000000083dcfe38,0x0000000088e00000)
 Metaspace       used 13491K, capacity 13798K, committed 13952K, reserved 1060864K
  class space    used 1570K, capacity 1661K, committed 1664K, reserved 1048576K
}
Event: 38.467 GC heap before
{Heap before GC invocations=4 (full 1):
 PSYoungGen      total 37888K, used 36958K [0x00000000d6900000, 0x00000000d9300000, 0x0000000100000000)
  eden space 32768K, 100% used [0x00000000d6900000,0x00000000d8900000,0x00000000d8900000)
  from space 5120K, 81% used [0x00000000d8e00000,0x00000000d9217890,0x00000000d9300000)
  to   space 5120K, 0% used [0x00000000d8900000,0x00000000d8900000,0x00000000d8e00000)
 ParOldGen       total 86016K, used 3903K [0x0000000083a00000, 0x0000000088e00000, 0x00000000d6900000)
  object space 86016K, 4% used [0x0000000083a00000,0x0000000083dcfe38,0x0000000088e00000)
 Metaspace       used 14083K, capacity 14512K, committed 14592K, reserved 1062912K
  class space    used 1603K, capacity 1723K, committed 1792K, reserved 1048576K
Event: 38.476 GC heap after
Heap after GC invocations=4 (full 1):
 PSYoungGen      total 37888K, used 3359K [0x00000000d6900000, 0x00000000d9300000, 0x0000000100000000)
  eden space 32768K, 0% used [0x00000000d6900000,0x00000000d6900000,0x00000000d8900000)
  from space 5120K, 65% used [0x00000000d8900000,0x00000000d8c47e68,0x00000000d8e00000)
  to   space 5120K, 0% used [0x00000000d8e00000,0x00000000d8e00000,0x00000000d9300000)
 ParOldGen       total 86016K, used 3911K [0x0000000083a00000, 0x0000000088e00000, 0x00000000d6900000)
  object space 86016K, 4% used [0x0000000083a00000,0x0000000083dd1e38,0x0000000088e00000)
 Metaspace       used 14083K, capacity 14512K, committed 14592K, reserved 1062912K
  class space    used 1603K, capacity 1723K, committed 1792K, reserved 1048576K
}
Event: 56.281 GC heap before
{Heap before GC invocations=5 (full 1):
 PSYoungGen      total 37888K, used 36127K [0x00000000d6900000, 0x00000000d9300000, 0x0000000100000000)
  eden space 32768K, 100% used [0x00000000d6900000,0x00000000d8900000,0x00000000d8900000)
  from space 5120K, 65% used [0x00000000d8900000,0x00000000d8c47e68,0x00000000d8e00000)
  to   space 5120K, 0% used [0x00000000d8e00000,0x00000000d8e00000,0x00000000d9300000)
 ParOldGen       total 86016K, used 3911K [0x0000000083a00000, 0x0000000088e00000, 0x00000000d6900000)
  object space 86016K, 4% used [0x0000000083a00000,0x0000000083dd1e38,0x0000000088e00000)
 Metaspace       used 14119K, capacity 14622K, committed 14848K, reserved 1062912K
  class space    used 1604K, capacity 1756K, committed 1792K, reserved 1048576K

