# JRE version: Java(TM) SE Runtime Environment (8.0_181-b13) (build 1.8.0_181-b13)
# Java VM: Java HotSpot(TM) 64-Bit Server VM (25.181-b13 mixed mode linux-amd64 compressed oops)
Heap:
 PSYoungGen      total 464384K, used 9024K [0x00000000d6900000, 0x00000000fc600000, 0x0000000100000000)
  eden space 441856K, 0% used [0x00000000d6900000,0x00000000d6900000,0x00000000f1880000)
  from space 22528K, 40% used [0x00000000fb000000,0x00000000fb8d0000,0x00000000fc600000)
  to   space 22016K, 0% used [0x00000000f1880000,0x00000000f1880000,0x00000000f2e00000)
 ParOldGen       total 101888K, used 40810K [0x0000000083a00000, 0x0000000089d80000, 0x00000000d6900000)
  object space 101888K, 40% used [0x0000000083a00000,0x00000000861da870,0x0000000089d80000)
 Metaspace       used 20635K, capacity 21150K, committed 21296K, reserved 1069056K
  class space    used 2219K, capacity 2381K, committed 2432K, reserved 1048576K
GC Heap History (10 events):
Event: 19.249 GC heap after
Heap after GC invocations=9 (full 1):
 PSYoungGen      total 246784K, used 8224K [0x00000000d6900000, 0x00000000e7000000, 0x0000000100000000)
  eden space 224256K, 0% used [0x00000000d6900000,0x00000000d6900000,0x00000000e4400000)
  from space 22528K, 36% used [0x00000000e5a00000,0x00000000e6208010,0x00000000e7000000)
  to   space 22528K, 0% used [0x00000000e4400000,0x00000000e4400000,0x00000000e5a00000)
 ParOldGen       total 86016K, used 56985K [0x0000000083a00000, 0x0000000088e00000, 0x00000000d6900000)
  object space 86016K, 66% used [0x0000000083a00000,0x00000000871a6448,0x0000000088e00000)
 Metaspace       used 18424K, capacity 18762K, committed 19072K, reserved 1067008K
  class space    used 2067K, capacity 2150K, committed 2176K, reserved 1048576K
}
Event: 27.717 GC heap before
{Heap before GC invocations=10 (full 1):
 PSYoungGen      total 246784K, used 232480K [0x00000000d6900000, 0x00000000e7000000, 0x0000000100000000)
  eden space 224256K, 100% used [0x00000000d6900000,0x00000000e4400000,0x00000000e4400000)
  from space 22528K, 36% used [0x00000000e5a00000,0x00000000e6208010,0x00000000e7000000)
  to   space 22528K, 0% used [0x00000000e4400000,0x00000000e4400000,0x00000000e5a00000)
 ParOldGen       total 86016K, used 56985K [0x0000000083a00000, 0x0000000088e00000, 0x00000000d6900000)
  object space 86016K, 66% used [0x0000000083a00000,0x00000000871a6448,0x0000000088e00000)
 Metaspace       used 19598K, capacity 20102K, committed 20352K, reserved 1067008K
  class space    used 2169K, capacity 2325K, committed 2432K, reserved 1048576K
Event: 27.976 GC heap after
Heap after GC invocations=10 (full 1):
 PSYoungGen      total 246784K, used 13180K [0x00000000d6900000, 0x00000000f4a00000, 0x0000000100000000)
  eden space 224256K, 0% used [0x00000000d6900000,0x00000000d6900000,0x00000000e4400000)
  from space 22528K, 58% used [0x00000000e4400000,0x00000000e50df040,0x00000000e5a00000)
  to   space 22016K, 0% used [0x00000000f3480000,0x00000000f3480000,0x00000000f4a00000)
 ParOldGen       total 86016K, used 58073K [0x0000000083a00000, 0x0000000088e00000, 0x00000000d6900000)
  object space 86016K, 67% used [0x0000000083a00000,0x00000000872b6448,0x0000000088e00000)
 Metaspace       used 19598K, capacity 20102K, committed 20352K, reserved 1067008K
  class space    used 2169K, capacity 2325K, committed 2432K, reserved 1048576K
}
Event: 33.691 GC heap before
{Heap before GC invocations=11 (full 1):
 PSYoungGen      total 246784K, used 237436K [0x00000000d6900000, 0x00000000f4a00000, 0x0000000100000000)
  eden space 224256K, 100% used [0x00000000d6900000,0x00000000e4400000,0x00000000e4400000)
  from space 22528K, 58% used [0x00000000e4400000,0x00000000e50df040,0x00000000e5a00000)
  to   space 22016K, 0% used [0x00000000f3480000,0x00000000f3480000,0x00000000f4a00000)
 ParOldGen       total 86016K, used 58073K [0x0000000083a00000, 0x0000000088e00000, 0x00000000d6900000)
  object space 86016K, 67% used [0x0000000083a00000,0x00000000872b6448,0x0000000088e00000)
 Metaspace       used 20091K, capacity 20642K, committed 20864K, reserved 1067008K
  class space    used 2187K, capacity 2367K, committed 2432K, reserved 1048576K
Event: 34.016 GC heap after
Heap after GC invocations=11 (full 1):
 PSYoungGen      total 374272K, used 15337K [0x00000000d6900000, 0x00000000f4380000, 0x0000000100000000)
  eden space 358912K, 0% used [0x00000000d6900000,0x00000000d6900000,0x00000000ec780000)
  from space 15360K, 99% used [0x00000000f3480000,0x00000000f437a748,0x00000000f4380000)
  to   space 22016K, 0% used [0x00000000f1880000,0x00000000f1880000,0x00000000f2e00000)
 ParOldGen       total 86016K, used 63653K [0x0000000083a00000, 0x0000000088e00000, 0x00000000d6900000)
  object space 86016K, 74% used [0x0000000083a00000,0x0000000087829498,0x0000000088e00000)
 Metaspace       used 20091K, capacity 20642K, committed 20864K, reserved 1067008K
  class space    used 2187K, capacity 2367K, committed 2432K, reserved 1048576K
}
Event: 41.925 GC heap before
{Heap before GC invocations=12 (full 1):
 PSYoungGen      total 374272K, used 374249K [0x00000000d6900000, 0x00000000f4380000, 0x0000000100000000)
  eden space 358912K, 100% used [0x00000000d6900000,0x00000000ec780000,0x00000000ec780000)
  from space 15360K, 99% used [0x00000000f3480000,0x00000000f437a748,0x00000000f4380000)
  to   space 22016K, 0% used [0x00000000f1880000,0x00000000f1880000,0x00000000f2e00000)
 ParOldGen       total 86016K, used 63653K [0x0000000083a00000, 0x0000000088e00000, 0x00000000d6900000)
  object space 86016K, 74% used [0x0000000083a00000,0x0000000087829498,0x0000000088e00000)
 Metaspace       used 20547K, capacity 21132K, committed 21296K, reserved 1069056K
  class space    used 2218K, capacity 2378K, committed 2432K, reserved 1048576K
Event: 42.111 GC heap after
Heap after GC invocations=12 (full 1):
 PSYoungGen      total 463872K, used 16721K [0x00000000d6900000, 0x00000000fc600000, 0x0000000100000000)
  eden space 441856K, 0% used [0x00000000d6900000,0x00000000d6900000,0x00000000f1880000)
  from space 22016K, 75% used [0x00000000f1880000,0x00000000f28d4448,0x00000000f2e00000)
  to   space 22528K, 0% used [0x00000000fb000000,0x00000000fb000000,0x00000000fc600000)
 ParOldGen       total 86016K, used 70721K [0x0000000083a00000, 0x0000000088e00000, 0x00000000d6900000)
  object space 86016K, 82% used [0x0000000083a00000,0x0000000087f104c8,0x0000000088e00000)
 Metaspace       used 20547K, capacity 21132K, committed 21296K, reserved 1069056K
  class space    used 2218K, capacity 2378K, committed 2432K, reserved 1048576K
}
Event: 42.111 GC heap before
{Heap before GC invocations=13 (full 2):
 PSYoungGen      total 463872K, used 16721K [0x00000000d6900000, 0x00000000fc600000, 0x0000000100000000)
  eden space 441856K, 0% used [0x00000000d6900000,0x00000000d6900000,0x00000000f1880000)
  from space 22016K, 75% used [0x00000000f1880000,0x00000000f28d4448,0x00000000f2e00000)
  to   space 22528K, 0% used [0x00000000fb000000,0x00000000fb000000,0x00000000fc600000)
 ParOldGen       total 86016K, used 70721K [0x0000000083a00000, 0x0000000088e00000, 0x00000000d6900000)
  object space 86016K, 82% used [0x0000000083a00000,0x0000000087f104c8,0x0000000088e00000)
 Metaspace       used 20547K, capacity 21132K, committed 21296K, reserved 1069056K
  class space    used 2218K, capacity 2378K, committed 2432K, reserved 1048576K
Event: 43.426 GC heap after
Heap after GC invocations=13 (full 2):
 PSYoungGen      total 463872K, used 0K [0x00000000d6900000, 0x00000000fc600000, 0x0000000100000000)
  eden space 441856K, 0% used [0x00000000d6900000,0x00000000d6900000,0x00000000f1880000)
  from space 22016K, 0% used [0x00000000f1880000,0x00000000f1880000,0x00000000f2e00000)
  to   space 22528K, 0% used [0x00000000fb000000,0x00000000fb000000,0x00000000fc600000)
 ParOldGen       total 101888K, used 40802K [0x0000000083a00000, 0x0000000089d80000, 0x00000000d6900000)
  object space 101888K, 40% used [0x0000000083a00000,0x00000000861d8870,0x0000000089d80000)
 Metaspace       used 20547K, capacity 21132K, committed 21296K, reserved 1069056K
  class space    used 2218K, capacity 2378K, committed 2432K, reserved 1048576K
}
Event: 52.076 GC heap before
{Heap before GC invocations=14 (full 2):
 PSYoungGen      total 463872K, used 441856K [0x00000000d6900000, 0x00000000fc600000, 0x0000000100000000)
  eden space 441856K, 100% used [0x00000000d6900000,0x00000000f1880000,0x00000000f1880000)
  from space 22016K, 0% used [0x00000000f1880000,0x00000000f1880000,0x00000000f2e00000)
  to   space 22528K, 0% used [0x00000000fb000000,0x00000000fb000000,0x00000000fc600000)
 ParOldGen       total 101888K, used 40802K [0x0000000083a00000, 0x0000000089d80000, 0x00000000d6900000)
  object space 101888K, 40% used [0x0000000083a00000,0x00000000861d8870,0x0000000089d80000)
 Metaspace       used 20635K, capacity 21150K, committed 21296K, reserved 1069056K
  class space    used 2219K, capacity 2381K, committed 2432K, reserved 1048576K

