# JRE version: Java(TM) SE Runtime Environment (8.0_181-b13) (build 1.8.0_181-b13)
# Java VM: Java HotSpot(TM) 64-Bit Server VM (25.181-b13 mixed mode linux-amd64 compressed oops)
Heap:
 PSYoungGen      total 37888K, used 36546K [0x00000000d6900000, 0x00000000d9300000, 0x0000000100000000)
  eden space 32768K, 96% used [0x00000000d6900000,0x00000000d87f16d0,0x00000000d8900000)
  from space 5120K, 94% used [0x00000000d8900000,0x00000000d8dbf468,0x00000000d8e00000)
  to   space 5120K, 0% used [0x00000000d8e00000,0x00000000d8e00000,0x00000000d9300000)
 ParOldGen       total 86016K, used 4080K [0x0000000083a00000, 0x0000000088e00000, 0x00000000d6900000)
  object space 86016K, 4% used [0x0000000083a00000,0x0000000083dfc1e0,0x0000000088e00000)
 Metaspace       used 15977K, capacity 16389K, committed 16512K, reserved 1064960K
  class space    used 1808K, capacity 1920K, committed 1920K, reserved 1048576K
GC Heap History (10 events):
Event: 2.808 GC heap before
{Heap before GC invocations=2 (full 1):
 PSYoungGen      total 37888K, used 4222K [0x00000000d6900000, 0x00000000d9300000, 0x0000000100000000)
  eden space 32768K, 0% used [0x00000000d6900000,0x00000000d6900000,0x00000000d8900000)
  from space 5120K, 82% used [0x00000000d8900000,0x00000000d8d1f898,0x00000000d8e00000)
  to   space 5120K, 0% used [0x00000000d8e00000,0x00000000d8e00000,0x00000000d9300000)
 ParOldGen       total 86016K, used 0K [0x0000000083a00000, 0x0000000088e00000, 0x00000000d6900000)
  object space 86016K, 0% used [0x0000000083a00000,0x0000000083a00000,0x0000000088e00000)
 Metaspace       used 10232K, capacity 10396K, committed 10624K, reserved 1058816K
  class space    used 1238K, capacity 1319K, committed 1408K, reserved 1048576K
Event: 2.958 GC heap after
Heap after GC invocations=2 (full 1):
 PSYoungGen      total 37888K, used 0K [0x00000000d6900000, 0x00000000d9300000, 0x0000000100000000)
  eden space 32768K, 0% used [0x00000000d6900000,0x00000000d6900000,0x00000000d8900000)
  from space 5120K, 0% used [0x00000000d8900000,0x00000000d8900000,0x00000000d8e00000)
  to   space 5120K, 0% used [0x00000000d8e00000,0x00000000d8e00000,0x00000000d9300000)
 ParOldGen       total 86016K, used 4064K [0x0000000083a00000, 0x0000000088e00000, 0x00000000d6900000)
  object space 86016K, 4% used [0x0000000083a00000,0x0000000083df81e0,0x0000000088e00000)
 Metaspace       used 10224K, capacity 10386K, committed 10624K, reserved 1058816K
  class space    used 1237K, capacity 1317K, committed 1408K, reserved 1048576K
}
Event: 101.386 GC heap before
{Heap before GC invocations=3 (full 1):
 PSYoungGen      total 37888K, used 32768K [0x00000000d6900000, 0x00000000d9300000, 0x0000000100000000)
  eden space 32768K, 100% used [0x00000000d6900000,0x00000000d8900000,0x00000000d8900000)
  from space 5120K, 0% used [0x00000000d8900000,0x00000000d8900000,0x00000000d8e00000)
  to   space 5120K, 0% used [0x00000000d8e00000,0x00000000d8e00000,0x00000000d9300000)
 ParOldGen       total 86016K, used 4064K [0x0000000083a00000, 0x0000000088e00000, 0x00000000d6900000)
  object space 86016K, 4% used [0x0000000083a00000,0x0000000083df81e0,0x0000000088e00000)
 Metaspace       used 13763K, capacity 14160K, committed 14336K, reserved 1062912K
  class space    used 1594K, capacity 1703K, committed 1792K, reserved 1048576K
Event: 101.394 GC heap after
Heap after GC invocations=3 (full 1):
 PSYoungGen      total 37888K, used 4919K [0x00000000d6900000, 0x00000000d9300000, 0x0000000100000000)
  eden space 32768K, 0% used [0x00000000d6900000,0x00000000d6900000,0x00000000d8900000)
  from space 5120K, 96% used [0x00000000d8e00000,0x00000000d92cde08,0x00000000d9300000)
  to   space 5120K, 0% used [0x00000000d8900000,0x00000000d8900000,0x00000000d8e00000)
 ParOldGen       total 86016K, used 4064K [0x0000000083a00000, 0x0000000088e00000, 0x00000000d6900000)
  object space 86016K, 4% used [0x0000000083a00000,0x0000000083df81e0,0x0000000088e00000)
 Metaspace       used 13763K, capacity 14160K, committed 14336K, reserved 1062912K
  class space    used 1594K, capacity 1703K, committed 1792K, reserved 1048576K
}
Event: 102.480 GC heap before
{Heap before GC invocations=4 (full 1):
 PSYoungGen      total 37888K, used 37687K [0x00000000d6900000, 0x00000000d9300000, 0x0000000100000000)
  eden space 32768K, 100% used [0x00000000d6900000,0x00000000d8900000,0x00000000d8900000)
  from space 5120K, 96% used [0x00000000d8e00000,0x00000000d92cde08,0x00000000d9300000)
  to   space 5120K, 0% used [0x00000000d8900000,0x00000000d8900000,0x00000000d8e00000)
 ParOldGen       total 86016K, used 4064K [0x0000000083a00000, 0x0000000088e00000, 0x00000000d6900000)
  object space 86016K, 4% used [0x0000000083a00000,0x0000000083df81e0,0x0000000088e00000)
 Metaspace       used 13869K, capacity 14288K, committed 14592K, reserved 1062912K
  class space    used 1594K, capacity 1703K, committed 1792K, reserved 1048576K
Event: 102.486 GC heap after
Heap after GC invocations=4 (full 1):
 PSYoungGen      total 37888K, used 4137K [0x00000000d6900000, 0x00000000d9300000, 0x0000000100000000)
  eden space 32768K, 0% used [0x00000000d6900000,0x00000000d6900000,0x00000000d8900000)
  from space 5120K, 80% used [0x00000000d8900000,0x00000000d8d0a608,0x00000000d8e00000)
  to   space 5120K, 0% used [0x00000000d8e00000,0x00000000d8e00000,0x00000000d9300000)
 ParOldGen       total 86016K, used 4072K [0x0000000083a00000, 0x0000000088e00000, 0x00000000d6900000)
  object space 86016K, 4% used [0x0000000083a00000,0x0000000083dfa1e0,0x0000000088e00000)
 Metaspace       used 13869K, capacity 14288K, committed 14592K, reserved 1062912K
  class space    used 1594K, capacity 1703K, committed 1792K, reserved 1048576K
}
Event: 103.230 GC heap before
{Heap before GC invocations=5 (full 1):
 PSYoungGen      total 37888K, used 36905K [0x00000000d6900000, 0x00000000d9300000, 0x0000000100000000)
  eden space 32768K, 100% used [0x00000000d6900000,0x00000000d8900000,0x00000000d8900000)
  from space 5120K, 80% used [0x00000000d8900000,0x00000000d8d0a608,0x00000000d8e00000)
  to   space 5120K, 0% used [0x00000000d8e00000,0x00000000d8e00000,0x00000000d9300000)
 ParOldGen       total 86016K, used 4072K [0x0000000083a00000, 0x0000000088e00000, 0x00000000d6900000)
  object space 86016K, 4% used [0x0000000083a00000,0x0000000083dfa1e0,0x0000000088e00000)
 Metaspace       used 13897K, capacity 14288K, committed 14592K, reserved 1062912K
  class space    used 1594K, capacity 1703K, committed 1792K, reserved 1048576K
Event: 103.237 GC heap after
Heap after GC invocations=5 (full 1):
 PSYoungGen      total 37888K, used 4233K [0x00000000d6900000, 0x00000000d9300000, 0x0000000100000000)
  eden space 32768K, 0% used [0x00000000d6900000,0x00000000d6900000,0x00000000d8900000)
  from space 5120K, 82% used [0x00000000d8e00000,0x00000000d9222608,0x00000000d9300000)
  to   space 5120K, 0% used [0x00000000d8900000,0x00000000d8900000,0x00000000d8e00000)
 ParOldGen       total 86016K, used 4072K [0x0000000083a00000, 0x0000000088e00000, 0x00000000d6900000)
  object space 86016K, 4% used [0x0000000083a00000,0x0000000083dfa1e0,0x0000000088e00000)
 Metaspace       used 13897K, capacity 14288K, committed 14592K, reserved 1062912K
  class space    used 1594K, capacity 1703K, committed 1792K, reserved 1048576K
}
Event: 104.503 GC heap before
{Heap before GC invocations=6 (full 1):
 PSYoungGen      total 37888K, used 37001K [0x00000000d6900000, 0x00000000d9300000, 0x0000000100000000)
  eden space 32768K, 100% used [0x00000000d6900000,0x00000000d8900000,0x00000000d8900000)
  from space 5120K, 82% used [0x00000000d8e00000,0x00000000d9222608,0x00000000d9300000)
  to   space 5120K, 0% used [0x00000000d8900000,0x00000000d8900000,0x00000000d8e00000)
 ParOldGen       total 86016K, used 4072K [0x0000000083a00000, 0x0000000088e00000, 0x00000000d6900000)
  object space 86016K, 4% used [0x0000000083a00000,0x0000000083dfa1e0,0x0000000088e00000)
 Metaspace       used 14354K, capacity 14848K, committed 15104K, reserved 1062912K
  class space    used 1626K, capacity 1780K, committed 1792K, reserved 1048576K
Event: 104.511 GC heap after
Heap after GC invocations=6 (full 1):
 PSYoungGen      total 37888K, used 4861K [0x00000000d6900000, 0x00000000d9300000, 0x0000000100000000)
  eden space 32768K, 0% used [0x00000000d6900000,0x00000000d6900000,0x00000000d8900000)
  from space 5120K, 94% used [0x00000000d8900000,0x00000000d8dbf468,0x00000000d8e00000)
  to   space 5120K, 0% used [0x00000000d8e00000,0x00000000d8e00000,0x00000000d9300000)
 ParOldGen       total 86016K, used 4080K [0x0000000083a00000, 0x0000000088e00000, 0x00000000d6900000)
  object space 86016K, 4% used [0x0000000083a00000,0x0000000083dfc1e0,0x0000000088e00000)
 Metaspace       used 14354K, capacity 14848K, committed 15104K, reserved 1062912K
  class space    used 1626K, capacity 1780K, committed 1792K, reserved 1048576K
}

