# JRE version: Java(TM) SE Runtime Environment (8.0_181-b13) (build 1.8.0_181-b13)
# Java VM: Java HotSpot(TM) 64-Bit Server VM (25.181-b13 mixed mode linux-amd64 compressed oops)
Heap:
 PSYoungGen      total 209408K, used 17394K [0x00000000d6900000, 0x00000000e6800000, 0x0000000100000000)
  eden space 192000K, 0% used [0x00000000d6900000,0x00000000d6900000,0x00000000e2480000)
  from space 17408K, 99% used [0x00000000e4600000,0x00000000e56fca30,0x00000000e5700000)
  to   space 10752K, 0% used [0x00000000e5d80000,0x00000000e5d80000,0x00000000e6800000)
 ParOldGen       total 86016K, used 84793K [0x0000000083a00000, 0x0000000088e00000, 0x00000000d6900000)
  object space 86016K, 98% used [0x0000000083a00000,0x0000000088cce790,0x0000000088e00000)
 Metaspace       used 17086K, capacity 17610K, committed 17664K, reserved 1064960K
  class space    used 1888K, capacity 2043K, committed 2048K, reserved 1048576K
GC Heap History (10 events):
Event: 114.815 GC heap after
Heap after GC invocations=7 (full 1):
 PSYoungGen      total 65024K, used 5102K [0x00000000d6900000, 0x00000000dbe00000, 0x0000000100000000)
  eden space 59904K, 0% used [0x00000000d6900000,0x00000000d6900000,0x00000000da380000)
  from space 5120K, 99% used [0x00000000dae00000,0x00000000db2fbae0,0x00000000db300000)
  to   space 10752K, 0% used [0x00000000da380000,0x00000000da380000,0x00000000dae00000)
 ParOldGen       total 86016K, used 14411K [0x0000000083a00000, 0x0000000088e00000, 0x00000000d6900000)
  object space 86016K, 16% used [0x0000000083a00000,0x0000000084812f98,0x0000000088e00000)
 Metaspace       used 14514K, capacity 14988K, committed 15104K, reserved 1062912K
  class space    used 1643K, capacity 1782K, committed 1792K, reserved 1048576K
}
Event: 115.308 GC heap before
{Heap before GC invocations=8 (full 1):
 PSYoungGen      total 65024K, used 65006K [0x00000000d6900000, 0x00000000dbe00000, 0x0000000100000000)
  eden space 59904K, 100% used [0x00000000d6900000,0x00000000da380000,0x00000000da380000)
  from space 5120K, 99% used [0x00000000dae00000,0x00000000db2fbae0,0x00000000db300000)
  to   space 10752K, 0% used [0x00000000da380000,0x00000000da380000,0x00000000dae00000)
 ParOldGen       total 86016K, used 14411K [0x0000000083a00000, 0x0000000088e00000, 0x00000000d6900000)
  object space 86016K, 16% used [0x0000000083a00000,0x0000000084812f98,0x0000000088e00000)
 Metaspace       used 14539K, capacity 14988K, committed 15104K, reserved 1062912K
  class space    used 1643K, capacity 1782K, committed 1792K, reserved 1048576K
Event: 115.343 GC heap after
Heap after GC invocations=8 (full 1):
 PSYoungGen      total 70656K, used 6046K [0x00000000d6900000, 0x00000000df200000, 0x0000000100000000)
  eden space 59904K, 0% used [0x00000000d6900000,0x00000000d6900000,0x00000000da380000)
  from space 10752K, 56% used [0x00000000da380000,0x00000000da967ad0,0x00000000dae00000)
  to   space 10240K, 0% used [0x00000000de800000,0x00000000de800000,0x00000000df200000)
 ParOldGen       total 86016K, used 14419K [0x0000000083a00000, 0x0000000088e00000, 0x00000000d6900000)
  object space 86016K, 16% used [0x0000000083a00000,0x0000000084814f98,0x0000000088e00000)
 Metaspace       used 14539K, capacity 14988K, committed 15104K, reserved 1062912K
  class space    used 1643K, capacity 1782K, committed 1792K, reserved 1048576K
}
Event: 115.822 GC heap before
{Heap before GC invocations=9 (full 1):
 PSYoungGen      total 70656K, used 65950K [0x00000000d6900000, 0x00000000df200000, 0x0000000100000000)
  eden space 59904K, 100% used [0x00000000d6900000,0x00000000da380000,0x00000000da380000)
  from space 10752K, 56% used [0x00000000da380000,0x00000000da967ad0,0x00000000dae00000)
  to   space 10240K, 0% used [0x00000000de800000,0x00000000de800000,0x00000000df200000)
 ParOldGen       total 86016K, used 14419K [0x0000000083a00000, 0x0000000088e00000, 0x00000000d6900000)
  object space 86016K, 16% used [0x0000000083a00000,0x0000000084814f98,0x0000000088e00000)
 Metaspace       used 14594K, capacity 15116K, committed 15360K, reserved 1062912K
  class space    used 1643K, capacity 1782K, committed 1792K, reserved 1048576K
Event: 115.855 GC heap after
Heap after GC invocations=9 (full 1):
 PSYoungGen      total 130048K, used 5006K [0x00000000d6900000, 0x00000000df200000, 0x0000000100000000)
  eden space 119808K, 0% used [0x00000000d6900000,0x00000000d6900000,0x00000000dde00000)
  from space 10240K, 48% used [0x00000000de800000,0x00000000dece3b30,0x00000000df200000)
  to   space 10240K, 0% used [0x00000000dde00000,0x00000000dde00000,0x00000000de800000)
 ParOldGen       total 86016K, used 17668K [0x0000000083a00000, 0x0000000088e00000, 0x00000000d6900000)
  object space 86016K, 20% used [0x0000000083a00000,0x0000000084b410b8,0x0000000088e00000)
 Metaspace       used 14594K, capacity 15116K, committed 15360K, reserved 1062912K
  class space    used 1643K, capacity 1782K, committed 1792K, reserved 1048576K
}
Event: 116.848 GC heap before
{Heap before GC invocations=10 (full 1):
 PSYoungGen      total 130048K, used 124814K [0x00000000d6900000, 0x00000000df200000, 0x0000000100000000)
  eden space 119808K, 100% used [0x00000000d6900000,0x00000000dde00000,0x00000000dde00000)
  from space 10240K, 48% used [0x00000000de800000,0x00000000dece3b30,0x00000000df200000)
  to   space 10240K, 0% used [0x00000000dde00000,0x00000000dde00000,0x00000000de800000)
 ParOldGen       total 86016K, used 17668K [0x0000000083a00000, 0x0000000088e00000, 0x00000000d6900000)
  object space 86016K, 20% used [0x0000000083a00000,0x0000000084b410b8,0x0000000088e00000)
 Metaspace       used 14637K, capacity 15122K, committed 15360K, reserved 1062912K
  class space    used 1643K, capacity 1783K, committed 1792K, reserved 1048576K
Event: 116.912 GC heap after
Heap after GC invocations=10 (full 1):
 PSYoungGen      total 130048K, used 8184K [0x00000000d6900000, 0x00000000e6800000, 0x0000000100000000)
  eden space 119808K, 0% used [0x00000000d6900000,0x00000000d6900000,0x00000000dde00000)
  from space 10240K, 79% used [0x00000000dde00000,0x00000000de5fe248,0x00000000de800000)
  to   space 10752K, 0% used [0x00000000e5d80000,0x00000000e5d80000,0x00000000e6800000)
 ParOldGen       total 86016K, used 19262K [0x0000000083a00000, 0x0000000088e00000, 0x00000000d6900000)
  object space 86016K, 22% used [0x0000000083a00000,0x0000000084ccfb98,0x0000000088e00000)
 Metaspace       used 14637K, capacity 15122K, committed 15360K, reserved 1062912K
  class space    used 1643K, capacity 1783K, committed 1792K, reserved 1048576K
}
Event: 119.668 GC heap before
{Heap before GC invocations=11 (full 1):
 PSYoungGen      total 130048K, used 127992K [0x00000000d6900000, 0x00000000e6800000, 0x0000000100000000)
  eden space 119808K, 100% used [0x00000000d6900000,0x00000000dde00000,0x00000000dde00000)
  from space 10240K, 79% used [0x00000000dde00000,0x00000000de5fe248,0x00000000de800000)
  to   space 10752K, 0% used [0x00000000e5d80000,0x00000000e5d80000,0x00000000e6800000)
 ParOldGen       total 86016K, used 19262K [0x0000000083a00000, 0x0000000088e00000, 0x00000000d6900000)
  object space 86016K, 22% used [0x0000000083a00000,0x0000000084ccfb98,0x0000000088e00000)
 Metaspace       used 16114K, capacity 16594K, committed 16896K, reserved 1064960K
  class space    used 1769K, capacity 1933K, committed 2048K, reserved 1048576K
Event: 119.927 GC heap after
Heap after GC invocations=11 (full 1):
 PSYoungGen      total 202752K, used 10735K [0x00000000d6900000, 0x00000000e6800000, 0x0000000100000000)
  eden space 192000K, 0% used [0x00000000d6900000,0x00000000d6900000,0x00000000e2480000)
  from space 10752K, 99% used [0x00000000e5d80000,0x00000000e67fbc10,0x00000000e6800000)
  to   space 17408K, 0% used [0x00000000e4600000,0x00000000e4600000,0x00000000e5700000)
 ParOldGen       total 86016K, used 34555K [0x0000000083a00000, 0x0000000088e00000, 0x00000000d6900000)
  object space 86016K, 40% used [0x0000000083a00000,0x0000000085bbeed0,0x0000000088e00000)
 Metaspace       used 16114K, capacity 16594K, committed 16896K, reserved 1064960K
  class space    used 1769K, capacity 1933K, committed 2048K, reserved 1048576K
}
Event: 131.618 GC heap before
{Heap before GC invocations=12 (full 1):
 PSYoungGen      total 202752K, used 200013K [0x00000000d6900000, 0x00000000e6800000, 0x0000000100000000)
  eden space 192000K, 98% used [0x00000000d6900000,0x00000000e21d7820,0x00000000e2480000)
  from space 10752K, 99% used [0x00000000e5d80000,0x00000000e67fbc10,0x00000000e6800000)
  to   space 17408K, 0% used [0x00000000e4600000,0x00000000e4600000,0x00000000e5700000)
 ParOldGen       total 86016K, used 34555K [0x0000000083a00000, 0x0000000088e00000, 0x00000000d6900000)
  object space 86016K, 40% used [0x0000000083a00000,0x0000000085bbeed0,0x0000000088e00000)
 Metaspace       used 17086K, capacity 17610K, committed 17664K, reserved 1064960K
  class space    used 1888K, capacity 2043K, committed 2048K, reserved 1048576K

