# JRE version: Java(TM) SE Runtime Environment (8.0_181-b13) (build 1.8.0_181-b13)
# Java VM: Java HotSpot(TM) 64-Bit Server VM (25.181-b13 mixed mode linux-amd64 compressed oops)
Heap:
 PSYoungGen      total 70656K, used 7676K [0x00000000d6900000, 0x00000000db800000, 0x0000000100000000)
  eden space 62976K, 0% used [0x00000000d6900000,0x00000000d6900000,0x00000000da680000)
  from space 7680K, 99% used [0x00000000da680000,0x00000000dadff110,0x00000000dae00000)
  to   space 5120K, 0% used [0x00000000dae00000,0x00000000dae00000,0x00000000db300000)
 ParOldGen       total 86016K, used 8074K [0x0000000083a00000, 0x0000000088e00000, 0x00000000d6900000)
  object space 86016K, 9% used [0x0000000083a00000,0x00000000841e2bb8,0x0000000088e00000)
 Metaspace       used 13676K, capacity 14066K, committed 14336K, reserved 1062912K
  class space    used 1570K, capacity 1663K, committed 1792K, reserved 1048576K
GC Heap History (10 events):
Event: 35.536 GC heap after
Heap after GC invocations=3 (full 1):
 PSYoungGen      total 37888K, used 5113K [0x00000000d6900000, 0x00000000d9300000, 0x0000000100000000)
  eden space 32768K, 0% used [0x00000000d6900000,0x00000000d6900000,0x00000000d8900000)
  from space 5120K, 99% used [0x00000000d8e00000,0x00000000d92fe6b8,0x00000000d9300000)
  to   space 5120K, 0% used [0x00000000d8900000,0x00000000d8900000,0x00000000d8e00000)
 ParOldGen       total 86016K, used 4690K [0x0000000083a00000, 0x0000000088e00000, 0x00000000d6900000)
  object space 86016K, 5% used [0x0000000083a00000,0x0000000083e94b70,0x0000000088e00000)
 Metaspace       used 13479K, capacity 13804K, committed 13952K, reserved 1060864K
  class space    used 1569K, capacity 1662K, committed 1664K, reserved 1048576K
}
Event: 36.158 GC heap before
{Heap before GC invocations=4 (full 1):
 PSYoungGen      total 37888K, used 37881K [0x00000000d6900000, 0x00000000d9300000, 0x0000000100000000)
  eden space 32768K, 100% used [0x00000000d6900000,0x00000000d8900000,0x00000000d8900000)
  from space 5120K, 99% used [0x00000000d8e00000,0x00000000d92fe6b8,0x00000000d9300000)
  to   space 5120K, 0% used [0x00000000d8900000,0x00000000d8900000,0x00000000d8e00000)
 ParOldGen       total 86016K, used 4690K [0x0000000083a00000, 0x0000000088e00000, 0x00000000d6900000)
  object space 86016K, 5% used [0x0000000083a00000,0x0000000083e94b70,0x0000000088e00000)
 Metaspace       used 13542K, capacity 13874K, committed 14080K, reserved 1060864K
  class space    used 1570K, capacity 1663K, committed 1792K, reserved 1048576K
Event: 36.162 GC heap after
Heap after GC invocations=4 (full 1):
 PSYoungGen      total 37888K, used 4542K [0x00000000d6900000, 0x00000000d9300000, 0x0000000100000000)
  eden space 32768K, 0% used [0x00000000d6900000,0x00000000d6900000,0x00000000d8900000)
  from space 5120K, 88% used [0x00000000d8900000,0x00000000d8d6fa70,0x00000000d8e00000)
  to   space 5120K, 0% used [0x00000000d8e00000,0x00000000d8e00000,0x00000000d9300000)
 ParOldGen       total 86016K, used 4690K [0x0000000083a00000, 0x0000000088e00000, 0x00000000d6900000)
  object space 86016K, 5% used [0x0000000083a00000,0x0000000083e94b70,0x0000000088e00000)
 Metaspace       used 13542K, capacity 13874K, committed 14080K, reserved 1060864K
  class space    used 1570K, capacity 1663K, committed 1792K, reserved 1048576K
}
Event: 36.747 GC heap before
{Heap before GC invocations=5 (full 1):
 PSYoungGen      total 37888K, used 37310K [0x00000000d6900000, 0x00000000d9300000, 0x0000000100000000)
  eden space 32768K, 100% used [0x00000000d6900000,0x00000000d8900000,0x00000000d8900000)
  from space 5120K, 88% used [0x00000000d8900000,0x00000000d8d6fa70,0x00000000d8e00000)
  to   space 5120K, 0% used [0x00000000d8e00000,0x00000000d8e00000,0x00000000d9300000)
 ParOldGen       total 86016K, used 4690K [0x0000000083a00000, 0x0000000088e00000, 0x00000000d6900000)
  object space 86016K, 5% used [0x0000000083a00000,0x0000000083e94b70,0x0000000088e00000)
 Metaspace       used 13589K, capacity 13938K, committed 14080K, reserved 1060864K
  class space    used 1570K, capacity 1663K, committed 1792K, reserved 1048576K
Event: 36.754 GC heap after
Heap after GC invocations=5 (full 1):
 PSYoungGen      total 37888K, used 5118K [0x00000000d6900000, 0x00000000d9300000, 0x0000000100000000)
  eden space 32768K, 0% used [0x00000000d6900000,0x00000000d6900000,0x00000000d8900000)
  from space 5120K, 99% used [0x00000000d8e00000,0x00000000d92ffa50,0x00000000d9300000)
  to   space 5120K, 0% used [0x00000000d8900000,0x00000000d8900000,0x00000000d8e00000)
 ParOldGen       total 86016K, used 4952K [0x0000000083a00000, 0x0000000088e00000, 0x00000000d6900000)
  object space 86016K, 5% used [0x0000000083a00000,0x0000000083ed6020,0x0000000088e00000)
 Metaspace       used 13589K, capacity 13938K, committed 14080K, reserved 1060864K
  class space    used 1570K, capacity 1663K, committed 1792K, reserved 1048576K
}
Event: 37.065 GC heap before
{Heap before GC invocations=6 (full 1):
 PSYoungGen      total 37888K, used 37886K [0x00000000d6900000, 0x00000000d9300000, 0x0000000100000000)
  eden space 32768K, 100% used [0x00000000d6900000,0x00000000d8900000,0x00000000d8900000)
  from space 5120K, 99% used [0x00000000d8e00000,0x00000000d92ffa50,0x00000000d9300000)
  to   space 5120K, 0% used [0x00000000d8900000,0x00000000d8900000,0x00000000d8e00000)
 ParOldGen       total 86016K, used 4952K [0x0000000083a00000, 0x0000000088e00000, 0x00000000d6900000)
  object space 86016K, 5% used [0x0000000083a00000,0x0000000083ed6020,0x0000000088e00000)
 Metaspace       used 13625K, capacity 14002K, committed 14336K, reserved 1062912K
  class space    used 1570K, capacity 1663K, committed 1792K, reserved 1048576K
Event: 37.074 GC heap after
Heap after GC invocations=6 (full 1):
 PSYoungGen      total 37888K, used 5094K [0x00000000d6900000, 0x00000000db300000, 0x0000000100000000)
  eden space 32768K, 0% used [0x00000000d6900000,0x00000000d6900000,0x00000000d8900000)
  from space 5120K, 99% used [0x00000000d8900000,0x00000000d8df9a40,0x00000000d8e00000)
  to   space 5120K, 0% used [0x00000000dae00000,0x00000000dae00000,0x00000000db300000)
 ParOldGen       total 86016K, used 5480K [0x0000000083a00000, 0x0000000088e00000, 0x00000000d6900000)
  object space 86016K, 6% used [0x0000000083a00000,0x0000000083f5a0c0,0x0000000088e00000)
 Metaspace       used 13625K, capacity 14002K, committed 14336K, reserved 1062912K
  class space    used 1570K, capacity 1663K, committed 1792K, reserved 1048576K
}
Event: 37.474 GC heap before
{Heap before GC invocations=7 (full 1):
 PSYoungGen      total 37888K, used 37862K [0x00000000d6900000, 0x00000000db300000, 0x0000000100000000)
  eden space 32768K, 100% used [0x00000000d6900000,0x00000000d8900000,0x00000000d8900000)
  from space 5120K, 99% used [0x00000000d8900000,0x00000000d8df9a40,0x00000000d8e00000)
  to   space 5120K, 0% used [0x00000000dae00000,0x00000000dae00000,0x00000000db300000)
 ParOldGen       total 86016K, used 5480K [0x0000000083a00000, 0x0000000088e00000, 0x00000000d6900000)
  object space 86016K, 6% used [0x0000000083a00000,0x0000000083f5a0c0,0x0000000088e00000)
 Metaspace       used 13634K, capacity 14002K, committed 14336K, reserved 1062912K
  class space    used 1570K, capacity 1663K, committed 1792K, reserved 1048576K
Event: 37.517 GC heap after
Heap after GC invocations=7 (full 1):
 PSYoungGen      total 68096K, used 5116K [0x00000000d6900000, 0x00000000db800000, 0x0000000100000000)
  eden space 62976K, 0% used [0x00000000d6900000,0x00000000d6900000,0x00000000da680000)
  from space 5120K, 99% used [0x00000000dae00000,0x00000000db2ff110,0x00000000db300000)
  to   space 7680K, 0% used [0x00000000da680000,0x00000000da680000,0x00000000dae00000)
 ParOldGen       total 86016K, used 7538K [0x0000000083a00000, 0x0000000088e00000, 0x00000000d6900000)
  object space 86016K, 8% used [0x0000000083a00000,0x000000008415cb48,0x0000000088e00000)
 Metaspace       used 13634K, capacity 14002K, committed 14336K, reserved 1062912K
  class space    used 1570K, capacity 1663K, committed 1792K, reserved 1048576K
}
Event: 38.415 GC heap before
{Heap before GC invocations=8 (full 1):
 PSYoungGen      total 68096K, used 68092K [0x00000000d6900000, 0x00000000db800000, 0x0000000100000000)
  eden space 62976K, 100% used [0x00000000d6900000,0x00000000da680000,0x00000000da680000)
  from space 5120K, 99% used [0x00000000dae00000,0x00000000db2ff110,0x00000000db300000)
  to   space 7680K, 0% used [0x00000000da680000,0x00000000da680000,0x00000000dae00000)
 ParOldGen       total 86016K, used 7538K [0x0000000083a00000, 0x0000000088e00000, 0x00000000d6900000)
  object space 86016K, 8% used [0x0000000083a00000,0x000000008415cb48,0x0000000088e00000)
 Metaspace       used 13676K, capacity 14066K, committed 14336K, reserved 1062912K
  class space    used 1570K, capacity 1663K, committed 1792K, reserved 1048576K

