# JRE version: Java(TM) SE Runtime Environment (8.0_181-b13) (build 1.8.0_181-b13)
# Java VM: Java HotSpot(TM) 64-Bit Server VM (25.181-b13 mixed mode linux-amd64 compressed oops)
Heap:
 PSYoungGen      total 140800K, used 18929K [0x00000000d6900000, 0x00000000e0b00000, 0x0000000100000000)
  eden space 121856K, 0% used [0x00000000d6900000,0x00000000d6900000,0x00000000de000000)
  from space 18944K, 99% used [0x00000000de000000,0x00000000df27c478,0x00000000df280000)
  to   space 12800K, 0% used [0x00000000df280000,0x00000000df280000,0x00000000dff00000)
 ParOldGen       total 86016K, used 67685K [0x0000000083a00000, 0x0000000088e00000, 0x00000000d6900000)
  object space 86016K, 78% used [0x0000000083a00000,0x0000000087c19680,0x0000000088e00000)
 Metaspace       used 19485K, capacity 20052K, committed 20352K, reserved 1067008K
  class space    used 2225K, capacity 2392K, committed 2432K, reserved 1048576K
GC Heap History (10 events):
Event: 90.847 GC heap after
Heap after GC invocations=5 (full 1):
 PSYoungGen      total 37888K, used 4985K [0x00000000d6900000, 0x00000000d9300000, 0x0000000100000000)
  eden space 32768K, 0% used [0x00000000d6900000,0x00000000d6900000,0x00000000d8900000)
  from space 5120K, 97% used [0x00000000d8e00000,0x00000000d92de418,0x00000000d9300000)
  to   space 5120K, 0% used [0x00000000d8900000,0x00000000d8900000,0x00000000d8e00000)
 ParOldGen       total 86016K, used 4159K [0x0000000083a00000, 0x0000000088e00000, 0x00000000d6900000)
  object space 86016K, 4% used [0x0000000083a00000,0x0000000083e0fc08,0x0000000088e00000)
 Metaspace       used 14056K, capacity 14486K, committed 14848K, reserved 1062912K
  class space    used 1596K, capacity 1704K, committed 1792K, reserved 1048576K
}
Event: 91.293 GC heap before
{Heap before GC invocations=6 (full 1):
 PSYoungGen      total 37888K, used 37753K [0x00000000d6900000, 0x00000000d9300000, 0x0000000100000000)
  eden space 32768K, 100% used [0x00000000d6900000,0x00000000d8900000,0x00000000d8900000)
  from space 5120K, 97% used [0x00000000d8e00000,0x00000000d92de418,0x00000000d9300000)
  to   space 5120K, 0% used [0x00000000d8900000,0x00000000d8900000,0x00000000d8e00000)
 ParOldGen       total 86016K, used 4159K [0x0000000083a00000, 0x0000000088e00000, 0x00000000d6900000)
  object space 86016K, 4% used [0x0000000083a00000,0x0000000083e0fc08,0x0000000088e00000)
 Metaspace       used 14076K, capacity 14550K, committed 14848K, reserved 1062912K
  class space    used 1596K, capacity 1704K, committed 1792K, reserved 1048576K
Event: 91.324 GC heap after
Heap after GC invocations=6 (full 1):
 PSYoungGen      total 37888K, used 5116K [0x00000000d6900000, 0x00000000db300000, 0x0000000100000000)
  eden space 32768K, 0% used [0x00000000d6900000,0x00000000d6900000,0x00000000d8900000)
  from space 5120K, 99% used [0x00000000d8900000,0x00000000d8dff3c0,0x00000000d8e00000)
  to   space 5120K, 0% used [0x00000000dae00000,0x00000000dae00000,0x00000000db300000)
 ParOldGen       total 86016K, used 4295K [0x0000000083a00000, 0x0000000088e00000, 0x00000000d6900000)
  object space 86016K, 4% used [0x0000000083a00000,0x0000000083e31c08,0x0000000088e00000)
 Metaspace       used 14076K, capacity 14550K, committed 14848K, reserved 1062912K
  class space    used 1596K, capacity 1704K, committed 1792K, reserved 1048576K
}
Event: 93.153 GC heap before
{Heap before GC invocations=7 (full 1):
 PSYoungGen      total 37888K, used 37884K [0x00000000d6900000, 0x00000000db300000, 0x0000000100000000)
  eden space 32768K, 100% used [0x00000000d6900000,0x00000000d8900000,0x00000000d8900000)
  from space 5120K, 99% used [0x00000000d8900000,0x00000000d8dff3c0,0x00000000d8e00000)
  to   space 5120K, 0% used [0x00000000dae00000,0x00000000dae00000,0x00000000db300000)
 ParOldGen       total 86016K, used 4295K [0x0000000083a00000, 0x0000000088e00000, 0x00000000d6900000)
  object space 86016K, 4% used [0x0000000083a00000,0x0000000083e31c08,0x0000000088e00000)
 Metaspace       used 15143K, capacity 15650K, committed 16000K, reserved 1062912K
  class space    used 1681K, capacity 1823K, committed 1920K, reserved 1048576K
Event: 93.197 GC heap after
Heap after GC invocations=7 (full 1):
 PSYoungGen      total 69120K, used 5104K [0x00000000d6900000, 0x00000000db600000, 0x0000000100000000)
  eden space 64000K, 0% used [0x00000000d6900000,0x00000000d6900000,0x00000000da780000)
  from space 5120K, 99% used [0x00000000dae00000,0x00000000db2fc018,0x00000000db300000)
  to   space 6656K, 0% used [0x00000000da780000,0x00000000da780000,0x00000000dae00000)
 ParOldGen       total 86016K, used 5846K [0x0000000083a00000, 0x0000000088e00000, 0x00000000d6900000)
  object space 86016K, 6% used [0x0000000083a00000,0x0000000083fb59a0,0x0000000088e00000)
 Metaspace       used 15143K, capacity 15650K, committed 16000K, reserved 1062912K
  class space    used 1681K, capacity 1823K, committed 1920K, reserved 1048576K
}
Event: 99.859 GC heap before
{Heap before GC invocations=8 (full 1):
 PSYoungGen      total 69120K, used 69104K [0x00000000d6900000, 0x00000000db600000, 0x0000000100000000)
  eden space 64000K, 100% used [0x00000000d6900000,0x00000000da780000,0x00000000da780000)
  from space 5120K, 99% used [0x00000000dae00000,0x00000000db2fc018,0x00000000db300000)
  to   space 6656K, 0% used [0x00000000da780000,0x00000000da780000,0x00000000dae00000)
 ParOldGen       total 86016K, used 5846K [0x0000000083a00000, 0x0000000088e00000, 0x00000000d6900000)
  object space 86016K, 6% used [0x0000000083a00000,0x0000000083fb59a0,0x0000000088e00000)
 Metaspace       used 17178K, capacity 17688K, committed 18048K, reserved 1064960K
  class space    used 1882K, capacity 2062K, committed 2176K, reserved 1048576K
Event: 100.166 GC heap after
Heap after GC invocations=8 (full 1):
 PSYoungGen      total 70656K, used 6631K [0x00000000d6900000, 0x00000000dff00000, 0x0000000100000000)
  eden space 64000K, 0% used [0x00000000d6900000,0x00000000d6900000,0x00000000da780000)
  from space 6656K, 99% used [0x00000000da780000,0x00000000dadf9f70,0x00000000dae00000)
  to   space 12800K, 0% used [0x00000000df280000,0x00000000df280000,0x00000000dff00000)
 ParOldGen       total 86016K, used 16786K [0x0000000083a00000, 0x0000000088e00000, 0x00000000d6900000)
  object space 86016K, 19% used [0x0000000083a00000,0x0000000084a64938,0x0000000088e00000)
 Metaspace       used 17178K, capacity 17688K, committed 18048K, reserved 1064960K
  class space    used 1882K, capacity 2062K, committed 2176K, reserved 1048576K
}
Event: 114.533 GC heap before
{Heap before GC invocations=9 (full 1):
 PSYoungGen      total 70656K, used 70631K [0x00000000d6900000, 0x00000000dff00000, 0x0000000100000000)
  eden space 64000K, 100% used [0x00000000d6900000,0x00000000da780000,0x00000000da780000)
  from space 6656K, 99% used [0x00000000da780000,0x00000000dadf9f70,0x00000000dae00000)
  to   space 12800K, 0% used [0x00000000df280000,0x00000000df280000,0x00000000dff00000)
 ParOldGen       total 86016K, used 16786K [0x0000000083a00000, 0x0000000088e00000, 0x00000000d6900000)
  object space 86016K, 19% used [0x0000000083a00000,0x0000000084a64938,0x0000000088e00000)
 Metaspace       used 18243K, capacity 18780K, committed 18816K, reserved 1067008K
  class space    used 2015K, capacity 2164K, committed 2176K, reserved 1048576K
Event: 114.881 GC heap after
Heap after GC invocations=9 (full 1):
 PSYoungGen      total 134656K, used 12770K [0x00000000d6900000, 0x00000000e0b00000, 0x0000000100000000)
  eden space 121856K, 0% used [0x00000000d6900000,0x00000000d6900000,0x00000000de000000)
  from space 12800K, 99% used [0x00000000df280000,0x00000000dfef8aa0,0x00000000dff00000)
  to   space 18944K, 0% used [0x00000000de000000,0x00000000de000000,0x00000000df280000)
 ParOldGen       total 86016K, used 26636K [0x0000000083a00000, 0x0000000088e00000, 0x00000000d6900000)
  object space 86016K, 30% used [0x0000000083a00000,0x0000000085403298,0x0000000088e00000)
 Metaspace       used 18243K, capacity 18780K, committed 18816K, reserved 1067008K
  class space    used 2015K, capacity 2164K, committed 2176K, reserved 1048576K
}
Event: 120.553 GC heap before
{Heap before GC invocations=10 (full 1):
 PSYoungGen      total 134656K, used 130598K [0x00000000d6900000, 0x00000000e0b00000, 0x0000000100000000)
  eden space 121856K, 96% used [0x00000000d6900000,0x00000000ddc110e8,0x00000000de000000)
  from space 12800K, 99% used [0x00000000df280000,0x00000000dfef8aa0,0x00000000dff00000)
  to   space 18944K, 0% used [0x00000000de000000,0x00000000de000000,0x00000000df280000)
 ParOldGen       total 86016K, used 26636K [0x0000000083a00000, 0x0000000088e00000, 0x00000000d6900000)
  object space 86016K, 30% used [0x0000000083a00000,0x0000000085403298,0x0000000088e00000)
 Metaspace       used 19485K, capacity 20052K, committed 20352K, reserved 1067008K
  class space    used 2225K, capacity 2392K, committed 2432K, reserved 1048576K

