# JRE version: Java(TM) SE Runtime Environment (8.0_181-b13) (build 1.8.0_181-b13)
# Java VM: Java HotSpot(TM) 64-Bit Server VM (25.181-b13 mixed mode linux-amd64 compressed oops)
Heap:
 PSYoungGen      total 628224K, used 6639K [0x00000000d6900000, 0x0000000100000000, 0x0000000100000000)
  eden space 577536K, 0% used [0x00000000d6900000,0x00000000d6900000,0x00000000f9d00000)
  from space 50688K, 13% used [0x00000000f9d00000,0x00000000fa37bd88,0x00000000fce80000)
  to   space 50688K, 0% used [0x00000000fce80000,0x00000000fce80000,0x0000000100000000)
 ParOldGen       total 120832K, used 120609K [0x0000000083a00000, 0x000000008b000000, 0x00000000d6900000)
  object space 120832K, 99% used [0x0000000083a00000,0x000000008afc8510,0x000000008b000000)
 Metaspace       used 28483K, capacity 29174K, committed 29440K, reserved 1075200K
  class space    used 2877K, capacity 3042K, committed 3072K, reserved 1048576K
GC Heap History (10 events):
Event: 96.422 GC heap after
Heap after GC invocations=19 (full 2):
 PSYoungGen      total 655360K, used 23520K [0x00000000d6900000, 0x0000000100000000, 0x0000000100000000)
  eden space 631808K, 0% used [0x00000000d6900000,0x00000000d6900000,0x00000000fd200000)
  from space 23552K, 99% used [0x00000000fd200000,0x00000000fe8f8100,0x00000000fe900000)
  to   space 23552K, 0% used [0x00000000fe900000,0x00000000fe900000,0x0000000100000000)
 ParOldGen       total 101376K, used 58890K [0x0000000083a00000, 0x0000000089d00000, 0x00000000d6900000)
  object space 101376K, 58% used [0x0000000083a00000,0x00000000873828c8,0x0000000089d00000)
 Metaspace       used 21241K, capacity 21870K, committed 22144K, reserved 1069056K
  class space    used 2226K, capacity 2368K, committed 2432K, reserved 1048576K
}
Event: 116.770 GC heap before
{Heap before GC invocations=20 (full 2):
 PSYoungGen      total 655360K, used 655328K [0x00000000d6900000, 0x0000000100000000, 0x0000000100000000)
  eden space 631808K, 100% used [0x00000000d6900000,0x00000000fd200000,0x00000000fd200000)
  from space 23552K, 99% used [0x00000000fd200000,0x00000000fe8f8100,0x00000000fe900000)
  to   space 23552K, 0% used [0x00000000fe900000,0x00000000fe900000,0x0000000100000000)
 ParOldGen       total 101376K, used 58890K [0x0000000083a00000, 0x0000000089d00000, 0x00000000d6900000)
  object space 101376K, 58% used [0x0000000083a00000,0x00000000873828c8,0x0000000089d00000)
 Metaspace       used 21513K, capacity 22078K, committed 22144K, reserved 1069056K
  class space    used 2226K, capacity 2368K, committed 2432K, reserved 1048576K
Event: 116.938 GC heap after
Heap after GC invocations=20 (full 2):
 PSYoungGen      total 624640K, used 23536K [0x00000000d6900000, 0x0000000100000000, 0x0000000100000000)
  eden space 601088K, 0% used [0x00000000d6900000,0x00000000d6900000,0x00000000fb400000)
  from space 23552K, 99% used [0x00000000fe900000,0x00000000ffffc130,0x0000000100000000)
  to   space 38912K, 0% used [0x00000000fb400000,0x00000000fb400000,0x00000000fda00000)
 ParOldGen       total 101376K, used 71631K [0x0000000083a00000, 0x0000000089d00000, 0x00000000d6900000)
  object space 101376K, 70% used [0x0000000083a00000,0x0000000087ff3cd8,0x0000000089d00000)
 Metaspace       used 21513K, capacity 22078K, committed 22144K, reserved 1069056K
  class space    used 2226K, capacity 2368K, committed 2432K, reserved 1048576K
}
Event: 131.439 GC heap before
{Heap before GC invocations=21 (full 2):
 PSYoungGen      total 624640K, used 624624K [0x00000000d6900000, 0x0000000100000000, 0x0000000100000000)
  eden space 601088K, 100% used [0x00000000d6900000,0x00000000fb400000,0x00000000fb400000)
  from space 23552K, 99% used [0x00000000fe900000,0x00000000ffffc130,0x0000000100000000)
  to   space 38912K, 0% used [0x00000000fb400000,0x00000000fb400000,0x00000000fda00000)
 ParOldGen       total 101376K, used 71631K [0x0000000083a00000, 0x0000000089d00000, 0x00000000d6900000)
  object space 101376K, 70% used [0x0000000083a00000,0x0000000087ff3cd8,0x0000000089d00000)
 Metaspace       used 21584K, capacity 22280K, committed 22400K, reserved 1069056K
  class space    used 2227K, capacity 2369K, committed 2432K, reserved 1048576K
Event: 131.658 GC heap after
Heap after GC invocations=21 (full 2):
 PSYoungGen      total 639488K, used 38336K [0x00000000d6900000, 0x0000000100000000, 0x0000000100000000)
  eden space 601088K, 0% used [0x00000000d6900000,0x00000000d6900000,0x00000000fb400000)
  from space 38400K, 99% used [0x00000000fb400000,0x00000000fd9703a0,0x00000000fd980000)
  to   space 39424K, 0% used [0x00000000fd980000,0x00000000fd980000,0x0000000100000000)
 ParOldGen       total 101376K, used 73951K [0x0000000083a00000, 0x0000000089d00000, 0x00000000d6900000)
  object space 101376K, 72% used [0x0000000083a00000,0x0000000088237ce8,0x0000000089d00000)
 Metaspace       used 21584K, capacity 22280K, committed 22400K, reserved 1069056K
  class space    used 2227K, capacity 2369K, committed 2432K, reserved 1048576K
}
Event: 151.981 GC heap before
{Heap before GC invocations=22 (full 2):
 PSYoungGen      total 639488K, used 639424K [0x00000000d6900000, 0x0000000100000000, 0x0000000100000000)
  eden space 601088K, 100% used [0x00000000d6900000,0x00000000fb400000,0x00000000fb400000)
  from space 38400K, 99% used [0x00000000fb400000,0x00000000fd9703a0,0x00000000fd980000)
  to   space 39424K, 0% used [0x00000000fd980000,0x00000000fd980000,0x0000000100000000)
 ParOldGen       total 101376K, used 73951K [0x0000000083a00000, 0x0000000089d00000, 0x00000000d6900000)
  object space 101376K, 72% used [0x0000000083a00000,0x0000000088237ce8,0x0000000089d00000)
 Metaspace       used 27899K, capacity 28598K, committed 28672K, reserved 1075200K
  class space    used 2876K, capacity 3042K, committed 3072K, reserved 1048576K
Event: 152.146 GC heap after
Heap after GC invocations=22 (full 2):
 PSYoungGen      total 616960K, used 39397K [0x00000000d6900000, 0x0000000100000000, 0x0000000100000000)
  eden space 577536K, 0% used [0x00000000d6900000,0x00000000d6900000,0x00000000f9d00000)
  from space 39424K, 99% used [0x00000000fd980000,0x00000000ffff97f0,0x0000000100000000)
  to   space 50688K, 0% used [0x00000000f9d00000,0x00000000f9d00000,0x00000000fce80000)
 ParOldGen       total 101376K, used 77437K [0x0000000083a00000, 0x0000000089d00000, 0x00000000d6900000)
  object space 101376K, 76% used [0x0000000083a00000,0x000000008859f738,0x0000000089d00000)
 Metaspace       used 27899K, capacity 28598K, committed 28672K, reserved 1075200K
  class space    used 2876K, capacity 3042K, committed 3072K, reserved 1048576K
}
Event: 161.313 GC heap before
{Heap before GC invocations=23 (full 2):
 PSYoungGen      total 616960K, used 616933K [0x00000000d6900000, 0x0000000100000000, 0x0000000100000000)
  eden space 577536K, 100% used [0x00000000d6900000,0x00000000f9d00000,0x00000000f9d00000)
  from space 39424K, 99% used [0x00000000fd980000,0x00000000ffff97f0,0x0000000100000000)
  to   space 50688K, 0% used [0x00000000f9d00000,0x00000000f9d00000,0x00000000fce80000)
 ParOldGen       total 101376K, used 77437K [0x0000000083a00000, 0x0000000089d00000, 0x00000000d6900000)
  object space 101376K, 76% used [0x0000000083a00000,0x000000008859f738,0x0000000089d00000)
 Metaspace       used 28483K, capacity 29174K, committed 29440K, reserved 1075200K
  class space    used 2877K, capacity 3042K, committed 3072K, reserved 1048576K
Event: 161.750 GC heap after
Heap after GC invocations=23 (full 2):
 PSYoungGen      total 628224K, used 50681K [0x00000000d6900000, 0x0000000100000000, 0x0000000100000000)
  eden space 577536K, 0% used [0x00000000d6900000,0x00000000d6900000,0x00000000f9d00000)
  from space 50688K, 99% used [0x00000000f9d00000,0x00000000fce7e540,0x00000000fce80000)
  to   space 50688K, 0% used [0x00000000fce80000,0x00000000fce80000,0x0000000100000000)
 ParOldGen       total 120832K, used 120333K [0x0000000083a00000, 0x000000008b000000, 0x00000000d6900000)
  object space 120832K, 99% used [0x0000000083a00000,0x000000008af837a0,0x000000008b000000)
 Metaspace       used 28483K, capacity 29174K, committed 29440K, reserved 1075200K
  class space    used 2877K, capacity 3042K, committed 3072K, reserved 1048576K
}
Event: 161.750 GC heap before
{Heap before GC invocations=24 (full 3):
 PSYoungGen      total 628224K, used 50681K [0x00000000d6900000, 0x0000000100000000, 0x0000000100000000)
  eden space 577536K, 0% used [0x00000000d6900000,0x00000000d6900000,0x00000000f9d00000)
  from space 50688K, 99% used [0x00000000f9d00000,0x00000000fce7e540,0x00000000fce80000)
  to   space 50688K, 0% used [0x00000000fce80000,0x00000000fce80000,0x0000000100000000)
 ParOldGen       total 120832K, used 120333K [0x0000000083a00000, 0x000000008b000000, 0x00000000d6900000)
  object space 120832K, 99% used [0x0000000083a00000,0x000000008af837a0,0x000000008b000000)
 Metaspace       used 28483K, capacity 29174K, committed 29440K, reserved 1075200K
  class space    used 2877K, capacity 3042K, committed 3072K, reserved 1048576K

