# JRE version: Java(TM) SE Runtime Environment (8.0_181-b13) (build 1.8.0_181-b13)
# Java VM: Java HotSpot(TM) 64-Bit Server VM (25.181-b13 mixed mode linux-amd64 compressed oops)
Heap:
 PSYoungGen      total 136192K, used 5688K [0x00000000d6900000, 0x00000000df700000, 0x0000000100000000)
  eden space 126976K, 0% used [0x00000000d6900000,0x00000000d6900000,0x00000000de500000)
  from space 9216K, 61% used [0x00000000de500000,0x00000000dea8e0f0,0x00000000dee00000)
  to   space 9216K, 0% used [0x00000000dee00000,0x00000000dee00000,0x00000000df700000)
 ParOldGen       total 86016K, used 10404K [0x0000000083a00000, 0x0000000088e00000, 0x00000000d6900000)
  object space 86016K, 12% used [0x0000000083a00000,0x0000000084429050,0x0000000088e00000)
 Metaspace       used 14501K, capacity 14950K, committed 15104K, reserved 1062912K
  class space    used 1610K, capacity 1730K, committed 1792K, reserved 1048576K
GC Heap History (10 events):
Event: 29.105 GC heap after
Heap after GC invocations=5 (full 1):
 PSYoungGen      total 37888K, used 3590K [0x00000000d6900000, 0x00000000db300000, 0x0000000100000000)
  eden space 32768K, 0% used [0x00000000d6900000,0x00000000d6900000,0x00000000d8900000)
  from space 5120K, 70% used [0x00000000d8e00000,0x00000000d9181850,0x00000000d9300000)
  to   space 5120K, 0% used [0x00000000d8900000,0x00000000d8900000,0x00000000d8e00000)
 ParOldGen       total 86016K, used 3812K [0x0000000083a00000, 0x0000000088e00000, 0x00000000d6900000)
  object space 86016K, 4% used [0x0000000083a00000,0x0000000083db9228,0x0000000088e00000)
 Metaspace       used 13558K, capacity 13938K, committed 14080K, reserved 1060864K
  class space    used 1567K, capacity 1663K, committed 1792K, reserved 1048576K
}
Event: 30.279 GC heap before
{Heap before GC invocations=6 (full 1):
 PSYoungGen      total 37888K, used 36358K [0x00000000d6900000, 0x00000000db300000, 0x0000000100000000)
  eden space 32768K, 100% used [0x00000000d6900000,0x00000000d8900000,0x00000000d8900000)
  from space 5120K, 70% used [0x00000000d8e00000,0x00000000d9181850,0x00000000d9300000)
  to   space 5120K, 0% used [0x00000000d8900000,0x00000000d8900000,0x00000000d8e00000)
 ParOldGen       total 86016K, used 3812K [0x0000000083a00000, 0x0000000088e00000, 0x00000000d6900000)
  object space 86016K, 4% used [0x0000000083a00000,0x0000000083db9228,0x0000000088e00000)
 Metaspace       used 13687K, capacity 14066K, committed 14336K, reserved 1062912K
  class space    used 1567K, capacity 1663K, committed 1792K, reserved 1048576K
Event: 30.311 GC heap after
Heap after GC invocations=6 (full 1):
 PSYoungGen      total 37888K, used 5110K [0x00000000d6900000, 0x00000000db300000, 0x0000000100000000)
  eden space 32768K, 0% used [0x00000000d6900000,0x00000000d6900000,0x00000000d8900000)
  from space 5120K, 99% used [0x00000000d8900000,0x00000000d8dfd840,0x00000000d8e00000)
  to   space 5120K, 0% used [0x00000000dae00000,0x00000000dae00000,0x00000000db300000)
 ParOldGen       total 86016K, used 3940K [0x0000000083a00000, 0x0000000088e00000, 0x00000000d6900000)
  object space 86016K, 4% used [0x0000000083a00000,0x0000000083dd9228,0x0000000088e00000)
 Metaspace       used 13687K, capacity 14066K, committed 14336K, reserved 1062912K
  class space    used 1567K, capacity 1663K, committed 1792K, reserved 1048576K
}
Event: 31.157 GC heap before
{Heap before GC invocations=7 (full 1):
 PSYoungGen      total 37888K, used 37878K [0x00000000d6900000, 0x00000000db300000, 0x0000000100000000)
  eden space 32768K, 100% used [0x00000000d6900000,0x00000000d8900000,0x00000000d8900000)
  from space 5120K, 99% used [0x00000000d8900000,0x00000000d8dfd840,0x00000000d8e00000)
  to   space 5120K, 0% used [0x00000000dae00000,0x00000000dae00000,0x00000000db300000)
 ParOldGen       total 86016K, used 3940K [0x0000000083a00000, 0x0000000088e00000, 0x00000000d6900000)
  object space 86016K, 4% used [0x0000000083a00000,0x0000000083dd9228,0x0000000088e00000)
 Metaspace       used 13738K, capacity 14066K, committed 14336K, reserved 1062912K
  class space    used 1567K, capacity 1663K, committed 1792K, reserved 1048576K
Event: 31.187 GC heap after
Heap after GC invocations=7 (full 1):
 PSYoungGen      total 68608K, used 5104K [0x00000000d6900000, 0x00000000db700000, 0x0000000100000000)
  eden space 63488K, 0% used [0x00000000d6900000,0x00000000d6900000,0x00000000da700000)
  from space 5120K, 99% used [0x00000000dae00000,0x00000000db2fc050,0x00000000db300000)
  to   space 7168K, 0% used [0x00000000da700000,0x00000000da700000,0x00000000dae00000)
 ParOldGen       total 86016K, used 6025K [0x0000000083a00000, 0x0000000088e00000, 0x00000000d6900000)
  object space 86016K, 7% used [0x0000000083a00000,0x0000000083fe24e8,0x0000000088e00000)
 Metaspace       used 13738K, capacity 14066K, committed 14336K, reserved 1062912K
  class space    used 1567K, capacity 1663K, committed 1792K, reserved 1048576K
}
Event: 41.151 GC heap before
{Heap before GC invocations=8 (full 1):
 PSYoungGen      total 68608K, used 68592K [0x00000000d6900000, 0x00000000db700000, 0x0000000100000000)
  eden space 63488K, 100% used [0x00000000d6900000,0x00000000da700000,0x00000000da700000)
  from space 5120K, 99% used [0x00000000dae00000,0x00000000db2fc050,0x00000000db300000)
  to   space 7168K, 0% used [0x00000000da700000,0x00000000da700000,0x00000000dae00000)
 ParOldGen       total 86016K, used 6025K [0x0000000083a00000, 0x0000000088e00000, 0x00000000d6900000)
  object space 86016K, 7% used [0x0000000083a00000,0x0000000083fe24e8,0x0000000088e00000)
 Metaspace       used 14375K, capacity 14850K, committed 15104K, reserved 1062912K
  class space    used 1602K, capacity 1724K, committed 1792K, reserved 1048576K
Event: 41.204 GC heap after
Heap after GC invocations=8 (full 1):
 PSYoungGen      total 70656K, used 7136K [0x00000000d6900000, 0x00000000df700000, 0x0000000100000000)
  eden space 63488K, 0% used [0x00000000d6900000,0x00000000d6900000,0x00000000da700000)
  from space 7168K, 99% used [0x00000000da700000,0x00000000dadf80a0,0x00000000dae00000)
  to   space 9216K, 0% used [0x00000000dee00000,0x00000000dee00000,0x00000000df700000)
 ParOldGen       total 86016K, used 7696K [0x0000000083a00000, 0x0000000088e00000, 0x00000000d6900000)
  object space 86016K, 8% used [0x0000000083a00000,0x0000000084184310,0x0000000088e00000)
 Metaspace       used 14375K, capacity 14850K, committed 15104K, reserved 1062912K
  class space    used 1602K, capacity 1724K, committed 1792K, reserved 1048576K
}
Event: 56.990 GC heap before
{Heap before GC invocations=9 (full 1):
 PSYoungGen      total 70656K, used 70624K [0x00000000d6900000, 0x00000000df700000, 0x0000000100000000)
  eden space 63488K, 100% used [0x00000000d6900000,0x00000000da700000,0x00000000da700000)
  from space 7168K, 99% used [0x00000000da700000,0x00000000dadf80a0,0x00000000dae00000)
  to   space 9216K, 0% used [0x00000000dee00000,0x00000000dee00000,0x00000000df700000)
 ParOldGen       total 86016K, used 7696K [0x0000000083a00000, 0x0000000088e00000, 0x00000000d6900000)
  object space 86016K, 8% used [0x0000000083a00000,0x0000000084184310,0x0000000088e00000)
 Metaspace       used 14416K, capacity 14868K, committed 15104K, reserved 1062912K
  class space    used 1606K, capacity 1727K, committed 1792K, reserved 1048576K
Event: 57.068 GC heap after
Heap after GC invocations=9 (full 1):
 PSYoungGen      total 136192K, used 6856K [0x00000000d6900000, 0x00000000df700000, 0x0000000100000000)
  eden space 126976K, 0% used [0x00000000d6900000,0x00000000d6900000,0x00000000de500000)
  from space 9216K, 74% used [0x00000000dee00000,0x00000000df4b20e0,0x00000000df700000)
  to   space 9216K, 0% used [0x00000000de500000,0x00000000de500000,0x00000000dee00000)
 ParOldGen       total 86016K, used 8932K [0x0000000083a00000, 0x0000000088e00000, 0x00000000d6900000)
  object space 86016K, 10% used [0x0000000083a00000,0x00000000842b9050,0x0000000088e00000)
 Metaspace       used 14416K, capacity 14868K, committed 15104K, reserved 1062912K
  class space    used 1606K, capacity 1727K, committed 1792K, reserved 1048576K
}
Event: 72.570 GC heap before
{Heap before GC invocations=10 (full 1):
 PSYoungGen      total 136192K, used 133832K [0x00000000d6900000, 0x00000000df700000, 0x0000000100000000)
  eden space 126976K, 100% used [0x00000000d6900000,0x00000000de500000,0x00000000de500000)
  from space 9216K, 74% used [0x00000000dee00000,0x00000000df4b20e0,0x00000000df700000)
  to   space 9216K, 0% used [0x00000000de500000,0x00000000de500000,0x00000000dee00000)
 ParOldGen       total 86016K, used 8932K [0x0000000083a00000, 0x0000000088e00000, 0x00000000d6900000)
  object space 86016K, 10% used [0x0000000083a00000,0x00000000842b9050,0x0000000088e00000)
 Metaspace       used 14501K, capacity 14950K, committed 15104K, reserved 1062912K
  class space    used 1610K, capacity 1730K, committed 1792K, reserved 1048576K

