# JRE version: Java(TM) SE Runtime Environment (8.0_181-b13) (build 1.8.0_181-b13)
# Java VM: Java HotSpot(TM) 64-Bit Server VM (25.181-b13 mixed mode linux-amd64 compressed oops)
Heap:
 PSYoungGen      total 133632K, used 19507K [0x00000000d6900000, 0x00000000df800000, 0x0000000100000000)
  eden space 128512K, 11% used [0x00000000d6900000,0x00000000d7710510,0x00000000de680000)
  from space 5120K, 99% used [0x00000000dee00000,0x00000000df2fc9a8,0x00000000df300000)
  to   space 7680K, 0% used [0x00000000de680000,0x00000000de680000,0x00000000dee00000)
 ParOldGen       total 86016K, used 8875K [0x0000000083a00000, 0x0000000088e00000, 0x00000000d6900000)
  object space 86016K, 10% used [0x0000000083a00000,0x00000000842aadf8,0x0000000088e00000)
 Metaspace       used 14549K, capacity 14954K, committed 15104K, reserved 1062912K
  class space    used 1638K, capacity 1773K, committed 1792K, reserved 1048576K
GC Heap History (10 events):
Event: 101.311 GC heap before
{Heap before GC invocations=3 (full 1):
 PSYoungGen      total 37888K, used 32768K [0x00000000d6900000, 0x00000000d9300000, 0x0000000100000000)
  eden space 32768K, 100% used [0x00000000d6900000,0x00000000d8900000,0x00000000d8900000)
  from space 5120K, 0% used [0x00000000d8900000,0x00000000d8900000,0x00000000d8e00000)
  to   space 5120K, 0% used [0x00000000d8e00000,0x00000000d8e00000,0x00000000d9300000)
 ParOldGen       total 86016K, used 4075K [0x0000000083a00000, 0x0000000088e00000, 0x00000000d6900000)
  object space 86016K, 4% used [0x0000000083a00000,0x0000000083dfaec0,0x0000000088e00000)
 Metaspace       used 13823K, capacity 14198K, committed 14336K, reserved 1062912K
  class space    used 1601K, capacity 1736K, committed 1792K, reserved 1048576K
Event: 101.441 GC heap after
Heap after GC invocations=3 (full 1):
 PSYoungGen      total 37888K, used 5118K [0x00000000d6900000, 0x00000000d9300000, 0x0000000100000000)
  eden space 32768K, 0% used [0x00000000d6900000,0x00000000d6900000,0x00000000d8900000)
  from space 5120K, 99% used [0x00000000d8e00000,0x00000000d92ff920,0x00000000d9300000)
  to   space 5120K, 0% used [0x00000000d8900000,0x00000000d8900000,0x00000000d8e00000)
 ParOldGen       total 86016K, used 4878K [0x0000000083a00000, 0x0000000088e00000, 0x00000000d6900000)
  object space 86016K, 5% used [0x0000000083a00000,0x0000000083ec3a08,0x0000000088e00000)
 Metaspace       used 13823K, capacity 14198K, committed 14336K, reserved 1062912K
  class space    used 1601K, capacity 1736K, committed 1792K, reserved 1048576K
}
Event: 102.349 GC heap before
{Heap before GC invocations=4 (full 1):
 PSYoungGen      total 37888K, used 37886K [0x00000000d6900000, 0x00000000d9300000, 0x0000000100000000)
  eden space 32768K, 100% used [0x00000000d6900000,0x00000000d8900000,0x00000000d8900000)
  from space 5120K, 99% used [0x00000000d8e00000,0x00000000d92ff920,0x00000000d9300000)
  to   space 5120K, 0% used [0x00000000d8900000,0x00000000d8900000,0x00000000d8e00000)
 ParOldGen       total 86016K, used 4878K [0x0000000083a00000, 0x0000000088e00000, 0x00000000d6900000)
  object space 86016K, 5% used [0x0000000083a00000,0x0000000083ec3a08,0x0000000088e00000)
 Metaspace       used 13938K, capacity 14326K, committed 14592K, reserved 1062912K
  class space    used 1602K, capacity 1736K, committed 1792K, reserved 1048576K
Event: 102.479 GC heap after
Heap after GC invocations=4 (full 1):
 PSYoungGen      total 37888K, used 5109K [0x00000000d6900000, 0x00000000db300000, 0x0000000100000000)
  eden space 32768K, 0% used [0x00000000d6900000,0x00000000d6900000,0x00000000d8900000)
  from space 5120K, 99% used [0x00000000d8900000,0x00000000d8dfd6a8,0x00000000d8e00000)
  to   space 5120K, 0% used [0x00000000dae00000,0x00000000dae00000,0x00000000db300000)
 ParOldGen       total 86016K, used 4990K [0x0000000083a00000, 0x0000000088e00000, 0x00000000d6900000)
  object space 86016K, 5% used [0x0000000083a00000,0x0000000083edfa08,0x0000000088e00000)
 Metaspace       used 13938K, capacity 14326K, committed 14592K, reserved 1062912K
  class space    used 1602K, capacity 1736K, committed 1792K, reserved 1048576K
}
Event: 103.473 GC heap before
{Heap before GC invocations=5 (full 1):
 PSYoungGen      total 37888K, used 37877K [0x00000000d6900000, 0x00000000db300000, 0x0000000100000000)
  eden space 32768K, 100% used [0x00000000d6900000,0x00000000d8900000,0x00000000d8900000)
  from space 5120K, 99% used [0x00000000d8900000,0x00000000d8dfd6a8,0x00000000d8e00000)
  to   space 5120K, 0% used [0x00000000dae00000,0x00000000dae00000,0x00000000db300000)
 ParOldGen       total 86016K, used 4990K [0x0000000083a00000, 0x0000000088e00000, 0x00000000d6900000)
  object space 86016K, 5% used [0x0000000083a00000,0x0000000083edfa08,0x0000000088e00000)
 Metaspace       used 13978K, capacity 14390K, committed 14592K, reserved 1062912K
  class space    used 1602K, capacity 1736K, committed 1792K, reserved 1048576K
Event: 103.530 GC heap after
Heap after GC invocations=5 (full 1):
 PSYoungGen      total 70656K, used 5113K [0x00000000d6900000, 0x00000000db300000, 0x0000000100000000)
  eden space 65536K, 0% used [0x00000000d6900000,0x00000000d6900000,0x00000000da900000)
  from space 5120K, 99% used [0x00000000dae00000,0x00000000db2fe730,0x00000000db300000)
  to   space 5120K, 0% used [0x00000000da900000,0x00000000da900000,0x00000000dae00000)
 ParOldGen       total 86016K, used 5934K [0x0000000083a00000, 0x0000000088e00000, 0x00000000d6900000)
  object space 86016K, 6% used [0x0000000083a00000,0x0000000083fcb9d0,0x0000000088e00000)
 Metaspace       used 13978K, capacity 14390K, committed 14592K, reserved 1062912K
  class space    used 1602K, capacity 1736K, committed 1792K, reserved 1048576K
}
Event: 104.658 GC heap before
{Heap before GC invocations=6 (full 1):
 PSYoungGen      total 70656K, used 70649K [0x00000000d6900000, 0x00000000db300000, 0x0000000100000000)
  eden space 65536K, 100% used [0x00000000d6900000,0x00000000da900000,0x00000000da900000)
  from space 5120K, 99% used [0x00000000dae00000,0x00000000db2fe730,0x00000000db300000)
  to   space 5120K, 0% used [0x00000000da900000,0x00000000da900000,0x00000000dae00000)
 ParOldGen       total 86016K, used 5934K [0x0000000083a00000, 0x0000000088e00000, 0x00000000d6900000)
  object space 86016K, 6% used [0x0000000083a00000,0x0000000083fcb9d0,0x0000000088e00000)
 Metaspace       used 14032K, capacity 14454K, committed 14592K, reserved 1062912K
  class space    used 1602K, capacity 1736K, committed 1792K, reserved 1048576K
Event: 104.747 GC heap after
Heap after GC invocations=6 (full 1):
 PSYoungGen      total 70656K, used 5106K [0x00000000d6900000, 0x00000000df300000, 0x0000000100000000)
  eden space 65536K, 0% used [0x00000000d6900000,0x00000000d6900000,0x00000000da900000)
  from space 5120K, 99% used [0x00000000da900000,0x00000000dadfc9c8,0x00000000dae00000)
  to   space 5120K, 0% used [0x00000000dee00000,0x00000000dee00000,0x00000000df300000)
 ParOldGen       total 86016K, used 6585K [0x0000000083a00000, 0x0000000088e00000, 0x00000000d6900000)
  object space 86016K, 7% used [0x0000000083a00000,0x000000008406e780,0x0000000088e00000)
 Metaspace       used 14032K, capacity 14454K, committed 14592K, reserved 1062912K
  class space    used 1602K, capacity 1736K, committed 1792K, reserved 1048576K
}
Event: 105.918 GC heap before
{Heap before GC invocations=7 (full 1):
 PSYoungGen      total 70656K, used 70642K [0x00000000d6900000, 0x00000000df300000, 0x0000000100000000)
  eden space 65536K, 100% used [0x00000000d6900000,0x00000000da900000,0x00000000da900000)
  from space 5120K, 99% used [0x00000000da900000,0x00000000dadfc9c8,0x00000000dae00000)
  to   space 5120K, 0% used [0x00000000dee00000,0x00000000dee00000,0x00000000df300000)
 ParOldGen       total 86016K, used 6585K [0x0000000083a00000, 0x0000000088e00000, 0x00000000d6900000)
  object space 86016K, 7% used [0x0000000083a00000,0x000000008406e780,0x0000000088e00000)
 Metaspace       used 14099K, capacity 14454K, committed 14592K, reserved 1062912K
  class space    used 1602K, capacity 1736K, committed 1792K, reserved 1048576K
Event: 106.025 GC heap after
Heap after GC invocations=7 (full 1):
 PSYoungGen      total 133632K, used 5106K [0x00000000d6900000, 0x00000000df800000, 0x0000000100000000)
  eden space 128512K, 0% used [0x00000000d6900000,0x00000000d6900000,0x00000000de680000)
  from space 5120K, 99% used [0x00000000dee00000,0x00000000df2fc9a8,0x00000000df300000)
  to   space 7680K, 0% used [0x00000000de680000,0x00000000de680000,0x00000000dee00000)
 ParOldGen       total 86016K, used 8875K [0x0000000083a00000, 0x0000000088e00000, 0x00000000d6900000)
  object space 86016K, 10% used [0x0000000083a00000,0x00000000842aadf8,0x0000000088e00000)
 Metaspace       used 14099K, capacity 14454K, committed 14592K, reserved 1062912K
  class space    used 1602K, capacity 1736K, committed 1792K, reserved 1048576K
}

