# JRE version: Java(TM) SE Runtime Environment (8.0_181-b13) (build 1.8.0_181-b13)
# Java VM: Java HotSpot(TM) 64-Bit Server VM (25.181-b13 mixed mode linux-amd64 compressed oops)
Heap:
 PSYoungGen      total 229376K, used 21952K [0x00000000d6900000, 0x00000000e8000000, 0x0000000100000000)
  eden space 199168K, 0% used [0x00000000d6900000,0x00000000d6900000,0x00000000e2b80000)
  from space 30208K, 72% used [0x00000000e4500000,0x00000000e5a70170,0x00000000e6280000)
  to   space 18432K, 0% used [0x00000000e6e00000,0x00000000e6e00000,0x00000000e8000000)
 ParOldGen       total 86016K, used 59398K [0x0000000083a00000, 0x0000000088e00000, 0x00000000d6900000)
  object space 86016K, 69% used [0x0000000083a00000,0x0000000087401a68,0x0000000088e00000)
 Metaspace       used 20694K, capacity 21200K, committed 21248K, reserved 1069056K
  class space    used 2385K, capacity 2550K, committed 2560K, reserved 1048576K
GC Heap History (10 events):
Event: 87.723 GC heap after
Heap after GC invocations=7 (full 1):
 PSYoungGen      total 69120K, used 5111K [0x00000000d6900000, 0x00000000db600000, 0x0000000100000000)
  eden space 64000K, 0% used [0x00000000d6900000,0x00000000d6900000,0x00000000da780000)
  from space 5120K, 99% used [0x00000000dae00000,0x00000000db2fdcb0,0x00000000db300000)
  to   space 6656K, 0% used [0x00000000da780000,0x00000000da780000,0x00000000dae00000)
 ParOldGen       total 86016K, used 6128K [0x0000000083a00000, 0x0000000088e00000, 0x00000000d6900000)
  object space 86016K, 7% used [0x0000000083a00000,0x0000000083ffc2f0,0x0000000088e00000)
 Metaspace       used 13894K, capacity 14306K, committed 14592K, reserved 1062912K
  class space    used 1594K, capacity 1704K, committed 1792K, reserved 1048576K
}
Event: 88.323 GC heap before
{Heap before GC invocations=8 (full 1):
 PSYoungGen      total 69120K, used 69111K [0x00000000d6900000, 0x00000000db600000, 0x0000000100000000)
  eden space 64000K, 100% used [0x00000000d6900000,0x00000000da780000,0x00000000da780000)
  from space 5120K, 99% used [0x00000000dae00000,0x00000000db2fdcb0,0x00000000db300000)
  to   space 6656K, 0% used [0x00000000da780000,0x00000000da780000,0x00000000dae00000)
 ParOldGen       total 86016K, used 6128K [0x0000000083a00000, 0x0000000088e00000, 0x00000000d6900000)
  object space 86016K, 7% used [0x0000000083a00000,0x0000000083ffc2f0,0x0000000088e00000)
 Metaspace       used 13939K, capacity 14370K, committed 14592K, reserved 1062912K
  class space    used 1594K, capacity 1704K, committed 1792K, reserved 1048576K
Event: 88.366 GC heap after
Heap after GC invocations=8 (full 1):
 PSYoungGen      total 70656K, used 6647K [0x00000000d6900000, 0x00000000df400000, 0x0000000100000000)
  eden space 64000K, 0% used [0x00000000d6900000,0x00000000d6900000,0x00000000da780000)
  from space 6656K, 99% used [0x00000000da780000,0x00000000dadfdca0,0x00000000dae00000)
  to   space 7168K, 0% used [0x00000000ded00000,0x00000000ded00000,0x00000000df400000)
 ParOldGen       total 86016K, used 6926K [0x0000000083a00000, 0x0000000088e00000, 0x00000000d6900000)
  object space 86016K, 8% used [0x0000000083a00000,0x00000000840c39e8,0x0000000088e00000)
 Metaspace       used 13939K, capacity 14370K, committed 14592K, reserved 1062912K
  class space    used 1594K, capacity 1704K, committed 1792K, reserved 1048576K
}
Event: 90.628 GC heap before
{Heap before GC invocations=9 (full 1):
 PSYoungGen      total 70656K, used 70647K [0x00000000d6900000, 0x00000000df400000, 0x0000000100000000)
  eden space 64000K, 100% used [0x00000000d6900000,0x00000000da780000,0x00000000da780000)
  from space 6656K, 99% used [0x00000000da780000,0x00000000dadfdca0,0x00000000dae00000)
  to   space 7168K, 0% used [0x00000000ded00000,0x00000000ded00000,0x00000000df400000)
 ParOldGen       total 86016K, used 6926K [0x0000000083a00000, 0x0000000088e00000, 0x00000000d6900000)
  object space 86016K, 8% used [0x0000000083a00000,0x00000000840c39e8,0x0000000088e00000)
 Metaspace       used 16493K, capacity 16968K, committed 17152K, reserved 1064960K
  class space    used 1831K, capacity 1952K, committed 2048K, reserved 1048576K
Event: 90.684 GC heap after
Heap after GC invocations=9 (full 1):
 PSYoungGen      total 131584K, used 7159K [0x00000000d6900000, 0x00000000dfb00000, 0x0000000100000000)
  eden space 124416K, 0% used [0x00000000d6900000,0x00000000d6900000,0x00000000de280000)
  from space 7168K, 99% used [0x00000000ded00000,0x00000000df3fdf50,0x00000000df400000)
  to   space 10752K, 0% used [0x00000000de280000,0x00000000de280000,0x00000000ded00000)
 ParOldGen       total 86016K, used 12984K [0x0000000083a00000, 0x0000000088e00000, 0x00000000d6900000)
  object space 86016K, 15% used [0x0000000083a00000,0x00000000846ae2e0,0x0000000088e00000)
 Metaspace       used 16493K, capacity 16968K, committed 17152K, reserved 1064960K
  class space    used 1831K, capacity 1952K, committed 2048K, reserved 1048576K
}
Event: 105.653 GC heap before
{Heap before GC invocations=10 (full 1):
 PSYoungGen      total 131584K, used 131575K [0x00000000d6900000, 0x00000000dfb00000, 0x0000000100000000)
  eden space 124416K, 100% used [0x00000000d6900000,0x00000000de280000,0x00000000de280000)
  from space 7168K, 99% used [0x00000000ded00000,0x00000000df3fdf50,0x00000000df400000)
  to   space 10752K, 0% used [0x00000000de280000,0x00000000de280000,0x00000000ded00000)
 ParOldGen       total 86016K, used 12984K [0x0000000083a00000, 0x0000000088e00000, 0x00000000d6900000)
  object space 86016K, 15% used [0x0000000083a00000,0x00000000846ae2e0,0x0000000088e00000)
 Metaspace       used 19600K, capacity 20138K, committed 20352K, reserved 1067008K
  class space    used 2250K, capacity 2417K, committed 2432K, reserved 1048576K
Event: 105.816 GC heap after
Heap after GC invocations=10 (full 1):
 PSYoungGen      total 135168K, used 10738K [0x00000000d6900000, 0x00000000e8000000, 0x0000000100000000)
  eden space 124416K, 0% used [0x00000000d6900000,0x00000000d6900000,0x00000000de280000)
  from space 10752K, 99% used [0x00000000de280000,0x00000000decfcb88,0x00000000ded00000)
  to   space 18432K, 0% used [0x00000000e6e00000,0x00000000e6e00000,0x00000000e8000000)
 ParOldGen       total 86016K, used 29647K [0x0000000083a00000, 0x0000000088e00000, 0x00000000d6900000)
  object space 86016K, 34% used [0x0000000083a00000,0x00000000856f3e30,0x0000000088e00000)
 Metaspace       used 19600K, capacity 20138K, committed 20352K, reserved 1067008K
  class space    used 2250K, capacity 2417K, committed 2432K, reserved 1048576K
}
Event: 116.769 GC heap before
{Heap before GC invocations=11 (full 1):
 PSYoungGen      total 135168K, used 135154K [0x00000000d6900000, 0x00000000e8000000, 0x0000000100000000)
  eden space 124416K, 100% used [0x00000000d6900000,0x00000000de280000,0x00000000de280000)
  from space 10752K, 99% used [0x00000000de280000,0x00000000decfcb88,0x00000000ded00000)
  to   space 18432K, 0% used [0x00000000e6e00000,0x00000000e6e00000,0x00000000e8000000)
 ParOldGen       total 86016K, used 29647K [0x0000000083a00000, 0x0000000088e00000, 0x00000000d6900000)
  object space 86016K, 34% used [0x0000000083a00000,0x00000000856f3e30,0x0000000088e00000)
 Metaspace       used 20591K, capacity 21122K, committed 21248K, reserved 1069056K
  class space    used 2383K, capacity 2549K, committed 2560K, reserved 1048576K
Event: 117.298 GC heap after
Heap after GC invocations=11 (full 1):
 PSYoungGen      total 217600K, used 18415K [0x00000000d6900000, 0x00000000e8000000, 0x0000000100000000)
  eden space 199168K, 0% used [0x00000000d6900000,0x00000000d6900000,0x00000000e2b80000)
  from space 18432K, 99% used [0x00000000e6e00000,0x00000000e7ffbfb8,0x00000000e8000000)
  to   space 30208K, 0% used [0x00000000e4500000,0x00000000e4500000,0x00000000e6280000)
 ParOldGen       total 86016K, used 53496K [0x0000000083a00000, 0x0000000088e00000, 0x00000000d6900000)
  object space 86016K, 62% used [0x0000000083a00000,0x0000000086e3e158,0x0000000088e00000)
 Metaspace       used 20591K, capacity 21122K, committed 21248K, reserved 1069056K
  class space    used 2383K, capacity 2549K, committed 2560K, reserved 1048576K
}
Event: 147.557 GC heap before
{Heap before GC invocations=12 (full 1):
 PSYoungGen      total 217600K, used 77865K [0x00000000d6900000, 0x00000000e8000000, 0x0000000100000000)
  eden space 199168K, 29% used [0x00000000d6900000,0x00000000da30e690,0x00000000e2b80000)
  from space 18432K, 99% used [0x00000000e6e00000,0x00000000e7ffbfb8,0x00000000e8000000)
  to   space 30208K, 0% used [0x00000000e4500000,0x00000000e4500000,0x00000000e6280000)
 ParOldGen       total 86016K, used 53496K [0x0000000083a00000, 0x0000000088e00000, 0x00000000d6900000)
  object space 86016K, 62% used [0x0000000083a00000,0x0000000086e3e158,0x0000000088e00000)
 Metaspace       used 20694K, capacity 21200K, committed 21248K, reserved 1069056K
  class space    used 2385K, capacity 2550K, committed 2560K, reserved 1048576K

