# JRE version: Java(TM) SE Runtime Environment (8.0_181-b13) (build 1.8.0_181-b13)
# Java VM: Java HotSpot(TM) 64-Bit Server VM (25.181-b13 mixed mode linux-amd64 compressed oops)
Heap:
 PSYoungGen      total 70656K, used 5106K [0x00000000d6900000, 0x00000000df300000, 0x0000000100000000)
  eden space 65536K, 0% used [0x00000000d6900000,0x00000000d6900000,0x00000000da900000)
  from space 5120K, 99% used [0x00000000dee00000,0x00000000df2fc870,0x00000000df300000)
  to   space 5120K, 0% used [0x00000000da900000,0x00000000da900000,0x00000000dae00000)
 ParOldGen       total 86016K, used 53766K [0x0000000083a00000, 0x0000000088e00000, 0x00000000d6900000)
  object space 86016K, 62% used [0x0000000083a00000,0x0000000086e81a50,0x0000000088e00000)
 Metaspace       used 17048K, capacity 17602K, committed 17664K, reserved 1064960K
  class space    used 1906K, capacity 2041K, committed 2048K, reserved 1048576K
GC Heap History (10 events):
Event: 3.967 GC heap after
Heap after GC invocations=2 (full 0):
 PSYoungGen      total 70656K, used 5120K [0x00000000d6900000, 0x00000000db300000, 0x0000000100000000)
  eden space 65536K, 0% used [0x00000000d6900000,0x00000000d6900000,0x00000000da900000)
  from space 5120K, 100% used [0x00000000dae00000,0x00000000db300000,0x00000000db300000)
  to   space 5120K, 0% used [0x00000000da900000,0x00000000da900000,0x00000000dae00000)
 ParOldGen       total 86016K, used 7027K [0x0000000083a00000, 0x0000000088e00000, 0x00000000d6900000)
  object space 86016K, 8% used [0x0000000083a00000,0x00000000840dcd18,0x0000000088e00000)
 Metaspace       used 10249K, capacity 10396K, committed 10624K, reserved 1058816K
  class space    used 1237K, capacity 1319K, committed 1408K, reserved 1048576K
}
Event: 3.967 GC heap before
{Heap before GC invocations=3 (full 1):
 PSYoungGen      total 70656K, used 5120K [0x00000000d6900000, 0x00000000db300000, 0x0000000100000000)
  eden space 65536K, 0% used [0x00000000d6900000,0x00000000d6900000,0x00000000da900000)
  from space 5120K, 100% used [0x00000000dae00000,0x00000000db300000,0x00000000db300000)
  to   space 5120K, 0% used [0x00000000da900000,0x00000000da900000,0x00000000dae00000)
 ParOldGen       total 86016K, used 7027K [0x0000000083a00000, 0x0000000088e00000, 0x00000000d6900000)
  object space 86016K, 8% used [0x0000000083a00000,0x00000000840dcd18,0x0000000088e00000)
 Metaspace       used 10249K, capacity 10396K, committed 10624K, reserved 1058816K
  class space    used 1237K, capacity 1319K, committed 1408K, reserved 1048576K
Event: 4.118 GC heap after
Heap after GC invocations=3 (full 1):
 PSYoungGen      total 70656K, used 0K [0x00000000d6900000, 0x00000000db300000, 0x0000000100000000)
  eden space 65536K, 0% used [0x00000000d6900000,0x00000000d6900000,0x00000000da900000)
  from space 5120K, 0% used [0x00000000dae00000,0x00000000dae00000,0x00000000db300000)
  to   space 5120K, 0% used [0x00000000da900000,0x00000000da900000,0x00000000dae00000)
 ParOldGen       total 86016K, used 10658K [0x0000000083a00000, 0x0000000088e00000, 0x00000000d6900000)
  object space 86016K, 12% used [0x0000000083a00000,0x0000000084468be0,0x0000000088e00000)
 Metaspace       used 10241K, capacity 10386K, committed 10624K, reserved 1058816K
  class space    used 1236K, capacity 1317K, committed 1408K, reserved 1048576K
}
Event: 104.017 GC heap before
{Heap before GC invocations=4 (full 1):
 PSYoungGen      total 70656K, used 65536K [0x00000000d6900000, 0x00000000db300000, 0x0000000100000000)
  eden space 65536K, 100% used [0x00000000d6900000,0x00000000da900000,0x00000000da900000)
  from space 5120K, 0% used [0x00000000dae00000,0x00000000dae00000,0x00000000db300000)
  to   space 5120K, 0% used [0x00000000da900000,0x00000000da900000,0x00000000dae00000)
 ParOldGen       total 86016K, used 10658K [0x0000000083a00000, 0x0000000088e00000, 0x00000000d6900000)
  object space 86016K, 12% used [0x0000000083a00000,0x0000000084468be0,0x0000000088e00000)
 Metaspace       used 14753K, capacity 15196K, committed 15488K, reserved 1062912K
  class space    used 1667K, capacity 1822K, committed 1920K, reserved 1048576K
Event: 104.092 GC heap after
Heap after GC invocations=4 (full 1):
 PSYoungGen      total 70656K, used 5110K [0x00000000d6900000, 0x00000000db300000, 0x0000000100000000)
  eden space 65536K, 0% used [0x00000000d6900000,0x00000000d6900000,0x00000000da900000)
  from space 5120K, 99% used [0x00000000da900000,0x00000000dadfdaa8,0x00000000dae00000)
  to   space 5120K, 0% used [0x00000000dae00000,0x00000000dae00000,0x00000000db300000)
 ParOldGen       total 86016K, used 12764K [0x0000000083a00000, 0x0000000088e00000, 0x00000000d6900000)
  object space 86016K, 14% used [0x0000000083a00000,0x0000000084677190,0x0000000088e00000)
 Metaspace       used 14753K, capacity 15196K, committed 15488K, reserved 1062912K
  class space    used 1667K, capacity 1822K, committed 1920K, reserved 1048576K
}
Event: 107.483 GC heap before
{Heap before GC invocations=5 (full 1):
 PSYoungGen      total 70656K, used 70038K [0x00000000d6900000, 0x00000000db300000, 0x0000000100000000)
  eden space 65536K, 99% used [0x00000000d6900000,0x00000000da868118,0x00000000da900000)
  from space 5120K, 99% used [0x00000000da900000,0x00000000dadfdaa8,0x00000000dae00000)
  to   space 5120K, 0% used [0x00000000dae00000,0x00000000dae00000,0x00000000db300000)
 ParOldGen       total 86016K, used 12764K [0x0000000083a00000, 0x0000000088e00000, 0x00000000d6900000)
  object space 86016K, 14% used [0x0000000083a00000,0x0000000084677190,0x0000000088e00000)
 Metaspace       used 15837K, capacity 16362K, committed 16640K, reserved 1064960K
  class space    used 1799K, capacity 1963K, committed 2048K, reserved 1048576K
Event: 107.596 GC heap after
Heap after GC invocations=5 (full 1):
 PSYoungGen      total 70656K, used 5116K [0x00000000d6900000, 0x00000000df300000, 0x0000000100000000)
  eden space 65536K, 0% used [0x00000000d6900000,0x00000000d6900000,0x00000000da900000)
  from space 5120K, 99% used [0x00000000dae00000,0x00000000db2ff200,0x00000000db300000)
  to   space 5120K, 0% used [0x00000000da900000,0x00000000da900000,0x00000000dae00000)
 ParOldGen       total 86016K, used 25183K [0x0000000083a00000, 0x0000000088e00000, 0x00000000d6900000)
  object space 86016K, 29% used [0x0000000083a00000,0x0000000085297fb0,0x0000000088e00000)
 Metaspace       used 15837K, capacity 16362K, committed 16640K, reserved 1064960K
  class space    used 1799K, capacity 1963K, committed 2048K, reserved 1048576K
}
Event: 112.328 GC heap before
{Heap before GC invocations=6 (full 1):
 PSYoungGen      total 70656K, used 70652K [0x00000000d6900000, 0x00000000df300000, 0x0000000100000000)
  eden space 65536K, 100% used [0x00000000d6900000,0x00000000da900000,0x00000000da900000)
  from space 5120K, 99% used [0x00000000dae00000,0x00000000db2ff200,0x00000000db300000)
  to   space 5120K, 0% used [0x00000000da900000,0x00000000da900000,0x00000000dae00000)
 ParOldGen       total 86016K, used 25183K [0x0000000083a00000, 0x0000000088e00000, 0x00000000d6900000)
  object space 86016K, 29% used [0x0000000083a00000,0x0000000085297fb0,0x0000000088e00000)
 Metaspace       used 16118K, capacity 16612K, committed 16896K, reserved 1064960K
  class space    used 1824K, capacity 1974K, committed 2048K, reserved 1048576K
Event: 112.549 GC heap after
Heap after GC invocations=6 (full 1):
 PSYoungGen      total 70656K, used 5102K [0x00000000d6900000, 0x00000000df300000, 0x0000000100000000)
  eden space 65536K, 0% used [0x00000000d6900000,0x00000000d6900000,0x00000000da900000)
  from space 5120K, 99% used [0x00000000da900000,0x00000000dadfbba8,0x00000000dae00000)
  to   space 5120K, 0% used [0x00000000dee00000,0x00000000dee00000,0x00000000df300000)
 ParOldGen       total 86016K, used 45531K [0x0000000083a00000, 0x0000000088e00000, 0x00000000d6900000)
  object space 86016K, 52% used [0x0000000083a00000,0x0000000086676d90,0x0000000088e00000)
 Metaspace       used 16118K, capacity 16612K, committed 16896K, reserved 1064960K
  class space    used 1824K, capacity 1974K, committed 2048K, reserved 1048576K
}
Event: 122.063 GC heap before
{Heap before GC invocations=7 (full 1):
 PSYoungGen      total 70656K, used 70627K [0x00000000d6900000, 0x00000000df300000, 0x0000000100000000)
  eden space 65536K, 99% used [0x00000000d6900000,0x00000000da8fd268,0x00000000da900000)
  from space 5120K, 99% used [0x00000000da900000,0x00000000dadfbba8,0x00000000dae00000)
  to   space 5120K, 0% used [0x00000000dee00000,0x00000000dee00000,0x00000000df300000)
 ParOldGen       total 86016K, used 45531K [0x0000000083a00000, 0x0000000088e00000, 0x00000000d6900000)
  object space 86016K, 52% used [0x0000000083a00000,0x0000000086676d90,0x0000000088e00000)
 Metaspace       used 17048K, capacity 17602K, committed 17664K, reserved 1064960K
  class space    used 1906K, capacity 2041K, committed 2048K, reserved 1048576K

