# JRE version: Java(TM) SE Runtime Environment (8.0_181-b13) (build 1.8.0_181-b13)
# Java VM: Java HotSpot(TM) 64-Bit Server VM (25.181-b13 mixed mode linux-amd64 compressed oops)
Heap:
 PSYoungGen      total 227840K, used 20904K [0x00000000d6900000, 0x00000000e8000000, 0x0000000100000000)
  eden space 200704K, 0% used [0x00000000d6900000,0x00000000d6900000,0x00000000e2d00000)
  from space 27136K, 77% used [0x00000000e4b00000,0x00000000e5f6a0e8,0x00000000e6580000)
  to   space 17408K, 0% used [0x00000000e6f00000,0x00000000e6f00000,0x00000000e8000000)
 ParOldGen       total 86016K, used 51367K [0x0000000083a00000, 0x0000000088e00000, 0x00000000d6900000)
  object space 86016K, 59% used [0x0000000083a00000,0x0000000086c29df8,0x0000000088e00000)
 Metaspace       used 20693K, capacity 21204K, committed 21248K, reserved 1069056K
  class space    used 2377K, capacity 2552K, committed 2560K, reserved 1048576K
GC Heap History (10 events):
Event: 91.808 GC heap after
Heap after GC invocations=7 (full 1):
 PSYoungGen      total 69632K, used 5106K [0x00000000d6900000, 0x00000000db500000, 0x0000000100000000)
  eden space 64512K, 0% used [0x00000000d6900000,0x00000000d6900000,0x00000000da800000)
  from space 5120K, 99% used [0x00000000dae00000,0x00000000db2fca00,0x00000000db300000)
  to   space 6144K, 0% used [0x00000000da800000,0x00000000da800000,0x00000000dae00000)
 ParOldGen       total 86016K, used 4857K [0x0000000083a00000, 0x0000000088e00000, 0x00000000d6900000)
  object space 86016K, 5% used [0x0000000083a00000,0x0000000083ebe5e8,0x0000000088e00000)
 Metaspace       used 13832K, capacity 14238K, committed 14592K, reserved 1062912K
  class space    used 1575K, capacity 1668K, committed 1792K, reserved 1048576K
}
Event: 92.771 GC heap before
{Heap before GC invocations=8 (full 1):
 PSYoungGen      total 69632K, used 69618K [0x00000000d6900000, 0x00000000db500000, 0x0000000100000000)
  eden space 64512K, 100% used [0x00000000d6900000,0x00000000da800000,0x00000000da800000)
  from space 5120K, 99% used [0x00000000dae00000,0x00000000db2fca00,0x00000000db300000)
  to   space 6144K, 0% used [0x00000000da800000,0x00000000da800000,0x00000000dae00000)
 ParOldGen       total 86016K, used 4857K [0x0000000083a00000, 0x0000000088e00000, 0x00000000d6900000)
  object space 86016K, 5% used [0x0000000083a00000,0x0000000083ebe5e8,0x0000000088e00000)
 Metaspace       used 14057K, capacity 14430K, committed 14592K, reserved 1062912K
  class space    used 1577K, capacity 1668K, committed 1792K, reserved 1048576K
Event: 92.844 GC heap after
Heap after GC invocations=8 (full 1):
 PSYoungGen      total 70656K, used 6123K [0x00000000d6900000, 0x00000000df600000, 0x0000000100000000)
  eden space 64512K, 0% used [0x00000000d6900000,0x00000000d6900000,0x00000000da800000)
  from space 6144K, 99% used [0x00000000da800000,0x00000000dadfae38,0x00000000dae00000)
  to   space 7680K, 0% used [0x00000000dee80000,0x00000000dee80000,0x00000000df600000)
 ParOldGen       total 86016K, used 6826K [0x0000000083a00000, 0x0000000088e00000, 0x00000000d6900000)
  object space 86016K, 7% used [0x0000000083a00000,0x00000000840aab40,0x0000000088e00000)
 Metaspace       used 14057K, capacity 14430K, committed 14592K, reserved 1062912K
  class space    used 1577K, capacity 1668K, committed 1792K, reserved 1048576K
}
Event: 97.076 GC heap before
{Heap before GC invocations=9 (full 1):
 PSYoungGen      total 70656K, used 70635K [0x00000000d6900000, 0x00000000df600000, 0x0000000100000000)
  eden space 64512K, 100% used [0x00000000d6900000,0x00000000da800000,0x00000000da800000)
  from space 6144K, 99% used [0x00000000da800000,0x00000000dadfae38,0x00000000dae00000)
  to   space 7680K, 0% used [0x00000000dee80000,0x00000000dee80000,0x00000000df600000)
 ParOldGen       total 86016K, used 6826K [0x0000000083a00000, 0x0000000088e00000, 0x00000000d6900000)
  object space 86016K, 7% used [0x0000000083a00000,0x00000000840aab40,0x0000000088e00000)
 Metaspace       used 16917K, capacity 17448K, committed 17664K, reserved 1064960K
  class space    used 1865K, capacity 2024K, committed 2048K, reserved 1048576K
Event: 97.227 GC heap after
Heap after GC invocations=9 (full 1):
 PSYoungGen      total 133120K, used 7656K [0x00000000d6900000, 0x00000000dfd00000, 0x0000000100000000)
  eden space 125440K, 0% used [0x00000000d6900000,0x00000000d6900000,0x00000000de380000)
  from space 7680K, 99% used [0x00000000dee80000,0x00000000df5fa2e0,0x00000000df600000)
  to   space 11264K, 0% used [0x00000000de380000,0x00000000de380000,0x00000000dee80000)
 ParOldGen       total 86016K, used 13563K [0x0000000083a00000, 0x0000000088e00000, 0x00000000d6900000)
  object space 86016K, 15% used [0x0000000083a00000,0x000000008473ee60,0x0000000088e00000)
 Metaspace       used 16917K, capacity 17448K, committed 17664K, reserved 1064960K
  class space    used 1865K, capacity 2024K, committed 2048K, reserved 1048576K
}
Event: 108.394 GC heap before
{Heap before GC invocations=10 (full 1):
 PSYoungGen      total 133120K, used 133096K [0x00000000d6900000, 0x00000000dfd00000, 0x0000000100000000)
  eden space 125440K, 100% used [0x00000000d6900000,0x00000000de380000,0x00000000de380000)
  from space 7680K, 99% used [0x00000000dee80000,0x00000000df5fa2e0,0x00000000df600000)
  to   space 11264K, 0% used [0x00000000de380000,0x00000000de380000,0x00000000dee80000)
 ParOldGen       total 86016K, used 13563K [0x0000000083a00000, 0x0000000088e00000, 0x00000000d6900000)
  object space 86016K, 15% used [0x0000000083a00000,0x000000008473ee60,0x0000000088e00000)
 Metaspace       used 19774K, capacity 20280K, committed 20352K, reserved 1067008K
  class space    used 2242K, capacity 2384K, committed 2432K, reserved 1048576K
Event: 108.673 GC heap after
Heap after GC invocations=10 (full 1):
 PSYoungGen      total 136704K, used 11259K [0x00000000d6900000, 0x00000000e8000000, 0x0000000100000000)
  eden space 125440K, 0% used [0x00000000d6900000,0x00000000d6900000,0x00000000de380000)
  from space 11264K, 99% used [0x00000000de380000,0x00000000dee7efb8,0x00000000dee80000)
  to   space 17408K, 0% used [0x00000000e6f00000,0x00000000e6f00000,0x00000000e8000000)
 ParOldGen       total 86016K, used 25282K [0x0000000083a00000, 0x0000000088e00000, 0x00000000d6900000)
  object space 86016K, 29% used [0x0000000083a00000,0x00000000852b0970,0x0000000088e00000)
 Metaspace       used 19774K, capacity 20280K, committed 20352K, reserved 1067008K
  class space    used 2242K, capacity 2384K, committed 2432K, reserved 1048576K
}
Event: 125.809 GC heap before
{Heap before GC invocations=11 (full 1):
 PSYoungGen      total 136704K, used 136699K [0x00000000d6900000, 0x00000000e8000000, 0x0000000100000000)
  eden space 125440K, 100% used [0x00000000d6900000,0x00000000de380000,0x00000000de380000)
  from space 11264K, 99% used [0x00000000de380000,0x00000000dee7efb8,0x00000000dee80000)
  to   space 17408K, 0% used [0x00000000e6f00000,0x00000000e6f00000,0x00000000e8000000)
 ParOldGen       total 86016K, used 25282K [0x0000000083a00000, 0x0000000088e00000, 0x00000000d6900000)
  object space 86016K, 29% used [0x0000000083a00000,0x00000000852b0970,0x0000000088e00000)
 Metaspace       used 20618K, capacity 21140K, committed 21248K, reserved 1069056K
  class space    used 2373K, capacity 2552K, committed 2560K, reserved 1048576K
Event: 126.201 GC heap after
Heap after GC invocations=11 (full 1):
 PSYoungGen      total 218112K, used 17403K [0x00000000d6900000, 0x00000000e8000000, 0x0000000100000000)
  eden space 200704K, 0% used [0x00000000d6900000,0x00000000d6900000,0x00000000e2d00000)
  from space 17408K, 99% used [0x00000000e6f00000,0x00000000e7ffef60,0x00000000e8000000)
  to   space 27136K, 0% used [0x00000000e4b00000,0x00000000e4b00000,0x00000000e6580000)
 ParOldGen       total 86016K, used 45227K [0x0000000083a00000, 0x0000000088e00000, 0x00000000d6900000)
  object space 86016K, 52% used [0x0000000083a00000,0x000000008662ae88,0x0000000088e00000)
 Metaspace       used 20618K, capacity 21140K, committed 21248K, reserved 1069056K
  class space    used 2373K, capacity 2552K, committed 2560K, reserved 1048576K
}
Event: 144.196 GC heap before
{Heap before GC invocations=12 (full 1):
 PSYoungGen      total 218112K, used 59399K [0x00000000d6900000, 0x00000000e8000000, 0x0000000100000000)
  eden space 200704K, 20% used [0x00000000d6900000,0x00000000d9202f20,0x00000000e2d00000)
  from space 17408K, 99% used [0x00000000e6f00000,0x00000000e7ffef60,0x00000000e8000000)
  to   space 27136K, 0% used [0x00000000e4b00000,0x00000000e4b00000,0x00000000e6580000)
 ParOldGen       total 86016K, used 45227K [0x0000000083a00000, 0x0000000088e00000, 0x00000000d6900000)
  object space 86016K, 52% used [0x0000000083a00000,0x000000008662ae88,0x0000000088e00000)
 Metaspace       used 20693K, capacity 21204K, committed 21248K, reserved 1069056K
  class space    used 2377K, capacity 2552K, committed 2560K, reserved 1048576K

