# JRE version: Java(TM) SE Runtime Environment (8.0_181-b13) (build 1.8.0_181-b13)
# Java VM: Java HotSpot(TM) 64-Bit Server VM (25.181-b13 mixed mode linux-amd64 compressed oops)
Heap:
 PSYoungGen      total 71168K, used 7151K [0x00000000d6900000, 0x00000000df400000, 0x0000000100000000)
  eden space 64000K, 0% used [0x00000000d6900000,0x00000000d6900000,0x00000000da780000)
  from space 7168K, 99% used [0x00000000ded00000,0x00000000df3fbd00,0x00000000df400000)
  to   space 6656K, 0% used [0x00000000da780000,0x00000000da780000,0x00000000dae00000)
 ParOldGen       total 86016K, used 12717K [0x0000000083a00000, 0x0000000088e00000, 0x00000000d6900000)
  object space 86016K, 14% used [0x0000000083a00000,0x000000008466b6b0,0x0000000088e00000)
 Metaspace       used 16606K, capacity 17048K, committed 17152K, reserved 1064960K
  class space    used 1842K, capacity 1954K, committed 2048K, reserved 1048576K
GC Heap History (10 events):
Event: 118.494 GC heap after
Heap after GC invocations=4 (full 1):
 PSYoungGen      total 37888K, used 5102K [0x00000000d6900000, 0x00000000d9300000, 0x0000000100000000)
  eden space 32768K, 0% used [0x00000000d6900000,0x00000000d6900000,0x00000000d8900000)
  from space 5120K, 99% used [0x00000000d8900000,0x00000000d8dfbb80,0x00000000d8e00000)
  to   space 5120K, 0% used [0x00000000d8e00000,0x00000000d8e00000,0x00000000d9300000)
 ParOldGen       total 86016K, used 4999K [0x0000000083a00000, 0x0000000088e00000, 0x00000000d6900000)
  object space 86016K, 5% used [0x0000000083a00000,0x0000000083ee1c50,0x0000000088e00000)
 Metaspace       used 13872K, capacity 14348K, committed 14592K, reserved 1062912K
  class space    used 1597K, capacity 1737K, committed 1792K, reserved 1048576K
}
Event: 119.462 GC heap before
{Heap before GC invocations=5 (full 1):
 PSYoungGen      total 37888K, used 37870K [0x00000000d6900000, 0x00000000d9300000, 0x0000000100000000)
  eden space 32768K, 100% used [0x00000000d6900000,0x00000000d8900000,0x00000000d8900000)
  from space 5120K, 99% used [0x00000000d8900000,0x00000000d8dfbb80,0x00000000d8e00000)
  to   space 5120K, 0% used [0x00000000d8e00000,0x00000000d8e00000,0x00000000d9300000)
 ParOldGen       total 86016K, used 4999K [0x0000000083a00000, 0x0000000088e00000, 0x00000000d6900000)
  object space 86016K, 5% used [0x0000000083a00000,0x0000000083ee1c50,0x0000000088e00000)
 Metaspace       used 13893K, capacity 14348K, committed 14592K, reserved 1062912K
  class space    used 1597K, capacity 1737K, committed 1792K, reserved 1048576K
Event: 119.479 GC heap after
Heap after GC invocations=5 (full 1):
 PSYoungGen      total 37888K, used 5090K [0x00000000d6900000, 0x00000000d9300000, 0x0000000100000000)
  eden space 32768K, 0% used [0x00000000d6900000,0x00000000d6900000,0x00000000d8900000)
  from space 5120K, 99% used [0x00000000d8e00000,0x00000000d92f8b30,0x00000000d9300000)
  to   space 5120K, 0% used [0x00000000d8900000,0x00000000d8900000,0x00000000d8e00000)
 ParOldGen       total 86016K, used 5931K [0x0000000083a00000, 0x0000000088e00000, 0x00000000d6900000)
  object space 86016K, 6% used [0x0000000083a00000,0x0000000083fcad20,0x0000000088e00000)
 Metaspace       used 13893K, capacity 14348K, committed 14592K, reserved 1062912K
  class space    used 1597K, capacity 1737K, committed 1792K, reserved 1048576K
}
Event: 119.944 GC heap before
{Heap before GC invocations=6 (full 1):
 PSYoungGen      total 37888K, used 37858K [0x00000000d6900000, 0x00000000d9300000, 0x0000000100000000)
  eden space 32768K, 100% used [0x00000000d6900000,0x00000000d8900000,0x00000000d8900000)
  from space 5120K, 99% used [0x00000000d8e00000,0x00000000d92f8b30,0x00000000d9300000)
  to   space 5120K, 0% used [0x00000000d8900000,0x00000000d8900000,0x00000000d8e00000)
 ParOldGen       total 86016K, used 5931K [0x0000000083a00000, 0x0000000088e00000, 0x00000000d6900000)
  object space 86016K, 6% used [0x0000000083a00000,0x0000000083fcad20,0x0000000088e00000)
 Metaspace       used 13913K, capacity 14412K, committed 14592K, reserved 1062912K
  class space    used 1597K, capacity 1737K, committed 1792K, reserved 1048576K
Event: 119.966 GC heap after
Heap after GC invocations=6 (full 1):
 PSYoungGen      total 37888K, used 5090K [0x00000000d6900000, 0x00000000db300000, 0x0000000100000000)
  eden space 32768K, 0% used [0x00000000d6900000,0x00000000d6900000,0x00000000d8900000)
  from space 5120K, 99% used [0x00000000d8900000,0x00000000d8df8b30,0x00000000d8e00000)
  to   space 5120K, 0% used [0x00000000dae00000,0x00000000dae00000,0x00000000db300000)
 ParOldGen       total 86016K, used 6187K [0x0000000083a00000, 0x0000000088e00000, 0x00000000d6900000)
  object space 86016K, 7% used [0x0000000083a00000,0x000000008400ad20,0x0000000088e00000)
 Metaspace       used 13913K, capacity 14412K, committed 14592K, reserved 1062912K
  class space    used 1597K, capacity 1737K, committed 1792K, reserved 1048576K
}
Event: 120.329 GC heap before
{Heap before GC invocations=7 (full 1):
 PSYoungGen      total 37888K, used 37858K [0x00000000d6900000, 0x00000000db300000, 0x0000000100000000)
  eden space 32768K, 100% used [0x00000000d6900000,0x00000000d8900000,0x00000000d8900000)
  from space 5120K, 99% used [0x00000000d8900000,0x00000000d8df8b30,0x00000000d8e00000)
  to   space 5120K, 0% used [0x00000000dae00000,0x00000000dae00000,0x00000000db300000)
 ParOldGen       total 86016K, used 6187K [0x0000000083a00000, 0x0000000088e00000, 0x00000000d6900000)
  object space 86016K, 7% used [0x0000000083a00000,0x000000008400ad20,0x0000000088e00000)
 Metaspace       used 13940K, capacity 14412K, committed 14592K, reserved 1062912K
  class space    used 1597K, capacity 1737K, committed 1792K, reserved 1048576K
Event: 120.348 GC heap after
Heap after GC invocations=7 (full 1):
 PSYoungGen      total 69120K, used 5091K [0x00000000d6900000, 0x00000000db600000, 0x0000000100000000)
  eden space 64000K, 0% used [0x00000000d6900000,0x00000000d6900000,0x00000000da780000)
  from space 5120K, 99% used [0x00000000dae00000,0x00000000db2f8d28,0x00000000db300000)
  to   space 6656K, 0% used [0x00000000da780000,0x00000000da780000,0x00000000dae00000)
 ParOldGen       total 86016K, used 6360K [0x0000000083a00000, 0x0000000088e00000, 0x00000000d6900000)
  object space 86016K, 7% used [0x0000000083a00000,0x0000000084036130,0x0000000088e00000)
 Metaspace       used 13940K, capacity 14412K, committed 14592K, reserved 1062912K
  class space    used 1597K, capacity 1737K, committed 1792K, reserved 1048576K
}
Event: 121.452 GC heap before
{Heap before GC invocations=8 (full 1):
 PSYoungGen      total 69120K, used 69091K [0x00000000d6900000, 0x00000000db600000, 0x0000000100000000)
  eden space 64000K, 100% used [0x00000000d6900000,0x00000000da780000,0x00000000da780000)
  from space 5120K, 99% used [0x00000000dae00000,0x00000000db2f8d28,0x00000000db300000)
  to   space 6656K, 0% used [0x00000000da780000,0x00000000da780000,0x00000000dae00000)
 ParOldGen       total 86016K, used 6360K [0x0000000083a00000, 0x0000000088e00000, 0x00000000d6900000)
  object space 86016K, 7% used [0x0000000083a00000,0x0000000084036130,0x0000000088e00000)
 Metaspace       used 14001K, capacity 14476K, committed 14592K, reserved 1062912K
  class space    used 1597K, capacity 1737K, committed 1792K, reserved 1048576K
Event: 121.468 GC heap after
Heap after GC invocations=8 (full 1):
 PSYoungGen      total 70656K, used 6631K [0x00000000d6900000, 0x00000000df400000, 0x0000000100000000)
  eden space 64000K, 0% used [0x00000000d6900000,0x00000000d6900000,0x00000000da780000)
  from space 6656K, 99% used [0x00000000da780000,0x00000000dadf9dd8,0x00000000dae00000)
  to   space 7168K, 0% used [0x00000000ded00000,0x00000000ded00000,0x00000000df400000)
 ParOldGen       total 86016K, used 7112K [0x0000000083a00000, 0x0000000088e00000, 0x00000000d6900000)
  object space 86016K, 8% used [0x0000000083a00000,0x00000000840f2260,0x0000000088e00000)
 Metaspace       used 14001K, capacity 14476K, committed 14592K, reserved 1062912K
  class space    used 1597K, capacity 1737K, committed 1792K, reserved 1048576K
}
Event: 127.027 GC heap before
{Heap before GC invocations=9 (full 1):
 PSYoungGen      total 70656K, used 70631K [0x00000000d6900000, 0x00000000df400000, 0x0000000100000000)
  eden space 64000K, 100% used [0x00000000d6900000,0x00000000da780000,0x00000000da780000)
  from space 6656K, 99% used [0x00000000da780000,0x00000000dadf9dd8,0x00000000dae00000)
  to   space 7168K, 0% used [0x00000000ded00000,0x00000000ded00000,0x00000000df400000)
 ParOldGen       total 86016K, used 7112K [0x0000000083a00000, 0x0000000088e00000, 0x00000000d6900000)
  object space 86016K, 8% used [0x0000000083a00000,0x00000000840f2260,0x0000000088e00000)
 Metaspace       used 16606K, capacity 17048K, committed 17152K, reserved 1064960K
  class space    used 1842K, capacity 1954K, committed 2048K, reserved 1048576K

