# JRE version: Java(TM) SE Runtime Environment (8.0_181-b13) (build 1.8.0_181-b13)
# Java VM: Java HotSpot(TM) 64-Bit Server VM (25.181-b13 mixed mode linux-amd64 compressed oops)
Heap:
 PSYoungGen      total 223232K, used 11681K [0x00000000d6900000, 0x00000000e7d00000, 0x0000000100000000)
  eden space 202752K, 0% used [0x00000000d6900000,0x00000000d6900000,0x00000000e2f00000)
  from space 20480K, 57% used [0x00000000e5500000,0x00000000e6068580,0x00000000e6900000)
  to   space 14848K, 0% used [0x00000000e6e80000,0x00000000e6e80000,0x00000000e7d00000)
 ParOldGen       total 86016K, used 35670K [0x0000000083a00000, 0x0000000088e00000, 0x00000000d6900000)
  object space 86016K, 41% used [0x0000000083a00000,0x0000000085cd5b78,0x0000000088e00000)
 Metaspace       used 20748K, capacity 21218K, committed 21296K, reserved 1069056K
  class space    used 2408K, capacity 2579K, committed 2608K, reserved 1048576K
GC Heap History (10 events):
Event: 115.996 GC heap after
Heap after GC invocations=7 (full 1):
 PSYoungGen      total 69632K, used 5119K [0x00000000d6900000, 0x00000000db500000, 0x0000000100000000)
  eden space 64512K, 0% used [0x00000000d6900000,0x00000000d6900000,0x00000000da800000)
  from space 5120K, 99% used [0x00000000dae00000,0x00000000db2ffc20,0x00000000db300000)
  to   space 6144K, 0% used [0x00000000da800000,0x00000000da800000,0x00000000dae00000)
 ParOldGen       total 86016K, used 5370K [0x0000000083a00000, 0x0000000088e00000, 0x00000000d6900000)
  object space 86016K, 6% used [0x0000000083a00000,0x0000000083f3e9b0,0x0000000088e00000)
 Metaspace       used 13937K, capacity 14324K, committed 14592K, reserved 1062912K
  class space    used 1578K, capacity 1669K, committed 1792K, reserved 1048576K
}
Event: 117.198 GC heap before
{Heap before GC invocations=8 (full 1):
 PSYoungGen      total 69632K, used 69631K [0x00000000d6900000, 0x00000000db500000, 0x0000000100000000)
  eden space 64512K, 100% used [0x00000000d6900000,0x00000000da800000,0x00000000da800000)
  from space 5120K, 99% used [0x00000000dae00000,0x00000000db2ffc20,0x00000000db300000)
  to   space 6144K, 0% used [0x00000000da800000,0x00000000da800000,0x00000000dae00000)
 ParOldGen       total 86016K, used 5370K [0x0000000083a00000, 0x0000000088e00000, 0x00000000d6900000)
  object space 86016K, 6% used [0x0000000083a00000,0x0000000083f3e9b0,0x0000000088e00000)
 Metaspace       used 14039K, capacity 14452K, committed 14592K, reserved 1062912K
  class space    used 1578K, capacity 1669K, committed 1792K, reserved 1048576K
Event: 117.235 GC heap after
Heap after GC invocations=8 (full 1):
 PSYoungGen      total 70656K, used 6134K [0x00000000d6900000, 0x00000000df500000, 0x0000000100000000)
  eden space 64512K, 0% used [0x00000000d6900000,0x00000000d6900000,0x00000000da800000)
  from space 6144K, 99% used [0x00000000da800000,0x00000000dadfd9e0,0x00000000dae00000)
  to   space 7168K, 0% used [0x00000000dee00000,0x00000000dee00000,0x00000000df500000)
 ParOldGen       total 86016K, used 6190K [0x0000000083a00000, 0x0000000088e00000, 0x00000000d6900000)
  object space 86016K, 7% used [0x0000000083a00000,0x000000008400ba60,0x0000000088e00000)
 Metaspace       used 14039K, capacity 14452K, committed 14592K, reserved 1062912K
  class space    used 1578K, capacity 1669K, committed 1792K, reserved 1048576K
}
Event: 120.939 GC heap before
{Heap before GC invocations=9 (full 1):
 PSYoungGen      total 70656K, used 70646K [0x00000000d6900000, 0x00000000df500000, 0x0000000100000000)
  eden space 64512K, 100% used [0x00000000d6900000,0x00000000da800000,0x00000000da800000)
  from space 6144K, 99% used [0x00000000da800000,0x00000000dadfd9e0,0x00000000dae00000)
  to   space 7168K, 0% used [0x00000000dee00000,0x00000000dee00000,0x00000000df500000)
 ParOldGen       total 86016K, used 6190K [0x0000000083a00000, 0x0000000088e00000, 0x00000000d6900000)
  object space 86016K, 7% used [0x0000000083a00000,0x000000008400ba60,0x0000000088e00000)
 Metaspace       used 16743K, capacity 17208K, committed 17408K, reserved 1064960K
  class space    used 1861K, capacity 1986K, committed 2048K, reserved 1048576K
Event: 121.055 GC heap after
Heap after GC invocations=9 (full 1):
 PSYoungGen      total 133632K, used 7148K [0x00000000d6900000, 0x00000000dfa00000, 0x0000000100000000)
  eden space 126464K, 0% used [0x00000000d6900000,0x00000000d6900000,0x00000000de480000)
  from space 7168K, 99% used [0x00000000dee00000,0x00000000df4fb030,0x00000000df500000)
  to   space 9728K, 0% used [0x00000000de480000,0x00000000de480000,0x00000000dee00000)
 ParOldGen       total 86016K, used 11073K [0x0000000083a00000, 0x0000000088e00000, 0x00000000d6900000)
  object space 86016K, 12% used [0x0000000083a00000,0x00000000844d0598,0x0000000088e00000)
 Metaspace       used 16743K, capacity 17208K, committed 17408K, reserved 1064960K
  class space    used 1861K, capacity 1986K, committed 2048K, reserved 1048576K
}
Event: 130.706 GC heap before
{Heap before GC invocations=10 (full 1):
 PSYoungGen      total 133632K, used 133612K [0x00000000d6900000, 0x00000000dfa00000, 0x0000000100000000)
  eden space 126464K, 100% used [0x00000000d6900000,0x00000000de480000,0x00000000de480000)
  from space 7168K, 99% used [0x00000000dee00000,0x00000000df4fb030,0x00000000df500000)
  to   space 9728K, 0% used [0x00000000de480000,0x00000000de480000,0x00000000dee00000)
 ParOldGen       total 86016K, used 11073K [0x0000000083a00000, 0x0000000088e00000, 0x00000000d6900000)
  object space 86016K, 12% used [0x0000000083a00000,0x00000000844d0598,0x0000000088e00000)
 Metaspace       used 20473K, capacity 20974K, committed 21248K, reserved 1069056K
  class space    used 2385K, capacity 2545K, committed 2560K, reserved 1048576K
Event: 130.881 GC heap after
Heap after GC invocations=10 (full 1):
 PSYoungGen      total 136192K, used 9714K [0x00000000d6900000, 0x00000000e7d00000, 0x0000000100000000)
  eden space 126464K, 0% used [0x00000000d6900000,0x00000000d6900000,0x00000000de480000)
  from space 9728K, 99% used [0x00000000de480000,0x00000000dedfcae8,0x00000000dee00000)
  to   space 14848K, 0% used [0x00000000e6e80000,0x00000000e6e80000,0x00000000e7d00000)
 ParOldGen       total 86016K, used 20990K [0x0000000083a00000, 0x0000000088e00000, 0x00000000d6900000)
  object space 86016K, 24% used [0x0000000083a00000,0x0000000084e7f8f0,0x0000000088e00000)
 Metaspace       used 20473K, capacity 20974K, committed 21248K, reserved 1069056K
  class space    used 2385K, capacity 2545K, committed 2560K, reserved 1048576K
}
Event: 155.516 GC heap before
{Heap before GC invocations=11 (full 1):
 PSYoungGen      total 136192K, used 136178K [0x00000000d6900000, 0x00000000e7d00000, 0x0000000100000000)
  eden space 126464K, 100% used [0x00000000d6900000,0x00000000de480000,0x00000000de480000)
  from space 9728K, 99% used [0x00000000de480000,0x00000000dedfcae8,0x00000000dee00000)
  to   space 14848K, 0% used [0x00000000e6e80000,0x00000000e6e80000,0x00000000e7d00000)
 ParOldGen       total 86016K, used 20990K [0x0000000083a00000, 0x0000000088e00000, 0x00000000d6900000)
  object space 86016K, 24% used [0x0000000083a00000,0x0000000084e7f8f0,0x0000000088e00000)
 Metaspace       used 20737K, capacity 21218K, committed 21296K, reserved 1069056K
  class space    used 2408K, capacity 2579K, committed 2608K, reserved 1048576K
Event: 155.615 GC heap after
Heap after GC invocations=11 (full 1):
 PSYoungGen      total 217600K, used 14837K [0x00000000d6900000, 0x00000000e7d00000, 0x0000000100000000)
  eden space 202752K, 0% used [0x00000000d6900000,0x00000000d6900000,0x00000000e2f00000)
  from space 14848K, 99% used [0x00000000e6e80000,0x00000000e7cfd790,0x00000000e7d00000)
  to   space 20480K, 0% used [0x00000000e5500000,0x00000000e5500000,0x00000000e6900000)
 ParOldGen       total 86016K, used 30783K [0x0000000083a00000, 0x0000000088e00000, 0x00000000d6900000)
  object space 86016K, 35% used [0x0000000083a00000,0x000000008580fe68,0x0000000088e00000)
 Metaspace       used 20737K, capacity 21218K, committed 21296K, reserved 1069056K
  class space    used 2408K, capacity 2579K, committed 2608K, reserved 1048576K
}
Event: 158.253 GC heap before
{Heap before GC invocations=12 (full 1):
 PSYoungGen      total 217600K, used 27021K [0x00000000d6900000, 0x00000000e7d00000, 0x0000000100000000)
  eden space 202752K, 6% used [0x00000000d6900000,0x00000000d74e5f98,0x00000000e2f00000)
  from space 14848K, 99% used [0x00000000e6e80000,0x00000000e7cfd790,0x00000000e7d00000)
  to   space 20480K, 0% used [0x00000000e5500000,0x00000000e5500000,0x00000000e6900000)
 ParOldGen       total 86016K, used 30783K [0x0000000083a00000, 0x0000000088e00000, 0x00000000d6900000)
  object space 86016K, 35% used [0x0000000083a00000,0x000000008580fe68,0x0000000088e00000)
 Metaspace       used 20748K, capacity 21218K, committed 21296K, reserved 1069056K
  class space    used 2408K, capacity 2579K, committed 2608K, reserved 1048576K

