# JRE version: Java(TM) SE Runtime Environment (8.0_181-b13) (build 1.8.0_181-b13)
# Java VM: Java HotSpot(TM) 64-Bit Server VM (25.181-b13 mixed mode linux-amd64 compressed oops)
Heap:
 PSYoungGen      total 554496K, used 0K [0x00000000d6900000, 0x0000000100000000, 0x0000000100000000)
  eden space 482304K, 0% used [0x00000000d6900000,0x00000000d6900000,0x00000000f4000000)
  from space 72192K, 0% used [0x00000000fb980000,0x00000000fb980000,0x0000000100000000)
  to   space 98304K, 0% used [0x00000000f4000000,0x00000000f4000000,0x00000000fa000000)
 ParOldGen       total 112128K, used 107518K [0x0000000083a00000, 0x000000008a780000, 0x00000000d6900000)
  object space 112128K, 95% used [0x0000000083a00000,0x000000008a2ffbe8,0x000000008a780000)
 Metaspace       used 21477K, capacity 22055K, committed 22272K, reserved 1069056K
  class space    used 2152K, capacity 2299K, committed 2304K, reserved 1048576K
GC Heap History (10 events):
Event: 74.949 GC heap after
Heap after GC invocations=26 (full 2):
 PSYoungGen      total 614912K, used 46976K [0x00000000d6900000, 0x0000000100000000, 0x0000000100000000)
  eden space 562176K, 0% used [0x00000000d6900000,0x00000000d6900000,0x00000000f8e00000)
  from space 52736K, 89% used [0x00000000fcc80000,0x00000000ffa60000,0x0000000100000000)
  to   space 58368K, 0% used [0x00000000f8e00000,0x00000000f8e00000,0x00000000fc700000)
 ParOldGen       total 112128K, used 86357K [0x0000000083a00000, 0x000000008a780000, 0x00000000d6900000)
  object space 112128K, 77% used [0x0000000083a00000,0x0000000088e55428,0x000000008a780000)
 Metaspace       used 20726K, capacity 21305K, committed 21504K, reserved 1069056K
  class space    used 2146K, capacity 2296K, committed 2304K, reserved 1048576K
}
Event: 79.449 GC heap before
{Heap before GC invocations=27 (full 2):
 PSYoungGen      total 614912K, used 609152K [0x00000000d6900000, 0x0000000100000000, 0x0000000100000000)
  eden space 562176K, 100% used [0x00000000d6900000,0x00000000f8e00000,0x00000000f8e00000)
  from space 52736K, 89% used [0x00000000fcc80000,0x00000000ffa60000,0x0000000100000000)
  to   space 58368K, 0% used [0x00000000f8e00000,0x00000000f8e00000,0x00000000fc700000)
 ParOldGen       total 112128K, used 86357K [0x0000000083a00000, 0x000000008a780000, 0x00000000d6900000)
  object space 112128K, 77% used [0x0000000083a00000,0x0000000088e55428,0x000000008a780000)
 Metaspace       used 20831K, capacity 21369K, committed 21504K, reserved 1069056K
  class space    used 2146K, capacity 2296K, committed 2304K, reserved 1048576K
Event: 79.668 GC heap after
Heap after GC invocations=27 (full 2):
 PSYoungGen      total 614400K, used 52160K [0x00000000d6900000, 0x0000000100000000, 0x0000000100000000)
  eden space 562176K, 0% used [0x00000000d6900000,0x00000000d6900000,0x00000000f8e00000)
  from space 52224K, 99% used [0x00000000f8e00000,0x00000000fc0f0000,0x00000000fc100000)
  to   space 64512K, 0% used [0x00000000fc100000,0x00000000fc100000,0x0000000100000000)
 ParOldGen       total 112128K, used 86365K [0x0000000083a00000, 0x000000008a780000, 0x00000000d6900000)
  object space 112128K, 77% used [0x0000000083a00000,0x0000000088e57428,0x000000008a780000)
 Metaspace       used 20831K, capacity 21369K, committed 21504K, reserved 1069056K
  class space    used 2146K, capacity 2296K, committed 2304K, reserved 1048576K
}
Event: 85.075 GC heap before
{Heap before GC invocations=28 (full 2):
 PSYoungGen      total 614400K, used 614336K [0x00000000d6900000, 0x0000000100000000, 0x0000000100000000)
  eden space 562176K, 100% used [0x00000000d6900000,0x00000000f8e00000,0x00000000f8e00000)
  from space 52224K, 99% used [0x00000000f8e00000,0x00000000fc0f0000,0x00000000fc100000)
  to   space 64512K, 0% used [0x00000000fc100000,0x00000000fc100000,0x0000000100000000)
 ParOldGen       total 112128K, used 86365K [0x0000000083a00000, 0x000000008a780000, 0x00000000d6900000)
  object space 112128K, 77% used [0x0000000083a00000,0x0000000088e57428,0x000000008a780000)
 Metaspace       used 20871K, capacity 21375K, committed 21504K, reserved 1069056K
  class space    used 2147K, capacity 2297K, committed 2304K, reserved 1048576K
Event: 85.289 GC heap after
Heap after GC invocations=28 (full 2):
 PSYoungGen      total 599040K, used 57856K [0x00000000d6900000, 0x0000000100000000, 0x0000000100000000)
  eden space 534528K, 0% used [0x00000000d6900000,0x00000000d6900000,0x00000000f7300000)
  from space 64512K, 89% used [0x00000000fc100000,0x00000000ff980000,0x0000000100000000)
  to   space 72192K, 0% used [0x00000000f7300000,0x00000000f7300000,0x00000000fb980000)
 ParOldGen       total 112128K, used 86365K [0x0000000083a00000, 0x000000008a780000, 0x00000000d6900000)
  object space 112128K, 77% used [0x0000000083a00000,0x0000000088e57428,0x000000008a780000)
 Metaspace       used 20871K, capacity 21375K, committed 21504K, reserved 1069056K
  class space    used 2147K, capacity 2297K, committed 2304K, reserved 1048576K
}
Event: 97.342 GC heap before
{Heap before GC invocations=29 (full 2):
 PSYoungGen      total 599040K, used 592384K [0x00000000d6900000, 0x0000000100000000, 0x0000000100000000)
  eden space 534528K, 100% used [0x00000000d6900000,0x00000000f7300000,0x00000000f7300000)
  from space 64512K, 89% used [0x00000000fc100000,0x00000000ff980000,0x0000000100000000)
  to   space 72192K, 0% used [0x00000000f7300000,0x00000000f7300000,0x00000000fb980000)
 ParOldGen       total 112128K, used 86365K [0x0000000083a00000, 0x000000008a780000, 0x00000000d6900000)
  object space 112128K, 77% used [0x0000000083a00000,0x0000000088e57428,0x000000008a780000)
 Metaspace       used 21122K, capacity 21639K, committed 21760K, reserved 1069056K
  class space    used 2152K, capacity 2299K, committed 2304K, reserved 1048576K
Event: 97.637 GC heap after
Heap after GC invocations=29 (full 2):
 PSYoungGen      total 606720K, used 72152K [0x00000000d6900000, 0x0000000100000000, 0x0000000100000000)
  eden space 534528K, 0% used [0x00000000d6900000,0x00000000d6900000,0x00000000f7300000)
  from space 72192K, 99% used [0x00000000f7300000,0x00000000fb976178,0x00000000fb980000)
  to   space 72192K, 0% used [0x00000000fb980000,0x00000000fb980000,0x0000000100000000)
 ParOldGen       total 112128K, used 86365K [0x0000000083a00000, 0x000000008a780000, 0x00000000d6900000)
  object space 112128K, 77% used [0x0000000083a00000,0x0000000088e57428,0x000000008a780000)
 Metaspace       used 21122K, capacity 21639K, committed 21760K, reserved 1069056K
  class space    used 2152K, capacity 2299K, committed 2304K, reserved 1048576K
}
Event: 109.913 GC heap before
{Heap before GC invocations=30 (full 2):
 PSYoungGen      total 606720K, used 606680K [0x00000000d6900000, 0x0000000100000000, 0x0000000100000000)
  eden space 534528K, 100% used [0x00000000d6900000,0x00000000f7300000,0x00000000f7300000)
  from space 72192K, 99% used [0x00000000f7300000,0x00000000fb976178,0x00000000fb980000)
  to   space 72192K, 0% used [0x00000000fb980000,0x00000000fb980000,0x0000000100000000)
 ParOldGen       total 112128K, used 86365K [0x0000000083a00000, 0x000000008a780000, 0x00000000d6900000)
  object space 112128K, 77% used [0x0000000083a00000,0x0000000088e57428,0x000000008a780000)
 Metaspace       used 21477K, capacity 22055K, committed 22272K, reserved 1069056K
  class space    used 2152K, capacity 2299K, committed 2304K, reserved 1048576K
Event: 110.258 GC heap after
Heap after GC invocations=30 (full 2):
 PSYoungGen      total 554496K, used 72192K [0x00000000d6900000, 0x0000000100000000, 0x0000000100000000)
  eden space 482304K, 0% used [0x00000000d6900000,0x00000000d6900000,0x00000000f4000000)
  from space 72192K, 100% used [0x00000000fb980000,0x0000000100000000,0x0000000100000000)
  to   space 98304K, 0% used [0x00000000f4000000,0x00000000f4000000,0x00000000fa000000)
 ParOldGen       total 112128K, used 104042K [0x0000000083a00000, 0x000000008a780000, 0x00000000d6900000)
  object space 112128K, 92% used [0x0000000083a00000,0x0000000089f9a938,0x000000008a780000)
 Metaspace       used 21477K, capacity 22055K, committed 22272K, reserved 1069056K
  class space    used 2152K, capacity 2299K, committed 2304K, reserved 1048576K
}
Event: 110.258 GC heap before
{Heap before GC invocations=31 (full 3):
 PSYoungGen      total 554496K, used 72192K [0x00000000d6900000, 0x0000000100000000, 0x0000000100000000)
  eden space 482304K, 0% used [0x00000000d6900000,0x00000000d6900000,0x00000000f4000000)
  from space 72192K, 100% used [0x00000000fb980000,0x0000000100000000,0x0000000100000000)
  to   space 98304K, 0% used [0x00000000f4000000,0x00000000f4000000,0x00000000fa000000)
 ParOldGen       total 112128K, used 104042K [0x0000000083a00000, 0x000000008a780000, 0x00000000d6900000)
  object space 112128K, 92% used [0x0000000083a00000,0x0000000089f9a938,0x000000008a780000)
 Metaspace       used 21477K, capacity 22055K, committed 22272K, reserved 1069056K
  class space    used 2152K, capacity 2299K, committed 2304K, reserved 1048576K

