# JRE version: Java(TM) SE Runtime Environment (8.0_181-b13) (build 1.8.0_181-b13)
# Java VM: Java HotSpot(TM) 64-Bit Server VM (25.181-b13 mixed mode linux-amd64 compressed oops)
Heap:
 PSYoungGen      total 134656K, used 9200K [0x00000000d6900000, 0x00000000df600000, 0x0000000100000000)
  eden space 125440K, 0% used [0x00000000d6900000,0x00000000d6900000,0x00000000de380000)
  from space 9216K, 99% used [0x00000000de380000,0x00000000dec7c0d0,0x00000000dec80000)
  to   space 8704K, 0% used [0x00000000dec80000,0x00000000dec80000,0x00000000df500000)
 ParOldGen       total 86016K, used 11618K [0x0000000083a00000, 0x0000000088e00000, 0x00000000d6900000)
  object space 86016K, 13% used [0x0000000083a00000,0x0000000084558b10,0x0000000088e00000)
 Metaspace       used 13725K, capacity 14066K, committed 14336K, reserved 1062912K
  class space    used 1570K, capacity 1663K, committed 1792K, reserved 1048576K
GC Heap History (10 events):
Event: 34.759 GC heap after
Heap after GC invocations=5 (full 1):
 PSYoungGen      total 37888K, used 5096K [0x00000000d6900000, 0x00000000d9300000, 0x0000000100000000)
  eden space 32768K, 0% used [0x00000000d6900000,0x00000000d6900000,0x00000000d8900000)
  from space 5120K, 99% used [0x00000000d8e00000,0x00000000d92fa260,0x00000000d9300000)
  to   space 5120K, 0% used [0x00000000d8900000,0x00000000d8900000,0x00000000d8e00000)
 ParOldGen       total 86016K, used 5014K [0x0000000083a00000, 0x0000000088e00000, 0x00000000d6900000)
  object space 86016K, 5% used [0x0000000083a00000,0x0000000083ee5818,0x0000000088e00000)
 Metaspace       used 13605K, capacity 13938K, committed 14080K, reserved 1060864K
  class space    used 1570K, capacity 1663K, committed 1792K, reserved 1048576K
}
Event: 34.998 GC heap before
{Heap before GC invocations=6 (full 1):
 PSYoungGen      total 37888K, used 37864K [0x00000000d6900000, 0x00000000d9300000, 0x0000000100000000)
  eden space 32768K, 100% used [0x00000000d6900000,0x00000000d8900000,0x00000000d8900000)
  from space 5120K, 99% used [0x00000000d8e00000,0x00000000d92fa260,0x00000000d9300000)
  to   space 5120K, 0% used [0x00000000d8900000,0x00000000d8900000,0x00000000d8e00000)
 ParOldGen       total 86016K, used 5014K [0x0000000083a00000, 0x0000000088e00000, 0x00000000d6900000)
  object space 86016K, 5% used [0x0000000083a00000,0x0000000083ee5818,0x0000000088e00000)
 Metaspace       used 13625K, capacity 14002K, committed 14336K, reserved 1062912K
  class space    used 1570K, capacity 1663K, committed 1792K, reserved 1048576K
Event: 35.006 GC heap after
Heap after GC invocations=6 (full 1):
 PSYoungGen      total 37888K, used 5100K [0x00000000d6900000, 0x00000000db300000, 0x0000000100000000)
  eden space 32768K, 0% used [0x00000000d6900000,0x00000000d6900000,0x00000000d8900000)
  from space 5120K, 99% used [0x00000000d8900000,0x00000000d8dfb130,0x00000000d8e00000)
  to   space 5120K, 0% used [0x00000000dae00000,0x00000000dae00000,0x00000000db300000)
 ParOldGen       total 86016K, used 5578K [0x0000000083a00000, 0x0000000088e00000, 0x00000000d6900000)
  object space 86016K, 6% used [0x0000000083a00000,0x0000000083f72870,0x0000000088e00000)
 Metaspace       used 13625K, capacity 14002K, committed 14336K, reserved 1062912K
  class space    used 1570K, capacity 1663K, committed 1792K, reserved 1048576K
}
Event: 35.366 GC heap before
{Heap before GC invocations=7 (full 1):
 PSYoungGen      total 37888K, used 37868K [0x00000000d6900000, 0x00000000db300000, 0x0000000100000000)
  eden space 32768K, 100% used [0x00000000d6900000,0x00000000d8900000,0x00000000d8900000)
  from space 5120K, 99% used [0x00000000d8900000,0x00000000d8dfb130,0x00000000d8e00000)
  to   space 5120K, 0% used [0x00000000dae00000,0x00000000dae00000,0x00000000db300000)
 ParOldGen       total 86016K, used 5578K [0x0000000083a00000, 0x0000000088e00000, 0x00000000d6900000)
  object space 86016K, 6% used [0x0000000083a00000,0x0000000083f72870,0x0000000088e00000)
 Metaspace       used 13646K, capacity 14002K, committed 14336K, reserved 1062912K
  class space    used 1570K, capacity 1663K, committed 1792K, reserved 1048576K
Event: 35.401 GC heap after
Heap after GC invocations=7 (full 1):
 PSYoungGen      total 68096K, used 5100K [0x00000000d6900000, 0x00000000db800000, 0x0000000100000000)
  eden space 62976K, 0% used [0x00000000d6900000,0x00000000d6900000,0x00000000da680000)
  from space 5120K, 99% used [0x00000000dae00000,0x00000000db2fb170,0x00000000db300000)
  to   space 7680K, 0% used [0x00000000da680000,0x00000000da680000,0x00000000dae00000)
 ParOldGen       total 86016K, used 7705K [0x0000000083a00000, 0x0000000088e00000, 0x00000000d6900000)
  object space 86016K, 8% used [0x0000000083a00000,0x00000000841865f0,0x0000000088e00000)
 Metaspace       used 13646K, capacity 14002K, committed 14336K, reserved 1062912K
  class space    used 1570K, capacity 1663K, committed 1792K, reserved 1048576K
}
Event: 36.254 GC heap before
{Heap before GC invocations=8 (full 1):
 PSYoungGen      total 68096K, used 68076K [0x00000000d6900000, 0x00000000db800000, 0x0000000100000000)
  eden space 62976K, 100% used [0x00000000d6900000,0x00000000da680000,0x00000000da680000)
  from space 5120K, 99% used [0x00000000dae00000,0x00000000db2fb170,0x00000000db300000)
  to   space 7680K, 0% used [0x00000000da680000,0x00000000da680000,0x00000000dae00000)
 ParOldGen       total 86016K, used 7705K [0x0000000083a00000, 0x0000000088e00000, 0x00000000d6900000)
  object space 86016K, 8% used [0x0000000083a00000,0x00000000841865f0,0x0000000088e00000)
 Metaspace       used 13691K, capacity 14066K, committed 14336K, reserved 1062912K
  class space    used 1570K, capacity 1663K, committed 1792K, reserved 1048576K
Event: 36.306 GC heap after
Heap after GC invocations=8 (full 1):
 PSYoungGen      total 70656K, used 7676K [0x00000000d6900000, 0x00000000df500000, 0x0000000100000000)
  eden space 62976K, 0% used [0x00000000d6900000,0x00000000d6900000,0x00000000da680000)
  from space 7680K, 99% used [0x00000000da680000,0x00000000dadff190,0x00000000dae00000)
  to   space 8704K, 0% used [0x00000000dec80000,0x00000000dec80000,0x00000000df500000)
 ParOldGen       total 86016K, used 8218K [0x0000000083a00000, 0x0000000088e00000, 0x00000000d6900000)
  object space 86016K, 9% used [0x0000000083a00000,0x0000000084206920,0x0000000088e00000)
 Metaspace       used 13691K, capacity 14066K, committed 14336K, reserved 1062912K
  class space    used 1570K, capacity 1663K, committed 1792K, reserved 1048576K
}
Event: 36.763 GC heap before
{Heap before GC invocations=9 (full 1):
 PSYoungGen      total 70656K, used 70652K [0x00000000d6900000, 0x00000000df500000, 0x0000000100000000)
  eden space 62976K, 100% used [0x00000000d6900000,0x00000000da680000,0x00000000da680000)
  from space 7680K, 99% used [0x00000000da680000,0x00000000dadff190,0x00000000dae00000)
  to   space 8704K, 0% used [0x00000000dec80000,0x00000000dec80000,0x00000000df500000)
 ParOldGen       total 86016K, used 8218K [0x0000000083a00000, 0x0000000088e00000, 0x00000000d6900000)
  object space 86016K, 9% used [0x0000000083a00000,0x0000000084206920,0x0000000088e00000)
 Metaspace       used 13712K, capacity 14066K, committed 14336K, reserved 1062912K
  class space    used 1570K, capacity 1663K, committed 1792K, reserved 1048576K
Event: 36.809 GC heap after
Heap after GC invocations=9 (full 1):
 PSYoungGen      total 134144K, used 7872K [0x00000000d6900000, 0x00000000df600000, 0x0000000100000000)
  eden space 125440K, 0% used [0x00000000d6900000,0x00000000d6900000,0x00000000de380000)
  from space 8704K, 90% used [0x00000000dec80000,0x00000000df4300e0,0x00000000df500000)
  to   space 9216K, 0% used [0x00000000de380000,0x00000000de380000,0x00000000dec80000)
 ParOldGen       total 86016K, used 10330K [0x0000000083a00000, 0x0000000088e00000, 0x00000000d6900000)
  object space 86016K, 12% used [0x0000000083a00000,0x0000000084416ab0,0x0000000088e00000)
 Metaspace       used 13712K, capacity 14066K, committed 14336K, reserved 1062912K
  class space    used 1570K, capacity 1663K, committed 1792K, reserved 1048576K
}
Event: 38.417 GC heap before
{Heap before GC invocations=10 (full 1):
 PSYoungGen      total 134144K, used 133312K [0x00000000d6900000, 0x00000000df600000, 0x0000000100000000)
  eden space 125440K, 100% used [0x00000000d6900000,0x00000000de380000,0x00000000de380000)
  from space 8704K, 90% used [0x00000000dec80000,0x00000000df4300e0,0x00000000df500000)
  to   space 9216K, 0% used [0x00000000de380000,0x00000000de380000,0x00000000dec80000)
 ParOldGen       total 86016K, used 10330K [0x0000000083a00000, 0x0000000088e00000, 0x00000000d6900000)
  object space 86016K, 12% used [0x0000000083a00000,0x0000000084416ab0,0x0000000088e00000)
 Metaspace       used 13725K, capacity 14066K, committed 14336K, reserved 1062912K
  class space    used 1570K, capacity 1663K, committed 1792K, reserved 1048576K

