# JRE version: Java(TM) SE Runtime Environment (8.0_181-b13) (build 1.8.0_181-b13)
# Java VM: Java HotSpot(TM) 64-Bit Server VM (25.181-b13 mixed mode linux-amd64 compressed oops)
Heap:
 PSYoungGen      total 136192K, used 9713K [0x00000000d6900000, 0x00000000dfa00000, 0x0000000100000000)
  eden space 126464K, 0% used [0x00000000d6900000,0x00000000d6900000,0x00000000de480000)
  from space 9728K, 99% used [0x00000000de480000,0x00000000dedfc4e8,0x00000000dee00000)
  to   space 7168K, 0% used [0x00000000dee00000,0x00000000dee00000,0x00000000df500000)
 ParOldGen       total 86016K, used 22910K [0x0000000083a00000, 0x0000000088e00000, 0x00000000d6900000)
  object space 86016K, 26% used [0x0000000083a00000,0x000000008505f930,0x0000000088e00000)
 Metaspace       used 20692K, capacity 21168K, committed 21248K, reserved 1069056K
  class space    used 2383K, capacity 2546K, committed 2560K, reserved 1048576K
GC Heap History (10 events):
Event: 94.636 GC heap after
Heap after GC invocations=5 (full 1):
 PSYoungGen      total 37888K, used 5095K [0x00000000d6900000, 0x00000000d9300000, 0x0000000100000000)
  eden space 32768K, 0% used [0x00000000d6900000,0x00000000d6900000,0x00000000d8900000)
  from space 5120K, 99% used [0x00000000d8e00000,0x00000000d92f9df0,0x00000000d9300000)
  to   space 5120K, 0% used [0x00000000d8900000,0x00000000d8900000,0x00000000d8e00000)
 ParOldGen       total 86016K, used 5630K [0x0000000083a00000, 0x0000000088e00000, 0x00000000d6900000)
  object space 86016K, 6% used [0x0000000083a00000,0x0000000083f7f9c8,0x0000000088e00000)
 Metaspace       used 13768K, capacity 14150K, committed 14336K, reserved 1062912K
  class space    used 1577K, capacity 1700K, committed 1792K, reserved 1048576K
}
Event: 95.035 GC heap before
{Heap before GC invocations=6 (full 1):
 PSYoungGen      total 37888K, used 37863K [0x00000000d6900000, 0x00000000d9300000, 0x0000000100000000)
  eden space 32768K, 100% used [0x00000000d6900000,0x00000000d8900000,0x00000000d8900000)
  from space 5120K, 99% used [0x00000000d8e00000,0x00000000d92f9df0,0x00000000d9300000)
  to   space 5120K, 0% used [0x00000000d8900000,0x00000000d8900000,0x00000000d8e00000)
 ParOldGen       total 86016K, used 5630K [0x0000000083a00000, 0x0000000088e00000, 0x00000000d6900000)
  object space 86016K, 6% used [0x0000000083a00000,0x0000000083f7f9c8,0x0000000088e00000)
 Metaspace       used 13782K, capacity 14214K, committed 14336K, reserved 1062912K
  class space    used 1577K, capacity 1700K, committed 1792K, reserved 1048576K
Event: 95.047 GC heap after
Heap after GC invocations=6 (full 1):
 PSYoungGen      total 37888K, used 5095K [0x00000000d6900000, 0x00000000db300000, 0x0000000100000000)
  eden space 32768K, 0% used [0x00000000d6900000,0x00000000d6900000,0x00000000d8900000)
  from space 5120K, 99% used [0x00000000d8900000,0x00000000d8df9df0,0x00000000d8e00000)
  to   space 5120K, 0% used [0x00000000dae00000,0x00000000dae00000,0x00000000db300000)
 ParOldGen       total 86016K, used 5950K [0x0000000083a00000, 0x0000000088e00000, 0x00000000d6900000)
  object space 86016K, 6% used [0x0000000083a00000,0x0000000083fcf9c8,0x0000000088e00000)
 Metaspace       used 13782K, capacity 14214K, committed 14336K, reserved 1062912K
  class space    used 1577K, capacity 1700K, committed 1792K, reserved 1048576K
}
Event: 95.412 GC heap before
{Heap before GC invocations=7 (full 1):
 PSYoungGen      total 37888K, used 37863K [0x00000000d6900000, 0x00000000db300000, 0x0000000100000000)
  eden space 32768K, 100% used [0x00000000d6900000,0x00000000d8900000,0x00000000d8900000)
  from space 5120K, 99% used [0x00000000d8900000,0x00000000d8df9df0,0x00000000d8e00000)
  to   space 5120K, 0% used [0x00000000dae00000,0x00000000dae00000,0x00000000db300000)
 ParOldGen       total 86016K, used 5950K [0x0000000083a00000, 0x0000000088e00000, 0x00000000d6900000)
  object space 86016K, 6% used [0x0000000083a00000,0x0000000083fcf9c8,0x0000000088e00000)
 Metaspace       used 13807K, capacity 14214K, committed 14336K, reserved 1062912K
  class space    used 1577K, capacity 1700K, committed 1792K, reserved 1048576K
Event: 95.449 GC heap after
Heap after GC invocations=7 (full 1):
 PSYoungGen      total 69632K, used 5111K [0x00000000d6900000, 0x00000000db500000, 0x0000000100000000)
  eden space 64512K, 0% used [0x00000000d6900000,0x00000000d6900000,0x00000000da800000)
  from space 5120K, 99% used [0x00000000dae00000,0x00000000db2fde30,0x00000000db300000)
  to   space 6144K, 0% used [0x00000000da800000,0x00000000da800000,0x00000000dae00000)
 ParOldGen       total 86016K, used 6102K [0x0000000083a00000, 0x0000000088e00000, 0x00000000d6900000)
  object space 86016K, 7% used [0x0000000083a00000,0x0000000083ff59d8,0x0000000088e00000)
 Metaspace       used 13807K, capacity 14214K, committed 14336K, reserved 1062912K
  class space    used 1577K, capacity 1700K, committed 1792K, reserved 1048576K
}
Event: 96.796 GC heap before
{Heap before GC invocations=8 (full 1):
 PSYoungGen      total 69632K, used 69623K [0x00000000d6900000, 0x00000000db500000, 0x0000000100000000)
  eden space 64512K, 100% used [0x00000000d6900000,0x00000000da800000,0x00000000da800000)
  from space 5120K, 99% used [0x00000000dae00000,0x00000000db2fde30,0x00000000db300000)
  to   space 6144K, 0% used [0x00000000da800000,0x00000000da800000,0x00000000dae00000)
 ParOldGen       total 86016K, used 6102K [0x0000000083a00000, 0x0000000088e00000, 0x00000000d6900000)
  object space 86016K, 7% used [0x0000000083a00000,0x0000000083ff59d8,0x0000000088e00000)
 Metaspace       used 13903K, capacity 14346K, committed 14592K, reserved 1062912K
  class space    used 1577K, capacity 1700K, committed 1792K, reserved 1048576K
Event: 96.901 GC heap after
Heap after GC invocations=8 (full 1):
 PSYoungGen      total 70656K, used 6143K [0x00000000d6900000, 0x00000000df500000, 0x0000000100000000)
  eden space 64512K, 0% used [0x00000000d6900000,0x00000000d6900000,0x00000000da800000)
  from space 6144K, 99% used [0x00000000da800000,0x00000000dadffd18,0x00000000dae00000)
  to   space 7168K, 0% used [0x00000000dee00000,0x00000000dee00000,0x00000000df500000)
 ParOldGen       total 86016K, used 7014K [0x0000000083a00000, 0x0000000088e00000, 0x00000000d6900000)
  object space 86016K, 8% used [0x0000000083a00000,0x00000000840d9958,0x0000000088e00000)
 Metaspace       used 13903K, capacity 14346K, committed 14592K, reserved 1062912K
  class space    used 1577K, capacity 1700K, committed 1792K, reserved 1048576K
}
Event: 103.396 GC heap before
{Heap before GC invocations=9 (full 1):
 PSYoungGen      total 70656K, used 70655K [0x00000000d6900000, 0x00000000df500000, 0x0000000100000000)
  eden space 64512K, 100% used [0x00000000d6900000,0x00000000da800000,0x00000000da800000)
  from space 6144K, 99% used [0x00000000da800000,0x00000000dadffd18,0x00000000dae00000)
  to   space 7168K, 0% used [0x00000000dee00000,0x00000000dee00000,0x00000000df500000)
 ParOldGen       total 86016K, used 7014K [0x0000000083a00000, 0x0000000088e00000, 0x00000000d6900000)
  object space 86016K, 8% used [0x0000000083a00000,0x00000000840d9958,0x0000000088e00000)
 Metaspace       used 16735K, capacity 17238K, committed 17408K, reserved 1064960K
  class space    used 1868K, capacity 1981K, committed 2048K, reserved 1048576K
Event: 103.496 GC heap after
Heap after GC invocations=9 (full 1):
 PSYoungGen      total 133632K, used 7149K [0x00000000d6900000, 0x00000000dfa00000, 0x0000000100000000)
  eden space 126464K, 0% used [0x00000000d6900000,0x00000000d6900000,0x00000000de480000)
  from space 7168K, 99% used [0x00000000dee00000,0x00000000df4fb728,0x00000000df500000)
  to   space 9728K, 0% used [0x00000000de480000,0x00000000de480000,0x00000000dee00000)
 ParOldGen       total 86016K, used 11702K [0x0000000083a00000, 0x0000000088e00000, 0x00000000d6900000)
  object space 86016K, 13% used [0x0000000083a00000,0x000000008456d920,0x0000000088e00000)
 Metaspace       used 16735K, capacity 17238K, committed 17408K, reserved 1064960K
  class space    used 1868K, capacity 1981K, committed 2048K, reserved 1048576K
}
Event: 115.609 GC heap before
{Heap before GC invocations=10 (full 1):
 PSYoungGen      total 133632K, used 133613K [0x00000000d6900000, 0x00000000dfa00000, 0x0000000100000000)
  eden space 126464K, 100% used [0x00000000d6900000,0x00000000de480000,0x00000000de480000)
  from space 7168K, 99% used [0x00000000dee00000,0x00000000df4fb728,0x00000000df500000)
  to   space 9728K, 0% used [0x00000000de480000,0x00000000de480000,0x00000000dee00000)
 ParOldGen       total 86016K, used 11702K [0x0000000083a00000, 0x0000000088e00000, 0x00000000d6900000)
  object space 86016K, 13% used [0x0000000083a00000,0x000000008456d920,0x0000000088e00000)
 Metaspace       used 20692K, capacity 21168K, committed 21248K, reserved 1069056K
  class space    used 2383K, capacity 2546K, committed 2560K, reserved 1048576K

