# JRE version: Java(TM) SE Runtime Environment (8.0_181-b13) (build 1.8.0_181-b13)
# Java VM: Java HotSpot(TM) 64-Bit Server VM (25.181-b13 mixed mode linux-amd64 compressed oops)
Heap:
 PSYoungGen      total 271872K, used 23037K [0x00000000d6900000, 0x00000000e9100000, 0x0000000100000000)
  eden space 248832K, 0% used [0x00000000d6900000,0x00000000d6900000,0x00000000e5c00000)
  from space 23040K, 99% used [0x00000000e5c00000,0x00000000e727f6e8,0x00000000e7280000)
  to   space 14848K, 0% used [0x00000000e7280000,0x00000000e7280000,0x00000000e8100000)
 ParOldGen       total 86016K, used 49687K [0x0000000083a00000, 0x0000000088e00000, 0x00000000d6900000)
  object space 86016K, 57% used [0x0000000083a00000,0x0000000086a85c98,0x0000000088e00000)
 Metaspace       used 20643K, capacity 21186K, committed 21248K, reserved 1069056K
  class space    used 2353K, capacity 2521K, committed 2560K, reserved 1048576K
GC Heap History (10 events):
Event: 78.887 GC heap after
Heap after GC invocations=5 (full 1):
 PSYoungGen      total 70656K, used 5117K [0x00000000d6900000, 0x00000000db300000, 0x0000000100000000)
  eden space 65536K, 0% used [0x00000000d6900000,0x00000000d6900000,0x00000000da900000)
  from space 5120K, 99% used [0x00000000dae00000,0x00000000db2ff688,0x00000000db300000)
  to   space 5120K, 0% used [0x00000000da900000,0x00000000da900000,0x00000000dae00000)
 ParOldGen       total 86016K, used 7546K [0x0000000083a00000, 0x0000000088e00000, 0x00000000d6900000)
  object space 86016K, 8% used [0x0000000083a00000,0x000000008415e900,0x0000000088e00000)
 Metaspace       used 13855K, capacity 14248K, committed 14592K, reserved 1062912K
  class space    used 1594K, capacity 1705K, committed 1792K, reserved 1048576K
}
Event: 79.480 GC heap before
{Heap before GC invocations=6 (full 1):
 PSYoungGen      total 70656K, used 70653K [0x00000000d6900000, 0x00000000db300000, 0x0000000100000000)
  eden space 65536K, 100% used [0x00000000d6900000,0x00000000da900000,0x00000000da900000)
  from space 5120K, 99% used [0x00000000dae00000,0x00000000db2ff688,0x00000000db300000)
  to   space 5120K, 0% used [0x00000000da900000,0x00000000da900000,0x00000000dae00000)
 ParOldGen       total 86016K, used 7546K [0x0000000083a00000, 0x0000000088e00000, 0x00000000d6900000)
  object space 86016K, 8% used [0x0000000083a00000,0x000000008415e900,0x0000000088e00000)
 Metaspace       used 13910K, capacity 14312K, committed 14592K, reserved 1062912K
  class space    used 1594K, capacity 1705K, committed 1792K, reserved 1048576K
Event: 79.513 GC heap after
Heap after GC invocations=6 (full 1):
 PSYoungGen      total 70656K, used 5101K [0x00000000d6900000, 0x00000000df300000, 0x0000000100000000)
  eden space 65536K, 0% used [0x00000000d6900000,0x00000000d6900000,0x00000000da900000)
  from space 5120K, 99% used [0x00000000da900000,0x00000000dadfb678,0x00000000dae00000)
  to   space 5120K, 0% used [0x00000000dee00000,0x00000000dee00000,0x00000000df300000)
 ParOldGen       total 86016K, used 8194K [0x0000000083a00000, 0x0000000088e00000, 0x00000000d6900000)
  object space 86016K, 9% used [0x0000000083a00000,0x00000000842009b0,0x0000000088e00000)
 Metaspace       used 13910K, capacity 14312K, committed 14592K, reserved 1062912K
  class space    used 1594K, capacity 1705K, committed 1792K, reserved 1048576K
}
Event: 80.099 GC heap before
{Heap before GC invocations=7 (full 1):
 PSYoungGen      total 70656K, used 70637K [0x00000000d6900000, 0x00000000df300000, 0x0000000100000000)
  eden space 65536K, 100% used [0x00000000d6900000,0x00000000da900000,0x00000000da900000)
  from space 5120K, 99% used [0x00000000da900000,0x00000000dadfb678,0x00000000dae00000)
  to   space 5120K, 0% used [0x00000000dee00000,0x00000000dee00000,0x00000000df300000)
 ParOldGen       total 86016K, used 8194K [0x0000000083a00000, 0x0000000088e00000, 0x00000000d6900000)
  object space 86016K, 9% used [0x0000000083a00000,0x00000000842009b0,0x0000000088e00000)
 Metaspace       used 13982K, capacity 14440K, committed 14592K, reserved 1062912K
  class space    used 1594K, capacity 1705K, committed 1792K, reserved 1048576K
Event: 80.144 GC heap after
Heap after GC invocations=7 (full 1):
 PSYoungGen      total 133632K, used 5115K [0x00000000d6900000, 0x00000000df800000, 0x0000000100000000)
  eden space 128512K, 0% used [0x00000000d6900000,0x00000000d6900000,0x00000000de680000)
  from space 5120K, 99% used [0x00000000dee00000,0x00000000df2fef78,0x00000000df300000)
  to   space 7680K, 0% used [0x00000000de680000,0x00000000de680000,0x00000000dee00000)
 ParOldGen       total 86016K, used 10406K [0x0000000083a00000, 0x0000000088e00000, 0x00000000d6900000)
  object space 86016K, 12% used [0x0000000083a00000,0x00000000844298f0,0x0000000088e00000)
 Metaspace       used 13982K, capacity 14440K, committed 14592K, reserved 1062912K
  class space    used 1594K, capacity 1705K, committed 1792K, reserved 1048576K
}
Event: 88.013 GC heap before
{Heap before GC invocations=8 (full 1):
 PSYoungGen      total 133632K, used 133627K [0x00000000d6900000, 0x00000000df800000, 0x0000000100000000)
  eden space 128512K, 100% used [0x00000000d6900000,0x00000000de680000,0x00000000de680000)
  from space 5120K, 99% used [0x00000000dee00000,0x00000000df2fef78,0x00000000df300000)
  to   space 7680K, 0% used [0x00000000de680000,0x00000000de680000,0x00000000dee00000)
 ParOldGen       total 86016K, used 10406K [0x0000000083a00000, 0x0000000088e00000, 0x00000000d6900000)
  object space 86016K, 12% used [0x0000000083a00000,0x00000000844298f0,0x0000000088e00000)
 Metaspace       used 18721K, capacity 19212K, committed 19456K, reserved 1067008K
  class space    used 2125K, capacity 2284K, committed 2304K, reserved 1048576K
Event: 88.197 GC heap after
Heap after GC invocations=8 (full 1):
 PSYoungGen      total 136192K, used 7652K [0x00000000d6900000, 0x00000000e8100000, 0x0000000100000000)
  eden space 128512K, 0% used [0x00000000d6900000,0x00000000d6900000,0x00000000de680000)
  from space 7680K, 99% used [0x00000000de680000,0x00000000dedf9288,0x00000000dee00000)
  to   space 14848K, 0% used [0x00000000e7280000,0x00000000e7280000,0x00000000e8100000)
 ParOldGen       total 86016K, used 22613K [0x0000000083a00000, 0x0000000088e00000, 0x00000000d6900000)
  object space 86016K, 26% used [0x0000000083a00000,0x0000000085015570,0x0000000088e00000)
 Metaspace       used 18721K, capacity 19212K, committed 19456K, reserved 1067008K
  class space    used 2125K, capacity 2284K, committed 2304K, reserved 1048576K
}
Event: 111.011 GC heap before
{Heap before GC invocations=9 (full 1):
 PSYoungGen      total 136192K, used 134795K [0x00000000d6900000, 0x00000000e8100000, 0x0000000100000000)
  eden space 128512K, 98% used [0x00000000d6900000,0x00000000de529bb8,0x00000000de680000)
  from space 7680K, 99% used [0x00000000de680000,0x00000000dedf9288,0x00000000dee00000)
  to   space 14848K, 0% used [0x00000000e7280000,0x00000000e7280000,0x00000000e8100000)
 ParOldGen       total 86016K, used 22613K [0x0000000083a00000, 0x0000000088e00000, 0x00000000d6900000)
  object space 86016K, 26% used [0x0000000083a00000,0x0000000085015570,0x0000000088e00000)
 Metaspace       used 20229K, capacity 20830K, committed 20992K, reserved 1067008K
  class space    used 2320K, capacity 2489K, committed 2560K, reserved 1048576K
Event: 111.290 GC heap after
Heap after GC invocations=9 (full 1):
 PSYoungGen      total 263680K, used 14835K [0x00000000d6900000, 0x00000000e9100000, 0x0000000100000000)
  eden space 248832K, 0% used [0x00000000d6900000,0x00000000d6900000,0x00000000e5c00000)
  from space 14848K, 99% used [0x00000000e7280000,0x00000000e80fcc78,0x00000000e8100000)
  to   space 23040K, 0% used [0x00000000e5c00000,0x00000000e5c00000,0x00000000e7280000)
 ParOldGen       total 86016K, used 36625K [0x0000000083a00000, 0x0000000088e00000, 0x00000000d6900000)
  object space 86016K, 42% used [0x0000000083a00000,0x0000000085dc4790,0x0000000088e00000)
 Metaspace       used 20229K, capacity 20830K, committed 20992K, reserved 1067008K
  class space    used 2320K, capacity 2489K, committed 2560K, reserved 1048576K
}
Event: 113.036 GC heap before
{Heap before GC invocations=10 (full 1):
 PSYoungGen      total 263680K, used 77859K [0x00000000d6900000, 0x00000000e9100000, 0x0000000100000000)
  eden space 248832K, 25% used [0x00000000d6900000,0x00000000da68c248,0x00000000e5c00000)
  from space 14848K, 99% used [0x00000000e7280000,0x00000000e80fcc78,0x00000000e8100000)
  to   space 23040K, 0% used [0x00000000e5c00000,0x00000000e5c00000,0x00000000e7280000)
 ParOldGen       total 86016K, used 36625K [0x0000000083a00000, 0x0000000088e00000, 0x00000000d6900000)
  object space 86016K, 42% used [0x0000000083a00000,0x0000000085dc4790,0x0000000088e00000)
 Metaspace       used 20643K, capacity 21186K, committed 21248K, reserved 1069056K
  class space    used 2353K, capacity 2521K, committed 2560K, reserved 1048576K

