# JRE version: Java(TM) SE Runtime Environment (8.0_181-b13) (build 1.8.0_181-b13)
# Java VM: Java HotSpot(TM) 64-Bit Server VM (25.181-b13 mixed mode linux-amd64 compressed oops)
Heap:
 PSYoungGen      total 548352K, used 0K [0x00000000d6900000, 0x00000000ff180000, 0x0000000100000000)
  eden space 452096K, 0% used [0x00000000d6900000,0x00000000d6900000,0x00000000f2280000)
  from space 96256K, 0% used [0x00000000f9380000,0x00000000f9380000,0x00000000ff180000)
  to   space 105984K, 0% used [0x00000000f2280000,0x00000000f2280000,0x00000000f8a00000)
 ParOldGen       total 271360K, used 253086K [0x0000000083a00000, 0x0000000094300000, 0x00000000d6900000)
  object space 271360K, 93% used [0x0000000083a00000,0x0000000093127a20,0x0000000094300000)
 Metaspace       used 32839K, capacity 33538K, committed 33664K, reserved 1079296K
  class space    used 3980K, capacity 4163K, committed 4224K, reserved 1048576K
GC Heap History (10 events):
Event: 68.791 GC heap after
Heap after GC invocations=19 (full 3):
 PSYoungGen      total 579584K, used 67446K [0x00000000d6900000, 0x0000000100000000, 0x0000000100000000)
  eden space 495616K, 0% used [0x00000000d6900000,0x00000000d6900000,0x00000000f4d00000)
  from space 83968K, 80% used [0x00000000fae00000,0x00000000fefdd8b8,0x0000000100000000)
  to   space 91648K, 0% used [0x00000000f4d00000,0x00000000f4d00000,0x00000000fa680000)
 ParOldGen       total 271360K, used 143719K [0x0000000083a00000, 0x0000000094300000, 0x00000000d6900000)
  object space 271360K, 52% used [0x0000000083a00000,0x000000008c659fc8,0x0000000094300000)
 Metaspace       used 28239K, capacity 28700K, committed 28928K, reserved 1075200K
  class space    used 3165K, capacity 3318K, committed 3328K, reserved 1048576K
}
Event: 78.030 GC heap before
{Heap before GC invocations=20 (full 3):
 PSYoungGen      total 579584K, used 563062K [0x00000000d6900000, 0x0000000100000000, 0x0000000100000000)
  eden space 495616K, 100% used [0x00000000d6900000,0x00000000f4d00000,0x00000000f4d00000)
  from space 83968K, 80% used [0x00000000fae00000,0x00000000fefdd8b8,0x0000000100000000)
  to   space 91648K, 0% used [0x00000000f4d00000,0x00000000f4d00000,0x00000000fa680000)
 ParOldGen       total 271360K, used 143719K [0x0000000083a00000, 0x0000000094300000, 0x00000000d6900000)
  object space 271360K, 52% used [0x0000000083a00000,0x000000008c659fc8,0x0000000094300000)
 Metaspace       used 28262K, capacity 28770K, committed 28928K, reserved 1075200K
  class space    used 3168K, capacity 3319K, committed 3328K, reserved 1048576K
Event: 78.674 GC heap after
Heap after GC invocations=20 (full 3):
 PSYoungGen      total 587264K, used 91625K [0x00000000d6900000, 0x0000000100000000, 0x0000000100000000)
  eden space 495616K, 0% used [0x00000000d6900000,0x00000000d6900000,0x00000000f4d00000)
  from space 91648K, 99% used [0x00000000f4d00000,0x00000000fa67a490,0x00000000fa680000)
  to   space 91648K, 0% used [0x00000000fa680000,0x00000000fa680000,0x0000000100000000)
 ParOldGen       total 271360K, used 149685K [0x0000000083a00000, 0x0000000094300000, 0x00000000d6900000)
  object space 271360K, 55% used [0x0000000083a00000,0x000000008cc2d7f0,0x0000000094300000)
 Metaspace       used 28262K, capacity 28770K, committed 28928K, reserved 1075200K
  class space    used 3168K, capacity 3319K, committed 3328K, reserved 1048576K
}
Event: 79.781 GC heap before
{Heap before GC invocations=21 (full 3):
 PSYoungGen      total 587264K, used 587241K [0x00000000d6900000, 0x0000000100000000, 0x0000000100000000)
  eden space 495616K, 100% used [0x00000000d6900000,0x00000000f4d00000,0x00000000f4d00000)
  from space 91648K, 99% used [0x00000000f4d00000,0x00000000fa67a490,0x00000000fa680000)
  to   space 91648K, 0% used [0x00000000fa680000,0x00000000fa680000,0x0000000100000000)
 ParOldGen       total 271360K, used 149685K [0x0000000083a00000, 0x0000000094300000, 0x00000000d6900000)
  object space 271360K, 55% used [0x0000000083a00000,0x000000008cc2d7f0,0x0000000094300000)
 Metaspace       used 28263K, capacity 28770K, committed 28928K, reserved 1075200K
  class space    used 3168K, capacity 3319K, committed 3328K, reserved 1048576K
Event: 80.243 GC heap after
Heap after GC invocations=21 (full 3):
 PSYoungGen      total 539136K, used 77742K [0x00000000d6900000, 0x0000000100000000, 0x0000000100000000)
  eden space 447488K, 0% used [0x00000000d6900000,0x00000000d6900000,0x00000000f1e00000)
  from space 91648K, 84% used [0x00000000fa680000,0x00000000ff26ba20,0x0000000100000000)
  to   space 115712K, 0% used [0x00000000f1e00000,0x00000000f1e00000,0x00000000f8f00000)
 ParOldGen       total 271360K, used 163673K [0x0000000083a00000, 0x0000000094300000, 0x00000000d6900000)
  object space 271360K, 60% used [0x0000000083a00000,0x000000008d9d6790,0x0000000094300000)
 Metaspace       used 28263K, capacity 28770K, committed 28928K, reserved 1075200K
  class space    used 3168K, capacity 3319K, committed 3328K, reserved 1048576K
}
Event: 81.265 GC heap before
{Heap before GC invocations=22 (full 3):
 PSYoungGen      total 539136K, used 525230K [0x00000000d6900000, 0x0000000100000000, 0x0000000100000000)
  eden space 447488K, 100% used [0x00000000d6900000,0x00000000f1e00000,0x00000000f1e00000)
  from space 91648K, 84% used [0x00000000fa680000,0x00000000ff26ba20,0x0000000100000000)
  to   space 115712K, 0% used [0x00000000f1e00000,0x00000000f1e00000,0x00000000f8f00000)
 ParOldGen       total 271360K, used 163673K [0x0000000083a00000, 0x0000000094300000, 0x00000000d6900000)
  object space 271360K, 60% used [0x0000000083a00000,0x000000008d9d6790,0x0000000094300000)
 Metaspace       used 28265K, capacity 28770K, committed 28928K, reserved 1075200K
  class space    used 3168K, capacity 3319K, committed 3328K, reserved 1048576K
Event: 81.748 GC heap after
Heap after GC invocations=22 (full 3):
 PSYoungGen      total 563200K, used 51953K [0x00000000d6900000, 0x0000000100000000, 0x0000000100000000)
  eden space 447488K, 0% used [0x00000000d6900000,0x00000000d6900000,0x00000000f1e00000)
  from space 115712K, 44% used [0x00000000f1e00000,0x00000000f50bc740,0x00000000f8f00000)
  to   space 111104K, 0% used [0x00000000f9380000,0x00000000f9380000,0x0000000100000000)
 ParOldGen       total 271360K, used 189562K [0x0000000083a00000, 0x0000000094300000, 0x00000000d6900000)
  object space 271360K, 69% used [0x0000000083a00000,0x000000008f31e8c8,0x0000000094300000)
 Metaspace       used 28265K, capacity 28770K, committed 28928K, reserved 1075200K
  class space    used 3168K, capacity 3319K, committed 3328K, reserved 1048576K
}
Event: 90.970 GC heap before
{Heap before GC invocations=23 (full 3):
 PSYoungGen      total 563200K, used 499441K [0x00000000d6900000, 0x0000000100000000, 0x0000000100000000)
  eden space 447488K, 100% used [0x00000000d6900000,0x00000000f1e00000,0x00000000f1e00000)
  from space 115712K, 44% used [0x00000000f1e00000,0x00000000f50bc740,0x00000000f8f00000)
  to   space 111104K, 0% used [0x00000000f9380000,0x00000000f9380000,0x0000000100000000)
 ParOldGen       total 271360K, used 189562K [0x0000000083a00000, 0x0000000094300000, 0x00000000d6900000)
  object space 271360K, 69% used [0x0000000083a00000,0x000000008f31e8c8,0x0000000094300000)
 Metaspace       used 32850K, capacity 33556K, committed 33664K, reserved 1079296K
  class space    used 3982K, capacity 4166K, committed 4224K, reserved 1048576K
Event: 92.333 GC heap after
Heap after GC invocations=23 (full 3):
 PSYoungGen      total 548352K, used 37062K [0x00000000d6900000, 0x00000000ff180000, 0x0000000100000000)
  eden space 452096K, 0% used [0x00000000d6900000,0x00000000d6900000,0x00000000f2280000)
  from space 96256K, 38% used [0x00000000f9380000,0x00000000fb7b1ae0,0x00000000ff180000)
  to   space 105984K, 0% used [0x00000000f2280000,0x00000000f2280000,0x00000000f8a00000)
 ParOldGen       total 271360K, used 241449K [0x0000000083a00000, 0x0000000094300000, 0x00000000d6900000)
  object space 271360K, 88% used [0x0000000083a00000,0x00000000925ca7b8,0x0000000094300000)
 Metaspace       used 32850K, capacity 33556K, committed 33664K, reserved 1079296K
  class space    used 3982K, capacity 4166K, committed 4224K, reserved 1048576K
}
Event: 92.333 GC heap before
{Heap before GC invocations=24 (full 4):
 PSYoungGen      total 548352K, used 37062K [0x00000000d6900000, 0x00000000ff180000, 0x0000000100000000)
  eden space 452096K, 0% used [0x00000000d6900000,0x00000000d6900000,0x00000000f2280000)
  from space 96256K, 38% used [0x00000000f9380000,0x00000000fb7b1ae0,0x00000000ff180000)
  to   space 105984K, 0% used [0x00000000f2280000,0x00000000f2280000,0x00000000f8a00000)
 ParOldGen       total 271360K, used 241449K [0x0000000083a00000, 0x0000000094300000, 0x00000000d6900000)
  object space 271360K, 88% used [0x0000000083a00000,0x00000000925ca7b8,0x0000000094300000)
 Metaspace       used 32850K, capacity 33556K, committed 33664K, reserved 1079296K
  class space    used 3982K, capacity 4166K, committed 4224K, reserved 1048576K

