# JRE version: Java(TM) SE Runtime Environment (8.0_181-b13) (build 1.8.0_181-b13)
# Java VM: Java HotSpot(TM) 64-Bit Server VM (25.181-b13 mixed mode linux-amd64 compressed oops)
Heap:
 PSYoungGen      total 136192K, used 7659K [0x00000000d6900000, 0x00000000df800000, 0x0000000100000000)
  eden space 128512K, 0% used [0x00000000d6900000,0x00000000d6900000,0x00000000de680000)
  from space 7680K, 99% used [0x00000000de680000,0x00000000dedfacd8,0x00000000dee00000)
  to   space 5120K, 0% used [0x00000000dee00000,0x00000000dee00000,0x00000000df300000)
 ParOldGen       total 86016K, used 22720K [0x0000000083a00000, 0x0000000088e00000, 0x00000000d6900000)
  object space 86016K, 26% used [0x0000000083a00000,0x0000000085030280,0x0000000088e00000)
 Metaspace       used 18593K, capacity 19052K, committed 19200K, reserved 1067008K
  class space    used 2085K, capacity 2252K, committed 2304K, reserved 1048576K
GC Heap History (10 events):
Event: 112.922 GC heap after
Heap after GC invocations=3 (full 1):
 PSYoungGen      total 37888K, used 5115K [0x00000000d6900000, 0x00000000d9300000, 0x0000000100000000)
  eden space 32768K, 0% used [0x00000000d6900000,0x00000000d6900000,0x00000000d8900000)
  from space 5120K, 99% used [0x00000000d8e00000,0x00000000d92fecd0,0x00000000d9300000)
  to   space 5120K, 0% used [0x00000000d8900000,0x00000000d8900000,0x00000000d8e00000)
 ParOldGen       total 86016K, used 4920K [0x0000000083a00000, 0x0000000088e00000, 0x00000000d6900000)
  object space 86016K, 5% used [0x0000000083a00000,0x0000000083ece248,0x0000000088e00000)
 Metaspace       used 13748K, capacity 14154K, committed 14336K, reserved 1062912K
  class space    used 1580K, capacity 1700K, committed 1792K, reserved 1048576K
}
Event: 114.444 GC heap before
{Heap before GC invocations=4 (full 1):
 PSYoungGen      total 37888K, used 37883K [0x00000000d6900000, 0x00000000d9300000, 0x0000000100000000)
  eden space 32768K, 100% used [0x00000000d6900000,0x00000000d8900000,0x00000000d8900000)
  from space 5120K, 99% used [0x00000000d8e00000,0x00000000d92fecd0,0x00000000d9300000)
  to   space 5120K, 0% used [0x00000000d8900000,0x00000000d8900000,0x00000000d8e00000)
 ParOldGen       total 86016K, used 4920K [0x0000000083a00000, 0x0000000088e00000, 0x00000000d6900000)
  object space 86016K, 5% used [0x0000000083a00000,0x0000000083ece248,0x0000000088e00000)
 Metaspace       used 13836K, capacity 14282K, committed 14592K, reserved 1062912K
  class space    used 1581K, capacity 1700K, committed 1792K, reserved 1048576K
Event: 114.474 GC heap after
Heap after GC invocations=4 (full 1):
 PSYoungGen      total 37888K, used 5094K [0x00000000d6900000, 0x00000000db300000, 0x0000000100000000)
  eden space 32768K, 0% used [0x00000000d6900000,0x00000000d6900000,0x00000000d8900000)
  from space 5120K, 99% used [0x00000000d8900000,0x00000000d8df9a50,0x00000000d8e00000)
  to   space 5120K, 0% used [0x00000000dae00000,0x00000000dae00000,0x00000000db300000)
 ParOldGen       total 86016K, used 5100K [0x0000000083a00000, 0x0000000088e00000, 0x00000000d6900000)
  object space 86016K, 5% used [0x0000000083a00000,0x0000000083efb1c0,0x0000000088e00000)
 Metaspace       used 13836K, capacity 14282K, committed 14592K, reserved 1062912K
  class space    used 1581K, capacity 1700K, committed 1792K, reserved 1048576K
}
Event: 115.313 GC heap before
{Heap before GC invocations=5 (full 1):
 PSYoungGen      total 37888K, used 37862K [0x00000000d6900000, 0x00000000db300000, 0x0000000100000000)
  eden space 32768K, 100% used [0x00000000d6900000,0x00000000d8900000,0x00000000d8900000)
  from space 5120K, 99% used [0x00000000d8900000,0x00000000d8df9a50,0x00000000d8e00000)
  to   space 5120K, 0% used [0x00000000dae00000,0x00000000dae00000,0x00000000db300000)
 ParOldGen       total 86016K, used 5100K [0x0000000083a00000, 0x0000000088e00000, 0x00000000d6900000)
  object space 86016K, 5% used [0x0000000083a00000,0x0000000083efb1c0,0x0000000088e00000)
 Metaspace       used 13856K, capacity 14282K, committed 14592K, reserved 1062912K
  class space    used 1581K, capacity 1700K, committed 1792K, reserved 1048576K
Event: 115.324 GC heap after
Heap after GC invocations=5 (full 1):
 PSYoungGen      total 70656K, used 5114K [0x00000000d6900000, 0x00000000db300000, 0x0000000100000000)
  eden space 65536K, 0% used [0x00000000d6900000,0x00000000d6900000,0x00000000da900000)
  from space 5120K, 99% used [0x00000000dae00000,0x00000000db2fea20,0x00000000db300000)
  to   space 5120K, 0% used [0x00000000da900000,0x00000000da900000,0x00000000dae00000)
 ParOldGen       total 86016K, used 6016K [0x0000000083a00000, 0x0000000088e00000, 0x00000000d6900000)
  object space 86016K, 6% used [0x0000000083a00000,0x0000000083fe0260,0x0000000088e00000)
 Metaspace       used 13856K, capacity 14282K, committed 14592K, reserved 1062912K
  class space    used 1581K, capacity 1700K, committed 1792K, reserved 1048576K
}
Event: 116.286 GC heap before
{Heap before GC invocations=6 (full 1):
 PSYoungGen      total 70656K, used 70650K [0x00000000d6900000, 0x00000000db300000, 0x0000000100000000)
  eden space 65536K, 100% used [0x00000000d6900000,0x00000000da900000,0x00000000da900000)
  from space 5120K, 99% used [0x00000000dae00000,0x00000000db2fea20,0x00000000db300000)
  to   space 5120K, 0% used [0x00000000da900000,0x00000000da900000,0x00000000dae00000)
 ParOldGen       total 86016K, used 6016K [0x0000000083a00000, 0x0000000088e00000, 0x00000000d6900000)
  object space 86016K, 6% used [0x0000000083a00000,0x0000000083fe0260,0x0000000088e00000)
 Metaspace       used 13896K, capacity 14346K, committed 14592K, reserved 1062912K
  class space    used 1581K, capacity 1700K, committed 1792K, reserved 1048576K
Event: 116.314 GC heap after
Heap after GC invocations=6 (full 1):
 PSYoungGen      total 70656K, used 5089K [0x00000000d6900000, 0x00000000df300000, 0x0000000100000000)
  eden space 65536K, 0% used [0x00000000d6900000,0x00000000d6900000,0x00000000da900000)
  from space 5120K, 99% used [0x00000000da900000,0x00000000dadf8450,0x00000000dae00000)
  to   space 5120K, 0% used [0x00000000dee00000,0x00000000dee00000,0x00000000df300000)
 ParOldGen       total 86016K, used 6444K [0x0000000083a00000, 0x0000000088e00000, 0x00000000d6900000)
  object space 86016K, 7% used [0x0000000083a00000,0x000000008404b250,0x0000000088e00000)
 Metaspace       used 13896K, capacity 14346K, committed 14592K, reserved 1062912K
  class space    used 1581K, capacity 1700K, committed 1792K, reserved 1048576K
}
Event: 117.244 GC heap before
{Heap before GC invocations=7 (full 1):
 PSYoungGen      total 70656K, used 70625K [0x00000000d6900000, 0x00000000df300000, 0x0000000100000000)
  eden space 65536K, 100% used [0x00000000d6900000,0x00000000da900000,0x00000000da900000)
  from space 5120K, 99% used [0x00000000da900000,0x00000000dadf8450,0x00000000dae00000)
  to   space 5120K, 0% used [0x00000000dee00000,0x00000000dee00000,0x00000000df300000)
 ParOldGen       total 86016K, used 6444K [0x0000000083a00000, 0x0000000088e00000, 0x00000000d6900000)
  object space 86016K, 7% used [0x0000000083a00000,0x000000008404b250,0x0000000088e00000)
 Metaspace       used 13960K, capacity 14346K, committed 14592K, reserved 1062912K
  class space    used 1581K, capacity 1700K, committed 1792K, reserved 1048576K
Event: 117.319 GC heap after
Heap after GC invocations=7 (full 1):
 PSYoungGen      total 133632K, used 5114K [0x00000000d6900000, 0x00000000df800000, 0x0000000100000000)
  eden space 128512K, 0% used [0x00000000d6900000,0x00000000d6900000,0x00000000de680000)
  from space 5120K, 99% used [0x00000000dee00000,0x00000000df2fe990,0x00000000df300000)
  to   space 7680K, 0% used [0x00000000de680000,0x00000000de680000,0x00000000dee00000)
 ParOldGen       total 86016K, used 8761K [0x0000000083a00000, 0x0000000088e00000, 0x00000000d6900000)
  object space 86016K, 10% used [0x0000000083a00000,0x000000008428e490,0x0000000088e00000)
 Metaspace       used 13960K, capacity 14346K, committed 14592K, reserved 1062912K
  class space    used 1581K, capacity 1700K, committed 1792K, reserved 1048576K
}
Event: 124.865 GC heap before
{Heap before GC invocations=8 (full 1):
 PSYoungGen      total 133632K, used 133626K [0x00000000d6900000, 0x00000000df800000, 0x0000000100000000)
  eden space 128512K, 100% used [0x00000000d6900000,0x00000000de680000,0x00000000de680000)
  from space 5120K, 99% used [0x00000000dee00000,0x00000000df2fe990,0x00000000df300000)
  to   space 7680K, 0% used [0x00000000de680000,0x00000000de680000,0x00000000dee00000)
 ParOldGen       total 86016K, used 8761K [0x0000000083a00000, 0x0000000088e00000, 0x00000000d6900000)
  object space 86016K, 10% used [0x0000000083a00000,0x000000008428e490,0x0000000088e00000)
 Metaspace       used 18593K, capacity 19052K, committed 19200K, reserved 1067008K
  class space    used 2085K, capacity 2252K, committed 2304K, reserved 1048576K

