# JRE version: Java(TM) SE Runtime Environment (8.0_181-b13) (build 1.8.0_181-b13)
# Java VM: Java HotSpot(TM) 64-Bit Server VM (25.181-b13 mixed mode linux-amd64 compressed oops)
Heap:
 PSYoungGen      total 70144K, used 13801K [0x00000000d6900000, 0x00000000dbf00000, 0x0000000100000000)
  eden space 56320K, 0% used [0x00000000d6900000,0x00000000d6900000,0x00000000da000000)
  from space 13824K, 99% used [0x00000000da000000,0x00000000dad7a7a8,0x00000000dad80000)
  to   space 9728K, 0% used [0x00000000dad80000,0x00000000dad80000,0x00000000db700000)
 ParOldGen       total 86016K, used 23399K [0x0000000083a00000, 0x0000000088e00000, 0x00000000d6900000)
  object space 86016K, 27% used [0x0000000083a00000,0x00000000850d9c30,0x0000000088e00000)
 Metaspace       used 19054K, capacity 19598K, committed 19840K, reserved 1067008K
  class space    used 2175K, capacity 2327K, committed 2432K, reserved 1048576K
GC Heap History (10 events):
Event: 90.151 GC heap after
Heap after GC invocations=5 (full 1):
 PSYoungGen      total 37888K, used 4860K [0x00000000d6900000, 0x00000000d9300000, 0x0000000100000000)
  eden space 32768K, 0% used [0x00000000d6900000,0x00000000d6900000,0x00000000d8900000)
  from space 5120K, 94% used [0x00000000d8e00000,0x00000000d92bf0d0,0x00000000d9300000)
  to   space 5120K, 0% used [0x00000000d8900000,0x00000000d8900000,0x00000000d8e00000)
 ParOldGen       total 86016K, used 4207K [0x0000000083a00000, 0x0000000088e00000, 0x00000000d6900000)
  object space 86016K, 4% used [0x0000000083a00000,0x0000000083e1bd70,0x0000000088e00000)
 Metaspace       used 14028K, capacity 14422K, committed 14592K, reserved 1062912K
  class space    used 1596K, capacity 1704K, committed 1792K, reserved 1048576K
}
Event: 90.748 GC heap before
{Heap before GC invocations=6 (full 1):
 PSYoungGen      total 37888K, used 37628K [0x00000000d6900000, 0x00000000d9300000, 0x0000000100000000)
  eden space 32768K, 100% used [0x00000000d6900000,0x00000000d8900000,0x00000000d8900000)
  from space 5120K, 94% used [0x00000000d8e00000,0x00000000d92bf0d0,0x00000000d9300000)
  to   space 5120K, 0% used [0x00000000d8900000,0x00000000d8900000,0x00000000d8e00000)
 ParOldGen       total 86016K, used 4207K [0x0000000083a00000, 0x0000000088e00000, 0x00000000d6900000)
  object space 86016K, 4% used [0x0000000083a00000,0x0000000083e1bd70,0x0000000088e00000)
 Metaspace       used 14063K, capacity 14550K, committed 14848K, reserved 1062912K
  class space    used 1596K, capacity 1704K, committed 1792K, reserved 1048576K
Event: 90.758 GC heap after
Heap after GC invocations=6 (full 1):
 PSYoungGen      total 37888K, used 5099K [0x00000000d6900000, 0x00000000d9300000, 0x0000000100000000)
  eden space 32768K, 0% used [0x00000000d6900000,0x00000000d6900000,0x00000000d8900000)
  from space 5120K, 99% used [0x00000000d8900000,0x00000000d8dfafa8,0x00000000d8e00000)
  to   space 5120K, 0% used [0x00000000d8e00000,0x00000000d8e00000,0x00000000d9300000)
 ParOldGen       total 86016K, used 4431K [0x0000000083a00000, 0x0000000088e00000, 0x00000000d6900000)
  object space 86016K, 5% used [0x0000000083a00000,0x0000000083e53d70,0x0000000088e00000)
 Metaspace       used 14063K, capacity 14550K, committed 14848K, reserved 1062912K
  class space    used 1596K, capacity 1704K, committed 1792K, reserved 1048576K
}
Event: 93.571 GC heap before
{Heap before GC invocations=7 (full 1):
 PSYoungGen      total 37888K, used 37867K [0x00000000d6900000, 0x00000000d9300000, 0x0000000100000000)
  eden space 32768K, 100% used [0x00000000d6900000,0x00000000d8900000,0x00000000d8900000)
  from space 5120K, 99% used [0x00000000d8900000,0x00000000d8dfafa8,0x00000000d8e00000)
  to   space 5120K, 0% used [0x00000000d8e00000,0x00000000d8e00000,0x00000000d9300000)
 ParOldGen       total 86016K, used 4431K [0x0000000083a00000, 0x0000000088e00000, 0x00000000d6900000)
  object space 86016K, 5% used [0x0000000083a00000,0x0000000083e53d70,0x0000000088e00000)
 Metaspace       used 15523K, capacity 16002K, committed 16256K, reserved 1062912K
  class space    used 1725K, capacity 1855K, committed 1920K, reserved 1048576K
Event: 93.584 GC heap after
Heap after GC invocations=7 (full 1):
 PSYoungGen      total 35328K, used 5100K [0x00000000d6900000, 0x00000000d9780000, 0x0000000100000000)
  eden space 30208K, 0% used [0x00000000d6900000,0x00000000d6900000,0x00000000d8680000)
  from space 5120K, 99% used [0x00000000d8e00000,0x00000000d92fb248,0x00000000d9300000)
  to   space 7680K, 0% used [0x00000000d8680000,0x00000000d8680000,0x00000000d8e00000)
 ParOldGen       total 86016K, used 8171K [0x0000000083a00000, 0x0000000088e00000, 0x00000000d6900000)
  object space 86016K, 9% used [0x0000000083a00000,0x00000000841fad70,0x0000000088e00000)
 Metaspace       used 15523K, capacity 16002K, committed 16256K, reserved 1062912K
  class space    used 1725K, capacity 1855K, committed 1920K, reserved 1048576K
}
Event: 96.128 GC heap before
{Heap before GC invocations=8 (full 1):
 PSYoungGen      total 35328K, used 35308K [0x00000000d6900000, 0x00000000d9780000, 0x0000000100000000)
  eden space 30208K, 100% used [0x00000000d6900000,0x00000000d8680000,0x00000000d8680000)
  from space 5120K, 99% used [0x00000000d8e00000,0x00000000d92fb248,0x00000000d9300000)
  to   space 7680K, 0% used [0x00000000d8680000,0x00000000d8680000,0x00000000d8e00000)
 ParOldGen       total 86016K, used 8171K [0x0000000083a00000, 0x0000000088e00000, 0x00000000d6900000)
  object space 86016K, 9% used [0x0000000083a00000,0x00000000841fad70,0x0000000088e00000)
 Metaspace       used 16923K, capacity 17432K, committed 17664K, reserved 1064960K
  class space    used 1898K, capacity 2024K, committed 2048K, reserved 1048576K
Event: 96.191 GC heap after
Heap after GC invocations=8 (full 1):
 PSYoungGen      total 37888K, used 7653K [0x00000000d6900000, 0x00000000db700000, 0x0000000100000000)
  eden space 30208K, 0% used [0x00000000d6900000,0x00000000d6900000,0x00000000d8680000)
  from space 7680K, 99% used [0x00000000d8680000,0x00000000d8df95c8,0x00000000d8e00000)
  to   space 9728K, 0% used [0x00000000dad80000,0x00000000dad80000,0x00000000db700000)
 ParOldGen       total 86016K, used 10486K [0x0000000083a00000, 0x0000000088e00000, 0x00000000d6900000)
  object space 86016K, 12% used [0x0000000083a00000,0x000000008443d918,0x0000000088e00000)
 Metaspace       used 16923K, capacity 17432K, committed 17664K, reserved 1064960K
  class space    used 1898K, capacity 2024K, committed 2048K, reserved 1048576K
}
Event: 99.989 GC heap before
{Heap before GC invocations=9 (full 1):
 PSYoungGen      total 37888K, used 37861K [0x00000000d6900000, 0x00000000db700000, 0x0000000100000000)
  eden space 30208K, 100% used [0x00000000d6900000,0x00000000d8680000,0x00000000d8680000)
  from space 7680K, 99% used [0x00000000d8680000,0x00000000d8df95c8,0x00000000d8e00000)
  to   space 9728K, 0% used [0x00000000dad80000,0x00000000dad80000,0x00000000db700000)
 ParOldGen       total 86016K, used 10486K [0x0000000083a00000, 0x0000000088e00000, 0x00000000d6900000)
  object space 86016K, 12% used [0x0000000083a00000,0x000000008443d918,0x0000000088e00000)
 Metaspace       used 18193K, capacity 18718K, committed 18944K, reserved 1067008K
  class space    used 2058K, capacity 2191K, committed 2304K, reserved 1048576K
Event: 100.204 GC heap after
Heap after GC invocations=9 (full 1):
 PSYoungGen      total 66048K, used 9702K [0x00000000d6900000, 0x00000000dbf00000, 0x0000000100000000)
  eden space 56320K, 0% used [0x00000000d6900000,0x00000000d6900000,0x00000000da000000)
  from space 9728K, 99% used [0x00000000dad80000,0x00000000db6f9ab0,0x00000000db700000)
  to   space 13824K, 0% used [0x00000000da000000,0x00000000da000000,0x00000000dad80000)
 ParOldGen       total 86016K, used 16856K [0x0000000083a00000, 0x0000000088e00000, 0x00000000d6900000)
  object space 86016K, 19% used [0x0000000083a00000,0x0000000084a76388,0x0000000088e00000)
 Metaspace       used 18193K, capacity 18718K, committed 18944K, reserved 1067008K
  class space    used 2058K, capacity 2191K, committed 2304K, reserved 1048576K
}
Event: 108.220 GC heap before
{Heap before GC invocations=10 (full 1):
 PSYoungGen      total 66048K, used 66022K [0x00000000d6900000, 0x00000000dbf00000, 0x0000000100000000)
  eden space 56320K, 100% used [0x00000000d6900000,0x00000000da000000,0x00000000da000000)
  from space 9728K, 99% used [0x00000000dad80000,0x00000000db6f9ab0,0x00000000db700000)
  to   space 13824K, 0% used [0x00000000da000000,0x00000000da000000,0x00000000dad80000)
 ParOldGen       total 86016K, used 16856K [0x0000000083a00000, 0x0000000088e00000, 0x00000000d6900000)
  object space 86016K, 19% used [0x0000000083a00000,0x0000000084a76388,0x0000000088e00000)
 Metaspace       used 19054K, capacity 19598K, committed 19840K, reserved 1067008K
  class space    used 2175K, capacity 2327K, committed 2432K, reserved 1048576K

