# JRE version: Java(TM) SE Runtime Environment (8.0_181-b13) (build 1.8.0_181-b13)
# Java VM: Java HotSpot(TM) 64-Bit Server VM (25.181-b13 mixed mode linux-amd64 compressed oops)
Heap:
 PSYoungGen      total 211968K, used 8768K [0x00000000d6900000, 0x00000000e7100000, 0x0000000100000000)
  eden space 200192K, 0% used [0x00000000d6900000,0x00000000d6900000,0x00000000e2c80000)
  from space 11776K, 74% used [0x00000000e5a00000,0x00000000e6290140,0x00000000e6580000)
  to   space 9216K, 0% used [0x00000000e6800000,0x00000000e6800000,0x00000000e7100000)
 ParOldGen       total 86016K, used 20536K [0x0000000083a00000, 0x0000000088e00000, 0x00000000d6900000)
  object space 86016K, 23% used [0x0000000083a00000,0x0000000084e0e100,0x0000000088e00000)
 Metaspace       used 13759K, capacity 14130K, committed 14336K, reserved 1062912K
  class space    used 1570K, capacity 1663K, committed 1792K, reserved 1048576K
GC Heap History (10 events):
Event: 31.292 GC heap after
Heap after GC invocations=7 (full 1):
 PSYoungGen      total 68096K, used 5116K [0x00000000d6900000, 0x00000000db800000, 0x0000000100000000)
  eden space 62976K, 0% used [0x00000000d6900000,0x00000000d6900000,0x00000000da680000)
  from space 5120K, 99% used [0x00000000dae00000,0x00000000db2ff180,0x00000000db300000)
  to   space 7680K, 0% used [0x00000000da680000,0x00000000da680000,0x00000000dae00000)
 ParOldGen       total 86016K, used 7530K [0x0000000083a00000, 0x0000000088e00000, 0x00000000d6900000)
  object space 86016K, 8% used [0x0000000083a00000,0x000000008415a888,0x0000000088e00000)
 Metaspace       used 13639K, capacity 14002K, committed 14336K, reserved 1062912K
  class space    used 1569K, capacity 1663K, committed 1792K, reserved 1048576K
}
Event: 32.271 GC heap before
{Heap before GC invocations=8 (full 1):
 PSYoungGen      total 68096K, used 68092K [0x00000000d6900000, 0x00000000db800000, 0x0000000100000000)
  eden space 62976K, 100% used [0x00000000d6900000,0x00000000da680000,0x00000000da680000)
  from space 5120K, 99% used [0x00000000dae00000,0x00000000db2ff180,0x00000000db300000)
  to   space 7680K, 0% used [0x00000000da680000,0x00000000da680000,0x00000000dae00000)
 ParOldGen       total 86016K, used 7530K [0x0000000083a00000, 0x0000000088e00000, 0x00000000d6900000)
  object space 86016K, 8% used [0x0000000083a00000,0x000000008415a888,0x0000000088e00000)
 Metaspace       used 13678K, capacity 14066K, committed 14336K, reserved 1062912K
  class space    used 1570K, capacity 1663K, committed 1792K, reserved 1048576K
Event: 32.287 GC heap after
Heap after GC invocations=8 (full 1):
 PSYoungGen      total 70656K, used 7676K [0x00000000d6900000, 0x00000000df500000, 0x0000000100000000)
  eden space 62976K, 0% used [0x00000000d6900000,0x00000000d6900000,0x00000000da680000)
  from space 7680K, 99% used [0x00000000da680000,0x00000000dadff150,0x00000000dae00000)
  to   space 8704K, 0% used [0x00000000dec80000,0x00000000dec80000,0x00000000df500000)
 ParOldGen       total 86016K, used 8057K [0x0000000083a00000, 0x0000000088e00000, 0x00000000d6900000)
  object space 86016K, 9% used [0x0000000083a00000,0x00000000841de630,0x0000000088e00000)
 Metaspace       used 13678K, capacity 14066K, committed 14336K, reserved 1062912K
  class space    used 1570K, capacity 1663K, committed 1792K, reserved 1048576K
}
Event: 32.977 GC heap before
{Heap before GC invocations=9 (full 1):
 PSYoungGen      total 70656K, used 70652K [0x00000000d6900000, 0x00000000df500000, 0x0000000100000000)
  eden space 62976K, 100% used [0x00000000d6900000,0x00000000da680000,0x00000000da680000)
  from space 7680K, 99% used [0x00000000da680000,0x00000000dadff150,0x00000000dae00000)
  to   space 8704K, 0% used [0x00000000dec80000,0x00000000dec80000,0x00000000df500000)
 ParOldGen       total 86016K, used 8057K [0x0000000083a00000, 0x0000000088e00000, 0x00000000d6900000)
  object space 86016K, 9% used [0x0000000083a00000,0x00000000841de630,0x0000000088e00000)
 Metaspace       used 13700K, capacity 14066K, committed 14336K, reserved 1062912K
  class space    used 1570K, capacity 1663K, committed 1792K, reserved 1048576K
Event: 32.987 GC heap after
Heap after GC invocations=9 (full 1):
 PSYoungGen      total 133632K, used 8416K [0x00000000d6900000, 0x00000000df700000, 0x0000000100000000)
  eden space 124928K, 0% used [0x00000000d6900000,0x00000000d6900000,0x00000000de300000)
  from space 8704K, 96% used [0x00000000dec80000,0x00000000df4b80e0,0x00000000df500000)
  to   space 9728K, 0% used [0x00000000de300000,0x00000000de300000,0x00000000dec80000)
 ParOldGen       total 86016K, used 9833K [0x0000000083a00000, 0x0000000088e00000, 0x00000000d6900000)
  object space 86016K, 11% used [0x0000000083a00000,0x000000008439a7d0,0x0000000088e00000)
 Metaspace       used 13700K, capacity 14066K, committed 14336K, reserved 1062912K
  class space    used 1570K, capacity 1663K, committed 1792K, reserved 1048576K
}
Event: 34.557 GC heap before
{Heap before GC invocations=10 (full 1):
 PSYoungGen      total 133632K, used 133344K [0x00000000d6900000, 0x00000000df700000, 0x0000000100000000)
  eden space 124928K, 100% used [0x00000000d6900000,0x00000000de300000,0x00000000de300000)
  from space 8704K, 96% used [0x00000000dec80000,0x00000000df4b80e0,0x00000000df500000)
  to   space 9728K, 0% used [0x00000000de300000,0x00000000de300000,0x00000000dec80000)
 ParOldGen       total 86016K, used 9833K [0x0000000083a00000, 0x0000000088e00000, 0x00000000d6900000)
  object space 86016K, 11% used [0x0000000083a00000,0x000000008439a7d0,0x0000000088e00000)
 Metaspace       used 13710K, capacity 14066K, committed 14336K, reserved 1062912K
  class space    used 1570K, capacity 1663K, committed 1792K, reserved 1048576K
Event: 34.639 GC heap after
Heap after GC invocations=10 (full 1):
 PSYoungGen      total 134656K, used 9696K [0x00000000d6900000, 0x00000000e7300000, 0x0000000100000000)
  eden space 124928K, 0% used [0x00000000d6900000,0x00000000d6900000,0x00000000de300000)
  from space 9728K, 99% used [0x00000000de300000,0x00000000dec780e0,0x00000000dec80000)
  to   space 11264K, 0% used [0x00000000e6800000,0x00000000e6800000,0x00000000e7300000)
 ParOldGen       total 86016K, used 11049K [0x0000000083a00000, 0x0000000088e00000, 0x00000000d6900000)
  object space 86016K, 12% used [0x0000000083a00000,0x00000000844ca7f0,0x0000000088e00000)
 Metaspace       used 13710K, capacity 14066K, committed 14336K, reserved 1062912K
  class space    used 1570K, capacity 1663K, committed 1792K, reserved 1048576K
}
Event: 36.074 GC heap before
{Heap before GC invocations=11 (full 1):
 PSYoungGen      total 134656K, used 134624K [0x00000000d6900000, 0x00000000e7300000, 0x0000000100000000)
  eden space 124928K, 100% used [0x00000000d6900000,0x00000000de300000,0x00000000de300000)
  from space 9728K, 99% used [0x00000000de300000,0x00000000dec780e0,0x00000000dec80000)
  to   space 11264K, 0% used [0x00000000e6800000,0x00000000e6800000,0x00000000e7300000)
 ParOldGen       total 86016K, used 11049K [0x0000000083a00000, 0x0000000088e00000, 0x00000000d6900000)
  object space 86016K, 12% used [0x0000000083a00000,0x00000000844ca7f0,0x0000000088e00000)
 Metaspace       used 13751K, capacity 14130K, committed 14336K, reserved 1062912K
  class space    used 1570K, capacity 1663K, committed 1792K, reserved 1048576K
Event: 36.132 GC heap after
Heap after GC invocations=11 (full 1):
 PSYoungGen      total 209408K, used 8880K [0x00000000d6900000, 0x00000000e7100000, 0x0000000100000000)
  eden space 200192K, 0% used [0x00000000d6900000,0x00000000d6900000,0x00000000e2c80000)
  from space 9216K, 96% used [0x00000000e6800000,0x00000000e70ac0b0,0x00000000e7100000)
  to   space 11776K, 0% used [0x00000000e5a00000,0x00000000e5a00000,0x00000000e6580000)
 ParOldGen       total 86016K, used 15862K [0x0000000083a00000, 0x0000000088e00000, 0x00000000d6900000)
  object space 86016K, 18% used [0x0000000083a00000,0x000000008497db60,0x0000000088e00000)
 Metaspace       used 13751K, capacity 14130K, committed 14336K, reserved 1062912K
  class space    used 1570K, capacity 1663K, committed 1792K, reserved 1048576K
}
Event: 38.466 GC heap before
{Heap before GC invocations=12 (full 1):
 PSYoungGen      total 209408K, used 209072K [0x00000000d6900000, 0x00000000e7100000, 0x0000000100000000)
  eden space 200192K, 100% used [0x00000000d6900000,0x00000000e2c80000,0x00000000e2c80000)
  from space 9216K, 96% used [0x00000000e6800000,0x00000000e70ac0b0,0x00000000e7100000)
  to   space 11776K, 0% used [0x00000000e5a00000,0x00000000e5a00000,0x00000000e6580000)
 ParOldGen       total 86016K, used 15862K [0x0000000083a00000, 0x0000000088e00000, 0x00000000d6900000)
  object space 86016K, 18% used [0x0000000083a00000,0x000000008497db60,0x0000000088e00000)
 Metaspace       used 13759K, capacity 14130K, committed 14336K, reserved 1062912K
  class space    used 1570K, capacity 1663K, committed 1792K, reserved 1048576K

