# JRE version: Java(TM) SE Runtime Environment (8.0_181-b13) (build 1.8.0_181-b13)
# Java VM: Java HotSpot(TM) 64-Bit Server VM (25.181-b13 mixed mode linux-amd64 compressed oops)
Heap:
 PSYoungGen      total 218112K, used 0K [0x00000000d6900000, 0x00000000e8000000, 0x0000000100000000)
  eden space 200704K, 0% used [0x00000000d6900000,0x00000000d6900000,0x00000000e2d00000)
  from space 17408K, 0% used [0x00000000e6f00000,0x00000000e6f00000,0x00000000e8000000)
  to   space 32256K, 0% used [0x00000000e4100000,0x00000000e4100000,0x00000000e6080000)
 ParOldGen       total 86016K, used 64849K [0x0000000083a00000, 0x0000000088e00000, 0x00000000d6900000)
  object space 86016K, 75% used [0x0000000083a00000,0x0000000087954670,0x0000000088e00000)
 Metaspace       used 20745K, capacity 21176K, committed 21296K, reserved 1069056K
  class space    used 2396K, capacity 2546K, committed 2560K, reserved 1048576K
GC Heap History (10 events):
Event: 74.592 GC heap after
Heap after GC invocations=7 (full 1):
 PSYoungGen      total 69632K, used 5091K [0x00000000d6900000, 0x00000000db500000, 0x0000000100000000)
  eden space 64512K, 0% used [0x00000000d6900000,0x00000000d6900000,0x00000000da800000)
  from space 5120K, 99% used [0x00000000dae00000,0x00000000db2f8ec0,0x00000000db300000)
  to   space 6144K, 0% used [0x00000000da800000,0x00000000da800000,0x00000000dae00000)
 ParOldGen       total 86016K, used 5612K [0x0000000083a00000, 0x0000000088e00000, 0x00000000d6900000)
  object space 86016K, 6% used [0x0000000083a00000,0x0000000083f7b328,0x0000000088e00000)
 Metaspace       used 13920K, capacity 14254K, committed 14592K, reserved 1062912K
  class space    used 1579K, capacity 1668K, committed 1792K, reserved 1048576K
}
Event: 75.120 GC heap before
{Heap before GC invocations=8 (full 1):
 PSYoungGen      total 69632K, used 69603K [0x00000000d6900000, 0x00000000db500000, 0x0000000100000000)
  eden space 64512K, 100% used [0x00000000d6900000,0x00000000da800000,0x00000000da800000)
  from space 5120K, 99% used [0x00000000dae00000,0x00000000db2f8ec0,0x00000000db300000)
  to   space 6144K, 0% used [0x00000000da800000,0x00000000da800000,0x00000000dae00000)
 ParOldGen       total 86016K, used 5612K [0x0000000083a00000, 0x0000000088e00000, 0x00000000d6900000)
  object space 86016K, 6% used [0x0000000083a00000,0x0000000083f7b328,0x0000000088e00000)
 Metaspace       used 14084K, capacity 14446K, committed 14848K, reserved 1062912K
  class space    used 1579K, capacity 1668K, committed 1792K, reserved 1048576K
Event: 75.148 GC heap after
Heap after GC invocations=8 (full 1):
 PSYoungGen      total 70656K, used 6131K [0x00000000d6900000, 0x00000000df500000, 0x0000000100000000)
  eden space 64512K, 0% used [0x00000000d6900000,0x00000000d6900000,0x00000000da800000)
  from space 6144K, 99% used [0x00000000da800000,0x00000000dadfce20,0x00000000dae00000)
  to   space 7168K, 0% used [0x00000000dee00000,0x00000000dee00000,0x00000000df500000)
 ParOldGen       total 86016K, used 6902K [0x0000000083a00000, 0x0000000088e00000, 0x00000000d6900000)
  object space 86016K, 8% used [0x0000000083a00000,0x00000000840bd8c8,0x0000000088e00000)
 Metaspace       used 14084K, capacity 14446K, committed 14848K, reserved 1062912K
  class space    used 1579K, capacity 1668K, committed 1792K, reserved 1048576K
}
Event: 77.950 GC heap before
{Heap before GC invocations=9 (full 1):
 PSYoungGen      total 70656K, used 70643K [0x00000000d6900000, 0x00000000df500000, 0x0000000100000000)
  eden space 64512K, 100% used [0x00000000d6900000,0x00000000da800000,0x00000000da800000)
  from space 6144K, 99% used [0x00000000da800000,0x00000000dadfce20,0x00000000dae00000)
  to   space 7168K, 0% used [0x00000000dee00000,0x00000000dee00000,0x00000000df500000)
 ParOldGen       total 86016K, used 6902K [0x0000000083a00000, 0x0000000088e00000, 0x00000000d6900000)
  object space 86016K, 8% used [0x0000000083a00000,0x00000000840bd8c8,0x0000000088e00000)
 Metaspace       used 16579K, capacity 17070K, committed 17152K, reserved 1064960K
  class space    used 1848K, capacity 1985K, committed 2048K, reserved 1048576K
Event: 78.048 GC heap after
Heap after GC invocations=9 (full 1):
 PSYoungGen      total 132608K, used 7148K [0x00000000d6900000, 0x00000000dfc00000, 0x0000000100000000)
  eden space 125440K, 0% used [0x00000000d6900000,0x00000000d6900000,0x00000000de380000)
  from space 7168K, 99% used [0x00000000dee00000,0x00000000df4fb240,0x00000000df500000)
  to   space 10752K, 0% used [0x00000000de380000,0x00000000de380000,0x00000000dee00000)
 ParOldGen       total 86016K, used 13298K [0x0000000083a00000, 0x0000000088e00000, 0x00000000d6900000)
  object space 86016K, 15% used [0x0000000083a00000,0x00000000846fc980,0x0000000088e00000)
 Metaspace       used 16579K, capacity 17070K, committed 17152K, reserved 1064960K
  class space    used 1848K, capacity 1985K, committed 2048K, reserved 1048576K
}
Event: 106.141 GC heap before
{Heap before GC invocations=10 (full 1):
 PSYoungGen      total 132608K, used 132588K [0x00000000d6900000, 0x00000000dfc00000, 0x0000000100000000)
  eden space 125440K, 100% used [0x00000000d6900000,0x00000000de380000,0x00000000de380000)
  from space 7168K, 99% used [0x00000000dee00000,0x00000000df4fb240,0x00000000df500000)
  to   space 10752K, 0% used [0x00000000de380000,0x00000000de380000,0x00000000dee00000)
 ParOldGen       total 86016K, used 13298K [0x0000000083a00000, 0x0000000088e00000, 0x00000000d6900000)
  object space 86016K, 15% used [0x0000000083a00000,0x00000000846fc980,0x0000000088e00000)
 Metaspace       used 19829K, capacity 20284K, committed 20480K, reserved 1067008K
  class space    used 2277K, capacity 2446K, committed 2560K, reserved 1048576K
Event: 106.287 GC heap after
Heap after GC invocations=10 (full 1):
 PSYoungGen      total 136192K, used 10745K [0x00000000d6900000, 0x00000000e8000000, 0x0000000100000000)
  eden space 125440K, 0% used [0x00000000d6900000,0x00000000d6900000,0x00000000de380000)
  from space 10752K, 99% used [0x00000000de380000,0x00000000dedfe538,0x00000000dee00000)
  to   space 17408K, 0% used [0x00000000e6f00000,0x00000000e6f00000,0x00000000e8000000)
 ParOldGen       total 86016K, used 26299K [0x0000000083a00000, 0x0000000088e00000, 0x00000000d6900000)
  object space 86016K, 30% used [0x0000000083a00000,0x00000000853aeca0,0x0000000088e00000)
 Metaspace       used 19829K, capacity 20284K, committed 20480K, reserved 1067008K
  class space    used 2277K, capacity 2446K, committed 2560K, reserved 1048576K
}
Event: 112.436 GC heap before
{Heap before GC invocations=11 (full 1):
 PSYoungGen      total 136192K, used 122430K [0x00000000d6900000, 0x00000000e8000000, 0x0000000100000000)
  eden space 125440K, 89% used [0x00000000d6900000,0x00000000dd611640,0x00000000de380000)
  from space 10752K, 99% used [0x00000000de380000,0x00000000dedfe538,0x00000000dee00000)
  to   space 17408K, 0% used [0x00000000e6f00000,0x00000000e6f00000,0x00000000e8000000)
 ParOldGen       total 86016K, used 26299K [0x0000000083a00000, 0x0000000088e00000, 0x00000000d6900000)
  object space 86016K, 30% used [0x0000000083a00000,0x00000000853aeca0,0x0000000088e00000)
 Metaspace       used 20745K, capacity 21176K, committed 21296K, reserved 1069056K
  class space    used 2396K, capacity 2546K, committed 2560K, reserved 1048576K
Event: 112.996 GC heap after
Heap after GC invocations=11 (full 1):
 PSYoungGen      total 218112K, used 17403K [0x00000000d6900000, 0x00000000e8000000, 0x0000000100000000)
  eden space 200704K, 0% used [0x00000000d6900000,0x00000000d6900000,0x00000000e2d00000)
  from space 17408K, 99% used [0x00000000e6f00000,0x00000000e7ffefa0,0x00000000e8000000)
  to   space 32256K, 0% used [0x00000000e4100000,0x00000000e4100000,0x00000000e6080000)
 ParOldGen       total 86016K, used 60215K [0x0000000083a00000, 0x0000000088e00000, 0x00000000d6900000)
  object space 86016K, 70% used [0x0000000083a00000,0x00000000874cddc0,0x0000000088e00000)
 Metaspace       used 20745K, capacity 21176K, committed 21296K, reserved 1069056K
  class space    used 2396K, capacity 2546K, committed 2560K, reserved 1048576K
}
Event: 112.996 GC heap before
{Heap before GC invocations=12 (full 2):
 PSYoungGen      total 218112K, used 17403K [0x00000000d6900000, 0x00000000e8000000, 0x0000000100000000)
  eden space 200704K, 0% used [0x00000000d6900000,0x00000000d6900000,0x00000000e2d00000)
  from space 17408K, 99% used [0x00000000e6f00000,0x00000000e7ffefa0,0x00000000e8000000)
  to   space 32256K, 0% used [0x00000000e4100000,0x00000000e4100000,0x00000000e6080000)
 ParOldGen       total 86016K, used 60215K [0x0000000083a00000, 0x0000000088e00000, 0x00000000d6900000)
  object space 86016K, 70% used [0x0000000083a00000,0x00000000874cddc0,0x0000000088e00000)
 Metaspace       used 20745K, capacity 21176K, committed 21296K, reserved 1069056K
  class space    used 2396K, capacity 2546K, committed 2560K, reserved 1048576K

