# JRE version: Java(TM) SE Runtime Environment (8.0_181-b13) (build 1.8.0_181-b13)
# Java VM: Java HotSpot(TM) 64-Bit Server VM (25.181-b13 mixed mode linux-amd64 compressed oops)
Heap:
 PSYoungGen      total 96256K, used 5120K [0x00000000d6900000, 0x00000000de100000, 0x0000000100000000)
  eden space 86016K, 0% used [0x00000000d6900000,0x00000000d6900000,0x00000000dbd00000)
  from space 10240K, 50% used [0x00000000dcd00000,0x00000000dd2000a0,0x00000000dd700000)
  to   space 4608K, 0% used [0x00000000ddc80000,0x00000000ddc80000,0x00000000de100000)
 ParOldGen       total 86016K, used 17368K [0x0000000083a00000, 0x0000000088e00000, 0x00000000d6900000)
  object space 86016K, 20% used [0x0000000083a00000,0x0000000084af6220,0x0000000088e00000)
 Metaspace       used 14789K, capacity 15174K, committed 15360K, reserved 1062912K
  class space    used 1637K, capacity 1785K, committed 1792K, reserved 1048576K
GC Heap History (10 events):
Event: 127.296 GC heap after
Heap after GC invocations=7 (full 1):
 PSYoungGen      total 32256K, used 4981K [0x00000000d6900000, 0x00000000dbe00000, 0x0000000100000000)
  eden space 27136K, 0% used [0x00000000d6900000,0x00000000d6900000,0x00000000d8380000)
  from space 5120K, 97% used [0x00000000d8e00000,0x00000000d92dd620,0x00000000d9300000)
  to   space 10752K, 0% used [0x00000000d8380000,0x00000000d8380000,0x00000000d8e00000)
 ParOldGen       total 86016K, used 10855K [0x0000000083a00000, 0x0000000088e00000, 0x00000000d6900000)
  object space 86016K, 12% used [0x0000000083a00000,0x0000000084499c28,0x0000000088e00000)
 Metaspace       used 14408K, capacity 14834K, committed 14848K, reserved 1062912K
  class space    used 1626K, capacity 1783K, committed 1792K, reserved 1048576K
}
Event: 127.496 GC heap before
{Heap before GC invocations=8 (full 1):
 PSYoungGen      total 32256K, used 32117K [0x00000000d6900000, 0x00000000dbe00000, 0x0000000100000000)
  eden space 27136K, 100% used [0x00000000d6900000,0x00000000d8380000,0x00000000d8380000)
  from space 5120K, 97% used [0x00000000d8e00000,0x00000000d92dd620,0x00000000d9300000)
  to   space 10752K, 0% used [0x00000000d8380000,0x00000000d8380000,0x00000000d8e00000)
 ParOldGen       total 86016K, used 10855K [0x0000000083a00000, 0x0000000088e00000, 0x00000000d6900000)
  object space 86016K, 12% used [0x0000000083a00000,0x0000000084499c28,0x0000000088e00000)
 Metaspace       used 14548K, capacity 14968K, committed 15104K, reserved 1062912K
  class space    used 1636K, capacity 1784K, committed 1792K, reserved 1048576K
Event: 127.502 GC heap after
Heap after GC invocations=8 (full 1):
 PSYoungGen      total 37888K, used 5222K [0x00000000d6900000, 0x00000000db200000, 0x0000000100000000)
  eden space 27136K, 0% used [0x00000000d6900000,0x00000000d6900000,0x00000000d8380000)
  from space 10752K, 48% used [0x00000000d8380000,0x00000000d8899bd8,0x00000000d8e00000)
  to   space 10240K, 0% used [0x00000000da800000,0x00000000da800000,0x00000000db200000)
 ParOldGen       total 86016K, used 10855K [0x0000000083a00000, 0x0000000088e00000, 0x00000000d6900000)
  object space 86016K, 12% used [0x0000000083a00000,0x0000000084499c28,0x0000000088e00000)
 Metaspace       used 14548K, capacity 14968K, committed 15104K, reserved 1062912K
  class space    used 1636K, capacity 1784K, committed 1792K, reserved 1048576K
}
Event: 128.036 GC heap before
{Heap before GC invocations=9 (full 1):
 PSYoungGen      total 37888K, used 32358K [0x00000000d6900000, 0x00000000db200000, 0x0000000100000000)
  eden space 27136K, 100% used [0x00000000d6900000,0x00000000d8380000,0x00000000d8380000)
  from space 10752K, 48% used [0x00000000d8380000,0x00000000d8899bd8,0x00000000d8e00000)
  to   space 10240K, 0% used [0x00000000da800000,0x00000000da800000,0x00000000db200000)
 ParOldGen       total 86016K, used 10855K [0x0000000083a00000, 0x0000000088e00000, 0x00000000d6900000)
  object space 86016K, 12% used [0x0000000083a00000,0x0000000084499c28,0x0000000088e00000)
 Metaspace       used 14597K, capacity 15038K, committed 15104K, reserved 1062912K
  class space    used 1637K, capacity 1785K, committed 1792K, reserved 1048576K
Event: 128.050 GC heap after
Heap after GC invocations=9 (full 1):
 PSYoungGen      total 64000K, used 3070K [0x00000000d6900000, 0x00000000db300000, 0x0000000100000000)
  eden space 53760K, 0% used [0x00000000d6900000,0x00000000d6900000,0x00000000d9d80000)
  from space 10240K, 29% used [0x00000000da800000,0x00000000daaffad0,0x00000000db200000)
  to   space 10752K, 0% used [0x00000000d9d80000,0x00000000d9d80000,0x00000000da800000)
 ParOldGen       total 86016K, used 13293K [0x0000000083a00000, 0x0000000088e00000, 0x00000000d6900000)
  object space 86016K, 15% used [0x0000000083a00000,0x00000000846fb4a8,0x0000000088e00000)
 Metaspace       used 14597K, capacity 15038K, committed 15104K, reserved 1062912K
  class space    used 1637K, capacity 1785K, committed 1792K, reserved 1048576K
}
Event: 128.861 GC heap before
{Heap before GC invocations=10 (full 1):
 PSYoungGen      total 64000K, used 56830K [0x00000000d6900000, 0x00000000db300000, 0x0000000100000000)
  eden space 53760K, 100% used [0x00000000d6900000,0x00000000d9d80000,0x00000000d9d80000)
  from space 10240K, 29% used [0x00000000da800000,0x00000000daaffad0,0x00000000db200000)
  to   space 10752K, 0% used [0x00000000d9d80000,0x00000000d9d80000,0x00000000da800000)
 ParOldGen       total 86016K, used 13293K [0x0000000083a00000, 0x0000000088e00000, 0x00000000d6900000)
  object space 86016K, 15% used [0x0000000083a00000,0x00000000846fb4a8,0x0000000088e00000)
 Metaspace       used 14713K, capacity 15110K, committed 15360K, reserved 1062912K
  class space    used 1637K, capacity 1785K, committed 1792K, reserved 1048576K
Event: 128.872 GC heap after
Heap after GC invocations=10 (full 1):
 PSYoungGen      total 64512K, used 1952K [0x00000000d6900000, 0x00000000de700000, 0x0000000100000000)
  eden space 53760K, 0% used [0x00000000d6900000,0x00000000d6900000,0x00000000d9d80000)
  from space 10752K, 18% used [0x00000000d9d80000,0x00000000d9f68000,0x00000000da800000)
  to   space 10752K, 0% used [0x00000000ddc80000,0x00000000ddc80000,0x00000000de700000)
 ParOldGen       total 86016K, used 15544K [0x0000000083a00000, 0x0000000088e00000, 0x00000000d6900000)
  object space 86016K, 18% used [0x0000000083a00000,0x000000008492e3c8,0x0000000088e00000)
 Metaspace       used 14713K, capacity 15110K, committed 15360K, reserved 1062912K
  class space    used 1637K, capacity 1785K, committed 1792K, reserved 1048576K
}
Event: 129.769 GC heap before
{Heap before GC invocations=11 (full 1):
 PSYoungGen      total 64512K, used 55712K [0x00000000d6900000, 0x00000000de700000, 0x0000000100000000)
  eden space 53760K, 100% used [0x00000000d6900000,0x00000000d9d80000,0x00000000d9d80000)
  from space 10752K, 18% used [0x00000000d9d80000,0x00000000d9f68000,0x00000000da800000)
  to   space 10752K, 0% used [0x00000000ddc80000,0x00000000ddc80000,0x00000000de700000)
 ParOldGen       total 86016K, used 15544K [0x0000000083a00000, 0x0000000088e00000, 0x00000000d6900000)
  object space 86016K, 18% used [0x0000000083a00000,0x000000008492e3c8,0x0000000088e00000)
 Metaspace       used 14771K, capacity 15174K, committed 15360K, reserved 1062912K
  class space    used 1637K, capacity 1785K, committed 1792K, reserved 1048576K
Event: 129.787 GC heap after
Heap after GC invocations=11 (full 1):
 PSYoungGen      total 90624K, used 4352K [0x00000000d6900000, 0x00000000de100000, 0x0000000100000000)
  eden space 86016K, 0% used [0x00000000d6900000,0x00000000d6900000,0x00000000dbd00000)
  from space 4608K, 94% used [0x00000000ddc80000,0x00000000de0c00a0,0x00000000de100000)
  to   space 10240K, 0% used [0x00000000dcd00000,0x00000000dcd00000,0x00000000dd700000)
 ParOldGen       total 86016K, used 15836K [0x0000000083a00000, 0x0000000088e00000, 0x00000000d6900000)
  object space 86016K, 18% used [0x0000000083a00000,0x00000000849773f8,0x0000000088e00000)
 Metaspace       used 14771K, capacity 15174K, committed 15360K, reserved 1062912K
  class space    used 1637K, capacity 1785K, committed 1792K, reserved 1048576K
}
Event: 130.968 GC heap before
{Heap before GC invocations=12 (full 1):
 PSYoungGen      total 90624K, used 90368K [0x00000000d6900000, 0x00000000de100000, 0x0000000100000000)
  eden space 86016K, 100% used [0x00000000d6900000,0x00000000dbd00000,0x00000000dbd00000)
  from space 4608K, 94% used [0x00000000ddc80000,0x00000000de0c00a0,0x00000000de100000)
  to   space 10240K, 0% used [0x00000000dcd00000,0x00000000dcd00000,0x00000000dd700000)
 ParOldGen       total 86016K, used 15836K [0x0000000083a00000, 0x0000000088e00000, 0x00000000d6900000)
  object space 86016K, 18% used [0x0000000083a00000,0x00000000849773f8,0x0000000088e00000)
 Metaspace       used 14789K, capacity 15174K, committed 15360K, reserved 1062912K
  class space    used 1637K, capacity 1785K, committed 1792K, reserved 1048576K

