# JRE version: Java(TM) SE Runtime Environment (8.0_181-b13) (build 1.8.0_181-b13)
# Java VM: Java HotSpot(TM) 64-Bit Server VM (25.181-b13 mixed mode linux-amd64 compressed oops)
Heap:
 PSYoungGen      total 267264K, used 12281K [0x00000000d6900000, 0x00000000e8100000, 0x0000000100000000)
  eden space 254976K, 0% used [0x00000000d6900000,0x00000000d6900000,0x00000000e6200000)
  from space 12288K, 99% used [0x00000000e6200000,0x00000000e6dfe538,0x00000000e6e00000)
  to   space 5120K, 0% used [0x00000000e6e00000,0x00000000e6e00000,0x00000000e7300000)
 ParOldGen       total 86016K, used 35256K [0x0000000083a00000, 0x0000000088e00000, 0x00000000d6900000)
  object space 86016K, 40% used [0x0000000083a00000,0x0000000085c6e0b8,0x0000000088e00000)
 Metaspace       used 17072K, capacity 17562K, committed 17664K, reserved 1064960K
  class space    used 1894K, capacity 2043K, committed 2048K, reserved 1048576K
GC Heap History (10 events):
Event: 2.510 GC heap after
Heap after GC invocations=3 (full 1):
 PSYoungGen      total 70656K, used 0K [0x00000000d6900000, 0x00000000db300000, 0x0000000100000000)
  eden space 65536K, 0% used [0x00000000d6900000,0x00000000d6900000,0x00000000da900000)
  from space 5120K, 0% used [0x00000000dae00000,0x00000000dae00000,0x00000000db300000)
  to   space 5120K, 0% used [0x00000000da900000,0x00000000da900000,0x00000000dae00000)
 ParOldGen       total 86016K, used 10626K [0x0000000083a00000, 0x0000000088e00000, 0x00000000d6900000)
  object space 86016K, 12% used [0x0000000083a00000,0x0000000084460bf8,0x0000000088e00000)
 Metaspace       used 10212K, capacity 10402K, committed 10624K, reserved 1058816K
  class space    used 1236K, capacity 1317K, committed 1408K, reserved 1048576K
}
Event: 86.860 GC heap before
{Heap before GC invocations=4 (full 1):
 PSYoungGen      total 70656K, used 65536K [0x00000000d6900000, 0x00000000db300000, 0x0000000100000000)
  eden space 65536K, 100% used [0x00000000d6900000,0x00000000da900000,0x00000000da900000)
  from space 5120K, 0% used [0x00000000dae00000,0x00000000dae00000,0x00000000db300000)
  to   space 5120K, 0% used [0x00000000da900000,0x00000000da900000,0x00000000dae00000)
 ParOldGen       total 86016K, used 10626K [0x0000000083a00000, 0x0000000088e00000, 0x00000000d6900000)
  object space 86016K, 12% used [0x0000000083a00000,0x0000000084460bf8,0x0000000088e00000)
 Metaspace       used 14047K, capacity 14442K, committed 14592K, reserved 1062912K
  class space    used 1608K, capacity 1742K, committed 1792K, reserved 1048576K
Event: 86.881 GC heap after
Heap after GC invocations=4 (full 1):
 PSYoungGen      total 70656K, used 5110K [0x00000000d6900000, 0x00000000df300000, 0x0000000100000000)
  eden space 65536K, 0% used [0x00000000d6900000,0x00000000d6900000,0x00000000da900000)
  from space 5120K, 99% used [0x00000000da900000,0x00000000dadfd888,0x00000000dae00000)
  to   space 5120K, 0% used [0x00000000dee00000,0x00000000dee00000,0x00000000df300000)
 ParOldGen       total 86016K, used 13711K [0x0000000083a00000, 0x0000000088e00000, 0x00000000d6900000)
  object space 86016K, 15% used [0x0000000083a00000,0x0000000084763e68,0x0000000088e00000)
 Metaspace       used 14047K, capacity 14442K, committed 14592K, reserved 1062912K
  class space    used 1608K, capacity 1742K, committed 1792K, reserved 1048576K
}
Event: 87.124 GC heap before
{Heap before GC invocations=5 (full 1):
 PSYoungGen      total 70656K, used 70646K [0x00000000d6900000, 0x00000000df300000, 0x0000000100000000)
  eden space 65536K, 100% used [0x00000000d6900000,0x00000000da900000,0x00000000da900000)
  from space 5120K, 99% used [0x00000000da900000,0x00000000dadfd888,0x00000000dae00000)
  to   space 5120K, 0% used [0x00000000dee00000,0x00000000dee00000,0x00000000df300000)
 ParOldGen       total 86016K, used 13711K [0x0000000083a00000, 0x0000000088e00000, 0x00000000d6900000)
  object space 86016K, 15% used [0x0000000083a00000,0x0000000084763e68,0x0000000088e00000)
 Metaspace       used 14056K, capacity 14442K, committed 14592K, reserved 1062912K
  class space    used 1608K, capacity 1742K, committed 1792K, reserved 1048576K
Event: 87.140 GC heap after
Heap after GC invocations=5 (full 1):
 PSYoungGen      total 136192K, used 5110K [0x00000000d6900000, 0x00000000df300000, 0x0000000100000000)
  eden space 131072K, 0% used [0x00000000d6900000,0x00000000d6900000,0x00000000de900000)
  from space 5120K, 99% used [0x00000000dee00000,0x00000000df2fd888,0x00000000df300000)
  to   space 5120K, 0% used [0x00000000de900000,0x00000000de900000,0x00000000dee00000)
 ParOldGen       total 86016K, used 14023K [0x0000000083a00000, 0x0000000088e00000, 0x00000000d6900000)
  object space 86016K, 16% used [0x0000000083a00000,0x00000000847b1e68,0x0000000088e00000)
 Metaspace       used 14056K, capacity 14442K, committed 14592K, reserved 1062912K
  class space    used 1608K, capacity 1742K, committed 1792K, reserved 1048576K
}
Event: 88.293 GC heap before
{Heap before GC invocations=6 (full 1):
 PSYoungGen      total 136192K, used 136182K [0x00000000d6900000, 0x00000000df300000, 0x0000000100000000)
  eden space 131072K, 100% used [0x00000000d6900000,0x00000000de900000,0x00000000de900000)
  from space 5120K, 99% used [0x00000000dee00000,0x00000000df2fd888,0x00000000df300000)
  to   space 5120K, 0% used [0x00000000de900000,0x00000000de900000,0x00000000dee00000)
 ParOldGen       total 86016K, used 14023K [0x0000000083a00000, 0x0000000088e00000, 0x00000000d6900000)
  object space 86016K, 16% used [0x0000000083a00000,0x00000000847b1e68,0x0000000088e00000)
 Metaspace       used 14189K, capacity 14640K, committed 14848K, reserved 1062912K
  class space    used 1609K, capacity 1743K, committed 1792K, reserved 1048576K
Event: 88.348 GC heap after
Heap after GC invocations=6 (full 1):
 PSYoungGen      total 136192K, used 5119K [0x00000000d6900000, 0x00000000e7300000, 0x0000000100000000)
  eden space 131072K, 0% used [0x00000000d6900000,0x00000000d6900000,0x00000000de900000)
  from space 5120K, 99% used [0x00000000de900000,0x00000000dedffd70,0x00000000dee00000)
  to   space 5120K, 0% used [0x00000000e6e00000,0x00000000e6e00000,0x00000000e7300000)
 ParOldGen       total 86016K, used 18742K [0x0000000083a00000, 0x0000000088e00000, 0x00000000d6900000)
  object space 86016K, 21% used [0x0000000083a00000,0x0000000084c4d998,0x0000000088e00000)
 Metaspace       used 14189K, capacity 14640K, committed 14848K, reserved 1062912K
  class space    used 1609K, capacity 1743K, committed 1792K, reserved 1048576K
}
Event: 89.324 GC heap before
{Heap before GC invocations=7 (full 1):
 PSYoungGen      total 136192K, used 136191K [0x00000000d6900000, 0x00000000e7300000, 0x0000000100000000)
  eden space 131072K, 100% used [0x00000000d6900000,0x00000000de900000,0x00000000de900000)
  from space 5120K, 99% used [0x00000000de900000,0x00000000dedffd70,0x00000000dee00000)
  to   space 5120K, 0% used [0x00000000e6e00000,0x00000000e6e00000,0x00000000e7300000)
 ParOldGen       total 86016K, used 18742K [0x0000000083a00000, 0x0000000088e00000, 0x00000000d6900000)
  object space 86016K, 21% used [0x0000000083a00000,0x0000000084c4d998,0x0000000088e00000)
 Metaspace       used 14594K, capacity 15100K, committed 15360K, reserved 1062912K
  class space    used 1618K, capacity 1750K, committed 1792K, reserved 1048576K
Event: 89.376 GC heap after
Heap after GC invocations=7 (full 1):
 PSYoungGen      total 260096K, used 5088K [0x00000000d6900000, 0x00000000e8100000, 0x0000000100000000)
  eden space 254976K, 0% used [0x00000000d6900000,0x00000000d6900000,0x00000000e6200000)
  from space 5120K, 99% used [0x00000000e6e00000,0x00000000e72f8010,0x00000000e7300000)
  to   space 12288K, 0% used [0x00000000e6200000,0x00000000e6200000,0x00000000e6e00000)
 ParOldGen       total 86016K, used 23594K [0x0000000083a00000, 0x0000000088e00000, 0x00000000d6900000)
  object space 86016K, 27% used [0x0000000083a00000,0x000000008510a808,0x0000000088e00000)
 Metaspace       used 14594K, capacity 15100K, committed 15360K, reserved 1062912K
  class space    used 1618K, capacity 1750K, committed 1792K, reserved 1048576K
}
Event: 101.456 GC heap before
{Heap before GC invocations=8 (full 1):
 PSYoungGen      total 260096K, used 260064K [0x00000000d6900000, 0x00000000e8100000, 0x0000000100000000)
  eden space 254976K, 100% used [0x00000000d6900000,0x00000000e6200000,0x00000000e6200000)
  from space 5120K, 99% used [0x00000000e6e00000,0x00000000e72f8010,0x00000000e7300000)
  to   space 12288K, 0% used [0x00000000e6200000,0x00000000e6200000,0x00000000e6e00000)
 ParOldGen       total 86016K, used 23594K [0x0000000083a00000, 0x0000000088e00000, 0x00000000d6900000)
  object space 86016K, 27% used [0x0000000083a00000,0x000000008510a808,0x0000000088e00000)
 Metaspace       used 17072K, capacity 17562K, committed 17664K, reserved 1064960K
  class space    used 1894K, capacity 2043K, committed 2048K, reserved 1048576K

