# JRE version: Java(TM) SE Runtime Environment (8.0_181-b13) (build 1.8.0_181-b13)
# Java VM: Java HotSpot(TM) 64-Bit Server VM (25.181-b13 mixed mode linux-amd64 compressed oops)
Heap:
 PSYoungGen      total 132608K, used 85599K [0x00000000d6900000, 0x00000000dfa00000, 0x0000000100000000)
  eden space 127488K, 63% used [0x00000000d6900000,0x00000000db79f570,0x00000000de580000)
  from space 5120K, 99% used [0x00000000dee00000,0x00000000df2f89f0,0x00000000df300000)
  to   space 8704K, 0% used [0x00000000de580000,0x00000000de580000,0x00000000dee00000)
 ParOldGen       total 86016K, used 12804K [0x0000000083a00000, 0x0000000088e00000, 0x00000000d6900000)
  object space 86016K, 14% used [0x0000000083a00000,0x0000000084681290,0x0000000088e00000)
 Metaspace       used 16892K, capacity 17324K, committed 17408K, reserved 1064960K
  class space    used 1900K, capacity 2014K, committed 2048K, reserved 1048576K
GC Heap History (10 events):
Event: 104.191 GC heap before
{Heap before GC invocations=3 (full 1):
 PSYoungGen      total 37888K, used 32768K [0x00000000d6900000, 0x00000000d9300000, 0x0000000100000000)
  eden space 32768K, 100% used [0x00000000d6900000,0x00000000d8900000,0x00000000d8900000)
  from space 5120K, 0% used [0x00000000d8900000,0x00000000d8900000,0x00000000d8e00000)
  to   space 5120K, 0% used [0x00000000d8e00000,0x00000000d8e00000,0x00000000d9300000)
 ParOldGen       total 86016K, used 4078K [0x0000000083a00000, 0x0000000088e00000, 0x00000000d6900000)
  object space 86016K, 4% used [0x0000000083a00000,0x0000000083dfbb48,0x0000000088e00000)
 Metaspace       used 13731K, capacity 14078K, committed 14336K, reserved 1062912K
  class space    used 1581K, capacity 1700K, committed 1792K, reserved 1048576K
Event: 104.238 GC heap after
Heap after GC invocations=3 (full 1):
 PSYoungGen      total 37888K, used 5089K [0x00000000d6900000, 0x00000000d9300000, 0x0000000100000000)
  eden space 32768K, 0% used [0x00000000d6900000,0x00000000d6900000,0x00000000d8900000)
  from space 5120K, 99% used [0x00000000d8e00000,0x00000000d92f8668,0x00000000d9300000)
  to   space 5120K, 0% used [0x00000000d8900000,0x00000000d8900000,0x00000000d8e00000)
 ParOldGen       total 86016K, used 7481K [0x0000000083a00000, 0x0000000088e00000, 0x00000000d6900000)
  object space 86016K, 8% used [0x0000000083a00000,0x000000008414e558,0x0000000088e00000)
 Metaspace       used 13731K, capacity 14078K, committed 14336K, reserved 1062912K
  class space    used 1581K, capacity 1700K, committed 1792K, reserved 1048576K
}
Event: 105.158 GC heap before
{Heap before GC invocations=4 (full 1):
 PSYoungGen      total 37888K, used 37857K [0x00000000d6900000, 0x00000000d9300000, 0x0000000100000000)
  eden space 32768K, 100% used [0x00000000d6900000,0x00000000d8900000,0x00000000d8900000)
  from space 5120K, 99% used [0x00000000d8e00000,0x00000000d92f8668,0x00000000d9300000)
  to   space 5120K, 0% used [0x00000000d8900000,0x00000000d8900000,0x00000000d8e00000)
 ParOldGen       total 86016K, used 7481K [0x0000000083a00000, 0x0000000088e00000, 0x00000000d6900000)
  object space 86016K, 8% used [0x0000000083a00000,0x000000008414e558,0x0000000088e00000)
 Metaspace       used 13896K, capacity 14270K, committed 14592K, reserved 1062912K
  class space    used 1582K, capacity 1700K, committed 1792K, reserved 1048576K
Event: 105.193 GC heap after
Heap after GC invocations=4 (full 1):
 PSYoungGen      total 37888K, used 5105K [0x00000000d6900000, 0x00000000db300000, 0x0000000100000000)
  eden space 32768K, 0% used [0x00000000d6900000,0x00000000d6900000,0x00000000d8900000)
  from space 5120K, 99% used [0x00000000d8900000,0x00000000d8dfc658,0x00000000d8e00000)
  to   space 5120K, 0% used [0x00000000dae00000,0x00000000dae00000,0x00000000db300000)
 ParOldGen       total 86016K, used 9169K [0x0000000083a00000, 0x0000000088e00000, 0x00000000d6900000)
  object space 86016K, 10% used [0x0000000083a00000,0x00000000842f4618,0x0000000088e00000)
 Metaspace       used 13896K, capacity 14270K, committed 14592K, reserved 1062912K
  class space    used 1582K, capacity 1700K, committed 1792K, reserved 1048576K
}
Event: 105.547 GC heap before
{Heap before GC invocations=5 (full 1):
 PSYoungGen      total 37888K, used 37873K [0x00000000d6900000, 0x00000000db300000, 0x0000000100000000)
  eden space 32768K, 100% used [0x00000000d6900000,0x00000000d8900000,0x00000000d8900000)
  from space 5120K, 99% used [0x00000000d8900000,0x00000000d8dfc658,0x00000000d8e00000)
  to   space 5120K, 0% used [0x00000000dae00000,0x00000000dae00000,0x00000000db300000)
 ParOldGen       total 86016K, used 9169K [0x0000000083a00000, 0x0000000088e00000, 0x00000000d6900000)
  object space 86016K, 10% used [0x0000000083a00000,0x00000000842f4618,0x0000000088e00000)
 Metaspace       used 13922K, capacity 14334K, committed 14592K, reserved 1062912K
  class space    used 1582K, capacity 1700K, committed 1792K, reserved 1048576K
Event: 105.570 GC heap after
Heap after GC invocations=5 (full 1):
 PSYoungGen      total 70656K, used 5089K [0x00000000d6900000, 0x00000000db300000, 0x0000000100000000)
  eden space 65536K, 0% used [0x00000000d6900000,0x00000000d6900000,0x00000000da900000)
  from space 5120K, 99% used [0x00000000dae00000,0x00000000db2f8698,0x00000000db300000)
  to   space 5120K, 0% used [0x00000000da900000,0x00000000da900000,0x00000000dae00000)
 ParOldGen       total 86016K, used 9937K [0x0000000083a00000, 0x0000000088e00000, 0x00000000d6900000)
  object space 86016K, 11% used [0x0000000083a00000,0x00000000843b4648,0x0000000088e00000)
 Metaspace       used 13922K, capacity 14334K, committed 14592K, reserved 1062912K
  class space    used 1582K, capacity 1700K, committed 1792K, reserved 1048576K
}
Event: 106.198 GC heap before
{Heap before GC invocations=6 (full 1):
 PSYoungGen      total 70656K, used 70625K [0x00000000d6900000, 0x00000000db300000, 0x0000000100000000)
  eden space 65536K, 100% used [0x00000000d6900000,0x00000000da900000,0x00000000da900000)
  from space 5120K, 99% used [0x00000000dae00000,0x00000000db2f8698,0x00000000db300000)
  to   space 5120K, 0% used [0x00000000da900000,0x00000000da900000,0x00000000dae00000)
 ParOldGen       total 86016K, used 9937K [0x0000000083a00000, 0x0000000088e00000, 0x00000000d6900000)
  object space 86016K, 11% used [0x0000000083a00000,0x00000000843b4648,0x0000000088e00000)
 Metaspace       used 13941K, capacity 14334K, committed 14592K, reserved 1062912K
  class space    used 1582K, capacity 1700K, committed 1792K, reserved 1048576K
Event: 106.221 GC heap after
Heap after GC invocations=6 (full 1):
 PSYoungGen      total 70656K, used 5089K [0x00000000d6900000, 0x00000000df300000, 0x0000000100000000)
  eden space 65536K, 0% used [0x00000000d6900000,0x00000000d6900000,0x00000000da900000)
  from space 5120K, 99% used [0x00000000da900000,0x00000000dadf8698,0x00000000dae00000)
  to   space 5120K, 0% used [0x00000000dee00000,0x00000000dee00000,0x00000000df300000)
 ParOldGen       total 86016K, used 10617K [0x0000000083a00000, 0x0000000088e00000, 0x00000000d6900000)
  object space 86016K, 12% used [0x0000000083a00000,0x000000008445e648,0x0000000088e00000)
 Metaspace       used 13941K, capacity 14334K, committed 14592K, reserved 1062912K
  class space    used 1582K, capacity 1700K, committed 1792K, reserved 1048576K
}
Event: 106.975 GC heap before
{Heap before GC invocations=7 (full 1):
 PSYoungGen      total 70656K, used 70625K [0x00000000d6900000, 0x00000000df300000, 0x0000000100000000)
  eden space 65536K, 100% used [0x00000000d6900000,0x00000000da900000,0x00000000da900000)
  from space 5120K, 99% used [0x00000000da900000,0x00000000dadf8698,0x00000000dae00000)
  to   space 5120K, 0% used [0x00000000dee00000,0x00000000dee00000,0x00000000df300000)
 ParOldGen       total 86016K, used 10617K [0x0000000083a00000, 0x0000000088e00000, 0x00000000d6900000)
  object space 86016K, 12% used [0x0000000083a00000,0x000000008445e648,0x0000000088e00000)
 Metaspace       used 14017K, capacity 14404K, committed 14592K, reserved 1062912K
  class space    used 1582K, capacity 1701K, committed 1792K, reserved 1048576K
Event: 107.017 GC heap after
Heap after GC invocations=7 (full 1):
 PSYoungGen      total 132608K, used 5090K [0x00000000d6900000, 0x00000000dfa00000, 0x0000000100000000)
  eden space 127488K, 0% used [0x00000000d6900000,0x00000000d6900000,0x00000000de580000)
  from space 5120K, 99% used [0x00000000dee00000,0x00000000df2f89f0,0x00000000df300000)
  to   space 8704K, 0% used [0x00000000de580000,0x00000000de580000,0x00000000dee00000)
 ParOldGen       total 86016K, used 12804K [0x0000000083a00000, 0x0000000088e00000, 0x00000000d6900000)
  object space 86016K, 14% used [0x0000000083a00000,0x0000000084681290,0x0000000088e00000)
 Metaspace       used 14017K, capacity 14404K, committed 14592K, reserved 1062912K
  class space    used 1582K, capacity 1701K, committed 1792K, reserved 1048576K
}

