# JRE version: Java(TM) SE Runtime Environment (8.0_181-b13) (build 1.8.0_181-b13)
# Java VM: Java HotSpot(TM) 64-Bit Server VM (25.181-b13 mixed mode linux-amd64 compressed oops)
Heap:
 PSYoungGen      total 232448K, used 14111K [0x00000000d6900000, 0x00000000e7a00000, 0x0000000100000000)
  eden space 199168K, 0% used [0x00000000d6900000,0x00000000d6900000,0x00000000e2b80000)
  from space 33280K, 42% used [0x00000000e3900000,0x00000000e46c7ca8,0x00000000e5980000)
  to   space 15360K, 0% used [0x00000000e6b00000,0x00000000e6b00000,0x00000000e7a00000)
 ParOldGen       total 86016K, used 73014K [0x0000000083a00000, 0x0000000088e00000, 0x00000000d6900000)
  object space 86016K, 84% used [0x0000000083a00000,0x000000008814da30,0x0000000088e00000)
 Metaspace       used 20696K, capacity 21212K, committed 21296K, reserved 1069056K
  class space    used 2415K, capacity 2582K, committed 2608K, reserved 1048576K
GC Heap History (10 events):
Event: 80.880 GC heap after
Heap after GC invocations=7 (full 1):
 PSYoungGen      total 68608K, used 5108K [0x00000000d6900000, 0x00000000db700000, 0x0000000100000000)
  eden space 63488K, 0% used [0x00000000d6900000,0x00000000d6900000,0x00000000da700000)
  from space 5120K, 99% used [0x00000000dae00000,0x00000000db2fd118,0x00000000db300000)
  to   space 7168K, 0% used [0x00000000da700000,0x00000000da700000,0x00000000dae00000)
 ParOldGen       total 86016K, used 8181K [0x0000000083a00000, 0x0000000088e00000, 0x00000000d6900000)
  object space 86016K, 9% used [0x0000000083a00000,0x00000000841fd6e8,0x0000000088e00000)
 Metaspace       used 13842K, capacity 14270K, committed 14592K, reserved 1062912K
  class space    used 1582K, capacity 1700K, committed 1792K, reserved 1048576K
}
Event: 81.614 GC heap before
{Heap before GC invocations=8 (full 1):
 PSYoungGen      total 68608K, used 68596K [0x00000000d6900000, 0x00000000db700000, 0x0000000100000000)
  eden space 63488K, 100% used [0x00000000d6900000,0x00000000da700000,0x00000000da700000)
  from space 5120K, 99% used [0x00000000dae00000,0x00000000db2fd118,0x00000000db300000)
  to   space 7168K, 0% used [0x00000000da700000,0x00000000da700000,0x00000000dae00000)
 ParOldGen       total 86016K, used 8181K [0x0000000083a00000, 0x0000000088e00000, 0x00000000d6900000)
  object space 86016K, 9% used [0x0000000083a00000,0x00000000841fd6e8,0x0000000088e00000)
 Metaspace       used 13910K, capacity 14334K, committed 14592K, reserved 1062912K
  class space    used 1582K, capacity 1700K, committed 1792K, reserved 1048576K
Event: 81.652 GC heap after
Heap after GC invocations=8 (full 1):
 PSYoungGen      total 70656K, used 7140K [0x00000000d6900000, 0x00000000df400000, 0x0000000100000000)
  eden space 63488K, 0% used [0x00000000d6900000,0x00000000d6900000,0x00000000da700000)
  from space 7168K, 99% used [0x00000000da700000,0x00000000dadf9178,0x00000000dae00000)
  to   space 7680K, 0% used [0x00000000dec80000,0x00000000dec80000,0x00000000df400000)
 ParOldGen       total 86016K, used 8325K [0x0000000083a00000, 0x0000000088e00000, 0x00000000d6900000)
  object space 86016K, 9% used [0x0000000083a00000,0x00000000842216e8,0x0000000088e00000)
 Metaspace       used 13910K, capacity 14334K, committed 14592K, reserved 1062912K
  class space    used 1582K, capacity 1700K, committed 1792K, reserved 1048576K
}
Event: 84.079 GC heap before
{Heap before GC invocations=9 (full 1):
 PSYoungGen      total 70656K, used 70628K [0x00000000d6900000, 0x00000000df400000, 0x0000000100000000)
  eden space 63488K, 100% used [0x00000000d6900000,0x00000000da700000,0x00000000da700000)
  from space 7168K, 99% used [0x00000000da700000,0x00000000dadf9178,0x00000000dae00000)
  to   space 7680K, 0% used [0x00000000dec80000,0x00000000dec80000,0x00000000df400000)
 ParOldGen       total 86016K, used 8325K [0x0000000083a00000, 0x0000000088e00000, 0x00000000d6900000)
  object space 86016K, 9% used [0x0000000083a00000,0x00000000842216e8,0x0000000088e00000)
 Metaspace       used 15992K, capacity 16446K, committed 16512K, reserved 1064960K
  class space    used 1776K, capacity 1915K, committed 1920K, reserved 1048576K
Event: 84.184 GC heap after
Heap after GC invocations=9 (full 1):
 PSYoungGen      total 132096K, used 7655K [0x00000000d6900000, 0x00000000df900000, 0x0000000100000000)
  eden space 124416K, 0% used [0x00000000d6900000,0x00000000d6900000,0x00000000de280000)
  from space 7680K, 99% used [0x00000000dec80000,0x00000000df3f9f58,0x00000000df400000)
  to   space 10240K, 0% used [0x00000000de280000,0x00000000de280000,0x00000000dec80000)
 ParOldGen       total 86016K, used 12730K [0x0000000083a00000, 0x0000000088e00000, 0x00000000d6900000)
  object space 86016K, 14% used [0x0000000083a00000,0x000000008466ea40,0x0000000088e00000)
 Metaspace       used 15992K, capacity 16446K, committed 16512K, reserved 1064960K
  class space    used 1776K, capacity 1915K, committed 1920K, reserved 1048576K
}
Event: 106.091 GC heap before
{Heap before GC invocations=10 (full 1):
 PSYoungGen      total 132096K, used 132071K [0x00000000d6900000, 0x00000000df900000, 0x0000000100000000)
  eden space 124416K, 100% used [0x00000000d6900000,0x00000000de280000,0x00000000de280000)
  from space 7680K, 99% used [0x00000000dec80000,0x00000000df3f9f58,0x00000000df400000)
  to   space 10240K, 0% used [0x00000000de280000,0x00000000de280000,0x00000000dec80000)
 ParOldGen       total 86016K, used 12730K [0x0000000083a00000, 0x0000000088e00000, 0x00000000d6900000)
  object space 86016K, 14% used [0x0000000083a00000,0x000000008466ea40,0x0000000088e00000)
 Metaspace       used 19015K, capacity 19530K, committed 19840K, reserved 1067008K
  class space    used 2160K, capacity 2323K, committed 2432K, reserved 1048576K
Event: 106.201 GC heap after
Heap after GC invocations=10 (full 1):
 PSYoungGen      total 134656K, used 10211K [0x00000000d6900000, 0x00000000e7a00000, 0x0000000100000000)
  eden space 124416K, 0% used [0x00000000d6900000,0x00000000d6900000,0x00000000de280000)
  from space 10240K, 99% used [0x00000000de280000,0x00000000dec78f60,0x00000000dec80000)
  to   space 15360K, 0% used [0x00000000e6b00000,0x00000000e6b00000,0x00000000e7a00000)
 ParOldGen       total 86016K, used 22883K [0x0000000083a00000, 0x0000000088e00000, 0x00000000d6900000)
  object space 86016K, 26% used [0x0000000083a00000,0x0000000085058de8,0x0000000088e00000)
 Metaspace       used 19015K, capacity 19530K, committed 19840K, reserved 1067008K
  class space    used 2160K, capacity 2323K, committed 2432K, reserved 1048576K
}
Event: 111.355 GC heap before
{Heap before GC invocations=11 (full 1):
 PSYoungGen      total 134656K, used 134627K [0x00000000d6900000, 0x00000000e7a00000, 0x0000000100000000)
  eden space 124416K, 100% used [0x00000000d6900000,0x00000000de280000,0x00000000de280000)
  from space 10240K, 99% used [0x00000000de280000,0x00000000dec78f60,0x00000000dec80000)
  to   space 15360K, 0% used [0x00000000e6b00000,0x00000000e6b00000,0x00000000e7a00000)
 ParOldGen       total 86016K, used 22883K [0x0000000083a00000, 0x0000000088e00000, 0x00000000d6900000)
  object space 86016K, 26% used [0x0000000083a00000,0x0000000085058de8,0x0000000088e00000)
 Metaspace       used 20436K, capacity 20988K, committed 21248K, reserved 1069056K
  class space    used 2387K, capacity 2550K, committed 2560K, reserved 1048576K
Event: 112.158 GC heap after
Heap after GC invocations=11 (full 1):
 PSYoungGen      total 214528K, used 15345K [0x00000000d6900000, 0x00000000e7a00000, 0x0000000100000000)
  eden space 199168K, 0% used [0x00000000d6900000,0x00000000d6900000,0x00000000e2b80000)
  from space 15360K, 99% used [0x00000000e6b00000,0x00000000e79fc448,0x00000000e7a00000)
  to   space 33280K, 0% used [0x00000000e3900000,0x00000000e3900000,0x00000000e5980000)
 ParOldGen       total 86016K, used 64982K [0x0000000083a00000, 0x0000000088e00000, 0x00000000d6900000)
  object space 86016K, 75% used [0x0000000083a00000,0x0000000087975848,0x0000000088e00000)
 Metaspace       used 20436K, capacity 20988K, committed 21248K, reserved 1069056K
  class space    used 2387K, capacity 2550K, committed 2560K, reserved 1048576K
}
Event: 112.687 GC heap before
{Heap before GC invocations=12 (full 1):
 PSYoungGen      total 214528K, used 39518K [0x00000000d6900000, 0x00000000e7a00000, 0x0000000100000000)
  eden space 199168K, 12% used [0x00000000d6900000,0x00000000d809b468,0x00000000e2b80000)
  from space 15360K, 99% used [0x00000000e6b00000,0x00000000e79fc448,0x00000000e7a00000)
  to   space 33280K, 0% used [0x00000000e3900000,0x00000000e3900000,0x00000000e5980000)
 ParOldGen       total 86016K, used 64982K [0x0000000083a00000, 0x0000000088e00000, 0x00000000d6900000)
  object space 86016K, 75% used [0x0000000083a00000,0x0000000087975848,0x0000000088e00000)
 Metaspace       used 20696K, capacity 21212K, committed 21296K, reserved 1069056K
  class space    used 2415K, capacity 2582K, committed 2608K, reserved 1048576K

