# JRE version: Java(TM) SE Runtime Environment (8.0_181-b13) (build 1.8.0_181-b13)
# Java VM: Java HotSpot(TM) 64-Bit Server VM (25.181-b13 mixed mode linux-amd64 compressed oops)
Heap:
 PSYoungGen      total 272384K, used 30196K [0x00000000d6900000, 0x00000000e9f00000, 0x0000000100000000)
  eden space 242176K, 0% used [0x00000000d6900000,0x00000000d6900000,0x00000000e5580000)
  from space 30208K, 99% used [0x00000000e5580000,0x00000000e72fd088,0x00000000e7300000)
  to   space 15360K, 0% used [0x00000000e7300000,0x00000000e7300000,0x00000000e8200000)
 ParOldGen       total 86016K, used 74725K [0x0000000083a00000, 0x0000000088e00000, 0x00000000d6900000)
  object space 86016K, 86% used [0x0000000083a00000,0x00000000882f9668,0x0000000088e00000)
 Metaspace       used 20763K, capacity 21188K, committed 21248K, reserved 1069056K
  class space    used 2404K, capacity 2548K, committed 2560K, reserved 1048576K
GC Heap History (10 events):
Event: 94.819 GC heap after
Heap after GC invocations=5 (full 1):
 PSYoungGen      total 70656K, used 5117K [0x00000000d6900000, 0x00000000db300000, 0x0000000100000000)
  eden space 65536K, 0% used [0x00000000d6900000,0x00000000d6900000,0x00000000da900000)
  from space 5120K, 99% used [0x00000000dae00000,0x00000000db2ff510,0x00000000db300000)
  to   space 5120K, 0% used [0x00000000da900000,0x00000000da900000,0x00000000dae00000)
 ParOldGen       total 86016K, used 4994K [0x0000000083a00000, 0x0000000088e00000, 0x00000000d6900000)
  object space 86016K, 5% used [0x0000000083a00000,0x0000000083ee0a80,0x0000000088e00000)
 Metaspace       used 13799K, capacity 14218K, committed 14336K, reserved 1062912K
  class space    used 1580K, capacity 1700K, committed 1792K, reserved 1048576K
}
Event: 95.322 GC heap before
{Heap before GC invocations=6 (full 1):
 PSYoungGen      total 70656K, used 70653K [0x00000000d6900000, 0x00000000db300000, 0x0000000100000000)
  eden space 65536K, 100% used [0x00000000d6900000,0x00000000da900000,0x00000000da900000)
  from space 5120K, 99% used [0x00000000dae00000,0x00000000db2ff510,0x00000000db300000)
  to   space 5120K, 0% used [0x00000000da900000,0x00000000da900000,0x00000000dae00000)
 ParOldGen       total 86016K, used 4994K [0x0000000083a00000, 0x0000000088e00000, 0x00000000d6900000)
  object space 86016K, 5% used [0x0000000083a00000,0x0000000083ee0a80,0x0000000088e00000)
 Metaspace       used 13841K, capacity 14282K, committed 14592K, reserved 1062912K
  class space    used 1580K, capacity 1700K, committed 1792K, reserved 1048576K
Event: 95.360 GC heap after
Heap after GC invocations=6 (full 1):
 PSYoungGen      total 70656K, used 5110K [0x00000000d6900000, 0x00000000df300000, 0x0000000100000000)
  eden space 65536K, 0% used [0x00000000d6900000,0x00000000d6900000,0x00000000da900000)
  from space 5120K, 99% used [0x00000000da900000,0x00000000dadfdb58,0x00000000dae00000)
  to   space 5120K, 0% used [0x00000000dee00000,0x00000000dee00000,0x00000000df300000)
 ParOldGen       total 86016K, used 5432K [0x0000000083a00000, 0x0000000088e00000, 0x00000000d6900000)
  object space 86016K, 6% used [0x0000000083a00000,0x0000000083f4e2b0,0x0000000088e00000)
 Metaspace       used 13841K, capacity 14282K, committed 14592K, reserved 1062912K
  class space    used 1580K, capacity 1700K, committed 1792K, reserved 1048576K
}
Event: 96.223 GC heap before
{Heap before GC invocations=7 (full 1):
 PSYoungGen      total 70656K, used 70646K [0x00000000d6900000, 0x00000000df300000, 0x0000000100000000)
  eden space 65536K, 100% used [0x00000000d6900000,0x00000000da900000,0x00000000da900000)
  from space 5120K, 99% used [0x00000000da900000,0x00000000dadfdb58,0x00000000dae00000)
  to   space 5120K, 0% used [0x00000000dee00000,0x00000000dee00000,0x00000000df300000)
 ParOldGen       total 86016K, used 5432K [0x0000000083a00000, 0x0000000088e00000, 0x00000000d6900000)
  object space 86016K, 6% used [0x0000000083a00000,0x0000000083f4e2b0,0x0000000088e00000)
 Metaspace       used 14073K, capacity 14474K, committed 14592K, reserved 1062912K
  class space    used 1582K, capacity 1700K, committed 1792K, reserved 1048576K
Event: 96.283 GC heap after
Heap after GC invocations=7 (full 1):
 PSYoungGen      total 133632K, used 5115K [0x00000000d6900000, 0x00000000df800000, 0x0000000100000000)
  eden space 128512K, 0% used [0x00000000d6900000,0x00000000d6900000,0x00000000de680000)
  from space 5120K, 99% used [0x00000000dee00000,0x00000000df2fedd8,0x00000000df300000)
  to   space 7680K, 0% used [0x00000000de680000,0x00000000de680000,0x00000000dee00000)
 ParOldGen       total 86016K, used 8030K [0x0000000083a00000, 0x0000000088e00000, 0x00000000d6900000)
  object space 86016K, 9% used [0x0000000083a00000,0x00000000841d79c8,0x0000000088e00000)
 Metaspace       used 14073K, capacity 14474K, committed 14592K, reserved 1062912K
  class space    used 1582K, capacity 1700K, committed 1792K, reserved 1048576K
}
Event: 106.040 GC heap before
{Heap before GC invocations=8 (full 1):
 PSYoungGen      total 133632K, used 133627K [0x00000000d6900000, 0x00000000df800000, 0x0000000100000000)
  eden space 128512K, 100% used [0x00000000d6900000,0x00000000de680000,0x00000000de680000)
  from space 5120K, 99% used [0x00000000dee00000,0x00000000df2fedd8,0x00000000df300000)
  to   space 7680K, 0% used [0x00000000de680000,0x00000000de680000,0x00000000dee00000)
 ParOldGen       total 86016K, used 8030K [0x0000000083a00000, 0x0000000088e00000, 0x00000000d6900000)
  object space 86016K, 9% used [0x0000000083a00000,0x00000000841d79c8,0x0000000088e00000)
 Metaspace       used 18968K, capacity 19482K, committed 19840K, reserved 1067008K
  class space    used 2165K, capacity 2313K, committed 2432K, reserved 1048576K
Event: 106.278 GC heap after
Heap after GC invocations=8 (full 1):
 PSYoungGen      total 136192K, used 7668K [0x00000000d6900000, 0x00000000e8200000, 0x0000000100000000)
  eden space 128512K, 0% used [0x00000000d6900000,0x00000000d6900000,0x00000000de680000)
  from space 7680K, 99% used [0x00000000de680000,0x00000000dedfd298,0x00000000dee00000)
  to   space 15360K, 0% used [0x00000000e7300000,0x00000000e7300000,0x00000000e8200000)
 ParOldGen       total 86016K, used 21160K [0x0000000083a00000, 0x0000000088e00000, 0x00000000d6900000)
  object space 86016K, 24% used [0x0000000083a00000,0x0000000084eaa2d0,0x0000000088e00000)
 Metaspace       used 18968K, capacity 19482K, committed 19840K, reserved 1067008K
  class space    used 2165K, capacity 2313K, committed 2432K, reserved 1048576K
}
Event: 129.411 GC heap before
{Heap before GC invocations=9 (full 1):
 PSYoungGen      total 136192K, used 136180K [0x00000000d6900000, 0x00000000e8200000, 0x0000000100000000)
  eden space 128512K, 100% used [0x00000000d6900000,0x00000000de680000,0x00000000de680000)
  from space 7680K, 99% used [0x00000000de680000,0x00000000dedfd298,0x00000000dee00000)
  to   space 15360K, 0% used [0x00000000e7300000,0x00000000e7300000,0x00000000e8200000)
 ParOldGen       total 86016K, used 21160K [0x0000000083a00000, 0x0000000088e00000, 0x00000000d6900000)
  object space 86016K, 24% used [0x0000000083a00000,0x0000000084eaa2d0,0x0000000088e00000)
 Metaspace       used 20661K, capacity 21180K, committed 21248K, reserved 1069056K
  class space    used 2386K, capacity 2548K, committed 2560K, reserved 1048576K
Event: 129.753 GC heap after
Heap after GC invocations=9 (full 1):
 PSYoungGen      total 257536K, used 15356K [0x00000000d6900000, 0x00000000e9f00000, 0x0000000100000000)
  eden space 242176K, 0% used [0x00000000d6900000,0x00000000d6900000,0x00000000e5580000)
  from space 15360K, 99% used [0x00000000e7300000,0x00000000e81ff190,0x00000000e8200000)
  to   space 30208K, 0% used [0x00000000e5580000,0x00000000e5580000,0x00000000e7300000)
 ParOldGen       total 86016K, used 50249K [0x0000000083a00000, 0x0000000088e00000, 0x00000000d6900000)
  object space 86016K, 58% used [0x0000000083a00000,0x0000000086b12538,0x0000000088e00000)
 Metaspace       used 20661K, capacity 21180K, committed 21248K, reserved 1069056K
  class space    used 2386K, capacity 2548K, committed 2560K, reserved 1048576K
}
Event: 146.542 GC heap before
{Heap before GC invocations=10 (full 1):
 PSYoungGen      total 257536K, used 99300K [0x00000000d6900000, 0x00000000e9f00000, 0x0000000100000000)
  eden space 242176K, 34% used [0x00000000d6900000,0x00000000dbafa060,0x00000000e5580000)
  from space 15360K, 99% used [0x00000000e7300000,0x00000000e81ff190,0x00000000e8200000)
  to   space 30208K, 0% used [0x00000000e5580000,0x00000000e5580000,0x00000000e7300000)
 ParOldGen       total 86016K, used 50249K [0x0000000083a00000, 0x0000000088e00000, 0x00000000d6900000)
  object space 86016K, 58% used [0x0000000083a00000,0x0000000086b12538,0x0000000088e00000)
 Metaspace       used 20763K, capacity 21188K, committed 21248K, reserved 1069056K
  class space    used 2404K, capacity 2548K, committed 2560K, reserved 1048576K

