# JRE version: Java(TM) SE Runtime Environment (8.0_181-b13) (build 1.8.0_181-b13)
# Java VM: Java HotSpot(TM) 64-Bit Server VM (25.181-b13 mixed mode linux-amd64 compressed oops)
Heap:
 PSYoungGen      total 136192K, used 10212K [0x00000000d6900000, 0x00000000dfb00000, 0x0000000100000000)
  eden space 125952K, 0% used [0x00000000d6900000,0x00000000d6900000,0x00000000de400000)
  from space 10240K, 99% used [0x00000000de400000,0x00000000dedf9338,0x00000000dee00000)
  to   space 7168K, 0% used [0x00000000dee00000,0x00000000dee00000,0x00000000df500000)
 ParOldGen       total 86016K, used 25978K [0x0000000083a00000, 0x0000000088e00000, 0x00000000d6900000)
  object space 86016K, 30% used [0x0000000083a00000,0x000000008535e858,0x0000000088e00000)
 Metaspace       used 19847K, capacity 20340K, committed 20608K, reserved 1067008K
  class space    used 2276K, capacity 2418K, committed 2432K, reserved 1048576K
GC Heap History (10 events):
Event: 114.412 GC heap after
Heap after GC invocations=5 (full 1):
 PSYoungGen      total 37888K, used 5107K [0x00000000d6900000, 0x00000000db300000, 0x0000000100000000)
  eden space 32768K, 0% used [0x00000000d6900000,0x00000000d6900000,0x00000000d8900000)
  from space 5120K, 99% used [0x00000000d8e00000,0x00000000d92fcdb8,0x00000000d9300000)
  to   space 5120K, 0% used [0x00000000d8900000,0x00000000d8900000,0x00000000d8e00000)
 ParOldGen       total 86016K, used 5107K [0x0000000083a00000, 0x0000000088e00000, 0x00000000d6900000)
  object space 86016K, 5% used [0x0000000083a00000,0x0000000083efcdf8,0x0000000088e00000)
 Metaspace       used 14018K, capacity 14418K, committed 14592K, reserved 1062912K
  class space    used 1600K, capacity 1738K, committed 1792K, reserved 1048576K
}
Event: 114.660 GC heap before
{Heap before GC invocations=6 (full 1):
 PSYoungGen      total 37888K, used 37875K [0x00000000d6900000, 0x00000000db300000, 0x0000000100000000)
  eden space 32768K, 100% used [0x00000000d6900000,0x00000000d8900000,0x00000000d8900000)
  from space 5120K, 99% used [0x00000000d8e00000,0x00000000d92fcdb8,0x00000000d9300000)
  to   space 5120K, 0% used [0x00000000d8900000,0x00000000d8900000,0x00000000d8e00000)
 ParOldGen       total 86016K, used 5107K [0x0000000083a00000, 0x0000000088e00000, 0x00000000d6900000)
  object space 86016K, 5% used [0x0000000083a00000,0x0000000083efcdf8,0x0000000088e00000)
 Metaspace       used 14026K, capacity 14482K, committed 14592K, reserved 1062912K
  class space    used 1600K, capacity 1738K, committed 1792K, reserved 1048576K
Event: 114.683 GC heap after
Heap after GC invocations=6 (full 1):
 PSYoungGen      total 37888K, used 5111K [0x00000000d6900000, 0x00000000db300000, 0x0000000100000000)
  eden space 32768K, 0% used [0x00000000d6900000,0x00000000d6900000,0x00000000d8900000)
  from space 5120K, 99% used [0x00000000d8900000,0x00000000d8dfdd80,0x00000000d8e00000)
  to   space 5120K, 0% used [0x00000000dae00000,0x00000000dae00000,0x00000000db300000)
 ParOldGen       total 86016K, used 5227K [0x0000000083a00000, 0x0000000088e00000, 0x00000000d6900000)
  object space 86016K, 6% used [0x0000000083a00000,0x0000000083f1adf8,0x0000000088e00000)
 Metaspace       used 14026K, capacity 14482K, committed 14592K, reserved 1062912K
  class space    used 1600K, capacity 1738K, committed 1792K, reserved 1048576K
}
Event: 115.020 GC heap before
{Heap before GC invocations=7 (full 1):
 PSYoungGen      total 37888K, used 37879K [0x00000000d6900000, 0x00000000db300000, 0x0000000100000000)
  eden space 32768K, 100% used [0x00000000d6900000,0x00000000d8900000,0x00000000d8900000)
  from space 5120K, 99% used [0x00000000d8900000,0x00000000d8dfdd80,0x00000000d8e00000)
  to   space 5120K, 0% used [0x00000000dae00000,0x00000000dae00000,0x00000000db300000)
 ParOldGen       total 86016K, used 5227K [0x0000000083a00000, 0x0000000088e00000, 0x00000000d6900000)
  object space 86016K, 6% used [0x0000000083a00000,0x0000000083f1adf8,0x0000000088e00000)
 Metaspace       used 14061K, capacity 14482K, committed 14592K, reserved 1062912K
  class space    used 1600K, capacity 1738K, committed 1792K, reserved 1048576K
Event: 115.033 GC heap after
Heap after GC invocations=7 (full 1):
 PSYoungGen      total 69632K, used 5095K [0x00000000d6900000, 0x00000000db500000, 0x0000000100000000)
  eden space 64512K, 0% used [0x00000000d6900000,0x00000000d6900000,0x00000000da800000)
  from space 5120K, 99% used [0x00000000dae00000,0x00000000db2f9dd0,0x00000000db300000)
  to   space 6144K, 0% used [0x00000000da800000,0x00000000da800000,0x00000000dae00000)
 ParOldGen       total 86016K, used 5555K [0x0000000083a00000, 0x0000000088e00000, 0x00000000d6900000)
  object space 86016K, 6% used [0x0000000083a00000,0x0000000083f6ce88,0x0000000088e00000)
 Metaspace       used 14061K, capacity 14482K, committed 14592K, reserved 1062912K
  class space    used 1600K, capacity 1738K, committed 1792K, reserved 1048576K
}
Event: 115.957 GC heap before
{Heap before GC invocations=8 (full 1):
 PSYoungGen      total 69632K, used 69607K [0x00000000d6900000, 0x00000000db500000, 0x0000000100000000)
  eden space 64512K, 100% used [0x00000000d6900000,0x00000000da800000,0x00000000da800000)
  from space 5120K, 99% used [0x00000000dae00000,0x00000000db2f9dd0,0x00000000db300000)
  to   space 6144K, 0% used [0x00000000da800000,0x00000000da800000,0x00000000dae00000)
 ParOldGen       total 86016K, used 5555K [0x0000000083a00000, 0x0000000088e00000, 0x00000000d6900000)
  object space 86016K, 6% used [0x0000000083a00000,0x0000000083f6ce88,0x0000000088e00000)
 Metaspace       used 14112K, capacity 14546K, committed 14848K, reserved 1062912K
  class space    used 1600K, capacity 1738K, committed 1792K, reserved 1048576K
Event: 116.004 GC heap after
Heap after GC invocations=8 (full 1):
 PSYoungGen      total 70656K, used 6123K [0x00000000d6900000, 0x00000000df500000, 0x0000000100000000)
  eden space 64512K, 0% used [0x00000000d6900000,0x00000000d6900000,0x00000000da800000)
  from space 6144K, 99% used [0x00000000da800000,0x00000000dadfae88,0x00000000dae00000)
  to   space 7168K, 0% used [0x00000000dee00000,0x00000000dee00000,0x00000000df500000)
 ParOldGen       total 86016K, used 6793K [0x0000000083a00000, 0x0000000088e00000, 0x00000000d6900000)
  object space 86016K, 7% used [0x0000000083a00000,0x00000000840a2408,0x0000000088e00000)
 Metaspace       used 14112K, capacity 14546K, committed 14848K, reserved 1062912K
  class space    used 1600K, capacity 1738K, committed 1792K, reserved 1048576K
}
Event: 119.719 GC heap before
{Heap before GC invocations=9 (full 1):
 PSYoungGen      total 70656K, used 70635K [0x00000000d6900000, 0x00000000df500000, 0x0000000100000000)
  eden space 64512K, 100% used [0x00000000d6900000,0x00000000da800000,0x00000000da800000)
  from space 6144K, 99% used [0x00000000da800000,0x00000000dadfae88,0x00000000dae00000)
  to   space 7168K, 0% used [0x00000000dee00000,0x00000000dee00000,0x00000000df500000)
 ParOldGen       total 86016K, used 6793K [0x0000000083a00000, 0x0000000088e00000, 0x00000000d6900000)
  object space 86016K, 7% used [0x0000000083a00000,0x00000000840a2408,0x0000000088e00000)
 Metaspace       used 16170K, capacity 16680K, committed 16768K, reserved 1064960K
  class space    used 1790K, capacity 1920K, committed 1920K, reserved 1048576K
Event: 119.840 GC heap after
Heap after GC invocations=9 (full 1):
 PSYoungGen      total 133120K, used 7144K [0x00000000d6900000, 0x00000000dfb00000, 0x0000000100000000)
  eden space 125952K, 0% used [0x00000000d6900000,0x00000000d6900000,0x00000000de400000)
  from space 7168K, 99% used [0x00000000dee00000,0x00000000df4fa258,0x00000000df500000)
  to   space 10240K, 0% used [0x00000000de400000,0x00000000de400000,0x00000000dee00000)
 ParOldGen       total 86016K, used 12315K [0x0000000083a00000, 0x0000000088e00000, 0x00000000d6900000)
  object space 86016K, 14% used [0x0000000083a00000,0x0000000084606ef8,0x0000000088e00000)
 Metaspace       used 16170K, capacity 16680K, committed 16768K, reserved 1064960K
  class space    used 1790K, capacity 1920K, committed 1920K, reserved 1048576K
}
Event: 135.669 GC heap before
{Heap before GC invocations=10 (full 1):
 PSYoungGen      total 133120K, used 132788K [0x00000000d6900000, 0x00000000dfb00000, 0x0000000100000000)
  eden space 125952K, 99% used [0x00000000d6900000,0x00000000de3b3110,0x00000000de400000)
  from space 7168K, 99% used [0x00000000dee00000,0x00000000df4fa258,0x00000000df500000)
  to   space 10240K, 0% used [0x00000000de400000,0x00000000de400000,0x00000000dee00000)
 ParOldGen       total 86016K, used 12315K [0x0000000083a00000, 0x0000000088e00000, 0x00000000d6900000)
  object space 86016K, 14% used [0x0000000083a00000,0x0000000084606ef8,0x0000000088e00000)
 Metaspace       used 19847K, capacity 20340K, committed 20608K, reserved 1067008K
  class space    used 2276K, capacity 2418K, committed 2432K, reserved 1048576K

