# JRE version: Java(TM) SE Runtime Environment (8.0_181-b13) (build 1.8.0_181-b13)
# Java VM: Java HotSpot(TM) 64-Bit Server VM (25.181-b13 mixed mode linux-amd64 compressed oops)
Heap:
 PSYoungGen      total 209408K, used 17406K [0x00000000d6900000, 0x00000000e6800000, 0x0000000100000000)
  eden space 192000K, 0% used [0x00000000d6900000,0x00000000d6900000,0x00000000e2480000)
  from space 17408K, 99% used [0x00000000e4600000,0x00000000e56ff8e8,0x00000000e5700000)
  to   space 10752K, 0% used [0x00000000e5d80000,0x00000000e5d80000,0x00000000e6800000)
 ParOldGen       total 86016K, used 70588K [0x0000000083a00000, 0x0000000088e00000, 0x00000000d6900000)
  object space 86016K, 82% used [0x0000000083a00000,0x0000000087eef1b0,0x0000000088e00000)
 Metaspace       used 17201K, capacity 17726K, committed 17920K, reserved 1064960K
  class space    used 1901K, capacity 2041K, committed 2048K, reserved 1048576K
GC Heap History (10 events):
Event: 101.680 GC heap after
Heap after GC invocations=7 (full 1):
 PSYoungGen      total 65024K, used 5115K [0x00000000d6900000, 0x00000000dbe00000, 0x0000000100000000)
  eden space 59904K, 0% used [0x00000000d6900000,0x00000000d6900000,0x00000000da380000)
  from space 5120K, 99% used [0x00000000dae00000,0x00000000db2feda8,0x00000000db300000)
  to   space 10752K, 0% used [0x00000000da380000,0x00000000da380000,0x00000000dae00000)
 ParOldGen       total 86016K, used 12815K [0x0000000083a00000, 0x0000000088e00000, 0x00000000d6900000)
  object space 86016K, 14% used [0x0000000083a00000,0x0000000084683cf0,0x0000000088e00000)
 Metaspace       used 14119K, capacity 14554K, committed 14848K, reserved 1062912K
  class space    used 1608K, capacity 1742K, committed 1792K, reserved 1048576K
}
Event: 102.202 GC heap before
{Heap before GC invocations=8 (full 1):
 PSYoungGen      total 65024K, used 65019K [0x00000000d6900000, 0x00000000dbe00000, 0x0000000100000000)
  eden space 59904K, 100% used [0x00000000d6900000,0x00000000da380000,0x00000000da380000)
  from space 5120K, 99% used [0x00000000dae00000,0x00000000db2feda8,0x00000000db300000)
  to   space 10752K, 0% used [0x00000000da380000,0x00000000da380000,0x00000000dae00000)
 ParOldGen       total 86016K, used 12815K [0x0000000083a00000, 0x0000000088e00000, 0x00000000d6900000)
  object space 86016K, 14% used [0x0000000083a00000,0x0000000084683cf0,0x0000000088e00000)
 Metaspace       used 14163K, capacity 14560K, committed 14848K, reserved 1062912K
  class space    used 1609K, capacity 1743K, committed 1792K, reserved 1048576K
Event: 102.241 GC heap after
Heap after GC invocations=8 (full 1):
 PSYoungGen      total 70656K, used 6491K [0x00000000d6900000, 0x00000000df200000, 0x0000000100000000)
  eden space 59904K, 0% used [0x00000000d6900000,0x00000000d6900000,0x00000000da380000)
  from space 10752K, 60% used [0x00000000da380000,0x00000000da9d6de8,0x00000000dae00000)
  to   space 10240K, 0% used [0x00000000de800000,0x00000000de800000,0x00000000df200000)
 ParOldGen       total 86016K, used 12815K [0x0000000083a00000, 0x0000000088e00000, 0x00000000d6900000)
  object space 86016K, 14% used [0x0000000083a00000,0x0000000084683cf0,0x0000000088e00000)
 Metaspace       used 14163K, capacity 14560K, committed 14848K, reserved 1062912K
  class space    used 1609K, capacity 1743K, committed 1792K, reserved 1048576K
}
Event: 102.666 GC heap before
{Heap before GC invocations=9 (full 1):
 PSYoungGen      total 70656K, used 66395K [0x00000000d6900000, 0x00000000df200000, 0x0000000100000000)
  eden space 59904K, 100% used [0x00000000d6900000,0x00000000da380000,0x00000000da380000)
  from space 10752K, 60% used [0x00000000da380000,0x00000000da9d6de8,0x00000000dae00000)
  to   space 10240K, 0% used [0x00000000de800000,0x00000000de800000,0x00000000df200000)
 ParOldGen       total 86016K, used 12815K [0x0000000083a00000, 0x0000000088e00000, 0x00000000d6900000)
  object space 86016K, 14% used [0x0000000083a00000,0x0000000084683cf0,0x0000000088e00000)
 Metaspace       used 14212K, capacity 14688K, committed 14848K, reserved 1062912K
  class space    used 1609K, capacity 1743K, committed 1792K, reserved 1048576K
Event: 102.696 GC heap after
Heap after GC invocations=9 (full 1):
 PSYoungGen      total 130048K, used 4672K [0x00000000d6900000, 0x00000000df200000, 0x0000000100000000)
  eden space 119808K, 0% used [0x00000000d6900000,0x00000000d6900000,0x00000000dde00000)
  from space 10240K, 45% used [0x00000000de800000,0x00000000dec90010,0x00000000df200000)
  to   space 10240K, 0% used [0x00000000dde00000,0x00000000dde00000,0x00000000de800000)
 ParOldGen       total 86016K, used 16936K [0x0000000083a00000, 0x0000000088e00000, 0x00000000d6900000)
  object space 86016K, 19% used [0x0000000083a00000,0x0000000084a8a078,0x0000000088e00000)
 Metaspace       used 14212K, capacity 14688K, committed 14848K, reserved 1062912K
  class space    used 1609K, capacity 1743K, committed 1792K, reserved 1048576K
}
Event: 103.663 GC heap before
{Heap before GC invocations=10 (full 1):
 PSYoungGen      total 130048K, used 124480K [0x00000000d6900000, 0x00000000df200000, 0x0000000100000000)
  eden space 119808K, 100% used [0x00000000d6900000,0x00000000dde00000,0x00000000dde00000)
  from space 10240K, 45% used [0x00000000de800000,0x00000000dec90010,0x00000000df200000)
  to   space 10240K, 0% used [0x00000000dde00000,0x00000000dde00000,0x00000000de800000)
 ParOldGen       total 86016K, used 16936K [0x0000000083a00000, 0x0000000088e00000, 0x00000000d6900000)
  object space 86016K, 19% used [0x0000000083a00000,0x0000000084a8a078,0x0000000088e00000)
 Metaspace       used 14274K, capacity 14752K, committed 15104K, reserved 1062912K
  class space    used 1609K, capacity 1743K, committed 1792K, reserved 1048576K
Event: 103.707 GC heap after
Heap after GC invocations=10 (full 1):
 PSYoungGen      total 130048K, used 8808K [0x00000000d6900000, 0x00000000e6800000, 0x0000000100000000)
  eden space 119808K, 0% used [0x00000000d6900000,0x00000000d6900000,0x00000000dde00000)
  from space 10240K, 86% used [0x00000000dde00000,0x00000000de69a258,0x00000000de800000)
  to   space 10752K, 0% used [0x00000000e5d80000,0x00000000e5d80000,0x00000000e6800000)
 ParOldGen       total 86016K, used 17700K [0x0000000083a00000, 0x0000000088e00000, 0x00000000d6900000)
  object space 86016K, 20% used [0x0000000083a00000,0x0000000084b49088,0x0000000088e00000)
 Metaspace       used 14274K, capacity 14752K, committed 15104K, reserved 1062912K
  class space    used 1609K, capacity 1743K, committed 1792K, reserved 1048576K
}
Event: 106.188 GC heap before
{Heap before GC invocations=11 (full 1):
 PSYoungGen      total 130048K, used 128616K [0x00000000d6900000, 0x00000000e6800000, 0x0000000100000000)
  eden space 119808K, 100% used [0x00000000d6900000,0x00000000dde00000,0x00000000dde00000)
  from space 10240K, 86% used [0x00000000dde00000,0x00000000de69a258,0x00000000de800000)
  to   space 10752K, 0% used [0x00000000e5d80000,0x00000000e5d80000,0x00000000e6800000)
 ParOldGen       total 86016K, used 17700K [0x0000000083a00000, 0x0000000088e00000, 0x00000000d6900000)
  object space 86016K, 20% used [0x0000000083a00000,0x0000000084b49088,0x0000000088e00000)
 Metaspace       used 16154K, capacity 16658K, committed 16896K, reserved 1064960K
  class space    used 1780K, capacity 1933K, committed 2048K, reserved 1048576K
Event: 106.298 GC heap after
Heap after GC invocations=11 (full 1):
 PSYoungGen      total 202752K, used 10745K [0x00000000d6900000, 0x00000000e6800000, 0x0000000100000000)
  eden space 192000K, 0% used [0x00000000d6900000,0x00000000d6900000,0x00000000e2480000)
  from space 10752K, 99% used [0x00000000e5d80000,0x00000000e67fe520,0x00000000e6800000)
  to   space 17408K, 0% used [0x00000000e4600000,0x00000000e4600000,0x00000000e5700000)
 ParOldGen       total 86016K, used 32488K [0x0000000083a00000, 0x0000000088e00000, 0x00000000d6900000)
  object space 86016K, 37% used [0x0000000083a00000,0x00000000859ba3a0,0x0000000088e00000)
 Metaspace       used 16154K, capacity 16658K, committed 16896K, reserved 1064960K
  class space    used 1780K, capacity 1933K, committed 2048K, reserved 1048576K
}
Event: 124.460 GC heap before
{Heap before GC invocations=12 (full 1):
 PSYoungGen      total 202752K, used 202745K [0x00000000d6900000, 0x00000000e6800000, 0x0000000100000000)
  eden space 192000K, 100% used [0x00000000d6900000,0x00000000e2480000,0x00000000e2480000)
  from space 10752K, 99% used [0x00000000e5d80000,0x00000000e67fe520,0x00000000e6800000)
  to   space 17408K, 0% used [0x00000000e4600000,0x00000000e4600000,0x00000000e5700000)
 ParOldGen       total 86016K, used 32488K [0x0000000083a00000, 0x0000000088e00000, 0x00000000d6900000)
  object space 86016K, 37% used [0x0000000083a00000,0x00000000859ba3a0,0x0000000088e00000)
 Metaspace       used 17201K, capacity 17726K, committed 17920K, reserved 1064960K
  class space    used 1901K, capacity 2041K, committed 2048K, reserved 1048576K

