# JRE version: Java(TM) SE Runtime Environment (8.0_181-b13) (build 1.8.0_181-b13)
# Java VM: Java HotSpot(TM) 64-Bit Server VM (25.181-b13 mixed mode linux-amd64 compressed oops)
Heap:
 PSYoungGen      total 558080K, used 111926K [0x00000000d6900000, 0x0000000100000000, 0x0000000100000000)
  eden space 468992K, 4% used [0x00000000d6900000,0x00000000d7f4f908,0x00000000f3300000)
  from space 89088K, 99% used [0x00000000fa900000,0x00000000ffffe2b0,0x0000000100000000)
  to   space 104960K, 0% used [0x00000000f3300000,0x00000000f3300000,0x00000000f9980000)
 ParOldGen       total 195584K, used 102335K [0x0000000083a00000, 0x000000008f900000, 0x00000000d6900000)
  object space 195584K, 52% used [0x0000000083a00000,0x0000000089deff30,0x000000008f900000)
 Metaspace       used 36507K, capacity 37132K, committed 37248K, reserved 1081344K
  class space    used 4465K, capacity 4658K, committed 4736K, reserved 1048576K
GC Heap History (10 events):
Event: 66.215 GC heap before
{Heap before GC invocations=21 (full 2):
 PSYoungGen      total 428032K, used 428005K [0x00000000d6900000, 0x00000000f4880000, 0x0000000100000000)
  eden space 386048K, 100% used [0x00000000d6900000,0x00000000ee200000,0x00000000ee200000)
  from space 41984K, 99% used [0x00000000f1f80000,0x00000000f4879518,0x00000000f4880000)
  to   space 50176K, 0% used [0x00000000ee680000,0x00000000ee680000,0x00000000f1780000)
 ParOldGen       total 100864K, used 51391K [0x0000000083a00000, 0x0000000089c80000, 0x00000000d6900000)
  object space 100864K, 50% used [0x0000000083a00000,0x0000000086c2fd90,0x0000000089c80000)
 Metaspace       used 34555K, capacity 34950K, committed 35200K, reserved 1079296K
  class space    used 4286K, capacity 4399K, committed 4480K, reserved 1048576K
Event: 66.681 GC heap after
Heap after GC invocations=21 (full 2):
 PSYoungGen      total 440832K, used 50144K [0x00000000d6900000, 0x00000000f9c80000, 0x0000000100000000)
  eden space 390656K, 0% used [0x00000000d6900000,0x00000000d6900000,0x00000000ee680000)
  from space 50176K, 99% used [0x00000000ee680000,0x00000000f1778060,0x00000000f1780000)
  to   space 62464K, 0% used [0x00000000f5f80000,0x00000000f5f80000,0x00000000f9c80000)
 ParOldGen       total 100864K, used 63697K [0x0000000083a00000, 0x0000000089c80000, 0x00000000d6900000)
  object space 100864K, 63% used [0x0000000083a00000,0x00000000878345d0,0x0000000089c80000)
 Metaspace       used 34555K, capacity 34950K, committed 35200K, reserved 1079296K
  class space    used 4286K, capacity 4399K, committed 4480K, reserved 1048576K
}
Event: 72.346 GC heap before
{Heap before GC invocations=22 (full 2):
 PSYoungGen      total 440832K, used 440800K [0x00000000d6900000, 0x00000000f9c80000, 0x0000000100000000)
  eden space 390656K, 100% used [0x00000000d6900000,0x00000000ee680000,0x00000000ee680000)
  from space 50176K, 99% used [0x00000000ee680000,0x00000000f1778060,0x00000000f1780000)
  to   space 62464K, 0% used [0x00000000f5f80000,0x00000000f5f80000,0x00000000f9c80000)
 ParOldGen       total 100864K, used 63697K [0x0000000083a00000, 0x0000000089c80000, 0x00000000d6900000)
  object space 100864K, 63% used [0x0000000083a00000,0x00000000878345d0,0x0000000089c80000)
 Metaspace       used 34579K, capacity 34950K, committed 35200K, reserved 1079296K
  class space    used 4286K, capacity 4399K, committed 4480K, reserved 1048576K
Event: 72.885 GC heap after
Heap after GC invocations=22 (full 2):
 PSYoungGen      total 500224K, used 62454K [0x00000000d6900000, 0x00000000fc480000, 0x0000000100000000)
  eden space 437760K, 0% used [0x00000000d6900000,0x00000000d6900000,0x00000000f1480000)
  from space 62464K, 99% used [0x00000000f5f80000,0x00000000f9c7db38,0x00000000f9c80000)
  to   space 76800K, 0% used [0x00000000f1480000,0x00000000f1480000,0x00000000f5f80000)
 ParOldGen       total 100864K, used 74392K [0x0000000083a00000, 0x0000000089c80000, 0x00000000d6900000)
  object space 100864K, 73% used [0x0000000083a00000,0x00000000882a6098,0x0000000089c80000)
 Metaspace       used 34579K, capacity 34950K, committed 35200K, reserved 1079296K
  class space    used 4286K, capacity 4399K, committed 4480K, reserved 1048576K
}
Event: 78.226 GC heap before
{Heap before GC invocations=23 (full 2):
 PSYoungGen      total 500224K, used 500214K [0x00000000d6900000, 0x00000000fc480000, 0x0000000100000000)
  eden space 437760K, 100% used [0x00000000d6900000,0x00000000f1480000,0x00000000f1480000)
  from space 62464K, 99% used [0x00000000f5f80000,0x00000000f9c7db38,0x00000000f9c80000)
  to   space 76800K, 0% used [0x00000000f1480000,0x00000000f1480000,0x00000000f5f80000)
 ParOldGen       total 100864K, used 74392K [0x0000000083a00000, 0x0000000089c80000, 0x00000000d6900000)
  object space 100864K, 73% used [0x0000000083a00000,0x00000000882a6098,0x0000000089c80000)
 Metaspace       used 34593K, capacity 35014K, committed 35200K, reserved 1079296K
  class space    used 4286K, capacity 4399K, committed 4480K, reserved 1048576K
Event: 78.913 GC heap after
Heap after GC invocations=23 (full 2):
 PSYoungGen      total 514560K, used 75817K [0x00000000d6900000, 0x0000000100000000, 0x0000000100000000)
  eden space 437760K, 0% used [0x00000000d6900000,0x00000000d6900000,0x00000000f1480000)
  from space 76800K, 98% used [0x00000000f1480000,0x00000000f5e8a680,0x00000000f5f80000)
  to   space 89088K, 0% used [0x00000000fa900000,0x00000000fa900000,0x0000000100000000)
 ParOldGen       total 100864K, used 89007K [0x0000000083a00000, 0x0000000089c80000, 0x00000000d6900000)
  object space 100864K, 88% used [0x0000000083a00000,0x00000000890ebf18,0x0000000089c80000)
 Metaspace       used 34593K, capacity 35014K, committed 35200K, reserved 1079296K
  class space    used 4286K, capacity 4399K, committed 4480K, reserved 1048576K
}
Event: 78.913 GC heap before
{Heap before GC invocations=24 (full 3):
 PSYoungGen      total 514560K, used 75817K [0x00000000d6900000, 0x0000000100000000, 0x0000000100000000)
  eden space 437760K, 0% used [0x00000000d6900000,0x00000000d6900000,0x00000000f1480000)
  from space 76800K, 98% used [0x00000000f1480000,0x00000000f5e8a680,0x00000000f5f80000)
  to   space 89088K, 0% used [0x00000000fa900000,0x00000000fa900000,0x0000000100000000)
 ParOldGen       total 100864K, used 89007K [0x0000000083a00000, 0x0000000089c80000, 0x00000000d6900000)
  object space 100864K, 88% used [0x0000000083a00000,0x00000000890ebf18,0x0000000089c80000)
 Metaspace       used 34593K, capacity 35014K, committed 35200K, reserved 1079296K
  class space    used 4286K, capacity 4399K, committed 4480K, reserved 1048576K
Event: 83.962 GC heap after
Heap after GC invocations=24 (full 3):
 PSYoungGen      total 514560K, used 58317K [0x00000000d6900000, 0x0000000100000000, 0x0000000100000000)
  eden space 437760K, 0% used [0x00000000d6900000,0x00000000d6900000,0x00000000f1480000)
  from space 76800K, 75% used [0x00000000f1480000,0x00000000f4d736d0,0x00000000f5f80000)
  to   space 89088K, 0% used [0x00000000fa900000,0x00000000fa900000,0x0000000100000000)
 ParOldGen       total 195584K, used 100639K [0x0000000083a00000, 0x000000008f900000, 0x00000000d6900000)
  object space 195584K, 51% used [0x0000000083a00000,0x0000000089c47cc0,0x000000008f900000)
 Metaspace       used 34593K, capacity 35014K, committed 35200K, reserved 1079296K
  class space    used 4286K, capacity 4399K, committed 4480K, reserved 1048576K
}
Event: 94.156 GC heap before
{Heap before GC invocations=25 (full 3):
 PSYoungGen      total 514560K, used 496077K [0x00000000d6900000, 0x0000000100000000, 0x0000000100000000)
  eden space 437760K, 100% used [0x00000000d6900000,0x00000000f1480000,0x00000000f1480000)
  from space 76800K, 75% used [0x00000000f1480000,0x00000000f4d736d0,0x00000000f5f80000)
  to   space 89088K, 0% used [0x00000000fa900000,0x00000000fa900000,0x0000000100000000)
 ParOldGen       total 195584K, used 100639K [0x0000000083a00000, 0x000000008f900000, 0x00000000d6900000)
  object space 195584K, 51% used [0x0000000083a00000,0x0000000089c47cc0,0x000000008f900000)
 Metaspace       used 36446K, capacity 37126K, committed 37248K, reserved 1081344K
  class space    used 4459K, capacity 4657K, committed 4736K, reserved 1048576K
Event: 96.091 GC heap after
Heap after GC invocations=25 (full 3):
 PSYoungGen      total 558080K, used 89080K [0x00000000d6900000, 0x0000000100000000, 0x0000000100000000)
  eden space 468992K, 0% used [0x00000000d6900000,0x00000000d6900000,0x00000000f3300000)
  from space 89088K, 99% used [0x00000000fa900000,0x00000000ffffe2b0,0x0000000100000000)
  to   space 104960K, 0% used [0x00000000f3300000,0x00000000f3300000,0x00000000f9980000)
 ParOldGen       total 195584K, used 102335K [0x0000000083a00000, 0x000000008f900000, 0x00000000d6900000)
  object space 195584K, 52% used [0x0000000083a00000,0x0000000089deff30,0x000000008f900000)
 Metaspace       used 36446K, capacity 37126K, committed 37248K, reserved 1081344K
  class space    used 4459K, capacity 4657K, committed 4736K, reserved 1048576K
}

