# JRE version: Java(TM) SE Runtime Environment (8.0_181-b13) (build 1.8.0_181-b13)
# Java VM: Java HotSpot(TM) 64-Bit Server VM (25.181-b13 mixed mode linux-amd64 compressed oops)
Heap:
 PSYoungGen      total 37888K, used 28404K [0x00000000d6900000, 0x00000000db300000, 0x0000000100000000)
  eden space 32768K, 71% used [0x00000000d6900000,0x00000000d7fbfc48,0x00000000d8900000)
  from space 5120K, 99% used [0x00000000d8900000,0x00000000d8dfd748,0x00000000d8e00000)
  to   space 5120K, 0% used [0x00000000dae00000,0x00000000dae00000,0x00000000db300000)
 ParOldGen       total 86016K, used 14504K [0x0000000083a00000, 0x0000000088e00000, 0x00000000d6900000)
  object space 86016K, 16% used [0x0000000083a00000,0x000000008482a1e8,0x0000000088e00000)
 Metaspace       used 15210K, capacity 15752K, committed 16000K, reserved 1062912K
  class space    used 1725K, capacity 1904K, committed 1920K, reserved 1048576K
GC Heap History (10 events):
Event: 4.443 GC heap before
{Heap before GC invocations=2 (full 0):
 PSYoungGen      total 37888K, used 34182K [0x00000000d6900000, 0x00000000d9300000, 0x0000000100000000)
  eden space 32768K, 88% used [0x00000000d6900000,0x00000000d8569a48,0x00000000d8900000)
  from space 5120K, 99% used [0x00000000d8900000,0x00000000d8df8050,0x00000000d8e00000)
  to   space 5120K, 0% used [0x00000000d8e00000,0x00000000d8e00000,0x00000000d9300000)
 ParOldGen       total 86016K, used 1744K [0x0000000083a00000, 0x0000000088e00000, 0x00000000d6900000)
  object space 86016K, 2% used [0x0000000083a00000,0x0000000083bb43f0,0x0000000088e00000)
 Metaspace       used 10242K, capacity 10396K, committed 10624K, reserved 1058816K
  class space    used 1239K, capacity 1319K, committed 1408K, reserved 1048576K
Event: 4.554 GC heap after
Heap after GC invocations=2 (full 0):
 PSYoungGen      total 37888K, used 5120K [0x00000000d6900000, 0x00000000d9300000, 0x0000000100000000)
  eden space 32768K, 0% used [0x00000000d6900000,0x00000000d6900000,0x00000000d8900000)
  from space 5120K, 100% used [0x00000000d8e00000,0x00000000d9300000,0x00000000d9300000)
  to   space 5120K, 0% used [0x00000000d8900000,0x00000000d8900000,0x00000000d8e00000)
 ParOldGen       total 86016K, used 7042K [0x0000000083a00000, 0x0000000088e00000, 0x00000000d6900000)
  object space 86016K, 8% used [0x0000000083a00000,0x00000000840e0b28,0x0000000088e00000)
 Metaspace       used 10242K, capacity 10396K, committed 10624K, reserved 1058816K
  class space    used 1239K, capacity 1319K, committed 1408K, reserved 1048576K
}
Event: 4.554 GC heap before
{Heap before GC invocations=3 (full 1):
 PSYoungGen      total 37888K, used 5120K [0x00000000d6900000, 0x00000000d9300000, 0x0000000100000000)
  eden space 32768K, 0% used [0x00000000d6900000,0x00000000d6900000,0x00000000d8900000)
  from space 5120K, 100% used [0x00000000d8e00000,0x00000000d9300000,0x00000000d9300000)
  to   space 5120K, 0% used [0x00000000d8900000,0x00000000d8900000,0x00000000d8e00000)
 ParOldGen       total 86016K, used 7042K [0x0000000083a00000, 0x0000000088e00000, 0x00000000d6900000)
  object space 86016K, 8% used [0x0000000083a00000,0x00000000840e0b28,0x0000000088e00000)
 Metaspace       used 10242K, capacity 10396K, committed 10624K, reserved 1058816K
  class space    used 1239K, capacity 1319K, committed 1408K, reserved 1048576K
Event: 4.877 GC heap after
Heap after GC invocations=3 (full 1):
 PSYoungGen      total 37888K, used 0K [0x00000000d6900000, 0x00000000d9300000, 0x0000000100000000)
  eden space 32768K, 0% used [0x00000000d6900000,0x00000000d6900000,0x00000000d8900000)
  from space 5120K, 0% used [0x00000000d8e00000,0x00000000d8e00000,0x00000000d9300000)
  to   space 5120K, 0% used [0x00000000d8900000,0x00000000d8900000,0x00000000d8e00000)
 ParOldGen       total 86016K, used 10678K [0x0000000083a00000, 0x0000000088e00000, 0x00000000d6900000)
  object space 86016K, 12% used [0x0000000083a00000,0x000000008446d8c0,0x0000000088e00000)
 Metaspace       used 10234K, capacity 10386K, committed 10624K, reserved 1058816K
  class space    used 1238K, capacity 1317K, committed 1408K, reserved 1048576K
}
Event: 106.296 GC heap before
{Heap before GC invocations=4 (full 1):
 PSYoungGen      total 37888K, used 32768K [0x00000000d6900000, 0x00000000d9300000, 0x0000000100000000)
  eden space 32768K, 100% used [0x00000000d6900000,0x00000000d8900000,0x00000000d8900000)
  from space 5120K, 0% used [0x00000000d8e00000,0x00000000d8e00000,0x00000000d9300000)
  to   space 5120K, 0% used [0x00000000d8900000,0x00000000d8900000,0x00000000d8e00000)
 ParOldGen       total 86016K, used 10678K [0x0000000083a00000, 0x0000000088e00000, 0x00000000d6900000)
  object space 86016K, 12% used [0x0000000083a00000,0x000000008446d8c0,0x0000000088e00000)
 Metaspace       used 14055K, capacity 14498K, committed 14592K, reserved 1062912K
  class space    used 1627K, capacity 1785K, committed 1792K, reserved 1048576K
Event: 106.315 GC heap after
Heap after GC invocations=4 (full 1):
 PSYoungGen      total 37888K, used 5114K [0x00000000d6900000, 0x00000000d9300000, 0x0000000100000000)
  eden space 32768K, 0% used [0x00000000d6900000,0x00000000d6900000,0x00000000d8900000)
  from space 5120K, 99% used [0x00000000d8900000,0x00000000d8dfe880,0x00000000d8e00000)
  to   space 5120K, 0% used [0x00000000d8e00000,0x00000000d8e00000,0x00000000d9300000)
 ParOldGen       total 86016K, used 11039K [0x0000000083a00000, 0x0000000088e00000, 0x00000000d6900000)
  object space 86016K, 12% used [0x0000000083a00000,0x00000000844c7ed8,0x0000000088e00000)
 Metaspace       used 14055K, capacity 14498K, committed 14592K, reserved 1062912K
  class space    used 1627K, capacity 1785K, committed 1792K, reserved 1048576K
}
Event: 107.936 GC heap before
{Heap before GC invocations=5 (full 1):
 PSYoungGen      total 37888K, used 37882K [0x00000000d6900000, 0x00000000d9300000, 0x0000000100000000)
  eden space 32768K, 100% used [0x00000000d6900000,0x00000000d8900000,0x00000000d8900000)
  from space 5120K, 99% used [0x00000000d8900000,0x00000000d8dfe880,0x00000000d8e00000)
  to   space 5120K, 0% used [0x00000000d8e00000,0x00000000d8e00000,0x00000000d9300000)
 ParOldGen       total 86016K, used 11039K [0x0000000083a00000, 0x0000000088e00000, 0x00000000d6900000)
  object space 86016K, 12% used [0x0000000083a00000,0x00000000844c7ed8,0x0000000088e00000)
 Metaspace       used 14190K, capacity 14690K, committed 14848K, reserved 1062912K
  class space    used 1627K, capacity 1785K, committed 1792K, reserved 1048576K
Event: 107.945 GC heap after
Heap after GC invocations=5 (full 1):
 PSYoungGen      total 37888K, used 4411K [0x00000000d6900000, 0x00000000d9300000, 0x0000000100000000)
  eden space 32768K, 0% used [0x00000000d6900000,0x00000000d6900000,0x00000000d8900000)
  from space 5120K, 86% used [0x00000000d8e00000,0x00000000d924ec80,0x00000000d9300000)
  to   space 5120K, 0% used [0x00000000d8900000,0x00000000d8900000,0x00000000d8e00000)
 ParOldGen       total 86016K, used 11047K [0x0000000083a00000, 0x0000000088e00000, 0x00000000d6900000)
  object space 86016K, 12% used [0x0000000083a00000,0x00000000844c9ed8,0x0000000088e00000)
 Metaspace       used 14190K, capacity 14690K, committed 14848K, reserved 1062912K
  class space    used 1627K, capacity 1785K, committed 1792K, reserved 1048576K
}
Event: 111.408 GC heap before
{Heap before GC invocations=6 (full 1):
 PSYoungGen      total 37888K, used 37179K [0x00000000d6900000, 0x00000000d9300000, 0x0000000100000000)
  eden space 32768K, 100% used [0x00000000d6900000,0x00000000d8900000,0x00000000d8900000)
  from space 5120K, 86% used [0x00000000d8e00000,0x00000000d924ec80,0x00000000d9300000)
  to   space 5120K, 0% used [0x00000000d8900000,0x00000000d8900000,0x00000000d8e00000)
 ParOldGen       total 86016K, used 11047K [0x0000000083a00000, 0x0000000088e00000, 0x00000000d6900000)
  object space 86016K, 12% used [0x0000000083a00000,0x00000000844c9ed8,0x0000000088e00000)
 Metaspace       used 14943K, capacity 15406K, committed 15744K, reserved 1062912K
  class space    used 1707K, capacity 1835K, committed 1920K, reserved 1048576K
Event: 111.530 GC heap after
Heap after GC invocations=6 (full 1):
 PSYoungGen      total 37888K, used 5109K [0x00000000d6900000, 0x00000000db300000, 0x0000000100000000)
  eden space 32768K, 0% used [0x00000000d6900000,0x00000000d6900000,0x00000000d8900000)
  from space 5120K, 99% used [0x00000000d8900000,0x00000000d8dfd748,0x00000000d8e00000)
  to   space 5120K, 0% used [0x00000000dae00000,0x00000000dae00000,0x00000000db300000)
 ParOldGen       total 86016K, used 14504K [0x0000000083a00000, 0x0000000088e00000, 0x00000000d6900000)
  object space 86016K, 16% used [0x0000000083a00000,0x000000008482a1e8,0x0000000088e00000)
 Metaspace       used 14943K, capacity 15406K, committed 15744K, reserved 1062912K
  class space    used 1707K, capacity 1835K, committed 1920K, reserved 1048576K
}

