# JRE version: Java(TM) SE Runtime Environment (8.0_181-b13) (build 1.8.0_181-b13)
# Java VM: Java HotSpot(TM) 64-Bit Server VM (25.181-b13 mixed mode linux-amd64 compressed oops)
Heap:
 PSYoungGen      total 136192K, used 7671K [0x00000000d6900000, 0x00000000df800000, 0x0000000100000000)
  eden space 128512K, 0% used [0x00000000d6900000,0x00000000d6900000,0x00000000de680000)
  from space 7680K, 99% used [0x00000000de680000,0x00000000dedfddc0,0x00000000dee00000)
  to   space 5120K, 0% used [0x00000000dee00000,0x00000000dee00000,0x00000000df300000)
 ParOldGen       total 86016K, used 20282K [0x0000000083a00000, 0x0000000088e00000, 0x00000000d6900000)
  object space 86016K, 23% used [0x0000000083a00000,0x0000000084dce818,0x0000000088e00000)
 Metaspace       used 19040K, capacity 19528K, committed 19840K, reserved 1067008K
  class space    used 2174K, capacity 2318K, committed 2432K, reserved 1048576K
GC Heap History (10 events):
Event: 131.277 GC heap after
Heap after GC invocations=3 (full 1):
 PSYoungGen      total 37888K, used 5089K [0x00000000d6900000, 0x00000000d9300000, 0x0000000100000000)
  eden space 32768K, 0% used [0x00000000d6900000,0x00000000d6900000,0x00000000d8900000)
  from space 5120K, 99% used [0x00000000d8e00000,0x00000000d92f8498,0x00000000d9300000)
  to   space 5120K, 0% used [0x00000000d8900000,0x00000000d8900000,0x00000000d8e00000)
 ParOldGen       total 86016K, used 4656K [0x0000000083a00000, 0x0000000088e00000, 0x00000000d6900000)
  object space 86016K, 5% used [0x0000000083a00000,0x0000000083e8c258,0x0000000088e00000)
 Metaspace       used 13691K, capacity 14054K, committed 14336K, reserved 1062912K
  class space    used 1579K, capacity 1704K, committed 1792K, reserved 1048576K
}
Event: 132.493 GC heap before
{Heap before GC invocations=4 (full 1):
 PSYoungGen      total 37888K, used 37857K [0x00000000d6900000, 0x00000000d9300000, 0x0000000100000000)
  eden space 32768K, 100% used [0x00000000d6900000,0x00000000d8900000,0x00000000d8900000)
  from space 5120K, 99% used [0x00000000d8e00000,0x00000000d92f8498,0x00000000d9300000)
  to   space 5120K, 0% used [0x00000000d8900000,0x00000000d8900000,0x00000000d8e00000)
 ParOldGen       total 86016K, used 4656K [0x0000000083a00000, 0x0000000088e00000, 0x00000000d6900000)
  object space 86016K, 5% used [0x0000000083a00000,0x0000000083e8c258,0x0000000088e00000)
 Metaspace       used 13823K, capacity 14186K, committed 14336K, reserved 1062912K
  class space    used 1580K, capacity 1704K, committed 1792K, reserved 1048576K
Event: 132.521 GC heap after
Heap after GC invocations=4 (full 1):
 PSYoungGen      total 37888K, used 5101K [0x00000000d6900000, 0x00000000db300000, 0x0000000100000000)
  eden space 32768K, 0% used [0x00000000d6900000,0x00000000d6900000,0x00000000d8900000)
  from space 5120K, 99% used [0x00000000d8900000,0x00000000d8dfb4f0,0x00000000d8e00000)
  to   space 5120K, 0% used [0x00000000dae00000,0x00000000dae00000,0x00000000db300000)
 ParOldGen       total 86016K, used 5104K [0x0000000083a00000, 0x0000000088e00000, 0x00000000d6900000)
  object space 86016K, 5% used [0x0000000083a00000,0x0000000083efc258,0x0000000088e00000)
 Metaspace       used 13823K, capacity 14186K, committed 14336K, reserved 1062912K
  class space    used 1580K, capacity 1704K, committed 1792K, reserved 1048576K
}
Event: 133.010 GC heap before
{Heap before GC invocations=5 (full 1):
 PSYoungGen      total 37888K, used 37869K [0x00000000d6900000, 0x00000000db300000, 0x0000000100000000)
  eden space 32768K, 100% used [0x00000000d6900000,0x00000000d8900000,0x00000000d8900000)
  from space 5120K, 99% used [0x00000000d8900000,0x00000000d8dfb4f0,0x00000000d8e00000)
  to   space 5120K, 0% used [0x00000000dae00000,0x00000000dae00000,0x00000000db300000)
 ParOldGen       total 86016K, used 5104K [0x0000000083a00000, 0x0000000088e00000, 0x00000000d6900000)
  object space 86016K, 5% used [0x0000000083a00000,0x0000000083efc258,0x0000000088e00000)
 Metaspace       used 13843K, capacity 14250K, committed 14592K, reserved 1062912K
  class space    used 1580K, capacity 1704K, committed 1792K, reserved 1048576K
Event: 133.036 GC heap after
Heap after GC invocations=5 (full 1):
 PSYoungGen      total 70656K, used 5119K [0x00000000d6900000, 0x00000000db300000, 0x0000000100000000)
  eden space 65536K, 0% used [0x00000000d6900000,0x00000000d6900000,0x00000000da900000)
  from space 5120K, 99% used [0x00000000dae00000,0x00000000db2ffc90,0x00000000db300000)
  to   space 5120K, 0% used [0x00000000da900000,0x00000000da900000,0x00000000dae00000)
 ParOldGen       total 86016K, used 6013K [0x0000000083a00000, 0x0000000088e00000, 0x00000000d6900000)
  object space 86016K, 6% used [0x0000000083a00000,0x0000000083fdf758,0x0000000088e00000)
 Metaspace       used 13843K, capacity 14250K, committed 14592K, reserved 1062912K
  class space    used 1580K, capacity 1704K, committed 1792K, reserved 1048576K
}
Event: 133.730 GC heap before
{Heap before GC invocations=6 (full 1):
 PSYoungGen      total 70656K, used 70655K [0x00000000d6900000, 0x00000000db300000, 0x0000000100000000)
  eden space 65536K, 100% used [0x00000000d6900000,0x00000000da900000,0x00000000da900000)
  from space 5120K, 99% used [0x00000000dae00000,0x00000000db2ffc90,0x00000000db300000)
  to   space 5120K, 0% used [0x00000000da900000,0x00000000da900000,0x00000000dae00000)
 ParOldGen       total 86016K, used 6013K [0x0000000083a00000, 0x0000000088e00000, 0x00000000d6900000)
  object space 86016K, 6% used [0x0000000083a00000,0x0000000083fdf758,0x0000000088e00000)
 Metaspace       used 13900K, capacity 14314K, committed 14592K, reserved 1062912K
  class space    used 1580K, capacity 1704K, committed 1792K, reserved 1048576K
Event: 133.752 GC heap after
Heap after GC invocations=6 (full 1):
 PSYoungGen      total 70656K, used 5091K [0x00000000d6900000, 0x00000000df300000, 0x0000000100000000)
  eden space 65536K, 0% used [0x00000000d6900000,0x00000000d6900000,0x00000000da900000)
  from space 5120K, 99% used [0x00000000da900000,0x00000000dadf8d10,0x00000000dae00000)
  to   space 5120K, 0% used [0x00000000dee00000,0x00000000dee00000,0x00000000df300000)
 ParOldGen       total 86016K, used 6485K [0x0000000083a00000, 0x0000000088e00000, 0x00000000d6900000)
  object space 86016K, 7% used [0x0000000083a00000,0x00000000840556e8,0x0000000088e00000)
 Metaspace       used 13900K, capacity 14314K, committed 14592K, reserved 1062912K
  class space    used 1580K, capacity 1704K, committed 1792K, reserved 1048576K
}
Event: 134.649 GC heap before
{Heap before GC invocations=7 (full 1):
 PSYoungGen      total 70656K, used 70627K [0x00000000d6900000, 0x00000000df300000, 0x0000000100000000)
  eden space 65536K, 100% used [0x00000000d6900000,0x00000000da900000,0x00000000da900000)
  from space 5120K, 99% used [0x00000000da900000,0x00000000dadf8d10,0x00000000dae00000)
  to   space 5120K, 0% used [0x00000000dee00000,0x00000000dee00000,0x00000000df300000)
 ParOldGen       total 86016K, used 6485K [0x0000000083a00000, 0x0000000088e00000, 0x00000000d6900000)
  object space 86016K, 7% used [0x0000000083a00000,0x00000000840556e8,0x0000000088e00000)
 Metaspace       used 13954K, capacity 14314K, committed 14592K, reserved 1062912K
  class space    used 1580K, capacity 1704K, committed 1792K, reserved 1048576K
Event: 134.708 GC heap after
Heap after GC invocations=7 (full 1):
 PSYoungGen      total 133632K, used 5091K [0x00000000d6900000, 0x00000000df800000, 0x0000000100000000)
  eden space 128512K, 0% used [0x00000000d6900000,0x00000000d6900000,0x00000000de680000)
  from space 5120K, 99% used [0x00000000dee00000,0x00000000df2f8d00,0x00000000df300000)
  to   space 7680K, 0% used [0x00000000de680000,0x00000000de680000,0x00000000dee00000)
 ParOldGen       total 86016K, used 8718K [0x0000000083a00000, 0x0000000088e00000, 0x00000000d6900000)
  object space 86016K, 10% used [0x0000000083a00000,0x0000000084283b90,0x0000000088e00000)
 Metaspace       used 13954K, capacity 14314K, committed 14592K, reserved 1062912K
  class space    used 1580K, capacity 1704K, committed 1792K, reserved 1048576K
}
Event: 140.440 GC heap before
{Heap before GC invocations=8 (full 1):
 PSYoungGen      total 133632K, used 133603K [0x00000000d6900000, 0x00000000df800000, 0x0000000100000000)
  eden space 128512K, 100% used [0x00000000d6900000,0x00000000de680000,0x00000000de680000)
  from space 5120K, 99% used [0x00000000dee00000,0x00000000df2f8d00,0x00000000df300000)
  to   space 7680K, 0% used [0x00000000de680000,0x00000000de680000,0x00000000dee00000)
 ParOldGen       total 86016K, used 8718K [0x0000000083a00000, 0x0000000088e00000, 0x00000000d6900000)
  object space 86016K, 10% used [0x0000000083a00000,0x0000000084283b90,0x0000000088e00000)
 Metaspace       used 19040K, capacity 19528K, committed 19840K, reserved 1067008K
  class space    used 2174K, capacity 2318K, committed 2432K, reserved 1048576K

