# JRE version: Java(TM) SE Runtime Environment (8.0_181-b13) (build 1.8.0_181-b13)
# Java VM: Java HotSpot(TM) 64-Bit Server VM (25.181-b13 mixed mode linux-amd64 compressed oops)
Heap:
 PSYoungGen      total 128512K, used 11772K [0x00000000d6900000, 0x00000000df200000, 0x0000000100000000)
  eden space 116736K, 0% used [0x00000000d6900000,0x00000000d6900000,0x00000000ddb00000)
  from space 11776K, 99% used [0x00000000ddb00000,0x00000000de67f020,0x00000000de680000)
  to   space 11776K, 0% used [0x00000000de680000,0x00000000de680000,0x00000000df200000)
 ParOldGen       total 86016K, used 29252K [0x0000000083a00000, 0x0000000088e00000, 0x00000000d6900000)
  object space 86016K, 34% used [0x0000000083a00000,0x00000000856910d0,0x0000000088e00000)
 Metaspace       used 16161K, capacity 16710K, committed 16896K, reserved 1064960K
  class space    used 1759K, capacity 1931K, committed 2048K, reserved 1048576K
GC Heap History (10 events):
Event: 123.595 GC heap after
Heap after GC invocations=5 (full 1):
 PSYoungGen      total 70656K, used 5104K [0x00000000d6900000, 0x00000000db300000, 0x0000000100000000)
  eden space 65536K, 0% used [0x00000000d6900000,0x00000000d6900000,0x00000000da900000)
  from space 5120K, 99% used [0x00000000dae00000,0x00000000db2fc010,0x00000000db300000)
  to   space 5120K, 0% used [0x00000000da900000,0x00000000da900000,0x00000000dae00000)
 ParOldGen       total 86016K, used 17467K [0x0000000083a00000, 0x0000000088e00000, 0x00000000d6900000)
  object space 86016K, 20% used [0x0000000083a00000,0x0000000084b0efd0,0x0000000088e00000)
 Metaspace       used 15266K, capacity 15740K, committed 16000K, reserved 1062912K
  class space    used 1717K, capacity 1854K, committed 1920K, reserved 1048576K
}
Event: 124.201 GC heap before
{Heap before GC invocations=6 (full 1):
 PSYoungGen      total 70656K, used 70640K [0x00000000d6900000, 0x00000000db300000, 0x0000000100000000)
  eden space 65536K, 100% used [0x00000000d6900000,0x00000000da900000,0x00000000da900000)
  from space 5120K, 99% used [0x00000000dae00000,0x00000000db2fc010,0x00000000db300000)
  to   space 5120K, 0% used [0x00000000da900000,0x00000000da900000,0x00000000dae00000)
 ParOldGen       total 86016K, used 17467K [0x0000000083a00000, 0x0000000088e00000, 0x00000000d6900000)
  object space 86016K, 20% used [0x0000000083a00000,0x0000000084b0efd0,0x0000000088e00000)
 Metaspace       used 15304K, capacity 15804K, committed 16000K, reserved 1062912K
  class space    used 1717K, capacity 1854K, committed 1920K, reserved 1048576K
Event: 124.208 GC heap after
Heap after GC invocations=6 (full 1):
 PSYoungGen      total 70656K, used 5120K [0x00000000d6900000, 0x00000000db300000, 0x0000000100000000)
  eden space 65536K, 0% used [0x00000000d6900000,0x00000000d6900000,0x00000000da900000)
  from space 5120K, 100% used [0x00000000da900000,0x00000000dae00000,0x00000000dae00000)
  to   space 5120K, 0% used [0x00000000dae00000,0x00000000dae00000,0x00000000db300000)
 ParOldGen       total 86016K, used 18044K [0x0000000083a00000, 0x0000000088e00000, 0x00000000d6900000)
  object space 86016K, 20% used [0x0000000083a00000,0x0000000084b9f000,0x0000000088e00000)
 Metaspace       used 15304K, capacity 15804K, committed 16000K, reserved 1062912K
  class space    used 1717K, capacity 1854K, committed 1920K, reserved 1048576K
}
Event: 125.165 GC heap before
{Heap before GC invocations=7 (full 1):
 PSYoungGen      total 70656K, used 70656K [0x00000000d6900000, 0x00000000db300000, 0x0000000100000000)
  eden space 65536K, 100% used [0x00000000d6900000,0x00000000da900000,0x00000000da900000)
  from space 5120K, 100% used [0x00000000da900000,0x00000000dae00000,0x00000000dae00000)
  to   space 5120K, 0% used [0x00000000dae00000,0x00000000dae00000,0x00000000db300000)
 ParOldGen       total 86016K, used 18044K [0x0000000083a00000, 0x0000000088e00000, 0x00000000d6900000)
  object space 86016K, 20% used [0x0000000083a00000,0x0000000084b9f000,0x0000000088e00000)
 Metaspace       used 15334K, capacity 15804K, committed 16000K, reserved 1062912K
  class space    used 1717K, capacity 1854K, committed 1920K, reserved 1048576K
Event: 125.172 GC heap after
Heap after GC invocations=7 (full 1):
 PSYoungGen      total 63488K, used 5120K [0x00000000d6900000, 0x00000000dbf00000, 0x0000000100000000)
  eden space 58368K, 0% used [0x00000000d6900000,0x00000000d6900000,0x00000000da200000)
  from space 5120K, 100% used [0x00000000dae00000,0x00000000db300000,0x00000000db300000)
  to   space 12288K, 0% used [0x00000000da200000,0x00000000da200000,0x00000000dae00000)
 ParOldGen       total 86016K, used 19682K [0x0000000083a00000, 0x0000000088e00000, 0x00000000d6900000)
  object space 86016K, 22% used [0x0000000083a00000,0x0000000084d388c8,0x0000000088e00000)
 Metaspace       used 15334K, capacity 15804K, committed 16000K, reserved 1062912K
  class space    used 1717K, capacity 1854K, committed 1920K, reserved 1048576K
}
Event: 125.789 GC heap before
{Heap before GC invocations=8 (full 1):
 PSYoungGen      total 63488K, used 63488K [0x00000000d6900000, 0x00000000dbf00000, 0x0000000100000000)
  eden space 58368K, 100% used [0x00000000d6900000,0x00000000da200000,0x00000000da200000)
  from space 5120K, 100% used [0x00000000dae00000,0x00000000db300000,0x00000000db300000)
  to   space 12288K, 0% used [0x00000000da200000,0x00000000da200000,0x00000000dae00000)
 ParOldGen       total 86016K, used 19682K [0x0000000083a00000, 0x0000000088e00000, 0x00000000d6900000)
  object space 86016K, 22% used [0x0000000083a00000,0x0000000084d388c8,0x0000000088e00000)
 Metaspace       used 15391K, capacity 15868K, committed 16000K, reserved 1062912K
  class space    used 1717K, capacity 1854K, committed 1920K, reserved 1048576K
Event: 125.809 GC heap after
Heap after GC invocations=8 (full 1):
 PSYoungGen      total 70656K, used 8472K [0x00000000d6900000, 0x00000000df200000, 0x0000000100000000)
  eden space 58368K, 0% used [0x00000000d6900000,0x00000000d6900000,0x00000000da200000)
  from space 12288K, 68% used [0x00000000da200000,0x00000000daa46258,0x00000000dae00000)
  to   space 11776K, 0% used [0x00000000de680000,0x00000000de680000,0x00000000df200000)
 ParOldGen       total 86016K, used 19682K [0x0000000083a00000, 0x0000000088e00000, 0x00000000d6900000)
  object space 86016K, 22% used [0x0000000083a00000,0x0000000084d388c8,0x0000000088e00000)
 Metaspace       used 15391K, capacity 15868K, committed 16000K, reserved 1062912K
  class space    used 1717K, capacity 1854K, committed 1920K, reserved 1048576K
}
Event: 126.285 GC heap before
{Heap before GC invocations=9 (full 1):
 PSYoungGen      total 70656K, used 66840K [0x00000000d6900000, 0x00000000df200000, 0x0000000100000000)
  eden space 58368K, 100% used [0x00000000d6900000,0x00000000da200000,0x00000000da200000)
  from space 12288K, 68% used [0x00000000da200000,0x00000000daa46258,0x00000000dae00000)
  to   space 11776K, 0% used [0x00000000de680000,0x00000000de680000,0x00000000df200000)
 ParOldGen       total 86016K, used 19682K [0x0000000083a00000, 0x0000000088e00000, 0x00000000d6900000)
  object space 86016K, 22% used [0x0000000083a00000,0x0000000084d388c8,0x0000000088e00000)
 Metaspace       used 15406K, capacity 15874K, committed 16000K, reserved 1062912K
  class space    used 1718K, capacity 1855K, committed 1920K, reserved 1048576K
Event: 126.324 GC heap after
Heap after GC invocations=9 (full 1):
 PSYoungGen      total 128512K, used 5592K [0x00000000d6900000, 0x00000000df200000, 0x0000000100000000)
  eden space 116736K, 0% used [0x00000000d6900000,0x00000000d6900000,0x00000000ddb00000)
  from space 11776K, 47% used [0x00000000de680000,0x00000000debf6248,0x00000000df200000)
  to   space 11776K, 0% used [0x00000000ddb00000,0x00000000ddb00000,0x00000000de680000)
 ParOldGen       total 86016K, used 24074K [0x0000000083a00000, 0x0000000088e00000, 0x00000000d6900000)
  object space 86016K, 27% used [0x0000000083a00000,0x00000000851829d8,0x0000000088e00000)
 Metaspace       used 15406K, capacity 15874K, committed 16000K, reserved 1062912K
  class space    used 1718K, capacity 1855K, committed 1920K, reserved 1048576K
}
Event: 130.198 GC heap before
{Heap before GC invocations=10 (full 1):
 PSYoungGen      total 128512K, used 122328K [0x00000000d6900000, 0x00000000df200000, 0x0000000100000000)
  eden space 116736K, 100% used [0x00000000d6900000,0x00000000ddb00000,0x00000000ddb00000)
  from space 11776K, 47% used [0x00000000de680000,0x00000000debf6248,0x00000000df200000)
  to   space 11776K, 0% used [0x00000000ddb00000,0x00000000ddb00000,0x00000000de680000)
 ParOldGen       total 86016K, used 24074K [0x0000000083a00000, 0x0000000088e00000, 0x00000000d6900000)
  object space 86016K, 27% used [0x0000000083a00000,0x00000000851829d8,0x0000000088e00000)
 Metaspace       used 16161K, capacity 16710K, committed 16896K, reserved 1064960K
  class space    used 1759K, capacity 1931K, committed 2048K, reserved 1048576K

