# JRE version: Java(TM) SE Runtime Environment (8.0_181-b13) (build 1.8.0_181-b13)
# Java VM: Java HotSpot(TM) 64-Bit Server VM (25.181-b13 mixed mode linux-amd64 compressed oops)
Heap:
 PSYoungGen      total 70656K, used 51574K [0x00000000d6900000, 0x00000000df300000, 0x0000000100000000)
  eden space 65536K, 70% used [0x00000000d6900000,0x00000000d9661f00,0x00000000da900000)
  from space 5120K, 99% used [0x00000000da900000,0x00000000dadfb9a8,0x00000000dae00000)
  to   space 5120K, 0% used [0x00000000dee00000,0x00000000dee00000,0x00000000df300000)
 ParOldGen       total 86016K, used 7958K [0x0000000083a00000, 0x0000000088e00000, 0x00000000d6900000)
  object space 86016K, 9% used [0x0000000083a00000,0x00000000841c5a50,0x0000000088e00000)
 Metaspace       used 17064K, capacity 17578K, committed 17664K, reserved 1064960K
  class space    used 1873K, capacity 2001K, committed 2048K, reserved 1048576K
GC Heap History (10 events):
Event: 3.483 GC heap before
{Heap before GC invocations=2 (full 1):
 PSYoungGen      total 37888K, used 4214K [0x00000000d6900000, 0x00000000d9300000, 0x0000000100000000)
  eden space 32768K, 0% used [0x00000000d6900000,0x00000000d6900000,0x00000000d8900000)
  from space 5120K, 82% used [0x00000000d8900000,0x00000000d8d1d8c0,0x00000000d8e00000)
  to   space 5120K, 0% used [0x00000000d8e00000,0x00000000d8e00000,0x00000000d9300000)
 ParOldGen       total 86016K, used 8K [0x0000000083a00000, 0x0000000088e00000, 0x00000000d6900000)
  object space 86016K, 0% used [0x0000000083a00000,0x0000000083a02000,0x0000000088e00000)
 Metaspace       used 10194K, capacity 10332K, committed 10624K, reserved 1058816K
  class space    used 1237K, capacity 1319K, committed 1408K, reserved 1048576K
Event: 3.586 GC heap after
Heap after GC invocations=2 (full 1):
 PSYoungGen      total 37888K, used 0K [0x00000000d6900000, 0x00000000d9300000, 0x0000000100000000)
  eden space 32768K, 0% used [0x00000000d6900000,0x00000000d6900000,0x00000000d8900000)
  from space 5120K, 0% used [0x00000000d8900000,0x00000000d8900000,0x00000000d8e00000)
  to   space 5120K, 0% used [0x00000000d8e00000,0x00000000d8e00000,0x00000000d9300000)
 ParOldGen       total 86016K, used 4059K [0x0000000083a00000, 0x0000000088e00000, 0x00000000d6900000)
  object space 86016K, 4% used [0x0000000083a00000,0x0000000083df6ec0,0x0000000088e00000)
 Metaspace       used 10186K, capacity 10322K, committed 10624K, reserved 1058816K
  class space    used 1236K, capacity 1317K, committed 1408K, reserved 1048576K
}
Event: 131.450 GC heap before
{Heap before GC invocations=3 (full 1):
 PSYoungGen      total 37888K, used 32768K [0x00000000d6900000, 0x00000000d9300000, 0x0000000100000000)
  eden space 32768K, 100% used [0x00000000d6900000,0x00000000d8900000,0x00000000d8900000)
  from space 5120K, 0% used [0x00000000d8900000,0x00000000d8900000,0x00000000d8e00000)
  to   space 5120K, 0% used [0x00000000d8e00000,0x00000000d8e00000,0x00000000d9300000)
 ParOldGen       total 86016K, used 4059K [0x0000000083a00000, 0x0000000088e00000, 0x00000000d6900000)
  object space 86016K, 4% used [0x0000000083a00000,0x0000000083df6ec0,0x0000000088e00000)
 Metaspace       used 13902K, capacity 14294K, committed 14592K, reserved 1062912K
  class space    used 1597K, capacity 1704K, committed 1792K, reserved 1048576K
Event: 131.479 GC heap after
Heap after GC invocations=3 (full 1):
 PSYoungGen      total 37888K, used 5089K [0x00000000d6900000, 0x00000000d9300000, 0x0000000100000000)
  eden space 32768K, 0% used [0x00000000d6900000,0x00000000d6900000,0x00000000d8900000)
  from space 5120K, 99% used [0x00000000d8e00000,0x00000000d92f8470,0x00000000d9300000)
  to   space 5120K, 0% used [0x00000000d8900000,0x00000000d8900000,0x00000000d8e00000)
 ParOldGen       total 86016K, used 4089K [0x0000000083a00000, 0x0000000088e00000, 0x00000000d6900000)
  object space 86016K, 4% used [0x0000000083a00000,0x0000000083dfe698,0x0000000088e00000)
 Metaspace       used 13902K, capacity 14294K, committed 14592K, reserved 1062912K
  class space    used 1597K, capacity 1704K, committed 1792K, reserved 1048576K
}
Event: 132.831 GC heap before
{Heap before GC invocations=4 (full 1):
 PSYoungGen      total 37888K, used 37857K [0x00000000d6900000, 0x00000000d9300000, 0x0000000100000000)
  eden space 32768K, 100% used [0x00000000d6900000,0x00000000d8900000,0x00000000d8900000)
  from space 5120K, 99% used [0x00000000d8e00000,0x00000000d92f8470,0x00000000d9300000)
  to   space 5120K, 0% used [0x00000000d8900000,0x00000000d8900000,0x00000000d8e00000)
 ParOldGen       total 86016K, used 4089K [0x0000000083a00000, 0x0000000088e00000, 0x00000000d6900000)
  object space 86016K, 4% used [0x0000000083a00000,0x0000000083dfe698,0x0000000088e00000)
 Metaspace       used 14001K, capacity 14364K, committed 14592K, reserved 1062912K
  class space    used 1598K, capacity 1705K, committed 1792K, reserved 1048576K
Event: 132.867 GC heap after
Heap after GC invocations=4 (full 1):
 PSYoungGen      total 37888K, used 4563K [0x00000000d6900000, 0x00000000db300000, 0x0000000100000000)
  eden space 32768K, 0% used [0x00000000d6900000,0x00000000d6900000,0x00000000d8900000)
  from space 5120K, 89% used [0x00000000d8900000,0x00000000d8d74c70,0x00000000d8e00000)
  to   space 5120K, 0% used [0x00000000dae00000,0x00000000dae00000,0x00000000db300000)
 ParOldGen       total 86016K, used 4097K [0x0000000083a00000, 0x0000000088e00000, 0x00000000d6900000)
  object space 86016K, 4% used [0x0000000083a00000,0x0000000083e00698,0x0000000088e00000)
 Metaspace       used 14001K, capacity 14364K, committed 14592K, reserved 1062912K
  class space    used 1598K, capacity 1705K, committed 1792K, reserved 1048576K
}
Event: 133.545 GC heap before
{Heap before GC invocations=5 (full 1):
 PSYoungGen      total 37888K, used 37331K [0x00000000d6900000, 0x00000000db300000, 0x0000000100000000)
  eden space 32768K, 100% used [0x00000000d6900000,0x00000000d8900000,0x00000000d8900000)
  from space 5120K, 89% used [0x00000000d8900000,0x00000000d8d74c70,0x00000000d8e00000)
  to   space 5120K, 0% used [0x00000000dae00000,0x00000000dae00000,0x00000000db300000)
 ParOldGen       total 86016K, used 4097K [0x0000000083a00000, 0x0000000088e00000, 0x00000000d6900000)
  object space 86016K, 4% used [0x0000000083a00000,0x0000000083e00698,0x0000000088e00000)
 Metaspace       used 14091K, capacity 14466K, committed 14592K, reserved 1062912K
  class space    used 1601K, capacity 1738K, committed 1792K, reserved 1048576K
Event: 133.572 GC heap after
Heap after GC invocations=5 (full 1):
 PSYoungGen      total 70656K, used 4643K [0x00000000d6900000, 0x00000000db300000, 0x0000000100000000)
  eden space 65536K, 0% used [0x00000000d6900000,0x00000000d6900000,0x00000000da900000)
  from space 5120K, 90% used [0x00000000dae00000,0x00000000db288c60,0x00000000db300000)
  to   space 5120K, 0% used [0x00000000da900000,0x00000000da900000,0x00000000dae00000)
 ParOldGen       total 86016K, used 4105K [0x0000000083a00000, 0x0000000088e00000, 0x00000000d6900000)
  object space 86016K, 4% used [0x0000000083a00000,0x0000000083e02698,0x0000000088e00000)
 Metaspace       used 14091K, capacity 14466K, committed 14592K, reserved 1062912K
  class space    used 1601K, capacity 1738K, committed 1792K, reserved 1048576K
}
Event: 137.310 GC heap before
{Heap before GC invocations=6 (full 1):
 PSYoungGen      total 70656K, used 70179K [0x00000000d6900000, 0x00000000db300000, 0x0000000100000000)
  eden space 65536K, 100% used [0x00000000d6900000,0x00000000da900000,0x00000000da900000)
  from space 5120K, 90% used [0x00000000dae00000,0x00000000db288c60,0x00000000db300000)
  to   space 5120K, 0% used [0x00000000da900000,0x00000000da900000,0x00000000dae00000)
 ParOldGen       total 86016K, used 4105K [0x0000000083a00000, 0x0000000088e00000, 0x00000000d6900000)
  object space 86016K, 4% used [0x0000000083a00000,0x0000000083e02698,0x0000000088e00000)
 Metaspace       used 15391K, capacity 15886K, committed 16000K, reserved 1062912K
  class space    used 1712K, capacity 1831K, committed 1920K, reserved 1048576K
Event: 137.467 GC heap after
Heap after GC invocations=6 (full 1):
 PSYoungGen      total 70656K, used 5102K [0x00000000d6900000, 0x00000000df300000, 0x0000000100000000)
  eden space 65536K, 0% used [0x00000000d6900000,0x00000000d6900000,0x00000000da900000)
  from space 5120K, 99% used [0x00000000da900000,0x00000000dadfb9a8,0x00000000dae00000)
  to   space 5120K, 0% used [0x00000000dee00000,0x00000000dee00000,0x00000000df300000)
 ParOldGen       total 86016K, used 7958K [0x0000000083a00000, 0x0000000088e00000, 0x00000000d6900000)
  object space 86016K, 9% used [0x0000000083a00000,0x00000000841c5a50,0x0000000088e00000)
 Metaspace       used 15391K, capacity 15886K, committed 16000K, reserved 1062912K
  class space    used 1712K, capacity 1831K, committed 1920K, reserved 1048576K
}

