# JRE version: Java(TM) SE Runtime Environment (8.0_181-b13) (build 1.8.0_181-b13)
# Java VM: Java HotSpot(TM) 64-Bit Server VM (25.181-b13 mixed mode linux-amd64 compressed oops)
Heap:
 PSYoungGen      total 262144K, used 22009K [0x00000000d6900000, 0x00000000e8800000, 0x0000000100000000)
  eden space 240128K, 0% used [0x00000000d6900000,0x00000000d6900000,0x00000000e5380000)
  from space 22016K, 99% used [0x00000000e5380000,0x00000000e68fe518,0x00000000e6900000)
  to   space 12288K, 0% used [0x00000000e6900000,0x00000000e6900000,0x00000000e7500000)
 ParOldGen       total 89088K, used 87956K [0x0000000083a00000, 0x0000000089100000, 0x00000000d6900000)
  object space 89088K, 98% used [0x0000000083a00000,0x0000000088fe50c8,0x0000000089100000)
 Metaspace       used 17113K, capacity 17596K, committed 17664K, reserved 1064960K
  class space    used 1870K, capacity 2014K, committed 2048K, reserved 1048576K
GC Heap History (10 events):
Event: 114.526 GC heap after
Heap after GC invocations=5 (full 1):
 PSYoungGen      total 70656K, used 5103K [0x00000000d6900000, 0x00000000df300000, 0x0000000100000000)
  eden space 65536K, 0% used [0x00000000d6900000,0x00000000d6900000,0x00000000da900000)
  from space 5120K, 99% used [0x00000000dae00000,0x00000000db2fbd78,0x00000000db300000)
  to   space 5120K, 0% used [0x00000000da900000,0x00000000da900000,0x00000000dae00000)
 ParOldGen       total 86016K, used 16104K [0x0000000083a00000, 0x0000000088e00000, 0x00000000d6900000)
  object space 86016K, 18% used [0x0000000083a00000,0x00000000849ba260,0x0000000088e00000)
 Metaspace       used 14795K, capacity 15288K, committed 15488K, reserved 1062912K
  class space    used 1662K, capacity 1816K, committed 1920K, reserved 1048576K
}
Event: 115.020 GC heap before
{Heap before GC invocations=6 (full 1):
 PSYoungGen      total 70656K, used 70639K [0x00000000d6900000, 0x00000000df300000, 0x0000000100000000)
  eden space 65536K, 100% used [0x00000000d6900000,0x00000000da900000,0x00000000da900000)
  from space 5120K, 99% used [0x00000000dae00000,0x00000000db2fbd78,0x00000000db300000)
  to   space 5120K, 0% used [0x00000000da900000,0x00000000da900000,0x00000000dae00000)
 ParOldGen       total 86016K, used 16104K [0x0000000083a00000, 0x0000000088e00000, 0x00000000d6900000)
  object space 86016K, 18% used [0x0000000083a00000,0x00000000849ba260,0x0000000088e00000)
 Metaspace       used 14825K, capacity 15288K, committed 15488K, reserved 1062912K
  class space    used 1662K, capacity 1816K, committed 1920K, reserved 1048576K
Event: 115.054 GC heap after
Heap after GC invocations=6 (full 1):
 PSYoungGen      total 70656K, used 5103K [0x00000000d6900000, 0x00000000df300000, 0x0000000100000000)
  eden space 65536K, 0% used [0x00000000d6900000,0x00000000d6900000,0x00000000da900000)
  from space 5120K, 99% used [0x00000000da900000,0x00000000dadfbd78,0x00000000dae00000)
  to   space 5120K, 0% used [0x00000000dee00000,0x00000000dee00000,0x00000000df300000)
 ParOldGen       total 86016K, used 16684K [0x0000000083a00000, 0x0000000088e00000, 0x00000000d6900000)
  object space 86016K, 19% used [0x0000000083a00000,0x0000000084a4b2b0,0x0000000088e00000)
 Metaspace       used 14825K, capacity 15288K, committed 15488K, reserved 1062912K
  class space    used 1662K, capacity 1816K, committed 1920K, reserved 1048576K
}
Event: 115.672 GC heap before
{Heap before GC invocations=7 (full 1):
 PSYoungGen      total 70656K, used 70639K [0x00000000d6900000, 0x00000000df300000, 0x0000000100000000)
  eden space 65536K, 100% used [0x00000000d6900000,0x00000000da900000,0x00000000da900000)
  from space 5120K, 99% used [0x00000000da900000,0x00000000dadfbd78,0x00000000dae00000)
  to   space 5120K, 0% used [0x00000000dee00000,0x00000000dee00000,0x00000000df300000)
 ParOldGen       total 86016K, used 16684K [0x0000000083a00000, 0x0000000088e00000, 0x00000000d6900000)
  object space 86016K, 19% used [0x0000000083a00000,0x0000000084a4b2b0,0x0000000088e00000)
 Metaspace       used 14880K, capacity 15352K, committed 15488K, reserved 1062912K
  class space    used 1663K, capacity 1816K, committed 1920K, reserved 1048576K
Event: 115.718 GC heap after
Heap after GC invocations=7 (full 1):
 PSYoungGen      total 130048K, used 5103K [0x00000000d6900000, 0x00000000dff00000, 0x0000000100000000)
  eden space 124928K, 0% used [0x00000000d6900000,0x00000000d6900000,0x00000000de300000)
  from space 5120K, 99% used [0x00000000dee00000,0x00000000df2fbe98,0x00000000df300000)
  to   space 11264K, 0% used [0x00000000de300000,0x00000000de300000,0x00000000dee00000)
 ParOldGen       total 86016K, used 19169K [0x0000000083a00000, 0x0000000088e00000, 0x00000000d6900000)
  object space 86016K, 22% used [0x0000000083a00000,0x0000000084cb8568,0x0000000088e00000)
 Metaspace       used 14880K, capacity 15352K, committed 15488K, reserved 1062912K
  class space    used 1663K, capacity 1816K, committed 1920K, reserved 1048576K
}
Event: 116.987 GC heap before
{Heap before GC invocations=8 (full 1):
 PSYoungGen      total 130048K, used 130031K [0x00000000d6900000, 0x00000000dff00000, 0x0000000100000000)
  eden space 124928K, 100% used [0x00000000d6900000,0x00000000de300000,0x00000000de300000)
  from space 5120K, 99% used [0x00000000dee00000,0x00000000df2fbe98,0x00000000df300000)
  to   space 11264K, 0% used [0x00000000de300000,0x00000000de300000,0x00000000dee00000)
 ParOldGen       total 86016K, used 19169K [0x0000000083a00000, 0x0000000088e00000, 0x00000000d6900000)
  object space 86016K, 22% used [0x0000000083a00000,0x0000000084cb8568,0x0000000088e00000)
 Metaspace       used 14947K, capacity 15416K, committed 15744K, reserved 1062912K
  class space    used 1663K, capacity 1816K, committed 1920K, reserved 1048576K
Event: 117.089 GC heap after
Heap after GC invocations=8 (full 1):
 PSYoungGen      total 136192K, used 10520K [0x00000000d6900000, 0x00000000e7500000, 0x0000000100000000)
  eden space 124928K, 0% used [0x00000000d6900000,0x00000000d6900000,0x00000000de300000)
  from space 11264K, 93% used [0x00000000de300000,0x00000000ded46030,0x00000000dee00000)
  to   space 12288K, 0% used [0x00000000e6900000,0x00000000e6900000,0x00000000e7500000)
 ParOldGen       total 86016K, used 19169K [0x0000000083a00000, 0x0000000088e00000, 0x00000000d6900000)
  object space 86016K, 22% used [0x0000000083a00000,0x0000000084cb8568,0x0000000088e00000)
 Metaspace       used 14947K, capacity 15416K, committed 15744K, reserved 1062912K
  class space    used 1663K, capacity 1816K, committed 1920K, reserved 1048576K
}
Event: 120.694 GC heap before
{Heap before GC invocations=9 (full 1):
 PSYoungGen      total 136192K, used 134131K [0x00000000d6900000, 0x00000000e7500000, 0x0000000100000000)
  eden space 124928K, 98% used [0x00000000d6900000,0x00000000de1b6d18,0x00000000de300000)
  from space 11264K, 93% used [0x00000000de300000,0x00000000ded46030,0x00000000dee00000)
  to   space 12288K, 0% used [0x00000000e6900000,0x00000000e6900000,0x00000000e7500000)
 ParOldGen       total 86016K, used 19169K [0x0000000083a00000, 0x0000000088e00000, 0x00000000d6900000)
  object space 86016K, 22% used [0x0000000083a00000,0x0000000084cb8568,0x0000000088e00000)
 Metaspace       used 16541K, capacity 17102K, committed 17408K, reserved 1064960K
  class space    used 1809K, capacity 1943K, committed 2048K, reserved 1048576K
Event: 120.938 GC heap after
Heap after GC invocations=9 (full 1):
 PSYoungGen      total 252416K, used 12284K [0x00000000d6900000, 0x00000000e8800000, 0x0000000100000000)
  eden space 240128K, 0% used [0x00000000d6900000,0x00000000d6900000,0x00000000e5380000)
  from space 12288K, 99% used [0x00000000e6900000,0x00000000e74ff1d8,0x00000000e7500000)
  to   space 22016K, 0% used [0x00000000e5380000,0x00000000e5380000,0x00000000e6900000)
 ParOldGen       total 86016K, used 37896K [0x0000000083a00000, 0x0000000088e00000, 0x00000000d6900000)
  object space 86016K, 44% used [0x0000000083a00000,0x0000000085f022e0,0x0000000088e00000)
 Metaspace       used 16541K, capacity 17102K, committed 17408K, reserved 1064960K
  class space    used 1809K, capacity 1943K, committed 2048K, reserved 1048576K
}
Event: 128.734 GC heap before
{Heap before GC invocations=10 (full 1):
 PSYoungGen      total 252416K, used 252412K [0x00000000d6900000, 0x00000000e8800000, 0x0000000100000000)
  eden space 240128K, 100% used [0x00000000d6900000,0x00000000e5380000,0x00000000e5380000)
  from space 12288K, 99% used [0x00000000e6900000,0x00000000e74ff1d8,0x00000000e7500000)
  to   space 22016K, 0% used [0x00000000e5380000,0x00000000e5380000,0x00000000e6900000)
 ParOldGen       total 86016K, used 37896K [0x0000000083a00000, 0x0000000088e00000, 0x00000000d6900000)
  object space 86016K, 44% used [0x0000000083a00000,0x0000000085f022e0,0x0000000088e00000)
 Metaspace       used 17113K, capacity 17596K, committed 17664K, reserved 1064960K
  class space    used 1870K, capacity 2014K, committed 2048K, reserved 1048576K

