# JRE version: Java(TM) SE Runtime Environment (8.0_181-b13) (build 1.8.0_181-b13)
# Java VM: Java HotSpot(TM) 64-Bit Server VM (25.181-b13 mixed mode linux-amd64 compressed oops)
Heap:
 PSYoungGen      total 133632K, used 10208K [0x00000000d6900000, 0x00000000df600000, 0x0000000100000000)
  eden space 123392K, 0% used [0x00000000d6900000,0x00000000d6900000,0x00000000de180000)
  from space 10240K, 99% used [0x00000000de180000,0x00000000deb78110,0x00000000deb80000)
  to   space 9728K, 0% used [0x00000000deb80000,0x00000000deb80000,0x00000000df500000)
 ParOldGen       total 86016K, used 18959K [0x0000000083a00000, 0x0000000088e00000, 0x00000000d6900000)
  object space 86016K, 22% used [0x0000000083a00000,0x0000000084c83d50,0x0000000088e00000)
 Metaspace       used 14575K, capacity 14998K, committed 15104K, reserved 1062912K
  class space    used 1604K, capacity 1717K, committed 1792K, reserved 1048576K
GC Heap History (10 events):
Event: 44.269 GC heap after
Heap after GC invocations=5 (full 1):
 PSYoungGen      total 37888K, used 5116K [0x00000000d6900000, 0x00000000d9300000, 0x0000000100000000)
  eden space 32768K, 0% used [0x00000000d6900000,0x00000000d6900000,0x00000000d8900000)
  from space 5120K, 99% used [0x00000000d8e00000,0x00000000d92ff3d8,0x00000000d9300000)
  to   space 5120K, 0% used [0x00000000d8900000,0x00000000d8900000,0x00000000d8e00000)
 ParOldGen       total 86016K, used 7788K [0x0000000083a00000, 0x0000000088e00000, 0x00000000d6900000)
  object space 86016K, 9% used [0x0000000083a00000,0x000000008419b3e0,0x0000000088e00000)
 Metaspace       used 13691K, capacity 13996K, committed 14208K, reserved 1062912K
  class space    used 1569K, capacity 1662K, committed 1664K, reserved 1048576K
}
Event: 44.801 GC heap before
{Heap before GC invocations=6 (full 1):
 PSYoungGen      total 37888K, used 37884K [0x00000000d6900000, 0x00000000d9300000, 0x0000000100000000)
  eden space 32768K, 100% used [0x00000000d6900000,0x00000000d8900000,0x00000000d8900000)
  from space 5120K, 99% used [0x00000000d8e00000,0x00000000d92ff3d8,0x00000000d9300000)
  to   space 5120K, 0% used [0x00000000d8900000,0x00000000d8900000,0x00000000d8e00000)
 ParOldGen       total 86016K, used 7788K [0x0000000083a00000, 0x0000000088e00000, 0x00000000d6900000)
  object space 86016K, 9% used [0x0000000083a00000,0x000000008419b3e0,0x0000000088e00000)
 Metaspace       used 13742K, capacity 14060K, committed 14208K, reserved 1062912K
  class space    used 1569K, capacity 1662K, committed 1664K, reserved 1048576K
Event: 44.845 GC heap after
Heap after GC invocations=6 (full 1):
 PSYoungGen      total 37888K, used 5120K [0x00000000d6900000, 0x00000000db300000, 0x0000000100000000)
  eden space 32768K, 0% used [0x00000000d6900000,0x00000000d6900000,0x00000000d8900000)
  from space 5120K, 100% used [0x00000000d8900000,0x00000000d8e00000,0x00000000d8e00000)
  to   space 5120K, 0% used [0x00000000dae00000,0x00000000dae00000,0x00000000db300000)
 ParOldGen       total 86016K, used 9698K [0x0000000083a00000, 0x0000000088e00000, 0x00000000d6900000)
  object space 86016K, 11% used [0x0000000083a00000,0x0000000084378928,0x0000000088e00000)
 Metaspace       used 13742K, capacity 14060K, committed 14208K, reserved 1062912K
  class space    used 1569K, capacity 1662K, committed 1664K, reserved 1048576K
}
Event: 45.273 GC heap before
{Heap before GC invocations=7 (full 1):
 PSYoungGen      total 37888K, used 37888K [0x00000000d6900000, 0x00000000db300000, 0x0000000100000000)
  eden space 32768K, 100% used [0x00000000d6900000,0x00000000d8900000,0x00000000d8900000)
  from space 5120K, 100% used [0x00000000d8900000,0x00000000d8e00000,0x00000000d8e00000)
  to   space 5120K, 0% used [0x00000000dae00000,0x00000000dae00000,0x00000000db300000)
 ParOldGen       total 86016K, used 9698K [0x0000000083a00000, 0x0000000088e00000, 0x00000000d6900000)
  object space 86016K, 11% used [0x0000000083a00000,0x0000000084378928,0x0000000088e00000)
 Metaspace       used 13743K, capacity 14060K, committed 14208K, reserved 1062912K
  class space    used 1569K, capacity 1662K, committed 1664K, reserved 1048576K
Event: 45.322 GC heap after
Heap after GC invocations=7 (full 1):
 PSYoungGen      total 67072K, used 5120K [0x00000000d6900000, 0x00000000dba00000, 0x0000000100000000)
  eden space 61952K, 0% used [0x00000000d6900000,0x00000000d6900000,0x00000000da580000)
  from space 5120K, 100% used [0x00000000dae00000,0x00000000db300000,0x00000000db300000)
  to   space 8704K, 0% used [0x00000000da580000,0x00000000da580000,0x00000000dae00000)
 ParOldGen       total 86016K, used 11055K [0x0000000083a00000, 0x0000000088e00000, 0x00000000d6900000)
  object space 86016K, 12% used [0x0000000083a00000,0x00000000844cbd48,0x0000000088e00000)
 Metaspace       used 13743K, capacity 14060K, committed 14208K, reserved 1062912K
  class space    used 1569K, capacity 1662K, committed 1664K, reserved 1048576K
}
Event: 46.275 GC heap before
{Heap before GC invocations=8 (full 1):
 PSYoungGen      total 67072K, used 67072K [0x00000000d6900000, 0x00000000dba00000, 0x0000000100000000)
  eden space 61952K, 100% used [0x00000000d6900000,0x00000000da580000,0x00000000da580000)
  from space 5120K, 100% used [0x00000000dae00000,0x00000000db300000,0x00000000db300000)
  to   space 8704K, 0% used [0x00000000da580000,0x00000000da580000,0x00000000dae00000)
 ParOldGen       total 86016K, used 11055K [0x0000000083a00000, 0x0000000088e00000, 0x00000000d6900000)
  object space 86016K, 12% used [0x0000000083a00000,0x00000000844cbd48,0x0000000088e00000)
 Metaspace       used 13784K, capacity 14124K, committed 14208K, reserved 1062912K
  class space    used 1569K, capacity 1662K, committed 1664K, reserved 1048576K
Event: 46.360 GC heap after
Heap after GC invocations=8 (full 1):
 PSYoungGen      total 70656K, used 8480K [0x00000000d6900000, 0x00000000df500000, 0x0000000100000000)
  eden space 61952K, 0% used [0x00000000d6900000,0x00000000d6900000,0x00000000da580000)
  from space 8704K, 97% used [0x00000000da580000,0x00000000dadc8010,0x00000000dae00000)
  to   space 9728K, 0% used [0x00000000deb80000,0x00000000deb80000,0x00000000df500000)
 ParOldGen       total 86016K, used 11055K [0x0000000083a00000, 0x0000000088e00000, 0x00000000d6900000)
  object space 86016K, 12% used [0x0000000083a00000,0x00000000844cbd48,0x0000000088e00000)
 Metaspace       used 13784K, capacity 14124K, committed 14208K, reserved 1062912K
  class space    used 1569K, capacity 1662K, committed 1664K, reserved 1048576K
}
Event: 47.051 GC heap before
{Heap before GC invocations=9 (full 1):
 PSYoungGen      total 70656K, used 70432K [0x00000000d6900000, 0x00000000df500000, 0x0000000100000000)
  eden space 61952K, 100% used [0x00000000d6900000,0x00000000da580000,0x00000000da580000)
  from space 8704K, 97% used [0x00000000da580000,0x00000000dadc8010,0x00000000dae00000)
  to   space 9728K, 0% used [0x00000000deb80000,0x00000000deb80000,0x00000000df500000)
 ParOldGen       total 86016K, used 11055K [0x0000000083a00000, 0x0000000088e00000, 0x00000000d6900000)
  object space 86016K, 12% used [0x0000000083a00000,0x00000000844cbd48,0x0000000088e00000)
 Metaspace       used 13807K, capacity 14124K, committed 14208K, reserved 1062912K
  class space    used 1569K, capacity 1662K, committed 1664K, reserved 1048576K
Event: 47.151 GC heap after
Heap after GC invocations=9 (full 1):
 PSYoungGen      total 133120K, used 8688K [0x00000000d6900000, 0x00000000df600000, 0x0000000100000000)
  eden space 123392K, 0% used [0x00000000d6900000,0x00000000d6900000,0x00000000de180000)
  from space 9728K, 89% used [0x00000000deb80000,0x00000000df3fc020,0x00000000df500000)
  to   space 10240K, 0% used [0x00000000de180000,0x00000000de180000,0x00000000deb80000)
 ParOldGen       total 86016K, used 12767K [0x0000000083a00000, 0x0000000088e00000, 0x00000000d6900000)
  object space 86016K, 14% used [0x0000000083a00000,0x0000000084677d68,0x0000000088e00000)
 Metaspace       used 13807K, capacity 14124K, committed 14208K, reserved 1062912K
  class space    used 1569K, capacity 1662K, committed 1664K, reserved 1048576K
}
Event: 49.541 GC heap before
{Heap before GC invocations=10 (full 1):
 PSYoungGen      total 133120K, used 132080K [0x00000000d6900000, 0x00000000df600000, 0x0000000100000000)
  eden space 123392K, 100% used [0x00000000d6900000,0x00000000de180000,0x00000000de180000)
  from space 9728K, 89% used [0x00000000deb80000,0x00000000df3fc020,0x00000000df500000)
  to   space 10240K, 0% used [0x00000000de180000,0x00000000de180000,0x00000000deb80000)
 ParOldGen       total 86016K, used 12767K [0x0000000083a00000, 0x0000000088e00000, 0x00000000d6900000)
  object space 86016K, 14% used [0x0000000083a00000,0x0000000084677d68,0x0000000088e00000)
 Metaspace       used 14575K, capacity 14998K, committed 15104K, reserved 1062912K
  class space    used 1604K, capacity 1717K, committed 1792K, reserved 1048576K

