# JRE version: Java(TM) SE Runtime Environment (8.0_181-b13) (build 1.8.0_181-b13)
# Java VM: Java HotSpot(TM) 64-Bit Server VM (25.181-b13 mixed mode linux-amd64 compressed oops)
Heap:
 PSYoungGen      total 133120K, used 19455K [0x00000000d6900000, 0x00000000dfb00000, 0x0000000100000000)
  eden space 125952K, 9% used [0x00000000d6900000,0x00000000d7503e38,0x00000000de400000)
  from space 7168K, 99% used [0x00000000dee00000,0x00000000df4fc0b0,0x00000000df500000)
  to   space 10240K, 0% used [0x00000000de400000,0x00000000de400000,0x00000000dee00000)
 ParOldGen       total 86016K, used 12836K [0x0000000083a00000, 0x0000000088e00000, 0x00000000d6900000)
  object space 86016K, 14% used [0x0000000083a00000,0x0000000084689360,0x0000000088e00000)
 Metaspace       used 16887K, capacity 17288K, committed 17408K, reserved 1064960K
  class space    used 1875K, capacity 1992K, committed 2048K, reserved 1048576K
GC Heap History (10 events):
Event: 114.725 GC heap before
{Heap before GC invocations=5 (full 1):
 PSYoungGen      total 37888K, used 37613K [0x00000000d6900000, 0x00000000d9300000, 0x0000000100000000)
  eden space 32768K, 100% used [0x00000000d6900000,0x00000000d8900000,0x00000000d8900000)
  from space 5120K, 94% used [0x00000000d8900000,0x00000000d8dbb6e8,0x00000000d8e00000)
  to   space 5120K, 0% used [0x00000000d8e00000,0x00000000d8e00000,0x00000000d9300000)
 ParOldGen       total 86016K, used 4505K [0x0000000083a00000, 0x0000000088e00000, 0x00000000d6900000)
  object space 86016K, 5% used [0x0000000083a00000,0x0000000083e66578,0x0000000088e00000)
 Metaspace       used 14001K, capacity 14364K, committed 14592K, reserved 1062912K
  class space    used 1597K, capacity 1705K, committed 1792K, reserved 1048576K
Event: 114.738 GC heap after
Heap after GC invocations=5 (full 1):
 PSYoungGen      total 37888K, used 5093K [0x00000000d6900000, 0x00000000d9300000, 0x0000000100000000)
  eden space 32768K, 0% used [0x00000000d6900000,0x00000000d6900000,0x00000000d8900000)
  from space 5120K, 99% used [0x00000000d8e00000,0x00000000d92f9610,0x00000000d9300000)
  to   space 5120K, 0% used [0x00000000d8900000,0x00000000d8900000,0x00000000d8e00000)
 ParOldGen       total 86016K, used 5113K [0x0000000083a00000, 0x0000000088e00000, 0x00000000d6900000)
  object space 86016K, 5% used [0x0000000083a00000,0x0000000083efe608,0x0000000088e00000)
 Metaspace       used 14001K, capacity 14364K, committed 14592K, reserved 1062912K
  class space    used 1597K, capacity 1705K, committed 1792K, reserved 1048576K
}
Event: 115.027 GC heap before
{Heap before GC invocations=6 (full 1):
 PSYoungGen      total 37888K, used 37861K [0x00000000d6900000, 0x00000000d9300000, 0x0000000100000000)
  eden space 32768K, 100% used [0x00000000d6900000,0x00000000d8900000,0x00000000d8900000)
  from space 5120K, 99% used [0x00000000d8e00000,0x00000000d92f9610,0x00000000d9300000)
  to   space 5120K, 0% used [0x00000000d8900000,0x00000000d8900000,0x00000000d8e00000)
 ParOldGen       total 86016K, used 5113K [0x0000000083a00000, 0x0000000088e00000, 0x00000000d6900000)
  object space 86016K, 5% used [0x0000000083a00000,0x0000000083efe608,0x0000000088e00000)
 Metaspace       used 14012K, capacity 14364K, committed 14592K, reserved 1062912K
  class space    used 1597K, capacity 1705K, committed 1792K, reserved 1048576K
Event: 115.038 GC heap after
Heap after GC invocations=6 (full 1):
 PSYoungGen      total 37888K, used 5114K [0x00000000d6900000, 0x00000000db300000, 0x0000000100000000)
  eden space 32768K, 0% used [0x00000000d6900000,0x00000000d6900000,0x00000000d8900000)
  from space 5120K, 99% used [0x00000000d8900000,0x00000000d8dfe9d8,0x00000000d8e00000)
  to   space 5120K, 0% used [0x00000000dae00000,0x00000000dae00000,0x00000000db300000)
 ParOldGen       total 86016K, used 5217K [0x0000000083a00000, 0x0000000088e00000, 0x00000000d6900000)
  object space 86016K, 6% used [0x0000000083a00000,0x0000000083f18608,0x0000000088e00000)
 Metaspace       used 14012K, capacity 14364K, committed 14592K, reserved 1062912K
  class space    used 1597K, capacity 1705K, committed 1792K, reserved 1048576K
}
Event: 115.404 GC heap before
{Heap before GC invocations=7 (full 1):
 PSYoungGen      total 37888K, used 37882K [0x00000000d6900000, 0x00000000db300000, 0x0000000100000000)
  eden space 32768K, 100% used [0x00000000d6900000,0x00000000d8900000,0x00000000d8900000)
  from space 5120K, 99% used [0x00000000d8900000,0x00000000d8dfe9d8,0x00000000d8e00000)
  to   space 5120K, 0% used [0x00000000dae00000,0x00000000dae00000,0x00000000db300000)
 ParOldGen       total 86016K, used 5217K [0x0000000083a00000, 0x0000000088e00000, 0x00000000d6900000)
  object space 86016K, 6% used [0x0000000083a00000,0x0000000083f18608,0x0000000088e00000)
 Metaspace       used 14045K, capacity 14428K, committed 14592K, reserved 1062912K
  class space    used 1597K, capacity 1705K, committed 1792K, reserved 1048576K
Event: 115.416 GC heap after
Heap after GC invocations=7 (full 1):
 PSYoungGen      total 69632K, used 5098K [0x00000000d6900000, 0x00000000db500000, 0x0000000100000000)
  eden space 64512K, 0% used [0x00000000d6900000,0x00000000d6900000,0x00000000da800000)
  from space 5120K, 99% used [0x00000000dae00000,0x00000000db2fa968,0x00000000db300000)
  to   space 6144K, 0% used [0x00000000da800000,0x00000000da800000,0x00000000dae00000)
 ParOldGen       total 86016K, used 5575K [0x0000000083a00000, 0x0000000088e00000, 0x00000000d6900000)
  object space 86016K, 6% used [0x0000000083a00000,0x0000000083f71e38,0x0000000088e00000)
 Metaspace       used 14045K, capacity 14428K, committed 14592K, reserved 1062912K
  class space    used 1597K, capacity 1705K, committed 1792K, reserved 1048576K
}
Event: 116.367 GC heap before
{Heap before GC invocations=8 (full 1):
 PSYoungGen      total 69632K, used 69610K [0x00000000d6900000, 0x00000000db500000, 0x0000000100000000)
  eden space 64512K, 100% used [0x00000000d6900000,0x00000000da800000,0x00000000da800000)
  from space 5120K, 99% used [0x00000000dae00000,0x00000000db2fa968,0x00000000db300000)
  to   space 6144K, 0% used [0x00000000da800000,0x00000000da800000,0x00000000dae00000)
 ParOldGen       total 86016K, used 5575K [0x0000000083a00000, 0x0000000088e00000, 0x00000000d6900000)
  object space 86016K, 6% used [0x0000000083a00000,0x0000000083f71e38,0x0000000088e00000)
 Metaspace       used 14091K, capacity 14428K, committed 14592K, reserved 1062912K
  class space    used 1597K, capacity 1705K, committed 1792K, reserved 1048576K
Event: 116.396 GC heap after
Heap after GC invocations=8 (full 1):
 PSYoungGen      total 70656K, used 6114K [0x00000000d6900000, 0x00000000df500000, 0x0000000100000000)
  eden space 64512K, 0% used [0x00000000d6900000,0x00000000d6900000,0x00000000da800000)
  from space 6144K, 99% used [0x00000000da800000,0x00000000dadf8a40,0x00000000dae00000)
  to   space 7168K, 0% used [0x00000000dee00000,0x00000000dee00000,0x00000000df500000)
 ParOldGen       total 86016K, used 6763K [0x0000000083a00000, 0x0000000088e00000, 0x00000000d6900000)
  object space 86016K, 7% used [0x0000000083a00000,0x000000008409ae40,0x0000000088e00000)
 Metaspace       used 14091K, capacity 14428K, committed 14592K, reserved 1062912K
  class space    used 1597K, capacity 1705K, committed 1792K, reserved 1048576K
}
Event: 120.578 GC heap before
{Heap before GC invocations=9 (full 1):
 PSYoungGen      total 70656K, used 70626K [0x00000000d6900000, 0x00000000df500000, 0x0000000100000000)
  eden space 64512K, 100% used [0x00000000d6900000,0x00000000da800000,0x00000000da800000)
  from space 6144K, 99% used [0x00000000da800000,0x00000000dadf8a40,0x00000000dae00000)
  to   space 7168K, 0% used [0x00000000dee00000,0x00000000dee00000,0x00000000df500000)
 ParOldGen       total 86016K, used 6763K [0x0000000083a00000, 0x0000000088e00000, 0x00000000d6900000)
  object space 86016K, 7% used [0x0000000083a00000,0x000000008409ae40,0x0000000088e00000)
 Metaspace       used 16747K, capacity 17192K, committed 17408K, reserved 1064960K
  class space    used 1857K, capacity 1960K, committed 2048K, reserved 1048576K
Event: 120.727 GC heap after
Heap after GC invocations=9 (full 1):
 PSYoungGen      total 133120K, used 7152K [0x00000000d6900000, 0x00000000dfb00000, 0x0000000100000000)
  eden space 125952K, 0% used [0x00000000d6900000,0x00000000d6900000,0x00000000de400000)
  from space 7168K, 99% used [0x00000000dee00000,0x00000000df4fc0b0,0x00000000df500000)
  to   space 10240K, 0% used [0x00000000de400000,0x00000000de400000,0x00000000dee00000)
 ParOldGen       total 86016K, used 12836K [0x0000000083a00000, 0x0000000088e00000, 0x00000000d6900000)
  object space 86016K, 14% used [0x0000000083a00000,0x0000000084689360,0x0000000088e00000)
 Metaspace       used 16747K, capacity 17192K, committed 17408K, reserved 1064960K
  class space    used 1857K, capacity 1960K, committed 2048K, reserved 1048576K
}

