# JRE version: Java(TM) SE Runtime Environment (8.0_181-b13) (build 1.8.0_181-b13)
# Java VM: Java HotSpot(TM) 64-Bit Server VM (25.181-b13 mixed mode linux-amd64 compressed oops)
Heap:
 PSYoungGen      total 603648K, used 45155K [0x00000000d6900000, 0x0000000100000000, 0x0000000100000000)
  eden space 565248K, 6% used [0x00000000d6900000,0x00000000d8af8cd8,0x00000000f9100000)
  from space 38400K, 27% used [0x00000000fda80000,0x00000000fe4a01a0,0x0000000100000000)
  to   space 56832K, 0% used [0x00000000f9100000,0x00000000f9100000,0x00000000fc880000)
 ParOldGen       total 292864K, used 183214K [0x0000000083a00000, 0x0000000095800000, 0x00000000d6900000)
  object space 292864K, 62% used [0x0000000083a00000,0x000000008eceb880,0x0000000095800000)
 Metaspace       used 43717K, capacity 44764K, committed 45056K, reserved 1089536K
  class space    used 5492K, capacity 5764K, committed 5888K, reserved 1048576K
GC Heap History (10 events):
Event: 72.920 GC heap before
{Heap before GC invocations=20 (full 3):
 PSYoungGen      total 641536K, used 18937K [0x00000000d6900000, 0x0000000100000000, 0x0000000100000000)
  eden space 622592K, 0% used [0x00000000d6900000,0x00000000d6900000,0x00000000fc900000)
  from space 18944K, 99% used [0x00000000fc900000,0x00000000fdb7e638,0x00000000fdb80000)
  to   space 33280K, 0% used [0x00000000fdf80000,0x00000000fdf80000,0x0000000100000000)
 ParOldGen       total 96256K, used 96010K [0x0000000083a00000, 0x0000000089800000, 0x00000000d6900000)
  object space 96256K, 99% used [0x0000000083a00000,0x00000000897c2a10,0x0000000089800000)
 Metaspace       used 34559K, capacity 34946K, committed 35200K, reserved 1079296K
  class space    used 4291K, capacity 4399K, committed 4480K, reserved 1048576K
Event: 77.165 GC heap after
Heap after GC invocations=20 (full 3):
 PSYoungGen      total 641536K, used 17891K [0x00000000d6900000, 0x0000000100000000, 0x0000000100000000)
  eden space 622592K, 0% used [0x00000000d6900000,0x00000000d6900000,0x00000000fc900000)
  from space 18944K, 94% used [0x00000000fc900000,0x00000000fda78fa0,0x00000000fdb80000)
  to   space 33280K, 0% used [0x00000000fdf80000,0x00000000fdf80000,0x0000000100000000)
 ParOldGen       total 177152K, used 96194K [0x0000000083a00000, 0x000000008e700000, 0x00000000d6900000)
  object space 177152K, 54% used [0x0000000083a00000,0x00000000897f0a30,0x000000008e700000)
 Metaspace       used 34559K, capacity 34946K, committed 35200K, reserved 1079296K
  class space    used 4291K, capacity 4399K, committed 4480K, reserved 1048576K
}
Event: 86.274 GC heap before
{Heap before GC invocations=21 (full 3):
 PSYoungGen      total 641536K, used 640483K [0x00000000d6900000, 0x0000000100000000, 0x0000000100000000)
  eden space 622592K, 100% used [0x00000000d6900000,0x00000000fc900000,0x00000000fc900000)
  from space 18944K, 94% used [0x00000000fc900000,0x00000000fda78fa0,0x00000000fdb80000)
  to   space 33280K, 0% used [0x00000000fdf80000,0x00000000fdf80000,0x0000000100000000)
 ParOldGen       total 177152K, used 96194K [0x0000000083a00000, 0x000000008e700000, 0x00000000d6900000)
  object space 177152K, 54% used [0x0000000083a00000,0x00000000897f0a30,0x000000008e700000)
 Metaspace       used 34591K, capacity 34950K, committed 35200K, reserved 1079296K
  class space    used 4294K, capacity 4399K, committed 4480K, reserved 1048576K
Event: 86.957 GC heap after
Heap after GC invocations=21 (full 3):
 PSYoungGen      total 635392K, used 33080K [0x00000000d6900000, 0x0000000100000000, 0x0000000100000000)
  eden space 602112K, 0% used [0x00000000d6900000,0x00000000d6900000,0x00000000fb500000)
  from space 33280K, 99% used [0x00000000fdf80000,0x00000000fffce258,0x0000000100000000)
  to   space 38400K, 0% used [0x00000000fb500000,0x00000000fb500000,0x00000000fda80000)
 ParOldGen       total 177152K, used 114100K [0x0000000083a00000, 0x000000008e700000, 0x00000000d6900000)
  object space 177152K, 64% used [0x0000000083a00000,0x000000008a96d210,0x000000008e700000)
 Metaspace       used 34591K, capacity 34950K, committed 35200K, reserved 1079296K
  class space    used 4294K, capacity 4399K, committed 4480K, reserved 1048576K
}
Event: 111.192 GC heap before
{Heap before GC invocations=22 (full 3):
 PSYoungGen      total 635392K, used 635192K [0x00000000d6900000, 0x0000000100000000, 0x0000000100000000)
  eden space 602112K, 100% used [0x00000000d6900000,0x00000000fb500000,0x00000000fb500000)
  from space 33280K, 99% used [0x00000000fdf80000,0x00000000fffce258,0x0000000100000000)
  to   space 38400K, 0% used [0x00000000fb500000,0x00000000fb500000,0x00000000fda80000)
 ParOldGen       total 177152K, used 114100K [0x0000000083a00000, 0x000000008e700000, 0x00000000d6900000)
  object space 177152K, 64% used [0x0000000083a00000,0x000000008a96d210,0x000000008e700000)
 Metaspace       used 40870K, capacity 41622K, committed 41856K, reserved 1085440K
  class space    used 5236K, capacity 5425K, committed 5504K, reserved 1048576K
Event: 112.683 GC heap after
Heap after GC invocations=22 (full 3):
 PSYoungGen      total 640512K, used 38372K [0x00000000d6900000, 0x0000000100000000, 0x0000000100000000)
  eden space 602112K, 0% used [0x00000000d6900000,0x00000000d6900000,0x00000000fb500000)
  from space 38400K, 99% used [0x00000000fb500000,0x00000000fda790e8,0x00000000fda80000)
  to   space 38400K, 0% used [0x00000000fda80000,0x00000000fda80000,0x0000000100000000)
 ParOldGen       total 177152K, used 152169K [0x0000000083a00000, 0x000000008e700000, 0x00000000d6900000)
  object space 177152K, 85% used [0x0000000083a00000,0x000000008ce9a780,0x000000008e700000)
 Metaspace       used 40870K, capacity 41622K, committed 41856K, reserved 1085440K
  class space    used 5236K, capacity 5425K, committed 5504K, reserved 1048576K
}
Event: 112.683 GC heap before
{Heap before GC invocations=23 (full 4):
 PSYoungGen      total 640512K, used 38372K [0x00000000d6900000, 0x0000000100000000, 0x0000000100000000)
  eden space 602112K, 0% used [0x00000000d6900000,0x00000000d6900000,0x00000000fb500000)
  from space 38400K, 99% used [0x00000000fb500000,0x00000000fda790e8,0x00000000fda80000)
  to   space 38400K, 0% used [0x00000000fda80000,0x00000000fda80000,0x0000000100000000)
 ParOldGen       total 177152K, used 152169K [0x0000000083a00000, 0x000000008e700000, 0x00000000d6900000)
  object space 177152K, 85% used [0x0000000083a00000,0x000000008ce9a780,0x000000008e700000)
 Metaspace       used 40870K, capacity 41622K, committed 41856K, reserved 1085440K
  class space    used 5236K, capacity 5425K, committed 5504K, reserved 1048576K
Event: 122.811 GC heap after
Heap after GC invocations=23 (full 4):
 PSYoungGen      total 640512K, used 13267K [0x00000000d6900000, 0x0000000100000000, 0x0000000100000000)
  eden space 602112K, 0% used [0x00000000d6900000,0x00000000d6900000,0x00000000fb500000)
  from space 38400K, 34% used [0x00000000fb500000,0x00000000fc1f4dd8,0x00000000fda80000)
  to   space 38400K, 0% used [0x00000000fda80000,0x00000000fda80000,0x0000000100000000)
 ParOldGen       total 292864K, used 176717K [0x0000000083a00000, 0x0000000095800000, 0x00000000d6900000)
  object space 292864K, 60% used [0x0000000083a00000,0x000000008e693588,0x0000000095800000)
 Metaspace       used 40870K, capacity 41622K, committed 41856K, reserved 1085440K
  class space    used 5236K, capacity 5425K, committed 5504K, reserved 1048576K
}
Event: 157.983 GC heap before
{Heap before GC invocations=24 (full 4):
 PSYoungGen      total 640512K, used 615379K [0x00000000d6900000, 0x0000000100000000, 0x0000000100000000)
  eden space 602112K, 100% used [0x00000000d6900000,0x00000000fb500000,0x00000000fb500000)
  from space 38400K, 34% used [0x00000000fb500000,0x00000000fc1f4dd8,0x00000000fda80000)
  to   space 38400K, 0% used [0x00000000fda80000,0x00000000fda80000,0x0000000100000000)
 ParOldGen       total 292864K, used 176717K [0x0000000083a00000, 0x0000000095800000, 0x00000000d6900000)
  object space 292864K, 60% used [0x0000000083a00000,0x000000008e693588,0x0000000095800000)
 Metaspace       used 43641K, capacity 44688K, committed 45056K, reserved 1089536K
  class space    used 5491K, capacity 5762K, committed 5888K, reserved 1048576K
Event: 158.353 GC heap after
Heap after GC invocations=24 (full 4):
 PSYoungGen      total 603648K, used 10368K [0x00000000d6900000, 0x0000000100000000, 0x0000000100000000)
  eden space 565248K, 0% used [0x00000000d6900000,0x00000000d6900000,0x00000000f9100000)
  from space 38400K, 27% used [0x00000000fda80000,0x00000000fe4a01a0,0x0000000100000000)
  to   space 56832K, 0% used [0x00000000f9100000,0x00000000f9100000,0x00000000fc880000)
 ParOldGen       total 292864K, used 183214K [0x0000000083a00000, 0x0000000095800000, 0x00000000d6900000)
  object space 292864K, 62% used [0x0000000083a00000,0x000000008eceb880,0x0000000095800000)
 Metaspace       used 43641K, capacity 44688K, committed 45056K, reserved 1089536K
  class space    used 5491K, capacity 5762K, committed 5888K, reserved 1048576K
}

