# JRE version: Java(TM) SE Runtime Environment (8.0_181-b13) (build 1.8.0_181-b13)
# Java VM: Java HotSpot(TM) 64-Bit Server VM (25.181-b13 mixed mode linux-amd64 compressed oops)
Heap:
 PSYoungGen      total 136192K, used 10233K [0x00000000d6900000, 0x00000000dfb00000, 0x0000000100000000)
  eden space 125952K, 0% used [0x00000000d6900000,0x00000000d6900000,0x00000000de400000)
  from space 10240K, 99% used [0x00000000de400000,0x00000000dedfe5b8,0x00000000dee00000)
  to   space 7168K, 0% used [0x00000000dee00000,0x00000000dee00000,0x00000000df500000)
 ParOldGen       total 86016K, used 36439K [0x0000000083a00000, 0x0000000088e00000, 0x00000000d6900000)
  object space 86016K, 42% used [0x0000000083a00000,0x0000000085d95dd0,0x0000000088e00000)
 Metaspace       used 18977K, capacity 19484K, committed 19712K, reserved 1067008K
  class space    used 2122K, capacity 2286K, committed 2304K, reserved 1048576K
GC Heap History (10 events):
Event: 109.872 GC heap after
Heap after GC invocations=5 (full 1):
 PSYoungGen      total 37888K, used 5119K [0x00000000d6900000, 0x00000000db300000, 0x0000000100000000)
  eden space 32768K, 0% used [0x00000000d6900000,0x00000000d6900000,0x00000000d8900000)
  from space 5120K, 99% used [0x00000000d8e00000,0x00000000d92fff00,0x00000000d9300000)
  to   space 5120K, 0% used [0x00000000d8900000,0x00000000d8900000,0x00000000d8e00000)
 ParOldGen       total 86016K, used 4326K [0x0000000083a00000, 0x0000000088e00000, 0x00000000d6900000)
  object space 86016K, 5% used [0x0000000083a00000,0x0000000083e39b18,0x0000000088e00000)
 Metaspace       used 13768K, capacity 14222K, committed 14336K, reserved 1062912K
  class space    used 1578K, capacity 1700K, committed 1792K, reserved 1048576K
}
Event: 110.370 GC heap before
{Heap before GC invocations=6 (full 1):
 PSYoungGen      total 37888K, used 37887K [0x00000000d6900000, 0x00000000db300000, 0x0000000100000000)
  eden space 32768K, 100% used [0x00000000d6900000,0x00000000d8900000,0x00000000d8900000)
  from space 5120K, 99% used [0x00000000d8e00000,0x00000000d92fff00,0x00000000d9300000)
  to   space 5120K, 0% used [0x00000000d8900000,0x00000000d8900000,0x00000000d8e00000)
 ParOldGen       total 86016K, used 4326K [0x0000000083a00000, 0x0000000088e00000, 0x00000000d6900000)
  object space 86016K, 5% used [0x0000000083a00000,0x0000000083e39b18,0x0000000088e00000)
 Metaspace       used 13794K, capacity 14222K, committed 14336K, reserved 1062912K
  class space    used 1578K, capacity 1700K, committed 1792K, reserved 1048576K
Event: 110.378 GC heap after
Heap after GC invocations=6 (full 1):
 PSYoungGen      total 37888K, used 5103K [0x00000000d6900000, 0x00000000db300000, 0x0000000100000000)
  eden space 32768K, 0% used [0x00000000d6900000,0x00000000d6900000,0x00000000d8900000)
  from space 5120K, 99% used [0x00000000d8900000,0x00000000d8dfbef0,0x00000000d8e00000)
  to   space 5120K, 0% used [0x00000000dae00000,0x00000000dae00000,0x00000000db300000)
 ParOldGen       total 86016K, used 4662K [0x0000000083a00000, 0x0000000088e00000, 0x00000000d6900000)
  object space 86016K, 5% used [0x0000000083a00000,0x0000000083e8db18,0x0000000088e00000)
 Metaspace       used 13794K, capacity 14222K, committed 14336K, reserved 1062912K
  class space    used 1578K, capacity 1700K, committed 1792K, reserved 1048576K
}
Event: 110.747 GC heap before
{Heap before GC invocations=7 (full 1):
 PSYoungGen      total 37888K, used 37871K [0x00000000d6900000, 0x00000000db300000, 0x0000000100000000)
  eden space 32768K, 100% used [0x00000000d6900000,0x00000000d8900000,0x00000000d8900000)
  from space 5120K, 99% used [0x00000000d8900000,0x00000000d8dfbef0,0x00000000d8e00000)
  to   space 5120K, 0% used [0x00000000dae00000,0x00000000dae00000,0x00000000db300000)
 ParOldGen       total 86016K, used 4662K [0x0000000083a00000, 0x0000000088e00000, 0x00000000d6900000)
  object space 86016K, 5% used [0x0000000083a00000,0x0000000083e8db18,0x0000000088e00000)
 Metaspace       used 13824K, capacity 14222K, committed 14336K, reserved 1062912K
  class space    used 1578K, capacity 1700K, committed 1792K, reserved 1048576K
Event: 110.758 GC heap after
Heap after GC invocations=7 (full 1):
 PSYoungGen      total 69632K, used 5091K [0x00000000d6900000, 0x00000000db500000, 0x0000000100000000)
  eden space 64512K, 0% used [0x00000000d6900000,0x00000000d6900000,0x00000000da800000)
  from space 5120K, 99% used [0x00000000dae00000,0x00000000db2f8fe0,0x00000000db300000)
  to   space 6144K, 0% used [0x00000000da800000,0x00000000da800000,0x00000000dae00000)
 ParOldGen       total 86016K, used 4850K [0x0000000083a00000, 0x0000000088e00000, 0x00000000d6900000)
  object space 86016K, 5% used [0x0000000083a00000,0x0000000083ebca78,0x0000000088e00000)
 Metaspace       used 13824K, capacity 14222K, committed 14336K, reserved 1062912K
  class space    used 1578K, capacity 1700K, committed 1792K, reserved 1048576K
}
Event: 112.061 GC heap before
{Heap before GC invocations=8 (full 1):
 PSYoungGen      total 69632K, used 69603K [0x00000000d6900000, 0x00000000db500000, 0x0000000100000000)
  eden space 64512K, 100% used [0x00000000d6900000,0x00000000da800000,0x00000000da800000)
  from space 5120K, 99% used [0x00000000dae00000,0x00000000db2f8fe0,0x00000000db300000)
  to   space 6144K, 0% used [0x00000000da800000,0x00000000da800000,0x00000000dae00000)
 ParOldGen       total 86016K, used 4850K [0x0000000083a00000, 0x0000000088e00000, 0x00000000d6900000)
  object space 86016K, 5% used [0x0000000083a00000,0x0000000083ebca78,0x0000000088e00000)
 Metaspace       used 13910K, capacity 14286K, committed 14592K, reserved 1062912K
  class space    used 1578K, capacity 1700K, committed 1792K, reserved 1048576K
Event: 112.111 GC heap after
Heap after GC invocations=8 (full 1):
 PSYoungGen      total 70656K, used 6143K [0x00000000d6900000, 0x00000000df500000, 0x0000000100000000)
  eden space 64512K, 0% used [0x00000000d6900000,0x00000000d6900000,0x00000000da800000)
  from space 6144K, 99% used [0x00000000da800000,0x00000000dadffd58,0x00000000dae00000)
  to   space 7168K, 0% used [0x00000000dee00000,0x00000000dee00000,0x00000000df500000)
 ParOldGen       total 86016K, used 6183K [0x0000000083a00000, 0x0000000088e00000, 0x00000000d6900000)
  object space 86016K, 7% used [0x0000000083a00000,0x0000000084009c48,0x0000000088e00000)
 Metaspace       used 13910K, capacity 14286K, committed 14592K, reserved 1062912K
  class space    used 1578K, capacity 1700K, committed 1792K, reserved 1048576K
}
Event: 116.562 GC heap before
{Heap before GC invocations=9 (full 1):
 PSYoungGen      total 70656K, used 70655K [0x00000000d6900000, 0x00000000df500000, 0x0000000100000000)
  eden space 64512K, 100% used [0x00000000d6900000,0x00000000da800000,0x00000000da800000)
  from space 6144K, 99% used [0x00000000da800000,0x00000000dadffd58,0x00000000dae00000)
  to   space 7168K, 0% used [0x00000000dee00000,0x00000000dee00000,0x00000000df500000)
 ParOldGen       total 86016K, used 6183K [0x0000000083a00000, 0x0000000088e00000, 0x00000000d6900000)
  object space 86016K, 7% used [0x0000000083a00000,0x0000000084009c48,0x0000000088e00000)
 Metaspace       used 16696K, capacity 17120K, committed 17408K, reserved 1064960K
  class space    used 1858K, capacity 1982K, committed 2048K, reserved 1048576K
Event: 116.690 GC heap after
Heap after GC invocations=9 (full 1):
 PSYoungGen      total 133120K, used 7160K [0x00000000d6900000, 0x00000000dfb00000, 0x0000000100000000)
  eden space 125952K, 0% used [0x00000000d6900000,0x00000000d6900000,0x00000000de400000)
  from space 7168K, 99% used [0x00000000dee00000,0x00000000df4fe218,0x00000000df500000)
  to   space 10240K, 0% used [0x00000000de400000,0x00000000de400000,0x00000000dee00000)
 ParOldGen       total 86016K, used 11675K [0x0000000083a00000, 0x0000000088e00000, 0x00000000d6900000)
  object space 86016K, 13% used [0x0000000083a00000,0x0000000084566c48,0x0000000088e00000)
 Metaspace       used 16696K, capacity 17120K, committed 17408K, reserved 1064960K
  class space    used 1858K, capacity 1982K, committed 2048K, reserved 1048576K
}
Event: 134.601 GC heap before
{Heap before GC invocations=10 (full 1):
 PSYoungGen      total 133120K, used 133112K [0x00000000d6900000, 0x00000000dfb00000, 0x0000000100000000)
  eden space 125952K, 100% used [0x00000000d6900000,0x00000000de400000,0x00000000de400000)
  from space 7168K, 99% used [0x00000000dee00000,0x00000000df4fe218,0x00000000df500000)
  to   space 10240K, 0% used [0x00000000de400000,0x00000000de400000,0x00000000dee00000)
 ParOldGen       total 86016K, used 11675K [0x0000000083a00000, 0x0000000088e00000, 0x00000000d6900000)
  object space 86016K, 13% used [0x0000000083a00000,0x0000000084566c48,0x0000000088e00000)
 Metaspace       used 18977K, capacity 19484K, committed 19712K, reserved 1067008K
  class space    used 2122K, capacity 2286K, committed 2304K, reserved 1048576K

