# JRE version: Java(TM) SE Runtime Environment (8.0_181-b13) (build 1.8.0_181-b13)
# Java VM: Java HotSpot(TM) 64-Bit Server VM (25.181-b13 mixed mode linux-amd64 compressed oops)
Heap:
 PSYoungGen      total 134656K, used 11238K [0x00000000d6900000, 0x00000000dfb00000, 0x0000000100000000)
  eden space 123392K, 0% used [0x00000000d6900000,0x00000000d6900000,0x00000000de180000)
  from space 11264K, 99% used [0x00000000de180000,0x00000000dec79bb0,0x00000000dec80000)
  to   space 7680K, 0% used [0x00000000dec80000,0x00000000dec80000,0x00000000df400000)
 ParOldGen       total 86016K, used 25867K [0x0000000083a00000, 0x0000000088e00000, 0x00000000d6900000)
  object space 86016K, 30% used [0x0000000083a00000,0x0000000085342e10,0x0000000088e00000)
 Metaspace       used 19511K, capacity 20030K, committed 20096K, reserved 1067008K
  class space    used 2226K, capacity 2385K, committed 2432K, reserved 1048576K
GC Heap History (10 events):
Event: 98.016 GC heap after
Heap after GC invocations=5 (full 1):
 PSYoungGen      total 37888K, used 5097K [0x00000000d6900000, 0x00000000db300000, 0x0000000100000000)
  eden space 32768K, 0% used [0x00000000d6900000,0x00000000d6900000,0x00000000d8900000)
  from space 5120K, 99% used [0x00000000d8e00000,0x00000000d92fa528,0x00000000d9300000)
  to   space 5120K, 0% used [0x00000000d8900000,0x00000000d8900000,0x00000000d8e00000)
 ParOldGen       total 86016K, used 7425K [0x0000000083a00000, 0x0000000088e00000, 0x00000000d6900000)
  object space 86016K, 8% used [0x0000000083a00000,0x00000000841405c0,0x0000000088e00000)
 Metaspace       used 13826K, capacity 14270K, committed 14592K, reserved 1062912K
  class space    used 1580K, capacity 1700K, committed 1792K, reserved 1048576K
}
Event: 98.439 GC heap before
{Heap before GC invocations=6 (full 1):
 PSYoungGen      total 37888K, used 37865K [0x00000000d6900000, 0x00000000db300000, 0x0000000100000000)
  eden space 32768K, 100% used [0x00000000d6900000,0x00000000d8900000,0x00000000d8900000)
  from space 5120K, 99% used [0x00000000d8e00000,0x00000000d92fa528,0x00000000d9300000)
  to   space 5120K, 0% used [0x00000000d8900000,0x00000000d8900000,0x00000000d8e00000)
 ParOldGen       total 86016K, used 7425K [0x0000000083a00000, 0x0000000088e00000, 0x00000000d6900000)
  object space 86016K, 8% used [0x0000000083a00000,0x00000000841405c0,0x0000000088e00000)
 Metaspace       used 13834K, capacity 14270K, committed 14592K, reserved 1062912K
  class space    used 1580K, capacity 1700K, committed 1792K, reserved 1048576K
Event: 98.455 GC heap after
Heap after GC invocations=6 (full 1):
 PSYoungGen      total 37888K, used 5097K [0x00000000d6900000, 0x00000000db300000, 0x0000000100000000)
  eden space 32768K, 0% used [0x00000000d6900000,0x00000000d6900000,0x00000000d8900000)
  from space 5120K, 99% used [0x00000000d8900000,0x00000000d8dfa528,0x00000000d8e00000)
  to   space 5120K, 0% used [0x00000000dae00000,0x00000000dae00000,0x00000000db300000)
 ParOldGen       total 86016K, used 7569K [0x0000000083a00000, 0x0000000088e00000, 0x00000000d6900000)
  object space 86016K, 8% used [0x0000000083a00000,0x00000000841645c0,0x0000000088e00000)
 Metaspace       used 13834K, capacity 14270K, committed 14592K, reserved 1062912K
  class space    used 1580K, capacity 1700K, committed 1792K, reserved 1048576K
}
Event: 98.846 GC heap before
{Heap before GC invocations=7 (full 1):
 PSYoungGen      total 37888K, used 37865K [0x00000000d6900000, 0x00000000db300000, 0x0000000100000000)
  eden space 32768K, 100% used [0x00000000d6900000,0x00000000d8900000,0x00000000d8900000)
  from space 5120K, 99% used [0x00000000d8900000,0x00000000d8dfa528,0x00000000d8e00000)
  to   space 5120K, 0% used [0x00000000dae00000,0x00000000dae00000,0x00000000db300000)
 ParOldGen       total 86016K, used 7569K [0x0000000083a00000, 0x0000000088e00000, 0x00000000d6900000)
  object space 86016K, 8% used [0x0000000083a00000,0x00000000841645c0,0x0000000088e00000)
 Metaspace       used 13864K, capacity 14270K, committed 14592K, reserved 1062912K
  class space    used 1580K, capacity 1700K, committed 1792K, reserved 1048576K
Event: 98.906 GC heap after
Heap after GC invocations=7 (full 1):
 PSYoungGen      total 68608K, used 5097K [0x00000000d6900000, 0x00000000db700000, 0x0000000100000000)
  eden space 63488K, 0% used [0x00000000d6900000,0x00000000d6900000,0x00000000da700000)
  from space 5120K, 99% used [0x00000000dae00000,0x00000000db2fa528,0x00000000db300000)
  to   space 7168K, 0% used [0x00000000da700000,0x00000000da700000,0x00000000dae00000)
 ParOldGen       total 86016K, used 8121K [0x0000000083a00000, 0x0000000088e00000, 0x00000000d6900000)
  object space 86016K, 9% used [0x0000000083a00000,0x00000000841ee5c0,0x0000000088e00000)
 Metaspace       used 13864K, capacity 14270K, committed 14592K, reserved 1062912K
  class space    used 1580K, capacity 1700K, committed 1792K, reserved 1048576K
}
Event: 99.921 GC heap before
{Heap before GC invocations=8 (full 1):
 PSYoungGen      total 68608K, used 68585K [0x00000000d6900000, 0x00000000db700000, 0x0000000100000000)
  eden space 63488K, 100% used [0x00000000d6900000,0x00000000da700000,0x00000000da700000)
  from space 5120K, 99% used [0x00000000dae00000,0x00000000db2fa528,0x00000000db300000)
  to   space 7168K, 0% used [0x00000000da700000,0x00000000da700000,0x00000000dae00000)
 ParOldGen       total 86016K, used 8121K [0x0000000083a00000, 0x0000000088e00000, 0x00000000d6900000)
  object space 86016K, 9% used [0x0000000083a00000,0x00000000841ee5c0,0x0000000088e00000)
 Metaspace       used 13942K, capacity 14334K, committed 14592K, reserved 1062912K
  class space    used 1580K, capacity 1700K, committed 1792K, reserved 1048576K
Event: 99.980 GC heap after
Heap after GC invocations=8 (full 1):
 PSYoungGen      total 70656K, used 7145K [0x00000000d6900000, 0x00000000df400000, 0x0000000100000000)
  eden space 63488K, 0% used [0x00000000d6900000,0x00000000d6900000,0x00000000da700000)
  from space 7168K, 99% used [0x00000000da700000,0x00000000dadfa528,0x00000000dae00000)
  to   space 7680K, 0% used [0x00000000dec80000,0x00000000dec80000,0x00000000df400000)
 ParOldGen       total 86016K, used 8249K [0x0000000083a00000, 0x0000000088e00000, 0x00000000d6900000)
  object space 86016K, 9% used [0x0000000083a00000,0x000000008420e5c0,0x0000000088e00000)
 Metaspace       used 13942K, capacity 14334K, committed 14592K, reserved 1062912K
  class space    used 1580K, capacity 1700K, committed 1792K, reserved 1048576K
}
Event: 105.549 GC heap before
{Heap before GC invocations=9 (full 1):
 PSYoungGen      total 70656K, used 70633K [0x00000000d6900000, 0x00000000df400000, 0x0000000100000000)
  eden space 63488K, 100% used [0x00000000d6900000,0x00000000da700000,0x00000000da700000)
  from space 7168K, 99% used [0x00000000da700000,0x00000000dadfa528,0x00000000dae00000)
  to   space 7680K, 0% used [0x00000000dec80000,0x00000000dec80000,0x00000000df400000)
 ParOldGen       total 86016K, used 8249K [0x0000000083a00000, 0x0000000088e00000, 0x00000000d6900000)
  object space 86016K, 9% used [0x0000000083a00000,0x000000008420e5c0,0x0000000088e00000)
 Metaspace       used 16272K, capacity 16766K, committed 16896K, reserved 1064960K
  class space    used 1816K, capacity 1953K, committed 2048K, reserved 1048576K
Event: 105.669 GC heap after
Heap after GC invocations=9 (full 1):
 PSYoungGen      total 131072K, used 7651K [0x00000000d6900000, 0x00000000dfb00000, 0x0000000100000000)
  eden space 123392K, 0% used [0x00000000d6900000,0x00000000d6900000,0x00000000de180000)
  from space 7680K, 99% used [0x00000000dec80000,0x00000000df3f8d40,0x00000000df400000)
  to   space 11264K, 0% used [0x00000000de180000,0x00000000de180000,0x00000000dec80000)
 ParOldGen       total 86016K, used 15051K [0x0000000083a00000, 0x0000000088e00000, 0x00000000d6900000)
  object space 86016K, 17% used [0x0000000083a00000,0x00000000848b2c88,0x0000000088e00000)
 Metaspace       used 16272K, capacity 16766K, committed 16896K, reserved 1064960K
  class space    used 1816K, capacity 1953K, committed 2048K, reserved 1048576K
}
Event: 120.090 GC heap before
{Heap before GC invocations=10 (full 1):
 PSYoungGen      total 131072K, used 130517K [0x00000000d6900000, 0x00000000dfb00000, 0x0000000100000000)
  eden space 123392K, 99% used [0x00000000d6900000,0x00000000de0fca98,0x00000000de180000)
  from space 7680K, 99% used [0x00000000dec80000,0x00000000df3f8d40,0x00000000df400000)
  to   space 11264K, 0% used [0x00000000de180000,0x00000000de180000,0x00000000dec80000)
 ParOldGen       total 86016K, used 15051K [0x0000000083a00000, 0x0000000088e00000, 0x00000000d6900000)
  object space 86016K, 17% used [0x0000000083a00000,0x00000000848b2c88,0x0000000088e00000)
 Metaspace       used 19511K, capacity 20030K, committed 20096K, reserved 1067008K
  class space    used 2226K, capacity 2385K, committed 2432K, reserved 1048576K

