# JRE version: Java(TM) SE Runtime Environment (8.0_181-b13) (build 1.8.0_181-b13)
# Java VM: Java HotSpot(TM) 64-Bit Server VM (25.181-b13 mixed mode linux-amd64 compressed oops)
Heap:
 PSYoungGen      total 135168K, used 10215K [0x00000000d6900000, 0x00000000dfa00000, 0x0000000100000000)
  eden space 124928K, 0% used [0x00000000d6900000,0x00000000d6900000,0x00000000de300000)
  from space 10240K, 99% used [0x00000000de300000,0x00000000decf9e00,0x00000000ded00000)
  to   space 7168K, 0% used [0x00000000ded00000,0x00000000ded00000,0x00000000df400000)
 ParOldGen       total 86016K, used 23535K [0x0000000083a00000, 0x0000000088e00000, 0x00000000d6900000)
  object space 86016K, 27% used [0x0000000083a00000,0x00000000850fbe58,0x0000000088e00000)
 Metaspace       used 20315K, capacity 20802K, committed 20992K, reserved 1067008K
  class space    used 2349K, capacity 2511K, committed 2560K, reserved 1048576K
GC Heap History (10 events):
Event: 86.388 GC heap after
Heap after GC invocations=5 (full 1):
 PSYoungGen      total 37888K, used 5112K [0x00000000d6900000, 0x00000000db300000, 0x0000000100000000)
  eden space 32768K, 0% used [0x00000000d6900000,0x00000000d6900000,0x00000000d8900000)
  from space 5120K, 99% used [0x00000000d8e00000,0x00000000d92fe2b0,0x00000000d9300000)
  to   space 5120K, 0% used [0x00000000d8900000,0x00000000d8900000,0x00000000d8e00000)
 ParOldGen       total 86016K, used 5773K [0x0000000083a00000, 0x0000000088e00000, 0x00000000d6900000)
  object space 86016K, 6% used [0x0000000083a00000,0x0000000083fa3438,0x0000000088e00000)
 Metaspace       used 13807K, capacity 14286K, committed 14592K, reserved 1062912K
  class space    used 1578K, capacity 1700K, committed 1792K, reserved 1048576K
}
Event: 86.638 GC heap before
{Heap before GC invocations=6 (full 1):
 PSYoungGen      total 37888K, used 37880K [0x00000000d6900000, 0x00000000db300000, 0x0000000100000000)
  eden space 32768K, 100% used [0x00000000d6900000,0x00000000d8900000,0x00000000d8900000)
  from space 5120K, 99% used [0x00000000d8e00000,0x00000000d92fe2b0,0x00000000d9300000)
  to   space 5120K, 0% used [0x00000000d8900000,0x00000000d8900000,0x00000000d8e00000)
 ParOldGen       total 86016K, used 5773K [0x0000000083a00000, 0x0000000088e00000, 0x00000000d6900000)
  object space 86016K, 6% used [0x0000000083a00000,0x0000000083fa3438,0x0000000088e00000)
 Metaspace       used 13827K, capacity 14286K, committed 14592K, reserved 1062912K
  class space    used 1578K, capacity 1700K, committed 1792K, reserved 1048576K
Event: 86.647 GC heap after
Heap after GC invocations=6 (full 1):
 PSYoungGen      total 37888K, used 5112K [0x00000000d6900000, 0x00000000db300000, 0x0000000100000000)
  eden space 32768K, 0% used [0x00000000d6900000,0x00000000d6900000,0x00000000d8900000)
  from space 5120K, 99% used [0x00000000d8900000,0x00000000d8dfe2b0,0x00000000d8e00000)
  to   space 5120K, 0% used [0x00000000dae00000,0x00000000dae00000,0x00000000db300000)
 ParOldGen       total 86016K, used 6037K [0x0000000083a00000, 0x0000000088e00000, 0x00000000d6900000)
  object space 86016K, 7% used [0x0000000083a00000,0x0000000083fe5438,0x0000000088e00000)
 Metaspace       used 13827K, capacity 14286K, committed 14592K, reserved 1062912K
  class space    used 1578K, capacity 1700K, committed 1792K, reserved 1048576K
}
Event: 86.877 GC heap before
{Heap before GC invocations=7 (full 1):
 PSYoungGen      total 37888K, used 37880K [0x00000000d6900000, 0x00000000db300000, 0x0000000100000000)
  eden space 32768K, 100% used [0x00000000d6900000,0x00000000d8900000,0x00000000d8900000)
  from space 5120K, 99% used [0x00000000d8900000,0x00000000d8dfe2b0,0x00000000d8e00000)
  to   space 5120K, 0% used [0x00000000dae00000,0x00000000dae00000,0x00000000db300000)
 ParOldGen       total 86016K, used 6037K [0x0000000083a00000, 0x0000000088e00000, 0x00000000d6900000)
  object space 86016K, 7% used [0x0000000083a00000,0x0000000083fe5438,0x0000000088e00000)
 Metaspace       used 13858K, capacity 14286K, committed 14592K, reserved 1062912K
  class space    used 1578K, capacity 1700K, committed 1792K, reserved 1048576K
Event: 86.890 GC heap after
Heap after GC invocations=7 (full 1):
 PSYoungGen      total 69120K, used 5112K [0x00000000d6900000, 0x00000000db600000, 0x0000000100000000)
  eden space 64000K, 0% used [0x00000000d6900000,0x00000000d6900000,0x00000000da780000)
  from space 5120K, 99% used [0x00000000dae00000,0x00000000db2fe250,0x00000000db300000)
  to   space 6656K, 0% used [0x00000000da780000,0x00000000da780000,0x00000000dae00000)
 ParOldGen       total 86016K, used 6285K [0x0000000083a00000, 0x0000000088e00000, 0x00000000d6900000)
  object space 86016K, 7% used [0x0000000083a00000,0x0000000084023488,0x0000000088e00000)
 Metaspace       used 13858K, capacity 14286K, committed 14592K, reserved 1062912K
  class space    used 1578K, capacity 1700K, committed 1792K, reserved 1048576K
}
Event: 87.499 GC heap before
{Heap before GC invocations=8 (full 1):
 PSYoungGen      total 69120K, used 69112K [0x00000000d6900000, 0x00000000db600000, 0x0000000100000000)
  eden space 64000K, 100% used [0x00000000d6900000,0x00000000da780000,0x00000000da780000)
  from space 5120K, 99% used [0x00000000dae00000,0x00000000db2fe250,0x00000000db300000)
  to   space 6656K, 0% used [0x00000000da780000,0x00000000da780000,0x00000000dae00000)
 ParOldGen       total 86016K, used 6285K [0x0000000083a00000, 0x0000000088e00000, 0x00000000d6900000)
  object space 86016K, 7% used [0x0000000083a00000,0x0000000084023488,0x0000000088e00000)
 Metaspace       used 13908K, capacity 14350K, committed 14592K, reserved 1062912K
  class space    used 1578K, capacity 1700K, committed 1792K, reserved 1048576K
Event: 87.523 GC heap after
Heap after GC invocations=8 (full 1):
 PSYoungGen      total 70656K, used 6636K [0x00000000d6900000, 0x00000000df400000, 0x0000000100000000)
  eden space 64000K, 0% used [0x00000000d6900000,0x00000000d6900000,0x00000000da780000)
  from space 6656K, 99% used [0x00000000da780000,0x00000000dadfb358,0x00000000dae00000)
  to   space 7168K, 0% used [0x00000000ded00000,0x00000000ded00000,0x00000000df400000)
 ParOldGen       total 86016K, used 7053K [0x0000000083a00000, 0x0000000088e00000, 0x00000000d6900000)
  object space 86016K, 8% used [0x0000000083a00000,0x00000000840e3490,0x0000000088e00000)
 Metaspace       used 13908K, capacity 14350K, committed 14592K, reserved 1062912K
  class space    used 1578K, capacity 1700K, committed 1792K, reserved 1048576K
}
Event: 90.142 GC heap before
{Heap before GC invocations=9 (full 1):
 PSYoungGen      total 70656K, used 70636K [0x00000000d6900000, 0x00000000df400000, 0x0000000100000000)
  eden space 64000K, 100% used [0x00000000d6900000,0x00000000da780000,0x00000000da780000)
  from space 6656K, 99% used [0x00000000da780000,0x00000000dadfb358,0x00000000dae00000)
  to   space 7168K, 0% used [0x00000000ded00000,0x00000000ded00000,0x00000000df400000)
 ParOldGen       total 86016K, used 7053K [0x0000000083a00000, 0x0000000088e00000, 0x00000000d6900000)
  object space 86016K, 8% used [0x0000000083a00000,0x00000000840e3490,0x0000000088e00000)
 Metaspace       used 17119K, capacity 17580K, committed 17664K, reserved 1064960K
  class space    used 1906K, capacity 2022K, committed 2048K, reserved 1048576K
Event: 90.207 GC heap after
Heap after GC invocations=9 (full 1):
 PSYoungGen      total 132096K, used 7155K [0x00000000d6900000, 0x00000000dfa00000, 0x0000000100000000)
  eden space 124928K, 0% used [0x00000000d6900000,0x00000000d6900000,0x00000000de300000)
  from space 7168K, 99% used [0x00000000ded00000,0x00000000df3fcd78,0x00000000df400000)
  to   space 10240K, 0% used [0x00000000de300000,0x00000000de300000,0x00000000ded00000)
 ParOldGen       total 86016K, used 12944K [0x0000000083a00000, 0x0000000088e00000, 0x00000000d6900000)
  object space 86016K, 15% used [0x0000000083a00000,0x00000000846a4158,0x0000000088e00000)
 Metaspace       used 17119K, capacity 17580K, committed 17664K, reserved 1064960K
  class space    used 1906K, capacity 2022K, committed 2048K, reserved 1048576K
}
Event: 100.781 GC heap before
{Heap before GC invocations=10 (full 1):
 PSYoungGen      total 132096K, used 132083K [0x00000000d6900000, 0x00000000dfa00000, 0x0000000100000000)
  eden space 124928K, 100% used [0x00000000d6900000,0x00000000de300000,0x00000000de300000)
  from space 7168K, 99% used [0x00000000ded00000,0x00000000df3fcd78,0x00000000df400000)
  to   space 10240K, 0% used [0x00000000de300000,0x00000000de300000,0x00000000ded00000)
 ParOldGen       total 86016K, used 12944K [0x0000000083a00000, 0x0000000088e00000, 0x00000000d6900000)
  object space 86016K, 15% used [0x0000000083a00000,0x00000000846a4158,0x0000000088e00000)
 Metaspace       used 20315K, capacity 20802K, committed 20992K, reserved 1067008K
  class space    used 2349K, capacity 2511K, committed 2560K, reserved 1048576K

