# JRE version: Java(TM) SE Runtime Environment (8.0_181-b13) (build 1.8.0_181-b13)
# Java VM: Java HotSpot(TM) 64-Bit Server VM (25.181-b13 mixed mode linux-amd64 compressed oops)
Heap:
 PSYoungGen      total 71680K, used 11755K [0x00000000d6900000, 0x00000000dbe00000, 0x0000000100000000)
  eden space 59904K, 0% used [0x00000000d6900000,0x00000000d6900000,0x00000000da380000)
  from space 11776K, 99% used [0x00000000da380000,0x00000000daefae80,0x00000000daf00000)
  to   space 8192K, 0% used [0x00000000daf00000,0x00000000daf00000,0x00000000db700000)
 ParOldGen       total 86016K, used 32652K [0x0000000083a00000, 0x0000000088e00000, 0x00000000d6900000)
  object space 86016K, 37% used [0x0000000083a00000,0x00000000859e3030,0x0000000088e00000)
 Metaspace       used 17741K, capacity 18236K, committed 18304K, reserved 1064960K
  class space    used 1959K, capacity 2132K, committed 2176K, reserved 1048576K
GC Heap History (10 events):
Event: 99.037 GC heap after
Heap after GC invocations=5 (full 1):
 PSYoungGen      total 37888K, used 4447K [0x00000000d6900000, 0x00000000d9300000, 0x0000000100000000)
  eden space 32768K, 0% used [0x00000000d6900000,0x00000000d6900000,0x00000000d8900000)
  from space 5120K, 86% used [0x00000000d8e00000,0x00000000d9257c48,0x00000000d9300000)
  to   space 5120K, 0% used [0x00000000d8900000,0x00000000d8900000,0x00000000d8e00000)
 ParOldGen       total 86016K, used 4083K [0x0000000083a00000, 0x0000000088e00000, 0x00000000d6900000)
  object space 86016K, 4% used [0x0000000083a00000,0x0000000083dfcfe0,0x0000000088e00000)
 Metaspace       used 14028K, capacity 14370K, committed 14592K, reserved 1062912K
  class space    used 1601K, capacity 1706K, committed 1792K, reserved 1048576K
}
Event: 99.784 GC heap before
{Heap before GC invocations=6 (full 1):
 PSYoungGen      total 37888K, used 37215K [0x00000000d6900000, 0x00000000d9300000, 0x0000000100000000)
  eden space 32768K, 100% used [0x00000000d6900000,0x00000000d8900000,0x00000000d8900000)
  from space 5120K, 86% used [0x00000000d8e00000,0x00000000d9257c48,0x00000000d9300000)
  to   space 5120K, 0% used [0x00000000d8900000,0x00000000d8900000,0x00000000d8e00000)
 ParOldGen       total 86016K, used 4083K [0x0000000083a00000, 0x0000000088e00000, 0x00000000d6900000)
  object space 86016K, 4% used [0x0000000083a00000,0x0000000083dfcfe0,0x0000000088e00000)
 Metaspace       used 14046K, capacity 14434K, committed 14592K, reserved 1062912K
  class space    used 1601K, capacity 1706K, committed 1792K, reserved 1048576K
Event: 99.791 GC heap after
Heap after GC invocations=6 (full 1):
 PSYoungGen      total 37888K, used 4791K [0x00000000d6900000, 0x00000000d9300000, 0x0000000100000000)
  eden space 32768K, 0% used [0x00000000d6900000,0x00000000d6900000,0x00000000d8900000)
  from space 5120K, 93% used [0x00000000d8900000,0x00000000d8dadeb0,0x00000000d8e00000)
  to   space 5120K, 0% used [0x00000000d8e00000,0x00000000d8e00000,0x00000000d9300000)
 ParOldGen       total 86016K, used 4091K [0x0000000083a00000, 0x0000000088e00000, 0x00000000d6900000)
  object space 86016K, 4% used [0x0000000083a00000,0x0000000083dfefe0,0x0000000088e00000)
 Metaspace       used 14046K, capacity 14434K, committed 14592K, reserved 1062912K
  class space    used 1601K, capacity 1706K, committed 1792K, reserved 1048576K
}
Event: 102.887 GC heap before
{Heap before GC invocations=7 (full 1):
 PSYoungGen      total 37888K, used 37559K [0x00000000d6900000, 0x00000000d9300000, 0x0000000100000000)
  eden space 32768K, 100% used [0x00000000d6900000,0x00000000d8900000,0x00000000d8900000)
  from space 5120K, 93% used [0x00000000d8900000,0x00000000d8dadeb0,0x00000000d8e00000)
  to   space 5120K, 0% used [0x00000000d8e00000,0x00000000d8e00000,0x00000000d9300000)
 ParOldGen       total 86016K, used 4091K [0x0000000083a00000, 0x0000000088e00000, 0x00000000d6900000)
  object space 86016K, 4% used [0x0000000083a00000,0x0000000083dfefe0,0x0000000088e00000)
 Metaspace       used 15150K, capacity 15616K, committed 15744K, reserved 1062912K
  class space    used 1693K, capacity 1828K, committed 1920K, reserved 1048576K
Event: 102.923 GC heap after
Heap after GC invocations=7 (full 1):
 PSYoungGen      total 36864K, used 5104K [0x00000000d6900000, 0x00000000d9480000, 0x0000000100000000)
  eden space 31744K, 0% used [0x00000000d6900000,0x00000000d6900000,0x00000000d8800000)
  from space 5120K, 99% used [0x00000000d8e00000,0x00000000d92fc380,0x00000000d9300000)
  to   space 6144K, 0% used [0x00000000d8800000,0x00000000d8800000,0x00000000d8e00000)
 ParOldGen       total 86016K, used 5680K [0x0000000083a00000, 0x0000000088e00000, 0x00000000d6900000)
  object space 86016K, 6% used [0x0000000083a00000,0x0000000083f8c058,0x0000000088e00000)
 Metaspace       used 15150K, capacity 15616K, committed 15744K, reserved 1062912K
  class space    used 1693K, capacity 1828K, committed 1920K, reserved 1048576K
}
Event: 105.496 GC heap before
{Heap before GC invocations=8 (full 1):
 PSYoungGen      total 36864K, used 36848K [0x00000000d6900000, 0x00000000d9480000, 0x0000000100000000)
  eden space 31744K, 100% used [0x00000000d6900000,0x00000000d8800000,0x00000000d8800000)
  from space 5120K, 99% used [0x00000000d8e00000,0x00000000d92fc380,0x00000000d9300000)
  to   space 6144K, 0% used [0x00000000d8800000,0x00000000d8800000,0x00000000d8e00000)
 ParOldGen       total 86016K, used 5680K [0x0000000083a00000, 0x0000000088e00000, 0x00000000d6900000)
  object space 86016K, 6% used [0x0000000083a00000,0x0000000083f8c058,0x0000000088e00000)
 Metaspace       used 16307K, capacity 16748K, committed 16768K, reserved 1064960K
  class space    used 1791K, capacity 1900K, committed 1920K, reserved 1048576K
Event: 105.854 GC heap after
Heap after GC invocations=8 (full 1):
 PSYoungGen      total 37888K, used 6139K [0x00000000d6900000, 0x00000000db700000, 0x0000000100000000)
  eden space 31744K, 0% used [0x00000000d6900000,0x00000000d6900000,0x00000000d8800000)
  from space 6144K, 99% used [0x00000000d8800000,0x00000000d8dfedd0,0x00000000d8e00000)
  to   space 8192K, 0% used [0x00000000daf00000,0x00000000daf00000,0x00000000db700000)
 ParOldGen       total 86016K, used 8849K [0x0000000083a00000, 0x0000000088e00000, 0x00000000d6900000)
  object space 86016K, 10% used [0x0000000083a00000,0x00000000842a4718,0x0000000088e00000)
 Metaspace       used 16307K, capacity 16748K, committed 16768K, reserved 1064960K
  class space    used 1791K, capacity 1900K, committed 1920K, reserved 1048576K
}
Event: 116.590 GC heap before
{Heap before GC invocations=9 (full 1):
 PSYoungGen      total 37888K, used 37726K [0x00000000d6900000, 0x00000000db700000, 0x0000000100000000)
  eden space 31744K, 99% used [0x00000000d6900000,0x00000000d87d8be0,0x00000000d8800000)
  from space 6144K, 99% used [0x00000000d8800000,0x00000000d8dfedd0,0x00000000d8e00000)
  to   space 8192K, 0% used [0x00000000daf00000,0x00000000daf00000,0x00000000db700000)
 ParOldGen       total 86016K, used 8849K [0x0000000083a00000, 0x0000000088e00000, 0x00000000d6900000)
  object space 86016K, 10% used [0x0000000083a00000,0x00000000842a4718,0x0000000088e00000)
 Metaspace       used 16958K, capacity 17494K, committed 17664K, reserved 1064960K
  class space    used 1877K, capacity 2035K, committed 2048K, reserved 1048576K
Event: 116.701 GC heap after
Heap after GC invocations=9 (full 1):
 PSYoungGen      total 68096K, used 8181K [0x00000000d6900000, 0x00000000dbe00000, 0x0000000100000000)
  eden space 59904K, 0% used [0x00000000d6900000,0x00000000d6900000,0x00000000da380000)
  from space 8192K, 99% used [0x00000000daf00000,0x00000000db6fd480,0x00000000db700000)
  to   space 11776K, 0% used [0x00000000da380000,0x00000000da380000,0x00000000daf00000)
 ParOldGen       total 86016K, used 14291K [0x0000000083a00000, 0x0000000088e00000, 0x00000000d6900000)
  object space 86016K, 16% used [0x0000000083a00000,0x00000000847f4ec0,0x0000000088e00000)
 Metaspace       used 16958K, capacity 17494K, committed 17664K, reserved 1064960K
  class space    used 1877K, capacity 2035K, committed 2048K, reserved 1048576K
}
Event: 119.784 GC heap before
{Heap before GC invocations=10 (full 1):
 PSYoungGen      total 68096K, used 68085K [0x00000000d6900000, 0x00000000dbe00000, 0x0000000100000000)
  eden space 59904K, 100% used [0x00000000d6900000,0x00000000da380000,0x00000000da380000)
  from space 8192K, 99% used [0x00000000daf00000,0x00000000db6fd480,0x00000000db700000)
  to   space 11776K, 0% used [0x00000000da380000,0x00000000da380000,0x00000000daf00000)
 ParOldGen       total 86016K, used 14291K [0x0000000083a00000, 0x0000000088e00000, 0x00000000d6900000)
  object space 86016K, 16% used [0x0000000083a00000,0x00000000847f4ec0,0x0000000088e00000)
 Metaspace       used 17741K, capacity 18236K, committed 18304K, reserved 1064960K
  class space    used 1959K, capacity 2132K, committed 2176K, reserved 1048576K

