# JRE version: Java(TM) SE Runtime Environment (8.0_181-b13) (build 1.8.0_181-b13)
# Java VM: Java HotSpot(TM) 64-Bit Server VM (25.181-b13 mixed mode linux-amd64 compressed oops)
Heap:
 PSYoungGen      total 70656K, used 6130K [0x00000000d6900000, 0x00000000db500000, 0x0000000100000000)
  eden space 64512K, 0% used [0x00000000d6900000,0x00000000d6900000,0x00000000da800000)
  from space 6144K, 99% used [0x00000000da800000,0x00000000dadfca40,0x00000000dae00000)
  to   space 5120K, 0% used [0x00000000dae00000,0x00000000dae00000,0x00000000db300000)
 ParOldGen       total 86016K, used 6427K [0x0000000083a00000, 0x0000000088e00000, 0x00000000d6900000)
  object space 86016K, 7% used [0x0000000083a00000,0x0000000084046c98,0x0000000088e00000)
 Metaspace       used 13947K, capacity 14404K, committed 14592K, reserved 1062912K
  class space    used 1580K, capacity 1701K, committed 1792K, reserved 1048576K
GC Heap History (10 events):
Event: 118.371 GC heap after
Heap after GC invocations=3 (full 1):
 PSYoungGen      total 37888K, used 5114K [0x00000000d6900000, 0x00000000d9300000, 0x0000000100000000)
  eden space 32768K, 0% used [0x00000000d6900000,0x00000000d6900000,0x00000000d8900000)
  from space 5120K, 99% used [0x00000000d8e00000,0x00000000d92fe9f0,0x00000000d9300000)
  to   space 5120K, 0% used [0x00000000d8900000,0x00000000d8900000,0x00000000d8e00000)
 ParOldGen       total 86016K, used 4243K [0x0000000083a00000, 0x0000000088e00000, 0x00000000d6900000)
  object space 86016K, 4% used [0x0000000083a00000,0x0000000083e24f78,0x0000000088e00000)
 Metaspace       used 13717K, capacity 14148K, committed 14336K, reserved 1062912K
  class space    used 1580K, capacity 1701K, committed 1792K, reserved 1048576K
}
Event: 119.479 GC heap before
{Heap before GC invocations=4 (full 1):
 PSYoungGen      total 37888K, used 37882K [0x00000000d6900000, 0x00000000d9300000, 0x0000000100000000)
  eden space 32768K, 100% used [0x00000000d6900000,0x00000000d8900000,0x00000000d8900000)
  from space 5120K, 99% used [0x00000000d8e00000,0x00000000d92fe9f0,0x00000000d9300000)
  to   space 5120K, 0% used [0x00000000d8900000,0x00000000d8900000,0x00000000d8e00000)
 ParOldGen       total 86016K, used 4243K [0x0000000083a00000, 0x0000000088e00000, 0x00000000d6900000)
  object space 86016K, 4% used [0x0000000083a00000,0x0000000083e24f78,0x0000000088e00000)
 Metaspace       used 13833K, capacity 14212K, committed 14336K, reserved 1062912K
  class space    used 1580K, capacity 1701K, committed 1792K, reserved 1048576K
Event: 119.487 GC heap after
Heap after GC invocations=4 (full 1):
 PSYoungGen      total 37888K, used 4591K [0x00000000d6900000, 0x00000000d9300000, 0x0000000100000000)
  eden space 32768K, 0% used [0x00000000d6900000,0x00000000d6900000,0x00000000d8900000)
  from space 5120K, 89% used [0x00000000d8900000,0x00000000d8d7bf70,0x00000000d8e00000)
  to   space 5120K, 0% used [0x00000000d8e00000,0x00000000d8e00000,0x00000000d9300000)
 ParOldGen       total 86016K, used 4243K [0x0000000083a00000, 0x0000000088e00000, 0x00000000d6900000)
  object space 86016K, 4% used [0x0000000083a00000,0x0000000083e24f78,0x0000000088e00000)
 Metaspace       used 13833K, capacity 14212K, committed 14336K, reserved 1062912K
  class space    used 1580K, capacity 1701K, committed 1792K, reserved 1048576K
}
Event: 120.035 GC heap before
{Heap before GC invocations=5 (full 1):
 PSYoungGen      total 37888K, used 37359K [0x00000000d6900000, 0x00000000d9300000, 0x0000000100000000)
  eden space 32768K, 100% used [0x00000000d6900000,0x00000000d8900000,0x00000000d8900000)
  from space 5120K, 89% used [0x00000000d8900000,0x00000000d8d7bf70,0x00000000d8e00000)
  to   space 5120K, 0% used [0x00000000d8e00000,0x00000000d8e00000,0x00000000d9300000)
 ParOldGen       total 86016K, used 4243K [0x0000000083a00000, 0x0000000088e00000, 0x00000000d6900000)
  object space 86016K, 4% used [0x0000000083a00000,0x0000000083e24f78,0x0000000088e00000)
 Metaspace       used 13850K, capacity 14212K, committed 14336K, reserved 1062912K
  class space    used 1580K, capacity 1701K, committed 1792K, reserved 1048576K
Event: 120.043 GC heap after
Heap after GC invocations=5 (full 1):
 PSYoungGen      total 37888K, used 5118K [0x00000000d6900000, 0x00000000d9300000, 0x0000000100000000)
  eden space 32768K, 0% used [0x00000000d6900000,0x00000000d6900000,0x00000000d8900000)
  from space 5120K, 99% used [0x00000000d8e00000,0x00000000d92ffa00,0x00000000d9300000)
  to   space 5120K, 0% used [0x00000000d8900000,0x00000000d8900000,0x00000000d8e00000)
 ParOldGen       total 86016K, used 4630K [0x0000000083a00000, 0x0000000088e00000, 0x00000000d6900000)
  object space 86016K, 5% used [0x0000000083a00000,0x0000000083e85bd8,0x0000000088e00000)
 Metaspace       used 13850K, capacity 14212K, committed 14336K, reserved 1062912K
  class space    used 1580K, capacity 1701K, committed 1792K, reserved 1048576K
}
Event: 120.337 GC heap before
{Heap before GC invocations=6 (full 1):
 PSYoungGen      total 37888K, used 37886K [0x00000000d6900000, 0x00000000d9300000, 0x0000000100000000)
  eden space 32768K, 100% used [0x00000000d6900000,0x00000000d8900000,0x00000000d8900000)
  from space 5120K, 99% used [0x00000000d8e00000,0x00000000d92ffa00,0x00000000d9300000)
  to   space 5120K, 0% used [0x00000000d8900000,0x00000000d8900000,0x00000000d8e00000)
 ParOldGen       total 86016K, used 4630K [0x0000000083a00000, 0x0000000088e00000, 0x00000000d6900000)
  object space 86016K, 5% used [0x0000000083a00000,0x0000000083e85bd8,0x0000000088e00000)
 Metaspace       used 13869K, capacity 14276K, committed 14592K, reserved 1062912K
  class space    used 1580K, capacity 1701K, committed 1792K, reserved 1048576K
Event: 120.350 GC heap after
Heap after GC invocations=6 (full 1):
 PSYoungGen      total 37888K, used 5090K [0x00000000d6900000, 0x00000000db300000, 0x0000000100000000)
  eden space 32768K, 0% used [0x00000000d6900000,0x00000000d6900000,0x00000000d8900000)
  from space 5120K, 99% used [0x00000000d8900000,0x00000000d8df8aa0,0x00000000d8e00000)
  to   space 5120K, 0% used [0x00000000dae00000,0x00000000dae00000,0x00000000db300000)
 ParOldGen       total 86016K, used 4919K [0x0000000083a00000, 0x0000000088e00000, 0x00000000d6900000)
  object space 86016K, 5% used [0x0000000083a00000,0x0000000083ecdc48,0x0000000088e00000)
 Metaspace       used 13869K, capacity 14276K, committed 14592K, reserved 1062912K
  class space    used 1580K, capacity 1701K, committed 1792K, reserved 1048576K
}
Event: 120.591 GC heap before
{Heap before GC invocations=7 (full 1):
 PSYoungGen      total 37888K, used 37858K [0x00000000d6900000, 0x00000000db300000, 0x0000000100000000)
  eden space 32768K, 100% used [0x00000000d6900000,0x00000000d8900000,0x00000000d8900000)
  from space 5120K, 99% used [0x00000000d8900000,0x00000000d8df8aa0,0x00000000d8e00000)
  to   space 5120K, 0% used [0x00000000dae00000,0x00000000dae00000,0x00000000db300000)
 ParOldGen       total 86016K, used 4919K [0x0000000083a00000, 0x0000000088e00000, 0x00000000d6900000)
  object space 86016K, 5% used [0x0000000083a00000,0x0000000083ecdc48,0x0000000088e00000)
 Metaspace       used 13897K, capacity 14276K, committed 14592K, reserved 1062912K
  class space    used 1580K, capacity 1701K, committed 1792K, reserved 1048576K
Event: 120.602 GC heap after
Heap after GC invocations=7 (full 1):
 PSYoungGen      total 69632K, used 5118K [0x00000000d6900000, 0x00000000db500000, 0x0000000100000000)
  eden space 64512K, 0% used [0x00000000d6900000,0x00000000d6900000,0x00000000da800000)
  from space 5120K, 99% used [0x00000000dae00000,0x00000000db2ffa00,0x00000000db300000)
  to   space 6144K, 0% used [0x00000000da800000,0x00000000da800000,0x00000000dae00000)
 ParOldGen       total 86016K, used 5191K [0x0000000083a00000, 0x0000000088e00000, 0x00000000d6900000)
  object space 86016K, 6% used [0x0000000083a00000,0x0000000083f11c48,0x0000000088e00000)
 Metaspace       used 13897K, capacity 14276K, committed 14592K, reserved 1062912K
  class space    used 1580K, capacity 1701K, committed 1792K, reserved 1048576K
}
Event: 121.501 GC heap before
{Heap before GC invocations=8 (full 1):
 PSYoungGen      total 69632K, used 69630K [0x00000000d6900000, 0x00000000db500000, 0x0000000100000000)
  eden space 64512K, 100% used [0x00000000d6900000,0x00000000da800000,0x00000000da800000)
  from space 5120K, 99% used [0x00000000dae00000,0x00000000db2ffa00,0x00000000db300000)
  to   space 6144K, 0% used [0x00000000da800000,0x00000000da800000,0x00000000dae00000)
 ParOldGen       total 86016K, used 5191K [0x0000000083a00000, 0x0000000088e00000, 0x00000000d6900000)
  object space 86016K, 6% used [0x0000000083a00000,0x0000000083f11c48,0x0000000088e00000)
 Metaspace       used 13947K, capacity 14404K, committed 14592K, reserved 1062912K
  class space    used 1580K, capacity 1701K, committed 1792K, reserved 1048576K

