# JRE version: Java(TM) SE Runtime Environment (8.0_181-b13) (build 1.8.0_181-b13)
# Java VM: Java HotSpot(TM) 64-Bit Server VM (25.181-b13 mixed mode linux-amd64 compressed oops)
Heap:
 PSYoungGen      total 609280K, used 108763K [0x00000000d6900000, 0x0000000100000000, 0x0000000100000000)
  eden space 577536K, 13% used [0x00000000d6900000,0x00000000db43b850,0x00000000f9d00000)
  from space 31744K, 99% used [0x00000000fe100000,0x00000000ffffb3e8,0x0000000100000000)
  to   space 50688K, 0% used [0x00000000f9d00000,0x00000000f9d00000,0x00000000fce80000)
 ParOldGen       total 179712K, used 129674K [0x0000000083a00000, 0x000000008e980000, 0x00000000d6900000)
  object space 179712K, 72% used [0x0000000083a00000,0x000000008b8a2be8,0x000000008e980000)
 Metaspace       used 40982K, capacity 41672K, committed 41856K, reserved 1085440K
  class space    used 5193K, capacity 5385K, committed 5504K, reserved 1048576K
GC Heap History (10 events):
Event: 42.329 GC heap before
{Heap before GC invocations=17 (full 2):
 PSYoungGen      total 466432K, used 463760K [0x00000000d6900000, 0x00000000f4d00000, 0x0000000100000000)
  eden space 455680K, 100% used [0x00000000d6900000,0x00000000f2600000,0x00000000f2600000)
  from space 10752K, 75% used [0x00000000f4280000,0x00000000f4a64108,0x00000000f4d00000)
  to   space 19968K, 0% used [0x00000000f2600000,0x00000000f2600000,0x00000000f3980000)
 ParOldGen       total 84992K, used 50645K [0x0000000083a00000, 0x0000000088d00000, 0x00000000d6900000)
  object space 84992K, 59% used [0x0000000083a00000,0x0000000086b75740,0x0000000088d00000)
 Metaspace       used 31502K, capacity 31928K, committed 32256K, reserved 1077248K
  class space    used 3957K, capacity 4086K, committed 4096K, reserved 1048576K
Event: 42.433 GC heap after
Heap after GC invocations=17 (full 2):
 PSYoungGen      total 475648K, used 7296K [0x00000000d6900000, 0x00000000ffa80000, 0x0000000100000000)
  eden space 455680K, 0% used [0x00000000d6900000,0x00000000d6900000,0x00000000f2600000)
  from space 19968K, 36% used [0x00000000f2600000,0x00000000f2d20020,0x00000000f3980000)
  to   space 19456K, 0% used [0x00000000fe780000,0x00000000fe780000,0x00000000ffa80000)
 ParOldGen       total 84992K, used 57881K [0x0000000083a00000, 0x0000000088d00000, 0x00000000d6900000)
  object space 84992K, 68% used [0x0000000083a00000,0x00000000872867e0,0x0000000088d00000)
 Metaspace       used 31502K, capacity 31928K, committed 32256K, reserved 1077248K
  class space    used 3957K, capacity 4086K, committed 4096K, reserved 1048576K
}
Event: 56.865 GC heap before
{Heap before GC invocations=18 (full 2):
 PSYoungGen      total 475648K, used 462976K [0x00000000d6900000, 0x00000000ffa80000, 0x0000000100000000)
  eden space 455680K, 100% used [0x00000000d6900000,0x00000000f2600000,0x00000000f2600000)
  from space 19968K, 36% used [0x00000000f2600000,0x00000000f2d20020,0x00000000f3980000)
  to   space 19456K, 0% used [0x00000000fe780000,0x00000000fe780000,0x00000000ffa80000)
 ParOldGen       total 84992K, used 57881K [0x0000000083a00000, 0x0000000088d00000, 0x00000000d6900000)
  object space 84992K, 68% used [0x0000000083a00000,0x00000000872867e0,0x0000000088d00000)
 Metaspace       used 34397K, capacity 34750K, committed 34944K, reserved 1079296K
  class space    used 4285K, capacity 4399K, committed 4480K, reserved 1048576K
Event: 57.022 GC heap after
Heap after GC invocations=18 (full 2):
 PSYoungGen      total 631808K, used 12938K [0x00000000d6900000, 0x00000000ff480000, 0x0000000100000000)
  eden space 618496K, 0% used [0x00000000d6900000,0x00000000d6900000,0x00000000fc500000)
  from space 13312K, 97% used [0x00000000fe780000,0x00000000ff422ba8,0x00000000ff480000)
  to   space 19968K, 0% used [0x00000000fcd80000,0x00000000fcd80000,0x00000000fe100000)
 ParOldGen       total 84992K, used 65066K [0x0000000083a00000, 0x0000000088d00000, 0x00000000d6900000)
  object space 84992K, 76% used [0x0000000083a00000,0x000000008798a960,0x0000000088d00000)
 Metaspace       used 34397K, capacity 34750K, committed 34944K, reserved 1079296K
  class space    used 4285K, capacity 4399K, committed 4480K, reserved 1048576K
}
Event: 71.224 GC heap before
{Heap before GC invocations=19 (full 2):
 PSYoungGen      total 631808K, used 631434K [0x00000000d6900000, 0x00000000ff480000, 0x0000000100000000)
  eden space 618496K, 100% used [0x00000000d6900000,0x00000000fc500000,0x00000000fc500000)
  from space 13312K, 97% used [0x00000000fe780000,0x00000000ff422ba8,0x00000000ff480000)
  to   space 19968K, 0% used [0x00000000fcd80000,0x00000000fcd80000,0x00000000fe100000)
 ParOldGen       total 84992K, used 65066K [0x0000000083a00000, 0x0000000088d00000, 0x00000000d6900000)
  object space 84992K, 76% used [0x0000000083a00000,0x000000008798a960,0x0000000088d00000)
 Metaspace       used 34563K, capacity 34950K, committed 35200K, reserved 1079296K
  class space    used 4289K, capacity 4399K, committed 4480K, reserved 1048576K
Event: 71.750 GC heap after
Heap after GC invocations=19 (full 2):
 PSYoungGen      total 647168K, used 19951K [0x00000000d6900000, 0x0000000100000000, 0x0000000100000000)
  eden space 627200K, 0% used [0x00000000d6900000,0x00000000d6900000,0x00000000fcd80000)
  from space 19968K, 99% used [0x00000000fcd80000,0x00000000fe0fbf60,0x00000000fe100000)
  to   space 31744K, 0% used [0x00000000fe100000,0x00000000fe100000,0x0000000100000000)
 ParOldGen       total 99328K, used 98683K [0x0000000083a00000, 0x0000000089b00000, 0x00000000d6900000)
  object space 99328K, 99% used [0x0000000083a00000,0x0000000089a5ef80,0x0000000089b00000)
 Metaspace       used 34563K, capacity 34950K, committed 35200K, reserved 1079296K
  class space    used 4289K, capacity 4399K, committed 4480K, reserved 1048576K
}
Event: 71.750 GC heap before
{Heap before GC invocations=20 (full 3):
 PSYoungGen      total 647168K, used 19951K [0x00000000d6900000, 0x0000000100000000, 0x0000000100000000)
  eden space 627200K, 0% used [0x00000000d6900000,0x00000000d6900000,0x00000000fcd80000)
  from space 19968K, 99% used [0x00000000fcd80000,0x00000000fe0fbf60,0x00000000fe100000)
  to   space 31744K, 0% used [0x00000000fe100000,0x00000000fe100000,0x0000000100000000)
 ParOldGen       total 99328K, used 98683K [0x0000000083a00000, 0x0000000089b00000, 0x00000000d6900000)
  object space 99328K, 99% used [0x0000000083a00000,0x0000000089a5ef80,0x0000000089b00000)
 Metaspace       used 34563K, capacity 34950K, committed 35200K, reserved 1079296K
  class space    used 4289K, capacity 4399K, committed 4480K, reserved 1048576K
Event: 75.848 GC heap after
Heap after GC invocations=20 (full 3):
 PSYoungGen      total 647168K, used 18390K [0x00000000d6900000, 0x0000000100000000, 0x0000000100000000)
  eden space 627200K, 0% used [0x00000000d6900000,0x00000000d6900000,0x00000000fcd80000)
  from space 19968K, 92% used [0x00000000fcd80000,0x00000000fdf75b40,0x00000000fe100000)
  to   space 31744K, 0% used [0x00000000fe100000,0x00000000fe100000,0x0000000100000000)
 ParOldGen       total 179712K, used 99171K [0x0000000083a00000, 0x000000008e980000, 0x00000000d6900000)
  object space 179712K, 55% used [0x0000000083a00000,0x0000000089ad8ea8,0x000000008e980000)
 Metaspace       used 34563K, capacity 34950K, committed 35200K, reserved 1079296K
  class space    used 4289K, capacity 4399K, committed 4480K, reserved 1048576K
}
Event: 89.192 GC heap before
{Heap before GC invocations=21 (full 3):
 PSYoungGen      total 647168K, used 645590K [0x00000000d6900000, 0x0000000100000000, 0x0000000100000000)
  eden space 627200K, 100% used [0x00000000d6900000,0x00000000fcd80000,0x00000000fcd80000)
  from space 19968K, 92% used [0x00000000fcd80000,0x00000000fdf75b40,0x00000000fe100000)
  to   space 31744K, 0% used [0x00000000fe100000,0x00000000fe100000,0x0000000100000000)
 ParOldGen       total 179712K, used 99171K [0x0000000083a00000, 0x000000008e980000, 0x00000000d6900000)
  object space 179712K, 55% used [0x0000000083a00000,0x0000000089ad8ea8,0x000000008e980000)
 Metaspace       used 37787K, capacity 38476K, committed 38656K, reserved 1083392K
  class space    used 4645K, capacity 4863K, committed 4864K, reserved 1048576K
Event: 90.161 GC heap after
Heap after GC invocations=21 (full 3):
 PSYoungGen      total 609280K, used 31724K [0x00000000d6900000, 0x0000000100000000, 0x0000000100000000)
  eden space 577536K, 0% used [0x00000000d6900000,0x00000000d6900000,0x00000000f9d00000)
  from space 31744K, 99% used [0x00000000fe100000,0x00000000ffffb3e8,0x0000000100000000)
  to   space 50688K, 0% used [0x00000000f9d00000,0x00000000f9d00000,0x00000000fce80000)
 ParOldGen       total 179712K, used 129674K [0x0000000083a00000, 0x000000008e980000, 0x00000000d6900000)
  object space 179712K, 72% used [0x0000000083a00000,0x000000008b8a2be8,0x000000008e980000)
 Metaspace       used 37787K, capacity 38476K, committed 38656K, reserved 1083392K
  class space    used 4645K, capacity 4863K, committed 4864K, reserved 1048576K
}

