# JRE version: Java(TM) SE Runtime Environment (8.0_181-b13) (build 1.8.0_181-b13)
# Java VM: Java HotSpot(TM) 64-Bit Server VM (25.181-b13 mixed mode linux-amd64 compressed oops)
Heap:
 PSYoungGen      total 264704K, used 12784K [0x00000000d6900000, 0x00000000e7a00000, 0x0000000100000000)
  eden space 251904K, 0% used [0x00000000d6900000,0x00000000d6900000,0x00000000e5f00000)
  from space 12800K, 99% used [0x00000000e5f00000,0x00000000e6b7c130,0x00000000e6b80000)
  to   space 10752K, 0% used [0x00000000e6b80000,0x00000000e6b80000,0x00000000e7600000)
 ParOldGen       total 86016K, used 16639K [0x0000000083a00000, 0x0000000088e00000, 0x00000000d6900000)
  object space 86016K, 19% used [0x0000000083a00000,0x0000000084a3ff00,0x0000000088e00000)
 Metaspace       used 13758K, capacity 14130K, committed 14336K, reserved 1062912K
  class space    used 1570K, capacity 1663K, committed 1792K, reserved 1048576K
GC Heap History (10 events):
Event: 31.975 GC heap after
Heap after GC invocations=5 (full 1):
 PSYoungGen      total 70656K, used 5096K [0x00000000d6900000, 0x00000000db300000, 0x0000000100000000)
  eden space 65536K, 0% used [0x00000000d6900000,0x00000000d6900000,0x00000000da900000)
  from space 5120K, 99% used [0x00000000dae00000,0x00000000db2fa240,0x00000000db300000)
  to   space 5120K, 0% used [0x00000000da900000,0x00000000da900000,0x00000000dae00000)
 ParOldGen       total 86016K, used 4905K [0x0000000083a00000, 0x0000000088e00000, 0x00000000d6900000)
  object space 86016K, 5% used [0x0000000083a00000,0x0000000083eca468,0x0000000088e00000)
 Metaspace       used 13581K, capacity 13932K, committed 13952K, reserved 1060864K
  class space    used 1569K, capacity 1662K, committed 1664K, reserved 1048576K
}
Event: 32.597 GC heap before
{Heap before GC invocations=6 (full 1):
 PSYoungGen      total 70656K, used 70632K [0x00000000d6900000, 0x00000000db300000, 0x0000000100000000)
  eden space 65536K, 100% used [0x00000000d6900000,0x00000000da900000,0x00000000da900000)
  from space 5120K, 99% used [0x00000000dae00000,0x00000000db2fa240,0x00000000db300000)
  to   space 5120K, 0% used [0x00000000da900000,0x00000000da900000,0x00000000dae00000)
 ParOldGen       total 86016K, used 4905K [0x0000000083a00000, 0x0000000088e00000, 0x00000000d6900000)
  object space 86016K, 5% used [0x0000000083a00000,0x0000000083eca468,0x0000000088e00000)
 Metaspace       used 13612K, capacity 13932K, committed 13952K, reserved 1060864K
  class space    used 1569K, capacity 1662K, committed 1664K, reserved 1048576K
Event: 32.617 GC heap after
Heap after GC invocations=6 (full 1):
 PSYoungGen      total 70656K, used 5096K [0x00000000d6900000, 0x00000000df300000, 0x0000000100000000)
  eden space 65536K, 0% used [0x00000000d6900000,0x00000000d6900000,0x00000000da900000)
  from space 5120K, 99% used [0x00000000da900000,0x00000000dadfa2a0,0x00000000dae00000)
  to   space 5120K, 0% used [0x00000000dee00000,0x00000000dee00000,0x00000000df300000)
 ParOldGen       total 86016K, used 7612K [0x0000000083a00000, 0x0000000088e00000, 0x00000000d6900000)
  object space 86016K, 8% used [0x0000000083a00000,0x000000008416f0c8,0x0000000088e00000)
 Metaspace       used 13612K, capacity 13932K, committed 13952K, reserved 1060864K
  class space    used 1569K, capacity 1662K, committed 1664K, reserved 1048576K
}
Event: 33.588 GC heap before
{Heap before GC invocations=7 (full 1):
 PSYoungGen      total 70656K, used 70632K [0x00000000d6900000, 0x00000000df300000, 0x0000000100000000)
  eden space 65536K, 100% used [0x00000000d6900000,0x00000000da900000,0x00000000da900000)
  from space 5120K, 99% used [0x00000000da900000,0x00000000dadfa2a0,0x00000000dae00000)
  to   space 5120K, 0% used [0x00000000dee00000,0x00000000dee00000,0x00000000df300000)
 ParOldGen       total 86016K, used 7612K [0x0000000083a00000, 0x0000000088e00000, 0x00000000d6900000)
  object space 86016K, 8% used [0x0000000083a00000,0x000000008416f0c8,0x0000000088e00000)
 Metaspace       used 13650K, capacity 13996K, committed 14208K, reserved 1062912K
  class space    used 1569K, capacity 1662K, committed 1664K, reserved 1048576K
Event: 33.631 GC heap after
Heap after GC invocations=7 (full 1):
 PSYoungGen      total 132096K, used 5116K [0x00000000d6900000, 0x00000000dfb00000, 0x0000000100000000)
  eden space 126976K, 0% used [0x00000000d6900000,0x00000000d6900000,0x00000000de500000)
  from space 5120K, 99% used [0x00000000dee00000,0x00000000df2ff110,0x00000000df300000)
  to   space 9216K, 0% used [0x00000000de500000,0x00000000de500000,0x00000000dee00000)
 ParOldGen       total 86016K, used 10705K [0x0000000083a00000, 0x0000000088e00000, 0x00000000d6900000)
  object space 86016K, 12% used [0x0000000083a00000,0x0000000084474418,0x0000000088e00000)
 Metaspace       used 13650K, capacity 13996K, committed 14208K, reserved 1062912K
  class space    used 1569K, capacity 1662K, committed 1664K, reserved 1048576K
}
Event: 35.557 GC heap before
{Heap before GC invocations=8 (full 1):
 PSYoungGen      total 132096K, used 132092K [0x00000000d6900000, 0x00000000dfb00000, 0x0000000100000000)
  eden space 126976K, 100% used [0x00000000d6900000,0x00000000de500000,0x00000000de500000)
  from space 5120K, 99% used [0x00000000dee00000,0x00000000df2ff110,0x00000000df300000)
  to   space 9216K, 0% used [0x00000000de500000,0x00000000de500000,0x00000000dee00000)
 ParOldGen       total 86016K, used 10705K [0x0000000083a00000, 0x0000000088e00000, 0x00000000d6900000)
  object space 86016K, 12% used [0x0000000083a00000,0x0000000084474418,0x0000000088e00000)
 Metaspace       used 13706K, capacity 14066K, committed 14336K, reserved 1062912K
  class space    used 1570K, capacity 1663K, committed 1792K, reserved 1048576K
Event: 35.639 GC heap after
Heap after GC invocations=8 (full 1):
 PSYoungGen      total 136192K, used 9212K [0x00000000d6900000, 0x00000000e7600000, 0x0000000100000000)
  eden space 126976K, 0% used [0x00000000d6900000,0x00000000d6900000,0x00000000de500000)
  from space 9216K, 99% used [0x00000000de500000,0x00000000dedff110,0x00000000dee00000)
  to   space 10752K, 0% used [0x00000000e6b80000,0x00000000e6b80000,0x00000000e7600000)
 ParOldGen       total 86016K, used 11222K [0x0000000083a00000, 0x0000000088e00000, 0x00000000d6900000)
  object space 86016K, 13% used [0x0000000083a00000,0x00000000844f5820,0x0000000088e00000)
 Metaspace       used 13706K, capacity 14066K, committed 14336K, reserved 1062912K
  class space    used 1570K, capacity 1663K, committed 1792K, reserved 1048576K
}
Event: 37.061 GC heap before
{Heap before GC invocations=9 (full 1):
 PSYoungGen      total 136192K, used 136188K [0x00000000d6900000, 0x00000000e7600000, 0x0000000100000000)
  eden space 126976K, 100% used [0x00000000d6900000,0x00000000de500000,0x00000000de500000)
  from space 9216K, 99% used [0x00000000de500000,0x00000000dedff110,0x00000000dee00000)
  to   space 10752K, 0% used [0x00000000e6b80000,0x00000000e6b80000,0x00000000e7600000)
 ParOldGen       total 86016K, used 11222K [0x0000000083a00000, 0x0000000088e00000, 0x00000000d6900000)
  object space 86016K, 13% used [0x0000000083a00000,0x00000000844f5820,0x0000000088e00000)
 Metaspace       used 13725K, capacity 14066K, committed 14336K, reserved 1062912K
  class space    used 1570K, capacity 1663K, committed 1792K, reserved 1048576K
Event: 37.138 GC heap after
Heap after GC invocations=9 (full 1):
 PSYoungGen      total 262656K, used 10752K [0x00000000d6900000, 0x00000000e7a00000, 0x0000000100000000)
  eden space 251904K, 0% used [0x00000000d6900000,0x00000000d6900000,0x00000000e5f00000)
  from space 10752K, 100% used [0x00000000e6b80000,0x00000000e7600000,0x00000000e7600000)
  to   space 12800K, 0% used [0x00000000e5f00000,0x00000000e5f00000,0x00000000e6b80000)
 ParOldGen       total 86016K, used 12270K [0x0000000083a00000, 0x0000000088e00000, 0x00000000d6900000)
  object space 86016K, 14% used [0x0000000083a00000,0x00000000845fb968,0x0000000088e00000)
 Metaspace       used 13725K, capacity 14066K, committed 14336K, reserved 1062912K
  class space    used 1570K, capacity 1663K, committed 1792K, reserved 1048576K
}
Event: 40.317 GC heap before
{Heap before GC invocations=10 (full 1):
 PSYoungGen      total 262656K, used 262656K [0x00000000d6900000, 0x00000000e7a00000, 0x0000000100000000)
  eden space 251904K, 100% used [0x00000000d6900000,0x00000000e5f00000,0x00000000e5f00000)
  from space 10752K, 100% used [0x00000000e6b80000,0x00000000e7600000,0x00000000e7600000)
  to   space 12800K, 0% used [0x00000000e5f00000,0x00000000e5f00000,0x00000000e6b80000)
 ParOldGen       total 86016K, used 12270K [0x0000000083a00000, 0x0000000088e00000, 0x00000000d6900000)
  object space 86016K, 14% used [0x0000000083a00000,0x00000000845fb968,0x0000000088e00000)
 Metaspace       used 13758K, capacity 14130K, committed 14336K, reserved 1062912K
  class space    used 1570K, capacity 1663K, committed 1792K, reserved 1048576K

