# JRE version: Java(TM) SE Runtime Environment (8.0_181-b13) (build 1.8.0_181-b13)
# Java VM: Java HotSpot(TM) 64-Bit Server VM (25.181-b13 mixed mode linux-amd64 compressed oops)
Heap:
 PSYoungGen      total 133120K, used 10208K [0x00000000d6900000, 0x00000000df600000, 0x0000000100000000)
  eden space 122880K, 0% used [0x00000000d6900000,0x00000000d6900000,0x00000000de100000)
  from space 10240K, 99% used [0x00000000de100000,0x00000000deaf8010,0x00000000deb00000)
  to   space 9216K, 0% used [0x00000000deb00000,0x00000000deb00000,0x00000000df400000)
 ParOldGen       total 86016K, used 18703K [0x0000000083a00000, 0x0000000088e00000, 0x00000000d6900000)
  object space 86016K, 21% used [0x0000000083a00000,0x0000000084c43d18,0x0000000088e00000)
 Metaspace       used 14582K, capacity 15030K, committed 15104K, reserved 1062912K
  class space    used 1607K, capacity 1749K, committed 1792K, reserved 1048576K
GC Heap History (10 events):
Event: 50.291 GC heap after
Heap after GC invocations=5 (full 1):
 PSYoungGen      total 37888K, used 5101K [0x00000000d6900000, 0x00000000db300000, 0x0000000100000000)
  eden space 32768K, 0% used [0x00000000d6900000,0x00000000d6900000,0x00000000d8900000)
  from space 5120K, 99% used [0x00000000d8e00000,0x00000000d92fb438,0x00000000d9300000)
  to   space 5120K, 0% used [0x00000000d8900000,0x00000000d8900000,0x00000000d8e00000)
 ParOldGen       total 86016K, used 7916K [0x0000000083a00000, 0x0000000088e00000, 0x00000000d6900000)
  object space 86016K, 9% used [0x0000000083a00000,0x00000000841bb200,0x0000000088e00000)
 Metaspace       used 13718K, capacity 14060K, committed 14208K, reserved 1062912K
  class space    used 1569K, capacity 1662K, committed 1664K, reserved 1048576K
}
Event: 50.782 GC heap before
{Heap before GC invocations=6 (full 1):
 PSYoungGen      total 37888K, used 37869K [0x00000000d6900000, 0x00000000db300000, 0x0000000100000000)
  eden space 32768K, 100% used [0x00000000d6900000,0x00000000d8900000,0x00000000d8900000)
  from space 5120K, 99% used [0x00000000d8e00000,0x00000000d92fb438,0x00000000d9300000)
  to   space 5120K, 0% used [0x00000000d8900000,0x00000000d8900000,0x00000000d8e00000)
 ParOldGen       total 86016K, used 7916K [0x0000000083a00000, 0x0000000088e00000, 0x00000000d6900000)
  object space 86016K, 9% used [0x0000000083a00000,0x00000000841bb200,0x0000000088e00000)
 Metaspace       used 13749K, capacity 14060K, committed 14208K, reserved 1062912K
  class space    used 1569K, capacity 1662K, committed 1664K, reserved 1048576K
Event: 50.807 GC heap after
Heap after GC invocations=6 (full 1):
 PSYoungGen      total 37888K, used 5117K [0x00000000d6900000, 0x00000000db300000, 0x0000000100000000)
  eden space 32768K, 0% used [0x00000000d6900000,0x00000000d6900000,0x00000000d8900000)
  from space 5120K, 99% used [0x00000000d8900000,0x00000000d8dff478,0x00000000d8e00000)
  to   space 5120K, 0% used [0x00000000dae00000,0x00000000dae00000,0x00000000db300000)
 ParOldGen       total 86016K, used 9740K [0x0000000083a00000, 0x0000000088e00000, 0x00000000d6900000)
  object space 86016K, 11% used [0x0000000083a00000,0x0000000084383318,0x0000000088e00000)
 Metaspace       used 13749K, capacity 14060K, committed 14208K, reserved 1062912K
  class space    used 1569K, capacity 1662K, committed 1664K, reserved 1048576K
}
Event: 51.146 GC heap before
{Heap before GC invocations=7 (full 1):
 PSYoungGen      total 37888K, used 37885K [0x00000000d6900000, 0x00000000db300000, 0x0000000100000000)
  eden space 32768K, 100% used [0x00000000d6900000,0x00000000d8900000,0x00000000d8900000)
  from space 5120K, 99% used [0x00000000d8900000,0x00000000d8dff478,0x00000000d8e00000)
  to   space 5120K, 0% used [0x00000000dae00000,0x00000000dae00000,0x00000000db300000)
 ParOldGen       total 86016K, used 9740K [0x0000000083a00000, 0x0000000088e00000, 0x00000000d6900000)
  object space 86016K, 11% used [0x0000000083a00000,0x0000000084383318,0x0000000088e00000)
 Metaspace       used 13749K, capacity 14060K, committed 14208K, reserved 1062912K
  class space    used 1569K, capacity 1662K, committed 1664K, reserved 1048576K
Event: 51.176 GC heap after
Heap after GC invocations=7 (full 1):
 PSYoungGen      total 67072K, used 5088K [0x00000000d6900000, 0x00000000dba00000, 0x0000000100000000)
  eden space 61952K, 0% used [0x00000000d6900000,0x00000000d6900000,0x00000000da580000)
  from space 5120K, 99% used [0x00000000dae00000,0x00000000db2f80a0,0x00000000db300000)
  to   space 8704K, 0% used [0x00000000da580000,0x00000000da580000,0x00000000dae00000)
 ParOldGen       total 86016K, used 11069K [0x0000000083a00000, 0x0000000088e00000, 0x00000000d6900000)
  object space 86016K, 12% used [0x0000000083a00000,0x00000000844cf720,0x0000000088e00000)
 Metaspace       used 13749K, capacity 14060K, committed 14208K, reserved 1062912K
  class space    used 1569K, capacity 1662K, committed 1664K, reserved 1048576K
}
Event: 51.909 GC heap before
{Heap before GC invocations=8 (full 1):
 PSYoungGen      total 67072K, used 67040K [0x00000000d6900000, 0x00000000dba00000, 0x0000000100000000)
  eden space 61952K, 100% used [0x00000000d6900000,0x00000000da580000,0x00000000da580000)
  from space 5120K, 99% used [0x00000000dae00000,0x00000000db2f80a0,0x00000000db300000)
  to   space 8704K, 0% used [0x00000000da580000,0x00000000da580000,0x00000000dae00000)
 ParOldGen       total 86016K, used 11069K [0x0000000083a00000, 0x0000000088e00000, 0x00000000d6900000)
  object space 86016K, 12% used [0x0000000083a00000,0x00000000844cf720,0x0000000088e00000)
 Metaspace       used 13792K, capacity 14124K, committed 14208K, reserved 1062912K
  class space    used 1569K, capacity 1662K, committed 1664K, reserved 1048576K
Event: 51.971 GC heap after
Heap after GC invocations=8 (full 1):
 PSYoungGen      total 70656K, used 8480K [0x00000000d6900000, 0x00000000df400000, 0x0000000100000000)
  eden space 61952K, 0% used [0x00000000d6900000,0x00000000d6900000,0x00000000da580000)
  from space 8704K, 97% used [0x00000000da580000,0x00000000dadc80a0,0x00000000dae00000)
  to   space 9216K, 0% used [0x00000000deb00000,0x00000000deb00000,0x00000000df400000)
 ParOldGen       total 86016K, used 11069K [0x0000000083a00000, 0x0000000088e00000, 0x00000000d6900000)
  object space 86016K, 12% used [0x0000000083a00000,0x00000000844cf720,0x0000000088e00000)
 Metaspace       used 13792K, capacity 14124K, committed 14208K, reserved 1062912K
  class space    used 1569K, capacity 1662K, committed 1664K, reserved 1048576K
}
Event: 52.442 GC heap before
{Heap before GC invocations=9 (full 1):
 PSYoungGen      total 70656K, used 70432K [0x00000000d6900000, 0x00000000df400000, 0x0000000100000000)
  eden space 61952K, 100% used [0x00000000d6900000,0x00000000da580000,0x00000000da580000)
  from space 8704K, 97% used [0x00000000da580000,0x00000000dadc80a0,0x00000000dae00000)
  to   space 9216K, 0% used [0x00000000deb00000,0x00000000deb00000,0x00000000df400000)
 ParOldGen       total 86016K, used 11069K [0x0000000083a00000, 0x0000000088e00000, 0x00000000d6900000)
  object space 86016K, 12% used [0x0000000083a00000,0x00000000844cf720,0x0000000088e00000)
 Metaspace       used 13812K, capacity 14124K, committed 14208K, reserved 1062912K
  class space    used 1569K, capacity 1662K, committed 1664K, reserved 1048576K
Event: 52.520 GC heap after
Heap after GC invocations=9 (full 1):
 PSYoungGen      total 132096K, used 8528K [0x00000000d6900000, 0x00000000df600000, 0x0000000100000000)
  eden space 122880K, 0% used [0x00000000d6900000,0x00000000d6900000,0x00000000de100000)
  from space 9216K, 92% used [0x00000000deb00000,0x00000000df3540b0,0x00000000df400000)
  to   space 10240K, 0% used [0x00000000de100000,0x00000000de100000,0x00000000deb00000)
 ParOldGen       total 86016K, used 12890K [0x0000000083a00000, 0x0000000088e00000, 0x00000000d6900000)
  object space 86016K, 14% used [0x0000000083a00000,0x0000000084696ba0,0x0000000088e00000)
 Metaspace       used 13812K, capacity 14124K, committed 14208K, reserved 1062912K
  class space    used 1569K, capacity 1662K, committed 1664K, reserved 1048576K
}
Event: 54.447 GC heap before
{Heap before GC invocations=10 (full 1):
 PSYoungGen      total 132096K, used 131408K [0x00000000d6900000, 0x00000000df600000, 0x0000000100000000)
  eden space 122880K, 100% used [0x00000000d6900000,0x00000000de100000,0x00000000de100000)
  from space 9216K, 92% used [0x00000000deb00000,0x00000000df3540b0,0x00000000df400000)
  to   space 10240K, 0% used [0x00000000de100000,0x00000000de100000,0x00000000deb00000)
 ParOldGen       total 86016K, used 12890K [0x0000000083a00000, 0x0000000088e00000, 0x00000000d6900000)
  object space 86016K, 14% used [0x0000000083a00000,0x0000000084696ba0,0x0000000088e00000)
 Metaspace       used 14582K, capacity 15030K, committed 15104K, reserved 1062912K
  class space    used 1607K, capacity 1749K, committed 1792K, reserved 1048576K

