# JRE version: Java(TM) SE Runtime Environment (8.0_181-b13) (build 1.8.0_181-b13)
# Java VM: Java HotSpot(TM) 64-Bit Server VM (25.181-b13 mixed mode linux-amd64 compressed oops)
Heap:
 PSYoungGen      total 72192K, used 7664K [0x00000000d6900000, 0x00000000df600000, 0x0000000100000000)
  eden space 64512K, 0% used [0x00000000d6900000,0x00000000d6900000,0x00000000da800000)
  from space 7680K, 99% used [0x00000000dee80000,0x00000000df5fc260,0x00000000df600000)
  to   space 6144K, 0% used [0x00000000da800000,0x00000000da800000,0x00000000dae00000)
 ParOldGen       total 86016K, used 13002K [0x0000000083a00000, 0x0000000088e00000, 0x00000000d6900000)
  object space 86016K, 15% used [0x0000000083a00000,0x00000000846b2a88,0x0000000088e00000)
 Metaspace       used 16783K, capacity 17250K, committed 17536K, reserved 1064960K
  class space    used 1914K, capacity 2049K, committed 2176K, reserved 1048576K
GC Heap History (10 events):
Event: 93.322 GC heap after
Heap after GC invocations=4 (full 1):
 PSYoungGen      total 37888K, used 4624K [0x00000000d6900000, 0x00000000d9300000, 0x0000000100000000)
  eden space 32768K, 0% used [0x00000000d6900000,0x00000000d6900000,0x00000000d8900000)
  from space 5120K, 90% used [0x00000000d8900000,0x00000000d8d840f8,0x00000000d8e00000)
  to   space 5120K, 0% used [0x00000000d8e00000,0x00000000d8e00000,0x00000000d9300000)
 ParOldGen       total 86016K, used 4387K [0x0000000083a00000, 0x0000000088e00000, 0x00000000d6900000)
  object space 86016K, 5% used [0x0000000083a00000,0x0000000083e48d78,0x0000000088e00000)
 Metaspace       used 13749K, capacity 14148K, committed 14336K, reserved 1062912K
  class space    used 1580K, capacity 1701K, committed 1792K, reserved 1048576K
}
Event: 93.941 GC heap before
{Heap before GC invocations=5 (full 1):
 PSYoungGen      total 37888K, used 37392K [0x00000000d6900000, 0x00000000d9300000, 0x0000000100000000)
  eden space 32768K, 100% used [0x00000000d6900000,0x00000000d8900000,0x00000000d8900000)
  from space 5120K, 90% used [0x00000000d8900000,0x00000000d8d840f8,0x00000000d8e00000)
  to   space 5120K, 0% used [0x00000000d8e00000,0x00000000d8e00000,0x00000000d9300000)
 ParOldGen       total 86016K, used 4387K [0x0000000083a00000, 0x0000000088e00000, 0x00000000d6900000)
  object space 86016K, 5% used [0x0000000083a00000,0x0000000083e48d78,0x0000000088e00000)
 Metaspace       used 13779K, capacity 14148K, committed 14336K, reserved 1062912K
  class space    used 1580K, capacity 1701K, committed 1792K, reserved 1048576K
Event: 93.954 GC heap after
Heap after GC invocations=5 (full 1):
 PSYoungGen      total 37888K, used 5092K [0x00000000d6900000, 0x00000000d9300000, 0x0000000100000000)
  eden space 32768K, 0% used [0x00000000d6900000,0x00000000d6900000,0x00000000d8900000)
  from space 5120K, 99% used [0x00000000d8e00000,0x00000000d92f91b8,0x00000000d9300000)
  to   space 5120K, 0% used [0x00000000d8900000,0x00000000d8900000,0x00000000d8e00000)
 ParOldGen       total 86016K, used 4767K [0x0000000083a00000, 0x0000000088e00000, 0x00000000d6900000)
  object space 86016K, 5% used [0x0000000083a00000,0x0000000083ea7cf8,0x0000000088e00000)
 Metaspace       used 13779K, capacity 14148K, committed 14336K, reserved 1062912K
  class space    used 1580K, capacity 1701K, committed 1792K, reserved 1048576K
}
Event: 94.332 GC heap before
{Heap before GC invocations=6 (full 1):
 PSYoungGen      total 37888K, used 37860K [0x00000000d6900000, 0x00000000d9300000, 0x0000000100000000)
  eden space 32768K, 100% used [0x00000000d6900000,0x00000000d8900000,0x00000000d8900000)
  from space 5120K, 99% used [0x00000000d8e00000,0x00000000d92f91b8,0x00000000d9300000)
  to   space 5120K, 0% used [0x00000000d8900000,0x00000000d8900000,0x00000000d8e00000)
 ParOldGen       total 86016K, used 4767K [0x0000000083a00000, 0x0000000088e00000, 0x00000000d6900000)
  object space 86016K, 5% used [0x0000000083a00000,0x0000000083ea7cf8,0x0000000088e00000)
 Metaspace       used 13798K, capacity 14212K, committed 14336K, reserved 1062912K
  class space    used 1580K, capacity 1701K, committed 1792K, reserved 1048576K
Event: 94.350 GC heap after
Heap after GC invocations=6 (full 1):
 PSYoungGen      total 37888K, used 5118K [0x00000000d6900000, 0x00000000db300000, 0x0000000100000000)
  eden space 32768K, 0% used [0x00000000d6900000,0x00000000d6900000,0x00000000d8900000)
  from space 5120K, 99% used [0x00000000d8900000,0x00000000d8dff998,0x00000000d8e00000)
  to   space 5120K, 0% used [0x00000000dae00000,0x00000000dae00000,0x00000000db300000)
 ParOldGen       total 86016K, used 5071K [0x0000000083a00000, 0x0000000088e00000, 0x00000000d6900000)
  object space 86016K, 5% used [0x0000000083a00000,0x0000000083ef3cf8,0x0000000088e00000)
 Metaspace       used 13798K, capacity 14212K, committed 14336K, reserved 1062912K
  class space    used 1580K, capacity 1701K, committed 1792K, reserved 1048576K
}
Event: 94.696 GC heap before
{Heap before GC invocations=7 (full 1):
 PSYoungGen      total 37888K, used 37886K [0x00000000d6900000, 0x00000000db300000, 0x0000000100000000)
  eden space 32768K, 100% used [0x00000000d6900000,0x00000000d8900000,0x00000000d8900000)
  from space 5120K, 99% used [0x00000000d8900000,0x00000000d8dff998,0x00000000d8e00000)
  to   space 5120K, 0% used [0x00000000dae00000,0x00000000dae00000,0x00000000db300000)
 ParOldGen       total 86016K, used 5071K [0x0000000083a00000, 0x0000000088e00000, 0x00000000d6900000)
  object space 86016K, 5% used [0x0000000083a00000,0x0000000083ef3cf8,0x0000000088e00000)
 Metaspace       used 13826K, capacity 14212K, committed 14336K, reserved 1062912K
  class space    used 1580K, capacity 1701K, committed 1792K, reserved 1048576K
Event: 94.726 GC heap after
Heap after GC invocations=7 (full 1):
 PSYoungGen      total 69632K, used 5108K [0x00000000d6900000, 0x00000000db500000, 0x0000000100000000)
  eden space 64512K, 0% used [0x00000000d6900000,0x00000000d6900000,0x00000000da800000)
  from space 5120K, 99% used [0x00000000dae00000,0x00000000db2fd1a8,0x00000000db300000)
  to   space 6144K, 0% used [0x00000000da800000,0x00000000da800000,0x00000000dae00000)
 ParOldGen       total 86016K, used 5247K [0x0000000083a00000, 0x0000000088e00000, 0x00000000d6900000)
  object space 86016K, 6% used [0x0000000083a00000,0x0000000083f1fcf8,0x0000000088e00000)
 Metaspace       used 13826K, capacity 14212K, committed 14336K, reserved 1062912K
  class space    used 1580K, capacity 1701K, committed 1792K, reserved 1048576K
}
Event: 95.861 GC heap before
{Heap before GC invocations=8 (full 1):
 PSYoungGen      total 69632K, used 69620K [0x00000000d6900000, 0x00000000db500000, 0x0000000100000000)
  eden space 64512K, 100% used [0x00000000d6900000,0x00000000da800000,0x00000000da800000)
  from space 5120K, 99% used [0x00000000dae00000,0x00000000db2fd1a8,0x00000000db300000)
  to   space 6144K, 0% used [0x00000000da800000,0x00000000da800000,0x00000000dae00000)
 ParOldGen       total 86016K, used 5247K [0x0000000083a00000, 0x0000000088e00000, 0x00000000d6900000)
  object space 86016K, 6% used [0x0000000083a00000,0x0000000083f1fcf8,0x0000000088e00000)
 Metaspace       used 14049K, capacity 14468K, committed 14592K, reserved 1062912K
  class space    used 1582K, capacity 1701K, committed 1792K, reserved 1048576K
Event: 95.904 GC heap after
Heap after GC invocations=8 (full 1):
 PSYoungGen      total 70656K, used 6143K [0x00000000d6900000, 0x00000000df600000, 0x0000000100000000)
  eden space 64512K, 0% used [0x00000000d6900000,0x00000000d6900000,0x00000000da800000)
  from space 6144K, 99% used [0x00000000da800000,0x00000000dadfff00,0x00000000dae00000)
  to   space 7680K, 0% used [0x00000000dee80000,0x00000000dee80000,0x00000000df600000)
 ParOldGen       total 86016K, used 7402K [0x0000000083a00000, 0x0000000088e00000, 0x00000000d6900000)
  object space 86016K, 8% used [0x0000000083a00000,0x000000008413a868,0x0000000088e00000)
 Metaspace       used 14049K, capacity 14468K, committed 14592K, reserved 1062912K
  class space    used 1582K, capacity 1701K, committed 1792K, reserved 1048576K
}
Event: 106.413 GC heap before
{Heap before GC invocations=9 (full 1):
 PSYoungGen      total 70656K, used 70655K [0x00000000d6900000, 0x00000000df600000, 0x0000000100000000)
  eden space 64512K, 100% used [0x00000000d6900000,0x00000000da800000,0x00000000da800000)
  from space 6144K, 99% used [0x00000000da800000,0x00000000dadfff00,0x00000000dae00000)
  to   space 7680K, 0% used [0x00000000dee80000,0x00000000dee80000,0x00000000df600000)
 ParOldGen       total 86016K, used 7402K [0x0000000083a00000, 0x0000000088e00000, 0x00000000d6900000)
  object space 86016K, 8% used [0x0000000083a00000,0x000000008413a868,0x0000000088e00000)
 Metaspace       used 16783K, capacity 17250K, committed 17536K, reserved 1064960K
  class space    used 1914K, capacity 2049K, committed 2176K, reserved 1048576K

