# JRE version: Java(TM) SE Runtime Environment (8.0_181-b13) (build 1.8.0_181-b13)
# Java VM: Java HotSpot(TM) 64-Bit Server VM (25.181-b13 mixed mode linux-amd64 compressed oops)
Heap:
 PSYoungGen      total 578560K, used 0K [0x00000000d6900000, 0x0000000100000000, 0x0000000100000000)
  eden space 486400K, 0% used [0x00000000d6900000,0x00000000d6900000,0x00000000f4400000)
  from space 92160K, 0% used [0x00000000f4400000,0x00000000f4400000,0x00000000f9e00000)
  to   space 94208K, 0% used [0x00000000fa400000,0x00000000fa400000,0x0000000100000000)
 ParOldGen       total 198656K, used 129593K [0x0000000083a00000, 0x000000008fc00000, 0x00000000d6900000)
  object space 198656K, 65% used [0x0000000083a00000,0x000000008b88e438,0x000000008fc00000)
 Metaspace       used 56772K, capacity 58204K, committed 58668K, reserved 1101824K
  class space    used 6913K, capacity 7243K, committed 7296K, reserved 1048576K
GC Heap History (10 events):
Event: 126.296 GC heap after
Heap after GC invocations=24 (full 3):
 PSYoungGen      total 577024K, used 74946K [0x00000000d6900000, 0x0000000100000000, 0x0000000100000000)
  eden space 501760K, 0% used [0x00000000d6900000,0x00000000d6900000,0x00000000f5300000)
  from space 75264K, 99% used [0x00000000f5300000,0x00000000f9c30888,0x00000000f9c80000)
  to   space 95744K, 0% used [0x00000000fa280000,0x00000000fa280000,0x0000000100000000)
 ParOldGen       total 198656K, used 121142K [0x0000000083a00000, 0x000000008fc00000, 0x00000000d6900000)
  object space 198656K, 60% used [0x0000000083a00000,0x000000008b04d930,0x000000008fc00000)
 Metaspace       used 43049K, capacity 43910K, committed 44160K, reserved 1087488K
  class space    used 5513K, capacity 5746K, committed 5760K, reserved 1048576K
}
Event: 146.393 GC heap before
{Heap before GC invocations=25 (full 3):
 PSYoungGen      total 577024K, used 576706K [0x00000000d6900000, 0x0000000100000000, 0x0000000100000000)
  eden space 501760K, 100% used [0x00000000d6900000,0x00000000f5300000,0x00000000f5300000)
  from space 75264K, 99% used [0x00000000f5300000,0x00000000f9c30888,0x00000000f9c80000)
  to   space 95744K, 0% used [0x00000000fa280000,0x00000000fa280000,0x0000000100000000)
 ParOldGen       total 198656K, used 121142K [0x0000000083a00000, 0x000000008fc00000, 0x00000000d6900000)
  object space 198656K, 60% used [0x0000000083a00000,0x000000008b04d930,0x000000008fc00000)
 Metaspace       used 44860K, capacity 46184K, committed 46464K, reserved 1089536K
  class space    used 5632K, capacity 5951K, committed 6016K, reserved 1048576K
Event: 146.756 GC heap after
Heap after GC invocations=25 (full 3):
 PSYoungGen      total 586752K, used 23717K [0x00000000d6900000, 0x0000000100000000, 0x0000000100000000)
  eden space 491008K, 0% used [0x00000000d6900000,0x00000000d6900000,0x00000000f4880000)
  from space 95744K, 24% used [0x00000000fa280000,0x00000000fb9a97c8,0x0000000100000000)
  to   space 92160K, 0% used [0x00000000f4880000,0x00000000f4880000,0x00000000fa280000)
 ParOldGen       total 198656K, used 138779K [0x0000000083a00000, 0x000000008fc00000, 0x00000000d6900000)
  object space 198656K, 69% used [0x0000000083a00000,0x000000008c186f90,0x000000008fc00000)
 Metaspace       used 44860K, capacity 46184K, committed 46464K, reserved 1089536K
  class space    used 5632K, capacity 5951K, committed 6016K, reserved 1048576K
}
Event: 194.487 GC heap before
{Heap before GC invocations=26 (full 3):
 PSYoungGen      total 586752K, used 514725K [0x00000000d6900000, 0x0000000100000000, 0x0000000100000000)
  eden space 491008K, 100% used [0x00000000d6900000,0x00000000f4880000,0x00000000f4880000)
  from space 95744K, 24% used [0x00000000fa280000,0x00000000fb9a97c8,0x0000000100000000)
  to   space 92160K, 0% used [0x00000000f4880000,0x00000000f4880000,0x00000000fa280000)
 ParOldGen       total 198656K, used 138779K [0x0000000083a00000, 0x000000008fc00000, 0x00000000d6900000)
  object space 198656K, 69% used [0x0000000083a00000,0x000000008c186f90,0x000000008fc00000)
 Metaspace       used 45636K, capacity 47028K, committed 47232K, reserved 1091584K
  class space    used 5670K, capacity 6015K, committed 6016K, reserved 1048576K
Event: 194.643 GC heap after
Heap after GC invocations=26 (full 3):
 PSYoungGen      total 521216K, used 29715K [0x00000000d6900000, 0x00000000ff380000, 0x0000000100000000)
  eden space 491008K, 0% used [0x00000000d6900000,0x00000000d6900000,0x00000000f4880000)
  from space 30208K, 98% used [0x00000000f4880000,0x00000000f6584ca0,0x00000000f6600000)
  to   space 87552K, 0% used [0x00000000f9e00000,0x00000000f9e00000,0x00000000ff380000)
 ParOldGen       total 198656K, used 138787K [0x0000000083a00000, 0x000000008fc00000, 0x00000000d6900000)
  object space 198656K, 69% used [0x0000000083a00000,0x000000008c188f90,0x000000008fc00000)
 Metaspace       used 45636K, capacity 47028K, committed 47232K, reserved 1091584K
  class space    used 5670K, capacity 6015K, committed 6016K, reserved 1048576K
}
Event: 202.673 GC heap before
{Heap before GC invocations=27 (full 3):
 PSYoungGen      total 521216K, used 520723K [0x00000000d6900000, 0x00000000ff380000, 0x0000000100000000)
  eden space 491008K, 100% used [0x00000000d6900000,0x00000000f4880000,0x00000000f4880000)
  from space 30208K, 98% used [0x00000000f4880000,0x00000000f6584ca0,0x00000000f6600000)
  to   space 87552K, 0% used [0x00000000f9e00000,0x00000000f9e00000,0x00000000ff380000)
 ParOldGen       total 198656K, used 138787K [0x0000000083a00000, 0x000000008fc00000, 0x00000000d6900000)
  object space 198656K, 69% used [0x0000000083a00000,0x000000008c188f90,0x000000008fc00000)
 Metaspace       used 52008K, capacity 53464K, committed 53632K, reserved 1095680K
  class space    used 6340K, capacity 6661K, committed 6784K, reserved 1048576K
Event: 202.853 GC heap after
Heap after GC invocations=27 (full 3):
 PSYoungGen      total 573952K, used 61588K [0x00000000d6900000, 0x0000000100000000, 0x0000000100000000)
  eden space 486400K, 0% used [0x00000000d6900000,0x00000000d6900000,0x00000000f4400000)
  from space 87552K, 70% used [0x00000000f9e00000,0x00000000fda25130,0x00000000ff380000)
  to   space 92160K, 0% used [0x00000000f4400000,0x00000000f4400000,0x00000000f9e00000)
 ParOldGen       total 198656K, used 138795K [0x0000000083a00000, 0x000000008fc00000, 0x00000000d6900000)
  object space 198656K, 69% used [0x0000000083a00000,0x000000008c18af90,0x000000008fc00000)
 Metaspace       used 52008K, capacity 53464K, committed 53632K, reserved 1095680K
  class space    used 6340K, capacity 6661K, committed 6784K, reserved 1048576K
}
Event: 207.263 GC heap before
{Heap before GC invocations=28 (full 3):
 PSYoungGen      total 573952K, used 382082K [0x00000000d6900000, 0x0000000100000000, 0x0000000100000000)
  eden space 486400K, 65% used [0x00000000d6900000,0x00000000ea1fba60,0x00000000f4400000)
  from space 87552K, 70% used [0x00000000f9e00000,0x00000000fda25130,0x00000000ff380000)
  to   space 92160K, 0% used [0x00000000f4400000,0x00000000f4400000,0x00000000f9e00000)
 ParOldGen       total 198656K, used 138795K [0x0000000083a00000, 0x000000008fc00000, 0x00000000d6900000)
  object space 198656K, 69% used [0x0000000083a00000,0x000000008c18af90,0x000000008fc00000)
 Metaspace       used 56937K, capacity 58468K, committed 58668K, reserved 1101824K
  class space    used 6937K, capacity 7287K, committed 7296K, reserved 1048576K
Event: 207.407 GC heap after
Heap after GC invocations=28 (full 3):
 PSYoungGen      total 578560K, used 58524K [0x00000000d6900000, 0x0000000100000000, 0x0000000100000000)
  eden space 486400K, 0% used [0x00000000d6900000,0x00000000d6900000,0x00000000f4400000)
  from space 92160K, 63% used [0x00000000f4400000,0x00000000f7d27048,0x00000000f9e00000)
  to   space 94208K, 0% used [0x00000000fa400000,0x00000000fa400000,0x0000000100000000)
 ParOldGen       total 198656K, used 138795K [0x0000000083a00000, 0x000000008fc00000, 0x00000000d6900000)
  object space 198656K, 69% used [0x0000000083a00000,0x000000008c18af90,0x000000008fc00000)
 Metaspace       used 56937K, capacity 58468K, committed 58668K, reserved 1101824K
  class space    used 6937K, capacity 7287K, committed 7296K, reserved 1048576K
}
Event: 207.407 GC heap before
{Heap before GC invocations=29 (full 4):
 PSYoungGen      total 578560K, used 58524K [0x00000000d6900000, 0x0000000100000000, 0x0000000100000000)
  eden space 486400K, 0% used [0x00000000d6900000,0x00000000d6900000,0x00000000f4400000)
  from space 92160K, 63% used [0x00000000f4400000,0x00000000f7d27048,0x00000000f9e00000)
  to   space 94208K, 0% used [0x00000000fa400000,0x00000000fa400000,0x0000000100000000)
 ParOldGen       total 198656K, used 138795K [0x0000000083a00000, 0x000000008fc00000, 0x00000000d6900000)
  object space 198656K, 69% used [0x0000000083a00000,0x000000008c18af90,0x000000008fc00000)
 Metaspace       used 56937K, capacity 58468K, committed 58668K, reserved 1101824K
  class space    used 6937K, capacity 7287K, committed 7296K, reserved 1048576K

