# JRE version: Java(TM) SE Runtime Environment (8.0_181-b13) (build 1.8.0_181-b13)
# Java VM: Java HotSpot(TM) 64-Bit Server VM (25.181-b13 mixed mode linux-amd64 compressed oops)
Heap:
 PSYoungGen      total 132608K, used 85044K [0x00000000d6900000, 0x00000000dfb00000, 0x0000000100000000)
  eden space 124928K, 61% used [0x00000000d6900000,0x00000000db493c40,0x00000000de300000)
  from space 7680K, 99% used [0x00000000ded80000,0x00000000df4f9710,0x00000000df500000)
  to   space 10752K, 0% used [0x00000000de300000,0x00000000de300000,0x00000000ded80000)
 ParOldGen       total 86016K, used 12711K [0x0000000083a00000, 0x0000000088e00000, 0x00000000d6900000)
  object space 86016K, 14% used [0x0000000083a00000,0x0000000084669e50,0x0000000088e00000)
 Metaspace       used 19403K, capacity 19870K, committed 20096K, reserved 1067008K
  class space    used 2210K, capacity 2351K, committed 2432K, reserved 1048576K
GC Heap History (10 events):
Event: 124.672 GC heap before
{Heap before GC invocations=5 (full 1):
 PSYoungGen      total 37888K, used 37863K [0x00000000d6900000, 0x00000000d9300000, 0x0000000100000000)
  eden space 32768K, 100% used [0x00000000d6900000,0x00000000d8900000,0x00000000d8900000)
  from space 5120K, 99% used [0x00000000d8900000,0x00000000d8df9c10,0x00000000d8e00000)
  to   space 5120K, 0% used [0x00000000d8e00000,0x00000000d8e00000,0x00000000d9300000)
 ParOldGen       total 86016K, used 4840K [0x0000000083a00000, 0x0000000088e00000, 0x00000000d6900000)
  object space 86016K, 5% used [0x0000000083a00000,0x0000000083eba1f0,0x0000000088e00000)
 Metaspace       used 13877K, capacity 14288K, committed 14592K, reserved 1062912K
  class space    used 1580K, capacity 1701K, committed 1792K, reserved 1048576K
Event: 124.684 GC heap after
Heap after GC invocations=5 (full 1):
 PSYoungGen      total 37888K, used 5114K [0x00000000d6900000, 0x00000000db300000, 0x0000000100000000)
  eden space 32768K, 0% used [0x00000000d6900000,0x00000000d6900000,0x00000000d8900000)
  from space 5120K, 99% used [0x00000000d8e00000,0x00000000d92febe0,0x00000000d9300000)
  to   space 5120K, 0% used [0x00000000d8900000,0x00000000d8900000,0x00000000d8e00000)
 ParOldGen       total 86016K, used 5740K [0x0000000083a00000, 0x0000000088e00000, 0x00000000d6900000)
  object space 86016K, 6% used [0x0000000083a00000,0x0000000083f9b2e0,0x0000000088e00000)
 Metaspace       used 13877K, capacity 14288K, committed 14592K, reserved 1062912K
  class space    used 1580K, capacity 1701K, committed 1792K, reserved 1048576K
}
Event: 125.085 GC heap before
{Heap before GC invocations=6 (full 1):
 PSYoungGen      total 37888K, used 37882K [0x00000000d6900000, 0x00000000db300000, 0x0000000100000000)
  eden space 32768K, 100% used [0x00000000d6900000,0x00000000d8900000,0x00000000d8900000)
  from space 5120K, 99% used [0x00000000d8e00000,0x00000000d92febe0,0x00000000d9300000)
  to   space 5120K, 0% used [0x00000000d8900000,0x00000000d8900000,0x00000000d8e00000)
 ParOldGen       total 86016K, used 5740K [0x0000000083a00000, 0x0000000088e00000, 0x00000000d6900000)
  object space 86016K, 6% used [0x0000000083a00000,0x0000000083f9b2e0,0x0000000088e00000)
 Metaspace       used 13891K, capacity 14352K, committed 14592K, reserved 1062912K
  class space    used 1580K, capacity 1701K, committed 1792K, reserved 1048576K
Event: 125.093 GC heap after
Heap after GC invocations=6 (full 1):
 PSYoungGen      total 37888K, used 5114K [0x00000000d6900000, 0x00000000db300000, 0x0000000100000000)
  eden space 32768K, 0% used [0x00000000d6900000,0x00000000d6900000,0x00000000d8900000)
  from space 5120K, 99% used [0x00000000d8900000,0x00000000d8dfebe0,0x00000000d8e00000)
  to   space 5120K, 0% used [0x00000000dae00000,0x00000000dae00000,0x00000000db300000)
 ParOldGen       total 86016K, used 5924K [0x0000000083a00000, 0x0000000088e00000, 0x00000000d6900000)
  object space 86016K, 6% used [0x0000000083a00000,0x0000000083fc92e0,0x0000000088e00000)
 Metaspace       used 13891K, capacity 14352K, committed 14592K, reserved 1062912K
  class space    used 1580K, capacity 1701K, committed 1792K, reserved 1048576K
}
Event: 125.442 GC heap before
{Heap before GC invocations=7 (full 1):
 PSYoungGen      total 37888K, used 37882K [0x00000000d6900000, 0x00000000db300000, 0x0000000100000000)
  eden space 32768K, 100% used [0x00000000d6900000,0x00000000d8900000,0x00000000d8900000)
  from space 5120K, 99% used [0x00000000d8900000,0x00000000d8dfebe0,0x00000000d8e00000)
  to   space 5120K, 0% used [0x00000000dae00000,0x00000000dae00000,0x00000000db300000)
 ParOldGen       total 86016K, used 5924K [0x0000000083a00000, 0x0000000088e00000, 0x00000000d6900000)
  object space 86016K, 6% used [0x0000000083a00000,0x0000000083fc92e0,0x0000000088e00000)
 Metaspace       used 13922K, capacity 14352K, committed 14592K, reserved 1062912K
  class space    used 1580K, capacity 1701K, committed 1792K, reserved 1048576K
Event: 125.489 GC heap after
Heap after GC invocations=7 (full 1):
 PSYoungGen      total 69120K, used 5103K [0x00000000d6900000, 0x00000000db600000, 0x0000000100000000)
  eden space 64000K, 0% used [0x00000000d6900000,0x00000000d6900000,0x00000000da780000)
  from space 5120K, 99% used [0x00000000dae00000,0x00000000db2fbc70,0x00000000db300000)
  to   space 6656K, 0% used [0x00000000da780000,0x00000000da780000,0x00000000dae00000)
 ParOldGen       total 86016K, used 6413K [0x0000000083a00000, 0x0000000088e00000, 0x00000000d6900000)
  object space 86016K, 7% used [0x0000000083a00000,0x0000000084043708,0x0000000088e00000)
 Metaspace       used 13922K, capacity 14352K, committed 14592K, reserved 1062912K
  class space    used 1580K, capacity 1701K, committed 1792K, reserved 1048576K
}
Event: 126.500 GC heap before
{Heap before GC invocations=8 (full 1):
 PSYoungGen      total 69120K, used 69103K [0x00000000d6900000, 0x00000000db600000, 0x0000000100000000)
  eden space 64000K, 100% used [0x00000000d6900000,0x00000000da780000,0x00000000da780000)
  from space 5120K, 99% used [0x00000000dae00000,0x00000000db2fbc70,0x00000000db300000)
  to   space 6656K, 0% used [0x00000000da780000,0x00000000da780000,0x00000000dae00000)
 ParOldGen       total 86016K, used 6413K [0x0000000083a00000, 0x0000000088e00000, 0x00000000d6900000)
  object space 86016K, 7% used [0x0000000083a00000,0x0000000084043708,0x0000000088e00000)
 Metaspace       used 13979K, capacity 14416K, committed 14592K, reserved 1062912K
  class space    used 1580K, capacity 1701K, committed 1792K, reserved 1048576K
Event: 126.543 GC heap after
Heap after GC invocations=8 (full 1):
 PSYoungGen      total 70656K, used 6642K [0x00000000d6900000, 0x00000000df500000, 0x0000000100000000)
  eden space 64000K, 0% used [0x00000000d6900000,0x00000000d6900000,0x00000000da780000)
  from space 6656K, 99% used [0x00000000da780000,0x00000000dadfc9b0,0x00000000dae00000)
  to   space 7680K, 0% used [0x00000000ded80000,0x00000000ded80000,0x00000000df500000)
 ParOldGen       total 86016K, used 7186K [0x0000000083a00000, 0x0000000088e00000, 0x00000000d6900000)
  object space 86016K, 8% used [0x0000000083a00000,0x0000000084104978,0x0000000088e00000)
 Metaspace       used 13979K, capacity 14416K, committed 14592K, reserved 1062912K
  class space    used 1580K, capacity 1701K, committed 1792K, reserved 1048576K
}
Event: 131.374 GC heap before
{Heap before GC invocations=9 (full 1):
 PSYoungGen      total 70656K, used 70642K [0x00000000d6900000, 0x00000000df500000, 0x0000000100000000)
  eden space 64000K, 100% used [0x00000000d6900000,0x00000000da780000,0x00000000da780000)
  from space 6656K, 99% used [0x00000000da780000,0x00000000dadfc9b0,0x00000000dae00000)
  to   space 7680K, 0% used [0x00000000ded80000,0x00000000ded80000,0x00000000df500000)
 ParOldGen       total 86016K, used 7186K [0x0000000083a00000, 0x0000000088e00000, 0x00000000d6900000)
  object space 86016K, 8% used [0x0000000083a00000,0x0000000084104978,0x0000000088e00000)
 Metaspace       used 16973K, capacity 17472K, committed 17792K, reserved 1064960K
  class space    used 1910K, capacity 2052K, committed 2176K, reserved 1048576K
Event: 131.505 GC heap after
Heap after GC invocations=9 (full 1):
 PSYoungGen      total 132608K, used 7653K [0x00000000d6900000, 0x00000000dfb00000, 0x0000000100000000)
  eden space 124928K, 0% used [0x00000000d6900000,0x00000000d6900000,0x00000000de300000)
  from space 7680K, 99% used [0x00000000ded80000,0x00000000df4f9710,0x00000000df500000)
  to   space 10752K, 0% used [0x00000000de300000,0x00000000de300000,0x00000000ded80000)
 ParOldGen       total 86016K, used 12711K [0x0000000083a00000, 0x0000000088e00000, 0x00000000d6900000)
  object space 86016K, 14% used [0x0000000083a00000,0x0000000084669e50,0x0000000088e00000)
 Metaspace       used 16973K, capacity 17472K, committed 17792K, reserved 1064960K
  class space    used 1910K, capacity 2052K, committed 2176K, reserved 1048576K
}

