# JRE version: Java(TM) SE Runtime Environment (8.0_181-b13) (build 1.8.0_181-b13)
# Java VM: Java HotSpot(TM) 64-Bit Server VM (25.181-b13 mixed mode linux-amd64 compressed oops)
Heap:
 PSYoungGen      total 136192K, used 8179K [0x00000000d6900000, 0x00000000df900000, 0x0000000100000000)
  eden space 128000K, 0% used [0x00000000d6900000,0x00000000d6900000,0x00000000de600000)
  from space 8192K, 99% used [0x00000000de600000,0x00000000dedfcc20,0x00000000dee00000)
  to   space 5120K, 0% used [0x00000000dee00000,0x00000000dee00000,0x00000000df300000)
 ParOldGen       total 86016K, used 23265K [0x0000000083a00000, 0x0000000088e00000, 0x00000000d6900000)
  object space 86016K, 27% used [0x0000000083a00000,0x00000000850b8740,0x0000000088e00000)
 Metaspace       used 18855K, capacity 19366K, committed 19712K, reserved 1067008K
  class space    used 2099K, capacity 2253K, committed 2304K, reserved 1048576K
GC Heap History (10 events):
Event: 94.535 GC heap after
Heap after GC invocations=3 (full 1):
 PSYoungGen      total 37888K, used 5092K [0x00000000d6900000, 0x00000000d9300000, 0x0000000100000000)
  eden space 32768K, 0% used [0x00000000d6900000,0x00000000d6900000,0x00000000d8900000)
  from space 5120K, 99% used [0x00000000d8e00000,0x00000000d92f9178,0x00000000d9300000)
  to   space 5120K, 0% used [0x00000000d8900000,0x00000000d8900000,0x00000000d8e00000)
 ParOldGen       total 86016K, used 4452K [0x0000000083a00000, 0x0000000088e00000, 0x00000000d6900000)
  object space 86016K, 5% used [0x0000000083a00000,0x0000000083e59380,0x0000000088e00000)
 Metaspace       used 13657K, capacity 14142K, committed 14336K, reserved 1062912K
  class space    used 1577K, capacity 1700K, committed 1792K, reserved 1048576K
}
Event: 95.543 GC heap before
{Heap before GC invocations=4 (full 1):
 PSYoungGen      total 37888K, used 37860K [0x00000000d6900000, 0x00000000d9300000, 0x0000000100000000)
  eden space 32768K, 100% used [0x00000000d6900000,0x00000000d8900000,0x00000000d8900000)
  from space 5120K, 99% used [0x00000000d8e00000,0x00000000d92f9178,0x00000000d9300000)
  to   space 5120K, 0% used [0x00000000d8900000,0x00000000d8900000,0x00000000d8e00000)
 ParOldGen       total 86016K, used 4452K [0x0000000083a00000, 0x0000000088e00000, 0x00000000d6900000)
  object space 86016K, 5% used [0x0000000083a00000,0x0000000083e59380,0x0000000088e00000)
 Metaspace       used 13779K, capacity 14212K, committed 14336K, reserved 1062912K
  class space    used 1578K, capacity 1701K, committed 1792K, reserved 1048576K
Event: 95.577 GC heap after
Heap after GC invocations=4 (full 1):
 PSYoungGen      total 37888K, used 4667K [0x00000000d6900000, 0x00000000db300000, 0x0000000100000000)
  eden space 32768K, 0% used [0x00000000d6900000,0x00000000d6900000,0x00000000d8900000)
  from space 5120K, 91% used [0x00000000d8900000,0x00000000d8d8ecc0,0x00000000d8e00000)
  to   space 5120K, 0% used [0x00000000dae00000,0x00000000dae00000,0x00000000db300000)
 ParOldGen       total 86016K, used 4460K [0x0000000083a00000, 0x0000000088e00000, 0x00000000d6900000)
  object space 86016K, 5% used [0x0000000083a00000,0x0000000083e5b380,0x0000000088e00000)
 Metaspace       used 13779K, capacity 14212K, committed 14336K, reserved 1062912K
  class space    used 1578K, capacity 1701K, committed 1792K, reserved 1048576K
}
Event: 96.178 GC heap before
{Heap before GC invocations=5 (full 1):
 PSYoungGen      total 37888K, used 37435K [0x00000000d6900000, 0x00000000db300000, 0x0000000100000000)
  eden space 32768K, 100% used [0x00000000d6900000,0x00000000d8900000,0x00000000d8900000)
  from space 5120K, 91% used [0x00000000d8900000,0x00000000d8d8ecc0,0x00000000d8e00000)
  to   space 5120K, 0% used [0x00000000dae00000,0x00000000dae00000,0x00000000db300000)
 ParOldGen       total 86016K, used 4460K [0x0000000083a00000, 0x0000000088e00000, 0x00000000d6900000)
  object space 86016K, 5% used [0x0000000083a00000,0x0000000083e5b380,0x0000000088e00000)
 Metaspace       used 13811K, capacity 14212K, committed 14336K, reserved 1062912K
  class space    used 1578K, capacity 1701K, committed 1792K, reserved 1048576K
Event: 96.237 GC heap after
Heap after GC invocations=5 (full 1):
 PSYoungGen      total 70656K, used 5103K [0x00000000d6900000, 0x00000000db300000, 0x0000000100000000)
  eden space 65536K, 0% used [0x00000000d6900000,0x00000000d6900000,0x00000000da900000)
  from space 5120K, 99% used [0x00000000dae00000,0x00000000db2fbd60,0x00000000db300000)
  to   space 5120K, 0% used [0x00000000da900000,0x00000000da900000,0x00000000dae00000)
 ParOldGen       total 86016K, used 4916K [0x0000000083a00000, 0x0000000088e00000, 0x00000000d6900000)
  object space 86016K, 5% used [0x0000000083a00000,0x0000000083ecd3c0,0x0000000088e00000)
 Metaspace       used 13811K, capacity 14212K, committed 14336K, reserved 1062912K
  class space    used 1578K, capacity 1701K, committed 1792K, reserved 1048576K
}
Event: 97.160 GC heap before
{Heap before GC invocations=6 (full 1):
 PSYoungGen      total 70656K, used 70639K [0x00000000d6900000, 0x00000000db300000, 0x0000000100000000)
  eden space 65536K, 100% used [0x00000000d6900000,0x00000000da900000,0x00000000da900000)
  from space 5120K, 99% used [0x00000000dae00000,0x00000000db2fbd60,0x00000000db300000)
  to   space 5120K, 0% used [0x00000000da900000,0x00000000da900000,0x00000000dae00000)
 ParOldGen       total 86016K, used 4916K [0x0000000083a00000, 0x0000000088e00000, 0x00000000d6900000)
  object space 86016K, 5% used [0x0000000083a00000,0x0000000083ecd3c0,0x0000000088e00000)
 Metaspace       used 13858K, capacity 14276K, committed 14592K, reserved 1062912K
  class space    used 1578K, capacity 1701K, committed 1792K, reserved 1048576K
Event: 97.255 GC heap after
Heap after GC invocations=6 (full 1):
 PSYoungGen      total 70656K, used 5115K [0x00000000d6900000, 0x00000000df300000, 0x0000000100000000)
  eden space 65536K, 0% used [0x00000000d6900000,0x00000000d6900000,0x00000000da900000)
  from space 5120K, 99% used [0x00000000da900000,0x00000000dadfec90,0x00000000dae00000)
  to   space 5120K, 0% used [0x00000000dee00000,0x00000000dee00000,0x00000000df300000)
 ParOldGen       total 86016K, used 5405K [0x0000000083a00000, 0x0000000088e00000, 0x00000000d6900000)
  object space 86016K, 6% used [0x0000000083a00000,0x0000000083f47470,0x0000000088e00000)
 Metaspace       used 13858K, capacity 14276K, committed 14592K, reserved 1062912K
  class space    used 1578K, capacity 1701K, committed 1792K, reserved 1048576K
}
Event: 98.449 GC heap before
{Heap before GC invocations=7 (full 1):
 PSYoungGen      total 70656K, used 70651K [0x00000000d6900000, 0x00000000df300000, 0x0000000100000000)
  eden space 65536K, 100% used [0x00000000d6900000,0x00000000da900000,0x00000000da900000)
  from space 5120K, 99% used [0x00000000da900000,0x00000000dadfec90,0x00000000dae00000)
  to   space 5120K, 0% used [0x00000000dee00000,0x00000000dee00000,0x00000000df300000)
 ParOldGen       total 86016K, used 5405K [0x0000000083a00000, 0x0000000088e00000, 0x00000000d6900000)
  object space 86016K, 6% used [0x0000000083a00000,0x0000000083f47470,0x0000000088e00000)
 Metaspace       used 14085K, capacity 14532K, committed 14848K, reserved 1062912K
  class space    used 1580K, capacity 1701K, committed 1792K, reserved 1048576K
Event: 98.654 GC heap after
Heap after GC invocations=7 (full 1):
 PSYoungGen      total 133120K, used 5118K [0x00000000d6900000, 0x00000000df900000, 0x0000000100000000)
  eden space 128000K, 0% used [0x00000000d6900000,0x00000000d6900000,0x00000000de600000)
  from space 5120K, 99% used [0x00000000dee00000,0x00000000df2ffbd8,0x00000000df300000)
  to   space 8192K, 0% used [0x00000000de600000,0x00000000de600000,0x00000000dee00000)
 ParOldGen       total 86016K, used 8744K [0x0000000083a00000, 0x0000000088e00000, 0x00000000d6900000)
  object space 86016K, 10% used [0x0000000083a00000,0x000000008428a180,0x0000000088e00000)
 Metaspace       used 14085K, capacity 14532K, committed 14848K, reserved 1062912K
  class space    used 1580K, capacity 1701K, committed 1792K, reserved 1048576K
}
Event: 126.665 GC heap before
{Heap before GC invocations=8 (full 1):
 PSYoungGen      total 133120K, used 133118K [0x00000000d6900000, 0x00000000df900000, 0x0000000100000000)
  eden space 128000K, 100% used [0x00000000d6900000,0x00000000de600000,0x00000000de600000)
  from space 5120K, 99% used [0x00000000dee00000,0x00000000df2ffbd8,0x00000000df300000)
  to   space 8192K, 0% used [0x00000000de600000,0x00000000de600000,0x00000000dee00000)
 ParOldGen       total 86016K, used 8744K [0x0000000083a00000, 0x0000000088e00000, 0x00000000d6900000)
  object space 86016K, 10% used [0x0000000083a00000,0x000000008428a180,0x0000000088e00000)
 Metaspace       used 18855K, capacity 19366K, committed 19712K, reserved 1067008K
  class space    used 2099K, capacity 2253K, committed 2304K, reserved 1048576K

