# JRE version: Java(TM) SE Runtime Environment (8.0_181-b13) (build 1.8.0_181-b13)
# Java VM: Java HotSpot(TM) 64-Bit Server VM (25.181-b13 mixed mode linux-amd64 compressed oops)
Heap:
 PSYoungGen      total 136192K, used 10264K [0x00000000d6900000, 0x00000000dfe00000, 0x0000000100000000)
  eden space 125440K, 0% used [0x00000000d6900000,0x00000000d6900000,0x00000000de380000)
  from space 10752K, 95% used [0x00000000de380000,0x00000000ded86248,0x00000000dee00000)
  to   space 5120K, 0% used [0x00000000dee00000,0x00000000dee00000,0x00000000df300000)
 ParOldGen       total 86016K, used 18609K [0x0000000083a00000, 0x0000000088e00000, 0x00000000d6900000)
  object space 86016K, 21% used [0x0000000083a00000,0x0000000084c2c5d0,0x0000000088e00000)
 Metaspace       used 14975K, capacity 15476K, committed 15744K, reserved 1062912K
  class space    used 1662K, capacity 1826K, committed 1920K, reserved 1048576K
GC Heap History (10 events):
Event: 3.525 GC heap after
Heap after GC invocations=3 (full 1):
 PSYoungGen      total 70656K, used 0K [0x00000000d6900000, 0x00000000db300000, 0x0000000100000000)
  eden space 65536K, 0% used [0x00000000d6900000,0x00000000d6900000,0x00000000da900000)
  from space 5120K, 0% used [0x00000000dae00000,0x00000000dae00000,0x00000000db300000)
  to   space 5120K, 0% used [0x00000000da900000,0x00000000da900000,0x00000000dae00000)
 ParOldGen       total 86016K, used 10646K [0x0000000083a00000, 0x0000000088e00000, 0x00000000d6900000)
  object space 86016K, 12% used [0x0000000083a00000,0x0000000084465980,0x0000000088e00000)
 Metaspace       used 10300K, capacity 10458K, committed 10624K, reserved 1058816K
  class space    used 1245K, capacity 1319K, committed 1408K, reserved 1048576K
}
Event: 121.956 GC heap before
{Heap before GC invocations=4 (full 1):
 PSYoungGen      total 70656K, used 65536K [0x00000000d6900000, 0x00000000db300000, 0x0000000100000000)
  eden space 65536K, 100% used [0x00000000d6900000,0x00000000da900000,0x00000000da900000)
  from space 5120K, 0% used [0x00000000dae00000,0x00000000dae00000,0x00000000db300000)
  to   space 5120K, 0% used [0x00000000da900000,0x00000000da900000,0x00000000dae00000)
 ParOldGen       total 86016K, used 10646K [0x0000000083a00000, 0x0000000088e00000, 0x00000000d6900000)
  object space 86016K, 12% used [0x0000000083a00000,0x0000000084465980,0x0000000088e00000)
 Metaspace       used 14606K, capacity 15032K, committed 15232K, reserved 1062912K
  class space    used 1653K, capacity 1816K, committed 1920K, reserved 1048576K
Event: 122.035 GC heap after
Heap after GC invocations=4 (full 1):
 PSYoungGen      total 70656K, used 5120K [0x00000000d6900000, 0x00000000db300000, 0x0000000100000000)
  eden space 65536K, 0% used [0x00000000d6900000,0x00000000d6900000,0x00000000da900000)
  from space 5120K, 100% used [0x00000000da900000,0x00000000dae00000,0x00000000dae00000)
  to   space 5120K, 0% used [0x00000000dae00000,0x00000000dae00000,0x00000000db300000)
 ParOldGen       total 86016K, used 14548K [0x0000000083a00000, 0x0000000088e00000, 0x00000000d6900000)
  object space 86016K, 16% used [0x0000000083a00000,0x0000000084835218,0x0000000088e00000)
 Metaspace       used 14606K, capacity 15032K, committed 15232K, reserved 1062912K
  class space    used 1653K, capacity 1816K, committed 1920K, reserved 1048576K
}
Event: 122.712 GC heap before
{Heap before GC invocations=5 (full 1):
 PSYoungGen      total 70656K, used 70656K [0x00000000d6900000, 0x00000000db300000, 0x0000000100000000)
  eden space 65536K, 100% used [0x00000000d6900000,0x00000000da900000,0x00000000da900000)
  from space 5120K, 100% used [0x00000000da900000,0x00000000dae00000,0x00000000dae00000)
  to   space 5120K, 0% used [0x00000000dae00000,0x00000000dae00000,0x00000000db300000)
 ParOldGen       total 86016K, used 14548K [0x0000000083a00000, 0x0000000088e00000, 0x00000000d6900000)
  object space 86016K, 16% used [0x0000000083a00000,0x0000000084835218,0x0000000088e00000)
 Metaspace       used 14742K, capacity 15206K, committed 15488K, reserved 1062912K
  class space    used 1661K, capacity 1825K, committed 1920K, reserved 1048576K
Event: 122.727 GC heap after
Heap after GC invocations=5 (full 1):
 PSYoungGen      total 70656K, used 5120K [0x00000000d6900000, 0x00000000df300000, 0x0000000100000000)
  eden space 65536K, 0% used [0x00000000d6900000,0x00000000d6900000,0x00000000da900000)
  from space 5120K, 100% used [0x00000000dae00000,0x00000000db300000,0x00000000db300000)
  to   space 5120K, 0% used [0x00000000da900000,0x00000000da900000,0x00000000dae00000)
 ParOldGen       total 86016K, used 15193K [0x0000000083a00000, 0x0000000088e00000, 0x00000000d6900000)
  object space 86016K, 17% used [0x0000000083a00000,0x00000000848d6798,0x0000000088e00000)
 Metaspace       used 14742K, capacity 15206K, committed 15488K, reserved 1062912K
  class space    used 1661K, capacity 1825K, committed 1920K, reserved 1048576K
}
Event: 123.495 GC heap before
{Heap before GC invocations=6 (full 1):
 PSYoungGen      total 70656K, used 70656K [0x00000000d6900000, 0x00000000df300000, 0x0000000100000000)
  eden space 65536K, 100% used [0x00000000d6900000,0x00000000da900000,0x00000000da900000)
  from space 5120K, 100% used [0x00000000dae00000,0x00000000db300000,0x00000000db300000)
  to   space 5120K, 0% used [0x00000000da900000,0x00000000da900000,0x00000000dae00000)
 ParOldGen       total 86016K, used 15193K [0x0000000083a00000, 0x0000000088e00000, 0x00000000d6900000)
  object space 86016K, 17% used [0x0000000083a00000,0x00000000848d6798,0x0000000088e00000)
 Metaspace       used 14784K, capacity 15212K, committed 15488K, reserved 1062912K
  class space    used 1662K, capacity 1826K, committed 1920K, reserved 1048576K
Event: 123.528 GC heap after
Heap after GC invocations=6 (full 1):
 PSYoungGen      total 70656K, used 5120K [0x00000000d6900000, 0x00000000df300000, 0x0000000100000000)
  eden space 65536K, 0% used [0x00000000d6900000,0x00000000d6900000,0x00000000da900000)
  from space 5120K, 100% used [0x00000000da900000,0x00000000dae00000,0x00000000dae00000)
  to   space 5120K, 0% used [0x00000000dee00000,0x00000000dee00000,0x00000000df300000)
 ParOldGen       total 86016K, used 16118K [0x0000000083a00000, 0x0000000088e00000, 0x00000000d6900000)
  object space 86016K, 18% used [0x0000000083a00000,0x00000000849bd9c0,0x0000000088e00000)
 Metaspace       used 14784K, capacity 15212K, committed 15488K, reserved 1062912K
  class space    used 1662K, capacity 1826K, committed 1920K, reserved 1048576K
}
Event: 124.360 GC heap before
{Heap before GC invocations=7 (full 1):
 PSYoungGen      total 70656K, used 70656K [0x00000000d6900000, 0x00000000df300000, 0x0000000100000000)
  eden space 65536K, 100% used [0x00000000d6900000,0x00000000da900000,0x00000000da900000)
  from space 5120K, 100% used [0x00000000da900000,0x00000000dae00000,0x00000000dae00000)
  to   space 5120K, 0% used [0x00000000dee00000,0x00000000dee00000,0x00000000df300000)
 ParOldGen       total 86016K, used 16118K [0x0000000083a00000, 0x0000000088e00000, 0x00000000d6900000)
  object space 86016K, 18% used [0x0000000083a00000,0x00000000849bd9c0,0x0000000088e00000)
 Metaspace       used 14840K, capacity 15340K, committed 15488K, reserved 1062912K
  class space    used 1662K, capacity 1826K, committed 1920K, reserved 1048576K
Event: 124.391 GC heap after
Heap after GC invocations=7 (full 1):
 PSYoungGen      total 130560K, used 5104K [0x00000000d6900000, 0x00000000dfe00000, 0x0000000100000000)
  eden space 125440K, 0% used [0x00000000d6900000,0x00000000d6900000,0x00000000de380000)
  from space 5120K, 99% used [0x00000000dee00000,0x00000000df2fc050,0x00000000df300000)
  to   space 10752K, 0% used [0x00000000de380000,0x00000000de380000,0x00000000dee00000)
 ParOldGen       total 86016K, used 18609K [0x0000000083a00000, 0x0000000088e00000, 0x00000000d6900000)
  object space 86016K, 21% used [0x0000000083a00000,0x0000000084c2c5d0,0x0000000088e00000)
 Metaspace       used 14840K, capacity 15340K, committed 15488K, reserved 1062912K
  class space    used 1662K, capacity 1826K, committed 1920K, reserved 1048576K
}
Event: 125.992 GC heap before
{Heap before GC invocations=8 (full 1):
 PSYoungGen      total 130560K, used 130544K [0x00000000d6900000, 0x00000000dfe00000, 0x0000000100000000)
  eden space 125440K, 100% used [0x00000000d6900000,0x00000000de380000,0x00000000de380000)
  from space 5120K, 99% used [0x00000000dee00000,0x00000000df2fc050,0x00000000df300000)
  to   space 10752K, 0% used [0x00000000de380000,0x00000000de380000,0x00000000dee00000)
 ParOldGen       total 86016K, used 18609K [0x0000000083a00000, 0x0000000088e00000, 0x00000000d6900000)
  object space 86016K, 21% used [0x0000000083a00000,0x0000000084c2c5d0,0x0000000088e00000)
 Metaspace       used 14975K, capacity 15476K, committed 15744K, reserved 1062912K
  class space    used 1662K, capacity 1826K, committed 1920K, reserved 1048576K

