# JRE version: Java(TM) SE Runtime Environment (8.0_181-b13) (build 1.8.0_181-b13)
# Java VM: Java HotSpot(TM) 64-Bit Server VM (25.181-b13 mixed mode linux-amd64 compressed oops)
Heap:
 PSYoungGen      total 569344K, used 390249K [0x00000000d6900000, 0x00000000ff680000, 0x0000000100000000)
  eden space 480768K, 75% used [0x00000000d6900000,0x00000000ecd94128,0x00000000f3e80000)
  from space 88576K, 28% used [0x00000000fa000000,0x00000000fb8864a8,0x00000000ff680000)
  to   space 94208K, 0% used [0x00000000f3e80000,0x00000000f3e80000,0x00000000f9a80000)
 ParOldGen       total 336896K, used 212486K [0x0000000083a00000, 0x0000000098300000, 0x00000000d6900000)
  object space 336896K, 63% used [0x0000000083a00000,0x0000000090981898,0x0000000098300000)
 Metaspace       used 51827K, capacity 53340K, committed 53632K, reserved 1095680K
  class space    used 6364K, capacity 6699K, committed 6784K, reserved 1048576K
GC Heap History (10 events):
Event: 97.630 GC heap before
{Heap before GC invocations=26 (full 3):
 PSYoungGen      total 549888K, used 537366K [0x00000000d6900000, 0x0000000100000000, 0x0000000100000000)
  eden space 462848K, 100% used [0x00000000d6900000,0x00000000f2d00000,0x00000000f2d00000)
  from space 87040K, 85% used [0x00000000fab00000,0x00000000ff3c59d0,0x0000000100000000)
  to   space 108032K, 0% used [0x00000000f2d00000,0x00000000f2d00000,0x00000000f9680000)
 ParOldGen       total 199680K, used 137597K [0x0000000083a00000, 0x000000008fd00000, 0x00000000d6900000)
  object space 199680K, 68% used [0x0000000083a00000,0x000000008c05f638,0x000000008fd00000)
 Metaspace       used 44094K, capacity 45074K, committed 45312K, reserved 1089536K
  class space    used 5586K, capacity 5832K, committed 5888K, reserved 1048576K
Event: 98.128 GC heap after
Heap after GC invocations=26 (full 3):
 PSYoungGen      total 570880K, used 41605K [0x00000000d6900000, 0x0000000100000000, 0x0000000100000000)
  eden space 462848K, 0% used [0x00000000d6900000,0x00000000d6900000,0x00000000f2d00000)
  from space 108032K, 38% used [0x00000000f2d00000,0x00000000f55a17d8,0x00000000f9680000)
  to   space 101376K, 0% used [0x00000000f9d00000,0x00000000f9d00000,0x0000000100000000)
 ParOldGen       total 199680K, used 171608K [0x0000000083a00000, 0x000000008fd00000, 0x00000000d6900000)
  object space 199680K, 85% used [0x0000000083a00000,0x000000008e196198,0x000000008fd00000)
 Metaspace       used 44094K, capacity 45074K, committed 45312K, reserved 1089536K
  class space    used 5586K, capacity 5832K, committed 5888K, reserved 1048576K
}
Event: 98.128 GC heap before
{Heap before GC invocations=27 (full 4):
 PSYoungGen      total 570880K, used 41605K [0x00000000d6900000, 0x0000000100000000, 0x0000000100000000)
  eden space 462848K, 0% used [0x00000000d6900000,0x00000000d6900000,0x00000000f2d00000)
  from space 108032K, 38% used [0x00000000f2d00000,0x00000000f55a17d8,0x00000000f9680000)
  to   space 101376K, 0% used [0x00000000f9d00000,0x00000000f9d00000,0x0000000100000000)
 ParOldGen       total 199680K, used 171608K [0x0000000083a00000, 0x000000008fd00000, 0x00000000d6900000)
  object space 199680K, 85% used [0x0000000083a00000,0x000000008e196198,0x000000008fd00000)
 Metaspace       used 44094K, capacity 45074K, committed 45312K, reserved 1089536K
  class space    used 5586K, capacity 5832K, committed 5888K, reserved 1048576K
Event: 105.470 GC heap after
Heap after GC invocations=27 (full 4):
 PSYoungGen      total 570880K, used 13365K [0x00000000d6900000, 0x0000000100000000, 0x0000000100000000)
  eden space 462848K, 0% used [0x00000000d6900000,0x00000000d6900000,0x00000000f2d00000)
  from space 108032K, 12% used [0x00000000f2d00000,0x00000000f3a0d5f0,0x00000000f9680000)
  to   space 101376K, 0% used [0x00000000f9d00000,0x00000000f9d00000,0x0000000100000000)
 ParOldGen       total 336896K, used 199170K [0x0000000083a00000, 0x0000000098300000, 0x00000000d6900000)
  object space 336896K, 59% used [0x0000000083a00000,0x000000008fc80a80,0x0000000098300000)
 Metaspace       used 44038K, capacity 44984K, committed 45312K, reserved 1089536K
  class space    used 5578K, capacity 5817K, committed 5888K, reserved 1048576K
}
Event: 114.194 GC heap before
{Heap before GC invocations=28 (full 4):
 PSYoungGen      total 570880K, used 474764K [0x00000000d6900000, 0x0000000100000000, 0x0000000100000000)
  eden space 462848K, 99% used [0x00000000d6900000,0x00000000f2b95dc0,0x00000000f2d00000)
  from space 108032K, 12% used [0x00000000f2d00000,0x00000000f3a0d5f0,0x00000000f9680000)
  to   space 101376K, 0% used [0x00000000f9d00000,0x00000000f9d00000,0x0000000100000000)
 ParOldGen       total 336896K, used 199170K [0x0000000083a00000, 0x0000000098300000, 0x00000000d6900000)
  object space 336896K, 59% used [0x0000000083a00000,0x000000008fc80a80,0x0000000098300000)
 Metaspace       used 44068K, capacity 45000K, committed 45312K, reserved 1089536K
  class space    used 5580K, capacity 5821K, committed 5888K, reserved 1048576K
Event: 114.732 GC heap after
Heap after GC invocations=28 (full 4):
 PSYoungGen      total 561152K, used 16736K [0x00000000d6900000, 0x00000000ff680000, 0x0000000100000000)
  eden space 469504K, 0% used [0x00000000d6900000,0x00000000d6900000,0x00000000f3380000)
  from space 91648K, 18% used [0x00000000f9d00000,0x00000000fad58060,0x00000000ff680000)
  to   space 99840K, 0% used [0x00000000f3380000,0x00000000f3380000,0x00000000f9500000)
 ParOldGen       total 336896K, used 212470K [0x0000000083a00000, 0x0000000098300000, 0x00000000d6900000)
  object space 336896K, 63% used [0x0000000083a00000,0x000000009097d898,0x0000000098300000)
 Metaspace       used 44068K, capacity 45000K, committed 45312K, reserved 1089536K
  class space    used 5580K, capacity 5821K, committed 5888K, reserved 1048576K
}
Event: 125.494 GC heap before
{Heap before GC invocations=29 (full 4):
 PSYoungGen      total 561152K, used 486240K [0x00000000d6900000, 0x00000000ff680000, 0x0000000100000000)
  eden space 469504K, 100% used [0x00000000d6900000,0x00000000f3380000,0x00000000f3380000)
  from space 91648K, 18% used [0x00000000f9d00000,0x00000000fad58060,0x00000000ff680000)
  to   space 99840K, 0% used [0x00000000f3380000,0x00000000f3380000,0x00000000f9500000)
 ParOldGen       total 336896K, used 212470K [0x0000000083a00000, 0x0000000098300000, 0x00000000d6900000)
  object space 336896K, 63% used [0x0000000083a00000,0x000000009097d898,0x0000000098300000)
 Metaspace       used 45292K, capacity 46574K, committed 46720K, reserved 1089536K
  class space    used 5670K, capacity 5956K, committed 6016K, reserved 1048576K
Event: 125.598 GC heap after
Heap after GC invocations=29 (full 4):
 PSYoungGen      total 569344K, used 12422K [0x00000000d6900000, 0x0000000100000000, 0x0000000100000000)
  eden space 469504K, 0% used [0x00000000d6900000,0x00000000d6900000,0x00000000f3380000)
  from space 99840K, 12% used [0x00000000f3380000,0x00000000f3fa1828,0x00000000f9500000)
  to   space 98304K, 0% used [0x00000000fa000000,0x00000000fa000000,0x0000000100000000)
 ParOldGen       total 336896K, used 212478K [0x0000000083a00000, 0x0000000098300000, 0x00000000d6900000)
  object space 336896K, 63% used [0x0000000083a00000,0x000000009097f898,0x0000000098300000)
 Metaspace       used 45292K, capacity 46574K, committed 46720K, reserved 1089536K
  class space    used 5670K, capacity 5956K, committed 6016K, reserved 1048576K
}
Event: 176.442 GC heap before
{Heap before GC invocations=30 (full 4):
 PSYoungGen      total 569344K, used 481926K [0x00000000d6900000, 0x0000000100000000, 0x0000000100000000)
  eden space 469504K, 100% used [0x00000000d6900000,0x00000000f3380000,0x00000000f3380000)
  from space 99840K, 12% used [0x00000000f3380000,0x00000000f3fa1828,0x00000000f9500000)
  to   space 98304K, 0% used [0x00000000fa000000,0x00000000fa000000,0x0000000100000000)
 ParOldGen       total 336896K, used 212478K [0x0000000083a00000, 0x0000000098300000, 0x00000000d6900000)
  object space 336896K, 63% used [0x0000000083a00000,0x000000009097f898,0x0000000098300000)
 Metaspace       used 45972K, capacity 47504K, committed 47616K, reserved 1091584K
  class space    used 5727K, capacity 6057K, committed 6144K, reserved 1048576K
Event: 176.724 GC heap after
Heap after GC invocations=30 (full 4):
 PSYoungGen      total 569344K, used 25113K [0x00000000d6900000, 0x00000000ff680000, 0x0000000100000000)
  eden space 480768K, 0% used [0x00000000d6900000,0x00000000d6900000,0x00000000f3e80000)
  from space 88576K, 28% used [0x00000000fa000000,0x00000000fb8864a8,0x00000000ff680000)
  to   space 94208K, 0% used [0x00000000f3e80000,0x00000000f3e80000,0x00000000f9a80000)
 ParOldGen       total 336896K, used 212486K [0x0000000083a00000, 0x0000000098300000, 0x00000000d6900000)
  object space 336896K, 63% used [0x0000000083a00000,0x0000000090981898,0x0000000098300000)
 Metaspace       used 45972K, capacity 47504K, committed 47616K, reserved 1091584K
  class space    used 5727K, capacity 6057K, committed 6144K, reserved 1048576K
}

