# JRE version: Java(TM) SE Runtime Environment (8.0_181-b13) (build 1.8.0_181-b13)
# Java VM: Java HotSpot(TM) 64-Bit Server VM (25.181-b13 mixed mode linux-amd64 compressed oops)
Heap:
 PSYoungGen      total 626688K, used 0K [0x00000000d6900000, 0x0000000100000000, 0x0000000100000000)
  eden space 574464K, 0% used [0x00000000d6900000,0x00000000d6900000,0x00000000f9a00000)
  from space 52224K, 0% used [0x00000000f9a00000,0x00000000f9a00000,0x00000000fcd00000)
  to   space 49664K, 0% used [0x00000000fcf80000,0x00000000fcf80000,0x0000000100000000)
 ParOldGen       total 180736K, used 174176K [0x0000000083a00000, 0x000000008ea80000, 0x00000000d6900000)
  object space 180736K, 96% used [0x0000000083a00000,0x000000008e418298,0x000000008ea80000)
 Metaspace       used 43562K, capacity 44514K, committed 44800K, reserved 1087488K
  class space    used 5562K, capacity 5795K, committed 5888K, reserved 1048576K
GC Heap History (10 events):
Event: 55.949 GC heap after
Heap after GC invocations=18 (full 2):
 PSYoungGen      total 626176K, used 11311K [0x00000000d6900000, 0x00000000fef00000, 0x0000000100000000)
  eden space 614400K, 0% used [0x00000000d6900000,0x00000000d6900000,0x00000000fc100000)
  from space 11776K, 96% used [0x00000000fe380000,0x00000000fee8bfb8,0x00000000fef00000)
  to   space 18432K, 0% used [0x00000000fcb00000,0x00000000fcb00000,0x00000000fdd00000)
 ParOldGen       total 83456K, used 64261K [0x0000000083a00000, 0x0000000088b80000, 0x00000000d6900000)
  object space 83456K, 77% used [0x0000000083a00000,0x00000000878c17b0,0x0000000088b80000)
 Metaspace       used 34339K, capacity 34682K, committed 34944K, reserved 1079296K
  class space    used 4285K, capacity 4399K, committed 4480K, reserved 1048576K
}
Event: 70.466 GC heap before
{Heap before GC invocations=19 (full 2):
 PSYoungGen      total 626176K, used 625711K [0x00000000d6900000, 0x00000000fef00000, 0x0000000100000000)
  eden space 614400K, 100% used [0x00000000d6900000,0x00000000fc100000,0x00000000fc100000)
  from space 11776K, 96% used [0x00000000fe380000,0x00000000fee8bfb8,0x00000000fef00000)
  to   space 18432K, 0% used [0x00000000fcb00000,0x00000000fcb00000,0x00000000fdd00000)
 ParOldGen       total 83456K, used 64261K [0x0000000083a00000, 0x0000000088b80000, 0x00000000d6900000)
  object space 83456K, 77% used [0x0000000083a00000,0x00000000878c17b0,0x0000000088b80000)
 Metaspace       used 34560K, capacity 34950K, committed 35200K, reserved 1079296K
  class space    used 4288K, capacity 4399K, committed 4480K, reserved 1048576K
Event: 70.969 GC heap after
Heap after GC invocations=19 (full 2):
 PSYoungGen      total 643072K, used 18424K [0x00000000d6900000, 0x0000000100000000, 0x0000000100000000)
  eden space 624640K, 0% used [0x00000000d6900000,0x00000000d6900000,0x00000000fcb00000)
  from space 18432K, 99% used [0x00000000fcb00000,0x00000000fdcfe080,0x00000000fdd00000)
  to   space 33792K, 0% used [0x00000000fdf00000,0x00000000fdf00000,0x0000000100000000)
 ParOldGen       total 99328K, used 99114K [0x0000000083a00000, 0x0000000089b00000, 0x00000000d6900000)
  object space 99328K, 99% used [0x0000000083a00000,0x0000000089acab08,0x0000000089b00000)
 Metaspace       used 34560K, capacity 34950K, committed 35200K, reserved 1079296K
  class space    used 4288K, capacity 4399K, committed 4480K, reserved 1048576K
}
Event: 70.969 GC heap before
{Heap before GC invocations=20 (full 3):
 PSYoungGen      total 643072K, used 18424K [0x00000000d6900000, 0x0000000100000000, 0x0000000100000000)
  eden space 624640K, 0% used [0x00000000d6900000,0x00000000d6900000,0x00000000fcb00000)
  from space 18432K, 99% used [0x00000000fcb00000,0x00000000fdcfe080,0x00000000fdd00000)
  to   space 33792K, 0% used [0x00000000fdf00000,0x00000000fdf00000,0x0000000100000000)
 ParOldGen       total 99328K, used 99114K [0x0000000083a00000, 0x0000000089b00000, 0x00000000d6900000)
  object space 99328K, 99% used [0x0000000083a00000,0x0000000089acab08,0x0000000089b00000)
 Metaspace       used 34560K, capacity 34950K, committed 35200K, reserved 1079296K
  class space    used 4288K, capacity 4399K, committed 4480K, reserved 1048576K
Event: 75.397 GC heap after
Heap after GC invocations=20 (full 3):
 PSYoungGen      total 643072K, used 17392K [0x00000000d6900000, 0x0000000100000000, 0x0000000100000000)
  eden space 624640K, 0% used [0x00000000d6900000,0x00000000d6900000,0x00000000fcb00000)
  from space 18432K, 94% used [0x00000000fcb00000,0x00000000fdbfc3b8,0x00000000fdd00000)
  to   space 33792K, 0% used [0x00000000fdf00000,0x00000000fdf00000,0x0000000100000000)
 ParOldGen       total 180736K, used 99273K [0x0000000083a00000, 0x000000008ea80000, 0x00000000d6900000)
  object space 180736K, 54% used [0x0000000083a00000,0x0000000089af24a0,0x000000008ea80000)
 Metaspace       used 34560K, capacity 34950K, committed 35200K, reserved 1079296K
  class space    used 4288K, capacity 4399K, committed 4480K, reserved 1048576K
}
Event: 92.227 GC heap before
{Heap before GC invocations=21 (full 3):
 PSYoungGen      total 643072K, used 642032K [0x00000000d6900000, 0x0000000100000000, 0x0000000100000000)
  eden space 624640K, 100% used [0x00000000d6900000,0x00000000fcb00000,0x00000000fcb00000)
  from space 18432K, 94% used [0x00000000fcb00000,0x00000000fdbfc3b8,0x00000000fdd00000)
  to   space 33792K, 0% used [0x00000000fdf00000,0x00000000fdf00000,0x0000000100000000)
 ParOldGen       total 180736K, used 99273K [0x0000000083a00000, 0x000000008ea80000, 0x00000000d6900000)
  object space 180736K, 54% used [0x0000000083a00000,0x0000000089af24a0,0x000000008ea80000)
 Metaspace       used 42039K, capacity 42914K, committed 43136K, reserved 1087488K
  class space    used 5430K, capacity 5656K, committed 5760K, reserved 1048576K
Event: 93.995 GC heap after
Heap after GC invocations=21 (full 3):
 PSYoungGen      total 608256K, used 33772K [0x00000000d6900000, 0x0000000100000000, 0x0000000100000000)
  eden space 574464K, 0% used [0x00000000d6900000,0x00000000d6900000,0x00000000f9a00000)
  from space 33792K, 99% used [0x00000000fdf00000,0x00000000ffffb130,0x0000000100000000)
  to   space 52224K, 0% used [0x00000000f9a00000,0x00000000f9a00000,0x00000000fcd00000)
 ParOldGen       total 180736K, used 133684K [0x0000000083a00000, 0x000000008ea80000, 0x00000000d6900000)
  object space 180736K, 73% used [0x0000000083a00000,0x000000008bc8d278,0x000000008ea80000)
 Metaspace       used 42039K, capacity 42914K, committed 43136K, reserved 1087488K
  class space    used 5430K, capacity 5656K, committed 5760K, reserved 1048576K
}
Event: 113.473 GC heap before
{Heap before GC invocations=22 (full 3):
 PSYoungGen      total 608256K, used 608236K [0x00000000d6900000, 0x0000000100000000, 0x0000000100000000)
  eden space 574464K, 100% used [0x00000000d6900000,0x00000000f9a00000,0x00000000f9a00000)
  from space 33792K, 99% used [0x00000000fdf00000,0x00000000ffffb130,0x0000000100000000)
  to   space 52224K, 0% used [0x00000000f9a00000,0x00000000f9a00000,0x00000000fcd00000)
 ParOldGen       total 180736K, used 133684K [0x0000000083a00000, 0x000000008ea80000, 0x00000000d6900000)
  object space 180736K, 73% used [0x0000000083a00000,0x000000008bc8d278,0x000000008ea80000)
 Metaspace       used 43588K, capacity 44556K, committed 44800K, reserved 1087488K
  class space    used 5566K, capacity 5802K, committed 5888K, reserved 1048576K
Event: 114.119 GC heap after
Heap after GC invocations=22 (full 3):
 PSYoungGen      total 626688K, used 13536K [0x00000000d6900000, 0x0000000100000000, 0x0000000100000000)
  eden space 574464K, 0% used [0x00000000d6900000,0x00000000d6900000,0x00000000f9a00000)
  from space 52224K, 25% used [0x00000000f9a00000,0x00000000fa7382a8,0x00000000fcd00000)
  to   space 49664K, 0% used [0x00000000fcf80000,0x00000000fcf80000,0x0000000100000000)
 ParOldGen       total 180736K, used 166946K [0x0000000083a00000, 0x000000008ea80000, 0x00000000d6900000)
  object space 180736K, 92% used [0x0000000083a00000,0x000000008dd08818,0x000000008ea80000)
 Metaspace       used 43588K, capacity 44556K, committed 44800K, reserved 1087488K
  class space    used 5566K, capacity 5802K, committed 5888K, reserved 1048576K
}
Event: 114.120 GC heap before
{Heap before GC invocations=23 (full 4):
 PSYoungGen      total 626688K, used 13536K [0x00000000d6900000, 0x0000000100000000, 0x0000000100000000)
  eden space 574464K, 0% used [0x00000000d6900000,0x00000000d6900000,0x00000000f9a00000)
  from space 52224K, 25% used [0x00000000f9a00000,0x00000000fa7382a8,0x00000000fcd00000)
  to   space 49664K, 0% used [0x00000000fcf80000,0x00000000fcf80000,0x0000000100000000)
 ParOldGen       total 180736K, used 166946K [0x0000000083a00000, 0x000000008ea80000, 0x00000000d6900000)
  object space 180736K, 92% used [0x0000000083a00000,0x000000008dd08818,0x000000008ea80000)
 Metaspace       used 43588K, capacity 44556K, committed 44800K, reserved 1087488K
  class space    used 5566K, capacity 5802K, committed 5888K, reserved 1048576K

