# JRE version: Java(TM) SE Runtime Environment (8.0_181-b13) (build 1.8.0_181-b13)
# Java VM: Java HotSpot(TM) 64-Bit Server VM (25.181-b13 mixed mode linux-amd64 compressed oops)
Heap:
 PSYoungGen      total 133120K, used 6004K [0x00000000d6900000, 0x00000000df300000, 0x0000000100000000)
  eden space 124928K, 0% used [0x00000000d6900000,0x00000000d6900000,0x00000000de300000)
  from space 8192K, 73% used [0x00000000de300000,0x00000000de8dd140,0x00000000deb00000)
  to   space 8192K, 0% used [0x00000000deb00000,0x00000000deb00000,0x00000000df300000)
 ParOldGen       total 86016K, used 13134K [0x0000000083a00000, 0x0000000088e00000, 0x00000000d6900000)
  object space 86016K, 15% used [0x0000000083a00000,0x00000000846d3be8,0x0000000088e00000)
 Metaspace       used 14038K, capacity 14458K, committed 14592K, reserved 1062912K
  class space    used 1581K, capacity 1729K, committed 1792K, reserved 1048576K
GC Heap History (10 events):
Event: 114.917 GC heap after
Heap after GC invocations=5 (full 1):
 PSYoungGen      total 37888K, used 5098K [0x00000000d6900000, 0x00000000db300000, 0x0000000100000000)
  eden space 32768K, 0% used [0x00000000d6900000,0x00000000d6900000,0x00000000d8900000)
  from space 5120K, 99% used [0x00000000d8e00000,0x00000000d92fa860,0x00000000d9300000)
  to   space 5120K, 0% used [0x00000000d8900000,0x00000000d8900000,0x00000000d8e00000)
 ParOldGen       total 86016K, used 6323K [0x0000000083a00000, 0x0000000088e00000, 0x00000000d6900000)
  object space 86016K, 7% used [0x0000000083a00000,0x000000008402cde0,0x0000000088e00000)
 Metaspace       used 13902K, capacity 14330K, committed 14592K, reserved 1062912K
  class space    used 1581K, capacity 1729K, committed 1792K, reserved 1048576K
}
Event: 115.260 GC heap before
{Heap before GC invocations=6 (full 1):
 PSYoungGen      total 37888K, used 37866K [0x00000000d6900000, 0x00000000db300000, 0x0000000100000000)
  eden space 32768K, 100% used [0x00000000d6900000,0x00000000d8900000,0x00000000d8900000)
  from space 5120K, 99% used [0x00000000d8e00000,0x00000000d92fa860,0x00000000d9300000)
  to   space 5120K, 0% used [0x00000000d8900000,0x00000000d8900000,0x00000000d8e00000)
 ParOldGen       total 86016K, used 6323K [0x0000000083a00000, 0x0000000088e00000, 0x00000000d6900000)
  object space 86016K, 7% used [0x0000000083a00000,0x000000008402cde0,0x0000000088e00000)
 Metaspace       used 13950K, capacity 14394K, committed 14592K, reserved 1062912K
  class space    used 1581K, capacity 1729K, committed 1792K, reserved 1048576K
Event: 115.282 GC heap after
Heap after GC invocations=6 (full 1):
 PSYoungGen      total 37888K, used 5118K [0x00000000d6900000, 0x00000000db300000, 0x0000000100000000)
  eden space 32768K, 0% used [0x00000000d6900000,0x00000000d6900000,0x00000000d8900000)
  from space 5120K, 99% used [0x00000000d8900000,0x00000000d8dff900,0x00000000d8e00000)
  to   space 5120K, 0% used [0x00000000dae00000,0x00000000dae00000,0x00000000db300000)
 ParOldGen       total 86016K, used 7872K [0x0000000083a00000, 0x0000000088e00000, 0x00000000d6900000)
  object space 86016K, 9% used [0x0000000083a00000,0x00000000841b0278,0x0000000088e00000)
 Metaspace       used 13950K, capacity 14394K, committed 14592K, reserved 1062912K
  class space    used 1581K, capacity 1729K, committed 1792K, reserved 1048576K
}
Event: 115.602 GC heap before
{Heap before GC invocations=7 (full 1):
 PSYoungGen      total 37888K, used 37886K [0x00000000d6900000, 0x00000000db300000, 0x0000000100000000)
  eden space 32768K, 100% used [0x00000000d6900000,0x00000000d8900000,0x00000000d8900000)
  from space 5120K, 99% used [0x00000000d8900000,0x00000000d8dff900,0x00000000d8e00000)
  to   space 5120K, 0% used [0x00000000dae00000,0x00000000dae00000,0x00000000db300000)
 ParOldGen       total 86016K, used 7872K [0x0000000083a00000, 0x0000000088e00000, 0x00000000d6900000)
  object space 86016K, 9% used [0x0000000083a00000,0x00000000841b0278,0x0000000088e00000)
 Metaspace       used 13993K, capacity 14458K, committed 14592K, reserved 1062912K
  class space    used 1581K, capacity 1729K, committed 1792K, reserved 1048576K
Event: 115.638 GC heap after
Heap after GC invocations=7 (full 1):
 PSYoungGen      total 67584K, used 5106K [0x00000000d6900000, 0x00000000db900000, 0x0000000100000000)
  eden space 62464K, 0% used [0x00000000d6900000,0x00000000d6900000,0x00000000da600000)
  from space 5120K, 99% used [0x00000000dae00000,0x00000000db2fca30,0x00000000db300000)
  to   space 8192K, 0% used [0x00000000da600000,0x00000000da600000,0x00000000dae00000)
 ParOldGen       total 86016K, used 9128K [0x0000000083a00000, 0x0000000088e00000, 0x00000000d6900000)
  object space 86016K, 10% used [0x0000000083a00000,0x00000000842ea2d8,0x0000000088e00000)
 Metaspace       used 13993K, capacity 14458K, committed 14592K, reserved 1062912K
  class space    used 1581K, capacity 1729K, committed 1792K, reserved 1048576K
}
Event: 116.039 GC heap before
{Heap before GC invocations=8 (full 1):
 PSYoungGen      total 67584K, used 67570K [0x00000000d6900000, 0x00000000db900000, 0x0000000100000000)
  eden space 62464K, 100% used [0x00000000d6900000,0x00000000da600000,0x00000000da600000)
  from space 5120K, 99% used [0x00000000dae00000,0x00000000db2fca30,0x00000000db300000)
  to   space 8192K, 0% used [0x00000000da600000,0x00000000da600000,0x00000000dae00000)
 ParOldGen       total 86016K, used 9128K [0x0000000083a00000, 0x0000000088e00000, 0x00000000d6900000)
  object space 86016K, 10% used [0x0000000083a00000,0x00000000842ea2d8,0x0000000088e00000)
 Metaspace       used 13999K, capacity 14458K, committed 14592K, reserved 1062912K
  class space    used 1581K, capacity 1729K, committed 1792K, reserved 1048576K
Event: 116.073 GC heap after
Heap after GC invocations=8 (full 1):
 PSYoungGen      total 70656K, used 6396K [0x00000000d6900000, 0x00000000df300000, 0x0000000100000000)
  eden space 62464K, 0% used [0x00000000d6900000,0x00000000d6900000,0x00000000da600000)
  from space 8192K, 78% used [0x00000000da600000,0x00000000dac3f280,0x00000000dae00000)
  to   space 8192K, 0% used [0x00000000deb00000,0x00000000deb00000,0x00000000df300000)
 ParOldGen       total 86016K, used 9136K [0x0000000083a00000, 0x0000000088e00000, 0x00000000d6900000)
  object space 86016K, 10% used [0x0000000083a00000,0x00000000842ec2d8,0x0000000088e00000)
 Metaspace       used 13999K, capacity 14458K, committed 14592K, reserved 1062912K
  class space    used 1581K, capacity 1729K, committed 1792K, reserved 1048576K
}
Event: 116.429 GC heap before
{Heap before GC invocations=9 (full 1):
 PSYoungGen      total 70656K, used 68860K [0x00000000d6900000, 0x00000000df300000, 0x0000000100000000)
  eden space 62464K, 100% used [0x00000000d6900000,0x00000000da600000,0x00000000da600000)
  from space 8192K, 78% used [0x00000000da600000,0x00000000dac3f280,0x00000000dae00000)
  to   space 8192K, 0% used [0x00000000deb00000,0x00000000deb00000,0x00000000df300000)
 ParOldGen       total 86016K, used 9136K [0x0000000083a00000, 0x0000000088e00000, 0x00000000d6900000)
  object space 86016K, 10% used [0x0000000083a00000,0x00000000842ec2d8,0x0000000088e00000)
 Metaspace       used 14003K, capacity 14458K, committed 14592K, reserved 1062912K
  class space    used 1581K, capacity 1729K, committed 1792K, reserved 1048576K
Event: 116.462 GC heap after
Heap after GC invocations=9 (full 1):
 PSYoungGen      total 133120K, used 5202K [0x00000000d6900000, 0x00000000df300000, 0x0000000100000000)
  eden space 124928K, 0% used [0x00000000d6900000,0x00000000d6900000,0x00000000de300000)
  from space 8192K, 63% used [0x00000000deb00000,0x00000000df014a30,0x00000000df300000)
  to   space 8192K, 0% used [0x00000000de300000,0x00000000de300000,0x00000000deb00000)
 ParOldGen       total 86016K, used 10858K [0x0000000083a00000, 0x0000000088e00000, 0x00000000d6900000)
  object space 86016K, 12% used [0x0000000083a00000,0x000000008449ab48,0x0000000088e00000)
 Metaspace       used 14003K, capacity 14458K, committed 14592K, reserved 1062912K
  class space    used 1581K, capacity 1729K, committed 1792K, reserved 1048576K
}
Event: 118.057 GC heap before
{Heap before GC invocations=10 (full 1):
 PSYoungGen      total 133120K, used 130130K [0x00000000d6900000, 0x00000000df300000, 0x0000000100000000)
  eden space 124928K, 100% used [0x00000000d6900000,0x00000000de300000,0x00000000de300000)
  from space 8192K, 63% used [0x00000000deb00000,0x00000000df014a30,0x00000000df300000)
  to   space 8192K, 0% used [0x00000000de300000,0x00000000de300000,0x00000000deb00000)
 ParOldGen       total 86016K, used 10858K [0x0000000083a00000, 0x0000000088e00000, 0x00000000d6900000)
  object space 86016K, 12% used [0x0000000083a00000,0x000000008449ab48,0x0000000088e00000)
 Metaspace       used 14038K, capacity 14458K, committed 14592K, reserved 1062912K
  class space    used 1581K, capacity 1729K, committed 1792K, reserved 1048576K

