# JRE version: Java(TM) SE Runtime Environment (8.0_181-b13) (build 1.8.0_181-b13)
# Java VM: Java HotSpot(TM) 64-Bit Server VM (25.181-b13 mixed mode linux-amd64 compressed oops)
Heap:
 PSYoungGen      total 114688K, used 12790K [0x00000000d6900000, 0x00000000df500000, 0x0000000100000000)
  eden space 101888K, 0% used [0x00000000d6900000,0x00000000d6900000,0x00000000dcc80000)
  from space 12800K, 99% used [0x00000000ddc00000,0x00000000de87da00,0x00000000de880000)
  to   space 8192K, 0% used [0x00000000ded00000,0x00000000ded00000,0x00000000df500000)
 ParOldGen       total 86016K, used 44239K [0x0000000083a00000, 0x0000000088e00000, 0x00000000d6900000)
  object space 86016K, 51% used [0x0000000083a00000,0x0000000086533f00,0x0000000088e00000)
 Metaspace       used 19439K, capacity 19942K, committed 20096K, reserved 1067008K
  class space    used 2209K, capacity 2353K, committed 2432K, reserved 1048576K
GC Heap History (10 events):
Event: 130.436 GC heap after
Heap after GC invocations=7 (full 1):
 PSYoungGen      total 36864K, used 5119K [0x00000000d6900000, 0x00000000db500000, 0x0000000100000000)
  eden space 31744K, 0% used [0x00000000d6900000,0x00000000d6900000,0x00000000d8800000)
  from space 5120K, 99% used [0x00000000d8e00000,0x00000000d92ffeb0,0x00000000d9300000)
  to   space 6144K, 0% used [0x00000000d8800000,0x00000000d8800000,0x00000000d8e00000)
 ParOldGen       total 86016K, used 4873K [0x0000000083a00000, 0x0000000088e00000, 0x00000000d6900000)
  object space 86016K, 5% used [0x0000000083a00000,0x0000000083ec2428,0x0000000088e00000)
 Metaspace       used 13884K, capacity 14276K, committed 14336K, reserved 1062912K
  class space    used 1599K, capacity 1737K, committed 1792K, reserved 1048576K
}
Event: 130.906 GC heap before
{Heap before GC invocations=8 (full 1):
 PSYoungGen      total 36864K, used 36863K [0x00000000d6900000, 0x00000000db500000, 0x0000000100000000)
  eden space 31744K, 100% used [0x00000000d6900000,0x00000000d8800000,0x00000000d8800000)
  from space 5120K, 99% used [0x00000000d8e00000,0x00000000d92ffeb0,0x00000000d9300000)
  to   space 6144K, 0% used [0x00000000d8800000,0x00000000d8800000,0x00000000d8e00000)
 ParOldGen       total 86016K, used 4873K [0x0000000083a00000, 0x0000000088e00000, 0x00000000d6900000)
  object space 86016K, 5% used [0x0000000083a00000,0x0000000083ec2428,0x0000000088e00000)
 Metaspace       used 13930K, capacity 14276K, committed 14336K, reserved 1062912K
  class space    used 1599K, capacity 1737K, committed 1792K, reserved 1048576K
Event: 130.922 GC heap after
Heap after GC invocations=8 (full 1):
 PSYoungGen      total 37888K, used 6143K [0x00000000d6900000, 0x00000000db400000, 0x0000000100000000)
  eden space 31744K, 0% used [0x00000000d6900000,0x00000000d6900000,0x00000000d8800000)
  from space 6144K, 99% used [0x00000000d8800000,0x00000000d8dfff10,0x00000000d8e00000)
  to   space 6656K, 0% used [0x00000000dad80000,0x00000000dad80000,0x00000000db400000)
 ParOldGen       total 86016K, used 4873K [0x0000000083a00000, 0x0000000088e00000, 0x00000000d6900000)
  object space 86016K, 5% used [0x0000000083a00000,0x0000000083ec2428,0x0000000088e00000)
 Metaspace       used 13930K, capacity 14276K, committed 14336K, reserved 1062912K
  class space    used 1599K, capacity 1737K, committed 1792K, reserved 1048576K
}
Event: 131.415 GC heap before
{Heap before GC invocations=9 (full 1):
 PSYoungGen      total 37888K, used 37887K [0x00000000d6900000, 0x00000000db400000, 0x0000000100000000)
  eden space 31744K, 100% used [0x00000000d6900000,0x00000000d8800000,0x00000000d8800000)
  from space 6144K, 99% used [0x00000000d8800000,0x00000000d8dfff10,0x00000000d8e00000)
  to   space 6656K, 0% used [0x00000000dad80000,0x00000000dad80000,0x00000000db400000)
 ParOldGen       total 86016K, used 4873K [0x0000000083a00000, 0x0000000088e00000, 0x00000000d6900000)
  object space 86016K, 5% used [0x0000000083a00000,0x0000000083ec2428,0x0000000088e00000)
 Metaspace       used 14111K, capacity 14532K, committed 14592K, reserved 1062912K
  class space    used 1600K, capacity 1737K, committed 1792K, reserved 1048576K
Event: 131.455 GC heap after
Heap after GC invocations=9 (full 1):
 PSYoungGen      total 70144K, used 4163K [0x00000000d6900000, 0x00000000db400000, 0x0000000100000000)
  eden space 63488K, 0% used [0x00000000d6900000,0x00000000d6900000,0x00000000da700000)
  from space 6656K, 62% used [0x00000000dad80000,0x00000000db190e20,0x00000000db400000)
  to   space 6656K, 0% used [0x00000000da700000,0x00000000da700000,0x00000000dad80000)
 ParOldGen       total 86016K, used 8333K [0x0000000083a00000, 0x0000000088e00000, 0x00000000d6900000)
  object space 86016K, 9% used [0x0000000083a00000,0x0000000084223520,0x0000000088e00000)
 Metaspace       used 14111K, capacity 14532K, committed 14592K, reserved 1062912K
  class space    used 1600K, capacity 1737K, committed 1792K, reserved 1048576K
}
Event: 135.475 GC heap before
{Heap before GC invocations=10 (full 1):
 PSYoungGen      total 70144K, used 67651K [0x00000000d6900000, 0x00000000db400000, 0x0000000100000000)
  eden space 63488K, 100% used [0x00000000d6900000,0x00000000da700000,0x00000000da700000)
  from space 6656K, 62% used [0x00000000dad80000,0x00000000db190e20,0x00000000db400000)
  to   space 6656K, 0% used [0x00000000da700000,0x00000000da700000,0x00000000dad80000)
 ParOldGen       total 86016K, used 8333K [0x0000000083a00000, 0x0000000088e00000, 0x00000000d6900000)
  object space 86016K, 9% used [0x0000000083a00000,0x0000000084223520,0x0000000088e00000)
 Metaspace       used 16759K, capacity 17252K, committed 17408K, reserved 1064960K
  class space    used 1854K, capacity 1984K, committed 2048K, reserved 1048576K
Event: 135.508 GC heap after
Heap after GC invocations=10 (full 1):
 PSYoungGen      total 70144K, used 6626K [0x00000000d6900000, 0x00000000df500000, 0x0000000100000000)
  eden space 63488K, 0% used [0x00000000d6900000,0x00000000d6900000,0x00000000da700000)
  from space 6656K, 99% used [0x00000000da700000,0x00000000dad78b80,0x00000000dad80000)
  to   space 8192K, 0% used [0x00000000ded00000,0x00000000ded00000,0x00000000df500000)
 ParOldGen       total 86016K, used 11327K [0x0000000083a00000, 0x0000000088e00000, 0x00000000d6900000)
  object space 86016K, 13% used [0x0000000083a00000,0x000000008450fc10,0x0000000088e00000)
 Metaspace       used 16759K, capacity 17252K, committed 17408K, reserved 1064960K
  class space    used 1854K, capacity 1984K, committed 2048K, reserved 1048576K
}
Event: 139.002 GC heap before
{Heap before GC invocations=11 (full 1):
 PSYoungGen      total 70144K, used 70114K [0x00000000d6900000, 0x00000000df500000, 0x0000000100000000)
  eden space 63488K, 100% used [0x00000000d6900000,0x00000000da700000,0x00000000da700000)
  from space 6656K, 99% used [0x00000000da700000,0x00000000dad78b80,0x00000000dad80000)
  to   space 8192K, 0% used [0x00000000ded00000,0x00000000ded00000,0x00000000df500000)
 ParOldGen       total 86016K, used 11327K [0x0000000083a00000, 0x0000000088e00000, 0x00000000d6900000)
  object space 86016K, 13% used [0x0000000083a00000,0x000000008450fc10,0x0000000088e00000)
 Metaspace       used 18809K, capacity 19366K, committed 19456K, reserved 1067008K
  class space    used 2128K, capacity 2289K, committed 2304K, reserved 1048576K
Event: 139.216 GC heap after
Heap after GC invocations=11 (full 1):
 PSYoungGen      total 110080K, used 8164K [0x00000000d6900000, 0x00000000df500000, 0x0000000100000000)
  eden space 101888K, 0% used [0x00000000d6900000,0x00000000d6900000,0x00000000dcc80000)
  from space 8192K, 99% used [0x00000000ded00000,0x00000000df4f9298,0x00000000df500000)
  to   space 12800K, 0% used [0x00000000ddc00000,0x00000000ddc00000,0x00000000de880000)
 ParOldGen       total 86016K, used 21854K [0x0000000083a00000, 0x0000000088e00000, 0x00000000d6900000)
  object space 86016K, 25% used [0x0000000083a00000,0x0000000084f57978,0x0000000088e00000)
 Metaspace       used 18809K, capacity 19366K, committed 19456K, reserved 1067008K
  class space    used 2128K, capacity 2289K, committed 2304K, reserved 1048576K
}
Event: 142.802 GC heap before
{Heap before GC invocations=12 (full 1):
 PSYoungGen      total 110080K, used 110052K [0x00000000d6900000, 0x00000000df500000, 0x0000000100000000)
  eden space 101888K, 100% used [0x00000000d6900000,0x00000000dcc80000,0x00000000dcc80000)
  from space 8192K, 99% used [0x00000000ded00000,0x00000000df4f9298,0x00000000df500000)
  to   space 12800K, 0% used [0x00000000ddc00000,0x00000000ddc00000,0x00000000de880000)
 ParOldGen       total 86016K, used 21854K [0x0000000083a00000, 0x0000000088e00000, 0x00000000d6900000)
  object space 86016K, 25% used [0x0000000083a00000,0x0000000084f57978,0x0000000088e00000)
 Metaspace       used 19439K, capacity 19942K, committed 20096K, reserved 1067008K
  class space    used 2209K, capacity 2353K, committed 2432K, reserved 1048576K

