# JRE version: Java(TM) SE Runtime Environment (8.0_181-b13) (build 1.8.0_181-b13)
# Java VM: Java HotSpot(TM) 64-Bit Server VM (25.181-b13 mixed mode linux-amd64 compressed oops)
Heap:
 PSYoungGen      total 70656K, used 57456K [0x00000000d6900000, 0x00000000df200000, 0x0000000100000000)
  eden space 59392K, 86% used [0x00000000d6900000,0x00000000d9b13b60,0x00000000da300000)
  from space 11264K, 54% used [0x00000000da300000,0x00000000da908568,0x00000000dae00000)
  to   space 10752K, 0% used [0x00000000de780000,0x00000000de780000,0x00000000df200000)
 ParOldGen       total 86016K, used 14912K [0x0000000083a00000, 0x0000000088e00000, 0x00000000d6900000)
  object space 86016K, 17% used [0x0000000083a00000,0x00000000848901b0,0x0000000088e00000)
 Metaspace       used 14541K, capacity 15042K, committed 15104K, reserved 1062912K
  class space    used 1643K, capacity 1791K, committed 1792K, reserved 1048576K
GC Heap History (10 events):
Event: 114.743 GC heap before
{Heap before GC invocations=4 (full 1):
 PSYoungGen      total 37888K, used 32768K [0x00000000d6900000, 0x00000000d9300000, 0x0000000100000000)
  eden space 32768K, 100% used [0x00000000d6900000,0x00000000d8900000,0x00000000d8900000)
  from space 5120K, 0% used [0x00000000d8e00000,0x00000000d8e00000,0x00000000d9300000)
  to   space 5120K, 0% used [0x00000000d8900000,0x00000000d8900000,0x00000000d8e00000)
 ParOldGen       total 86016K, used 10628K [0x0000000083a00000, 0x0000000088e00000, 0x00000000d6900000)
  object space 86016K, 12% used [0x0000000083a00000,0x00000000844613d0,0x0000000088e00000)
 Metaspace       used 14249K, capacity 14768K, committed 14848K, reserved 1062912K
  class space    used 1639K, capacity 1788K, committed 1792K, reserved 1048576K
Event: 115.008 GC heap after
Heap after GC invocations=4 (full 1):
 PSYoungGen      total 37888K, used 5104K [0x00000000d6900000, 0x00000000d9300000, 0x0000000100000000)
  eden space 32768K, 0% used [0x00000000d6900000,0x00000000d6900000,0x00000000d8900000)
  from space 5120K, 99% used [0x00000000d8900000,0x00000000d8dfc280,0x00000000d8e00000)
  to   space 5120K, 0% used [0x00000000d8e00000,0x00000000d8e00000,0x00000000d9300000)
 ParOldGen       total 86016K, used 13355K [0x0000000083a00000, 0x0000000088e00000, 0x00000000d6900000)
  object space 86016K, 15% used [0x0000000083a00000,0x000000008470afc8,0x0000000088e00000)
 Metaspace       used 14249K, capacity 14768K, committed 14848K, reserved 1062912K
  class space    used 1639K, capacity 1788K, committed 1792K, reserved 1048576K
}
Event: 116.635 GC heap before
{Heap before GC invocations=5 (full 1):
 PSYoungGen      total 37888K, used 37872K [0x00000000d6900000, 0x00000000d9300000, 0x0000000100000000)
  eden space 32768K, 100% used [0x00000000d6900000,0x00000000d8900000,0x00000000d8900000)
  from space 5120K, 99% used [0x00000000d8900000,0x00000000d8dfc280,0x00000000d8e00000)
  to   space 5120K, 0% used [0x00000000d8e00000,0x00000000d8e00000,0x00000000d9300000)
 ParOldGen       total 86016K, used 13355K [0x0000000083a00000, 0x0000000088e00000, 0x00000000d6900000)
  object space 86016K, 15% used [0x0000000083a00000,0x000000008470afc8,0x0000000088e00000)
 Metaspace       used 14420K, capacity 14908K, committed 15104K, reserved 1062912K
  class space    used 1642K, capacity 1790K, committed 1792K, reserved 1048576K
Event: 116.652 GC heap after
Heap after GC invocations=5 (full 1):
 PSYoungGen      total 37888K, used 5089K [0x00000000d6900000, 0x00000000d9300000, 0x0000000100000000)
  eden space 32768K, 0% used [0x00000000d6900000,0x00000000d6900000,0x00000000d8900000)
  from space 5120K, 99% used [0x00000000d8e00000,0x00000000d92f8528,0x00000000d9300000)
  to   space 5120K, 0% used [0x00000000d8900000,0x00000000d8900000,0x00000000d8e00000)
 ParOldGen       total 86016K, used 14579K [0x0000000083a00000, 0x0000000088e00000, 0x00000000d6900000)
  object space 86016K, 16% used [0x0000000083a00000,0x000000008483cda0,0x0000000088e00000)
 Metaspace       used 14420K, capacity 14908K, committed 15104K, reserved 1062912K
  class space    used 1642K, capacity 1790K, committed 1792K, reserved 1048576K
}
Event: 116.939 GC heap before
{Heap before GC invocations=6 (full 1):
 PSYoungGen      total 37888K, used 37857K [0x00000000d6900000, 0x00000000d9300000, 0x0000000100000000)
  eden space 32768K, 100% used [0x00000000d6900000,0x00000000d8900000,0x00000000d8900000)
  from space 5120K, 99% used [0x00000000d8e00000,0x00000000d92f8528,0x00000000d9300000)
  to   space 5120K, 0% used [0x00000000d8900000,0x00000000d8900000,0x00000000d8e00000)
 ParOldGen       total 86016K, used 14579K [0x0000000083a00000, 0x0000000088e00000, 0x00000000d6900000)
  object space 86016K, 16% used [0x0000000083a00000,0x000000008483cda0,0x0000000088e00000)
 Metaspace       used 14422K, capacity 14908K, committed 15104K, reserved 1062912K
  class space    used 1642K, capacity 1790K, committed 1792K, reserved 1048576K
Event: 116.947 GC heap after
Heap after GC invocations=6 (full 1):
 PSYoungGen      total 37888K, used 5105K [0x00000000d6900000, 0x00000000db300000, 0x0000000100000000)
  eden space 32768K, 0% used [0x00000000d6900000,0x00000000d6900000,0x00000000d8900000)
  from space 5120K, 99% used [0x00000000d8900000,0x00000000d8dfc518,0x00000000d8e00000)
  to   space 5120K, 0% used [0x00000000dae00000,0x00000000dae00000,0x00000000db300000)
 ParOldGen       total 86016K, used 14603K [0x0000000083a00000, 0x0000000088e00000, 0x00000000d6900000)
  object space 86016K, 16% used [0x0000000083a00000,0x0000000084842da0,0x0000000088e00000)
 Metaspace       used 14422K, capacity 14908K, committed 15104K, reserved 1062912K
  class space    used 1642K, capacity 1790K, committed 1792K, reserved 1048576K
}
Event: 117.236 GC heap before
{Heap before GC invocations=7 (full 1):
 PSYoungGen      total 37888K, used 37873K [0x00000000d6900000, 0x00000000db300000, 0x0000000100000000)
  eden space 32768K, 100% used [0x00000000d6900000,0x00000000d8900000,0x00000000d8900000)
  from space 5120K, 99% used [0x00000000d8900000,0x00000000d8dfc518,0x00000000d8e00000)
  to   space 5120K, 0% used [0x00000000dae00000,0x00000000dae00000,0x00000000db300000)
 ParOldGen       total 86016K, used 14603K [0x0000000083a00000, 0x0000000088e00000, 0x00000000d6900000)
  object space 86016K, 16% used [0x0000000083a00000,0x0000000084842da0,0x0000000088e00000)
 Metaspace       used 14445K, capacity 14908K, committed 15104K, reserved 1062912K
  class space    used 1642K, capacity 1790K, committed 1792K, reserved 1048576K
Event: 117.251 GC heap after
Heap after GC invocations=7 (full 1):
 PSYoungGen      total 64512K, used 5105K [0x00000000d6900000, 0x00000000dbf00000, 0x0000000100000000)
  eden space 59392K, 0% used [0x00000000d6900000,0x00000000d6900000,0x00000000da300000)
  from space 5120K, 99% used [0x00000000dae00000,0x00000000db2fc538,0x00000000db300000)
  to   space 11264K, 0% used [0x00000000da300000,0x00000000da300000,0x00000000dae00000)
 ParOldGen       total 86016K, used 14912K [0x0000000083a00000, 0x0000000088e00000, 0x00000000d6900000)
  object space 86016K, 17% used [0x0000000083a00000,0x00000000848901b0,0x0000000088e00000)
 Metaspace       used 14445K, capacity 14908K, committed 15104K, reserved 1062912K
  class space    used 1642K, capacity 1790K, committed 1792K, reserved 1048576K
}
Event: 117.880 GC heap before
{Heap before GC invocations=8 (full 1):
 PSYoungGen      total 64512K, used 64497K [0x00000000d6900000, 0x00000000dbf00000, 0x0000000100000000)
  eden space 59392K, 100% used [0x00000000d6900000,0x00000000da300000,0x00000000da300000)
  from space 5120K, 99% used [0x00000000dae00000,0x00000000db2fc538,0x00000000db300000)
  to   space 11264K, 0% used [0x00000000da300000,0x00000000da300000,0x00000000dae00000)
 ParOldGen       total 86016K, used 14912K [0x0000000083a00000, 0x0000000088e00000, 0x00000000d6900000)
  object space 86016K, 17% used [0x0000000083a00000,0x00000000848901b0,0x0000000088e00000)
 Metaspace       used 14494K, capacity 14978K, committed 15104K, reserved 1062912K
  class space    used 1643K, capacity 1791K, committed 1792K, reserved 1048576K
Event: 117.909 GC heap after
Heap after GC invocations=8 (full 1):
 PSYoungGen      total 70656K, used 6177K [0x00000000d6900000, 0x00000000df200000, 0x0000000100000000)
  eden space 59392K, 0% used [0x00000000d6900000,0x00000000d6900000,0x00000000da300000)
  from space 11264K, 54% used [0x00000000da300000,0x00000000da908568,0x00000000dae00000)
  to   space 10752K, 0% used [0x00000000de780000,0x00000000de780000,0x00000000df200000)
 ParOldGen       total 86016K, used 14912K [0x0000000083a00000, 0x0000000088e00000, 0x00000000d6900000)
  object space 86016K, 17% used [0x0000000083a00000,0x00000000848901b0,0x0000000088e00000)
 Metaspace       used 14494K, capacity 14978K, committed 15104K, reserved 1062912K
  class space    used 1643K, capacity 1791K, committed 1792K, reserved 1048576K
}

