# JRE version: Java(TM) SE Runtime Environment (8.0_181-b13) (build 1.8.0_181-b13)
# Java VM: Java HotSpot(TM) 64-Bit Server VM (25.181-b13 mixed mode linux-amd64 compressed oops)
Heap:
 PSYoungGen      total 608256K, used 387328K [0x00000000d6900000, 0x0000000100000000, 0x0000000100000000)
  eden space 573440K, 61% used [0x00000000d6900000,0x00000000ec1472a8,0x00000000f9900000)
  from space 34816K, 99% used [0x00000000fde00000,0x00000000ffff8ff8,0x0000000100000000)
  to   space 52736K, 0% used [0x00000000f9900000,0x00000000f9900000,0x00000000fcc80000)
 ParOldGen       total 184832K, used 135547K [0x0000000083a00000, 0x000000008ee80000, 0x00000000d6900000)
  object space 184832K, 73% used [0x0000000083a00000,0x000000008be5eee0,0x000000008ee80000)
 Metaspace       used 41202K, capacity 41984K, committed 42112K, reserved 1085440K
  class space    used 5315K, capacity 5495K, committed 5504K, reserved 1048576K
GC Heap History (10 events):
Event: 46.376 GC heap before
{Heap before GC invocations=17 (full 2):
 PSYoungGen      total 464384K, used 462144K [0x00000000d6900000, 0x00000000f4a80000, 0x0000000100000000)
  eden space 454144K, 100% used [0x00000000d6900000,0x00000000f2480000,0x00000000f2480000)
  from space 10240K, 78% used [0x00000000f4080000,0x00000000f4850020,0x00000000f4a80000)
  to   space 19456K, 0% used [0x00000000f2480000,0x00000000f2480000,0x00000000f3780000)
 ParOldGen       total 83456K, used 50222K [0x0000000083a00000, 0x0000000088b80000, 0x00000000d6900000)
  object space 83456K, 60% used [0x0000000083a00000,0x0000000086b0b9a8,0x0000000088b80000)
 Metaspace       used 31147K, capacity 31544K, committed 31744K, reserved 1077248K
  class space    used 3898K, capacity 4022K, committed 4096K, reserved 1048576K
Event: 46.487 GC heap after
Heap after GC invocations=17 (full 2):
 PSYoungGen      total 473600K, used 6816K [0x00000000d6900000, 0x00000000ff580000, 0x0000000100000000)
  eden space 454144K, 0% used [0x00000000d6900000,0x00000000d6900000,0x00000000f2480000)
  from space 19456K, 35% used [0x00000000f2480000,0x00000000f2b28010,0x00000000f3780000)
  to   space 18944K, 0% used [0x00000000fe300000,0x00000000fe300000,0x00000000ff580000)
 ParOldGen       total 83456K, used 57498K [0x0000000083a00000, 0x0000000088b80000, 0x00000000d6900000)
  object space 83456K, 68% used [0x0000000083a00000,0x0000000087226a58,0x0000000088b80000)
 Metaspace       used 31147K, capacity 31544K, committed 31744K, reserved 1077248K
  class space    used 3898K, capacity 4022K, committed 4096K, reserved 1048576K
}
Event: 59.362 GC heap before
{Heap before GC invocations=18 (full 2):
 PSYoungGen      total 473600K, used 460960K [0x00000000d6900000, 0x00000000ff580000, 0x0000000100000000)
  eden space 454144K, 100% used [0x00000000d6900000,0x00000000f2480000,0x00000000f2480000)
  from space 19456K, 35% used [0x00000000f2480000,0x00000000f2b28010,0x00000000f3780000)
  to   space 18944K, 0% used [0x00000000fe300000,0x00000000fe300000,0x00000000ff580000)
 ParOldGen       total 83456K, used 57498K [0x0000000083a00000, 0x0000000088b80000, 0x00000000d6900000)
  object space 83456K, 68% used [0x0000000083a00000,0x0000000087226a58,0x0000000088b80000)
 Metaspace       used 34325K, capacity 34678K, committed 34944K, reserved 1079296K
  class space    used 4285K, capacity 4399K, committed 4480K, reserved 1048576K
Event: 59.504 GC heap after
Heap after GC invocations=18 (full 2):
 PSYoungGen      total 624640K, used 10708K [0x00000000d6900000, 0x00000000fed80000, 0x0000000100000000)
  eden space 613888K, 0% used [0x00000000d6900000,0x00000000d6900000,0x00000000fc080000)
  from space 10752K, 99% used [0x00000000fe300000,0x00000000fed75170,0x00000000fed80000)
  to   space 18432K, 0% used [0x00000000fc980000,0x00000000fc980000,0x00000000fdb80000)
 ParOldGen       total 83456K, used 64215K [0x0000000083a00000, 0x0000000088b80000, 0x00000000d6900000)
  object space 83456K, 76% used [0x0000000083a00000,0x00000000878b5c38,0x0000000088b80000)
 Metaspace       used 34325K, capacity 34678K, committed 34944K, reserved 1079296K
  class space    used 4285K, capacity 4399K, committed 4480K, reserved 1048576K
}
Event: 72.887 GC heap before
{Heap before GC invocations=19 (full 2):
 PSYoungGen      total 624640K, used 624596K [0x00000000d6900000, 0x00000000fed80000, 0x0000000100000000)
  eden space 613888K, 100% used [0x00000000d6900000,0x00000000fc080000,0x00000000fc080000)
  from space 10752K, 99% used [0x00000000fe300000,0x00000000fed75170,0x00000000fed80000)
  to   space 18432K, 0% used [0x00000000fc980000,0x00000000fc980000,0x00000000fdb80000)
 ParOldGen       total 83456K, used 64215K [0x0000000083a00000, 0x0000000088b80000, 0x00000000d6900000)
  object space 83456K, 76% used [0x0000000083a00000,0x00000000878b5c38,0x0000000088b80000)
 Metaspace       used 34547K, capacity 34950K, committed 35200K, reserved 1079296K
  class space    used 4285K, capacity 4399K, committed 4480K, reserved 1048576K
Event: 73.459 GC heap after
Heap after GC invocations=19 (full 2):
 PSYoungGen      total 641536K, used 18414K [0x00000000d6900000, 0x0000000100000000, 0x0000000100000000)
  eden space 623104K, 0% used [0x00000000d6900000,0x00000000d6900000,0x00000000fc980000)
  from space 18432K, 99% used [0x00000000fc980000,0x00000000fdb7ba48,0x00000000fdb80000)
  to   space 34816K, 0% used [0x00000000fde00000,0x00000000fde00000,0x0000000100000000)
 ParOldGen       total 102400K, used 102050K [0x0000000083a00000, 0x0000000089e00000, 0x00000000d6900000)
  object space 102400K, 99% used [0x0000000083a00000,0x0000000089da8be8,0x0000000089e00000)
 Metaspace       used 34547K, capacity 34950K, committed 35200K, reserved 1079296K
  class space    used 4285K, capacity 4399K, committed 4480K, reserved 1048576K
}
Event: 73.459 GC heap before
{Heap before GC invocations=20 (full 3):
 PSYoungGen      total 641536K, used 18414K [0x00000000d6900000, 0x0000000100000000, 0x0000000100000000)
  eden space 623104K, 0% used [0x00000000d6900000,0x00000000d6900000,0x00000000fc980000)
  from space 18432K, 99% used [0x00000000fc980000,0x00000000fdb7ba48,0x00000000fdb80000)
  to   space 34816K, 0% used [0x00000000fde00000,0x00000000fde00000,0x0000000100000000)
 ParOldGen       total 102400K, used 102050K [0x0000000083a00000, 0x0000000089e00000, 0x00000000d6900000)
  object space 102400K, 99% used [0x0000000083a00000,0x0000000089da8be8,0x0000000089e00000)
 Metaspace       used 34547K, capacity 34950K, committed 35200K, reserved 1079296K
  class space    used 4285K, capacity 4399K, committed 4480K, reserved 1048576K
Event: 78.137 GC heap after
Heap after GC invocations=20 (full 3):
 PSYoungGen      total 641536K, used 17383K [0x00000000d6900000, 0x0000000100000000, 0x0000000100000000)
  eden space 623104K, 0% used [0x00000000d6900000,0x00000000d6900000,0x00000000fc980000)
  from space 18432K, 94% used [0x00000000fc980000,0x00000000fda79cf0,0x00000000fdb80000)
  to   space 34816K, 0% used [0x00000000fde00000,0x00000000fde00000,0x0000000100000000)
 ParOldGen       total 184832K, used 102276K [0x0000000083a00000, 0x000000008ee80000, 0x00000000d6900000)
  object space 184832K, 55% used [0x0000000083a00000,0x0000000089de1068,0x000000008ee80000)
 Metaspace       used 34547K, capacity 34950K, committed 35200K, reserved 1079296K
  class space    used 4285K, capacity 4399K, committed 4480K, reserved 1048576K
}
Event: 89.825 GC heap before
{Heap before GC invocations=21 (full 3):
 PSYoungGen      total 641536K, used 640487K [0x00000000d6900000, 0x0000000100000000, 0x0000000100000000)
  eden space 623104K, 100% used [0x00000000d6900000,0x00000000fc980000,0x00000000fc980000)
  from space 18432K, 94% used [0x00000000fc980000,0x00000000fda79cf0,0x00000000fdb80000)
  to   space 34816K, 0% used [0x00000000fde00000,0x00000000fde00000,0x0000000100000000)
 ParOldGen       total 184832K, used 102276K [0x0000000083a00000, 0x000000008ee80000, 0x00000000d6900000)
  object space 184832K, 55% used [0x0000000083a00000,0x0000000089de1068,0x000000008ee80000)
 Metaspace       used 34596K, capacity 35014K, committed 35200K, reserved 1079296K
  class space    used 4291K, capacity 4399K, committed 4480K, reserved 1048576K
Event: 90.603 GC heap after
Heap after GC invocations=21 (full 3):
 PSYoungGen      total 608256K, used 34787K [0x00000000d6900000, 0x0000000100000000, 0x0000000100000000)
  eden space 573440K, 0% used [0x00000000d6900000,0x00000000d6900000,0x00000000f9900000)
  from space 34816K, 99% used [0x00000000fde00000,0x00000000ffff8ff8,0x0000000100000000)
  to   space 52736K, 0% used [0x00000000f9900000,0x00000000f9900000,0x00000000fcc80000)
 ParOldGen       total 184832K, used 135547K [0x0000000083a00000, 0x000000008ee80000, 0x00000000d6900000)
  object space 184832K, 73% used [0x0000000083a00000,0x000000008be5eee0,0x000000008ee80000)
 Metaspace       used 34596K, capacity 35014K, committed 35200K, reserved 1079296K
  class space    used 4291K, capacity 4399K, committed 4480K, reserved 1048576K
}

