# JRE version: Java(TM) SE Runtime Environment (8.0_181-b13) (build 1.8.0_181-b13)
# Java VM: Java HotSpot(TM) 64-Bit Server VM (25.181-b13 mixed mode linux-amd64 compressed oops)
Heap:
 PSYoungGen      total 139264K, used 19442K [0x00000000d6900000, 0x00000000e0a00000, 0x0000000100000000)
  eden space 119808K, 0% used [0x00000000d6900000,0x00000000d6900000,0x00000000dde00000)
  from space 19456K, 99% used [0x00000000dde00000,0x00000000df0fc910,0x00000000df100000)
  to   space 13312K, 0% used [0x00000000df100000,0x00000000df100000,0x00000000dfe00000)
 ParOldGen       total 86016K, used 67318K [0x0000000083a00000, 0x0000000088e00000, 0x00000000d6900000)
  object space 86016K, 78% used [0x0000000083a00000,0x0000000087bbdba8,0x0000000088e00000)
 Metaspace       used 19279K, capacity 19778K, committed 20096K, reserved 1067008K
  class space    used 2180K, capacity 2325K, committed 2432K, reserved 1048576K
GC Heap History (10 events):
Event: 100.383 GC heap after
Heap after GC invocations=5 (full 1):
 PSYoungGen      total 37888K, used 5103K [0x00000000d6900000, 0x00000000d9300000, 0x0000000100000000)
  eden space 32768K, 0% used [0x00000000d6900000,0x00000000d6900000,0x00000000d8900000)
  from space 5120K, 99% used [0x00000000d8e00000,0x00000000d92fbc60,0x00000000d9300000)
  to   space 5120K, 0% used [0x00000000d8900000,0x00000000d8900000,0x00000000d8e00000)
 ParOldGen       total 86016K, used 6312K [0x0000000083a00000, 0x0000000088e00000, 0x00000000d6900000)
  object space 86016K, 7% used [0x0000000083a00000,0x000000008402a1a0,0x0000000088e00000)
 Metaspace       used 14017K, capacity 14434K, committed 14592K, reserved 1062912K
  class space    used 1597K, capacity 1706K, committed 1792K, reserved 1048576K
}
Event: 100.779 GC heap before
{Heap before GC invocations=6 (full 1):
 PSYoungGen      total 37888K, used 37871K [0x00000000d6900000, 0x00000000d9300000, 0x0000000100000000)
  eden space 32768K, 100% used [0x00000000d6900000,0x00000000d8900000,0x00000000d8900000)
  from space 5120K, 99% used [0x00000000d8e00000,0x00000000d92fbc60,0x00000000d9300000)
  to   space 5120K, 0% used [0x00000000d8900000,0x00000000d8900000,0x00000000d8e00000)
 ParOldGen       total 86016K, used 6312K [0x0000000083a00000, 0x0000000088e00000, 0x00000000d6900000)
  object space 86016K, 7% used [0x0000000083a00000,0x000000008402a1a0,0x0000000088e00000)
 Metaspace       used 14033K, capacity 14434K, committed 14592K, reserved 1062912K
  class space    used 1597K, capacity 1706K, committed 1792K, reserved 1048576K
Event: 100.787 GC heap after
Heap after GC invocations=6 (full 1):
 PSYoungGen      total 37888K, used 5103K [0x00000000d6900000, 0x00000000db300000, 0x0000000100000000)
  eden space 32768K, 0% used [0x00000000d6900000,0x00000000d6900000,0x00000000d8900000)
  from space 5120K, 99% used [0x00000000d8900000,0x00000000d8dfbc50,0x00000000d8e00000)
  to   space 5120K, 0% used [0x00000000dae00000,0x00000000dae00000,0x00000000db300000)
 ParOldGen       total 86016K, used 6768K [0x0000000083a00000, 0x0000000088e00000, 0x00000000d6900000)
  object space 86016K, 7% used [0x0000000083a00000,0x000000008409c1b0,0x0000000088e00000)
 Metaspace       used 14033K, capacity 14434K, committed 14592K, reserved 1062912K
  class space    used 1597K, capacity 1706K, committed 1792K, reserved 1048576K
}
Event: 102.371 GC heap before
{Heap before GC invocations=7 (full 1):
 PSYoungGen      total 37888K, used 37871K [0x00000000d6900000, 0x00000000db300000, 0x0000000100000000)
  eden space 32768K, 100% used [0x00000000d6900000,0x00000000d8900000,0x00000000d8900000)
  from space 5120K, 99% used [0x00000000d8900000,0x00000000d8dfbc50,0x00000000d8e00000)
  to   space 5120K, 0% used [0x00000000dae00000,0x00000000dae00000,0x00000000db300000)
 ParOldGen       total 86016K, used 6768K [0x0000000083a00000, 0x0000000088e00000, 0x00000000d6900000)
  object space 86016K, 7% used [0x0000000083a00000,0x000000008409c1b0,0x0000000088e00000)
 Metaspace       used 14777K, capacity 15248K, committed 15488K, reserved 1062912K
  class space    used 1668K, capacity 1820K, committed 1920K, reserved 1048576K
Event: 102.400 GC heap after
Heap after GC invocations=7 (full 1):
 PSYoungGen      total 68096K, used 5096K [0x00000000d6900000, 0x00000000db800000, 0x0000000100000000)
  eden space 62976K, 0% used [0x00000000d6900000,0x00000000d6900000,0x00000000da680000)
  from space 5120K, 99% used [0x00000000dae00000,0x00000000db2fa090,0x00000000db300000)
  to   space 7680K, 0% used [0x00000000da680000,0x00000000da680000,0x00000000dae00000)
 ParOldGen       total 86016K, used 8635K [0x0000000083a00000, 0x0000000088e00000, 0x00000000d6900000)
  object space 86016K, 10% used [0x0000000083a00000,0x000000008426ed80,0x0000000088e00000)
 Metaspace       used 14777K, capacity 15248K, committed 15488K, reserved 1062912K
  class space    used 1668K, capacity 1820K, committed 1920K, reserved 1048576K
}
Event: 108.390 GC heap before
{Heap before GC invocations=8 (full 1):
 PSYoungGen      total 68096K, used 68072K [0x00000000d6900000, 0x00000000db800000, 0x0000000100000000)
  eden space 62976K, 100% used [0x00000000d6900000,0x00000000da680000,0x00000000da680000)
  from space 5120K, 99% used [0x00000000dae00000,0x00000000db2fa090,0x00000000db300000)
  to   space 7680K, 0% used [0x00000000da680000,0x00000000da680000,0x00000000dae00000)
 ParOldGen       total 86016K, used 8635K [0x0000000083a00000, 0x0000000088e00000, 0x00000000d6900000)
  object space 86016K, 10% used [0x0000000083a00000,0x000000008426ed80,0x0000000088e00000)
 Metaspace       used 17212K, capacity 17688K, committed 18048K, reserved 1064960K
  class space    used 1927K, capacity 2062K, committed 2176K, reserved 1048576K
Event: 108.663 GC heap after
Heap after GC invocations=8 (full 1):
 PSYoungGen      total 70656K, used 7676K [0x00000000d6900000, 0x00000000dfe00000, 0x0000000100000000)
  eden space 62976K, 0% used [0x00000000d6900000,0x00000000d6900000,0x00000000da680000)
  from space 7680K, 99% used [0x00000000da680000,0x00000000dadff080,0x00000000dae00000)
  to   space 13312K, 0% used [0x00000000df100000,0x00000000df100000,0x00000000dfe00000)
 ParOldGen       total 86016K, used 18939K [0x0000000083a00000, 0x0000000088e00000, 0x00000000d6900000)
  object space 86016K, 22% used [0x0000000083a00000,0x0000000084c7ec30,0x0000000088e00000)
 Metaspace       used 17212K, capacity 17688K, committed 18048K, reserved 1064960K
  class space    used 1927K, capacity 2062K, committed 2176K, reserved 1048576K
}
Event: 121.646 GC heap before
{Heap before GC invocations=9 (full 1):
 PSYoungGen      total 70656K, used 69785K [0x00000000d6900000, 0x00000000dfe00000, 0x0000000100000000)
  eden space 62976K, 98% used [0x00000000d6900000,0x00000000da5a7660,0x00000000da680000)
  from space 7680K, 99% used [0x00000000da680000,0x00000000dadff080,0x00000000dae00000)
  to   space 13312K, 0% used [0x00000000df100000,0x00000000df100000,0x00000000dfe00000)
 ParOldGen       total 86016K, used 18939K [0x0000000083a00000, 0x0000000088e00000, 0x00000000d6900000)
  object space 86016K, 22% used [0x0000000083a00000,0x0000000084c7ec30,0x0000000088e00000)
 Metaspace       used 18362K, capacity 18882K, committed 19200K, reserved 1067008K
  class space    used 2077K, capacity 2261K, committed 2304K, reserved 1048576K
Event: 122.057 GC heap after
Heap after GC invocations=9 (full 1):
 PSYoungGen      total 133120K, used 13304K [0x00000000d6900000, 0x00000000e0a00000, 0x0000000100000000)
  eden space 119808K, 0% used [0x00000000d6900000,0x00000000d6900000,0x00000000dde00000)
  from space 13312K, 99% used [0x00000000df100000,0x00000000dfdfe348,0x00000000dfe00000)
  to   space 19456K, 0% used [0x00000000dde00000,0x00000000dde00000,0x00000000df100000)
 ParOldGen       total 86016K, used 28378K [0x0000000083a00000, 0x0000000088e00000, 0x00000000d6900000)
  object space 86016K, 32% used [0x0000000083a00000,0x00000000855b6868,0x0000000088e00000)
 Metaspace       used 18362K, capacity 18882K, committed 19200K, reserved 1067008K
  class space    used 2077K, capacity 2261K, committed 2304K, reserved 1048576K
}
Event: 127.172 GC heap before
{Heap before GC invocations=10 (full 1):
 PSYoungGen      total 133120K, used 133112K [0x00000000d6900000, 0x00000000e0a00000, 0x0000000100000000)
  eden space 119808K, 100% used [0x00000000d6900000,0x00000000dde00000,0x00000000dde00000)
  from space 13312K, 99% used [0x00000000df100000,0x00000000dfdfe348,0x00000000dfe00000)
  to   space 19456K, 0% used [0x00000000dde00000,0x00000000dde00000,0x00000000df100000)
 ParOldGen       total 86016K, used 28378K [0x0000000083a00000, 0x0000000088e00000, 0x00000000d6900000)
  object space 86016K, 32% used [0x0000000083a00000,0x00000000855b6868,0x0000000088e00000)
 Metaspace       used 19279K, capacity 19778K, committed 20096K, reserved 1067008K
  class space    used 2180K, capacity 2325K, committed 2432K, reserved 1048576K

