# JRE version: Java(TM) SE Runtime Environment (8.0_181-b13) (build 1.8.0_181-b13)
# Java VM: Java HotSpot(TM) 64-Bit Server VM (25.181-b13 mixed mode linux-amd64 compressed oops)
Heap:
 PSYoungGen      total 116224K, used 14322K [0x00000000d6900000, 0x00000000df700000, 0x0000000100000000)
  eden space 101888K, 0% used [0x00000000d6900000,0x00000000d6900000,0x00000000dcc80000)
  from space 14336K, 99% used [0x00000000ddb00000,0x00000000de8fc9f0,0x00000000de900000)
  to   space 9216K, 0% used [0x00000000dee00000,0x00000000dee00000,0x00000000df700000)
 ParOldGen       total 86016K, used 44805K [0x0000000083a00000, 0x0000000088e00000, 0x00000000d6900000)
  object space 86016K, 52% used [0x0000000083a00000,0x00000000865c1798,0x0000000088e00000)
 Metaspace       used 20360K, capacity 20848K, committed 20992K, reserved 1067008K
  class space    used 2376K, capacity 2548K, committed 2560K, reserved 1048576K
GC Heap History (10 events):
Event: 79.568 GC heap after
Heap after GC invocations=7 (full 1):
 PSYoungGen      total 36864K, used 5100K [0x00000000d6900000, 0x00000000db500000, 0x0000000100000000)
  eden space 31744K, 0% used [0x00000000d6900000,0x00000000d6900000,0x00000000d8800000)
  from space 5120K, 99% used [0x00000000d8e00000,0x00000000d92fb330,0x00000000d9300000)
  to   space 6144K, 0% used [0x00000000d8800000,0x00000000d8800000,0x00000000d8e00000)
 ParOldGen       total 86016K, used 5751K [0x0000000083a00000, 0x0000000088e00000, 0x00000000d6900000)
  object space 86016K, 6% used [0x0000000083a00000,0x0000000083f9de20,0x0000000088e00000)
 Metaspace       used 13856K, capacity 14276K, committed 14592K, reserved 1062912K
  class space    used 1578K, capacity 1701K, committed 1792K, reserved 1048576K
}
Event: 80.057 GC heap before
{Heap before GC invocations=8 (full 1):
 PSYoungGen      total 36864K, used 36844K [0x00000000d6900000, 0x00000000db500000, 0x0000000100000000)
  eden space 31744K, 100% used [0x00000000d6900000,0x00000000d8800000,0x00000000d8800000)
  from space 5120K, 99% used [0x00000000d8e00000,0x00000000d92fb330,0x00000000d9300000)
  to   space 6144K, 0% used [0x00000000d8800000,0x00000000d8800000,0x00000000d8e00000)
 ParOldGen       total 86016K, used 5751K [0x0000000083a00000, 0x0000000088e00000, 0x00000000d6900000)
  object space 86016K, 6% used [0x0000000083a00000,0x0000000083f9de20,0x0000000088e00000)
 Metaspace       used 13882K, capacity 14276K, committed 14592K, reserved 1062912K
  class space    used 1578K, capacity 1701K, committed 1792K, reserved 1048576K
Event: 80.069 GC heap after
Heap after GC invocations=8 (full 1):
 PSYoungGen      total 37888K, used 6124K [0x00000000d6900000, 0x00000000db400000, 0x0000000100000000)
  eden space 31744K, 0% used [0x00000000d6900000,0x00000000d6900000,0x00000000d8800000)
  from space 6144K, 99% used [0x00000000d8800000,0x00000000d8dfb310,0x00000000d8e00000)
  to   space 6656K, 0% used [0x00000000dad80000,0x00000000dad80000,0x00000000db400000)
 ParOldGen       total 86016K, used 5815K [0x0000000083a00000, 0x0000000088e00000, 0x00000000d6900000)
  object space 86016K, 6% used [0x0000000083a00000,0x0000000083fade40,0x0000000088e00000)
 Metaspace       used 13882K, capacity 14276K, committed 14592K, reserved 1062912K
  class space    used 1578K, capacity 1701K, committed 1792K, reserved 1048576K
}
Event: 80.454 GC heap before
{Heap before GC invocations=9 (full 1):
 PSYoungGen      total 37888K, used 37868K [0x00000000d6900000, 0x00000000db400000, 0x0000000100000000)
  eden space 31744K, 100% used [0x00000000d6900000,0x00000000d8800000,0x00000000d8800000)
  from space 6144K, 99% used [0x00000000d8800000,0x00000000d8dfb310,0x00000000d8e00000)
  to   space 6656K, 0% used [0x00000000dad80000,0x00000000dad80000,0x00000000db400000)
 ParOldGen       total 86016K, used 5815K [0x0000000083a00000, 0x0000000088e00000, 0x00000000d6900000)
  object space 86016K, 6% used [0x0000000083a00000,0x0000000083fade40,0x0000000088e00000)
 Metaspace       used 13905K, capacity 14340K, committed 14592K, reserved 1062912K
  class space    used 1578K, capacity 1701K, committed 1792K, reserved 1048576K
Event: 80.477 GC heap after
Heap after GC invocations=9 (full 1):
 PSYoungGen      total 70144K, used 3616K [0x00000000d6900000, 0x00000000db400000, 0x0000000100000000)
  eden space 63488K, 0% used [0x00000000d6900000,0x00000000d6900000,0x00000000da700000)
  from space 6656K, 54% used [0x00000000dad80000,0x00000000db108010,0x00000000db400000)
  to   space 6656K, 0% used [0x00000000da700000,0x00000000da700000,0x00000000dad80000)
 ParOldGen       total 86016K, used 9515K [0x0000000083a00000, 0x0000000088e00000, 0x00000000d6900000)
  object space 86016K, 11% used [0x0000000083a00000,0x000000008434ad70,0x0000000088e00000)
 Metaspace       used 13905K, capacity 14340K, committed 14592K, reserved 1062912K
  class space    used 1578K, capacity 1701K, committed 1792K, reserved 1048576K
}
Event: 84.395 GC heap before
{Heap before GC invocations=10 (full 1):
 PSYoungGen      total 70144K, used 67104K [0x00000000d6900000, 0x00000000db400000, 0x0000000100000000)
  eden space 63488K, 100% used [0x00000000d6900000,0x00000000da700000,0x00000000da700000)
  from space 6656K, 54% used [0x00000000dad80000,0x00000000db108010,0x00000000db400000)
  to   space 6656K, 0% used [0x00000000da700000,0x00000000da700000,0x00000000dad80000)
 ParOldGen       total 86016K, used 9515K [0x0000000083a00000, 0x0000000088e00000, 0x00000000d6900000)
  object space 86016K, 11% used [0x0000000083a00000,0x000000008434ad70,0x0000000088e00000)
 Metaspace       used 16915K, capacity 17340K, committed 17536K, reserved 1064960K
  class space    used 1926K, capacity 2054K, committed 2176K, reserved 1048576K
Event: 84.510 GC heap after
Heap after GC invocations=10 (full 1):
 PSYoungGen      total 70144K, used 6642K [0x00000000d6900000, 0x00000000df700000, 0x0000000100000000)
  eden space 63488K, 0% used [0x00000000d6900000,0x00000000d6900000,0x00000000da700000)
  from space 6656K, 99% used [0x00000000da700000,0x00000000dad7c870,0x00000000dad80000)
  to   space 9216K, 0% used [0x00000000dee00000,0x00000000dee00000,0x00000000df700000)
 ParOldGen       total 86016K, used 13905K [0x0000000083a00000, 0x0000000088e00000, 0x00000000d6900000)
  object space 86016K, 16% used [0x0000000083a00000,0x0000000084794718,0x0000000088e00000)
 Metaspace       used 16915K, capacity 17340K, committed 17536K, reserved 1064960K
  class space    used 1926K, capacity 2054K, committed 2176K, reserved 1048576K
}
Event: 95.461 GC heap before
{Heap before GC invocations=11 (full 1):
 PSYoungGen      total 70144K, used 70130K [0x00000000d6900000, 0x00000000df700000, 0x0000000100000000)
  eden space 63488K, 100% used [0x00000000d6900000,0x00000000da700000,0x00000000da700000)
  from space 6656K, 99% used [0x00000000da700000,0x00000000dad7c870,0x00000000dad80000)
  to   space 9216K, 0% used [0x00000000dee00000,0x00000000dee00000,0x00000000df700000)
 ParOldGen       total 86016K, used 13905K [0x0000000083a00000, 0x0000000088e00000, 0x00000000d6900000)
  object space 86016K, 16% used [0x0000000083a00000,0x0000000084794718,0x0000000088e00000)
 Metaspace       used 18858K, capacity 19282K, committed 19456K, reserved 1067008K
  class space    used 2161K, capacity 2287K, committed 2304K, reserved 1048576K
Event: 95.609 GC heap after
Heap after GC invocations=11 (full 1):
 PSYoungGen      total 111104K, used 9188K [0x00000000d6900000, 0x00000000df700000, 0x0000000100000000)
  eden space 101888K, 0% used [0x00000000d6900000,0x00000000d6900000,0x00000000dcc80000)
  from space 9216K, 99% used [0x00000000dee00000,0x00000000df6f93c0,0x00000000df700000)
  to   space 14336K, 0% used [0x00000000ddb00000,0x00000000ddb00000,0x00000000de900000)
 ParOldGen       total 86016K, used 25270K [0x0000000083a00000, 0x0000000088e00000, 0x00000000d6900000)
  object space 86016K, 29% used [0x0000000083a00000,0x00000000852ada30,0x0000000088e00000)
 Metaspace       used 18858K, capacity 19282K, committed 19456K, reserved 1067008K
  class space    used 2161K, capacity 2287K, committed 2304K, reserved 1048576K
}
Event: 113.625 GC heap before
{Heap before GC invocations=12 (full 1):
 PSYoungGen      total 111104K, used 111076K [0x00000000d6900000, 0x00000000df700000, 0x0000000100000000)
  eden space 101888K, 100% used [0x00000000d6900000,0x00000000dcc80000,0x00000000dcc80000)
  from space 9216K, 99% used [0x00000000dee00000,0x00000000df6f93c0,0x00000000df700000)
  to   space 14336K, 0% used [0x00000000ddb00000,0x00000000ddb00000,0x00000000de900000)
 ParOldGen       total 86016K, used 25270K [0x0000000083a00000, 0x0000000088e00000, 0x00000000d6900000)
  object space 86016K, 29% used [0x0000000083a00000,0x00000000852ada30,0x0000000088e00000)
 Metaspace       used 20360K, capacity 20848K, committed 20992K, reserved 1067008K
  class space    used 2376K, capacity 2548K, committed 2560K, reserved 1048576K

