# JRE version: Java(TM) SE Runtime Environment (8.0_181-b13) (build 1.8.0_181-b13)
# Java VM: Java HotSpot(TM) 64-Bit Server VM (25.181-b13 mixed mode linux-amd64 compressed oops)
Heap:
 PSYoungGen      total 130560K, used 6880K [0x00000000d6900000, 0x00000000df300000, 0x0000000100000000)
  eden space 119808K, 0% used [0x00000000d6900000,0x00000000d6900000,0x00000000dde00000)
  from space 10752K, 63% used [0x00000000dde00000,0x00000000de4b80a0,0x00000000de880000)
  to   space 10752K, 0% used [0x00000000de880000,0x00000000de880000,0x00000000df300000)
 ParOldGen       total 86016K, used 19240K [0x0000000083a00000, 0x0000000088e00000, 0x00000000d6900000)
  object space 86016K, 22% used [0x0000000083a00000,0x0000000084cca2a0,0x0000000088e00000)
 Metaspace       used 14042K, capacity 14386K, committed 14592K, reserved 1062912K
  class space    used 1579K, capacity 1709K, committed 1792K, reserved 1048576K
GC Heap History (10 events):
Event: 130.575 GC heap after
Heap after GC invocations=5 (full 1):
 PSYoungGen      total 37888K, used 5108K [0x00000000d6900000, 0x00000000db300000, 0x0000000100000000)
  eden space 32768K, 0% used [0x00000000d6900000,0x00000000d6900000,0x00000000d8900000)
  from space 5120K, 99% used [0x00000000d8e00000,0x00000000d92fd1d0,0x00000000d9300000)
  to   space 5120K, 0% used [0x00000000d8900000,0x00000000d8900000,0x00000000d8e00000)
 ParOldGen       total 86016K, used 14134K [0x0000000083a00000, 0x0000000088e00000, 0x00000000d6900000)
  object space 86016K, 16% used [0x0000000083a00000,0x00000000847cdb90,0x0000000088e00000)
 Metaspace       used 13710K, capacity 14058K, committed 14336K, reserved 1062912K
  class space    used 1578K, capacity 1709K, committed 1792K, reserved 1048576K
}
Event: 130.696 GC heap before
{Heap before GC invocations=6 (full 1):
 PSYoungGen      total 37888K, used 37876K [0x00000000d6900000, 0x00000000db300000, 0x0000000100000000)
  eden space 32768K, 100% used [0x00000000d6900000,0x00000000d8900000,0x00000000d8900000)
  from space 5120K, 99% used [0x00000000d8e00000,0x00000000d92fd1d0,0x00000000d9300000)
  to   space 5120K, 0% used [0x00000000d8900000,0x00000000d8900000,0x00000000d8e00000)
 ParOldGen       total 86016K, used 14134K [0x0000000083a00000, 0x0000000088e00000, 0x00000000d6900000)
  object space 86016K, 16% used [0x0000000083a00000,0x00000000847cdb90,0x0000000088e00000)
 Metaspace       used 13739K, capacity 14066K, committed 14336K, reserved 1062912K
  class space    used 1578K, capacity 1709K, committed 1792K, reserved 1048576K
Event: 130.701 GC heap after
Heap after GC invocations=6 (full 1):
 PSYoungGen      total 37888K, used 5108K [0x00000000d6900000, 0x00000000db300000, 0x0000000100000000)
  eden space 32768K, 0% used [0x00000000d6900000,0x00000000d6900000,0x00000000d8900000)
  from space 5120K, 99% used [0x00000000d8900000,0x00000000d8dfd1d0,0x00000000d8e00000)
  to   space 5120K, 0% used [0x00000000dae00000,0x00000000dae00000,0x00000000db300000)
 ParOldGen       total 86016K, used 14142K [0x0000000083a00000, 0x0000000088e00000, 0x00000000d6900000)
  object space 86016K, 16% used [0x0000000083a00000,0x00000000847cfb90,0x0000000088e00000)
 Metaspace       used 13739K, capacity 14066K, committed 14336K, reserved 1062912K
  class space    used 1578K, capacity 1709K, committed 1792K, reserved 1048576K
}
Event: 130.876 GC heap before
{Heap before GC invocations=7 (full 1):
 PSYoungGen      total 37888K, used 37876K [0x00000000d6900000, 0x00000000db300000, 0x0000000100000000)
  eden space 32768K, 100% used [0x00000000d6900000,0x00000000d8900000,0x00000000d8900000)
  from space 5120K, 99% used [0x00000000d8900000,0x00000000d8dfd1d0,0x00000000d8e00000)
  to   space 5120K, 0% used [0x00000000dae00000,0x00000000dae00000,0x00000000db300000)
 ParOldGen       total 86016K, used 14142K [0x0000000083a00000, 0x0000000088e00000, 0x00000000d6900000)
  object space 86016K, 16% used [0x0000000083a00000,0x00000000847cfb90,0x0000000088e00000)
 Metaspace       used 13804K, capacity 14130K, committed 14336K, reserved 1062912K
  class space    used 1578K, capacity 1709K, committed 1792K, reserved 1048576K
Event: 130.886 GC heap after
Heap after GC invocations=7 (full 1):
 PSYoungGen      total 65024K, used 5108K [0x00000000d6900000, 0x00000000dbe00000, 0x0000000100000000)
  eden space 59904K, 0% used [0x00000000d6900000,0x00000000d6900000,0x00000000da380000)
  from space 5120K, 99% used [0x00000000dae00000,0x00000000db2fd1d0,0x00000000db300000)
  to   space 10752K, 0% used [0x00000000da380000,0x00000000da380000,0x00000000dae00000)
 ParOldGen       total 86016K, used 14463K [0x0000000083a00000, 0x0000000088e00000, 0x00000000d6900000)
  object space 86016K, 16% used [0x0000000083a00000,0x000000008481fc40,0x0000000088e00000)
 Metaspace       used 13804K, capacity 14130K, committed 14336K, reserved 1062912K
  class space    used 1578K, capacity 1709K, committed 1792K, reserved 1048576K
}
Event: 131.359 GC heap before
{Heap before GC invocations=8 (full 1):
 PSYoungGen      total 65024K, used 65012K [0x00000000d6900000, 0x00000000dbe00000, 0x0000000100000000)
  eden space 59904K, 100% used [0x00000000d6900000,0x00000000da380000,0x00000000da380000)
  from space 5120K, 99% used [0x00000000dae00000,0x00000000db2fd1d0,0x00000000db300000)
  to   space 10752K, 0% used [0x00000000da380000,0x00000000da380000,0x00000000dae00000)
 ParOldGen       total 86016K, used 14463K [0x0000000083a00000, 0x0000000088e00000, 0x00000000d6900000)
  object space 86016K, 16% used [0x0000000083a00000,0x000000008481fc40,0x0000000088e00000)
 Metaspace       used 13899K, capacity 14258K, committed 14592K, reserved 1062912K
  class space    used 1578K, capacity 1709K, committed 1792K, reserved 1048576K
Event: 131.387 GC heap after
Heap after GC invocations=8 (full 1):
 PSYoungGen      total 70656K, used 6036K [0x00000000d6900000, 0x00000000df300000, 0x0000000100000000)
  eden space 59904K, 0% used [0x00000000d6900000,0x00000000d6900000,0x00000000da380000)
  from space 10752K, 56% used [0x00000000da380000,0x00000000da9651d0,0x00000000dae00000)
  to   space 10752K, 0% used [0x00000000de880000,0x00000000de880000,0x00000000df300000)
 ParOldGen       total 86016K, used 14471K [0x0000000083a00000, 0x0000000088e00000, 0x00000000d6900000)
  object space 86016K, 16% used [0x0000000083a00000,0x0000000084821c40,0x0000000088e00000)
 Metaspace       used 13899K, capacity 14258K, committed 14592K, reserved 1062912K
  class space    used 1578K, capacity 1709K, committed 1792K, reserved 1048576K
}
Event: 131.927 GC heap before
{Heap before GC invocations=9 (full 1):
 PSYoungGen      total 70656K, used 65940K [0x00000000d6900000, 0x00000000df300000, 0x0000000100000000)
  eden space 59904K, 100% used [0x00000000d6900000,0x00000000da380000,0x00000000da380000)
  from space 10752K, 56% used [0x00000000da380000,0x00000000da9651d0,0x00000000dae00000)
  to   space 10752K, 0% used [0x00000000de880000,0x00000000de880000,0x00000000df300000)
 ParOldGen       total 86016K, used 14471K [0x0000000083a00000, 0x0000000088e00000, 0x00000000d6900000)
  object space 86016K, 16% used [0x0000000083a00000,0x0000000084821c40,0x0000000088e00000)
 Metaspace       used 13986K, capacity 14322K, committed 14592K, reserved 1062912K
  class space    used 1579K, capacity 1709K, committed 1792K, reserved 1048576K
Event: 131.951 GC heap after
Heap after GC invocations=9 (full 1):
 PSYoungGen      total 130560K, used 3968K [0x00000000d6900000, 0x00000000df300000, 0x0000000100000000)
  eden space 119808K, 0% used [0x00000000d6900000,0x00000000d6900000,0x00000000dde00000)
  from space 10752K, 36% used [0x00000000de880000,0x00000000dec60010,0x00000000df300000)
  to   space 10752K, 0% used [0x00000000dde00000,0x00000000dde00000,0x00000000de880000)
 ParOldGen       total 86016K, used 18392K [0x0000000083a00000, 0x0000000088e00000, 0x00000000d6900000)
  object space 86016K, 21% used [0x0000000083a00000,0x0000000084bf6280,0x0000000088e00000)
 Metaspace       used 13986K, capacity 14322K, committed 14592K, reserved 1062912K
  class space    used 1579K, capacity 1709K, committed 1792K, reserved 1048576K
}
Event: 133.057 GC heap before
{Heap before GC invocations=10 (full 1):
 PSYoungGen      total 130560K, used 123776K [0x00000000d6900000, 0x00000000df300000, 0x0000000100000000)
  eden space 119808K, 100% used [0x00000000d6900000,0x00000000dde00000,0x00000000dde00000)
  from space 10752K, 36% used [0x00000000de880000,0x00000000dec60010,0x00000000df300000)
  to   space 10752K, 0% used [0x00000000dde00000,0x00000000dde00000,0x00000000de880000)
 ParOldGen       total 86016K, used 18392K [0x0000000083a00000, 0x0000000088e00000, 0x00000000d6900000)
  object space 86016K, 21% used [0x0000000083a00000,0x0000000084bf6280,0x0000000088e00000)
 Metaspace       used 14042K, capacity 14386K, committed 14592K, reserved 1062912K
  class space    used 1579K, capacity 1709K, committed 1792K, reserved 1048576K

