# JRE version: Java(TM) SE Runtime Environment (8.0_181-b13) (build 1.8.0_181-b13)
# Java VM: Java HotSpot(TM) 64-Bit Server VM (25.181-b13 mixed mode linux-amd64 compressed oops)
Heap:
 PSYoungGen      total 137216K, used 15338K [0x00000000d6900000, 0x00000000e0200000, 0x0000000100000000)
  eden space 121856K, 0% used [0x00000000d6900000,0x00000000d6900000,0x00000000de000000)
  from space 15360K, 99% used [0x00000000de000000,0x00000000deefabc0,0x00000000def00000)
  to   space 11264K, 0% used [0x00000000def00000,0x00000000def00000,0x00000000dfa00000)
 ParOldGen       total 86016K, used 46835K [0x0000000083a00000, 0x0000000088e00000, 0x00000000d6900000)
  object space 86016K, 54% used [0x0000000083a00000,0x00000000867bccc0,0x0000000088e00000)
 Metaspace       used 19359K, capacity 19868K, committed 20096K, reserved 1067008K
  class space    used 2163K, capacity 2328K, committed 2432K, reserved 1048576K
GC Heap History (10 events):
Event: 89.649 GC heap after
Heap after GC invocations=5 (full 1):
 PSYoungGen      total 37888K, used 4347K [0x00000000d6900000, 0x00000000d9300000, 0x0000000100000000)
  eden space 32768K, 0% used [0x00000000d6900000,0x00000000d6900000,0x00000000d8900000)
  from space 5120K, 84% used [0x00000000d8e00000,0x00000000d923ec38,0x00000000d9300000)
  to   space 5120K, 0% used [0x00000000d8900000,0x00000000d8900000,0x00000000d8e00000)
 ParOldGen       total 86016K, used 4066K [0x0000000083a00000, 0x0000000088e00000, 0x00000000d6900000)
  object space 86016K, 4% used [0x0000000083a00000,0x0000000083df8aa0,0x0000000088e00000)
 Metaspace       used 13990K, capacity 14358K, committed 14592K, reserved 1062912K
  class space    used 1600K, capacity 1704K, committed 1792K, reserved 1048576K
}
Event: 90.158 GC heap before
{Heap before GC invocations=6 (full 1):
 PSYoungGen      total 37888K, used 37115K [0x00000000d6900000, 0x00000000d9300000, 0x0000000100000000)
  eden space 32768K, 100% used [0x00000000d6900000,0x00000000d8900000,0x00000000d8900000)
  from space 5120K, 84% used [0x00000000d8e00000,0x00000000d923ec38,0x00000000d9300000)
  to   space 5120K, 0% used [0x00000000d8900000,0x00000000d8900000,0x00000000d8e00000)
 ParOldGen       total 86016K, used 4066K [0x0000000083a00000, 0x0000000088e00000, 0x00000000d6900000)
  object space 86016K, 4% used [0x0000000083a00000,0x0000000083df8aa0,0x0000000088e00000)
 Metaspace       used 14110K, capacity 14502K, committed 14848K, reserved 1062912K
  class space    used 1607K, capacity 1710K, committed 1792K, reserved 1048576K
Event: 90.167 GC heap after
Heap after GC invocations=6 (full 1):
 PSYoungGen      total 37888K, used 4482K [0x00000000d6900000, 0x00000000db300000, 0x0000000100000000)
  eden space 32768K, 0% used [0x00000000d6900000,0x00000000d6900000,0x00000000d8900000)
  from space 5120K, 87% used [0x00000000d8900000,0x00000000d8d60938,0x00000000d8e00000)
  to   space 5120K, 0% used [0x00000000dae00000,0x00000000dae00000,0x00000000db300000)
 ParOldGen       total 86016K, used 4074K [0x0000000083a00000, 0x0000000088e00000, 0x00000000d6900000)
  object space 86016K, 4% used [0x0000000083a00000,0x0000000083dfaaa0,0x0000000088e00000)
 Metaspace       used 14110K, capacity 14502K, committed 14848K, reserved 1062912K
  class space    used 1607K, capacity 1710K, committed 1792K, reserved 1048576K
}
Event: 91.948 GC heap before
{Heap before GC invocations=7 (full 1):
 PSYoungGen      total 37888K, used 37250K [0x00000000d6900000, 0x00000000db300000, 0x0000000100000000)
  eden space 32768K, 100% used [0x00000000d6900000,0x00000000d8900000,0x00000000d8900000)
  from space 5120K, 87% used [0x00000000d8900000,0x00000000d8d60938,0x00000000d8e00000)
  to   space 5120K, 0% used [0x00000000dae00000,0x00000000dae00000,0x00000000db300000)
 ParOldGen       total 86016K, used 4074K [0x0000000083a00000, 0x0000000088e00000, 0x00000000d6900000)
  object space 86016K, 4% used [0x0000000083a00000,0x0000000083dfaaa0,0x0000000088e00000)
 Metaspace       used 16004K, capacity 16456K, committed 16512K, reserved 1064960K
  class space    used 1796K, capacity 1920K, committed 1920K, reserved 1048576K
Event: 92.003 GC heap after
Heap after GC invocations=7 (full 1):
 PSYoungGen      total 68096K, used 5114K [0x00000000d6900000, 0x00000000db800000, 0x0000000100000000)
  eden space 62976K, 0% used [0x00000000d6900000,0x00000000d6900000,0x00000000da680000)
  from space 5120K, 99% used [0x00000000dae00000,0x00000000db2fe858,0x00000000db300000)
  to   space 7680K, 0% used [0x00000000da680000,0x00000000da680000,0x00000000dae00000)
 ParOldGen       total 86016K, used 7851K [0x0000000083a00000, 0x0000000088e00000, 0x00000000d6900000)
  object space 86016K, 9% used [0x0000000083a00000,0x00000000841aae38,0x0000000088e00000)
 Metaspace       used 16004K, capacity 16456K, committed 16512K, reserved 1064960K
  class space    used 1796K, capacity 1920K, committed 1920K, reserved 1048576K
}
Event: 96.232 GC heap before
{Heap before GC invocations=8 (full 1):
 PSYoungGen      total 68096K, used 68090K [0x00000000d6900000, 0x00000000db800000, 0x0000000100000000)
  eden space 62976K, 100% used [0x00000000d6900000,0x00000000da680000,0x00000000da680000)
  from space 5120K, 99% used [0x00000000dae00000,0x00000000db2fe858,0x00000000db300000)
  to   space 7680K, 0% used [0x00000000da680000,0x00000000da680000,0x00000000dae00000)
 ParOldGen       total 86016K, used 7851K [0x0000000083a00000, 0x0000000088e00000, 0x00000000d6900000)
  object space 86016K, 9% used [0x0000000083a00000,0x00000000841aae38,0x0000000088e00000)
 Metaspace       used 17974K, capacity 18436K, committed 18560K, reserved 1064960K
  class space    used 2024K, capacity 2160K, committed 2176K, reserved 1048576K
Event: 96.366 GC heap after
Heap after GC invocations=8 (full 1):
 PSYoungGen      total 70656K, used 7658K [0x00000000d6900000, 0x00000000dfa00000, 0x0000000100000000)
  eden space 62976K, 0% used [0x00000000d6900000,0x00000000d6900000,0x00000000da680000)
  from space 7680K, 99% used [0x00000000da680000,0x00000000dadfa950,0x00000000dae00000)
  to   space 11264K, 0% used [0x00000000def00000,0x00000000def00000,0x00000000dfa00000)
 ParOldGen       total 86016K, used 13720K [0x0000000083a00000, 0x0000000088e00000, 0x00000000d6900000)
  object space 86016K, 15% used [0x0000000083a00000,0x0000000084766378,0x0000000088e00000)
 Metaspace       used 17974K, capacity 18436K, committed 18560K, reserved 1064960K
  class space    used 2024K, capacity 2160K, committed 2176K, reserved 1048576K
}
Event: 114.386 GC heap before
{Heap before GC invocations=9 (full 1):
 PSYoungGen      total 70656K, used 70634K [0x00000000d6900000, 0x00000000dfa00000, 0x0000000100000000)
  eden space 62976K, 100% used [0x00000000d6900000,0x00000000da680000,0x00000000da680000)
  from space 7680K, 99% used [0x00000000da680000,0x00000000dadfa950,0x00000000dae00000)
  to   space 11264K, 0% used [0x00000000def00000,0x00000000def00000,0x00000000dfa00000)
 ParOldGen       total 86016K, used 13720K [0x0000000083a00000, 0x0000000088e00000, 0x00000000d6900000)
  object space 86016K, 15% used [0x0000000083a00000,0x0000000084766378,0x0000000088e00000)
 Metaspace       used 18894K, capacity 19412K, committed 19712K, reserved 1067008K
  class space    used 2111K, capacity 2264K, committed 2304K, reserved 1048576K
Event: 114.978 GC heap after
Heap after GC invocations=9 (full 1):
 PSYoungGen      total 133120K, used 11245K [0x00000000d6900000, 0x00000000e0200000, 0x0000000100000000)
  eden space 121856K, 0% used [0x00000000d6900000,0x00000000d6900000,0x00000000de000000)
  from space 11264K, 99% used [0x00000000def00000,0x00000000df9fb430,0x00000000dfa00000)
  to   space 15360K, 0% used [0x00000000de000000,0x00000000de000000,0x00000000def00000)
 ParOldGen       total 86016K, used 18675K [0x0000000083a00000, 0x0000000088e00000, 0x00000000d6900000)
  object space 86016K, 21% used [0x0000000083a00000,0x0000000084c3cdb8,0x0000000088e00000)
 Metaspace       used 18894K, capacity 19412K, committed 19712K, reserved 1067008K
  class space    used 2111K, capacity 2264K, committed 2304K, reserved 1048576K
}
Event: 144.018 GC heap before
{Heap before GC invocations=10 (full 1):
 PSYoungGen      total 133120K, used 133101K [0x00000000d6900000, 0x00000000e0200000, 0x0000000100000000)
  eden space 121856K, 100% used [0x00000000d6900000,0x00000000de000000,0x00000000de000000)
  from space 11264K, 99% used [0x00000000def00000,0x00000000df9fb430,0x00000000dfa00000)
  to   space 15360K, 0% used [0x00000000de000000,0x00000000de000000,0x00000000def00000)
 ParOldGen       total 86016K, used 18675K [0x0000000083a00000, 0x0000000088e00000, 0x00000000d6900000)
  object space 86016K, 21% used [0x0000000083a00000,0x0000000084c3cdb8,0x0000000088e00000)
 Metaspace       used 19359K, capacity 19868K, committed 20096K, reserved 1067008K
  class space    used 2163K, capacity 2328K, committed 2432K, reserved 1048576K

