# JRE version: Java(TM) SE Runtime Environment (8.0_181-b13) (build 1.8.0_181-b13)
# Java VM: Java HotSpot(TM) 64-Bit Server VM (25.181-b13 mixed mode linux-amd64 compressed oops)
Heap:
 PSYoungGen      total 37888K, used 32199K [0x00000000d6900000, 0x00000000d9300000, 0x0000000100000000)
  eden space 32768K, 82% used [0x00000000d6900000,0x00000000d8375de0,0x00000000d8900000)
  from space 5120K, 99% used [0x00000000d8900000,0x00000000d8dfc010,0x00000000d8e00000)
  to   space 5120K, 0% used [0x00000000d8e00000,0x00000000d8e00000,0x00000000d9300000)
 ParOldGen       total 86016K, used 4654K [0x0000000083a00000, 0x0000000088e00000, 0x00000000d6900000)
  object space 86016K, 5% used [0x0000000083a00000,0x0000000083e8b9b8,0x0000000088e00000)
 Metaspace       used 18008K, capacity 18528K, committed 18688K, reserved 1064960K
  class space    used 2127K, capacity 2302K, committed 2304K, reserved 1048576K
GC Heap History (10 events):
Event: 2.471 GC heap before
{Heap before GC invocations=2 (full 1):
 PSYoungGen      total 37888K, used 4134K [0x00000000d6900000, 0x00000000d9300000, 0x0000000100000000)
  eden space 32768K, 0% used [0x00000000d6900000,0x00000000d6900000,0x00000000d8900000)
  from space 5120K, 80% used [0x00000000d8900000,0x00000000d8d098c0,0x00000000d8e00000)
  to   space 5120K, 0% used [0x00000000d8e00000,0x00000000d8e00000,0x00000000d9300000)
 ParOldGen       total 86016K, used 72K [0x0000000083a00000, 0x0000000088e00000, 0x00000000d6900000)
  object space 86016K, 0% used [0x0000000083a00000,0x0000000083a12010,0x0000000088e00000)
 Metaspace       used 10269K, capacity 10404K, committed 10624K, reserved 1058816K
  class space    used 1246K, capacity 1321K, committed 1408K, reserved 1048576K
Event: 2.508 GC heap after
Heap after GC invocations=2 (full 1):
 PSYoungGen      total 37888K, used 0K [0x00000000d6900000, 0x00000000d9300000, 0x0000000100000000)
  eden space 32768K, 0% used [0x00000000d6900000,0x00000000d6900000,0x00000000d8900000)
  from space 5120K, 0% used [0x00000000d8900000,0x00000000d8900000,0x00000000d8e00000)
  to   space 5120K, 0% used [0x00000000d8e00000,0x00000000d8e00000,0x00000000d9300000)
 ParOldGen       total 86016K, used 4074K [0x0000000083a00000, 0x0000000088e00000, 0x00000000d6900000)
  object space 86016K, 4% used [0x0000000083a00000,0x0000000083dfaa08,0x0000000088e00000)
 Metaspace       used 10261K, capacity 10394K, committed 10624K, reserved 1058816K
  class space    used 1245K, capacity 1319K, committed 1408K, reserved 1048576K
}
Event: 56.522 GC heap before
{Heap before GC invocations=3 (full 1):
 PSYoungGen      total 37888K, used 32768K [0x00000000d6900000, 0x00000000d9300000, 0x0000000100000000)
  eden space 32768K, 100% used [0x00000000d6900000,0x00000000d8900000,0x00000000d8900000)
  from space 5120K, 0% used [0x00000000d8900000,0x00000000d8900000,0x00000000d8e00000)
  to   space 5120K, 0% used [0x00000000d8e00000,0x00000000d8e00000,0x00000000d9300000)
 ParOldGen       total 86016K, used 4074K [0x0000000083a00000, 0x0000000088e00000, 0x00000000d6900000)
  object space 86016K, 4% used [0x0000000083a00000,0x0000000083dfaa08,0x0000000088e00000)
 Metaspace       used 13992K, capacity 14380K, committed 14592K, reserved 1062912K
  class space    used 1621K, capacity 1744K, committed 1792K, reserved 1048576K
Event: 56.529 GC heap after
Heap after GC invocations=3 (full 1):
 PSYoungGen      total 37888K, used 4548K [0x00000000d6900000, 0x00000000d9300000, 0x0000000100000000)
  eden space 32768K, 0% used [0x00000000d6900000,0x00000000d6900000,0x00000000d8900000)
  from space 5120K, 88% used [0x00000000d8e00000,0x00000000d9271288,0x00000000d9300000)
  to   space 5120K, 0% used [0x00000000d8900000,0x00000000d8900000,0x00000000d8e00000)
 ParOldGen       total 86016K, used 4074K [0x0000000083a00000, 0x0000000088e00000, 0x00000000d6900000)
  object space 86016K, 4% used [0x0000000083a00000,0x0000000083dfaa08,0x0000000088e00000)
 Metaspace       used 13992K, capacity 14380K, committed 14592K, reserved 1062912K
  class space    used 1621K, capacity 1744K, committed 1792K, reserved 1048576K
}
Event: 57.274 GC heap before
{Heap before GC invocations=4 (full 1):
 PSYoungGen      total 37888K, used 37316K [0x00000000d6900000, 0x00000000d9300000, 0x0000000100000000)
  eden space 32768K, 100% used [0x00000000d6900000,0x00000000d8900000,0x00000000d8900000)
  from space 5120K, 88% used [0x00000000d8e00000,0x00000000d9271288,0x00000000d9300000)
  to   space 5120K, 0% used [0x00000000d8900000,0x00000000d8900000,0x00000000d8e00000)
 ParOldGen       total 86016K, used 4074K [0x0000000083a00000, 0x0000000088e00000, 0x00000000d6900000)
  object space 86016K, 4% used [0x0000000083a00000,0x0000000083dfaa08,0x0000000088e00000)
 Metaspace       used 14143K, capacity 14572K, committed 14848K, reserved 1062912K
  class space    used 1622K, capacity 1744K, committed 1792K, reserved 1048576K
Event: 57.281 GC heap after
Heap after GC invocations=4 (full 1):
 PSYoungGen      total 37888K, used 4342K [0x00000000d6900000, 0x00000000d9300000, 0x0000000100000000)
  eden space 32768K, 0% used [0x00000000d6900000,0x00000000d6900000,0x00000000d8900000)
  from space 5120K, 84% used [0x00000000d8900000,0x00000000d8d3d830,0x00000000d8e00000)
  to   space 5120K, 0% used [0x00000000d8e00000,0x00000000d8e00000,0x00000000d9300000)
 ParOldGen       total 86016K, used 4082K [0x0000000083a00000, 0x0000000088e00000, 0x00000000d6900000)
  object space 86016K, 4% used [0x0000000083a00000,0x0000000083dfca08,0x0000000088e00000)
 Metaspace       used 14143K, capacity 14572K, committed 14848K, reserved 1062912K
  class space    used 1622K, capacity 1744K, committed 1792K, reserved 1048576K
}
Event: 79.092 GC heap before
{Heap before GC invocations=5 (full 1):
 PSYoungGen      total 37888K, used 37110K [0x00000000d6900000, 0x00000000d9300000, 0x0000000100000000)
  eden space 32768K, 100% used [0x00000000d6900000,0x00000000d8900000,0x00000000d8900000)
  from space 5120K, 84% used [0x00000000d8900000,0x00000000d8d3d830,0x00000000d8e00000)
  to   space 5120K, 0% used [0x00000000d8e00000,0x00000000d8e00000,0x00000000d9300000)
 ParOldGen       total 86016K, used 4082K [0x0000000083a00000, 0x0000000088e00000, 0x00000000d6900000)
  object space 86016K, 4% used [0x0000000083a00000,0x0000000083dfca08,0x0000000088e00000)
 Metaspace       used 17674K, capacity 18216K, committed 18432K, reserved 1064960K
  class space    used 2087K, capacity 2266K, committed 2304K, reserved 1048576K
Event: 79.101 GC heap after
Heap after GC invocations=5 (full 1):
 PSYoungGen      total 37888K, used 5116K [0x00000000d6900000, 0x00000000d9300000, 0x0000000100000000)
  eden space 32768K, 0% used [0x00000000d6900000,0x00000000d6900000,0x00000000d8900000)
  from space 5120K, 99% used [0x00000000d8e00000,0x00000000d92ff030,0x00000000d9300000)
  to   space 5120K, 0% used [0x00000000d8900000,0x00000000d8900000,0x00000000d8e00000)
 ParOldGen       total 86016K, used 4549K [0x0000000083a00000, 0x0000000088e00000, 0x00000000d6900000)
  object space 86016K, 5% used [0x0000000083a00000,0x0000000083e71588,0x0000000088e00000)
 Metaspace       used 17674K, capacity 18216K, committed 18432K, reserved 1064960K
  class space    used 2087K, capacity 2266K, committed 2304K, reserved 1048576K
}
Event: 99.613 GC heap before
{Heap before GC invocations=6 (full 1):
 PSYoungGen      total 37888K, used 37884K [0x00000000d6900000, 0x00000000d9300000, 0x0000000100000000)
  eden space 32768K, 100% used [0x00000000d6900000,0x00000000d8900000,0x00000000d8900000)
  from space 5120K, 99% used [0x00000000d8e00000,0x00000000d92ff030,0x00000000d9300000)
  to   space 5120K, 0% used [0x00000000d8900000,0x00000000d8900000,0x00000000d8e00000)
 ParOldGen       total 86016K, used 4549K [0x0000000083a00000, 0x0000000088e00000, 0x00000000d6900000)
  object space 86016K, 5% used [0x0000000083a00000,0x0000000083e71588,0x0000000088e00000)
 Metaspace       used 17822K, capacity 18368K, committed 18432K, reserved 1064960K
  class space    used 2106K, capacity 2270K, committed 2304K, reserved 1048576K
Event: 99.625 GC heap after
Heap after GC invocations=6 (full 1):
 PSYoungGen      total 37888K, used 5104K [0x00000000d6900000, 0x00000000d9300000, 0x0000000100000000)
  eden space 32768K, 0% used [0x00000000d6900000,0x00000000d6900000,0x00000000d8900000)
  from space 5120K, 99% used [0x00000000d8900000,0x00000000d8dfc010,0x00000000d8e00000)
  to   space 5120K, 0% used [0x00000000d8e00000,0x00000000d8e00000,0x00000000d9300000)
 ParOldGen       total 86016K, used 4654K [0x0000000083a00000, 0x0000000088e00000, 0x00000000d6900000)
  object space 86016K, 5% used [0x0000000083a00000,0x0000000083e8b9b8,0x0000000088e00000)
 Metaspace       used 17822K, capacity 18368K, committed 18432K, reserved 1064960K
  class space    used 2106K, capacity 2270K, committed 2304K, reserved 1048576K
}

