# JRE version: Java(TM) SE Runtime Environment (8.0_181-b13) (build 1.8.0_181-b13)
# Java VM: Java HotSpot(TM) 64-Bit Server VM (25.181-b13 mixed mode linux-amd64 compressed oops)
Heap:
 PSYoungGen      total 37376K, used 7580K [0x00000000d6900000, 0x00000000d9880000, 0x0000000100000000)
  eden space 27648K, 0% used [0x00000000d6900000,0x00000000d6900000,0x00000000d8400000)
  from space 9728K, 77% used [0x00000000d8400000,0x00000000d8b67080,0x00000000d8d80000)
  to   space 7680K, 0% used [0x00000000d8d80000,0x00000000d8d80000,0x00000000d9500000)
 ParOldGen       total 86016K, used 12475K [0x0000000083a00000, 0x0000000088e00000, 0x00000000d6900000)
  object space 86016K, 14% used [0x0000000083a00000,0x000000008462ed58,0x0000000088e00000)
 Metaspace       used 17092K, capacity 17626K, committed 17792K, reserved 1064960K
  class space    used 1954K, capacity 2109K, committed 2176K, reserved 1048576K
GC Heap History (10 events):
Event: 57.450 GC heap after
Heap after GC invocations=5 (full 1):
 PSYoungGen      total 37888K, used 5096K [0x00000000d6900000, 0x00000000d9300000, 0x0000000100000000)
  eden space 32768K, 0% used [0x00000000d6900000,0x00000000d6900000,0x00000000d8900000)
  from space 5120K, 99% used [0x00000000d8e00000,0x00000000d92fa030,0x00000000d9300000)
  to   space 5120K, 0% used [0x00000000d8900000,0x00000000d8900000,0x00000000d8e00000)
 ParOldGen       total 86016K, used 4270K [0x0000000083a00000, 0x0000000088e00000, 0x00000000d6900000)
  object space 86016K, 4% used [0x0000000083a00000,0x0000000083e2b898,0x0000000088e00000)
 Metaspace       used 14507K, capacity 14912K, committed 15104K, reserved 1062912K
  class space    used 1640K, capacity 1750K, committed 1792K, reserved 1048576K
}
Event: 64.636 GC heap before
{Heap before GC invocations=6 (full 1):
 PSYoungGen      total 37888K, used 37864K [0x00000000d6900000, 0x00000000d9300000, 0x0000000100000000)
  eden space 32768K, 100% used [0x00000000d6900000,0x00000000d8900000,0x00000000d8900000)
  from space 5120K, 99% used [0x00000000d8e00000,0x00000000d92fa030,0x00000000d9300000)
  to   space 5120K, 0% used [0x00000000d8900000,0x00000000d8900000,0x00000000d8e00000)
 ParOldGen       total 86016K, used 4270K [0x0000000083a00000, 0x0000000088e00000, 0x00000000d6900000)
  object space 86016K, 4% used [0x0000000083a00000,0x0000000083e2b898,0x0000000088e00000)
 Metaspace       used 16417K, capacity 16922K, committed 17280K, reserved 1064960K
  class space    used 1888K, capacity 2073K, committed 2176K, reserved 1048576K
Event: 64.659 GC heap after
Heap after GC invocations=6 (full 1):
 PSYoungGen      total 37888K, used 5120K [0x00000000d6900000, 0x00000000d9300000, 0x0000000100000000)
  eden space 32768K, 0% used [0x00000000d6900000,0x00000000d6900000,0x00000000d8900000)
  from space 5120K, 100% used [0x00000000d8900000,0x00000000d8e00000,0x00000000d8e00000)
  to   space 5120K, 0% used [0x00000000d8e00000,0x00000000d8e00000,0x00000000d9300000)
 ParOldGen       total 86016K, used 5837K [0x0000000083a00000, 0x0000000088e00000, 0x00000000d6900000)
  object space 86016K, 6% used [0x0000000083a00000,0x0000000083fb37c8,0x0000000088e00000)
 Metaspace       used 16417K, capacity 16922K, committed 17280K, reserved 1064960K
  class space    used 1888K, capacity 2073K, committed 2176K, reserved 1048576K
}
Event: 73.869 GC heap before
{Heap before GC invocations=7 (full 1):
 PSYoungGen      total 37888K, used 37888K [0x00000000d6900000, 0x00000000d9300000, 0x0000000100000000)
  eden space 32768K, 100% used [0x00000000d6900000,0x00000000d8900000,0x00000000d8900000)
  from space 5120K, 100% used [0x00000000d8900000,0x00000000d8e00000,0x00000000d8e00000)
  to   space 5120K, 0% used [0x00000000d8e00000,0x00000000d8e00000,0x00000000d9300000)
 ParOldGen       total 86016K, used 5837K [0x0000000083a00000, 0x0000000088e00000, 0x00000000d6900000)
  object space 86016K, 6% used [0x0000000083a00000,0x0000000083fb37c8,0x0000000088e00000)
 Metaspace       used 16750K, capacity 17300K, committed 17536K, reserved 1064960K
  class space    used 1933K, capacity 2108K, committed 2176K, reserved 1048576K
Event: 73.888 GC heap after
Heap after GC invocations=7 (full 1):
 PSYoungGen      total 35328K, used 5120K [0x00000000d6900000, 0x00000000d9780000, 0x0000000100000000)
  eden space 30208K, 0% used [0x00000000d6900000,0x00000000d6900000,0x00000000d8680000)
  from space 5120K, 100% used [0x00000000d8e00000,0x00000000d9300000,0x00000000d9300000)
  to   space 7680K, 0% used [0x00000000d8680000,0x00000000d8680000,0x00000000d8e00000)
 ParOldGen       total 86016K, used 6941K [0x0000000083a00000, 0x0000000088e00000, 0x00000000d6900000)
  object space 86016K, 8% used [0x0000000083a00000,0x00000000840c7478,0x0000000088e00000)
 Metaspace       used 16750K, capacity 17300K, committed 17536K, reserved 1064960K
  class space    used 1933K, capacity 2108K, committed 2176K, reserved 1048576K
}
Event: 96.123 GC heap before
{Heap before GC invocations=8 (full 1):
 PSYoungGen      total 35328K, used 35328K [0x00000000d6900000, 0x00000000d9780000, 0x0000000100000000)
  eden space 30208K, 100% used [0x00000000d6900000,0x00000000d8680000,0x00000000d8680000)
  from space 5120K, 100% used [0x00000000d8e00000,0x00000000d9300000,0x00000000d9300000)
  to   space 7680K, 0% used [0x00000000d8680000,0x00000000d8680000,0x00000000d8e00000)
 ParOldGen       total 86016K, used 6941K [0x0000000083a00000, 0x0000000088e00000, 0x00000000d6900000)
  object space 86016K, 8% used [0x0000000083a00000,0x00000000840c7478,0x0000000088e00000)
 Metaspace       used 16789K, capacity 17300K, committed 17536K, reserved 1064960K
  class space    used 1935K, capacity 2108K, committed 2176K, reserved 1048576K
Event: 96.143 GC heap after
Heap after GC invocations=8 (full 1):
 PSYoungGen      total 36352K, used 6372K [0x00000000d6900000, 0x00000000d9500000, 0x0000000100000000)
  eden space 29696K, 0% used [0x00000000d6900000,0x00000000d6900000,0x00000000d8600000)
  from space 6656K, 95% used [0x00000000d8680000,0x00000000d8cb9040,0x00000000d8d00000)
  to   space 7680K, 0% used [0x00000000d8d80000,0x00000000d8d80000,0x00000000d9500000)
 ParOldGen       total 86016K, used 6941K [0x0000000083a00000, 0x0000000088e00000, 0x00000000d6900000)
  object space 86016K, 8% used [0x0000000083a00000,0x00000000840c7478,0x0000000088e00000)
 Metaspace       used 16789K, capacity 17300K, committed 17536K, reserved 1064960K
  class space    used 1935K, capacity 2108K, committed 2176K, reserved 1048576K
}
Event: 109.999 GC heap before
{Heap before GC invocations=9 (full 1):
 PSYoungGen      total 36352K, used 36068K [0x00000000d6900000, 0x00000000d9500000, 0x0000000100000000)
  eden space 29696K, 100% used [0x00000000d6900000,0x00000000d8600000,0x00000000d8600000)
  from space 6656K, 95% used [0x00000000d8680000,0x00000000d8cb9040,0x00000000d8d00000)
  to   space 7680K, 0% used [0x00000000d8d80000,0x00000000d8d80000,0x00000000d9500000)
 ParOldGen       total 86016K, used 6941K [0x0000000083a00000, 0x0000000088e00000, 0x00000000d6900000)
  object space 86016K, 8% used [0x0000000083a00000,0x00000000840c7478,0x0000000088e00000)
 Metaspace       used 17009K, capacity 17556K, committed 17792K, reserved 1064960K
  class space    used 1952K, capacity 2108K, committed 2176K, reserved 1048576K
Event: 110.067 GC heap after
Heap after GC invocations=9 (full 1):
 PSYoungGen      total 35328K, used 7668K [0x00000000d6900000, 0x00000000d9880000, 0x0000000100000000)
  eden space 27648K, 0% used [0x00000000d6900000,0x00000000d6900000,0x00000000d8400000)
  from space 7680K, 99% used [0x00000000d8d80000,0x00000000d94fd040,0x00000000d9500000)
  to   space 9728K, 0% used [0x00000000d8400000,0x00000000d8400000,0x00000000d8d80000)
 ParOldGen       total 86016K, used 10066K [0x0000000083a00000, 0x0000000088e00000, 0x00000000d6900000)
  object space 86016K, 11% used [0x0000000083a00000,0x00000000843d4970,0x0000000088e00000)
 Metaspace       used 17009K, capacity 17556K, committed 17792K, reserved 1064960K
  class space    used 1952K, capacity 2108K, committed 2176K, reserved 1048576K
}
Event: 131.179 GC heap before
{Heap before GC invocations=10 (full 1):
 PSYoungGen      total 35328K, used 35316K [0x00000000d6900000, 0x00000000d9880000, 0x0000000100000000)
  eden space 27648K, 100% used [0x00000000d6900000,0x00000000d8400000,0x00000000d8400000)
  from space 7680K, 99% used [0x00000000d8d80000,0x00000000d94fd040,0x00000000d9500000)
  to   space 9728K, 0% used [0x00000000d8400000,0x00000000d8400000,0x00000000d8d80000)
 ParOldGen       total 86016K, used 10066K [0x0000000083a00000, 0x0000000088e00000, 0x00000000d6900000)
  object space 86016K, 11% used [0x0000000083a00000,0x00000000843d4970,0x0000000088e00000)
 Metaspace       used 17092K, capacity 17626K, committed 17792K, reserved 1064960K
  class space    used 1954K, capacity 2109K, committed 2176K, reserved 1048576K

