# JRE version: Java(TM) SE Runtime Environment (8.0_181-b13) (build 1.8.0_181-b13)
# Java VM: Java HotSpot(TM) 64-Bit Server VM (25.181-b13 mixed mode linux-amd64 compressed oops)
Heap:
 PSYoungGen      total 640512K, used 474390K [0x00000000d6900000, 0x00000000ffd80000, 0x0000000100000000)
  eden space 607744K, 75% used [0x00000000d6900000,0x00000000f269ca20,0x00000000fba80000)
  from space 32768K, 55% used [0x00000000fdd80000,0x00000000fef28ec0,0x00000000ffd80000)
  to   space 34304K, 0% used [0x00000000fba80000,0x00000000fba80000,0x00000000fdc00000)
 ParOldGen       total 150016K, used 64846K [0x0000000083a00000, 0x000000008cc80000, 0x00000000d6900000)
  object space 150016K, 43% used [0x0000000083a00000,0x00000000879538e8,0x000000008cc80000)
 Metaspace       used 37702K, capacity 38818K, committed 38872K, reserved 1083392K
  class space    used 4798K, capacity 5068K, committed 5120K, reserved 1048576K
GC Heap History (10 events):
Event: 91.112 GC heap before
{Heap before GC invocations=27 (full 2):
 PSYoungGen      total 607232K, used 590194K [0x00000000d6900000, 0x00000000fe500000, 0x0000000100000000)
  eden space 572416K, 100% used [0x00000000d6900000,0x00000000f9800000,0x00000000f9800000)
  from space 34816K, 51% used [0x00000000fc300000,0x00000000fd45ca00,0x00000000fe500000)
  to   space 39424K, 0% used [0x00000000f9800000,0x00000000f9800000,0x00000000fbe80000)
 ParOldGen       total 92160K, used 54654K [0x0000000083a00000, 0x0000000089400000, 0x00000000d6900000)
  object space 92160K, 59% used [0x0000000083a00000,0x0000000086f5f960,0x0000000089400000)
 Metaspace       used 33278K, capacity 34090K, committed 34176K, reserved 1079296K
  class space    used 4022K, capacity 4220K, committed 4224K, reserved 1048576K
Event: 91.232 GC heap after
Heap after GC invocations=27 (full 2):
 PSYoungGen      total 611840K, used 18504K [0x00000000d6900000, 0x0000000100000000, 0x0000000100000000)
  eden space 572416K, 0% used [0x00000000d6900000,0x00000000d6900000,0x00000000f9800000)
  from space 39424K, 46% used [0x00000000f9800000,0x00000000faa120a0,0x00000000fbe80000)
  to   space 37888K, 0% used [0x00000000fdb00000,0x00000000fdb00000,0x0000000100000000)
 ParOldGen       total 92160K, used 54662K [0x0000000083a00000, 0x0000000089400000, 0x00000000d6900000)
  object space 92160K, 59% used [0x0000000083a00000,0x0000000086f61960,0x0000000089400000)
 Metaspace       used 33278K, capacity 34090K, committed 34176K, reserved 1079296K
  class space    used 4022K, capacity 4220K, committed 4224K, reserved 1048576K
}
Event: 95.850 GC heap before
{Heap before GC invocations=28 (full 2):
 PSYoungGen      total 611840K, used 590920K [0x00000000d6900000, 0x0000000100000000, 0x0000000100000000)
  eden space 572416K, 100% used [0x00000000d6900000,0x00000000f9800000,0x00000000f9800000)
  from space 39424K, 46% used [0x00000000f9800000,0x00000000faa120a0,0x00000000fbe80000)
  to   space 37888K, 0% used [0x00000000fdb00000,0x00000000fdb00000,0x0000000100000000)
 ParOldGen       total 92160K, used 54662K [0x0000000083a00000, 0x0000000089400000, 0x00000000d6900000)
  object space 92160K, 59% used [0x0000000083a00000,0x0000000086f61960,0x0000000089400000)
 Metaspace       used 33306K, capacity 34120K, committed 34304K, reserved 1079296K
  class space    used 4024K, capacity 4225K, committed 4352K, reserved 1048576K
Event: 95.979 GC heap after
Heap after GC invocations=28 (full 2):
 PSYoungGen      total 633856K, used 19474K [0x00000000d6900000, 0x00000000ffa80000, 0x0000000100000000)
  eden space 601600K, 0% used [0x00000000d6900000,0x00000000d6900000,0x00000000fb480000)
  from space 32256K, 60% used [0x00000000fdb00000,0x00000000fee04a00,0x00000000ffa80000)
  to   space 35840K, 0% used [0x00000000fb480000,0x00000000fb480000,0x00000000fd780000)
 ParOldGen       total 92160K, used 54670K [0x0000000083a00000, 0x0000000089400000, 0x00000000d6900000)
  object space 92160K, 59% used [0x0000000083a00000,0x0000000086f63960,0x0000000089400000)
 Metaspace       used 33306K, capacity 34120K, committed 34304K, reserved 1079296K
  class space    used 4024K, capacity 4225K, committed 4352K, reserved 1048576K
}
Event: 98.194 GC heap before
{Heap before GC invocations=29 (full 2):
 PSYoungGen      total 633856K, used 174678K [0x00000000d6900000, 0x00000000ffa80000, 0x0000000100000000)
  eden space 601600K, 25% used [0x00000000d6900000,0x00000000e0090fa8,0x00000000fb480000)
  from space 32256K, 60% used [0x00000000fdb00000,0x00000000fee04a00,0x00000000ffa80000)
  to   space 35840K, 0% used [0x00000000fb480000,0x00000000fb480000,0x00000000fd780000)
 ParOldGen       total 92160K, used 54670K [0x0000000083a00000, 0x0000000089400000, 0x00000000d6900000)
  object space 92160K, 59% used [0x0000000083a00000,0x0000000086f63960,0x0000000089400000)
 Metaspace       used 34540K, capacity 35334K, committed 35416K, reserved 1081344K
  class space    used 4260K, capacity 4454K, committed 4480K, reserved 1048576K
Event: 98.399 GC heap after
Heap after GC invocations=29 (full 2):
 PSYoungGen      total 637440K, used 22542K [0x00000000d6900000, 0x0000000100000000, 0x0000000100000000)
  eden space 601600K, 0% used [0x00000000d6900000,0x00000000d6900000,0x00000000fb480000)
  from space 35840K, 62% used [0x00000000fb480000,0x00000000fca83aa8,0x00000000fd780000)
  to   space 35328K, 0% used [0x00000000fdd80000,0x00000000fdd80000,0x0000000100000000)
 ParOldGen       total 92160K, used 54670K [0x0000000083a00000, 0x0000000089400000, 0x00000000d6900000)
  object space 92160K, 59% used [0x0000000083a00000,0x0000000086f63960,0x0000000089400000)
 Metaspace       used 34540K, capacity 35334K, committed 35416K, reserved 1081344K
  class space    used 4260K, capacity 4454K, committed 4480K, reserved 1048576K
}
Event: 98.400 GC heap before
{Heap before GC invocations=30 (full 3):
 PSYoungGen      total 637440K, used 22542K [0x00000000d6900000, 0x0000000100000000, 0x0000000100000000)
  eden space 601600K, 0% used [0x00000000d6900000,0x00000000d6900000,0x00000000fb480000)
  from space 35840K, 62% used [0x00000000fb480000,0x00000000fca83aa8,0x00000000fd780000)
  to   space 35328K, 0% used [0x00000000fdd80000,0x00000000fdd80000,0x0000000100000000)
 ParOldGen       total 92160K, used 54670K [0x0000000083a00000, 0x0000000089400000, 0x00000000d6900000)
  object space 92160K, 59% used [0x0000000083a00000,0x0000000086f63960,0x0000000089400000)
 Metaspace       used 34540K, capacity 35334K, committed 35416K, reserved 1081344K
  class space    used 4260K, capacity 4454K, committed 4480K, reserved 1048576K
Event: 101.774 GC heap after
Heap after GC invocations=30 (full 3):
 PSYoungGen      total 637440K, used 0K [0x00000000d6900000, 0x0000000100000000, 0x0000000100000000)
  eden space 601600K, 0% used [0x00000000d6900000,0x00000000d6900000,0x00000000fb480000)
  from space 35840K, 0% used [0x00000000fb480000,0x00000000fb480000,0x00000000fd780000)
  to   space 35328K, 0% used [0x00000000fdd80000,0x00000000fdd80000,0x0000000100000000)
 ParOldGen       total 150016K, used 64838K [0x0000000083a00000, 0x000000008cc80000, 0x00000000d6900000)
  object space 150016K, 43% used [0x0000000083a00000,0x00000000879518e8,0x000000008cc80000)
 Metaspace       used 34540K, capacity 35334K, committed 35416K, reserved 1081344K
  class space    used 4260K, capacity 4454K, committed 4480K, reserved 1048576K
}
Event: 118.689 GC heap before
{Heap before GC invocations=31 (full 3):
 PSYoungGen      total 637440K, used 601600K [0x00000000d6900000, 0x0000000100000000, 0x0000000100000000)
  eden space 601600K, 100% used [0x00000000d6900000,0x00000000fb480000,0x00000000fb480000)
  from space 35840K, 0% used [0x00000000fb480000,0x00000000fb480000,0x00000000fd780000)
  to   space 35328K, 0% used [0x00000000fdd80000,0x00000000fdd80000,0x0000000100000000)
 ParOldGen       total 150016K, used 64838K [0x0000000083a00000, 0x000000008cc80000, 0x00000000d6900000)
  object space 150016K, 43% used [0x0000000083a00000,0x00000000879518e8,0x000000008cc80000)
 Metaspace       used 37502K, capacity 38518K, committed 38616K, reserved 1083392K
  class space    used 4780K, capacity 5040K, committed 5120K, reserved 1048576K
Event: 118.895 GC heap after
Heap after GC invocations=31 (full 3):
 PSYoungGen      total 640512K, used 18083K [0x00000000d6900000, 0x00000000ffd80000, 0x0000000100000000)
  eden space 607744K, 0% used [0x00000000d6900000,0x00000000d6900000,0x00000000fba80000)
  from space 32768K, 55% used [0x00000000fdd80000,0x00000000fef28ec0,0x00000000ffd80000)
  to   space 34304K, 0% used [0x00000000fba80000,0x00000000fba80000,0x00000000fdc00000)
 ParOldGen       total 150016K, used 64846K [0x0000000083a00000, 0x000000008cc80000, 0x00000000d6900000)
  object space 150016K, 43% used [0x0000000083a00000,0x00000000879538e8,0x000000008cc80000)
 Metaspace       used 37502K, capacity 38518K, committed 38616K, reserved 1083392K
  class space    used 4780K, capacity 5040K, committed 5120K, reserved 1048576K
}

