# JRE version: Java(TM) SE Runtime Environment (8.0_181-b13) (build 1.8.0_181-b13)
# Java VM: Java HotSpot(TM) 64-Bit Server VM (25.181-b13 mixed mode linux-amd64 compressed oops)
Heap:
 PSYoungGen      total 578048K, used 158149K [0x00000000d6900000, 0x0000000100000000, 0x0000000100000000)
  eden space 500736K, 16% used [0x00000000d6900000,0x00000000db8089f0,0x00000000f5200000)
  from space 77312K, 99% used [0x00000000f5200000,0x00000000f9d68cd8,0x00000000f9d80000)
  to   space 97792K, 0% used [0x00000000fa080000,0x00000000fa080000,0x0000000100000000)
 ParOldGen       total 268800K, used 199592K [0x0000000083a00000, 0x0000000094080000, 0x00000000d6900000)
  object space 268800K, 74% used [0x0000000083a00000,0x000000008fcea280,0x0000000094080000)
 Metaspace       used 30044K, capacity 30696K, committed 30720K, reserved 1077248K
  class space    used 3379K, capacity 3573K, committed 3584K, reserved 1048576K
GC Heap History (10 events):
Event: 74.253 GC heap before
{Heap before GC invocations=22 (full 3):
 PSYoungGen      total 593408K, used 556162K [0x00000000d6900000, 0x00000000fff00000, 0x0000000100000000)
  eden space 509952K, 100% used [0x00000000d6900000,0x00000000f5b00000,0x00000000f5b00000)
  from space 83456K, 55% used [0x00000000fad80000,0x00000000fdaa0b40,0x00000000fff00000)
  to   space 83968K, 0% used [0x00000000f5b00000,0x00000000f5b00000,0x00000000fad00000)
 ParOldGen       total 268800K, used 141686K [0x0000000083a00000, 0x0000000094080000, 0x00000000d6900000)
  object space 268800K, 52% used [0x0000000083a00000,0x000000008c45da68,0x0000000094080000)
 Metaspace       used 28191K, capacity 28698K, committed 28928K, reserved 1075200K
  class space    used 3162K, capacity 3319K, committed 3328K, reserved 1048576K
Event: 74.573 GC heap after
Heap after GC invocations=22 (full 3):
 PSYoungGen      total 593920K, used 49815K [0x00000000d6900000, 0x0000000100000000, 0x0000000100000000)
  eden space 509952K, 0% used [0x00000000d6900000,0x00000000d6900000,0x00000000f5b00000)
  from space 83968K, 59% used [0x00000000f5b00000,0x00000000f8ba5e40,0x00000000fad00000)
  to   space 84992K, 0% used [0x00000000fad00000,0x00000000fad00000,0x0000000100000000)
 ParOldGen       total 268800K, used 141686K [0x0000000083a00000, 0x0000000094080000, 0x00000000d6900000)
  object space 268800K, 52% used [0x0000000083a00000,0x000000008c45da68,0x0000000094080000)
 Metaspace       used 28191K, capacity 28698K, committed 28928K, reserved 1075200K
  class space    used 3162K, capacity 3319K, committed 3328K, reserved 1048576K
}
Event: 77.116 GC heap before
{Heap before GC invocations=23 (full 3):
 PSYoungGen      total 593920K, used 559767K [0x00000000d6900000, 0x0000000100000000, 0x0000000100000000)
  eden space 509952K, 100% used [0x00000000d6900000,0x00000000f5b00000,0x00000000f5b00000)
  from space 83968K, 59% used [0x00000000f5b00000,0x00000000f8ba5e40,0x00000000fad00000)
  to   space 84992K, 0% used [0x00000000fad00000,0x00000000fad00000,0x0000000100000000)
 ParOldGen       total 268800K, used 141686K [0x0000000083a00000, 0x0000000094080000, 0x00000000d6900000)
  object space 268800K, 52% used [0x0000000083a00000,0x000000008c45da68,0x0000000094080000)
 Metaspace       used 28204K, capacity 28702K, committed 28928K, reserved 1075200K
  class space    used 3163K, capacity 3319K, committed 3328K, reserved 1048576K
Event: 77.477 GC heap after
Heap after GC invocations=23 (full 3):
 PSYoungGen      total 590848K, used 43107K [0x00000000d6900000, 0x00000000ffc00000, 0x0000000100000000)
  eden space 509952K, 0% used [0x00000000d6900000,0x00000000d6900000,0x00000000f5b00000)
  from space 80896K, 53% used [0x00000000fad00000,0x00000000fd718e28,0x00000000ffc00000)
  to   space 82432K, 0% used [0x00000000f5b00000,0x00000000f5b00000,0x00000000fab80000)
 ParOldGen       total 268800K, used 156443K [0x0000000083a00000, 0x0000000094080000, 0x00000000d6900000)
  object space 268800K, 58% used [0x0000000083a00000,0x000000008d2c6c80,0x0000000094080000)
 Metaspace       used 28204K, capacity 28702K, committed 28928K, reserved 1075200K
  class space    used 3163K, capacity 3319K, committed 3328K, reserved 1048576K
}
Event: 83.256 GC heap before
{Heap before GC invocations=24 (full 3):
 PSYoungGen      total 590848K, used 553059K [0x00000000d6900000, 0x00000000ffc00000, 0x0000000100000000)
  eden space 509952K, 100% used [0x00000000d6900000,0x00000000f5b00000,0x00000000f5b00000)
  from space 80896K, 53% used [0x00000000fad00000,0x00000000fd718e28,0x00000000ffc00000)
  to   space 82432K, 0% used [0x00000000f5b00000,0x00000000f5b00000,0x00000000fab80000)
 ParOldGen       total 268800K, used 156443K [0x0000000083a00000, 0x0000000094080000, 0x00000000d6900000)
  object space 268800K, 58% used [0x0000000083a00000,0x000000008d2c6c80,0x0000000094080000)
 Metaspace       used 28228K, capacity 28702K, committed 28928K, reserved 1075200K
  class space    used 3163K, capacity 3319K, committed 3328K, reserved 1048576K
Event: 83.858 GC heap after
Heap after GC invocations=24 (full 3):
 PSYoungGen      total 592384K, used 50215K [0x00000000d6900000, 0x0000000100000000, 0x0000000100000000)
  eden space 509952K, 0% used [0x00000000d6900000,0x00000000d6900000,0x00000000f5b00000)
  from space 82432K, 60% used [0x00000000f5b00000,0x00000000f8c09e40,0x00000000fab80000)
  to   space 82944K, 0% used [0x00000000faf00000,0x00000000faf00000,0x0000000100000000)
 ParOldGen       total 268800K, used 184236K [0x0000000083a00000, 0x0000000094080000, 0x00000000d6900000)
  object space 268800K, 68% used [0x0000000083a00000,0x000000008edeb058,0x0000000094080000)
 Metaspace       used 28228K, capacity 28702K, committed 28928K, reserved 1075200K
  class space    used 3163K, capacity 3319K, committed 3328K, reserved 1048576K
}
Event: 87.958 GC heap before
{Heap before GC invocations=25 (full 3):
 PSYoungGen      total 592384K, used 560167K [0x00000000d6900000, 0x0000000100000000, 0x0000000100000000)
  eden space 509952K, 100% used [0x00000000d6900000,0x00000000f5b00000,0x00000000f5b00000)
  from space 82432K, 60% used [0x00000000f5b00000,0x00000000f8c09e40,0x00000000fab80000)
  to   space 82944K, 0% used [0x00000000faf00000,0x00000000faf00000,0x0000000100000000)
 ParOldGen       total 268800K, used 184236K [0x0000000083a00000, 0x0000000094080000, 0x00000000d6900000)
  object space 268800K, 68% used [0x0000000083a00000,0x000000008edeb058,0x0000000094080000)
 Metaspace       used 28234K, capacity 28766K, committed 28928K, reserved 1075200K
  class space    used 3163K, capacity 3319K, committed 3328K, reserved 1048576K
Event: 88.742 GC heap after
Heap after GC invocations=25 (full 3):
 PSYoungGen      total 583680K, used 66473K [0x00000000d6900000, 0x0000000100000000, 0x0000000100000000)
  eden space 500736K, 0% used [0x00000000d6900000,0x00000000d6900000,0x00000000f5200000)
  from space 82944K, 80% used [0x00000000faf00000,0x00000000fefea500,0x0000000100000000)
  to   space 89088K, 0% used [0x00000000f5200000,0x00000000f5200000,0x00000000fa900000)
 ParOldGen       total 268800K, used 187947K [0x0000000083a00000, 0x0000000094080000, 0x00000000d6900000)
  object space 268800K, 69% used [0x0000000083a00000,0x000000008f18ac40,0x0000000094080000)
 Metaspace       used 28234K, capacity 28766K, committed 28928K, reserved 1075200K
  class space    used 3163K, capacity 3319K, committed 3328K, reserved 1048576K
}
Event: 95.124 GC heap before
{Heap before GC invocations=26 (full 3):
 PSYoungGen      total 583680K, used 567209K [0x00000000d6900000, 0x0000000100000000, 0x0000000100000000)
  eden space 500736K, 100% used [0x00000000d6900000,0x00000000f5200000,0x00000000f5200000)
  from space 82944K, 80% used [0x00000000faf00000,0x00000000fefea500,0x0000000100000000)
  to   space 89088K, 0% used [0x00000000f5200000,0x00000000f5200000,0x00000000fa900000)
 ParOldGen       total 268800K, used 187947K [0x0000000083a00000, 0x0000000094080000, 0x00000000d6900000)
  object space 268800K, 69% used [0x0000000083a00000,0x000000008f18ac40,0x0000000094080000)
 Metaspace       used 28262K, capacity 28766K, committed 28928K, reserved 1075200K
  class space    used 3166K, capacity 3319K, committed 3328K, reserved 1048576K
Event: 96.008 GC heap after
Heap after GC invocations=26 (full 3):
 PSYoungGen      total 578048K, used 77219K [0x00000000d6900000, 0x0000000100000000, 0x0000000100000000)
  eden space 500736K, 0% used [0x00000000d6900000,0x00000000d6900000,0x00000000f5200000)
  from space 77312K, 99% used [0x00000000f5200000,0x00000000f9d68cd8,0x00000000f9d80000)
  to   space 97792K, 0% used [0x00000000fa080000,0x00000000fa080000,0x0000000100000000)
 ParOldGen       total 268800K, used 199592K [0x0000000083a00000, 0x0000000094080000, 0x00000000d6900000)
  object space 268800K, 74% used [0x0000000083a00000,0x000000008fcea280,0x0000000094080000)
 Metaspace       used 28262K, capacity 28766K, committed 28928K, reserved 1075200K
  class space    used 3166K, capacity 3319K, committed 3328K, reserved 1048576K
}

