# JRE version: Java(TM) SE Runtime Environment (8.0_181-b13) (build 1.8.0_181-b13)
# Java VM: Java HotSpot(TM) 64-Bit Server VM (25.181-b13 mixed mode linux-amd64 compressed oops)
Heap:
 PSYoungGen      total 135168K, used 10737K [0x00000000d6900000, 0x00000000dfb00000, 0x0000000100000000)
  eden space 124416K, 0% used [0x00000000d6900000,0x00000000d6900000,0x00000000de280000)
  from space 10752K, 99% used [0x00000000de280000,0x00000000decfc6d0,0x00000000ded00000)
  to   space 7168K, 0% used [0x00000000ded00000,0x00000000ded00000,0x00000000df400000)
 ParOldGen       total 86016K, used 40670K [0x0000000083a00000, 0x0000000088e00000, 0x00000000d6900000)
  object space 86016K, 47% used [0x0000000083a00000,0x00000000861b78f8,0x0000000088e00000)
 Metaspace       used 20164K, capacity 20678K, committed 20992K, reserved 1067008K
  class space    used 2346K, capacity 2511K, committed 2560K, reserved 1048576K
GC Heap History (10 events):
Event: 102.318 GC heap after
Heap after GC invocations=5 (full 1):
 PSYoungGen      total 37888K, used 5103K [0x00000000d6900000, 0x00000000db300000, 0x0000000100000000)
  eden space 32768K, 0% used [0x00000000d6900000,0x00000000d6900000,0x00000000d8900000)
  from space 5120K, 99% used [0x00000000d8e00000,0x00000000d92fbfd8,0x00000000d9300000)
  to   space 5120K, 0% used [0x00000000d8900000,0x00000000d8900000,0x00000000d8e00000)
 ParOldGen       total 86016K, used 5929K [0x0000000083a00000, 0x0000000088e00000, 0x00000000d6900000)
  object space 86016K, 6% used [0x0000000083a00000,0x0000000083fca590,0x0000000088e00000)
 Metaspace       used 13771K, capacity 14194K, committed 14336K, reserved 1062912K
  class space    used 1578K, capacity 1668K, committed 1792K, reserved 1048576K
}
Event: 102.727 GC heap before
{Heap before GC invocations=6 (full 1):
 PSYoungGen      total 37888K, used 37871K [0x00000000d6900000, 0x00000000db300000, 0x0000000100000000)
  eden space 32768K, 100% used [0x00000000d6900000,0x00000000d8900000,0x00000000d8900000)
  from space 5120K, 99% used [0x00000000d8e00000,0x00000000d92fbfd8,0x00000000d9300000)
  to   space 5120K, 0% used [0x00000000d8900000,0x00000000d8900000,0x00000000d8e00000)
 ParOldGen       total 86016K, used 5929K [0x0000000083a00000, 0x0000000088e00000, 0x00000000d6900000)
  object space 86016K, 6% used [0x0000000083a00000,0x0000000083fca590,0x0000000088e00000)
 Metaspace       used 13789K, capacity 14194K, committed 14336K, reserved 1062912K
  class space    used 1578K, capacity 1668K, committed 1792K, reserved 1048576K
Event: 102.736 GC heap after
Heap after GC invocations=6 (full 1):
 PSYoungGen      total 37888K, used 5119K [0x00000000d6900000, 0x00000000db300000, 0x0000000100000000)
  eden space 32768K, 0% used [0x00000000d6900000,0x00000000d6900000,0x00000000d8900000)
  from space 5120K, 99% used [0x00000000d8900000,0x00000000d8dfffc8,0x00000000d8e00000)
  to   space 5120K, 0% used [0x00000000dae00000,0x00000000dae00000,0x00000000db300000)
 ParOldGen       total 86016K, used 6225K [0x0000000083a00000, 0x0000000088e00000, 0x00000000d6900000)
  object space 86016K, 7% used [0x0000000083a00000,0x0000000084014620,0x0000000088e00000)
 Metaspace       used 13789K, capacity 14194K, committed 14336K, reserved 1062912K
  class space    used 1578K, capacity 1668K, committed 1792K, reserved 1048576K
}
Event: 103.099 GC heap before
{Heap before GC invocations=7 (full 1):
 PSYoungGen      total 37888K, used 37887K [0x00000000d6900000, 0x00000000db300000, 0x0000000100000000)
  eden space 32768K, 100% used [0x00000000d6900000,0x00000000d8900000,0x00000000d8900000)
  from space 5120K, 99% used [0x00000000d8900000,0x00000000d8dfffc8,0x00000000d8e00000)
  to   space 5120K, 0% used [0x00000000dae00000,0x00000000dae00000,0x00000000db300000)
 ParOldGen       total 86016K, used 6225K [0x0000000083a00000, 0x0000000088e00000, 0x00000000d6900000)
  object space 86016K, 7% used [0x0000000083a00000,0x0000000084014620,0x0000000088e00000)
 Metaspace       used 13828K, capacity 14258K, committed 14592K, reserved 1062912K
  class space    used 1578K, capacity 1668K, committed 1792K, reserved 1048576K
Event: 103.116 GC heap after
Heap after GC invocations=7 (full 1):
 PSYoungGen      total 69120K, used 5103K [0x00000000d6900000, 0x00000000db600000, 0x0000000100000000)
  eden space 64000K, 0% used [0x00000000d6900000,0x00000000d6900000,0x00000000da780000)
  from space 5120K, 99% used [0x00000000dae00000,0x00000000db2fbf78,0x00000000db300000)
  to   space 6656K, 0% used [0x00000000da780000,0x00000000da780000,0x00000000dae00000)
 ParOldGen       total 86016K, used 6369K [0x0000000083a00000, 0x0000000088e00000, 0x00000000d6900000)
  object space 86016K, 7% used [0x0000000083a00000,0x0000000084038640,0x0000000088e00000)
 Metaspace       used 13828K, capacity 14258K, committed 14592K, reserved 1062912K
  class space    used 1578K, capacity 1668K, committed 1792K, reserved 1048576K
}
Event: 104.282 GC heap before
{Heap before GC invocations=8 (full 1):
 PSYoungGen      total 69120K, used 69103K [0x00000000d6900000, 0x00000000db600000, 0x0000000100000000)
  eden space 64000K, 100% used [0x00000000d6900000,0x00000000da780000,0x00000000da780000)
  from space 5120K, 99% used [0x00000000dae00000,0x00000000db2fbf78,0x00000000db300000)
  to   space 6656K, 0% used [0x00000000da780000,0x00000000da780000,0x00000000dae00000)
 ParOldGen       total 86016K, used 6369K [0x0000000083a00000, 0x0000000088e00000, 0x00000000d6900000)
  object space 86016K, 7% used [0x0000000083a00000,0x0000000084038640,0x0000000088e00000)
 Metaspace       used 13908K, capacity 14296K, committed 14592K, reserved 1062912K
  class space    used 1581K, capacity 1701K, committed 1792K, reserved 1048576K
Event: 104.319 GC heap after
Heap after GC invocations=8 (full 1):
 PSYoungGen      total 70656K, used 6643K [0x00000000d6900000, 0x00000000df400000, 0x0000000100000000)
  eden space 64000K, 0% used [0x00000000d6900000,0x00000000d6900000,0x00000000da780000)
  from space 6656K, 99% used [0x00000000da780000,0x00000000dadfcf98,0x00000000dae00000)
  to   space 7168K, 0% used [0x00000000ded00000,0x00000000ded00000,0x00000000df400000)
 ParOldGen       total 86016K, used 7070K [0x0000000083a00000, 0x0000000088e00000, 0x00000000d6900000)
  object space 86016K, 8% used [0x0000000083a00000,0x00000000840e7820,0x0000000088e00000)
 Metaspace       used 13908K, capacity 14296K, committed 14592K, reserved 1062912K
  class space    used 1581K, capacity 1701K, committed 1792K, reserved 1048576K
}
Event: 109.177 GC heap before
{Heap before GC invocations=9 (full 1):
 PSYoungGen      total 70656K, used 70643K [0x00000000d6900000, 0x00000000df400000, 0x0000000100000000)
  eden space 64000K, 100% used [0x00000000d6900000,0x00000000da780000,0x00000000da780000)
  from space 6656K, 99% used [0x00000000da780000,0x00000000dadfcf98,0x00000000dae00000)
  to   space 7168K, 0% used [0x00000000ded00000,0x00000000ded00000,0x00000000df400000)
 ParOldGen       total 86016K, used 7070K [0x0000000083a00000, 0x0000000088e00000, 0x00000000d6900000)
  object space 86016K, 8% used [0x0000000083a00000,0x00000000840e7820,0x0000000088e00000)
 Metaspace       used 16663K, capacity 17098K, committed 17408K, reserved 1064960K
  class space    used 1833K, capacity 1989K, committed 2048K, reserved 1048576K
Event: 109.276 GC heap after
Heap after GC invocations=9 (full 1):
 PSYoungGen      total 131584K, used 7146K [0x00000000d6900000, 0x00000000dfb00000, 0x0000000100000000)
  eden space 124416K, 0% used [0x00000000d6900000,0x00000000d6900000,0x00000000de280000)
  from space 7168K, 99% used [0x00000000ded00000,0x00000000df3fabd8,0x00000000df400000)
  to   space 10752K, 0% used [0x00000000de280000,0x00000000de280000,0x00000000ded00000)
 ParOldGen       total 86016K, used 13699K [0x0000000083a00000, 0x0000000088e00000, 0x00000000d6900000)
  object space 86016K, 15% used [0x0000000083a00000,0x0000000084760c48,0x0000000088e00000)
 Metaspace       used 16663K, capacity 17098K, committed 17408K, reserved 1064960K
  class space    used 1833K, capacity 1989K, committed 2048K, reserved 1048576K
}
Event: 127.960 GC heap before
{Heap before GC invocations=10 (full 1):
 PSYoungGen      total 131584K, used 129535K [0x00000000d6900000, 0x00000000dfb00000, 0x0000000100000000)
  eden space 124416K, 98% used [0x00000000d6900000,0x00000000de085420,0x00000000de280000)
  from space 7168K, 99% used [0x00000000ded00000,0x00000000df3fabd8,0x00000000df400000)
  to   space 10752K, 0% used [0x00000000de280000,0x00000000de280000,0x00000000ded00000)
 ParOldGen       total 86016K, used 13699K [0x0000000083a00000, 0x0000000088e00000, 0x00000000d6900000)
  object space 86016K, 15% used [0x0000000083a00000,0x0000000084760c48,0x0000000088e00000)
 Metaspace       used 20164K, capacity 20678K, committed 20992K, reserved 1067008K
  class space    used 2346K, capacity 2511K, committed 2560K, reserved 1048576K

