# JRE version: Java(TM) SE Runtime Environment (8.0_181-b13) (build 1.8.0_181-b13)
# Java VM: Java HotSpot(TM) 64-Bit Server VM (25.181-b13 mixed mode linux-amd64 compressed oops)
Heap:
 PSYoungGen      total 36864K, used 5014K [0x00000000d6900000, 0x00000000d9700000, 0x0000000100000000)
  eden space 26624K, 0% used [0x00000000d6900000,0x00000000d6900000,0x00000000d8300000)
  from space 10240K, 48% used [0x00000000d8d00000,0x00000000d91e58b8,0x00000000d9700000)
  to   space 6656K, 0% used [0x00000000d8380000,0x00000000d8380000,0x00000000d8a00000)
 ParOldGen       total 86016K, used 14233K [0x0000000083a00000, 0x0000000088e00000, 0x00000000d6900000)
  object space 86016K, 16% used [0x0000000083a00000,0x00000000847e66e0,0x0000000088e00000)
 Metaspace       used 14865K, capacity 15350K, committed 15488K, reserved 1062912K
  class space    used 1666K, capacity 1827K, committed 1920K, reserved 1048576K
GC Heap History (10 events):
Event: 62.694 GC heap after
Heap after GC invocations=4 (full 1):
 PSYoungGen      total 37888K, used 5090K [0x00000000d6900000, 0x00000000d9300000, 0x0000000100000000)
  eden space 32768K, 0% used [0x00000000d6900000,0x00000000d6900000,0x00000000d8900000)
  from space 5120K, 99% used [0x00000000d8900000,0x00000000d8df8a20,0x00000000d8e00000)
  to   space 5120K, 0% used [0x00000000d8e00000,0x00000000d8e00000,0x00000000d9300000)
 ParOldGen       total 86016K, used 11304K [0x0000000083a00000, 0x0000000088e00000, 0x00000000d6900000)
  object space 86016K, 13% used [0x0000000083a00000,0x000000008450a090,0x0000000088e00000)
 Metaspace       used 14034K, capacity 14458K, committed 14592K, reserved 1062912K
  class space    used 1620K, capacity 1779K, committed 1792K, reserved 1048576K
}
Event: 63.993 GC heap before
{Heap before GC invocations=5 (full 1):
 PSYoungGen      total 37888K, used 37858K [0x00000000d6900000, 0x00000000d9300000, 0x0000000100000000)
  eden space 32768K, 100% used [0x00000000d6900000,0x00000000d8900000,0x00000000d8900000)
  from space 5120K, 99% used [0x00000000d8900000,0x00000000d8df8a20,0x00000000d8e00000)
  to   space 5120K, 0% used [0x00000000d8e00000,0x00000000d8e00000,0x00000000d9300000)
 ParOldGen       total 86016K, used 11304K [0x0000000083a00000, 0x0000000088e00000, 0x00000000d6900000)
  object space 86016K, 13% used [0x0000000083a00000,0x000000008450a090,0x0000000088e00000)
 Metaspace       used 14145K, capacity 14534K, committed 14848K, reserved 1062912K
  class space    used 1622K, capacity 1781K, committed 1792K, reserved 1048576K
Event: 63.998 GC heap after
Heap after GC invocations=5 (full 1):
 PSYoungGen      total 37888K, used 3902K [0x00000000d6900000, 0x00000000d9300000, 0x0000000100000000)
  eden space 32768K, 0% used [0x00000000d6900000,0x00000000d6900000,0x00000000d8900000)
  from space 5120K, 76% used [0x00000000d8e00000,0x00000000d91cf960,0x00000000d9300000)
  to   space 5120K, 0% used [0x00000000d8900000,0x00000000d8900000,0x00000000d8e00000)
 ParOldGen       total 86016K, used 11304K [0x0000000083a00000, 0x0000000088e00000, 0x00000000d6900000)
  object space 86016K, 13% used [0x0000000083a00000,0x000000008450a090,0x0000000088e00000)
 Metaspace       used 14145K, capacity 14534K, committed 14848K, reserved 1062912K
  class space    used 1622K, capacity 1781K, committed 1792K, reserved 1048576K
}
Event: 64.923 GC heap before
{Heap before GC invocations=6 (full 1):
 PSYoungGen      total 37888K, used 36670K [0x00000000d6900000, 0x00000000d9300000, 0x0000000100000000)
  eden space 32768K, 100% used [0x00000000d6900000,0x00000000d8900000,0x00000000d8900000)
  from space 5120K, 76% used [0x00000000d8e00000,0x00000000d91cf960,0x00000000d9300000)
  to   space 5120K, 0% used [0x00000000d8900000,0x00000000d8900000,0x00000000d8e00000)
 ParOldGen       total 86016K, used 11304K [0x0000000083a00000, 0x0000000088e00000, 0x00000000d6900000)
  object space 86016K, 13% used [0x0000000083a00000,0x000000008450a090,0x0000000088e00000)
 Metaspace       used 14209K, capacity 14662K, committed 14848K, reserved 1062912K
  class space    used 1622K, capacity 1781K, committed 1792K, reserved 1048576K
Event: 64.931 GC heap after
Heap after GC invocations=6 (full 1):
 PSYoungGen      total 37888K, used 4814K [0x00000000d6900000, 0x00000000d9300000, 0x0000000100000000)
  eden space 32768K, 0% used [0x00000000d6900000,0x00000000d6900000,0x00000000d8900000)
  from space 5120K, 94% used [0x00000000d8900000,0x00000000d8db3950,0x00000000d8e00000)
  to   space 5120K, 0% used [0x00000000d8e00000,0x00000000d8e00000,0x00000000d9300000)
 ParOldGen       total 86016K, used 11304K [0x0000000083a00000, 0x0000000088e00000, 0x00000000d6900000)
  object space 86016K, 13% used [0x0000000083a00000,0x000000008450a090,0x0000000088e00000)
 Metaspace       used 14209K, capacity 14662K, committed 14848K, reserved 1062912K
  class space    used 1622K, capacity 1781K, committed 1792K, reserved 1048576K
}
Event: 65.430 GC heap before
{Heap before GC invocations=7 (full 1):
 PSYoungGen      total 37888K, used 37582K [0x00000000d6900000, 0x00000000d9300000, 0x0000000100000000)
  eden space 32768K, 100% used [0x00000000d6900000,0x00000000d8900000,0x00000000d8900000)
  from space 5120K, 94% used [0x00000000d8900000,0x00000000d8db3950,0x00000000d8e00000)
  to   space 5120K, 0% used [0x00000000d8e00000,0x00000000d8e00000,0x00000000d9300000)
 ParOldGen       total 86016K, used 11304K [0x0000000083a00000, 0x0000000088e00000, 0x00000000d6900000)
  object space 86016K, 13% used [0x0000000083a00000,0x000000008450a090,0x0000000088e00000)
 Metaspace       used 14246K, capacity 14726K, committed 14848K, reserved 1062912K
  class space    used 1623K, capacity 1781K, committed 1792K, reserved 1048576K
Event: 65.439 GC heap after
Heap after GC invocations=7 (full 1):
 PSYoungGen      total 32256K, used 5102K [0x00000000d6900000, 0x00000000d9d80000, 0x0000000100000000)
  eden space 27136K, 0% used [0x00000000d6900000,0x00000000d6900000,0x00000000d8380000)
  from space 5120K, 99% used [0x00000000d8e00000,0x00000000d92fb9c0,0x00000000d9300000)
  to   space 10752K, 0% used [0x00000000d8380000,0x00000000d8380000,0x00000000d8e00000)
 ParOldGen       total 86016K, used 11552K [0x0000000083a00000, 0x0000000088e00000, 0x00000000d6900000)
  object space 86016K, 13% used [0x0000000083a00000,0x0000000084548090,0x0000000088e00000)
 Metaspace       used 14246K, capacity 14726K, committed 14848K, reserved 1062912K
  class space    used 1623K, capacity 1781K, committed 1792K, reserved 1048576K
}
Event: 66.172 GC heap before
{Heap before GC invocations=8 (full 1):
 PSYoungGen      total 32256K, used 32238K [0x00000000d6900000, 0x00000000d9d80000, 0x0000000100000000)
  eden space 27136K, 100% used [0x00000000d6900000,0x00000000d8380000,0x00000000d8380000)
  from space 5120K, 99% used [0x00000000d8e00000,0x00000000d92fb9c0,0x00000000d9300000)
  to   space 10752K, 0% used [0x00000000d8380000,0x00000000d8380000,0x00000000d8e00000)
 ParOldGen       total 86016K, used 11552K [0x0000000083a00000, 0x0000000088e00000, 0x00000000d6900000)
  object space 86016K, 13% used [0x0000000083a00000,0x0000000084548090,0x0000000088e00000)
 Metaspace       used 14284K, capacity 14726K, committed 14848K, reserved 1062912K
  class space    used 1623K, capacity 1781K, committed 1792K, reserved 1048576K
Event: 66.185 GC heap after
Heap after GC invocations=8 (full 1):
 PSYoungGen      total 33280K, used 6154K [0x00000000d6900000, 0x00000000d9700000, 0x0000000100000000)
  eden space 26624K, 0% used [0x00000000d6900000,0x00000000d6900000,0x00000000d8300000)
  from space 6656K, 92% used [0x00000000d8380000,0x00000000d89828f8,0x00000000d8a00000)
  to   space 10240K, 0% used [0x00000000d8d00000,0x00000000d8d00000,0x00000000d9700000)
 ParOldGen       total 86016K, used 11552K [0x0000000083a00000, 0x0000000088e00000, 0x00000000d6900000)
  object space 86016K, 13% used [0x0000000083a00000,0x0000000084548090,0x0000000088e00000)
 Metaspace       used 14284K, capacity 14726K, committed 14848K, reserved 1062912K
  class space    used 1623K, capacity 1781K, committed 1792K, reserved 1048576K
}
Event: 68.477 GC heap before
{Heap before GC invocations=9 (full 1):
 PSYoungGen      total 33280K, used 32778K [0x00000000d6900000, 0x00000000d9700000, 0x0000000100000000)
  eden space 26624K, 100% used [0x00000000d6900000,0x00000000d8300000,0x00000000d8300000)
  from space 6656K, 92% used [0x00000000d8380000,0x00000000d89828f8,0x00000000d8a00000)
  to   space 10240K, 0% used [0x00000000d8d00000,0x00000000d8d00000,0x00000000d9700000)
 ParOldGen       total 86016K, used 11552K [0x0000000083a00000, 0x0000000088e00000, 0x00000000d6900000)
  object space 86016K, 13% used [0x0000000083a00000,0x0000000084548090,0x0000000088e00000)
 Metaspace       used 14865K, capacity 15350K, committed 15488K, reserved 1062912K
  class space    used 1666K, capacity 1827K, committed 1920K, reserved 1048576K

