# JRE version: Java(TM) SE Runtime Environment (8.0_181-b13) (build 1.8.0_181-b13)
# Java VM: Java HotSpot(TM) 64-Bit Server VM (25.181-b13 mixed mode linux-amd64 compressed oops)
Heap:
 PSYoungGen      total 136192K, used 82215K [0x00000000d6900000, 0x00000000e7400000, 0x0000000100000000)
  eden space 125440K, 57% used [0x00000000d6900000,0x00000000daf6fdb8,0x00000000de380000)
  from space 10752K, 93% used [0x00000000de380000,0x00000000ded59fc0,0x00000000dee00000)
  to   space 11264K, 0% used [0x00000000e6900000,0x00000000e6900000,0x00000000e7400000)
 ParOldGen       total 86016K, used 17875K [0x0000000083a00000, 0x0000000088e00000, 0x00000000d6900000)
  object space 86016K, 20% used [0x0000000083a00000,0x0000000084b74e88,0x0000000088e00000)
 Metaspace       used 15643K, capacity 16182K, committed 16256K, reserved 1064960K
  class space    used 1723K, capacity 1899K, committed 1920K, reserved 1048576K
GC Heap History (10 events):
Event: 117.515 GC heap before
{Heap before GC invocations=4 (full 1):
 PSYoungGen      total 70656K, used 65536K [0x00000000d6900000, 0x00000000db300000, 0x0000000100000000)
  eden space 65536K, 100% used [0x00000000d6900000,0x00000000da900000,0x00000000da900000)
  from space 5120K, 0% used [0x00000000dae00000,0x00000000dae00000,0x00000000db300000)
  to   space 5120K, 0% used [0x00000000da900000,0x00000000da900000,0x00000000dae00000)
 ParOldGen       total 86016K, used 10628K [0x0000000083a00000, 0x0000000088e00000, 0x00000000d6900000)
  object space 86016K, 12% used [0x0000000083a00000,0x0000000084461378,0x0000000088e00000)
 Metaspace       used 14183K, capacity 14678K, committed 14848K, reserved 1062912K
  class space    used 1617K, capacity 1781K, committed 1792K, reserved 1048576K
Event: 117.790 GC heap after
Heap after GC invocations=4 (full 1):
 PSYoungGen      total 70656K, used 5118K [0x00000000d6900000, 0x00000000db300000, 0x0000000100000000)
  eden space 65536K, 0% used [0x00000000d6900000,0x00000000d6900000,0x00000000da900000)
  from space 5120K, 99% used [0x00000000da900000,0x00000000dadffad0,0x00000000dae00000)
  to   space 5120K, 0% used [0x00000000dae00000,0x00000000dae00000,0x00000000db300000)
 ParOldGen       total 86016K, used 13482K [0x0000000083a00000, 0x0000000088e00000, 0x00000000d6900000)
  object space 86016K, 15% used [0x0000000083a00000,0x000000008472abc0,0x0000000088e00000)
 Metaspace       used 14183K, capacity 14678K, committed 14848K, reserved 1062912K
  class space    used 1617K, capacity 1781K, committed 1792K, reserved 1048576K
}
Event: 118.526 GC heap before
{Heap before GC invocations=5 (full 1):
 PSYoungGen      total 70656K, used 70654K [0x00000000d6900000, 0x00000000db300000, 0x0000000100000000)
  eden space 65536K, 100% used [0x00000000d6900000,0x00000000da900000,0x00000000da900000)
  from space 5120K, 99% used [0x00000000da900000,0x00000000dadffad0,0x00000000dae00000)
  to   space 5120K, 0% used [0x00000000dae00000,0x00000000dae00000,0x00000000db300000)
 ParOldGen       total 86016K, used 13482K [0x0000000083a00000, 0x0000000088e00000, 0x00000000d6900000)
  object space 86016K, 15% used [0x0000000083a00000,0x000000008472abc0,0x0000000088e00000)
 Metaspace       used 14214K, capacity 14742K, committed 14848K, reserved 1062912K
  class space    used 1617K, capacity 1781K, committed 1792K, reserved 1048576K
Event: 118.534 GC heap after
Heap after GC invocations=5 (full 1):
 PSYoungGen      total 70656K, used 5102K [0x00000000d6900000, 0x00000000db300000, 0x0000000100000000)
  eden space 65536K, 0% used [0x00000000d6900000,0x00000000d6900000,0x00000000da900000)
  from space 5120K, 99% used [0x00000000dae00000,0x00000000db2fbae0,0x00000000db300000)
  to   space 5120K, 0% used [0x00000000da900000,0x00000000da900000,0x00000000dae00000)
 ParOldGen       total 86016K, used 13779K [0x0000000083a00000, 0x0000000088e00000, 0x00000000d6900000)
  object space 86016K, 16% used [0x0000000083a00000,0x0000000084774c30,0x0000000088e00000)
 Metaspace       used 14214K, capacity 14742K, committed 14848K, reserved 1062912K
  class space    used 1617K, capacity 1781K, committed 1792K, reserved 1048576K
}
Event: 119.407 GC heap before
{Heap before GC invocations=6 (full 1):
 PSYoungGen      total 70656K, used 70638K [0x00000000d6900000, 0x00000000db300000, 0x0000000100000000)
  eden space 65536K, 100% used [0x00000000d6900000,0x00000000da900000,0x00000000da900000)
  from space 5120K, 99% used [0x00000000dae00000,0x00000000db2fbae0,0x00000000db300000)
  to   space 5120K, 0% used [0x00000000da900000,0x00000000da900000,0x00000000dae00000)
 ParOldGen       total 86016K, used 13779K [0x0000000083a00000, 0x0000000088e00000, 0x00000000d6900000)
  object space 86016K, 16% used [0x0000000083a00000,0x0000000084774c30,0x0000000088e00000)
 Metaspace       used 14277K, capacity 14748K, committed 14848K, reserved 1062912K
  class space    used 1618K, capacity 1782K, committed 1792K, reserved 1048576K
Event: 119.444 GC heap after
Heap after GC invocations=6 (full 1):
 PSYoungGen      total 70656K, used 5119K [0x00000000d6900000, 0x00000000df300000, 0x0000000100000000)
  eden space 65536K, 0% used [0x00000000d6900000,0x00000000d6900000,0x00000000da900000)
  from space 5120K, 99% used [0x00000000da900000,0x00000000dadffd68,0x00000000dae00000)
  to   space 5120K, 0% used [0x00000000dee00000,0x00000000dee00000,0x00000000df300000)
 ParOldGen       total 86016K, used 15226K [0x0000000083a00000, 0x0000000088e00000, 0x00000000d6900000)
  object space 86016K, 17% used [0x0000000083a00000,0x00000000848dea48,0x0000000088e00000)
 Metaspace       used 14277K, capacity 14748K, committed 14848K, reserved 1062912K
  class space    used 1618K, capacity 1782K, committed 1792K, reserved 1048576K
}
Event: 120.319 GC heap before
{Heap before GC invocations=7 (full 1):
 PSYoungGen      total 70656K, used 70655K [0x00000000d6900000, 0x00000000df300000, 0x0000000100000000)
  eden space 65536K, 100% used [0x00000000d6900000,0x00000000da900000,0x00000000da900000)
  from space 5120K, 99% used [0x00000000da900000,0x00000000dadffd68,0x00000000dae00000)
  to   space 5120K, 0% used [0x00000000dee00000,0x00000000dee00000,0x00000000df300000)
 ParOldGen       total 86016K, used 15226K [0x0000000083a00000, 0x0000000088e00000, 0x00000000d6900000)
  object space 86016K, 17% used [0x0000000083a00000,0x00000000848dea48,0x0000000088e00000)
 Metaspace       used 14329K, capacity 14812K, committed 15104K, reserved 1062912K
  class space    used 1618K, capacity 1782K, committed 1792K, reserved 1048576K
Event: 120.367 GC heap after
Heap after GC invocations=7 (full 1):
 PSYoungGen      total 130560K, used 5119K [0x00000000d6900000, 0x00000000dfe00000, 0x0000000100000000)
  eden space 125440K, 0% used [0x00000000d6900000,0x00000000d6900000,0x00000000de380000)
  from space 5120K, 99% used [0x00000000dee00000,0x00000000df2ffd68,0x00000000df300000)
  to   space 10752K, 0% used [0x00000000de380000,0x00000000de380000,0x00000000dee00000)
 ParOldGen       total 86016K, used 17875K [0x0000000083a00000, 0x0000000088e00000, 0x00000000d6900000)
  object space 86016K, 20% used [0x0000000083a00000,0x0000000084b74e88,0x0000000088e00000)
 Metaspace       used 14329K, capacity 14812K, committed 15104K, reserved 1062912K
  class space    used 1618K, capacity 1782K, committed 1792K, reserved 1048576K
}
Event: 122.045 GC heap before
{Heap before GC invocations=8 (full 1):
 PSYoungGen      total 130560K, used 130559K [0x00000000d6900000, 0x00000000dfe00000, 0x0000000100000000)
  eden space 125440K, 100% used [0x00000000d6900000,0x00000000de380000,0x00000000de380000)
  from space 5120K, 99% used [0x00000000dee00000,0x00000000df2ffd68,0x00000000df300000)
  to   space 10752K, 0% used [0x00000000de380000,0x00000000de380000,0x00000000dee00000)
 ParOldGen       total 86016K, used 17875K [0x0000000083a00000, 0x0000000088e00000, 0x00000000d6900000)
  object space 86016K, 20% used [0x0000000083a00000,0x0000000084b74e88,0x0000000088e00000)
 Metaspace       used 14436K, capacity 14946K, committed 15104K, reserved 1062912K
  class space    used 1620K, capacity 1783K, committed 1792K, reserved 1048576K
Event: 122.112 GC heap after
Heap after GC invocations=8 (full 1):
 PSYoungGen      total 136192K, used 10087K [0x00000000d6900000, 0x00000000e7400000, 0x0000000100000000)
  eden space 125440K, 0% used [0x00000000d6900000,0x00000000d6900000,0x00000000de380000)
  from space 10752K, 93% used [0x00000000de380000,0x00000000ded59fc0,0x00000000dee00000)
  to   space 11264K, 0% used [0x00000000e6900000,0x00000000e6900000,0x00000000e7400000)
 ParOldGen       total 86016K, used 17875K [0x0000000083a00000, 0x0000000088e00000, 0x00000000d6900000)
  object space 86016K, 20% used [0x0000000083a00000,0x0000000084b74e88,0x0000000088e00000)
 Metaspace       used 14436K, capacity 14946K, committed 15104K, reserved 1062912K
  class space    used 1620K, capacity 1783K, committed 1792K, reserved 1048576K
}

