# JRE version: Java(TM) SE Runtime Environment (8.0_181-b13) (build 1.8.0_181-b13)
# Java VM: Java HotSpot(TM) 64-Bit Server VM (25.181-b13 mixed mode linux-amd64 compressed oops)
Heap:
 PSYoungGen      total 608256K, used 489206K [0x00000000d6900000, 0x0000000100000000, 0x0000000100000000)
  eden space 555008K, 78% used [0x00000000d6900000,0x00000000f13ac368,0x00000000f8700000)
  from space 53248K, 98% used [0x00000000fcc00000,0x00000000fff11780,0x0000000100000000)
  to   space 61952K, 0% used [0x00000000f8700000,0x00000000f8700000,0x00000000fc380000)
 ParOldGen       total 207360K, used 98168K [0x0000000083a00000, 0x0000000090480000, 0x00000000d6900000)
  object space 207360K, 47% used [0x0000000083a00000,0x00000000899de178,0x0000000090480000)
 Metaspace       used 41270K, capacity 42036K, committed 42112K, reserved 1085440K
  class space    used 5303K, capacity 5493K, committed 5504K, reserved 1048576K
GC Heap History (10 events):
Event: 42.052 GC heap before
{Heap before GC invocations=15 (full 2):
 PSYoungGen      total 438784K, used 438774K [0x00000000d6900000, 0x00000000f6c00000, 0x0000000100000000)
  eden space 421376K, 100% used [0x00000000d6900000,0x00000000f0480000,0x00000000f0480000)
  from space 17408K, 99% used [0x00000000f5b00000,0x00000000f6bfdbf8,0x00000000f6c00000)
  to   space 27136K, 0% used [0x00000000f3700000,0x00000000f3700000,0x00000000f5180000)
 ParOldGen       total 98304K, used 42179K [0x0000000083a00000, 0x0000000089a00000, 0x00000000d6900000)
  object space 98304K, 42% used [0x0000000083a00000,0x0000000086330f50,0x0000000089a00000)
 Metaspace       used 31049K, capacity 31448K, committed 31744K, reserved 1077248K
  class space    used 3875K, capacity 3990K, committed 4096K, reserved 1048576K
Event: 42.222 GC heap after
Heap after GC invocations=15 (full 2):
 PSYoungGen      total 500224K, used 23639K [0x00000000d6900000, 0x00000000f8c00000, 0x0000000100000000)
  eden space 473088K, 0% used [0x00000000d6900000,0x00000000d6900000,0x00000000f3700000)
  from space 27136K, 87% used [0x00000000f3700000,0x00000000f4e15c08,0x00000000f5180000)
  to   space 29696K, 0% used [0x00000000f6f00000,0x00000000f6f00000,0x00000000f8c00000)
 ParOldGen       total 98304K, used 42179K [0x0000000083a00000, 0x0000000089a00000, 0x00000000d6900000)
  object space 98304K, 42% used [0x0000000083a00000,0x0000000086330f50,0x0000000089a00000)
 Metaspace       used 31049K, capacity 31448K, committed 31744K, reserved 1077248K
  class space    used 3875K, capacity 3990K, committed 4096K, reserved 1048576K
}
Event: 56.053 GC heap before
{Heap before GC invocations=16 (full 2):
 PSYoungGen      total 500224K, used 496727K [0x00000000d6900000, 0x00000000f8c00000, 0x0000000100000000)
  eden space 473088K, 100% used [0x00000000d6900000,0x00000000f3700000,0x00000000f3700000)
  from space 27136K, 87% used [0x00000000f3700000,0x00000000f4e15c08,0x00000000f5180000)
  to   space 29696K, 0% used [0x00000000f6f00000,0x00000000f6f00000,0x00000000f8c00000)
 ParOldGen       total 98304K, used 42179K [0x0000000083a00000, 0x0000000089a00000, 0x00000000d6900000)
  object space 98304K, 42% used [0x0000000083a00000,0x0000000086330f50,0x0000000089a00000)
 Metaspace       used 34358K, capacity 34744K, committed 34944K, reserved 1079296K
  class space    used 4286K, capacity 4398K, committed 4480K, reserved 1048576K
Event: 56.356 GC heap after
Heap after GC invocations=16 (full 2):
 PSYoungGen      total 523776K, used 29688K [0x00000000d6900000, 0x00000000fd100000, 0x0000000100000000)
  eden space 494080K, 0% used [0x00000000d6900000,0x00000000d6900000,0x00000000f4b80000)
  from space 29696K, 99% used [0x00000000f6f00000,0x00000000f8bfe1b0,0x00000000f8c00000)
  to   space 36352K, 0% used [0x00000000f4b80000,0x00000000f4b80000,0x00000000f6f00000)
 ParOldGen       total 98304K, used 48779K [0x0000000083a00000, 0x0000000089a00000, 0x00000000d6900000)
  object space 98304K, 49% used [0x0000000083a00000,0x00000000869a2f90,0x0000000089a00000)
 Metaspace       used 34358K, capacity 34744K, committed 34944K, reserved 1079296K
  class space    used 4286K, capacity 4398K, committed 4480K, reserved 1048576K
}
Event: 68.902 GC heap before
{Heap before GC invocations=17 (full 2):
 PSYoungGen      total 523776K, used 523768K [0x00000000d6900000, 0x00000000fd100000, 0x0000000100000000)
  eden space 494080K, 100% used [0x00000000d6900000,0x00000000f4b80000,0x00000000f4b80000)
  from space 29696K, 99% used [0x00000000f6f00000,0x00000000f8bfe1b0,0x00000000f8c00000)
  to   space 36352K, 0% used [0x00000000f4b80000,0x00000000f4b80000,0x00000000f6f00000)
 ParOldGen       total 98304K, used 48779K [0x0000000083a00000, 0x0000000089a00000, 0x00000000d6900000)
  object space 98304K, 49% used [0x0000000083a00000,0x00000000869a2f90,0x0000000089a00000)
 Metaspace       used 34537K, capacity 34946K, committed 35200K, reserved 1079296K
  class space    used 4291K, capacity 4399K, committed 4480K, reserved 1048576K
Event: 69.487 GC heap after
Heap after GC invocations=17 (full 2):
 PSYoungGen      total 530432K, used 36338K [0x00000000d6900000, 0x0000000100000000, 0x0000000100000000)
  eden space 494080K, 0% used [0x00000000d6900000,0x00000000d6900000,0x00000000f4b80000)
  from space 36352K, 99% used [0x00000000f4b80000,0x00000000f6efc9f8,0x00000000f6f00000)
  to   space 53248K, 0% used [0x00000000fcc00000,0x00000000fcc00000,0x0000000100000000)
 ParOldGen       total 98304K, used 79616K [0x0000000083a00000, 0x0000000089a00000, 0x00000000d6900000)
  object space 98304K, 80% used [0x0000000083a00000,0x00000000887c00e8,0x0000000089a00000)
 Metaspace       used 34537K, capacity 34946K, committed 35200K, reserved 1079296K
  class space    used 4291K, capacity 4399K, committed 4480K, reserved 1048576K
}
Event: 69.487 GC heap before
{Heap before GC invocations=18 (full 3):
 PSYoungGen      total 530432K, used 36338K [0x00000000d6900000, 0x0000000100000000, 0x0000000100000000)
  eden space 494080K, 0% used [0x00000000d6900000,0x00000000d6900000,0x00000000f4b80000)
  from space 36352K, 99% used [0x00000000f4b80000,0x00000000f6efc9f8,0x00000000f6f00000)
  to   space 53248K, 0% used [0x00000000fcc00000,0x00000000fcc00000,0x0000000100000000)
 ParOldGen       total 98304K, used 79616K [0x0000000083a00000, 0x0000000089a00000, 0x00000000d6900000)
  object space 98304K, 80% used [0x0000000083a00000,0x00000000887c00e8,0x0000000089a00000)
 Metaspace       used 34537K, capacity 34946K, committed 35200K, reserved 1079296K
  class space    used 4291K, capacity 4399K, committed 4480K, reserved 1048576K
Event: 72.823 GC heap after
Heap after GC invocations=18 (full 3):
 PSYoungGen      total 530432K, used 14066K [0x00000000d6900000, 0x0000000100000000, 0x0000000100000000)
  eden space 494080K, 0% used [0x00000000d6900000,0x00000000d6900000,0x00000000f4b80000)
  from space 36352K, 38% used [0x00000000f4b80000,0x00000000f593c9a0,0x00000000f6f00000)
  to   space 53248K, 0% used [0x00000000fcc00000,0x00000000fcc00000,0x0000000100000000)
 ParOldGen       total 207360K, used 98168K [0x0000000083a00000, 0x0000000090480000, 0x00000000d6900000)
  object space 207360K, 47% used [0x0000000083a00000,0x00000000899de178,0x0000000090480000)
 Metaspace       used 34537K, capacity 34946K, committed 35200K, reserved 1079296K
  class space    used 4291K, capacity 4399K, committed 4480K, reserved 1048576K
}
Event: 81.387 GC heap before
{Heap before GC invocations=19 (full 3):
 PSYoungGen      total 530432K, used 508146K [0x00000000d6900000, 0x0000000100000000, 0x0000000100000000)
  eden space 494080K, 100% used [0x00000000d6900000,0x00000000f4b80000,0x00000000f4b80000)
  from space 36352K, 38% used [0x00000000f4b80000,0x00000000f593c9a0,0x00000000f6f00000)
  to   space 53248K, 0% used [0x00000000fcc00000,0x00000000fcc00000,0x0000000100000000)
 ParOldGen       total 207360K, used 98168K [0x0000000083a00000, 0x0000000090480000, 0x00000000d6900000)
  object space 207360K, 47% used [0x0000000083a00000,0x00000000899de178,0x0000000090480000)
 Metaspace       used 34572K, capacity 34950K, committed 35200K, reserved 1079296K
  class space    used 4291K, capacity 4399K, committed 4480K, reserved 1048576K
Event: 82.009 GC heap after
Heap after GC invocations=19 (full 3):
 PSYoungGen      total 608256K, used 52293K [0x00000000d6900000, 0x0000000100000000, 0x0000000100000000)
  eden space 555008K, 0% used [0x00000000d6900000,0x00000000d6900000,0x00000000f8700000)
  from space 53248K, 98% used [0x00000000fcc00000,0x00000000fff11780,0x0000000100000000)
  to   space 61952K, 0% used [0x00000000f8700000,0x00000000f8700000,0x00000000fc380000)
 ParOldGen       total 207360K, used 98168K [0x0000000083a00000, 0x0000000090480000, 0x00000000d6900000)
  object space 207360K, 47% used [0x0000000083a00000,0x00000000899de178,0x0000000090480000)
 Metaspace       used 34572K, capacity 34950K, committed 35200K, reserved 1079296K
  class space    used 4291K, capacity 4399K, committed 4480K, reserved 1048576K
}

