# JRE version: Java(TM) SE Runtime Environment (8.0_181-b13) (build 1.8.0_181-b13)
# Java VM: Java HotSpot(TM) 64-Bit Server VM (25.181-b13 mixed mode linux-amd64 compressed oops)
Heap:
 PSYoungGen      total 567808K, used 202484K [0x00000000d6900000, 0x00000000ff900000, 0x0000000100000000)
  eden space 550912K, 33% used [0x00000000d6900000,0x00000000e1e8a620,0x00000000f8300000)
  from space 16896K, 98% used [0x00000000f8300000,0x00000000f9332b38,0x00000000f9380000)
  to   space 60416K, 0% used [0x00000000fbe00000,0x00000000fbe00000,0x00000000ff900000)
 ParOldGen       total 178688K, used 131966K [0x0000000083a00000, 0x000000008e880000, 0x00000000d6900000)
  object space 178688K, 73% used [0x0000000083a00000,0x000000008badf920,0x000000008e880000)
 Metaspace       used 43681K, capacity 45266K, committed 45312K, reserved 1089536K
  class space    used 5544K, capacity 5888K, committed 5888K, reserved 1048576K
GC Heap History (10 events):
Event: 69.820 GC heap before
{Heap before GC invocations=20 (full 2):
 PSYoungGen      total 453120K, used 453118K [0x00000000d6900000, 0x00000000fc480000, 0x0000000100000000)
  eden space 425472K, 100% used [0x00000000d6900000,0x00000000f0880000,0x00000000f0880000)
  from space 27648K, 99% used [0x00000000f0880000,0x00000000f237f928,0x00000000f2380000)
  to   space 37376K, 0% used [0x00000000fa000000,0x00000000fa000000,0x00000000fc480000)
 ParOldGen       total 86016K, used 64450K [0x0000000083a00000, 0x0000000088e00000, 0x00000000d6900000)
  object space 86016K, 74% used [0x0000000083a00000,0x00000000878f0bd0,0x0000000088e00000)
 Metaspace       used 33618K, capacity 34122K, committed 34304K, reserved 1079296K
  class space    used 4190K, capacity 4339K, committed 4352K, reserved 1048576K
Event: 70.332 GC heap after
Heap after GC invocations=20 (full 2):
 PSYoungGen      total 549376K, used 37357K [0x00000000d6900000, 0x00000000fc480000, 0x0000000100000000)
  eden space 512000K, 0% used [0x00000000d6900000,0x00000000d6900000,0x00000000f5d00000)
  from space 37376K, 99% used [0x00000000fa000000,0x00000000fc47b618,0x00000000fc480000)
  to   space 49664K, 0% used [0x00000000f6380000,0x00000000f6380000,0x00000000f9400000)
 ParOldGen       total 86016K, used 82925K [0x0000000083a00000, 0x0000000088e00000, 0x00000000d6900000)
  object space 86016K, 96% used [0x0000000083a00000,0x0000000088afb700,0x0000000088e00000)
 Metaspace       used 33618K, capacity 34122K, committed 34304K, reserved 1079296K
  class space    used 4190K, capacity 4339K, committed 4352K, reserved 1048576K
}
Event: 70.332 GC heap before
{Heap before GC invocations=21 (full 3):
 PSYoungGen      total 549376K, used 37357K [0x00000000d6900000, 0x00000000fc480000, 0x0000000100000000)
  eden space 512000K, 0% used [0x00000000d6900000,0x00000000d6900000,0x00000000f5d00000)
  from space 37376K, 99% used [0x00000000fa000000,0x00000000fc47b618,0x00000000fc480000)
  to   space 49664K, 0% used [0x00000000f6380000,0x00000000f6380000,0x00000000f9400000)
 ParOldGen       total 86016K, used 82925K [0x0000000083a00000, 0x0000000088e00000, 0x00000000d6900000)
  object space 86016K, 96% used [0x0000000083a00000,0x0000000088afb700,0x0000000088e00000)
 Metaspace       used 33618K, capacity 34122K, committed 34304K, reserved 1079296K
  class space    used 4190K, capacity 4339K, committed 4352K, reserved 1048576K
Event: 74.296 GC heap after
Heap after GC invocations=21 (full 3):
 PSYoungGen      total 549376K, used 33237K [0x00000000d6900000, 0x00000000fc480000, 0x0000000100000000)
  eden space 512000K, 0% used [0x00000000d6900000,0x00000000d6900000,0x00000000f5d00000)
  from space 37376K, 88% used [0x00000000fa000000,0x00000000fc075420,0x00000000fc480000)
  to   space 49664K, 0% used [0x00000000f6380000,0x00000000f6380000,0x00000000f9400000)
 ParOldGen       total 178688K, used 85918K [0x0000000083a00000, 0x000000008e880000, 0x00000000d6900000)
  object space 178688K, 48% used [0x0000000083a00000,0x0000000088de7a48,0x000000008e880000)
 Metaspace       used 33618K, capacity 34122K, committed 34304K, reserved 1079296K
  class space    used 4190K, capacity 4339K, committed 4352K, reserved 1048576K
}
Event: 82.523 GC heap before
{Heap before GC invocations=22 (full 3):
 PSYoungGen      total 549376K, used 545237K [0x00000000d6900000, 0x00000000fc480000, 0x0000000100000000)
  eden space 512000K, 100% used [0x00000000d6900000,0x00000000f5d00000,0x00000000f5d00000)
  from space 37376K, 88% used [0x00000000fa000000,0x00000000fc075420,0x00000000fc480000)
  to   space 49664K, 0% used [0x00000000f6380000,0x00000000f6380000,0x00000000f9400000)
 ParOldGen       total 178688K, used 85918K [0x0000000083a00000, 0x000000008e880000, 0x00000000d6900000)
  object space 178688K, 48% used [0x0000000083a00000,0x0000000088de7a48,0x000000008e880000)
 Metaspace       used 33648K, capacity 34122K, committed 34304K, reserved 1079296K
  class space    used 4190K, capacity 4339K, committed 4352K, reserved 1048576K
Event: 83.358 GC heap after
Heap after GC invocations=22 (full 3):
 PSYoungGen      total 568320K, used 49644K [0x00000000d6900000, 0x0000000100000000, 0x0000000100000000)
  eden space 518656K, 0% used [0x00000000d6900000,0x00000000d6900000,0x00000000f6380000)
  from space 49664K, 99% used [0x00000000f6380000,0x00000000f93fb160,0x00000000f9400000)
  to   space 65024K, 0% used [0x00000000fc080000,0x00000000fc080000,0x0000000100000000)
 ParOldGen       total 178688K, used 105636K [0x0000000083a00000, 0x000000008e880000, 0x00000000d6900000)
  object space 178688K, 59% used [0x0000000083a00000,0x000000008a129328,0x000000008e880000)
 Metaspace       used 33648K, capacity 34122K, committed 34304K, reserved 1079296K
  class space    used 4190K, capacity 4339K, committed 4352K, reserved 1048576K
}
Event: 111.810 GC heap before
{Heap before GC invocations=23 (full 3):
 PSYoungGen      total 568320K, used 568300K [0x00000000d6900000, 0x0000000100000000, 0x0000000100000000)
  eden space 518656K, 100% used [0x00000000d6900000,0x00000000f6380000,0x00000000f6380000)
  from space 49664K, 99% used [0x00000000f6380000,0x00000000f93fb160,0x00000000f9400000)
  to   space 65024K, 0% used [0x00000000fc080000,0x00000000fc080000,0x0000000100000000)
 ParOldGen       total 178688K, used 105636K [0x0000000083a00000, 0x000000008e880000, 0x00000000d6900000)
  object space 178688K, 59% used [0x0000000083a00000,0x000000008a129328,0x000000008e880000)
 Metaspace       used 41941K, capacity 42856K, committed 43008K, reserved 1087488K
  class space    used 5384K, capacity 5587K, committed 5632K, reserved 1048576K
Event: 112.369 GC heap after
Heap after GC invocations=23 (full 3):
 PSYoungGen      total 615936K, used 14105K [0x00000000d6900000, 0x0000000100000000, 0x0000000100000000)
  eden space 550912K, 0% used [0x00000000d6900000,0x00000000d6900000,0x00000000f8300000)
  from space 65024K, 21% used [0x00000000fc080000,0x00000000fce46478,0x0000000100000000)
  to   space 62976K, 0% used [0x00000000f8300000,0x00000000f8300000,0x00000000fc080000)
 ParOldGen       total 178688K, used 131958K [0x0000000083a00000, 0x000000008e880000, 0x00000000d6900000)
  object space 178688K, 73% used [0x0000000083a00000,0x000000008badd920,0x000000008e880000)
 Metaspace       used 41941K, capacity 42856K, committed 43008K, reserved 1087488K
  class space    used 5384K, capacity 5587K, committed 5632K, reserved 1048576K
}
Event: 132.047 GC heap before
{Heap before GC invocations=24 (full 3):
 PSYoungGen      total 615936K, used 565017K [0x00000000d6900000, 0x0000000100000000, 0x0000000100000000)
  eden space 550912K, 100% used [0x00000000d6900000,0x00000000f8300000,0x00000000f8300000)
  from space 65024K, 21% used [0x00000000fc080000,0x00000000fce46478,0x0000000100000000)
  to   space 62976K, 0% used [0x00000000f8300000,0x00000000f8300000,0x00000000fc080000)
 ParOldGen       total 178688K, used 131958K [0x0000000083a00000, 0x000000008e880000, 0x00000000d6900000)
  object space 178688K, 73% used [0x0000000083a00000,0x000000008badd920,0x000000008e880000)
 Metaspace       used 43499K, capacity 44976K, committed 45056K, reserved 1089536K
  class space    used 5530K, capacity 5861K, committed 5888K, reserved 1048576K
Event: 132.182 GC heap after
Heap after GC invocations=24 (full 3):
 PSYoungGen      total 567808K, used 16586K [0x00000000d6900000, 0x00000000ff900000, 0x0000000100000000)
  eden space 550912K, 0% used [0x00000000d6900000,0x00000000d6900000,0x00000000f8300000)
  from space 16896K, 98% used [0x00000000f8300000,0x00000000f9332b38,0x00000000f9380000)
  to   space 60416K, 0% used [0x00000000fbe00000,0x00000000fbe00000,0x00000000ff900000)
 ParOldGen       total 178688K, used 131966K [0x0000000083a00000, 0x000000008e880000, 0x00000000d6900000)
  object space 178688K, 73% used [0x0000000083a00000,0x000000008badf920,0x000000008e880000)
 Metaspace       used 43499K, capacity 44976K, committed 45056K, reserved 1089536K
  class space    used 5530K, capacity 5861K, committed 5888K, reserved 1048576K
}

