# JRE version: Java(TM) SE Runtime Environment (8.0_181-b13) (build 1.8.0_181-b13)
# Java VM: Java HotSpot(TM) 64-Bit Server VM (25.181-b13 mixed mode linux-amd64 compressed oops)
Heap:
 PSYoungGen      total 37888K, used 7162K [0x00000000d6900000, 0x00000000d9680000, 0x0000000100000000)
  eden space 30720K, 0% used [0x00000000d6900000,0x00000000d6900000,0x00000000d8700000)
  from space 7168K, 99% used [0x00000000d8700000,0x00000000d8dfe808,0x00000000d8e00000)
  to   space 5120K, 0% used [0x00000000d8e00000,0x00000000d8e00000,0x00000000d9300000)
 ParOldGen       total 86016K, used 9762K [0x0000000083a00000, 0x0000000088e00000, 0x00000000d6900000)
  object space 86016K, 11% used [0x0000000083a00000,0x00000000843888c8,0x0000000088e00000)
 Metaspace       used 16725K, capacity 17298K, committed 17536K, reserved 1064960K
  class space    used 1929K, capacity 2105K, committed 2176K, reserved 1048576K
GC Heap History (10 events):
Event: 51.538 GC heap after
Heap after GC invocations=3 (full 1):
 PSYoungGen      total 37888K, used 4977K [0x00000000d6900000, 0x00000000d9300000, 0x0000000100000000)
  eden space 32768K, 0% used [0x00000000d6900000,0x00000000d6900000,0x00000000d8900000)
  from space 5120K, 97% used [0x00000000d8e00000,0x00000000d92dc450,0x00000000d9300000)
  to   space 5120K, 0% used [0x00000000d8900000,0x00000000d8900000,0x00000000d8e00000)
 ParOldGen       total 86016K, used 4069K [0x0000000083a00000, 0x0000000088e00000, 0x00000000d6900000)
  object space 86016K, 4% used [0x0000000083a00000,0x0000000083df95c8,0x0000000088e00000)
 Metaspace       used 13814K, capacity 14256K, committed 14592K, reserved 1062912K
  class space    used 1587K, capacity 1708K, committed 1792K, reserved 1048576K
}
Event: 52.583 GC heap before
{Heap before GC invocations=4 (full 1):
 PSYoungGen      total 37888K, used 37745K [0x00000000d6900000, 0x00000000d9300000, 0x0000000100000000)
  eden space 32768K, 100% used [0x00000000d6900000,0x00000000d8900000,0x00000000d8900000)
  from space 5120K, 97% used [0x00000000d8e00000,0x00000000d92dc450,0x00000000d9300000)
  to   space 5120K, 0% used [0x00000000d8900000,0x00000000d8900000,0x00000000d8e00000)
 ParOldGen       total 86016K, used 4069K [0x0000000083a00000, 0x0000000088e00000, 0x00000000d6900000)
  object space 86016K, 4% used [0x0000000083a00000,0x0000000083df95c8,0x0000000088e00000)
 Metaspace       used 13905K, capacity 14384K, committed 14592K, reserved 1062912K
  class space    used 1588K, capacity 1708K, committed 1792K, reserved 1048576K
Event: 52.590 GC heap after
Heap after GC invocations=4 (full 1):
 PSYoungGen      total 37888K, used 4104K [0x00000000d6900000, 0x00000000d9300000, 0x0000000100000000)
  eden space 32768K, 0% used [0x00000000d6900000,0x00000000d6900000,0x00000000d8900000)
  from space 5120K, 80% used [0x00000000d8900000,0x00000000d8d02030,0x00000000d8e00000)
  to   space 5120K, 0% used [0x00000000d8e00000,0x00000000d8e00000,0x00000000d9300000)
 ParOldGen       total 86016K, used 4077K [0x0000000083a00000, 0x0000000088e00000, 0x00000000d6900000)
  object space 86016K, 4% used [0x0000000083a00000,0x0000000083dfb5c8,0x0000000088e00000)
 Metaspace       used 13905K, capacity 14384K, committed 14592K, reserved 1062912K
  class space    used 1588K, capacity 1708K, committed 1792K, reserved 1048576K
}
Event: 53.313 GC heap before
{Heap before GC invocations=5 (full 1):
 PSYoungGen      total 37888K, used 36872K [0x00000000d6900000, 0x00000000d9300000, 0x0000000100000000)
  eden space 32768K, 100% used [0x00000000d6900000,0x00000000d8900000,0x00000000d8900000)
  from space 5120K, 80% used [0x00000000d8900000,0x00000000d8d02030,0x00000000d8e00000)
  to   space 5120K, 0% used [0x00000000d8e00000,0x00000000d8e00000,0x00000000d9300000)
 ParOldGen       total 86016K, used 4077K [0x0000000083a00000, 0x0000000088e00000, 0x00000000d6900000)
  object space 86016K, 4% used [0x0000000083a00000,0x0000000083dfb5c8,0x0000000088e00000)
 Metaspace       used 13954K, capacity 14384K, committed 14592K, reserved 1062912K
  class space    used 1588K, capacity 1708K, committed 1792K, reserved 1048576K
Event: 53.322 GC heap after
Heap after GC invocations=5 (full 1):
 PSYoungGen      total 37888K, used 5116K [0x00000000d6900000, 0x00000000d9300000, 0x0000000100000000)
  eden space 32768K, 0% used [0x00000000d6900000,0x00000000d6900000,0x00000000d8900000)
  from space 5120K, 99% used [0x00000000d8e00000,0x00000000d92ff060,0x00000000d9300000)
  to   space 5120K, 0% used [0x00000000d8900000,0x00000000d8900000,0x00000000d8e00000)
 ParOldGen       total 86016K, used 4497K [0x0000000083a00000, 0x0000000088e00000, 0x00000000d6900000)
  object space 86016K, 5% used [0x0000000083a00000,0x0000000083e645d8,0x0000000088e00000)
 Metaspace       used 13954K, capacity 14384K, committed 14592K, reserved 1062912K
  class space    used 1588K, capacity 1708K, committed 1792K, reserved 1048576K
}
Event: 69.620 GC heap before
{Heap before GC invocations=6 (full 1):
 PSYoungGen      total 37888K, used 37884K [0x00000000d6900000, 0x00000000d9300000, 0x0000000100000000)
  eden space 32768K, 100% used [0x00000000d6900000,0x00000000d8900000,0x00000000d8900000)
  from space 5120K, 99% used [0x00000000d8e00000,0x00000000d92ff060,0x00000000d9300000)
  to   space 5120K, 0% used [0x00000000d8900000,0x00000000d8900000,0x00000000d8e00000)
 ParOldGen       total 86016K, used 4497K [0x0000000083a00000, 0x0000000088e00000, 0x00000000d6900000)
  object space 86016K, 5% used [0x0000000083a00000,0x0000000083e645d8,0x0000000088e00000)
 Metaspace       used 15579K, capacity 16110K, committed 16256K, reserved 1062912K
  class space    used 1749K, capacity 1909K, committed 1920K, reserved 1048576K
Event: 69.654 GC heap after
Heap after GC invocations=6 (full 1):
 PSYoungGen      total 37888K, used 5088K [0x00000000d6900000, 0x00000000d9300000, 0x0000000100000000)
  eden space 32768K, 0% used [0x00000000d6900000,0x00000000d6900000,0x00000000d8900000)
  from space 5120K, 99% used [0x00000000d8900000,0x00000000d8df8020,0x00000000d8e00000)
  to   space 5120K, 0% used [0x00000000d8e00000,0x00000000d8e00000,0x00000000d9300000)
 ParOldGen       total 86016K, used 5967K [0x0000000083a00000, 0x0000000088e00000, 0x00000000d6900000)
  object space 86016K, 6% used [0x0000000083a00000,0x0000000083fd3fd0,0x0000000088e00000)
 Metaspace       used 15579K, capacity 16110K, committed 16256K, reserved 1062912K
  class space    used 1749K, capacity 1909K, committed 1920K, reserved 1048576K
}
Event: 85.184 GC heap before
{Heap before GC invocations=7 (full 1):
 PSYoungGen      total 37888K, used 37856K [0x00000000d6900000, 0x00000000d9300000, 0x0000000100000000)
  eden space 32768K, 100% used [0x00000000d6900000,0x00000000d8900000,0x00000000d8900000)
  from space 5120K, 99% used [0x00000000d8900000,0x00000000d8df8020,0x00000000d8e00000)
  to   space 5120K, 0% used [0x00000000d8e00000,0x00000000d8e00000,0x00000000d9300000)
 ParOldGen       total 86016K, used 5967K [0x0000000083a00000, 0x0000000088e00000, 0x00000000d6900000)
  object space 86016K, 6% used [0x0000000083a00000,0x0000000083fd3fd0,0x0000000088e00000)
 Metaspace       used 15678K, capacity 16242K, committed 16384K, reserved 1062912K
  class space    used 1756K, capacity 1945K, committed 2048K, reserved 1048576K
Event: 85.198 GC heap after
Heap after GC invocations=7 (full 1):
 PSYoungGen      total 35840K, used 5120K [0x00000000d6900000, 0x00000000d9680000, 0x0000000100000000)
  eden space 30720K, 0% used [0x00000000d6900000,0x00000000d6900000,0x00000000d8700000)
  from space 5120K, 100% used [0x00000000d8e00000,0x00000000d9300000,0x00000000d9300000)
  to   space 7168K, 0% used [0x00000000d8700000,0x00000000d8700000,0x00000000d8e00000)
 ParOldGen       total 86016K, used 6684K [0x0000000083a00000, 0x0000000088e00000, 0x00000000d6900000)
  object space 86016K, 7% used [0x0000000083a00000,0x0000000084087290,0x0000000088e00000)
 Metaspace       used 15678K, capacity 16242K, committed 16384K, reserved 1062912K
  class space    used 1756K, capacity 1945K, committed 2048K, reserved 1048576K
}
Event: 104.552 GC heap before
{Heap before GC invocations=8 (full 1):
 PSYoungGen      total 35840K, used 35840K [0x00000000d6900000, 0x00000000d9680000, 0x0000000100000000)
  eden space 30720K, 100% used [0x00000000d6900000,0x00000000d8700000,0x00000000d8700000)
  from space 5120K, 100% used [0x00000000d8e00000,0x00000000d9300000,0x00000000d9300000)
  to   space 7168K, 0% used [0x00000000d8700000,0x00000000d8700000,0x00000000d8e00000)
 ParOldGen       total 86016K, used 6684K [0x0000000083a00000, 0x0000000088e00000, 0x00000000d6900000)
  object space 86016K, 7% used [0x0000000083a00000,0x0000000084087290,0x0000000088e00000)
 Metaspace       used 16725K, capacity 17298K, committed 17536K, reserved 1064960K
  class space    used 1929K, capacity 2105K, committed 2176K, reserved 1048576K

