# JRE version: Java(TM) SE Runtime Environment (8.0_181-b13) (build 1.8.0_181-b13)
# Java VM: Java HotSpot(TM) 64-Bit Server VM (25.181-b13 mixed mode linux-amd64 compressed oops)
Heap:
 PSYoungGen      total 273920K, used 24565K [0x00000000d6900000, 0x00000000e9400000, 0x0000000100000000)
  eden space 249344K, 0% used [0x00000000d6900000,0x00000000d6900000,0x00000000e5c80000)
  from space 24576K, 99% used [0x00000000e5c80000,0x00000000e747d448,0x00000000e7480000)
  to   space 16896K, 0% used [0x00000000e7480000,0x00000000e7480000,0x00000000e8500000)
 ParOldGen       total 86016K, used 67292K [0x0000000083a00000, 0x0000000088e00000, 0x00000000d6900000)
  object space 86016K, 78% used [0x0000000083a00000,0x0000000087bb70d8,0x0000000088e00000)
 Metaspace       used 20642K, capacity 21174K, committed 21248K, reserved 1069056K
  class space    used 2379K, capacity 2549K, committed 2560K, reserved 1048576K
GC Heap History (10 events):
Event: 79.495 GC heap after
Heap after GC invocations=5 (full 1):
 PSYoungGen      total 70656K, used 5103K [0x00000000d6900000, 0x00000000db300000, 0x0000000100000000)
  eden space 65536K, 0% used [0x00000000d6900000,0x00000000d6900000,0x00000000da900000)
  from space 5120K, 99% used [0x00000000dae00000,0x00000000db2fbdf0,0x00000000db300000)
  to   space 5120K, 0% used [0x00000000da900000,0x00000000da900000,0x00000000dae00000)
 ParOldGen       total 86016K, used 4736K [0x0000000083a00000, 0x0000000088e00000, 0x00000000d6900000)
  object space 86016K, 5% used [0x0000000083a00000,0x0000000083ea0308,0x0000000088e00000)
 Metaspace       used 13906K, capacity 14276K, committed 14592K, reserved 1062912K
  class space    used 1583K, capacity 1701K, committed 1792K, reserved 1048576K
}
Event: 80.157 GC heap before
{Heap before GC invocations=6 (full 1):
 PSYoungGen      total 70656K, used 70639K [0x00000000d6900000, 0x00000000db300000, 0x0000000100000000)
  eden space 65536K, 100% used [0x00000000d6900000,0x00000000da900000,0x00000000da900000)
  from space 5120K, 99% used [0x00000000dae00000,0x00000000db2fbdf0,0x00000000db300000)
  to   space 5120K, 0% used [0x00000000da900000,0x00000000da900000,0x00000000dae00000)
 ParOldGen       total 86016K, used 4736K [0x0000000083a00000, 0x0000000088e00000, 0x00000000d6900000)
  object space 86016K, 5% used [0x0000000083a00000,0x0000000083ea0308,0x0000000088e00000)
 Metaspace       used 13948K, capacity 14340K, committed 14592K, reserved 1062912K
  class space    used 1583K, capacity 1701K, committed 1792K, reserved 1048576K
Event: 80.169 GC heap after
Heap after GC invocations=6 (full 1):
 PSYoungGen      total 70656K, used 5091K [0x00000000d6900000, 0x00000000df300000, 0x0000000100000000)
  eden space 65536K, 0% used [0x00000000d6900000,0x00000000d6900000,0x00000000da900000)
  from space 5120K, 99% used [0x00000000da900000,0x00000000dadf8d80,0x00000000dae00000)
  to   space 5120K, 0% used [0x00000000dee00000,0x00000000dee00000,0x00000000df300000)
 ParOldGen       total 86016K, used 5140K [0x0000000083a00000, 0x0000000088e00000, 0x00000000d6900000)
  object space 86016K, 5% used [0x0000000083a00000,0x0000000083f053c8,0x0000000088e00000)
 Metaspace       used 13948K, capacity 14340K, committed 14592K, reserved 1062912K
  class space    used 1583K, capacity 1701K, committed 1792K, reserved 1048576K
}
Event: 81.043 GC heap before
{Heap before GC invocations=7 (full 1):
 PSYoungGen      total 70656K, used 70627K [0x00000000d6900000, 0x00000000df300000, 0x0000000100000000)
  eden space 65536K, 100% used [0x00000000d6900000,0x00000000da900000,0x00000000da900000)
  from space 5120K, 99% used [0x00000000da900000,0x00000000dadf8d80,0x00000000dae00000)
  to   space 5120K, 0% used [0x00000000dee00000,0x00000000dee00000,0x00000000df300000)
 ParOldGen       total 86016K, used 5140K [0x0000000083a00000, 0x0000000088e00000, 0x00000000d6900000)
  object space 86016K, 5% used [0x0000000083a00000,0x0000000083f053c8,0x0000000088e00000)
 Metaspace       used 13996K, capacity 14340K, committed 14592K, reserved 1062912K
  class space    used 1583K, capacity 1701K, committed 1792K, reserved 1048576K
Event: 81.058 GC heap after
Heap after GC invocations=7 (full 1):
 PSYoungGen      total 133632K, used 5111K [0x00000000d6900000, 0x00000000df800000, 0x0000000100000000)
  eden space 128512K, 0% used [0x00000000d6900000,0x00000000d6900000,0x00000000de680000)
  from space 5120K, 99% used [0x00000000dee00000,0x00000000df2fdd70,0x00000000df300000)
  to   space 7680K, 0% used [0x00000000de680000,0x00000000de680000,0x00000000dee00000)
 ParOldGen       total 86016K, used 7437K [0x0000000083a00000, 0x0000000088e00000, 0x00000000d6900000)
  object space 86016K, 8% used [0x0000000083a00000,0x0000000084143578,0x0000000088e00000)
 Metaspace       used 13996K, capacity 14340K, committed 14592K, reserved 1062912K
  class space    used 1583K, capacity 1701K, committed 1792K, reserved 1048576K
}
Event: 88.573 GC heap before
{Heap before GC invocations=8 (full 1):
 PSYoungGen      total 133632K, used 133623K [0x00000000d6900000, 0x00000000df800000, 0x0000000100000000)
  eden space 128512K, 100% used [0x00000000d6900000,0x00000000de680000,0x00000000de680000)
  from space 5120K, 99% used [0x00000000dee00000,0x00000000df2fdd70,0x00000000df300000)
  to   space 7680K, 0% used [0x00000000de680000,0x00000000de680000,0x00000000dee00000)
 ParOldGen       total 86016K, used 7437K [0x0000000083a00000, 0x0000000088e00000, 0x00000000d6900000)
  object space 86016K, 8% used [0x0000000083a00000,0x0000000084143578,0x0000000088e00000)
 Metaspace       used 18612K, capacity 19142K, committed 19200K, reserved 1067008K
  class space    used 2130K, capacity 2285K, committed 2304K, reserved 1048576K
Event: 88.789 GC heap after
Heap after GC invocations=8 (full 1):
 PSYoungGen      total 136192K, used 7668K [0x00000000d6900000, 0x00000000e8500000, 0x0000000100000000)
  eden space 128512K, 0% used [0x00000000d6900000,0x00000000d6900000,0x00000000de680000)
  from space 7680K, 99% used [0x00000000de680000,0x00000000dedfd278,0x00000000dee00000)
  to   space 16896K, 0% used [0x00000000e7480000,0x00000000e7480000,0x00000000e8500000)
 ParOldGen       total 86016K, used 24162K [0x0000000083a00000, 0x0000000088e00000, 0x00000000d6900000)
  object space 86016K, 28% used [0x0000000083a00000,0x0000000085198b10,0x0000000088e00000)
 Metaspace       used 18612K, capacity 19142K, committed 19200K, reserved 1067008K
  class space    used 2130K, capacity 2285K, committed 2304K, reserved 1048576K
}
Event: 113.369 GC heap before
{Heap before GC invocations=9 (full 1):
 PSYoungGen      total 136192K, used 136180K [0x00000000d6900000, 0x00000000e8500000, 0x0000000100000000)
  eden space 128512K, 100% used [0x00000000d6900000,0x00000000de680000,0x00000000de680000)
  from space 7680K, 99% used [0x00000000de680000,0x00000000dedfd278,0x00000000dee00000)
  to   space 16896K, 0% used [0x00000000e7480000,0x00000000e7480000,0x00000000e8500000)
 ParOldGen       total 86016K, used 24162K [0x0000000083a00000, 0x0000000088e00000, 0x00000000d6900000)
  object space 86016K, 28% used [0x0000000083a00000,0x0000000085198b10,0x0000000088e00000)
 Metaspace       used 20230K, capacity 20758K, committed 20992K, reserved 1067008K
  class space    used 2329K, capacity 2517K, committed 2560K, reserved 1048576K
Event: 113.685 GC heap after
Heap after GC invocations=9 (full 1):
 PSYoungGen      total 266240K, used 16885K [0x00000000d6900000, 0x00000000e9400000, 0x0000000100000000)
  eden space 249344K, 0% used [0x00000000d6900000,0x00000000d6900000,0x00000000e5c80000)
  from space 16896K, 99% used [0x00000000e7480000,0x00000000e84fd648,0x00000000e8500000)
  to   space 24576K, 0% used [0x00000000e5c80000,0x00000000e5c80000,0x00000000e7480000)
 ParOldGen       total 86016K, used 35802K [0x0000000083a00000, 0x0000000088e00000, 0x00000000d6900000)
  object space 86016K, 41% used [0x0000000083a00000,0x0000000085cf69d8,0x0000000088e00000)
 Metaspace       used 20230K, capacity 20758K, committed 20992K, reserved 1067008K
  class space    used 2329K, capacity 2517K, committed 2560K, reserved 1048576K
}
Event: 117.006 GC heap before
{Heap before GC invocations=10 (full 1):
 PSYoungGen      total 266240K, used 112181K [0x00000000d6900000, 0x00000000e9400000, 0x0000000100000000)
  eden space 249344K, 38% used [0x00000000d6900000,0x00000000dc60fdf8,0x00000000e5c80000)
  from space 16896K, 99% used [0x00000000e7480000,0x00000000e84fd648,0x00000000e8500000)
  to   space 24576K, 0% used [0x00000000e5c80000,0x00000000e5c80000,0x00000000e7480000)
 ParOldGen       total 86016K, used 35802K [0x0000000083a00000, 0x0000000088e00000, 0x00000000d6900000)
  object space 86016K, 41% used [0x0000000083a00000,0x0000000085cf69d8,0x0000000088e00000)
 Metaspace       used 20642K, capacity 21174K, committed 21248K, reserved 1069056K
  class space    used 2379K, capacity 2549K, committed 2560K, reserved 1048576K

