# JRE version: Java(TM) SE Runtime Environment (8.0_181-b13) (build 1.8.0_181-b13)
# Java VM: Java HotSpot(TM) 64-Bit Server VM (25.181-b13 mixed mode linux-amd64 compressed oops)
Heap:
 PSYoungGen      total 136192K, used 8182K [0x00000000d6900000, 0x00000000df900000, 0x0000000100000000)
  eden space 128000K, 0% used [0x00000000d6900000,0x00000000d6900000,0x00000000de600000)
  from space 8192K, 99% used [0x00000000de600000,0x00000000dedfd8c8,0x00000000dee00000)
  to   space 5120K, 0% used [0x00000000dee00000,0x00000000dee00000,0x00000000df300000)
 ParOldGen       total 86016K, used 22568K [0x0000000083a00000, 0x0000000088e00000, 0x00000000d6900000)
  object space 86016K, 26% used [0x0000000083a00000,0x000000008500a2c8,0x0000000088e00000)
 Metaspace       used 18960K, capacity 19506K, committed 19584K, reserved 1067008K
  class space    used 2193K, capacity 2383K, committed 2432K, reserved 1048576K
GC Heap History (10 events):
Event: 114.030 GC heap after
Heap after GC invocations=3 (full 1):
 PSYoungGen      total 37888K, used 5111K [0x00000000d6900000, 0x00000000d9300000, 0x0000000100000000)
  eden space 32768K, 0% used [0x00000000d6900000,0x00000000d6900000,0x00000000d8900000)
  from space 5120K, 99% used [0x00000000d8e00000,0x00000000d92fddf0,0x00000000d9300000)
  to   space 5120K, 0% used [0x00000000d8900000,0x00000000d8900000,0x00000000d8e00000)
 ParOldGen       total 86016K, used 4680K [0x0000000083a00000, 0x0000000088e00000, 0x00000000d6900000)
  object space 86016K, 5% used [0x0000000083a00000,0x0000000083e921e8,0x0000000088e00000)
 Metaspace       used 13674K, capacity 14078K, committed 14336K, reserved 1062912K
  class space    used 1580K, capacity 1700K, committed 1792K, reserved 1048576K
}
Event: 115.172 GC heap before
{Heap before GC invocations=4 (full 1):
 PSYoungGen      total 37888K, used 37879K [0x00000000d6900000, 0x00000000d9300000, 0x0000000100000000)
  eden space 32768K, 100% used [0x00000000d6900000,0x00000000d8900000,0x00000000d8900000)
  from space 5120K, 99% used [0x00000000d8e00000,0x00000000d92fddf0,0x00000000d9300000)
  to   space 5120K, 0% used [0x00000000d8900000,0x00000000d8900000,0x00000000d8e00000)
 ParOldGen       total 86016K, used 4680K [0x0000000083a00000, 0x0000000088e00000, 0x00000000d6900000)
  object space 86016K, 5% used [0x0000000083a00000,0x0000000083e921e8,0x0000000088e00000)
 Metaspace       used 13809K, capacity 14212K, committed 14336K, reserved 1062912K
  class space    used 1581K, capacity 1701K, committed 1792K, reserved 1048576K
Event: 115.208 GC heap after
Heap after GC invocations=4 (full 1):
 PSYoungGen      total 37888K, used 5035K [0x00000000d6900000, 0x00000000db300000, 0x0000000100000000)
  eden space 32768K, 0% used [0x00000000d6900000,0x00000000d6900000,0x00000000d8900000)
  from space 5120K, 98% used [0x00000000d8900000,0x00000000d8deafb8,0x00000000d8e00000)
  to   space 5120K, 0% used [0x00000000dae00000,0x00000000dae00000,0x00000000db300000)
 ParOldGen       total 86016K, used 4688K [0x0000000083a00000, 0x0000000088e00000, 0x00000000d6900000)
  object space 86016K, 5% used [0x0000000083a00000,0x0000000083e941e8,0x0000000088e00000)
 Metaspace       used 13809K, capacity 14212K, committed 14336K, reserved 1062912K
  class space    used 1581K, capacity 1701K, committed 1792K, reserved 1048576K
}
Event: 115.754 GC heap before
{Heap before GC invocations=5 (full 1):
 PSYoungGen      total 37888K, used 37803K [0x00000000d6900000, 0x00000000db300000, 0x0000000100000000)
  eden space 32768K, 100% used [0x00000000d6900000,0x00000000d8900000,0x00000000d8900000)
  from space 5120K, 98% used [0x00000000d8900000,0x00000000d8deafb8,0x00000000d8e00000)
  to   space 5120K, 0% used [0x00000000dae00000,0x00000000dae00000,0x00000000db300000)
 ParOldGen       total 86016K, used 4688K [0x0000000083a00000, 0x0000000088e00000, 0x00000000d6900000)
  object space 86016K, 5% used [0x0000000083a00000,0x0000000083e941e8,0x0000000088e00000)
 Metaspace       used 13830K, capacity 14276K, committed 14592K, reserved 1062912K
  class space    used 1581K, capacity 1701K, committed 1792K, reserved 1048576K
Event: 115.780 GC heap after
Heap after GC invocations=5 (full 1):
 PSYoungGen      total 70656K, used 5115K [0x00000000d6900000, 0x00000000db300000, 0x0000000100000000)
  eden space 65536K, 0% used [0x00000000d6900000,0x00000000d6900000,0x00000000da900000)
  from space 5120K, 99% used [0x00000000dae00000,0x00000000db2fefa8,0x00000000db300000)
  to   space 5120K, 0% used [0x00000000da900000,0x00000000da900000,0x00000000dae00000)
 ParOldGen       total 86016K, used 5528K [0x0000000083a00000, 0x0000000088e00000, 0x00000000d6900000)
  object space 86016K, 6% used [0x0000000083a00000,0x0000000083f661f8,0x0000000088e00000)
 Metaspace       used 13830K, capacity 14276K, committed 14592K, reserved 1062912K
  class space    used 1581K, capacity 1701K, committed 1792K, reserved 1048576K
}
Event: 116.618 GC heap before
{Heap before GC invocations=6 (full 1):
 PSYoungGen      total 70656K, used 70651K [0x00000000d6900000, 0x00000000db300000, 0x0000000100000000)
  eden space 65536K, 100% used [0x00000000d6900000,0x00000000da900000,0x00000000da900000)
  from space 5120K, 99% used [0x00000000dae00000,0x00000000db2fefa8,0x00000000db300000)
  to   space 5120K, 0% used [0x00000000da900000,0x00000000da900000,0x00000000dae00000)
 ParOldGen       total 86016K, used 5528K [0x0000000083a00000, 0x0000000088e00000, 0x00000000d6900000)
  object space 86016K, 6% used [0x0000000083a00000,0x0000000083f661f8,0x0000000088e00000)
 Metaspace       used 13885K, capacity 14276K, committed 14592K, reserved 1062912K
  class space    used 1581K, capacity 1701K, committed 1792K, reserved 1048576K
Event: 116.644 GC heap after
Heap after GC invocations=6 (full 1):
 PSYoungGen      total 70656K, used 5088K [0x00000000d6900000, 0x00000000df300000, 0x0000000100000000)
  eden space 65536K, 0% used [0x00000000d6900000,0x00000000d6900000,0x00000000da900000)
  from space 5120K, 99% used [0x00000000da900000,0x00000000dadf8058,0x00000000dae00000)
  to   space 5120K, 0% used [0x00000000dee00000,0x00000000dee00000,0x00000000df300000)
 ParOldGen       total 86016K, used 5996K [0x0000000083a00000, 0x0000000088e00000, 0x00000000d6900000)
  object space 86016K, 6% used [0x0000000083a00000,0x0000000083fdb198,0x0000000088e00000)
 Metaspace       used 13885K, capacity 14276K, committed 14592K, reserved 1062912K
  class space    used 1581K, capacity 1701K, committed 1792K, reserved 1048576K
}
Event: 117.715 GC heap before
{Heap before GC invocations=7 (full 1):
 PSYoungGen      total 70656K, used 70624K [0x00000000d6900000, 0x00000000df300000, 0x0000000100000000)
  eden space 65536K, 100% used [0x00000000d6900000,0x00000000da900000,0x00000000da900000)
  from space 5120K, 99% used [0x00000000da900000,0x00000000dadf8058,0x00000000dae00000)
  to   space 5120K, 0% used [0x00000000dee00000,0x00000000dee00000,0x00000000df300000)
 ParOldGen       total 86016K, used 5996K [0x0000000083a00000, 0x0000000088e00000, 0x00000000d6900000)
  object space 86016K, 6% used [0x0000000083a00000,0x0000000083fdb198,0x0000000088e00000)
 Metaspace       used 14122K, capacity 14532K, committed 14848K, reserved 1062912K
  class space    used 1582K, capacity 1701K, committed 1792K, reserved 1048576K
Event: 117.776 GC heap after
Heap after GC invocations=7 (full 1):
 PSYoungGen      total 133120K, used 5110K [0x00000000d6900000, 0x00000000df900000, 0x0000000100000000)
  eden space 128000K, 0% used [0x00000000d6900000,0x00000000d6900000,0x00000000de600000)
  from space 5120K, 99% used [0x00000000dee00000,0x00000000df2fdb68,0x00000000df300000)
  to   space 8192K, 0% used [0x00000000de600000,0x00000000de600000,0x00000000dee00000)
 ParOldGen       total 86016K, used 8903K [0x0000000083a00000, 0x0000000088e00000, 0x00000000d6900000)
  object space 86016K, 10% used [0x0000000083a00000,0x00000000842b1c18,0x0000000088e00000)
 Metaspace       used 14122K, capacity 14532K, committed 14848K, reserved 1062912K
  class space    used 1582K, capacity 1701K, committed 1792K, reserved 1048576K
}
Event: 130.836 GC heap before
{Heap before GC invocations=8 (full 1):
 PSYoungGen      total 133120K, used 133110K [0x00000000d6900000, 0x00000000df900000, 0x0000000100000000)
  eden space 128000K, 100% used [0x00000000d6900000,0x00000000de600000,0x00000000de600000)
  from space 5120K, 99% used [0x00000000dee00000,0x00000000df2fdb68,0x00000000df300000)
  to   space 8192K, 0% used [0x00000000de600000,0x00000000de600000,0x00000000dee00000)
 ParOldGen       total 86016K, used 8903K [0x0000000083a00000, 0x0000000088e00000, 0x00000000d6900000)
  object space 86016K, 10% used [0x0000000083a00000,0x00000000842b1c18,0x0000000088e00000)
 Metaspace       used 18960K, capacity 19506K, committed 19584K, reserved 1067008K
  class space    used 2193K, capacity 2383K, committed 2432K, reserved 1048576K

