# JRE version: Java(TM) SE Runtime Environment (8.0_181-b13) (build 1.8.0_181-b13)
# Java VM: Java HotSpot(TM) 64-Bit Server VM (25.181-b13 mixed mode linux-amd64 compressed oops)
Heap:
 PSYoungGen      total 133120K, used 22121K [0x00000000d6900000, 0x00000000dfd00000, 0x0000000100000000)
  eden space 125440K, 11% used [0x00000000d6900000,0x00000000d771a870,0x00000000de380000)
  from space 7680K, 99% used [0x00000000dee80000,0x00000000df5fff30,0x00000000df600000)
  to   space 11264K, 0% used [0x00000000de380000,0x00000000de380000,0x00000000dee80000)
 ParOldGen       total 86016K, used 14021K [0x0000000083a00000, 0x0000000088e00000, 0x00000000d6900000)
  object space 86016K, 16% used [0x0000000083a00000,0x00000000847b1448,0x0000000088e00000)
 Metaspace       used 16681K, capacity 17160K, committed 17408K, reserved 1064960K
  class space    used 1870K, capacity 2018K, committed 2048K, reserved 1048576K
GC Heap History (10 events):
Event: 100.162 GC heap before
{Heap before GC invocations=5 (full 1):
 PSYoungGen      total 37888K, used 37323K [0x00000000d6900000, 0x00000000d9300000, 0x0000000100000000)
  eden space 32768K, 100% used [0x00000000d6900000,0x00000000d8900000,0x00000000d8900000)
  from space 5120K, 88% used [0x00000000d8900000,0x00000000d8d72e00,0x00000000d8e00000)
  to   space 5120K, 0% used [0x00000000d8e00000,0x00000000d8e00000,0x00000000d9300000)
 ParOldGen       total 86016K, used 4316K [0x0000000083a00000, 0x0000000088e00000, 0x00000000d6900000)
  object space 86016K, 5% used [0x0000000083a00000,0x0000000083e37280,0x0000000088e00000)
 Metaspace       used 13744K, capacity 14110K, committed 14336K, reserved 1062912K
  class space    used 1575K, capacity 1668K, committed 1792K, reserved 1048576K
Event: 100.170 GC heap after
Heap after GC invocations=5 (full 1):
 PSYoungGen      total 37888K, used 5101K [0x00000000d6900000, 0x00000000d9300000, 0x0000000100000000)
  eden space 32768K, 0% used [0x00000000d6900000,0x00000000d6900000,0x00000000d8900000)
  from space 5120K, 99% used [0x00000000d8e00000,0x00000000d92fb6c0,0x00000000d9300000)
  to   space 5120K, 0% used [0x00000000d8900000,0x00000000d8900000,0x00000000d8e00000)
 ParOldGen       total 86016K, used 4648K [0x0000000083a00000, 0x0000000088e00000, 0x00000000d6900000)
  object space 86016K, 5% used [0x0000000083a00000,0x0000000083e8a2b0,0x0000000088e00000)
 Metaspace       used 13744K, capacity 14110K, committed 14336K, reserved 1062912K
  class space    used 1575K, capacity 1668K, committed 1792K, reserved 1048576K
}
Event: 100.497 GC heap before
{Heap before GC invocations=6 (full 1):
 PSYoungGen      total 37888K, used 37869K [0x00000000d6900000, 0x00000000d9300000, 0x0000000100000000)
  eden space 32768K, 100% used [0x00000000d6900000,0x00000000d8900000,0x00000000d8900000)
  from space 5120K, 99% used [0x00000000d8e00000,0x00000000d92fb6c0,0x00000000d9300000)
  to   space 5120K, 0% used [0x00000000d8900000,0x00000000d8900000,0x00000000d8e00000)
 ParOldGen       total 86016K, used 4648K [0x0000000083a00000, 0x0000000088e00000, 0x00000000d6900000)
  object space 86016K, 5% used [0x0000000083a00000,0x0000000083e8a2b0,0x0000000088e00000)
 Metaspace       used 13763K, capacity 14174K, committed 14336K, reserved 1062912K
  class space    used 1575K, capacity 1668K, committed 1792K, reserved 1048576K
Event: 100.532 GC heap after
Heap after GC invocations=6 (full 1):
 PSYoungGen      total 37888K, used 5111K [0x00000000d6900000, 0x00000000db300000, 0x0000000100000000)
  eden space 32768K, 0% used [0x00000000d6900000,0x00000000d6900000,0x00000000d8900000)
  from space 5120K, 99% used [0x00000000d8900000,0x00000000d8dfdeb0,0x00000000d8e00000)
  to   space 5120K, 0% used [0x00000000dae00000,0x00000000dae00000,0x00000000db300000)
 ParOldGen       total 86016K, used 4902K [0x0000000083a00000, 0x0000000088e00000, 0x00000000d6900000)
  object space 86016K, 5% used [0x0000000083a00000,0x0000000083ec9ac0,0x0000000088e00000)
 Metaspace       used 13763K, capacity 14174K, committed 14336K, reserved 1062912K
  class space    used 1575K, capacity 1668K, committed 1792K, reserved 1048576K
}
Event: 100.765 GC heap before
{Heap before GC invocations=7 (full 1):
 PSYoungGen      total 37888K, used 37879K [0x00000000d6900000, 0x00000000db300000, 0x0000000100000000)
  eden space 32768K, 100% used [0x00000000d6900000,0x00000000d8900000,0x00000000d8900000)
  from space 5120K, 99% used [0x00000000d8900000,0x00000000d8dfdeb0,0x00000000d8e00000)
  to   space 5120K, 0% used [0x00000000dae00000,0x00000000dae00000,0x00000000db300000)
 ParOldGen       total 86016K, used 4902K [0x0000000083a00000, 0x0000000088e00000, 0x00000000d6900000)
  object space 86016K, 5% used [0x0000000083a00000,0x0000000083ec9ac0,0x0000000088e00000)
 Metaspace       used 13790K, capacity 14174K, committed 14336K, reserved 1062912K
  class space    used 1575K, capacity 1668K, committed 1792K, reserved 1048576K
Event: 100.785 GC heap after
Heap after GC invocations=7 (full 1):
 PSYoungGen      total 69632K, used 5095K [0x00000000d6900000, 0x00000000db500000, 0x0000000100000000)
  eden space 64512K, 0% used [0x00000000d6900000,0x00000000d6900000,0x00000000da800000)
  from space 5120K, 99% used [0x00000000dae00000,0x00000000db2f9ea0,0x00000000db300000)
  to   space 6144K, 0% used [0x00000000da800000,0x00000000da800000,0x00000000dae00000)
 ParOldGen       total 86016K, used 5134K [0x0000000083a00000, 0x0000000088e00000, 0x00000000d6900000)
  object space 86016K, 5% used [0x0000000083a00000,0x0000000083f03ac0,0x0000000088e00000)
 Metaspace       used 13790K, capacity 14174K, committed 14336K, reserved 1062912K
  class space    used 1575K, capacity 1668K, committed 1792K, reserved 1048576K
}
Event: 101.654 GC heap before
{Heap before GC invocations=8 (full 1):
 PSYoungGen      total 69632K, used 69607K [0x00000000d6900000, 0x00000000db500000, 0x0000000100000000)
  eden space 64512K, 100% used [0x00000000d6900000,0x00000000da800000,0x00000000da800000)
  from space 5120K, 99% used [0x00000000dae00000,0x00000000db2f9ea0,0x00000000db300000)
  to   space 6144K, 0% used [0x00000000da800000,0x00000000da800000,0x00000000dae00000)
 ParOldGen       total 86016K, used 5134K [0x0000000083a00000, 0x0000000088e00000, 0x00000000d6900000)
  object space 86016K, 5% used [0x0000000083a00000,0x0000000083f03ac0,0x0000000088e00000)
 Metaspace       used 14027K, capacity 14430K, committed 14592K, reserved 1062912K
  class space    used 1577K, capacity 1668K, committed 1792K, reserved 1048576K
Event: 101.678 GC heap after
Heap after GC invocations=8 (full 1):
 PSYoungGen      total 70656K, used 6139K [0x00000000d6900000, 0x00000000df600000, 0x0000000100000000)
  eden space 64512K, 0% used [0x00000000d6900000,0x00000000d6900000,0x00000000da800000)
  from space 6144K, 99% used [0x00000000da800000,0x00000000dadfedd8,0x00000000dae00000)
  to   space 7680K, 0% used [0x00000000dee80000,0x00000000dee80000,0x00000000df600000)
 ParOldGen       total 86016K, used 6620K [0x0000000083a00000, 0x0000000088e00000, 0x00000000d6900000)
  object space 86016K, 7% used [0x0000000083a00000,0x00000000840771f8,0x0000000088e00000)
 Metaspace       used 14027K, capacity 14430K, committed 14592K, reserved 1062912K
  class space    used 1577K, capacity 1668K, committed 1792K, reserved 1048576K
}
Event: 106.371 GC heap before
{Heap before GC invocations=9 (full 1):
 PSYoungGen      total 70656K, used 70651K [0x00000000d6900000, 0x00000000df600000, 0x0000000100000000)
  eden space 64512K, 100% used [0x00000000d6900000,0x00000000da800000,0x00000000da800000)
  from space 6144K, 99% used [0x00000000da800000,0x00000000dadfedd8,0x00000000dae00000)
  to   space 7680K, 0% used [0x00000000dee80000,0x00000000dee80000,0x00000000df600000)
 ParOldGen       total 86016K, used 6620K [0x0000000083a00000, 0x0000000088e00000, 0x00000000d6900000)
  object space 86016K, 7% used [0x0000000083a00000,0x00000000840771f8,0x0000000088e00000)
 Metaspace       used 15936K, capacity 16418K, committed 16640K, reserved 1064960K
  class space    used 1785K, capacity 1921K, committed 2048K, reserved 1048576K
Event: 107.078 GC heap after
Heap after GC invocations=9 (full 1):
 PSYoungGen      total 133120K, used 7679K [0x00000000d6900000, 0x00000000dfd00000, 0x0000000100000000)
  eden space 125440K, 0% used [0x00000000d6900000,0x00000000d6900000,0x00000000de380000)
  from space 7680K, 99% used [0x00000000dee80000,0x00000000df5fff30,0x00000000df600000)
  to   space 11264K, 0% used [0x00000000de380000,0x00000000de380000,0x00000000dee80000)
 ParOldGen       total 86016K, used 14021K [0x0000000083a00000, 0x0000000088e00000, 0x00000000d6900000)
  object space 86016K, 16% used [0x0000000083a00000,0x00000000847b1448,0x0000000088e00000)
 Metaspace       used 15936K, capacity 16418K, committed 16640K, reserved 1064960K
  class space    used 1785K, capacity 1921K, committed 2048K, reserved 1048576K
}

