# JRE version: Java(TM) SE Runtime Environment (8.0_181-b13) (build 1.8.0_181-b13)
# Java VM: Java HotSpot(TM) 64-Bit Server VM (25.181-b13 mixed mode linux-amd64 compressed oops)
Heap:
 PSYoungGen      total 218112K, used 0K [0x00000000d6900000, 0x00000000e7f00000, 0x0000000100000000)
  eden space 201728K, 0% used [0x00000000d6900000,0x00000000d6900000,0x00000000e2e00000)
  from space 16384K, 0% used [0x00000000e6f00000,0x00000000e6f00000,0x00000000e7f00000)
  to   space 28160K, 0% used [0x00000000e4800000,0x00000000e4800000,0x00000000e6380000)
 ParOldGen       total 86016K, used 51930K [0x0000000083a00000, 0x0000000088e00000, 0x00000000d6900000)
  object space 86016K, 60% used [0x0000000083a00000,0x0000000086cb6b30,0x0000000088e00000)
 Metaspace       used 20707K, capacity 21178K, committed 21248K, reserved 1069056K
  class space    used 2397K, capacity 2547K, committed 2560K, reserved 1048576K
GC Heap History (10 events):
Event: 98.347 GC heap after
Heap after GC invocations=7 (full 1):
 PSYoungGen      total 69632K, used 5102K [0x00000000d6900000, 0x00000000db500000, 0x0000000100000000)
  eden space 64512K, 0% used [0x00000000d6900000,0x00000000d6900000,0x00000000da800000)
  from space 5120K, 99% used [0x00000000dae00000,0x00000000db2fb9e0,0x00000000db300000)
  to   space 6144K, 0% used [0x00000000da800000,0x00000000da800000,0x00000000dae00000)
 ParOldGen       total 86016K, used 5637K [0x0000000083a00000, 0x0000000088e00000, 0x00000000d6900000)
  object space 86016K, 6% used [0x0000000083a00000,0x0000000083f814f8,0x0000000088e00000)
 Metaspace       used 13958K, capacity 14254K, committed 14592K, reserved 1062912K
  class space    used 1579K, capacity 1668K, committed 1792K, reserved 1048576K
}
Event: 99.398 GC heap before
{Heap before GC invocations=8 (full 1):
 PSYoungGen      total 69632K, used 69614K [0x00000000d6900000, 0x00000000db500000, 0x0000000100000000)
  eden space 64512K, 100% used [0x00000000d6900000,0x00000000da800000,0x00000000da800000)
  from space 5120K, 99% used [0x00000000dae00000,0x00000000db2fb9e0,0x00000000db300000)
  to   space 6144K, 0% used [0x00000000da800000,0x00000000da800000,0x00000000dae00000)
 ParOldGen       total 86016K, used 5637K [0x0000000083a00000, 0x0000000088e00000, 0x00000000d6900000)
  object space 86016K, 6% used [0x0000000083a00000,0x0000000083f814f8,0x0000000088e00000)
 Metaspace       used 14010K, capacity 14382K, committed 14592K, reserved 1062912K
  class space    used 1579K, capacity 1668K, committed 1792K, reserved 1048576K
Event: 99.432 GC heap after
Heap after GC invocations=8 (full 1):
 PSYoungGen      total 70656K, used 6138K [0x00000000d6900000, 0x00000000df500000, 0x0000000100000000)
  eden space 64512K, 0% used [0x00000000d6900000,0x00000000d6900000,0x00000000da800000)
  from space 6144K, 99% used [0x00000000da800000,0x00000000dadfe950,0x00000000dae00000)
  to   space 7168K, 0% used [0x00000000dee00000,0x00000000dee00000,0x00000000df500000)
 ParOldGen       total 86016K, used 6838K [0x0000000083a00000, 0x0000000088e00000, 0x00000000d6900000)
  object space 86016K, 7% used [0x0000000083a00000,0x00000000840ada68,0x0000000088e00000)
 Metaspace       used 14010K, capacity 14382K, committed 14592K, reserved 1062912K
  class space    used 1579K, capacity 1668K, committed 1792K, reserved 1048576K
}
Event: 108.437 GC heap before
{Heap before GC invocations=9 (full 1):
 PSYoungGen      total 70656K, used 70650K [0x00000000d6900000, 0x00000000df500000, 0x0000000100000000)
  eden space 64512K, 100% used [0x00000000d6900000,0x00000000da800000,0x00000000da800000)
  from space 6144K, 99% used [0x00000000da800000,0x00000000dadfe950,0x00000000dae00000)
  to   space 7168K, 0% used [0x00000000dee00000,0x00000000dee00000,0x00000000df500000)
 ParOldGen       total 86016K, used 6838K [0x0000000083a00000, 0x0000000088e00000, 0x00000000d6900000)
  object space 86016K, 7% used [0x0000000083a00000,0x00000000840ada68,0x0000000088e00000)
 Metaspace       used 16849K, capacity 17290K, committed 17408K, reserved 1064960K
  class space    used 1854K, capacity 1989K, committed 2048K, reserved 1048576K
Event: 108.763 GC heap after
Heap after GC invocations=9 (full 1):
 PSYoungGen      total 133120K, used 7154K [0x00000000d6900000, 0x00000000dfb00000, 0x0000000100000000)
  eden space 125952K, 0% used [0x00000000d6900000,0x00000000d6900000,0x00000000de400000)
  from space 7168K, 99% used [0x00000000dee00000,0x00000000df4fc878,0x00000000df500000)
  to   space 10240K, 0% used [0x00000000de400000,0x00000000de400000,0x00000000dee00000)
 ParOldGen       total 86016K, used 11912K [0x0000000083a00000, 0x0000000088e00000, 0x00000000d6900000)
  object space 86016K, 13% used [0x0000000083a00000,0x00000000845a2038,0x0000000088e00000)
 Metaspace       used 16849K, capacity 17290K, committed 17408K, reserved 1064960K
  class space    used 1854K, capacity 1989K, committed 2048K, reserved 1048576K
}
Event: 119.189 GC heap before
{Heap before GC invocations=10 (full 1):
 PSYoungGen      total 133120K, used 133106K [0x00000000d6900000, 0x00000000dfb00000, 0x0000000100000000)
  eden space 125952K, 100% used [0x00000000d6900000,0x00000000de400000,0x00000000de400000)
  from space 7168K, 99% used [0x00000000dee00000,0x00000000df4fc878,0x00000000df500000)
  to   space 10240K, 0% used [0x00000000de400000,0x00000000de400000,0x00000000dee00000)
 ParOldGen       total 86016K, used 11912K [0x0000000083a00000, 0x0000000088e00000, 0x00000000d6900000)
  object space 86016K, 13% used [0x0000000083a00000,0x00000000845a2038,0x0000000088e00000)
 Metaspace       used 19934K, capacity 20462K, committed 20608K, reserved 1067008K
  class space    used 2277K, capacity 2417K, committed 2432K, reserved 1048576K
Event: 119.417 GC heap after
Heap after GC invocations=10 (full 1):
 PSYoungGen      total 136192K, used 10234K [0x00000000d6900000, 0x00000000e7f00000, 0x0000000100000000)
  eden space 125952K, 0% used [0x00000000d6900000,0x00000000d6900000,0x00000000de400000)
  from space 10240K, 99% used [0x00000000de400000,0x00000000dedfeae8,0x00000000dee00000)
  to   space 16384K, 0% used [0x00000000e6f00000,0x00000000e6f00000,0x00000000e7f00000)
 ParOldGen       total 86016K, used 24433K [0x0000000083a00000, 0x0000000088e00000, 0x00000000d6900000)
  object space 86016K, 28% used [0x0000000083a00000,0x00000000851dc700,0x0000000088e00000)
 Metaspace       used 19934K, capacity 20462K, committed 20608K, reserved 1067008K
  class space    used 2277K, capacity 2417K, committed 2432K, reserved 1048576K
}
Event: 126.517 GC heap before
{Heap before GC invocations=11 (full 1):
 PSYoungGen      total 136192K, used 98732K [0x00000000d6900000, 0x00000000e7f00000, 0x0000000100000000)
  eden space 125952K, 70% used [0x00000000d6900000,0x00000000dbf6c668,0x00000000de400000)
  from space 10240K, 99% used [0x00000000de400000,0x00000000dedfeae8,0x00000000dee00000)
  to   space 16384K, 0% used [0x00000000e6f00000,0x00000000e6f00000,0x00000000e7f00000)
 ParOldGen       total 86016K, used 24433K [0x0000000083a00000, 0x0000000088e00000, 0x00000000d6900000)
  object space 86016K, 28% used [0x0000000083a00000,0x00000000851dc700,0x0000000088e00000)
 Metaspace       used 20707K, capacity 21178K, committed 21248K, reserved 1069056K
  class space    used 2397K, capacity 2547K, committed 2560K, reserved 1048576K
Event: 127.012 GC heap after
Heap after GC invocations=11 (full 1):
 PSYoungGen      total 218112K, used 16370K [0x00000000d6900000, 0x00000000e7f00000, 0x0000000100000000)
  eden space 201728K, 0% used [0x00000000d6900000,0x00000000d6900000,0x00000000e2e00000)
  from space 16384K, 99% used [0x00000000e6f00000,0x00000000e7efcb28,0x00000000e7f00000)
  to   space 28160K, 0% used [0x00000000e4800000,0x00000000e4800000,0x00000000e6380000)
 ParOldGen       total 86016K, used 50648K [0x0000000083a00000, 0x0000000088e00000, 0x00000000d6900000)
  object space 86016K, 58% used [0x0000000083a00000,0x0000000086b76260,0x0000000088e00000)
 Metaspace       used 20707K, capacity 21178K, committed 21248K, reserved 1069056K
  class space    used 2397K, capacity 2547K, committed 2560K, reserved 1048576K
}
Event: 127.012 GC heap before
{Heap before GC invocations=12 (full 2):
 PSYoungGen      total 218112K, used 16370K [0x00000000d6900000, 0x00000000e7f00000, 0x0000000100000000)
  eden space 201728K, 0% used [0x00000000d6900000,0x00000000d6900000,0x00000000e2e00000)
  from space 16384K, 99% used [0x00000000e6f00000,0x00000000e7efcb28,0x00000000e7f00000)
  to   space 28160K, 0% used [0x00000000e4800000,0x00000000e4800000,0x00000000e6380000)
 ParOldGen       total 86016K, used 50648K [0x0000000083a00000, 0x0000000088e00000, 0x00000000d6900000)
  object space 86016K, 58% used [0x0000000083a00000,0x0000000086b76260,0x0000000088e00000)
 Metaspace       used 20707K, capacity 21178K, committed 21248K, reserved 1069056K
  class space    used 2397K, capacity 2547K, committed 2560K, reserved 1048576K

