# JRE version: Java(TM) SE Runtime Environment (8.0_181-b13) (build 1.8.0_181-b13)
# Java VM: Java HotSpot(TM) 64-Bit Server VM (25.181-b13 mixed mode linux-amd64 compressed oops)
Heap:
 PSYoungGen      total 68608K, used 50577K [0x00000000d6900000, 0x00000000db400000, 0x0000000100000000)
  eden space 61952K, 76% used [0x00000000d6900000,0x00000000d96fc5a8,0x00000000da580000)
  from space 6656K, 52% used [0x00000000dac80000,0x00000000dafe8010,0x00000000db300000)
  to   space 7168K, 0% used [0x00000000da580000,0x00000000da580000,0x00000000dac80000)
 ParOldGen       total 86016K, used 9854K [0x0000000083a00000, 0x0000000088e00000, 0x00000000d6900000)
  object space 86016K, 11% used [0x0000000083a00000,0x000000008439fa30,0x0000000088e00000)
 Metaspace       used 16684K, capacity 17172K, committed 17408K, reserved 1064960K
  class space    used 1886K, capacity 2018K, committed 2048K, reserved 1048576K
GC Heap History (10 events):
Event: 97.241 GC heap before
{Heap before GC invocations=5 (full 1):
 PSYoungGen      total 37888K, used 37769K [0x00000000d6900000, 0x00000000d9300000, 0x0000000100000000)
  eden space 32768K, 100% used [0x00000000d6900000,0x00000000d8900000,0x00000000d8900000)
  from space 5120K, 97% used [0x00000000d8900000,0x00000000d8de27d8,0x00000000d8e00000)
  to   space 5120K, 0% used [0x00000000d8e00000,0x00000000d8e00000,0x00000000d9300000)
 ParOldGen       total 86016K, used 4671K [0x0000000083a00000, 0x0000000088e00000, 0x00000000d6900000)
  object space 86016K, 5% used [0x0000000083a00000,0x0000000083e8fdb8,0x0000000088e00000)
 Metaspace       used 13802K, capacity 14250K, committed 14592K, reserved 1062912K
  class space    used 1575K, capacity 1668K, committed 1792K, reserved 1048576K
Event: 97.251 GC heap after
Heap after GC invocations=5 (full 1):
 PSYoungGen      total 37888K, used 5114K [0x00000000d6900000, 0x00000000d9300000, 0x0000000100000000)
  eden space 32768K, 0% used [0x00000000d6900000,0x00000000d6900000,0x00000000d8900000)
  from space 5120K, 99% used [0x00000000d8e00000,0x00000000d92fe828,0x00000000d9300000)
  to   space 5120K, 0% used [0x00000000d8900000,0x00000000d8900000,0x00000000d8e00000)
 ParOldGen       total 86016K, used 5455K [0x0000000083a00000, 0x0000000088e00000, 0x00000000d6900000)
  object space 86016K, 6% used [0x0000000083a00000,0x0000000083f53de8,0x0000000088e00000)
 Metaspace       used 13802K, capacity 14250K, committed 14592K, reserved 1062912K
  class space    used 1575K, capacity 1668K, committed 1792K, reserved 1048576K
}
Event: 97.791 GC heap before
{Heap before GC invocations=6 (full 1):
 PSYoungGen      total 37888K, used 37882K [0x00000000d6900000, 0x00000000d9300000, 0x0000000100000000)
  eden space 32768K, 100% used [0x00000000d6900000,0x00000000d8900000,0x00000000d8900000)
  from space 5120K, 99% used [0x00000000d8e00000,0x00000000d92fe828,0x00000000d9300000)
  to   space 5120K, 0% used [0x00000000d8900000,0x00000000d8900000,0x00000000d8e00000)
 ParOldGen       total 86016K, used 5455K [0x0000000083a00000, 0x0000000088e00000, 0x00000000d6900000)
  object space 86016K, 6% used [0x0000000083a00000,0x0000000083f53de8,0x0000000088e00000)
 Metaspace       used 13839K, capacity 14288K, committed 14592K, reserved 1062912K
  class space    used 1579K, capacity 1701K, committed 1792K, reserved 1048576K
Event: 97.799 GC heap after
Heap after GC invocations=6 (full 1):
 PSYoungGen      total 37888K, used 5118K [0x00000000d6900000, 0x00000000d9300000, 0x0000000100000000)
  eden space 32768K, 0% used [0x00000000d6900000,0x00000000d6900000,0x00000000d8900000)
  from space 5120K, 99% used [0x00000000d8900000,0x00000000d8dff878,0x00000000d8e00000)
  to   space 5120K, 0% used [0x00000000d8e00000,0x00000000d8e00000,0x00000000d9300000)
 ParOldGen       total 86016K, used 5763K [0x0000000083a00000, 0x0000000088e00000, 0x00000000d6900000)
  object space 86016K, 6% used [0x0000000083a00000,0x0000000083fa0d88,0x0000000088e00000)
 Metaspace       used 13839K, capacity 14288K, committed 14592K, reserved 1062912K
  class space    used 1579K, capacity 1701K, committed 1792K, reserved 1048576K
}
Event: 98.312 GC heap before
{Heap before GC invocations=7 (full 1):
 PSYoungGen      total 37888K, used 37886K [0x00000000d6900000, 0x00000000d9300000, 0x0000000100000000)
  eden space 32768K, 100% used [0x00000000d6900000,0x00000000d8900000,0x00000000d8900000)
  from space 5120K, 99% used [0x00000000d8900000,0x00000000d8dff878,0x00000000d8e00000)
  to   space 5120K, 0% used [0x00000000d8e00000,0x00000000d8e00000,0x00000000d9300000)
 ParOldGen       total 86016K, used 5763K [0x0000000083a00000, 0x0000000088e00000, 0x00000000d6900000)
  object space 86016K, 6% used [0x0000000083a00000,0x0000000083fa0d88,0x0000000088e00000)
 Metaspace       used 13871K, capacity 14288K, committed 14592K, reserved 1062912K
  class space    used 1579K, capacity 1701K, committed 1792K, reserved 1048576K
Event: 98.327 GC heap after
Heap after GC invocations=7 (full 1):
 PSYoungGen      total 36352K, used 5102K [0x00000000d6900000, 0x00000000db600000, 0x0000000100000000)
  eden space 31232K, 0% used [0x00000000d6900000,0x00000000d6900000,0x00000000d8780000)
  from space 5120K, 99% used [0x00000000d8e00000,0x00000000d92fb868,0x00000000d9300000)
  to   space 6656K, 0% used [0x00000000d8780000,0x00000000d8780000,0x00000000d8e00000)
 ParOldGen       total 86016K, used 5939K [0x0000000083a00000, 0x0000000088e00000, 0x00000000d6900000)
  object space 86016K, 6% used [0x0000000083a00000,0x0000000083fccd98,0x0000000088e00000)
 Metaspace       used 13871K, capacity 14288K, committed 14592K, reserved 1062912K
  class space    used 1579K, capacity 1701K, committed 1792K, reserved 1048576K
}
Event: 99.085 GC heap before
{Heap before GC invocations=8 (full 1):
 PSYoungGen      total 36352K, used 36334K [0x00000000d6900000, 0x00000000db600000, 0x0000000100000000)
  eden space 31232K, 100% used [0x00000000d6900000,0x00000000d8780000,0x00000000d8780000)
  from space 5120K, 99% used [0x00000000d8e00000,0x00000000d92fb868,0x00000000d9300000)
  to   space 6656K, 0% used [0x00000000d8780000,0x00000000d8780000,0x00000000d8e00000)
 ParOldGen       total 86016K, used 5939K [0x0000000083a00000, 0x0000000088e00000, 0x00000000d6900000)
  object space 86016K, 6% used [0x0000000083a00000,0x0000000083fccd98,0x0000000088e00000)
 Metaspace       used 13893K, capacity 14288K, committed 14592K, reserved 1062912K
  class space    used 1579K, capacity 1701K, committed 1792K, reserved 1048576K
Event: 99.109 GC heap after
Heap after GC invocations=8 (full 1):
 PSYoungGen      total 37888K, used 6126K [0x00000000d6900000, 0x00000000db300000, 0x0000000100000000)
  eden space 31232K, 0% used [0x00000000d6900000,0x00000000d6900000,0x00000000d8780000)
  from space 6656K, 92% used [0x00000000d8780000,0x00000000d8d7b868,0x00000000d8e00000)
  to   space 6656K, 0% used [0x00000000dac80000,0x00000000dac80000,0x00000000db300000)
 ParOldGen       total 86016K, used 5939K [0x0000000083a00000, 0x0000000088e00000, 0x00000000d6900000)
  object space 86016K, 6% used [0x0000000083a00000,0x0000000083fccd98,0x0000000088e00000)
 Metaspace       used 13893K, capacity 14288K, committed 14592K, reserved 1062912K
  class space    used 1579K, capacity 1701K, committed 1792K, reserved 1048576K
}
Event: 99.783 GC heap before
{Heap before GC invocations=9 (full 1):
 PSYoungGen      total 37888K, used 37358K [0x00000000d6900000, 0x00000000db300000, 0x0000000100000000)
  eden space 31232K, 100% used [0x00000000d6900000,0x00000000d8780000,0x00000000d8780000)
  from space 6656K, 92% used [0x00000000d8780000,0x00000000d8d7b868,0x00000000d8e00000)
  to   space 6656K, 0% used [0x00000000dac80000,0x00000000dac80000,0x00000000db300000)
 ParOldGen       total 86016K, used 5939K [0x0000000083a00000, 0x0000000088e00000, 0x00000000d6900000)
  object space 86016K, 6% used [0x0000000083a00000,0x0000000083fccd98,0x0000000088e00000)
 Metaspace       used 13902K, capacity 14352K, committed 14592K, reserved 1062912K
  class space    used 1579K, capacity 1701K, committed 1792K, reserved 1048576K
Event: 100.100 GC heap after
Heap after GC invocations=9 (full 1):
 PSYoungGen      total 68608K, used 3488K [0x00000000d6900000, 0x00000000db400000, 0x0000000100000000)
  eden space 61952K, 0% used [0x00000000d6900000,0x00000000d6900000,0x00000000da580000)
  from space 6656K, 52% used [0x00000000dac80000,0x00000000dafe8010,0x00000000db300000)
  to   space 7168K, 0% used [0x00000000da580000,0x00000000da580000,0x00000000dac80000)
 ParOldGen       total 86016K, used 9854K [0x0000000083a00000, 0x0000000088e00000, 0x00000000d6900000)
  object space 86016K, 11% used [0x0000000083a00000,0x000000008439fa30,0x0000000088e00000)
 Metaspace       used 13902K, capacity 14352K, committed 14592K, reserved 1062912K
  class space    used 1579K, capacity 1701K, committed 1792K, reserved 1048576K
}

