# JRE version: Java(TM) SE Runtime Environment (8.0_181-b13) (build 1.8.0_181-b13)
# Java VM: Java HotSpot(TM) 64-Bit Server VM (25.181-b13 mixed mode linux-amd64 compressed oops)
Heap:
 PSYoungGen      total 37888K, used 6638K [0x00000000d6900000, 0x00000000d9580000, 0x0000000100000000)
  eden space 31232K, 0% used [0x00000000d6900000,0x00000000d6900000,0x00000000d8780000)
  from space 6656K, 99% used [0x00000000d8780000,0x00000000d8dfba50,0x00000000d8e00000)
  to   space 5120K, 0% used [0x00000000d8e00000,0x00000000d8e00000,0x00000000d9300000)
 ParOldGen       total 86016K, used 9668K [0x0000000083a00000, 0x0000000088e00000, 0x00000000d6900000)
  object space 86016K, 11% used [0x0000000083a00000,0x00000000843711c8,0x0000000088e00000)
 Metaspace       used 16459K, capacity 16894K, committed 17152K, reserved 1064960K
  class space    used 1818K, capacity 1929K, committed 2048K, reserved 1048576K
GC Heap History (10 events):
Event: 98.132 GC heap after
Heap after GC invocations=3 (full 1):
 PSYoungGen      total 37888K, used 5068K [0x00000000d6900000, 0x00000000d9300000, 0x0000000100000000)
  eden space 32768K, 0% used [0x00000000d6900000,0x00000000d6900000,0x00000000d8900000)
  from space 5120K, 98% used [0x00000000d8e00000,0x00000000d92f32b8,0x00000000d9300000)
  to   space 5120K, 0% used [0x00000000d8900000,0x00000000d8900000,0x00000000d8e00000)
 ParOldGen       total 86016K, used 4067K [0x0000000083a00000, 0x0000000088e00000, 0x00000000d6900000)
  object space 86016K, 4% used [0x0000000083a00000,0x0000000083df8e10,0x0000000088e00000)
 Metaspace       used 13874K, capacity 14288K, committed 14592K, reserved 1062912K
  class space    used 1595K, capacity 1703K, committed 1792K, reserved 1048576K
}
Event: 99.701 GC heap before
{Heap before GC invocations=4 (full 1):
 PSYoungGen      total 37888K, used 37836K [0x00000000d6900000, 0x00000000d9300000, 0x0000000100000000)
  eden space 32768K, 100% used [0x00000000d6900000,0x00000000d8900000,0x00000000d8900000)
  from space 5120K, 98% used [0x00000000d8e00000,0x00000000d92f32b8,0x00000000d9300000)
  to   space 5120K, 0% used [0x00000000d8900000,0x00000000d8900000,0x00000000d8e00000)
 ParOldGen       total 86016K, used 4067K [0x0000000083a00000, 0x0000000088e00000, 0x00000000d6900000)
  object space 86016K, 4% used [0x0000000083a00000,0x0000000083df8e10,0x0000000088e00000)
 Metaspace       used 13991K, capacity 14416K, committed 14592K, reserved 1062912K
  class space    used 1595K, capacity 1703K, committed 1792K, reserved 1048576K
Event: 99.708 GC heap after
Heap after GC invocations=4 (full 1):
 PSYoungGen      total 37888K, used 4654K [0x00000000d6900000, 0x00000000d9300000, 0x0000000100000000)
  eden space 32768K, 0% used [0x00000000d6900000,0x00000000d6900000,0x00000000d8900000)
  from space 5120K, 90% used [0x00000000d8900000,0x00000000d8d8baa8,0x00000000d8e00000)
  to   space 5120K, 0% used [0x00000000d8e00000,0x00000000d8e00000,0x00000000d9300000)
 ParOldGen       total 86016K, used 4075K [0x0000000083a00000, 0x0000000088e00000, 0x00000000d6900000)
  object space 86016K, 4% used [0x0000000083a00000,0x0000000083dfae10,0x0000000088e00000)
 Metaspace       used 13991K, capacity 14416K, committed 14592K, reserved 1062912K
  class space    used 1595K, capacity 1703K, committed 1792K, reserved 1048576K
}
Event: 100.547 GC heap before
{Heap before GC invocations=5 (full 1):
 PSYoungGen      total 37888K, used 37422K [0x00000000d6900000, 0x00000000d9300000, 0x0000000100000000)
  eden space 32768K, 100% used [0x00000000d6900000,0x00000000d8900000,0x00000000d8900000)
  from space 5120K, 90% used [0x00000000d8900000,0x00000000d8d8baa8,0x00000000d8e00000)
  to   space 5120K, 0% used [0x00000000d8e00000,0x00000000d8e00000,0x00000000d9300000)
 ParOldGen       total 86016K, used 4075K [0x0000000083a00000, 0x0000000088e00000, 0x00000000d6900000)
  object space 86016K, 4% used [0x0000000083a00000,0x0000000083dfae10,0x0000000088e00000)
 Metaspace       used 14023K, capacity 14416K, committed 14592K, reserved 1062912K
  class space    used 1595K, capacity 1703K, committed 1792K, reserved 1048576K
Event: 100.554 GC heap after
Heap after GC invocations=5 (full 1):
 PSYoungGen      total 37888K, used 4830K [0x00000000d6900000, 0x00000000d9300000, 0x0000000100000000)
  eden space 32768K, 0% used [0x00000000d6900000,0x00000000d6900000,0x00000000d8900000)
  from space 5120K, 94% used [0x00000000d8e00000,0x00000000d92b7ae0,0x00000000d9300000)
  to   space 5120K, 0% used [0x00000000d8900000,0x00000000d8900000,0x00000000d8e00000)
 ParOldGen       total 86016K, used 4075K [0x0000000083a00000, 0x0000000088e00000, 0x00000000d6900000)
  object space 86016K, 4% used [0x0000000083a00000,0x0000000083dfae10,0x0000000088e00000)
 Metaspace       used 14023K, capacity 14416K, committed 14592K, reserved 1062912K
  class space    used 1595K, capacity 1703K, committed 1792K, reserved 1048576K
}
Event: 101.205 GC heap before
{Heap before GC invocations=6 (full 1):
 PSYoungGen      total 37888K, used 37598K [0x00000000d6900000, 0x00000000d9300000, 0x0000000100000000)
  eden space 32768K, 100% used [0x00000000d6900000,0x00000000d8900000,0x00000000d8900000)
  from space 5120K, 94% used [0x00000000d8e00000,0x00000000d92b7ae0,0x00000000d9300000)
  to   space 5120K, 0% used [0x00000000d8900000,0x00000000d8900000,0x00000000d8e00000)
 ParOldGen       total 86016K, used 4075K [0x0000000083a00000, 0x0000000088e00000, 0x00000000d6900000)
  object space 86016K, 4% used [0x0000000083a00000,0x0000000083dfae10,0x0000000088e00000)
 Metaspace       used 14050K, capacity 14480K, committed 14848K, reserved 1062912K
  class space    used 1595K, capacity 1703K, committed 1792K, reserved 1048576K
Event: 101.212 GC heap after
Heap after GC invocations=6 (full 1):
 PSYoungGen      total 37888K, used 5102K [0x00000000d6900000, 0x00000000d9300000, 0x0000000100000000)
  eden space 32768K, 0% used [0x00000000d6900000,0x00000000d6900000,0x00000000d8900000)
  from space 5120K, 99% used [0x00000000d8900000,0x00000000d8dfbac8,0x00000000d8e00000)
  to   space 5120K, 0% used [0x00000000d8e00000,0x00000000d8e00000,0x00000000d9300000)
 ParOldGen       total 86016K, used 4075K [0x0000000083a00000, 0x0000000088e00000, 0x00000000d6900000)
  object space 86016K, 4% used [0x0000000083a00000,0x0000000083dfae10,0x0000000088e00000)
 Metaspace       used 14050K, capacity 14480K, committed 14848K, reserved 1062912K
  class space    used 1595K, capacity 1703K, committed 1792K, reserved 1048576K
}
Event: 103.506 GC heap before
{Heap before GC invocations=7 (full 1):
 PSYoungGen      total 37888K, used 37870K [0x00000000d6900000, 0x00000000d9300000, 0x0000000100000000)
  eden space 32768K, 100% used [0x00000000d6900000,0x00000000d8900000,0x00000000d8900000)
  from space 5120K, 99% used [0x00000000d8900000,0x00000000d8dfbac8,0x00000000d8e00000)
  to   space 5120K, 0% used [0x00000000d8e00000,0x00000000d8e00000,0x00000000d9300000)
 ParOldGen       total 86016K, used 4075K [0x0000000083a00000, 0x0000000088e00000, 0x00000000d6900000)
  object space 86016K, 4% used [0x0000000083a00000,0x0000000083dfae10,0x0000000088e00000)
 Metaspace       used 15377K, capacity 15800K, committed 16000K, reserved 1062912K
  class space    used 1722K, capacity 1880K, committed 1920K, reserved 1048576K
Event: 103.551 GC heap after
Heap after GC invocations=7 (full 1):
 PSYoungGen      total 36352K, used 5096K [0x00000000d6900000, 0x00000000d9580000, 0x0000000100000000)
  eden space 31232K, 0% used [0x00000000d6900000,0x00000000d6900000,0x00000000d8780000)
  from space 5120K, 99% used [0x00000000d8e00000,0x00000000d92fa240,0x00000000d9300000)
  to   space 6656K, 0% used [0x00000000d8780000,0x00000000d8780000,0x00000000d8e00000)
 ParOldGen       total 86016K, used 5599K [0x0000000083a00000, 0x0000000088e00000, 0x00000000d6900000)
  object space 86016K, 6% used [0x0000000083a00000,0x0000000083f77f18,0x0000000088e00000)
 Metaspace       used 15377K, capacity 15800K, committed 16000K, reserved 1062912K
  class space    used 1722K, capacity 1880K, committed 1920K, reserved 1048576K
}
Event: 107.183 GC heap before
{Heap before GC invocations=8 (full 1):
 PSYoungGen      total 36352K, used 36328K [0x00000000d6900000, 0x00000000d9580000, 0x0000000100000000)
  eden space 31232K, 100% used [0x00000000d6900000,0x00000000d8780000,0x00000000d8780000)
  from space 5120K, 99% used [0x00000000d8e00000,0x00000000d92fa240,0x00000000d9300000)
  to   space 6656K, 0% used [0x00000000d8780000,0x00000000d8780000,0x00000000d8e00000)
 ParOldGen       total 86016K, used 5599K [0x0000000083a00000, 0x0000000088e00000, 0x00000000d6900000)
  object space 86016K, 6% used [0x0000000083a00000,0x0000000083f77f18,0x0000000088e00000)
 Metaspace       used 16459K, capacity 16894K, committed 17152K, reserved 1064960K
  class space    used 1818K, capacity 1929K, committed 2048K, reserved 1048576K

