# JRE version: Java(TM) SE Runtime Environment (8.0_181-b13) (build 1.8.0_181-b13)
# Java VM: Java HotSpot(TM) 64-Bit Server VM (25.181-b13 mixed mode linux-amd64 compressed oops)
Heap:
 PSYoungGen      total 70656K, used 7156K [0x00000000d6900000, 0x00000000db700000, 0x0000000100000000)
  eden space 63488K, 0% used [0x00000000d6900000,0x00000000d6900000,0x00000000da700000)
  from space 7168K, 99% used [0x00000000da700000,0x00000000dadfd018,0x00000000dae00000)
  to   space 5120K, 0% used [0x00000000dae00000,0x00000000dae00000,0x00000000db300000)
 ParOldGen       total 86016K, used 7982K [0x0000000083a00000, 0x0000000088e00000, 0x00000000d6900000)
  object space 86016K, 9% used [0x0000000083a00000,0x00000000841cba78,0x0000000088e00000)
 Metaspace       used 13910K, capacity 14346K, committed 14592K, reserved 1062912K
  class space    used 1578K, capacity 1700K, committed 1792K, reserved 1048576K
GC Heap History (10 events):
Event: 102.411 GC heap after
Heap after GC invocations=3 (full 1):
 PSYoungGen      total 37888K, used 5092K [0x00000000d6900000, 0x00000000d9300000, 0x0000000100000000)
  eden space 32768K, 0% used [0x00000000d6900000,0x00000000d6900000,0x00000000d8900000)
  from space 5120K, 99% used [0x00000000d8e00000,0x00000000d92f9260,0x00000000d9300000)
  to   space 5120K, 0% used [0x00000000d8900000,0x00000000d8900000,0x00000000d8e00000)
 ParOldGen       total 86016K, used 5541K [0x0000000083a00000, 0x0000000088e00000, 0x00000000d6900000)
  object space 86016K, 6% used [0x0000000083a00000,0x0000000083f695d0,0x0000000088e00000)
 Metaspace       used 13675K, capacity 14090K, committed 14336K, reserved 1062912K
  class space    used 1577K, capacity 1700K, committed 1792K, reserved 1048576K
}
Event: 104.910 GC heap before
{Heap before GC invocations=4 (full 1):
 PSYoungGen      total 37888K, used 37860K [0x00000000d6900000, 0x00000000d9300000, 0x0000000100000000)
  eden space 32768K, 100% used [0x00000000d6900000,0x00000000d8900000,0x00000000d8900000)
  from space 5120K, 99% used [0x00000000d8e00000,0x00000000d92f9260,0x00000000d9300000)
  to   space 5120K, 0% used [0x00000000d8900000,0x00000000d8900000,0x00000000d8e00000)
 ParOldGen       total 86016K, used 5541K [0x0000000083a00000, 0x0000000088e00000, 0x00000000d6900000)
  object space 86016K, 6% used [0x0000000083a00000,0x0000000083f695d0,0x0000000088e00000)
 Metaspace       used 13772K, capacity 14218K, committed 14336K, reserved 1062912K
  class space    used 1578K, capacity 1700K, committed 1792K, reserved 1048576K
Event: 104.915 GC heap after
Heap after GC invocations=4 (full 1):
 PSYoungGen      total 37888K, used 5111K [0x00000000d6900000, 0x00000000d9300000, 0x0000000100000000)
  eden space 32768K, 0% used [0x00000000d6900000,0x00000000d6900000,0x00000000d8900000)
  from space 5120K, 99% used [0x00000000d8900000,0x00000000d8dfdf20,0x00000000d8e00000)
  to   space 5120K, 0% used [0x00000000d8e00000,0x00000000d8e00000,0x00000000d9300000)
 ParOldGen       total 86016K, used 6421K [0x0000000083a00000, 0x0000000088e00000, 0x00000000d6900000)
  object space 86016K, 7% used [0x0000000083a00000,0x00000000840455f0,0x0000000088e00000)
 Metaspace       used 13772K, capacity 14218K, committed 14336K, reserved 1062912K
  class space    used 1578K, capacity 1700K, committed 1792K, reserved 1048576K
}
Event: 105.812 GC heap before
{Heap before GC invocations=5 (full 1):
 PSYoungGen      total 37888K, used 37879K [0x00000000d6900000, 0x00000000d9300000, 0x0000000100000000)
  eden space 32768K, 100% used [0x00000000d6900000,0x00000000d8900000,0x00000000d8900000)
  from space 5120K, 99% used [0x00000000d8900000,0x00000000d8dfdf20,0x00000000d8e00000)
  to   space 5120K, 0% used [0x00000000d8e00000,0x00000000d8e00000,0x00000000d9300000)
 ParOldGen       total 86016K, used 6421K [0x0000000083a00000, 0x0000000088e00000, 0x00000000d6900000)
  object space 86016K, 7% used [0x0000000083a00000,0x00000000840455f0,0x0000000088e00000)
 Metaspace       used 13789K, capacity 14218K, committed 14336K, reserved 1062912K
  class space    used 1578K, capacity 1700K, committed 1792K, reserved 1048576K
Event: 105.833 GC heap after
Heap after GC invocations=5 (full 1):
 PSYoungGen      total 37888K, used 5103K [0x00000000d6900000, 0x00000000d9300000, 0x0000000100000000)
  eden space 32768K, 0% used [0x00000000d6900000,0x00000000d6900000,0x00000000d8900000)
  from space 5120K, 99% used [0x00000000d8e00000,0x00000000d92fbd68,0x00000000d9300000)
  to   space 5120K, 0% used [0x00000000d8900000,0x00000000d8900000,0x00000000d8e00000)
 ParOldGen       total 86016K, used 7369K [0x0000000083a00000, 0x0000000088e00000, 0x00000000d6900000)
  object space 86016K, 8% used [0x0000000083a00000,0x00000000841326d0,0x0000000088e00000)
 Metaspace       used 13789K, capacity 14218K, committed 14336K, reserved 1062912K
  class space    used 1578K, capacity 1700K, committed 1792K, reserved 1048576K
}
Event: 106.185 GC heap before
{Heap before GC invocations=6 (full 1):
 PSYoungGen      total 37888K, used 37871K [0x00000000d6900000, 0x00000000d9300000, 0x0000000100000000)
  eden space 32768K, 100% used [0x00000000d6900000,0x00000000d8900000,0x00000000d8900000)
  from space 5120K, 99% used [0x00000000d8e00000,0x00000000d92fbd68,0x00000000d9300000)
  to   space 5120K, 0% used [0x00000000d8900000,0x00000000d8900000,0x00000000d8e00000)
 ParOldGen       total 86016K, used 7369K [0x0000000083a00000, 0x0000000088e00000, 0x00000000d6900000)
  object space 86016K, 8% used [0x0000000083a00000,0x00000000841326d0,0x0000000088e00000)
 Metaspace       used 13800K, capacity 14218K, committed 14336K, reserved 1062912K
  class space    used 1578K, capacity 1700K, committed 1792K, reserved 1048576K
Event: 106.193 GC heap after
Heap after GC invocations=6 (full 1):
 PSYoungGen      total 37888K, used 5103K [0x00000000d6900000, 0x00000000db300000, 0x0000000100000000)
  eden space 32768K, 0% used [0x00000000d6900000,0x00000000d6900000,0x00000000d8900000)
  from space 5120K, 99% used [0x00000000d8900000,0x00000000d8dfbd68,0x00000000d8e00000)
  to   space 5120K, 0% used [0x00000000dae00000,0x00000000dae00000,0x00000000db300000)
 ParOldGen       total 86016K, used 7430K [0x0000000083a00000, 0x0000000088e00000, 0x00000000d6900000)
  object space 86016K, 8% used [0x0000000083a00000,0x0000000084141ae0,0x0000000088e00000)
 Metaspace       used 13800K, capacity 14218K, committed 14336K, reserved 1062912K
  class space    used 1578K, capacity 1700K, committed 1792K, reserved 1048576K
}
Event: 106.629 GC heap before
{Heap before GC invocations=7 (full 1):
 PSYoungGen      total 37888K, used 37871K [0x00000000d6900000, 0x00000000db300000, 0x0000000100000000)
  eden space 32768K, 100% used [0x00000000d6900000,0x00000000d8900000,0x00000000d8900000)
  from space 5120K, 99% used [0x00000000d8900000,0x00000000d8dfbd68,0x00000000d8e00000)
  to   space 5120K, 0% used [0x00000000dae00000,0x00000000dae00000,0x00000000db300000)
 ParOldGen       total 86016K, used 7430K [0x0000000083a00000, 0x0000000088e00000, 0x00000000d6900000)
  object space 86016K, 8% used [0x0000000083a00000,0x0000000084141ae0,0x0000000088e00000)
 Metaspace       used 13844K, capacity 14282K, committed 14592K, reserved 1062912K
  class space    used 1578K, capacity 1700K, committed 1792K, reserved 1048576K
Event: 106.645 GC heap after
Heap after GC invocations=7 (full 1):
 PSYoungGen      total 68608K, used 5108K [0x00000000d6900000, 0x00000000db700000, 0x0000000100000000)
  eden space 63488K, 0% used [0x00000000d6900000,0x00000000d6900000,0x00000000da700000)
  from space 5120K, 99% used [0x00000000dae00000,0x00000000db2fd018,0x00000000db300000)
  to   space 7168K, 0% used [0x00000000da700000,0x00000000da700000,0x00000000dae00000)
 ParOldGen       total 86016K, used 7778K [0x0000000083a00000, 0x0000000088e00000, 0x00000000d6900000)
  object space 86016K, 9% used [0x0000000083a00000,0x0000000084198a28,0x0000000088e00000)
 Metaspace       used 13844K, capacity 14282K, committed 14592K, reserved 1062912K
  class space    used 1578K, capacity 1700K, committed 1792K, reserved 1048576K
}
Event: 108.220 GC heap before
{Heap before GC invocations=8 (full 1):
 PSYoungGen      total 68608K, used 68596K [0x00000000d6900000, 0x00000000db700000, 0x0000000100000000)
  eden space 63488K, 100% used [0x00000000d6900000,0x00000000da700000,0x00000000da700000)
  from space 5120K, 99% used [0x00000000dae00000,0x00000000db2fd018,0x00000000db300000)
  to   space 7168K, 0% used [0x00000000da700000,0x00000000da700000,0x00000000dae00000)
 ParOldGen       total 86016K, used 7778K [0x0000000083a00000, 0x0000000088e00000, 0x00000000d6900000)
  object space 86016K, 9% used [0x0000000083a00000,0x0000000084198a28,0x0000000088e00000)
 Metaspace       used 13910K, capacity 14346K, committed 14592K, reserved 1062912K
  class space    used 1578K, capacity 1700K, committed 1792K, reserved 1048576K

