# JRE version: Java(TM) SE Runtime Environment (8.0_181-b13) (build 1.8.0_181-b13)
# Java VM: Java HotSpot(TM) 64-Bit Server VM (25.181-b13 mixed mode linux-amd64 compressed oops)
Heap:
 PSYoungGen      total 68096K, used 42496K [0x00000000d6900000, 0x00000000db400000, 0x0000000100000000)
  eden space 60928K, 63% used [0x00000000d6900000,0x00000000d8f0c1e0,0x00000000da480000)
  from space 7168K, 49% used [0x00000000dac00000,0x00000000daf74060,0x00000000db300000)
  to   space 7680K, 0% used [0x00000000da480000,0x00000000da480000,0x00000000dac00000)
 ParOldGen       total 86016K, used 12174K [0x0000000083a00000, 0x0000000088e00000, 0x00000000d6900000)
  object space 86016K, 14% used [0x0000000083a00000,0x00000000845e3930,0x0000000088e00000)
 Metaspace       used 15143K, capacity 15590K, committed 15744K, reserved 1062912K
  class space    used 1705K, capacity 1845K, committed 1920K, reserved 1048576K
GC Heap History (10 events):
Event: 93.852 GC heap before
{Heap before GC invocations=5 (full 1):
 PSYoungGen      total 37888K, used 37869K [0x00000000d6900000, 0x00000000d9300000, 0x0000000100000000)
  eden space 32768K, 100% used [0x00000000d6900000,0x00000000d8900000,0x00000000d8900000)
  from space 5120K, 99% used [0x00000000d8900000,0x00000000d8dfb790,0x00000000d8e00000)
  to   space 5120K, 0% used [0x00000000d8e00000,0x00000000d8e00000,0x00000000d9300000)
 ParOldGen       total 86016K, used 6682K [0x0000000083a00000, 0x0000000088e00000, 0x00000000d6900000)
  object space 86016K, 7% used [0x0000000083a00000,0x0000000084086940,0x0000000088e00000)
 Metaspace       used 13808K, capacity 14256K, committed 14592K, reserved 1062912K
  class space    used 1576K, capacity 1669K, committed 1792K, reserved 1048576K
Event: 93.858 GC heap after
Heap after GC invocations=5 (full 1):
 PSYoungGen      total 37888K, used 5098K [0x00000000d6900000, 0x00000000d9300000, 0x0000000100000000)
  eden space 32768K, 0% used [0x00000000d6900000,0x00000000d6900000,0x00000000d8900000)
  from space 5120K, 99% used [0x00000000d8e00000,0x00000000d92fa880,0x00000000d9300000)
  to   space 5120K, 0% used [0x00000000d8900000,0x00000000d8900000,0x00000000d8e00000)
 ParOldGen       total 86016K, used 7718K [0x0000000083a00000, 0x0000000088e00000, 0x00000000d6900000)
  object space 86016K, 8% used [0x0000000083a00000,0x00000000841898c0,0x0000000088e00000)
 Metaspace       used 13808K, capacity 14256K, committed 14592K, reserved 1062912K
  class space    used 1576K, capacity 1669K, committed 1792K, reserved 1048576K
}
Event: 94.310 GC heap before
{Heap before GC invocations=6 (full 1):
 PSYoungGen      total 37888K, used 37866K [0x00000000d6900000, 0x00000000d9300000, 0x0000000100000000)
  eden space 32768K, 100% used [0x00000000d6900000,0x00000000d8900000,0x00000000d8900000)
  from space 5120K, 99% used [0x00000000d8e00000,0x00000000d92fa880,0x00000000d9300000)
  to   space 5120K, 0% used [0x00000000d8900000,0x00000000d8900000,0x00000000d8e00000)
 ParOldGen       total 86016K, used 7718K [0x0000000083a00000, 0x0000000088e00000, 0x00000000d6900000)
  object space 86016K, 8% used [0x0000000083a00000,0x00000000841898c0,0x0000000088e00000)
 Metaspace       used 13819K, capacity 14256K, committed 14592K, reserved 1062912K
  class space    used 1576K, capacity 1669K, committed 1792K, reserved 1048576K
Event: 94.318 GC heap after
Heap after GC invocations=6 (full 1):
 PSYoungGen      total 37888K, used 5098K [0x00000000d6900000, 0x00000000d9300000, 0x0000000100000000)
  eden space 32768K, 0% used [0x00000000d6900000,0x00000000d6900000,0x00000000d8900000)
  from space 5120K, 99% used [0x00000000d8900000,0x00000000d8dfa880,0x00000000d8e00000)
  to   space 5120K, 0% used [0x00000000d8e00000,0x00000000d8e00000,0x00000000d9300000)
 ParOldGen       total 86016K, used 7838K [0x0000000083a00000, 0x0000000088e00000, 0x00000000d6900000)
  object space 86016K, 9% used [0x0000000083a00000,0x00000000841a78c0,0x0000000088e00000)
 Metaspace       used 13819K, capacity 14256K, committed 14592K, reserved 1062912K
  class space    used 1576K, capacity 1669K, committed 1792K, reserved 1048576K
}
Event: 94.826 GC heap before
{Heap before GC invocations=7 (full 1):
 PSYoungGen      total 37888K, used 37866K [0x00000000d6900000, 0x00000000d9300000, 0x0000000100000000)
  eden space 32768K, 100% used [0x00000000d6900000,0x00000000d8900000,0x00000000d8900000)
  from space 5120K, 99% used [0x00000000d8900000,0x00000000d8dfa880,0x00000000d8e00000)
  to   space 5120K, 0% used [0x00000000d8e00000,0x00000000d8e00000,0x00000000d9300000)
 ParOldGen       total 86016K, used 7838K [0x0000000083a00000, 0x0000000088e00000, 0x00000000d6900000)
  object space 86016K, 9% used [0x0000000083a00000,0x00000000841a78c0,0x0000000088e00000)
 Metaspace       used 13850K, capacity 14256K, committed 14592K, reserved 1062912K
  class space    used 1576K, capacity 1669K, committed 1792K, reserved 1048576K
Event: 94.853 GC heap after
Heap after GC invocations=7 (full 1):
 PSYoungGen      total 35840K, used 5114K [0x00000000d6900000, 0x00000000db700000, 0x0000000100000000)
  eden space 30720K, 0% used [0x00000000d6900000,0x00000000d6900000,0x00000000d8700000)
  from space 5120K, 99% used [0x00000000d8e00000,0x00000000d92fe830,0x00000000d9300000)
  to   space 7168K, 0% used [0x00000000d8700000,0x00000000d8700000,0x00000000d8e00000)
 ParOldGen       total 86016K, used 8358K [0x0000000083a00000, 0x0000000088e00000, 0x00000000d6900000)
  object space 86016K, 9% used [0x0000000083a00000,0x0000000084229970,0x0000000088e00000)
 Metaspace       used 13850K, capacity 14256K, committed 14592K, reserved 1062912K
  class space    used 1576K, capacity 1669K, committed 1792K, reserved 1048576K
}
Event: 95.393 GC heap before
{Heap before GC invocations=8 (full 1):
 PSYoungGen      total 35840K, used 35834K [0x00000000d6900000, 0x00000000db700000, 0x0000000100000000)
  eden space 30720K, 100% used [0x00000000d6900000,0x00000000d8700000,0x00000000d8700000)
  from space 5120K, 99% used [0x00000000d8e00000,0x00000000d92fe830,0x00000000d9300000)
  to   space 7168K, 0% used [0x00000000d8700000,0x00000000d8700000,0x00000000d8e00000)
 ParOldGen       total 86016K, used 8358K [0x0000000083a00000, 0x0000000088e00000, 0x00000000d6900000)
  object space 86016K, 9% used [0x0000000083a00000,0x0000000084229970,0x0000000088e00000)
 Metaspace       used 13868K, capacity 14256K, committed 14592K, reserved 1062912K
  class space    used 1576K, capacity 1669K, committed 1792K, reserved 1048576K
Event: 95.434 GC heap after
Heap after GC invocations=8 (full 1):
 PSYoungGen      total 37888K, used 6234K [0x00000000d6900000, 0x00000000db300000, 0x0000000100000000)
  eden space 30720K, 0% used [0x00000000d6900000,0x00000000d6900000,0x00000000d8700000)
  from space 7168K, 86% used [0x00000000d8700000,0x00000000d8d16830,0x00000000d8e00000)
  to   space 7168K, 0% used [0x00000000dac00000,0x00000000dac00000,0x00000000db300000)
 ParOldGen       total 86016K, used 8358K [0x0000000083a00000, 0x0000000088e00000, 0x00000000d6900000)
  object space 86016K, 9% used [0x0000000083a00000,0x0000000084229970,0x0000000088e00000)
 Metaspace       used 13868K, capacity 14256K, committed 14592K, reserved 1062912K
  class space    used 1576K, capacity 1669K, committed 1792K, reserved 1048576K
}
Event: 95.955 GC heap before
{Heap before GC invocations=9 (full 1):
 PSYoungGen      total 37888K, used 36954K [0x00000000d6900000, 0x00000000db300000, 0x0000000100000000)
  eden space 30720K, 100% used [0x00000000d6900000,0x00000000d8700000,0x00000000d8700000)
  from space 7168K, 86% used [0x00000000d8700000,0x00000000d8d16830,0x00000000d8e00000)
  to   space 7168K, 0% used [0x00000000dac00000,0x00000000dac00000,0x00000000db300000)
 ParOldGen       total 86016K, used 8358K [0x0000000083a00000, 0x0000000088e00000, 0x00000000d6900000)
  object space 86016K, 9% used [0x0000000083a00000,0x0000000084229970,0x0000000088e00000)
 Metaspace       used 13893K, capacity 14320K, committed 14592K, reserved 1062912K
  class space    used 1576K, capacity 1669K, committed 1792K, reserved 1048576K
Event: 96.075 GC heap after
Heap after GC invocations=9 (full 1):
 PSYoungGen      total 68096K, used 3536K [0x00000000d6900000, 0x00000000db400000, 0x0000000100000000)
  eden space 60928K, 0% used [0x00000000d6900000,0x00000000d6900000,0x00000000da480000)
  from space 7168K, 49% used [0x00000000dac00000,0x00000000daf74060,0x00000000db300000)
  to   space 7680K, 0% used [0x00000000da480000,0x00000000da480000,0x00000000dac00000)
 ParOldGen       total 86016K, used 12174K [0x0000000083a00000, 0x0000000088e00000, 0x00000000d6900000)
  object space 86016K, 14% used [0x0000000083a00000,0x00000000845e3930,0x0000000088e00000)
 Metaspace       used 13893K, capacity 14320K, committed 14592K, reserved 1062912K
  class space    used 1576K, capacity 1669K, committed 1792K, reserved 1048576K
}

