# JRE version: Java(TM) SE Runtime Environment (8.0_181-b13) (build 1.8.0_181-b13)
# Java VM: Java HotSpot(TM) 64-Bit Server VM (25.181-b13 mixed mode linux-amd64 compressed oops)
Heap:
 PSYoungGen      total 262656K, used 8696K [0x00000000d6900000, 0x00000000e7200000, 0x0000000100000000)
  eden space 253952K, 0% used [0x00000000d6900000,0x00000000d6900000,0x00000000e6100000)
  from space 8704K, 99% used [0x00000000e6100000,0x00000000e697e1b0,0x00000000e6980000)
  to   space 8704K, 0% used [0x00000000e6980000,0x00000000e6980000,0x00000000e7200000)
 ParOldGen       total 86016K, used 18530K [0x0000000083a00000, 0x0000000088e00000, 0x00000000d6900000)
  object space 86016K, 21% used [0x0000000083a00000,0x0000000084c18be0,0x0000000088e00000)
 Metaspace       used 14262K, capacity 14720K, committed 14848K, reserved 1062912K
  class space    used 1606K, capacity 1741K, committed 1792K, reserved 1048576K
GC Heap History (10 events):
Event: 139.455 GC heap after
Heap after GC invocations=5 (full 1):
 PSYoungGen      total 70656K, used 5117K [0x00000000d6900000, 0x00000000db300000, 0x0000000100000000)
  eden space 65536K, 0% used [0x00000000d6900000,0x00000000d6900000,0x00000000da900000)
  from space 5120K, 99% used [0x00000000dae00000,0x00000000db2ff7b0,0x00000000db300000)
  to   space 5120K, 0% used [0x00000000da900000,0x00000000da900000,0x00000000dae00000)
 ParOldGen       total 86016K, used 9222K [0x0000000083a00000, 0x0000000088e00000, 0x00000000d6900000)
  object space 86016K, 10% used [0x0000000083a00000,0x00000000843018c8,0x0000000088e00000)
 Metaspace       used 14101K, capacity 14586K, committed 14848K, reserved 1062912K
  class space    used 1605K, capacity 1740K, committed 1792K, reserved 1048576K
}
Event: 140.544 GC heap before
{Heap before GC invocations=6 (full 1):
 PSYoungGen      total 70656K, used 70653K [0x00000000d6900000, 0x00000000db300000, 0x0000000100000000)
  eden space 65536K, 100% used [0x00000000d6900000,0x00000000da900000,0x00000000da900000)
  from space 5120K, 99% used [0x00000000dae00000,0x00000000db2ff7b0,0x00000000db300000)
  to   space 5120K, 0% used [0x00000000da900000,0x00000000da900000,0x00000000dae00000)
 ParOldGen       total 86016K, used 9222K [0x0000000083a00000, 0x0000000088e00000, 0x00000000d6900000)
  object space 86016K, 10% used [0x0000000083a00000,0x00000000843018c8,0x0000000088e00000)
 Metaspace       used 14155K, capacity 14586K, committed 14848K, reserved 1062912K
  class space    used 1605K, capacity 1740K, committed 1792K, reserved 1048576K
Event: 140.618 GC heap after
Heap after GC invocations=6 (full 1):
 PSYoungGen      total 70656K, used 5096K [0x00000000d6900000, 0x00000000df300000, 0x0000000100000000)
  eden space 65536K, 0% used [0x00000000d6900000,0x00000000d6900000,0x00000000da900000)
  from space 5120K, 99% used [0x00000000da900000,0x00000000dadfa010,0x00000000dae00000)
  to   space 5120K, 0% used [0x00000000dee00000,0x00000000dee00000,0x00000000df300000)
 ParOldGen       total 86016K, used 12095K [0x0000000083a00000, 0x0000000088e00000, 0x00000000d6900000)
  object space 86016K, 14% used [0x0000000083a00000,0x00000000845cfd58,0x0000000088e00000)
 Metaspace       used 14155K, capacity 14586K, committed 14848K, reserved 1062912K
  class space    used 1605K, capacity 1740K, committed 1792K, reserved 1048576K
}
Event: 141.389 GC heap before
{Heap before GC invocations=7 (full 1):
 PSYoungGen      total 70656K, used 70632K [0x00000000d6900000, 0x00000000df300000, 0x0000000100000000)
  eden space 65536K, 100% used [0x00000000d6900000,0x00000000da900000,0x00000000da900000)
  from space 5120K, 99% used [0x00000000da900000,0x00000000dadfa010,0x00000000dae00000)
  to   space 5120K, 0% used [0x00000000dee00000,0x00000000dee00000,0x00000000df300000)
 ParOldGen       total 86016K, used 12095K [0x0000000083a00000, 0x0000000088e00000, 0x00000000d6900000)
  object space 86016K, 14% used [0x0000000083a00000,0x00000000845cfd58,0x0000000088e00000)
 Metaspace       used 14178K, capacity 14656K, committed 14848K, reserved 1062912K
  class space    used 1606K, capacity 1741K, committed 1792K, reserved 1048576K
Event: 141.433 GC heap after
Heap after GC invocations=7 (full 1):
 PSYoungGen      total 132096K, used 5114K [0x00000000d6900000, 0x00000000dfb00000, 0x0000000100000000)
  eden space 126976K, 0% used [0x00000000d6900000,0x00000000d6900000,0x00000000de500000)
  from space 5120K, 99% used [0x00000000dee00000,0x00000000df2fe870,0x00000000df300000)
  to   space 9216K, 0% used [0x00000000de500000,0x00000000de500000,0x00000000dee00000)
 ParOldGen       total 86016K, used 13237K [0x0000000083a00000, 0x0000000088e00000, 0x00000000d6900000)
  object space 86016K, 15% used [0x0000000083a00000,0x00000000846ed518,0x0000000088e00000)
 Metaspace       used 14178K, capacity 14656K, committed 14848K, reserved 1062912K
  class space    used 1606K, capacity 1741K, committed 1792K, reserved 1048576K
}
Event: 142.632 GC heap before
{Heap before GC invocations=8 (full 1):
 PSYoungGen      total 132096K, used 132090K [0x00000000d6900000, 0x00000000dfb00000, 0x0000000100000000)
  eden space 126976K, 100% used [0x00000000d6900000,0x00000000de500000,0x00000000de500000)
  from space 5120K, 99% used [0x00000000dee00000,0x00000000df2fe870,0x00000000df300000)
  to   space 9216K, 0% used [0x00000000de500000,0x00000000de500000,0x00000000dee00000)
 ParOldGen       total 86016K, used 13237K [0x0000000083a00000, 0x0000000088e00000, 0x00000000d6900000)
  object space 86016K, 15% used [0x0000000083a00000,0x00000000846ed518,0x0000000088e00000)
 Metaspace       used 14188K, capacity 14656K, committed 14848K, reserved 1062912K
  class space    used 1606K, capacity 1741K, committed 1792K, reserved 1048576K
Event: 142.663 GC heap after
Heap after GC invocations=8 (full 1):
 PSYoungGen      total 136192K, used 5870K [0x00000000d6900000, 0x00000000e7200000, 0x0000000100000000)
  eden space 126976K, 0% used [0x00000000d6900000,0x00000000d6900000,0x00000000de500000)
  from space 9216K, 63% used [0x00000000de500000,0x00000000deabb830,0x00000000dee00000)
  to   space 8704K, 0% used [0x00000000e6980000,0x00000000e6980000,0x00000000e7200000)
 ParOldGen       total 86016K, used 13237K [0x0000000083a00000, 0x0000000088e00000, 0x00000000d6900000)
  object space 86016K, 15% used [0x0000000083a00000,0x00000000846ed518,0x0000000088e00000)
 Metaspace       used 14188K, capacity 14656K, committed 14848K, reserved 1062912K
  class space    used 1606K, capacity 1741K, committed 1792K, reserved 1048576K
}
Event: 143.483 GC heap before
{Heap before GC invocations=9 (full 1):
 PSYoungGen      total 136192K, used 132846K [0x00000000d6900000, 0x00000000e7200000, 0x0000000100000000)
  eden space 126976K, 100% used [0x00000000d6900000,0x00000000de500000,0x00000000de500000)
  from space 9216K, 63% used [0x00000000de500000,0x00000000deabb830,0x00000000dee00000)
  to   space 8704K, 0% used [0x00000000e6980000,0x00000000e6980000,0x00000000e7200000)
 ParOldGen       total 86016K, used 13237K [0x0000000083a00000, 0x0000000088e00000, 0x00000000d6900000)
  object space 86016K, 15% used [0x0000000083a00000,0x00000000846ed518,0x0000000088e00000)
 Metaspace       used 14201K, capacity 14656K, committed 14848K, reserved 1062912K
  class space    used 1606K, capacity 1741K, committed 1792K, reserved 1048576K
Event: 143.539 GC heap after
Heap after GC invocations=9 (full 1):
 PSYoungGen      total 262656K, used 5524K [0x00000000d6900000, 0x00000000e7200000, 0x0000000100000000)
  eden space 253952K, 0% used [0x00000000d6900000,0x00000000d6900000,0x00000000e6100000)
  from space 8704K, 63% used [0x00000000e6980000,0x00000000e6ee5050,0x00000000e7200000)
  to   space 8704K, 0% used [0x00000000e6100000,0x00000000e6100000,0x00000000e6980000)
 ParOldGen       total 86016K, used 15207K [0x0000000083a00000, 0x0000000088e00000, 0x00000000d6900000)
  object space 86016K, 17% used [0x0000000083a00000,0x00000000848d9ef0,0x0000000088e00000)
 Metaspace       used 14201K, capacity 14656K, committed 14848K, reserved 1062912K
  class space    used 1606K, capacity 1741K, committed 1792K, reserved 1048576K
}
Event: 146.593 GC heap before
{Heap before GC invocations=10 (full 1):
 PSYoungGen      total 262656K, used 259476K [0x00000000d6900000, 0x00000000e7200000, 0x0000000100000000)
  eden space 253952K, 100% used [0x00000000d6900000,0x00000000e6100000,0x00000000e6100000)
  from space 8704K, 63% used [0x00000000e6980000,0x00000000e6ee5050,0x00000000e7200000)
  to   space 8704K, 0% used [0x00000000e6100000,0x00000000e6100000,0x00000000e6980000)
 ParOldGen       total 86016K, used 15207K [0x0000000083a00000, 0x0000000088e00000, 0x00000000d6900000)
  object space 86016K, 17% used [0x0000000083a00000,0x00000000848d9ef0,0x0000000088e00000)
 Metaspace       used 14262K, capacity 14720K, committed 14848K, reserved 1062912K
  class space    used 1606K, capacity 1741K, committed 1792K, reserved 1048576K

