# JRE version: Java(TM) SE Runtime Environment (8.0_181-b13) (build 1.8.0_181-b13)
# Java VM: Java HotSpot(TM) 64-Bit Server VM (25.181-b13 mixed mode linux-amd64 compressed oops)
Heap:
 PSYoungGen      total 268800K, used 24041K [0x00000000d6900000, 0x00000000e9200000, 0x0000000100000000)
  eden space 244736K, 0% used [0x00000000d6900000,0x00000000d6900000,0x00000000e5800000)
  from space 24064K, 99% used [0x00000000e5800000,0x00000000e6f7a5e0,0x00000000e6f80000)
  to   space 12800K, 0% used [0x00000000e6f80000,0x00000000e6f80000,0x00000000e7c00000)
 ParOldGen       total 86016K, used 48966K [0x0000000083a00000, 0x0000000088e00000, 0x00000000d6900000)
  object space 86016K, 56% used [0x0000000083a00000,0x00000000869d1b48,0x0000000088e00000)
 Metaspace       used 20723K, capacity 21174K, committed 21248K, reserved 1069056K
  class space    used 2399K, capacity 2547K, committed 2560K, reserved 1048576K
GC Heap History (10 events):
Event: 89.019 GC heap after
Heap after GC invocations=5 (full 1):
 PSYoungGen      total 70656K, used 5095K [0x00000000d6900000, 0x00000000db300000, 0x0000000100000000)
  eden space 65536K, 0% used [0x00000000d6900000,0x00000000d6900000,0x00000000da900000)
  from space 5120K, 99% used [0x00000000dae00000,0x00000000db2f9e88,0x00000000db300000)
  to   space 5120K, 0% used [0x00000000da900000,0x00000000da900000,0x00000000dae00000)
 ParOldGen       total 86016K, used 7961K [0x0000000083a00000, 0x0000000088e00000, 0x00000000d6900000)
  object space 86016K, 9% used [0x0000000083a00000,0x00000000841c6568,0x0000000088e00000)
 Metaspace       used 13767K, capacity 14150K, committed 14336K, reserved 1062912K
  class space    used 1577K, capacity 1700K, committed 1792K, reserved 1048576K
}
Event: 90.102 GC heap before
{Heap before GC invocations=6 (full 1):
 PSYoungGen      total 70656K, used 70631K [0x00000000d6900000, 0x00000000db300000, 0x0000000100000000)
  eden space 65536K, 100% used [0x00000000d6900000,0x00000000da900000,0x00000000da900000)
  from space 5120K, 99% used [0x00000000dae00000,0x00000000db2f9e88,0x00000000db300000)
  to   space 5120K, 0% used [0x00000000da900000,0x00000000da900000,0x00000000dae00000)
 ParOldGen       total 86016K, used 7961K [0x0000000083a00000, 0x0000000088e00000, 0x00000000d6900000)
  object space 86016K, 9% used [0x0000000083a00000,0x00000000841c6568,0x0000000088e00000)
 Metaspace       used 13818K, capacity 14214K, committed 14336K, reserved 1062912K
  class space    used 1577K, capacity 1700K, committed 1792K, reserved 1048576K
Event: 90.139 GC heap after
Heap after GC invocations=6 (full 1):
 PSYoungGen      total 70656K, used 5111K [0x00000000d6900000, 0x00000000df300000, 0x0000000100000000)
  eden space 65536K, 0% used [0x00000000d6900000,0x00000000d6900000,0x00000000da900000)
  from space 5120K, 99% used [0x00000000da900000,0x00000000dadfded8,0x00000000dae00000)
  to   space 5120K, 0% used [0x00000000dee00000,0x00000000dee00000,0x00000000df300000)
 ParOldGen       total 86016K, used 8621K [0x0000000083a00000, 0x0000000088e00000, 0x00000000d6900000)
  object space 86016K, 10% used [0x0000000083a00000,0x000000008426b578,0x0000000088e00000)
 Metaspace       used 13818K, capacity 14214K, committed 14336K, reserved 1062912K
  class space    used 1577K, capacity 1700K, committed 1792K, reserved 1048576K
}
Event: 91.180 GC heap before
{Heap before GC invocations=7 (full 1):
 PSYoungGen      total 70656K, used 70647K [0x00000000d6900000, 0x00000000df300000, 0x0000000100000000)
  eden space 65536K, 100% used [0x00000000d6900000,0x00000000da900000,0x00000000da900000)
  from space 5120K, 99% used [0x00000000da900000,0x00000000dadfded8,0x00000000dae00000)
  to   space 5120K, 0% used [0x00000000dee00000,0x00000000dee00000,0x00000000df300000)
 ParOldGen       total 86016K, used 8621K [0x0000000083a00000, 0x0000000088e00000, 0x00000000d6900000)
  object space 86016K, 10% used [0x0000000083a00000,0x000000008426b578,0x0000000088e00000)
 Metaspace       used 13873K, capacity 14278K, committed 14592K, reserved 1062912K
  class space    used 1577K, capacity 1700K, committed 1792K, reserved 1048576K
Event: 91.269 GC heap after
Heap after GC invocations=7 (full 1):
 PSYoungGen      total 133120K, used 5099K [0x00000000d6900000, 0x00000000df900000, 0x0000000100000000)
  eden space 128000K, 0% used [0x00000000d6900000,0x00000000d6900000,0x00000000de600000)
  from space 5120K, 99% used [0x00000000dee00000,0x00000000df2fafa8,0x00000000df300000)
  to   space 8192K, 0% used [0x00000000de600000,0x00000000de600000,0x00000000dee00000)
 ParOldGen       total 86016K, used 10908K [0x0000000083a00000, 0x0000000088e00000, 0x00000000d6900000)
  object space 86016K, 12% used [0x0000000083a00000,0x00000000844a7220,0x0000000088e00000)
 Metaspace       used 13873K, capacity 14278K, committed 14592K, reserved 1062912K
  class space    used 1577K, capacity 1700K, committed 1792K, reserved 1048576K
}
Event: 102.384 GC heap before
{Heap before GC invocations=8 (full 1):
 PSYoungGen      total 133120K, used 133099K [0x00000000d6900000, 0x00000000df900000, 0x0000000100000000)
  eden space 128000K, 100% used [0x00000000d6900000,0x00000000de600000,0x00000000de600000)
  from space 5120K, 99% used [0x00000000dee00000,0x00000000df2fafa8,0x00000000df300000)
  to   space 8192K, 0% used [0x00000000de600000,0x00000000de600000,0x00000000dee00000)
 ParOldGen       total 86016K, used 10908K [0x0000000083a00000, 0x0000000088e00000, 0x00000000d6900000)
  object space 86016K, 12% used [0x0000000083a00000,0x00000000844a7220,0x0000000088e00000)
 Metaspace       used 18906K, capacity 19436K, committed 19584K, reserved 1067008K
  class space    used 2158K, capacity 2316K, committed 2432K, reserved 1048576K
Event: 102.493 GC heap after
Heap after GC invocations=8 (full 1):
 PSYoungGen      total 136192K, used 8191K [0x00000000d6900000, 0x00000000e7c00000, 0x0000000100000000)
  eden space 128000K, 0% used [0x00000000d6900000,0x00000000d6900000,0x00000000de600000)
  from space 8192K, 99% used [0x00000000de600000,0x00000000dedfffc8,0x00000000dee00000)
  to   space 12800K, 0% used [0x00000000e6f80000,0x00000000e6f80000,0x00000000e7c00000)
 ParOldGen       total 86016K, used 19251K [0x0000000083a00000, 0x0000000088e00000, 0x00000000d6900000)
  object space 86016K, 22% used [0x0000000083a00000,0x0000000084cccc88,0x0000000088e00000)
 Metaspace       used 18906K, capacity 19436K, committed 19584K, reserved 1067008K
  class space    used 2158K, capacity 2316K, committed 2432K, reserved 1048576K
}
Event: 118.525 GC heap before
{Heap before GC invocations=9 (full 1):
 PSYoungGen      total 136192K, used 133697K [0x00000000d6900000, 0x00000000e7c00000, 0x0000000100000000)
  eden space 128000K, 98% used [0x00000000d6900000,0x00000000de390450,0x00000000de600000)
  from space 8192K, 99% used [0x00000000de600000,0x00000000dedfffc8,0x00000000dee00000)
  to   space 12800K, 0% used [0x00000000e6f80000,0x00000000e6f80000,0x00000000e7c00000)
 ParOldGen       total 86016K, used 19251K [0x0000000083a00000, 0x0000000088e00000, 0x00000000d6900000)
  object space 86016K, 22% used [0x0000000083a00000,0x0000000084cccc88,0x0000000088e00000)
 Metaspace       used 20285K, capacity 20726K, committed 20992K, reserved 1067008K
  class space    used 2332K, capacity 2483K, committed 2560K, reserved 1048576K
Event: 119.067 GC heap after
Heap after GC invocations=9 (full 1):
 PSYoungGen      total 257536K, used 12781K [0x00000000d6900000, 0x00000000e9200000, 0x0000000100000000)
  eden space 244736K, 0% used [0x00000000d6900000,0x00000000d6900000,0x00000000e5800000)
  from space 12800K, 99% used [0x00000000e6f80000,0x00000000e7bfb758,0x00000000e7c00000)
  to   space 24064K, 0% used [0x00000000e5800000,0x00000000e5800000,0x00000000e6f80000)
 ParOldGen       total 86016K, used 40455K [0x0000000083a00000, 0x0000000088e00000, 0x00000000d6900000)
  object space 86016K, 47% used [0x0000000083a00000,0x0000000086181ea0,0x0000000088e00000)
 Metaspace       used 20285K, capacity 20726K, committed 20992K, reserved 1067008K
  class space    used 2332K, capacity 2483K, committed 2560K, reserved 1048576K
}
Event: 119.994 GC heap before
{Heap before GC invocations=10 (full 1):
 PSYoungGen      total 257536K, used 63262K [0x00000000d6900000, 0x00000000e9200000, 0x0000000100000000)
  eden space 244736K, 20% used [0x00000000d6900000,0x00000000d9a4c0e0,0x00000000e5800000)
  from space 12800K, 99% used [0x00000000e6f80000,0x00000000e7bfb758,0x00000000e7c00000)
  to   space 24064K, 0% used [0x00000000e5800000,0x00000000e5800000,0x00000000e6f80000)
 ParOldGen       total 86016K, used 40455K [0x0000000083a00000, 0x0000000088e00000, 0x00000000d6900000)
  object space 86016K, 47% used [0x0000000083a00000,0x0000000086181ea0,0x0000000088e00000)
 Metaspace       used 20723K, capacity 21174K, committed 21248K, reserved 1069056K
  class space    used 2399K, capacity 2547K, committed 2560K, reserved 1048576K

