# JRE version: Java(TM) SE Runtime Environment (8.0_181-b13) (build 1.8.0_181-b13)
# Java VM: Java HotSpot(TM) 64-Bit Server VM (25.181-b13 mixed mode linux-amd64 compressed oops)
Heap:
 PSYoungGen      total 270336K, used 25086K [0x00000000d6900000, 0x00000000e9400000, 0x0000000100000000)
  eden space 245248K, 0% used [0x00000000d6900000,0x00000000d6900000,0x00000000e5880000)
  from space 25088K, 99% used [0x00000000e5880000,0x00000000e70ff838,0x00000000e7100000)
  to   space 14336K, 0% used [0x00000000e7100000,0x00000000e7100000,0x00000000e7f00000)
 ParOldGen       total 86016K, used 52301K [0x0000000083a00000, 0x0000000088e00000, 0x00000000d6900000)
  object space 86016K, 60% used [0x0000000083a00000,0x0000000086d13688,0x0000000088e00000)
 Metaspace       used 20723K, capacity 21200K, committed 21296K, reserved 1069056K
  class space    used 2409K, capacity 2580K, committed 2608K, reserved 1048576K
GC Heap History (10 events):
Event: 102.355 GC heap after
Heap after GC invocations=5 (full 1):
 PSYoungGen      total 70656K, used 5093K [0x00000000d6900000, 0x00000000db300000, 0x0000000100000000)
  eden space 65536K, 0% used [0x00000000d6900000,0x00000000d6900000,0x00000000da900000)
  from space 5120K, 99% used [0x00000000dae00000,0x00000000db2f9540,0x00000000db300000)
  to   space 5120K, 0% used [0x00000000da900000,0x00000000da900000,0x00000000dae00000)
 ParOldGen       total 86016K, used 4719K [0x0000000083a00000, 0x0000000088e00000, 0x00000000d6900000)
  object space 86016K, 5% used [0x0000000083a00000,0x0000000083e9bfd0,0x0000000088e00000)
 Metaspace       used 13773K, capacity 14180K, committed 14336K, reserved 1062912K
  class space    used 1576K, capacity 1669K, committed 1792K, reserved 1048576K
}
Event: 102.488 GC heap before
{Heap before GC invocations=6 (full 1):
 PSYoungGen      total 70656K, used 70629K [0x00000000d6900000, 0x00000000db300000, 0x0000000100000000)
  eden space 65536K, 100% used [0x00000000d6900000,0x00000000da900000,0x00000000da900000)
  from space 5120K, 99% used [0x00000000dae00000,0x00000000db2f9540,0x00000000db300000)
  to   space 5120K, 0% used [0x00000000da900000,0x00000000da900000,0x00000000dae00000)
 ParOldGen       total 86016K, used 4719K [0x0000000083a00000, 0x0000000088e00000, 0x00000000d6900000)
  object space 86016K, 5% used [0x0000000083a00000,0x0000000083e9bfd0,0x0000000088e00000)
 Metaspace       used 13825K, capacity 14244K, committed 14592K, reserved 1062912K
  class space    used 1576K, capacity 1669K, committed 1792K, reserved 1048576K
Event: 102.503 GC heap after
Heap after GC invocations=6 (full 1):
 PSYoungGen      total 70656K, used 5115K [0x00000000d6900000, 0x00000000df300000, 0x0000000100000000)
  eden space 65536K, 0% used [0x00000000d6900000,0x00000000d6900000,0x00000000da900000)
  from space 5120K, 99% used [0x00000000da900000,0x00000000dadfef50,0x00000000dae00000)
  to   space 5120K, 0% used [0x00000000dee00000,0x00000000dee00000,0x00000000df300000)
 ParOldGen       total 86016K, used 5379K [0x0000000083a00000, 0x0000000088e00000, 0x00000000d6900000)
  object space 86016K, 6% used [0x0000000083a00000,0x0000000083f40dc0,0x0000000088e00000)
 Metaspace       used 13825K, capacity 14244K, committed 14592K, reserved 1062912K
  class space    used 1576K, capacity 1669K, committed 1792K, reserved 1048576K
}
Event: 102.764 GC heap before
{Heap before GC invocations=7 (full 1):
 PSYoungGen      total 70656K, used 70651K [0x00000000d6900000, 0x00000000df300000, 0x0000000100000000)
  eden space 65536K, 100% used [0x00000000d6900000,0x00000000da900000,0x00000000da900000)
  from space 5120K, 99% used [0x00000000da900000,0x00000000dadfef50,0x00000000dae00000)
  to   space 5120K, 0% used [0x00000000dee00000,0x00000000dee00000,0x00000000df300000)
 ParOldGen       total 86016K, used 5379K [0x0000000083a00000, 0x0000000088e00000, 0x00000000d6900000)
  object space 86016K, 6% used [0x0000000083a00000,0x0000000083f40dc0,0x0000000088e00000)
 Metaspace       used 14052K, capacity 14436K, committed 14592K, reserved 1062912K
  class space    used 1578K, capacity 1669K, committed 1792K, reserved 1048576K
Event: 102.783 GC heap after
Heap after GC invocations=7 (full 1):
 PSYoungGen      total 133120K, used 5099K [0x00000000d6900000, 0x00000000df900000, 0x0000000100000000)
  eden space 128000K, 0% used [0x00000000d6900000,0x00000000d6900000,0x00000000de600000)
  from space 5120K, 99% used [0x00000000dee00000,0x00000000df2fae38,0x00000000df300000)
  to   space 8192K, 0% used [0x00000000de600000,0x00000000de600000,0x00000000dee00000)
 ParOldGen       total 86016K, used 8818K [0x0000000083a00000, 0x0000000088e00000, 0x00000000d6900000)
  object space 86016K, 10% used [0x0000000083a00000,0x000000008429cac0,0x0000000088e00000)
 Metaspace       used 14052K, capacity 14436K, committed 14592K, reserved 1062912K
  class space    used 1578K, capacity 1669K, committed 1792K, reserved 1048576K
}
Event: 111.638 GC heap before
{Heap before GC invocations=8 (full 1):
 PSYoungGen      total 133120K, used 133099K [0x00000000d6900000, 0x00000000df900000, 0x0000000100000000)
  eden space 128000K, 100% used [0x00000000d6900000,0x00000000de600000,0x00000000de600000)
  from space 5120K, 99% used [0x00000000dee00000,0x00000000df2fae38,0x00000000df300000)
  to   space 8192K, 0% used [0x00000000de600000,0x00000000de600000,0x00000000dee00000)
 ParOldGen       total 86016K, used 8818K [0x0000000083a00000, 0x0000000088e00000, 0x00000000d6900000)
  object space 86016K, 10% used [0x0000000083a00000,0x000000008429cac0,0x0000000088e00000)
 Metaspace       used 18833K, capacity 19346K, committed 19456K, reserved 1067008K
  class space    used 2139K, capacity 2287K, committed 2304K, reserved 1048576K
Event: 111.892 GC heap after
Heap after GC invocations=8 (full 1):
 PSYoungGen      total 136192K, used 8161K [0x00000000d6900000, 0x00000000e7f00000, 0x0000000100000000)
  eden space 128000K, 0% used [0x00000000d6900000,0x00000000d6900000,0x00000000de600000)
  from space 8192K, 99% used [0x00000000de600000,0x00000000dedf8400,0x00000000dee00000)
  to   space 14336K, 0% used [0x00000000e7100000,0x00000000e7100000,0x00000000e7f00000)
 ParOldGen       total 86016K, used 18658K [0x0000000083a00000, 0x0000000088e00000, 0x00000000d6900000)
  object space 86016K, 21% used [0x0000000083a00000,0x0000000084c38ab0,0x0000000088e00000)
 Metaspace       used 18833K, capacity 19346K, committed 19456K, reserved 1067008K
  class space    used 2139K, capacity 2287K, committed 2304K, reserved 1048576K
}
Event: 126.729 GC heap before
{Heap before GC invocations=9 (full 1):
 PSYoungGen      total 136192K, used 134754K [0x00000000d6900000, 0x00000000e7f00000, 0x0000000100000000)
  eden space 128000K, 98% used [0x00000000d6900000,0x00000000de4a07f0,0x00000000de600000)
  from space 8192K, 99% used [0x00000000de600000,0x00000000dedf8400,0x00000000dee00000)
  to   space 14336K, 0% used [0x00000000e7100000,0x00000000e7100000,0x00000000e7f00000)
 ParOldGen       total 86016K, used 18658K [0x0000000083a00000, 0x0000000088e00000, 0x00000000d6900000)
  object space 86016K, 21% used [0x0000000083a00000,0x0000000084c38ab0,0x0000000088e00000)
 Metaspace       used 20333K, capacity 20798K, committed 20992K, reserved 1067008K
  class space    used 2351K, capacity 2513K, committed 2560K, reserved 1048576K
Event: 127.457 GC heap after
Heap after GC invocations=9 (full 1):
 PSYoungGen      total 259584K, used 14315K [0x00000000d6900000, 0x00000000e9400000, 0x0000000100000000)
  eden space 245248K, 0% used [0x00000000d6900000,0x00000000d6900000,0x00000000e5880000)
  from space 14336K, 99% used [0x00000000e7100000,0x00000000e7efadb0,0x00000000e7f00000)
  to   space 25088K, 0% used [0x00000000e5880000,0x00000000e5880000,0x00000000e7100000)
 ParOldGen       total 86016K, used 38956K [0x0000000083a00000, 0x0000000088e00000, 0x00000000d6900000)
  object space 86016K, 45% used [0x0000000083a00000,0x000000008600b1e8,0x0000000088e00000)
 Metaspace       used 20333K, capacity 20798K, committed 20992K, reserved 1067008K
  class space    used 2351K, capacity 2513K, committed 2560K, reserved 1048576K
}
Event: 128.528 GC heap before
{Heap before GC invocations=10 (full 1):
 PSYoungGen      total 259584K, used 69344K [0x00000000d6900000, 0x00000000e9400000, 0x0000000100000000)
  eden space 245248K, 22% used [0x00000000d6900000,0x00000000d9ebd490,0x00000000e5880000)
  from space 14336K, 99% used [0x00000000e7100000,0x00000000e7efadb0,0x00000000e7f00000)
  to   space 25088K, 0% used [0x00000000e5880000,0x00000000e5880000,0x00000000e7100000)
 ParOldGen       total 86016K, used 38956K [0x0000000083a00000, 0x0000000088e00000, 0x00000000d6900000)
  object space 86016K, 45% used [0x0000000083a00000,0x000000008600b1e8,0x0000000088e00000)
 Metaspace       used 20723K, capacity 21200K, committed 21296K, reserved 1069056K
  class space    used 2409K, capacity 2580K, committed 2608K, reserved 1048576K

