# JRE version: Java(TM) SE Runtime Environment (8.0_181-b13) (build 1.8.0_181-b13)
# Java VM: Java HotSpot(TM) 64-Bit Server VM (25.181-b13 mixed mode linux-amd64 compressed oops)
Heap:
 PSYoungGen      total 136192K, used 10102K [0x00000000d6900000, 0x00000000dff00000, 0x0000000100000000)
  eden space 124928K, 0% used [0x00000000d6900000,0x00000000d6900000,0x00000000de300000)
  from space 11264K, 89% used [0x00000000de300000,0x00000000decdd828,0x00000000dee00000)
  to   space 5120K, 0% used [0x00000000dee00000,0x00000000dee00000,0x00000000df300000)
 ParOldGen       total 86016K, used 18923K [0x0000000083a00000, 0x0000000088e00000, 0x00000000d6900000)
  object space 86016K, 22% used [0x0000000083a00000,0x0000000084c7ae60,0x0000000088e00000)
 Metaspace       used 14426K, capacity 14936K, committed 15104K, reserved 1062912K
  class space    used 1620K, capacity 1784K, committed 1792K, reserved 1048576K
GC Heap History (10 events):
Event: 3.463 GC heap after
Heap after GC invocations=3 (full 1):
 PSYoungGen      total 70656K, used 0K [0x00000000d6900000, 0x00000000db300000, 0x0000000100000000)
  eden space 65536K, 0% used [0x00000000d6900000,0x00000000d6900000,0x00000000da900000)
  from space 5120K, 0% used [0x00000000dae00000,0x00000000dae00000,0x00000000db300000)
  to   space 5120K, 0% used [0x00000000da900000,0x00000000da900000,0x00000000dae00000)
 ParOldGen       total 86016K, used 10644K [0x0000000083a00000, 0x0000000088e00000, 0x00000000d6900000)
  object space 86016K, 12% used [0x0000000083a00000,0x0000000084465350,0x0000000088e00000)
 Metaspace       used 10323K, capacity 10458K, committed 10624K, reserved 1058816K
  class space    used 1245K, capacity 1319K, committed 1408K, reserved 1048576K
}
Event: 118.469 GC heap before
{Heap before GC invocations=4 (full 1):
 PSYoungGen      total 70656K, used 65536K [0x00000000d6900000, 0x00000000db300000, 0x0000000100000000)
  eden space 65536K, 100% used [0x00000000d6900000,0x00000000da900000,0x00000000da900000)
  from space 5120K, 0% used [0x00000000dae00000,0x00000000dae00000,0x00000000db300000)
  to   space 5120K, 0% used [0x00000000da900000,0x00000000da900000,0x00000000dae00000)
 ParOldGen       total 86016K, used 10644K [0x0000000083a00000, 0x0000000088e00000, 0x00000000d6900000)
  object space 86016K, 12% used [0x0000000083a00000,0x0000000084465350,0x0000000088e00000)
 Metaspace       used 14242K, capacity 14738K, committed 14848K, reserved 1062912K
  class space    used 1620K, capacity 1783K, committed 1792K, reserved 1048576K
Event: 118.545 GC heap after
Heap after GC invocations=4 (full 1):
 PSYoungGen      total 70656K, used 5101K [0x00000000d6900000, 0x00000000db300000, 0x0000000100000000)
  eden space 65536K, 0% used [0x00000000d6900000,0x00000000d6900000,0x00000000da900000)
  from space 5120K, 99% used [0x00000000da900000,0x00000000dadfb5d0,0x00000000dae00000)
  to   space 5120K, 0% used [0x00000000dae00000,0x00000000dae00000,0x00000000db300000)
 ParOldGen       total 86016K, used 14724K [0x0000000083a00000, 0x0000000088e00000, 0x00000000d6900000)
  object space 86016K, 17% used [0x0000000083a00000,0x0000000084861138,0x0000000088e00000)
 Metaspace       used 14242K, capacity 14738K, committed 14848K, reserved 1062912K
  class space    used 1620K, capacity 1783K, committed 1792K, reserved 1048576K
}
Event: 119.272 GC heap before
{Heap before GC invocations=5 (full 1):
 PSYoungGen      total 70656K, used 70637K [0x00000000d6900000, 0x00000000db300000, 0x0000000100000000)
  eden space 65536K, 100% used [0x00000000d6900000,0x00000000da900000,0x00000000da900000)
  from space 5120K, 99% used [0x00000000da900000,0x00000000dadfb5d0,0x00000000dae00000)
  to   space 5120K, 0% used [0x00000000dae00000,0x00000000dae00000,0x00000000db300000)
 ParOldGen       total 86016K, used 14724K [0x0000000083a00000, 0x0000000088e00000, 0x00000000d6900000)
  object space 86016K, 17% used [0x0000000083a00000,0x0000000084861138,0x0000000088e00000)
 Metaspace       used 14256K, capacity 14738K, committed 14848K, reserved 1062912K
  class space    used 1620K, capacity 1783K, committed 1792K, reserved 1048576K
Event: 119.296 GC heap after
Heap after GC invocations=5 (full 1):
 PSYoungGen      total 70656K, used 5101K [0x00000000d6900000, 0x00000000df300000, 0x0000000100000000)
  eden space 65536K, 0% used [0x00000000d6900000,0x00000000d6900000,0x00000000da900000)
  from space 5120K, 99% used [0x00000000dae00000,0x00000000db2fb5d0,0x00000000db300000)
  to   space 5120K, 0% used [0x00000000da900000,0x00000000da900000,0x00000000dae00000)
 ParOldGen       total 86016K, used 15073K [0x0000000083a00000, 0x0000000088e00000, 0x00000000d6900000)
  object space 86016K, 17% used [0x0000000083a00000,0x00000000848b8558,0x0000000088e00000)
 Metaspace       used 14256K, capacity 14738K, committed 14848K, reserved 1062912K
  class space    used 1620K, capacity 1783K, committed 1792K, reserved 1048576K
}
Event: 120.076 GC heap before
{Heap before GC invocations=6 (full 1):
 PSYoungGen      total 70656K, used 70637K [0x00000000d6900000, 0x00000000df300000, 0x0000000100000000)
  eden space 65536K, 100% used [0x00000000d6900000,0x00000000da900000,0x00000000da900000)
  from space 5120K, 99% used [0x00000000dae00000,0x00000000db2fb5d0,0x00000000db300000)
  to   space 5120K, 0% used [0x00000000da900000,0x00000000da900000,0x00000000dae00000)
 ParOldGen       total 86016K, used 15073K [0x0000000083a00000, 0x0000000088e00000, 0x00000000d6900000)
  object space 86016K, 17% used [0x0000000083a00000,0x00000000848b8558,0x0000000088e00000)
 Metaspace       used 14296K, capacity 14738K, committed 14848K, reserved 1062912K
  class space    used 1620K, capacity 1783K, committed 1792K, reserved 1048576K
Event: 120.104 GC heap after
Heap after GC invocations=6 (full 1):
 PSYoungGen      total 70656K, used 5101K [0x00000000d6900000, 0x00000000df300000, 0x0000000100000000)
  eden space 65536K, 0% used [0x00000000d6900000,0x00000000d6900000,0x00000000da900000)
  from space 5120K, 99% used [0x00000000da900000,0x00000000dadfb5d0,0x00000000dae00000)
  to   space 5120K, 0% used [0x00000000dee00000,0x00000000dee00000,0x00000000df300000)
 ParOldGen       total 86016K, used 16181K [0x0000000083a00000, 0x0000000088e00000, 0x00000000d6900000)
  object space 86016K, 18% used [0x0000000083a00000,0x00000000849cd5c8,0x0000000088e00000)
 Metaspace       used 14296K, capacity 14738K, committed 14848K, reserved 1062912K
  class space    used 1620K, capacity 1783K, committed 1792K, reserved 1048576K
}
Event: 120.906 GC heap before
{Heap before GC invocations=7 (full 1):
 PSYoungGen      total 70656K, used 70637K [0x00000000d6900000, 0x00000000df300000, 0x0000000100000000)
  eden space 65536K, 100% used [0x00000000d6900000,0x00000000da900000,0x00000000da900000)
  from space 5120K, 99% used [0x00000000da900000,0x00000000dadfb5d0,0x00000000dae00000)
  to   space 5120K, 0% used [0x00000000dee00000,0x00000000dee00000,0x00000000df300000)
 ParOldGen       total 86016K, used 16181K [0x0000000083a00000, 0x0000000088e00000, 0x00000000d6900000)
  object space 86016K, 18% used [0x0000000083a00000,0x00000000849cd5c8,0x0000000088e00000)
 Metaspace       used 14364K, capacity 14808K, committed 14848K, reserved 1062912K
  class space    used 1620K, capacity 1784K, committed 1792K, reserved 1048576K
Event: 121.018 GC heap after
Heap after GC invocations=7 (full 1):
 PSYoungGen      total 130048K, used 5101K [0x00000000d6900000, 0x00000000dff00000, 0x0000000100000000)
  eden space 124928K, 0% used [0x00000000d6900000,0x00000000d6900000,0x00000000de300000)
  from space 5120K, 99% used [0x00000000dee00000,0x00000000df2fb670,0x00000000df300000)
  to   space 11264K, 0% used [0x00000000de300000,0x00000000de300000,0x00000000dee00000)
 ParOldGen       total 86016K, used 18923K [0x0000000083a00000, 0x0000000088e00000, 0x00000000d6900000)
  object space 86016K, 22% used [0x0000000083a00000,0x0000000084c7ae60,0x0000000088e00000)
 Metaspace       used 14364K, capacity 14808K, committed 14848K, reserved 1062912K
  class space    used 1620K, capacity 1784K, committed 1792K, reserved 1048576K
}
Event: 122.850 GC heap before
{Heap before GC invocations=8 (full 1):
 PSYoungGen      total 130048K, used 130029K [0x00000000d6900000, 0x00000000dff00000, 0x0000000100000000)
  eden space 124928K, 100% used [0x00000000d6900000,0x00000000de300000,0x00000000de300000)
  from space 5120K, 99% used [0x00000000dee00000,0x00000000df2fb670,0x00000000df300000)
  to   space 11264K, 0% used [0x00000000de300000,0x00000000de300000,0x00000000dee00000)
 ParOldGen       total 86016K, used 18923K [0x0000000083a00000, 0x0000000088e00000, 0x00000000d6900000)
  object space 86016K, 22% used [0x0000000083a00000,0x0000000084c7ae60,0x0000000088e00000)
 Metaspace       used 14426K, capacity 14936K, committed 15104K, reserved 1062912K
  class space    used 1620K, capacity 1784K, committed 1792K, reserved 1048576K

