# JRE version: Java(TM) SE Runtime Environment (8.0_181-b13) (build 1.8.0_181-b13)
# Java VM: Java HotSpot(TM) 64-Bit Server VM (25.181-b13 mixed mode linux-amd64 compressed oops)
Heap:
 PSYoungGen      total 131072K, used 67253K [0x00000000d6900000, 0x00000000dfd00000, 0x0000000100000000)
  eden space 125952K, 49% used [0x00000000d6900000,0x00000000da5ae3d8,0x00000000de400000)
  from space 5120K, 99% used [0x00000000dee00000,0x00000000df2ff190,0x00000000df300000)
  to   space 10240K, 0% used [0x00000000de400000,0x00000000de400000,0x00000000dee00000)
 ParOldGen       total 86016K, used 16604K [0x0000000083a00000, 0x0000000088e00000, 0x00000000d6900000)
  object space 86016K, 19% used [0x0000000083a00000,0x0000000084a372e8,0x0000000088e00000)
 Metaspace       used 14908K, capacity 15478K, committed 15744K, reserved 1062912K
  class space    used 1661K, capacity 1807K, committed 1920K, reserved 1048576K
GC Heap History (10 events):
Event: 4.060 GC heap before
{Heap before GC invocations=3 (full 1):
 PSYoungGen      total 70656K, used 5120K [0x00000000d6900000, 0x00000000db300000, 0x0000000100000000)
  eden space 65536K, 0% used [0x00000000d6900000,0x00000000d6900000,0x00000000da900000)
  from space 5120K, 100% used [0x00000000dae00000,0x00000000db300000,0x00000000db300000)
  to   space 5120K, 0% used [0x00000000da900000,0x00000000da900000,0x00000000dae00000)
 ParOldGen       total 86016K, used 7031K [0x0000000083a00000, 0x0000000088e00000, 0x00000000d6900000)
  object space 86016K, 8% used [0x0000000083a00000,0x00000000840ddd08,0x0000000088e00000)
 Metaspace       used 10244K, capacity 10412K, committed 10624K, reserved 1058816K
  class space    used 1239K, capacity 1319K, committed 1408K, reserved 1048576K
Event: 4.249 GC heap after
Heap after GC invocations=3 (full 1):
 PSYoungGen      total 70656K, used 0K [0x00000000d6900000, 0x00000000db300000, 0x0000000100000000)
  eden space 65536K, 0% used [0x00000000d6900000,0x00000000d6900000,0x00000000da900000)
  from space 5120K, 0% used [0x00000000dae00000,0x00000000dae00000,0x00000000db300000)
  to   space 5120K, 0% used [0x00000000da900000,0x00000000da900000,0x00000000dae00000)
 ParOldGen       total 86016K, used 10659K [0x0000000083a00000, 0x0000000088e00000, 0x00000000d6900000)
  object space 86016K, 12% used [0x0000000083a00000,0x0000000084468d68,0x0000000088e00000)
 Metaspace       used 10236K, capacity 10402K, committed 10624K, reserved 1058816K
  class space    used 1237K, capacity 1317K, committed 1408K, reserved 1048576K
}
Event: 127.561 GC heap before
{Heap before GC invocations=4 (full 1):
 PSYoungGen      total 70656K, used 65536K [0x00000000d6900000, 0x00000000db300000, 0x0000000100000000)
  eden space 65536K, 100% used [0x00000000d6900000,0x00000000da900000,0x00000000da900000)
  from space 5120K, 0% used [0x00000000dae00000,0x00000000dae00000,0x00000000db300000)
  to   space 5120K, 0% used [0x00000000da900000,0x00000000da900000,0x00000000dae00000)
 ParOldGen       total 86016K, used 10659K [0x0000000083a00000, 0x0000000088e00000, 0x00000000d6900000)
  object space 86016K, 12% used [0x0000000083a00000,0x0000000084468d68,0x0000000088e00000)
 Metaspace       used 14588K, capacity 15150K, committed 15488K, reserved 1062912K
  class space    used 1659K, capacity 1807K, committed 1920K, reserved 1048576K
Event: 127.612 GC heap after
Heap after GC invocations=4 (full 1):
 PSYoungGen      total 70656K, used 5092K [0x00000000d6900000, 0x00000000db300000, 0x0000000100000000)
  eden space 65536K, 0% used [0x00000000d6900000,0x00000000d6900000,0x00000000da900000)
  from space 5120K, 99% used [0x00000000da900000,0x00000000dadf92c0,0x00000000dae00000)
  to   space 5120K, 0% used [0x00000000dae00000,0x00000000dae00000,0x00000000db300000)
 ParOldGen       total 86016K, used 12526K [0x0000000083a00000, 0x0000000088e00000, 0x00000000d6900000)
  object space 86016K, 14% used [0x0000000083a00000,0x000000008463bb18,0x0000000088e00000)
 Metaspace       used 14588K, capacity 15150K, committed 15488K, reserved 1062912K
  class space    used 1659K, capacity 1807K, committed 1920K, reserved 1048576K
}
Event: 128.924 GC heap before
{Heap before GC invocations=5 (full 1):
 PSYoungGen      total 70656K, used 70628K [0x00000000d6900000, 0x00000000db300000, 0x0000000100000000)
  eden space 65536K, 100% used [0x00000000d6900000,0x00000000da900000,0x00000000da900000)
  from space 5120K, 99% used [0x00000000da900000,0x00000000dadf92c0,0x00000000dae00000)
  to   space 5120K, 0% used [0x00000000dae00000,0x00000000dae00000,0x00000000db300000)
 ParOldGen       total 86016K, used 12526K [0x0000000083a00000, 0x0000000088e00000, 0x00000000d6900000)
  object space 86016K, 14% used [0x0000000083a00000,0x000000008463bb18,0x0000000088e00000)
 Metaspace       used 14782K, capacity 15350K, committed 15488K, reserved 1062912K
  class space    used 1660K, capacity 1807K, committed 1920K, reserved 1048576K
Event: 128.956 GC heap after
Heap after GC invocations=5 (full 1):
 PSYoungGen      total 70656K, used 5100K [0x00000000d6900000, 0x00000000df300000, 0x0000000100000000)
  eden space 65536K, 0% used [0x00000000d6900000,0x00000000d6900000,0x00000000da900000)
  from space 5120K, 99% used [0x00000000dae00000,0x00000000db2fb1e0,0x00000000db300000)
  to   space 5120K, 0% used [0x00000000da900000,0x00000000da900000,0x00000000dae00000)
 ParOldGen       total 86016K, used 14018K [0x0000000083a00000, 0x0000000088e00000, 0x00000000d6900000)
  object space 86016K, 16% used [0x0000000083a00000,0x00000000847b09d8,0x0000000088e00000)
 Metaspace       used 14782K, capacity 15350K, committed 15488K, reserved 1062912K
  class space    used 1660K, capacity 1807K, committed 1920K, reserved 1048576K
}
Event: 129.866 GC heap before
{Heap before GC invocations=6 (full 1):
 PSYoungGen      total 70656K, used 70636K [0x00000000d6900000, 0x00000000df300000, 0x0000000100000000)
  eden space 65536K, 100% used [0x00000000d6900000,0x00000000da900000,0x00000000da900000)
  from space 5120K, 99% used [0x00000000dae00000,0x00000000db2fb1e0,0x00000000db300000)
  to   space 5120K, 0% used [0x00000000da900000,0x00000000da900000,0x00000000dae00000)
 ParOldGen       total 86016K, used 14018K [0x0000000083a00000, 0x0000000088e00000, 0x00000000d6900000)
  object space 86016K, 16% used [0x0000000083a00000,0x00000000847b09d8,0x0000000088e00000)
 Metaspace       used 14807K, capacity 15350K, committed 15488K, reserved 1062912K
  class space    used 1660K, capacity 1807K, committed 1920K, reserved 1048576K
Event: 129.918 GC heap after
Heap after GC invocations=6 (full 1):
 PSYoungGen      total 70656K, used 5100K [0x00000000d6900000, 0x00000000df300000, 0x0000000100000000)
  eden space 65536K, 0% used [0x00000000d6900000,0x00000000d6900000,0x00000000da900000)
  from space 5120K, 99% used [0x00000000da900000,0x00000000dadfb1a0,0x00000000dae00000)
  to   space 5120K, 0% used [0x00000000dee00000,0x00000000dee00000,0x00000000df300000)
 ParOldGen       total 86016K, used 15405K [0x0000000083a00000, 0x0000000088e00000, 0x00000000d6900000)
  object space 86016K, 17% used [0x0000000083a00000,0x000000008490b458,0x0000000088e00000)
 Metaspace       used 14807K, capacity 15350K, committed 15488K, reserved 1062912K
  class space    used 1660K, capacity 1807K, committed 1920K, reserved 1048576K
}
Event: 130.656 GC heap before
{Heap before GC invocations=7 (full 1):
 PSYoungGen      total 70656K, used 70636K [0x00000000d6900000, 0x00000000df300000, 0x0000000100000000)
  eden space 65536K, 100% used [0x00000000d6900000,0x00000000da900000,0x00000000da900000)
  from space 5120K, 99% used [0x00000000da900000,0x00000000dadfb1a0,0x00000000dae00000)
  to   space 5120K, 0% used [0x00000000dee00000,0x00000000dee00000,0x00000000df300000)
 ParOldGen       total 86016K, used 15405K [0x0000000083a00000, 0x0000000088e00000, 0x00000000d6900000)
  object space 86016K, 17% used [0x0000000083a00000,0x000000008490b458,0x0000000088e00000)
 Metaspace       used 14817K, capacity 15350K, committed 15488K, reserved 1062912K
  class space    used 1660K, capacity 1807K, committed 1920K, reserved 1048576K
Event: 131.020 GC heap after
Heap after GC invocations=7 (full 1):
 PSYoungGen      total 131072K, used 5116K [0x00000000d6900000, 0x00000000dfd00000, 0x0000000100000000)
  eden space 125952K, 0% used [0x00000000d6900000,0x00000000d6900000,0x00000000de400000)
  from space 5120K, 99% used [0x00000000dee00000,0x00000000df2ff190,0x00000000df300000)
  to   space 10240K, 0% used [0x00000000de400000,0x00000000de400000,0x00000000dee00000)
 ParOldGen       total 86016K, used 16604K [0x0000000083a00000, 0x0000000088e00000, 0x00000000d6900000)
  object space 86016K, 19% used [0x0000000083a00000,0x0000000084a372e8,0x0000000088e00000)
 Metaspace       used 14817K, capacity 15350K, committed 15488K, reserved 1062912K
  class space    used 1660K, capacity 1807K, committed 1920K, reserved 1048576K
}

