# JRE version: Java(TM) SE Runtime Environment (8.0_181-b13) (build 1.8.0_181-b13)
# Java VM: Java HotSpot(TM) 64-Bit Server VM (25.181-b13 mixed mode linux-amd64 compressed oops)
Heap:
 PSYoungGen      total 121856K, used 26613K [0x00000000d6900000, 0x00000000dff00000, 0x0000000100000000)
  eden space 95232K, 0% used [0x00000000d6900000,0x00000000d6900000,0x00000000dc600000)
  from space 26624K, 99% used [0x00000000dcb00000,0x00000000de4fd7b8,0x00000000de500000)
  to   space 17408K, 0% used [0x00000000dee00000,0x00000000dee00000,0x00000000dff00000)
 ParOldGen       total 86016K, used 71351K [0x0000000083a00000, 0x0000000088e00000, 0x00000000d6900000)
  object space 86016K, 82% used [0x0000000083a00000,0x0000000087fadd60,0x0000000088e00000)
 Metaspace       used 20340K, capacity 20870K, committed 20992K, reserved 1067008K
  class space    used 2379K, capacity 2555K, committed 2560K, reserved 1048576K
GC Heap History (10 events):
Event: 101.500 GC heap after
Heap after GC invocations=7 (full 1):
 PSYoungGen      total 35840K, used 5104K [0x00000000d6900000, 0x00000000db700000, 0x0000000100000000)
  eden space 30720K, 0% used [0x00000000d6900000,0x00000000d6900000,0x00000000d8700000)
  from space 5120K, 99% used [0x00000000d8e00000,0x00000000d92fc0a0,0x00000000d9300000)
  to   space 7168K, 0% used [0x00000000d8700000,0x00000000d8700000,0x00000000d8e00000)
 ParOldGen       total 86016K, used 6983K [0x0000000083a00000, 0x0000000088e00000, 0x00000000d6900000)
  object space 86016K, 8% used [0x0000000083a00000,0x00000000840d1ea0,0x0000000088e00000)
 Metaspace       used 15668K, capacity 16142K, committed 16256K, reserved 1062912K
  class space    used 1736K, capacity 1857K, committed 1920K, reserved 1048576K
}
Event: 105.189 GC heap before
{Heap before GC invocations=8 (full 1):
 PSYoungGen      total 35840K, used 35824K [0x00000000d6900000, 0x00000000db700000, 0x0000000100000000)
  eden space 30720K, 100% used [0x00000000d6900000,0x00000000d8700000,0x00000000d8700000)
  from space 5120K, 99% used [0x00000000d8e00000,0x00000000d92fc0a0,0x00000000d9300000)
  to   space 7168K, 0% used [0x00000000d8700000,0x00000000d8700000,0x00000000d8e00000)
 ParOldGen       total 86016K, used 6983K [0x0000000083a00000, 0x0000000088e00000, 0x00000000d6900000)
  object space 86016K, 8% used [0x0000000083a00000,0x00000000840d1ea0,0x0000000088e00000)
 Metaspace       used 17383K, capacity 17886K, committed 18048K, reserved 1064960K
  class space    used 1953K, capacity 2127K, committed 2176K, reserved 1048576K
Event: 105.295 GC heap after
Heap after GC invocations=8 (full 1):
 PSYoungGen      total 37888K, used 7138K [0x00000000d6900000, 0x00000000db800000, 0x0000000100000000)
  eden space 30720K, 0% used [0x00000000d6900000,0x00000000d6900000,0x00000000d8700000)
  from space 7168K, 99% used [0x00000000d8700000,0x00000000d8df8be8,0x00000000d8e00000)
  to   space 9728K, 0% used [0x00000000dae80000,0x00000000dae80000,0x00000000db800000)
 ParOldGen       total 86016K, used 10175K [0x0000000083a00000, 0x0000000088e00000, 0x00000000d6900000)
  object space 86016K, 11% used [0x0000000083a00000,0x00000000843efc80,0x0000000088e00000)
 Metaspace       used 17383K, capacity 17886K, committed 18048K, reserved 1064960K
  class space    used 1953K, capacity 2127K, committed 2176K, reserved 1048576K
}
Event: 107.982 GC heap before
{Heap before GC invocations=9 (full 1):
 PSYoungGen      total 37888K, used 37858K [0x00000000d6900000, 0x00000000db800000, 0x0000000100000000)
  eden space 30720K, 100% used [0x00000000d6900000,0x00000000d8700000,0x00000000d8700000)
  from space 7168K, 99% used [0x00000000d8700000,0x00000000d8df8be8,0x00000000d8e00000)
  to   space 9728K, 0% used [0x00000000dae80000,0x00000000dae80000,0x00000000db800000)
 ParOldGen       total 86016K, used 10175K [0x0000000083a00000, 0x0000000088e00000, 0x00000000d6900000)
  object space 86016K, 11% used [0x0000000083a00000,0x00000000843efc80,0x0000000088e00000)
 Metaspace       used 18633K, capacity 19176K, committed 19456K, reserved 1067008K
  class space    used 2121K, capacity 2294K, committed 2304K, reserved 1048576K
Event: 108.258 GC heap after
Heap after GC invocations=9 (full 1):
 PSYoungGen      total 69120K, used 9708K [0x00000000d6900000, 0x00000000dbc00000, 0x0000000100000000)
  eden space 59392K, 0% used [0x00000000d6900000,0x00000000d6900000,0x00000000da300000)
  from space 9728K, 99% used [0x00000000dae80000,0x00000000db7fb160,0x00000000db800000)
  to   space 11776K, 0% used [0x00000000da300000,0x00000000da300000,0x00000000dae80000)
 ParOldGen       total 86016K, used 12136K [0x0000000083a00000, 0x0000000088e00000, 0x00000000d6900000)
  object space 86016K, 14% used [0x0000000083a00000,0x00000000845da100,0x0000000088e00000)
 Metaspace       used 18633K, capacity 19176K, committed 19456K, reserved 1067008K
  class space    used 2121K, capacity 2294K, committed 2304K, reserved 1048576K
}
Event: 113.417 GC heap before
{Heap before GC invocations=10 (full 1):
 PSYoungGen      total 69120K, used 69100K [0x00000000d6900000, 0x00000000dbc00000, 0x0000000100000000)
  eden space 59392K, 100% used [0x00000000d6900000,0x00000000da300000,0x00000000da300000)
  from space 9728K, 99% used [0x00000000dae80000,0x00000000db7fb160,0x00000000db800000)
  to   space 11776K, 0% used [0x00000000da300000,0x00000000da300000,0x00000000dae80000)
 ParOldGen       total 86016K, used 12136K [0x0000000083a00000, 0x0000000088e00000, 0x00000000d6900000)
  object space 86016K, 14% used [0x0000000083a00000,0x00000000845da100,0x0000000088e00000)
 Metaspace       used 19248K, capacity 19764K, committed 20096K, reserved 1067008K
  class space    used 2217K, capacity 2360K, committed 2432K, reserved 1048576K
Event: 113.629 GC heap after
Heap after GC invocations=10 (full 1):
 PSYoungGen      total 71168K, used 11747K [0x00000000d6900000, 0x00000000dff00000, 0x0000000100000000)
  eden space 59392K, 0% used [0x00000000d6900000,0x00000000d6900000,0x00000000da300000)
  from space 11776K, 99% used [0x00000000da300000,0x00000000dae78c28,0x00000000dae80000)
  to   space 17408K, 0% used [0x00000000dee00000,0x00000000dee00000,0x00000000dff00000)
 ParOldGen       total 86016K, used 22300K [0x0000000083a00000, 0x0000000088e00000, 0x00000000d6900000)
  object space 86016K, 25% used [0x0000000083a00000,0x0000000084fc70d0,0x0000000088e00000)
 Metaspace       used 19248K, capacity 19764K, committed 20096K, reserved 1067008K
  class space    used 2217K, capacity 2360K, committed 2432K, reserved 1048576K
}
Event: 116.740 GC heap before
{Heap before GC invocations=11 (full 1):
 PSYoungGen      total 71168K, used 70860K [0x00000000d6900000, 0x00000000dff00000, 0x0000000100000000)
  eden space 59392K, 99% used [0x00000000d6900000,0x00000000da2ba728,0x00000000da300000)
  from space 11776K, 99% used [0x00000000da300000,0x00000000dae78c28,0x00000000dae80000)
  to   space 17408K, 0% used [0x00000000dee00000,0x00000000dee00000,0x00000000dff00000)
 ParOldGen       total 86016K, used 22300K [0x0000000083a00000, 0x0000000088e00000, 0x00000000d6900000)
  object space 86016K, 25% used [0x0000000083a00000,0x0000000084fc70d0,0x0000000088e00000)
 Metaspace       used 19728K, capacity 20262K, committed 20480K, reserved 1067008K
  class space    used 2285K, capacity 2459K, committed 2560K, reserved 1048576K
Event: 117.030 GC heap after
Heap after GC invocations=11 (full 1):
 PSYoungGen      total 112640K, used 17405K [0x00000000d6900000, 0x00000000dff00000, 0x0000000100000000)
  eden space 95232K, 0% used [0x00000000d6900000,0x00000000d6900000,0x00000000dc600000)
  from space 17408K, 99% used [0x00000000dee00000,0x00000000dfeff5b8,0x00000000dff00000)
  to   space 26624K, 0% used [0x00000000dcb00000,0x00000000dcb00000,0x00000000de500000)
 ParOldGen       total 86016K, used 40619K [0x0000000083a00000, 0x0000000088e00000, 0x00000000d6900000)
  object space 86016K, 47% used [0x0000000083a00000,0x00000000861aafa0,0x0000000088e00000)
 Metaspace       used 19728K, capacity 20262K, committed 20480K, reserved 1067008K
  class space    used 2285K, capacity 2459K, committed 2560K, reserved 1048576K
}
Event: 120.325 GC heap before
{Heap before GC invocations=12 (full 1):
 PSYoungGen      total 112640K, used 112637K [0x00000000d6900000, 0x00000000dff00000, 0x0000000100000000)
  eden space 95232K, 100% used [0x00000000d6900000,0x00000000dc600000,0x00000000dc600000)
  from space 17408K, 99% used [0x00000000dee00000,0x00000000dfeff5b8,0x00000000dff00000)
  to   space 26624K, 0% used [0x00000000dcb00000,0x00000000dcb00000,0x00000000de500000)
 ParOldGen       total 86016K, used 40619K [0x0000000083a00000, 0x0000000088e00000, 0x00000000d6900000)
  object space 86016K, 47% used [0x0000000083a00000,0x00000000861aafa0,0x0000000088e00000)
 Metaspace       used 20340K, capacity 20870K, committed 20992K, reserved 1067008K
  class space    used 2379K, capacity 2555K, committed 2560K, reserved 1048576K

