# JRE version: Java(TM) SE Runtime Environment (8.0_181-b13) (build 1.8.0_181-b13)
# Java VM: Java HotSpot(TM) 64-Bit Server VM (25.181-b13 mixed mode linux-amd64 compressed oops)
Heap:
 PSYoungGen      total 588288K, used 0K [0x00000000d6900000, 0x00000000ffc80000, 0x0000000100000000)
  eden space 505344K, 0% used [0x00000000d6900000,0x00000000d6900000,0x00000000f5680000)
  from space 82944K, 0% used [0x00000000fab80000,0x00000000fab80000,0x00000000ffc80000)
  to   space 84992K, 0% used [0x00000000f5680000,0x00000000f5680000,0x00000000fa980000)
 ParOldGen       total 196608K, used 193797K [0x0000000083a00000, 0x000000008fa00000, 0x00000000d6900000)
  object space 196608K, 98% used [0x0000000083a00000,0x000000008f7417e8,0x000000008fa00000)
 Metaspace       used 43591K, capacity 44546K, committed 44800K, reserved 1087488K
  class space    used 5578K, capacity 5805K, committed 5888K, reserved 1048576K
GC Heap History (10 events):
Event: 82.290 GC heap after
Heap after GC invocations=21 (full 2):
 PSYoungGen      total 515072K, used 61431K [0x00000000d6900000, 0x0000000100000000, 0x0000000100000000)
  eden space 453632K, 0% used [0x00000000d6900000,0x00000000d6900000,0x00000000f2400000)
  from space 61440K, 99% used [0x00000000f2400000,0x00000000f5ffdec0,0x00000000f6000000)
  to   space 76800K, 0% used [0x00000000fb500000,0x00000000fb500000,0x0000000100000000)
 ParOldGen       total 101888K, used 82066K [0x0000000083a00000, 0x0000000089d80000, 0x00000000d6900000)
  object space 101888K, 80% used [0x0000000083a00000,0x0000000088a24b98,0x0000000089d80000)
 Metaspace       used 34574K, capacity 34950K, committed 35200K, reserved 1079296K
  class space    used 4286K, capacity 4399K, committed 4480K, reserved 1048576K
}
Event: 87.350 GC heap before
{Heap before GC invocations=22 (full 2):
 PSYoungGen      total 515072K, used 515063K [0x00000000d6900000, 0x0000000100000000, 0x0000000100000000)
  eden space 453632K, 100% used [0x00000000d6900000,0x00000000f2400000,0x00000000f2400000)
  from space 61440K, 99% used [0x00000000f2400000,0x00000000f5ffdec0,0x00000000f6000000)
  to   space 76800K, 0% used [0x00000000fb500000,0x00000000fb500000,0x0000000100000000)
 ParOldGen       total 101888K, used 82066K [0x0000000083a00000, 0x0000000089d80000, 0x00000000d6900000)
  object space 101888K, 80% used [0x0000000083a00000,0x0000000088a24b98,0x0000000089d80000)
 Metaspace       used 34601K, capacity 34956K, committed 35200K, reserved 1079296K
  class space    used 4288K, capacity 4400K, committed 4480K, reserved 1048576K
Event: 88.031 GC heap after
Heap after GC invocations=22 (full 2):
 PSYoungGen      total 581632K, used 68942K [0x00000000d6900000, 0x0000000100000000, 0x0000000100000000)
  eden space 504832K, 0% used [0x00000000d6900000,0x00000000d6900000,0x00000000f5600000)
  from space 76800K, 89% used [0x00000000fb500000,0x00000000ff853818,0x0000000100000000)
  to   space 87040K, 0% used [0x00000000f5600000,0x00000000f5600000,0x00000000fab00000)
 ParOldGen       total 101888K, used 99905K [0x0000000083a00000, 0x0000000089d80000, 0x00000000d6900000)
  object space 101888K, 98% used [0x0000000083a00000,0x0000000089b90678,0x0000000089d80000)
 Metaspace       used 34601K, capacity 34956K, committed 35200K, reserved 1079296K
  class space    used 4288K, capacity 4400K, committed 4480K, reserved 1048576K
}
Event: 88.032 GC heap before
{Heap before GC invocations=23 (full 3):
 PSYoungGen      total 581632K, used 68942K [0x00000000d6900000, 0x0000000100000000, 0x0000000100000000)
  eden space 504832K, 0% used [0x00000000d6900000,0x00000000d6900000,0x00000000f5600000)
  from space 76800K, 89% used [0x00000000fb500000,0x00000000ff853818,0x0000000100000000)
  to   space 87040K, 0% used [0x00000000f5600000,0x00000000f5600000,0x00000000fab00000)
 ParOldGen       total 101888K, used 99905K [0x0000000083a00000, 0x0000000089d80000, 0x00000000d6900000)
  object space 101888K, 98% used [0x0000000083a00000,0x0000000089b90678,0x0000000089d80000)
 Metaspace       used 34601K, capacity 34956K, committed 35200K, reserved 1079296K
  class space    used 4288K, capacity 4400K, committed 4480K, reserved 1048576K
Event: 92.601 GC heap after
Heap after GC invocations=23 (full 3):
 PSYoungGen      total 581632K, used 59121K [0x00000000d6900000, 0x0000000100000000, 0x0000000100000000)
  eden space 504832K, 0% used [0x00000000d6900000,0x00000000d6900000,0x00000000f5600000)
  from space 76800K, 76% used [0x00000000fb500000,0x00000000feebc5a8,0x0000000100000000)
  to   space 87040K, 0% used [0x00000000f5600000,0x00000000f5600000,0x00000000fab00000)
 ParOldGen       total 196608K, used 101462K [0x0000000083a00000, 0x000000008fa00000, 0x00000000d6900000)
  object space 196608K, 51% used [0x0000000083a00000,0x0000000089d15a08,0x000000008fa00000)
 Metaspace       used 34601K, capacity 34956K, committed 35200K, reserved 1079296K
  class space    used 4288K, capacity 4400K, committed 4480K, reserved 1048576K
}
Event: 105.941 GC heap before
{Heap before GC invocations=24 (full 3):
 PSYoungGen      total 581632K, used 563953K [0x00000000d6900000, 0x0000000100000000, 0x0000000100000000)
  eden space 504832K, 100% used [0x00000000d6900000,0x00000000f5600000,0x00000000f5600000)
  from space 76800K, 76% used [0x00000000fb500000,0x00000000feebc5a8,0x0000000100000000)
  to   space 87040K, 0% used [0x00000000f5600000,0x00000000f5600000,0x00000000fab00000)
 ParOldGen       total 196608K, used 101462K [0x0000000083a00000, 0x000000008fa00000, 0x00000000d6900000)
  object space 196608K, 51% used [0x0000000083a00000,0x0000000089d15a08,0x000000008fa00000)
 Metaspace       used 41899K, capacity 42736K, committed 43008K, reserved 1087488K
  class space    used 5407K, capacity 5606K, committed 5632K, reserved 1048576K
Event: 106.962 GC heap after
Heap after GC invocations=24 (full 3):
 PSYoungGen      total 591872K, used 46386K [0x00000000d6900000, 0x0000000100000000, 0x0000000100000000)
  eden space 504832K, 0% used [0x00000000d6900000,0x00000000d6900000,0x00000000f5600000)
  from space 87040K, 53% used [0x00000000f5600000,0x00000000f834ca18,0x00000000fab00000)
  to   space 86528K, 0% used [0x00000000fab80000,0x00000000fab80000,0x0000000100000000)
 ParOldGen       total 196608K, used 142265K [0x0000000083a00000, 0x000000008fa00000, 0x00000000d6900000)
  object space 196608K, 72% used [0x0000000083a00000,0x000000008c4ee5c0,0x000000008fa00000)
 Metaspace       used 41899K, capacity 42736K, committed 43008K, reserved 1087488K
  class space    used 5407K, capacity 5606K, committed 5632K, reserved 1048576K
}
Event: 116.240 GC heap before
{Heap before GC invocations=25 (full 3):
 PSYoungGen      total 591872K, used 551218K [0x00000000d6900000, 0x0000000100000000, 0x0000000100000000)
  eden space 504832K, 100% used [0x00000000d6900000,0x00000000f5600000,0x00000000f5600000)
  from space 87040K, 53% used [0x00000000f5600000,0x00000000f834ca18,0x00000000fab00000)
  to   space 86528K, 0% used [0x00000000fab80000,0x00000000fab80000,0x0000000100000000)
 ParOldGen       total 196608K, used 142265K [0x0000000083a00000, 0x000000008fa00000, 0x00000000d6900000)
  object space 196608K, 72% used [0x0000000083a00000,0x000000008c4ee5c0,0x000000008fa00000)
 Metaspace       used 43614K, capacity 44582K, committed 44800K, reserved 1087488K
  class space    used 5581K, capacity 5811K, committed 5888K, reserved 1048576K
Event: 116.573 GC heap after
Heap after GC invocations=25 (full 3):
 PSYoungGen      total 588288K, used 11968K [0x00000000d6900000, 0x00000000ffc80000, 0x0000000100000000)
  eden space 505344K, 0% used [0x00000000d6900000,0x00000000d6900000,0x00000000f5680000)
  from space 82944K, 14% used [0x00000000fab80000,0x00000000fb730000,0x00000000ffc80000)
  to   space 84992K, 0% used [0x00000000f5680000,0x00000000f5680000,0x00000000fa980000)
 ParOldGen       total 196608K, used 182362K [0x0000000083a00000, 0x000000008fa00000, 0x00000000d6900000)
  object space 196608K, 92% used [0x0000000083a00000,0x000000008ec16b90,0x000000008fa00000)
 Metaspace       used 43614K, capacity 44582K, committed 44800K, reserved 1087488K
  class space    used 5581K, capacity 5811K, committed 5888K, reserved 1048576K
}
Event: 116.573 GC heap before
{Heap before GC invocations=26 (full 4):
 PSYoungGen      total 588288K, used 11968K [0x00000000d6900000, 0x00000000ffc80000, 0x0000000100000000)
  eden space 505344K, 0% used [0x00000000d6900000,0x00000000d6900000,0x00000000f5680000)
  from space 82944K, 14% used [0x00000000fab80000,0x00000000fb730000,0x00000000ffc80000)
  to   space 84992K, 0% used [0x00000000f5680000,0x00000000f5680000,0x00000000fa980000)
 ParOldGen       total 196608K, used 182362K [0x0000000083a00000, 0x000000008fa00000, 0x00000000d6900000)
  object space 196608K, 92% used [0x0000000083a00000,0x000000008ec16b90,0x000000008fa00000)
 Metaspace       used 43614K, capacity 44582K, committed 44800K, reserved 1087488K
  class space    used 5581K, capacity 5811K, committed 5888K, reserved 1048576K

