# JRE version: Java(TM) SE Runtime Environment (8.0_181-b13) (build 1.8.0_181-b13)
# Java VM: Java HotSpot(TM) 64-Bit Server VM (25.181-b13 mixed mode linux-amd64 compressed oops)
Heap:
 PSYoungGen      total 574976K, used 364921K [0x00000000d6900000, 0x00000000fff00000, 0x0000000100000000)
  eden space 486912K, 64% used [0x00000000d6900000,0x00000000e995d738,0x00000000f4480000)
  from space 88064K, 60% used [0x00000000f9c00000,0x00000000fd000e98,0x00000000ff200000)
  to   space 89600K, 0% used [0x00000000f4480000,0x00000000f4480000,0x00000000f9c00000)
 ParOldGen       total 244736K, used 135826K [0x0000000083a00000, 0x0000000092900000, 0x00000000d6900000)
  object space 244736K, 55% used [0x0000000083a00000,0x000000008bea4908,0x0000000092900000)
 Metaspace       used 24664K, capacity 25318K, committed 25472K, reserved 1071104K
  class space    used 2699K, capacity 2892K, committed 2944K, reserved 1048576K
GC Heap History (10 events):
Event: 32.176 GC heap before
{Heap before GC invocations=13 (full 2):
 PSYoungGen      total 342528K, used 342206K [0x00000000d6900000, 0x00000000f8180000, 0x0000000100000000)
  eden space 293888K, 100% used [0x00000000d6900000,0x00000000e8800000,0x00000000e8800000)
  from space 48640K, 99% used [0x00000000f5200000,0x00000000f812f818,0x00000000f8180000)
  to   space 60416K, 0% used [0x00000000f0b80000,0x00000000f0b80000,0x00000000f4680000)
 ParOldGen       total 158720K, used 86061K [0x0000000083a00000, 0x000000008d500000, 0x00000000d6900000)
  object space 158720K, 54% used [0x0000000083a00000,0x0000000088e0b7e8,0x000000008d500000)
 Metaspace       used 18903K, capacity 19222K, committed 19456K, reserved 1067008K
  class space    used 2153K, capacity 2258K, committed 2304K, reserved 1048576K
Event: 32.532 GC heap after
Heap after GC invocations=13 (full 2):
 PSYoungGen      total 449024K, used 60411K [0x00000000d6900000, 0x00000000f7c80000, 0x0000000100000000)
  eden space 388608K, 0% used [0x00000000d6900000,0x00000000d6900000,0x00000000ee480000)
  from space 60416K, 99% used [0x00000000f0b80000,0x00000000f467efa0,0x00000000f4680000)
  to   space 55296K, 0% used [0x00000000f4680000,0x00000000f4680000,0x00000000f7c80000)
 ParOldGen       total 158720K, used 105969K [0x0000000083a00000, 0x000000008d500000, 0x00000000d6900000)
  object space 158720K, 66% used [0x0000000083a00000,0x000000008a17c700,0x000000008d500000)
 Metaspace       used 18903K, capacity 19222K, committed 19456K, reserved 1067008K
  class space    used 2153K, capacity 2258K, committed 2304K, reserved 1048576K
}
Event: 48.907 GC heap before
{Heap before GC invocations=14 (full 2):
 PSYoungGen      total 449024K, used 449019K [0x00000000d6900000, 0x00000000f7c80000, 0x0000000100000000)
  eden space 388608K, 100% used [0x00000000d6900000,0x00000000ee480000,0x00000000ee480000)
  from space 60416K, 99% used [0x00000000f0b80000,0x00000000f467efa0,0x00000000f4680000)
  to   space 55296K, 0% used [0x00000000f4680000,0x00000000f4680000,0x00000000f7c80000)
 ParOldGen       total 158720K, used 105969K [0x0000000083a00000, 0x000000008d500000, 0x00000000d6900000)
  object space 158720K, 66% used [0x0000000083a00000,0x000000008a17c700,0x000000008d500000)
 Metaspace       used 23247K, capacity 23686K, committed 23808K, reserved 1071104K
  class space    used 2590K, capacity 2738K, committed 2816K, reserved 1048576K
Event: 49.391 GC heap after
Heap after GC invocations=14 (full 2):
 PSYoungGen      total 452096K, used 55291K [0x00000000d6900000, 0x0000000100000000, 0x0000000100000000)
  eden space 396800K, 0% used [0x00000000d6900000,0x00000000d6900000,0x00000000eec80000)
  from space 55296K, 99% used [0x00000000f4680000,0x00000000f7c7ec80,0x00000000f7c80000)
  to   space 92160K, 0% used [0x00000000eec80000,0x00000000eec80000,0x00000000f4680000)
 ParOldGen       total 158720K, used 131838K [0x0000000083a00000, 0x000000008d500000, 0x00000000d6900000)
  object space 158720K, 83% used [0x0000000083a00000,0x000000008babf970,0x000000008d500000)
 Metaspace       used 23247K, capacity 23686K, committed 23808K, reserved 1071104K
  class space    used 2590K, capacity 2738K, committed 2816K, reserved 1048576K
}
Event: 49.391 GC heap before
{Heap before GC invocations=15 (full 3):
 PSYoungGen      total 452096K, used 55291K [0x00000000d6900000, 0x0000000100000000, 0x0000000100000000)
  eden space 396800K, 0% used [0x00000000d6900000,0x00000000d6900000,0x00000000eec80000)
  from space 55296K, 99% used [0x00000000f4680000,0x00000000f7c7ec80,0x00000000f7c80000)
  to   space 92160K, 0% used [0x00000000eec80000,0x00000000eec80000,0x00000000f4680000)
 ParOldGen       total 158720K, used 131838K [0x0000000083a00000, 0x000000008d500000, 0x00000000d6900000)
  object space 158720K, 83% used [0x0000000083a00000,0x000000008babf970,0x000000008d500000)
 Metaspace       used 23247K, capacity 23686K, committed 23808K, reserved 1071104K
  class space    used 2590K, capacity 2738K, committed 2816K, reserved 1048576K
Event: 52.288 GC heap after
Heap after GC invocations=15 (full 3):
 PSYoungGen      total 452096K, used 0K [0x00000000d6900000, 0x0000000100000000, 0x0000000100000000)
  eden space 396800K, 0% used [0x00000000d6900000,0x00000000d6900000,0x00000000eec80000)
  from space 55296K, 0% used [0x00000000f4680000,0x00000000f4680000,0x00000000f7c80000)
  to   space 92160K, 0% used [0x00000000eec80000,0x00000000eec80000,0x00000000f4680000)
 ParOldGen       total 244736K, used 135818K [0x0000000083a00000, 0x0000000092900000, 0x00000000d6900000)
  object space 244736K, 55% used [0x0000000083a00000,0x000000008bea2908,0x0000000092900000)
 Metaspace       used 23247K, capacity 23686K, committed 23808K, reserved 1071104K
  class space    used 2590K, capacity 2738K, committed 2816K, reserved 1048576K
}
Event: 61.183 GC heap before
{Heap before GC invocations=16 (full 3):
 PSYoungGen      total 452096K, used 396800K [0x00000000d6900000, 0x0000000100000000, 0x0000000100000000)
  eden space 396800K, 100% used [0x00000000d6900000,0x00000000eec80000,0x00000000eec80000)
  from space 55296K, 0% used [0x00000000f4680000,0x00000000f4680000,0x00000000f7c80000)
  to   space 92160K, 0% used [0x00000000eec80000,0x00000000eec80000,0x00000000f4680000)
 ParOldGen       total 244736K, used 135818K [0x0000000083a00000, 0x0000000092900000, 0x00000000d6900000)
  object space 244736K, 55% used [0x0000000083a00000,0x000000008bea2908,0x0000000092900000)
 Metaspace       used 23376K, capacity 23756K, committed 24064K, reserved 1071104K
  class space    used 2593K, capacity 2739K, committed 2816K, reserved 1048576K
Event: 61.475 GC heap after
Heap after GC invocations=16 (full 3):
 PSYoungGen      total 488960K, used 25517K [0x00000000d6900000, 0x00000000ff200000, 0x0000000100000000)
  eden space 396800K, 0% used [0x00000000d6900000,0x00000000d6900000,0x00000000eec80000)
  from space 92160K, 27% used [0x00000000eec80000,0x00000000f056b500,0x00000000f4680000)
  to   space 88064K, 0% used [0x00000000f9c00000,0x00000000f9c00000,0x00000000ff200000)
 ParOldGen       total 244736K, used 135826K [0x0000000083a00000, 0x0000000092900000, 0x00000000d6900000)
  object space 244736K, 55% used [0x0000000083a00000,0x000000008bea4908,0x0000000092900000)
 Metaspace       used 23376K, capacity 23756K, committed 24064K, reserved 1071104K
  class space    used 2593K, capacity 2739K, committed 2816K, reserved 1048576K
}
Event: 67.408 GC heap before
{Heap before GC invocations=17 (full 3):
 PSYoungGen      total 488960K, used 422317K [0x00000000d6900000, 0x00000000ff200000, 0x0000000100000000)
  eden space 396800K, 100% used [0x00000000d6900000,0x00000000eec80000,0x00000000eec80000)
  from space 92160K, 27% used [0x00000000eec80000,0x00000000f056b500,0x00000000f4680000)
  to   space 88064K, 0% used [0x00000000f9c00000,0x00000000f9c00000,0x00000000ff200000)
 ParOldGen       total 244736K, used 135826K [0x0000000083a00000, 0x0000000092900000, 0x00000000d6900000)
  object space 244736K, 55% used [0x0000000083a00000,0x000000008bea4908,0x0000000092900000)
 Metaspace       used 23389K, capacity 23894K, committed 24064K, reserved 1071104K
  class space    used 2594K, capacity 2740K, committed 2816K, reserved 1048576K
Event: 68.110 GC heap after
Heap after GC invocations=17 (full 3):
 PSYoungGen      total 574976K, used 53251K [0x00000000d6900000, 0x00000000fff00000, 0x0000000100000000)
  eden space 486912K, 0% used [0x00000000d6900000,0x00000000d6900000,0x00000000f4480000)
  from space 88064K, 60% used [0x00000000f9c00000,0x00000000fd000e98,0x00000000ff200000)
  to   space 89600K, 0% used [0x00000000f4480000,0x00000000f4480000,0x00000000f9c00000)
 ParOldGen       total 244736K, used 135826K [0x0000000083a00000, 0x0000000092900000, 0x00000000d6900000)
  object space 244736K, 55% used [0x0000000083a00000,0x000000008bea4908,0x0000000092900000)
 Metaspace       used 23389K, capacity 23894K, committed 24064K, reserved 1071104K
  class space    used 2594K, capacity 2740K, committed 2816K, reserved 1048576K
}

