# JRE version: Java(TM) SE Runtime Environment (8.0_181-b13) (build 1.8.0_181-b13)
# Java VM: Java HotSpot(TM) 64-Bit Server VM (25.181-b13 mixed mode linux-amd64 compressed oops)
Heap:
 PSYoungGen      total 563712K, used 14677K [0x00000000d6900000, 0x00000000ff580000, 0x0000000100000000)
  eden space 460288K, 0% used [0x00000000d6900000,0x00000000d6900000,0x00000000f2a80000)
  from space 103424K, 14% used [0x00000000f2a80000,0x00000000f38d5578,0x00000000f8f80000)
  to   space 104448K, 0% used [0x00000000f8f80000,0x00000000f8f80000,0x00000000ff580000)
 ParOldGen       total 409088K, used 269914K [0x0000000083a00000, 0x000000009c980000, 0x00000000d6900000)
  object space 409088K, 65% used [0x0000000083a00000,0x0000000094196900,0x000000009c980000)
 Metaspace       used 30274K, capacity 30910K, committed 31232K, reserved 1077248K
  class space    used 3362K, capacity 3513K, committed 3584K, reserved 1048576K
GC Heap History (10 events):
Event: 98.043 GC heap after
Heap after GC invocations=30 (full 4):
 PSYoungGen      total 549376K, used 32K [0x00000000d6900000, 0x0000000100000000, 0x0000000100000000)
  eden space 436736K, 0% used [0x00000000d6900000,0x00000000d6900000,0x00000000f1380000)
  from space 112640K, 0% used [0x00000000f8480000,0x00000000f8488000,0x00000000ff280000)
  to   space 115712K, 0% used [0x00000000f1380000,0x00000000f1380000,0x00000000f8480000)
 ParOldGen       total 409088K, used 251922K [0x0000000083a00000, 0x000000009c980000, 0x00000000d6900000)
  object space 409088K, 61% used [0x0000000083a00000,0x0000000093004910,0x000000009c980000)
 Metaspace       used 28924K, capacity 29338K, committed 29568K, reserved 1075200K
  class space    used 3246K, capacity 3383K, committed 3456K, reserved 1048576K
}
Event: 100.324 GC heap before
{Heap before GC invocations=31 (full 4):
 PSYoungGen      total 549376K, used 436768K [0x00000000d6900000, 0x0000000100000000, 0x0000000100000000)
  eden space 436736K, 100% used [0x00000000d6900000,0x00000000f1380000,0x00000000f1380000)
  from space 112640K, 0% used [0x00000000f8480000,0x00000000f8488000,0x00000000ff280000)
  to   space 115712K, 0% used [0x00000000f1380000,0x00000000f1380000,0x00000000f8480000)
 ParOldGen       total 409088K, used 251922K [0x0000000083a00000, 0x000000009c980000, 0x00000000d6900000)
  object space 409088K, 61% used [0x0000000083a00000,0x0000000093004910,0x000000009c980000)
 Metaspace       used 28931K, capacity 29338K, committed 29568K, reserved 1075200K
  class space    used 3246K, capacity 3383K, committed 3456K, reserved 1048576K
Event: 100.440 GC heap after
Heap after GC invocations=31 (full 4):
 PSYoungGen      total 552448K, used 17555K [0x00000000d6900000, 0x0000000100000000, 0x0000000100000000)
  eden space 436736K, 0% used [0x00000000d6900000,0x00000000d6900000,0x00000000f1380000)
  from space 115712K, 15% used [0x00000000f1380000,0x00000000f24a4cf0,0x00000000f8480000)
  to   space 114176K, 0% used [0x00000000f9080000,0x00000000f9080000,0x0000000100000000)
 ParOldGen       total 409088K, used 251922K [0x0000000083a00000, 0x000000009c980000, 0x00000000d6900000)
  object space 409088K, 61% used [0x0000000083a00000,0x0000000093004910,0x000000009c980000)
 Metaspace       used 28931K, capacity 29338K, committed 29568K, reserved 1075200K
  class space    used 3246K, capacity 3383K, committed 3456K, reserved 1048576K
}
Event: 101.088 GC heap before
{Heap before GC invocations=32 (full 4):
 PSYoungGen      total 552448K, used 454291K [0x00000000d6900000, 0x0000000100000000, 0x0000000100000000)
  eden space 436736K, 100% used [0x00000000d6900000,0x00000000f1380000,0x00000000f1380000)
  from space 115712K, 15% used [0x00000000f1380000,0x00000000f24a4cf0,0x00000000f8480000)
  to   space 114176K, 0% used [0x00000000f9080000,0x00000000f9080000,0x0000000100000000)
 ParOldGen       total 409088K, used 251922K [0x0000000083a00000, 0x000000009c980000, 0x00000000d6900000)
  object space 409088K, 61% used [0x0000000083a00000,0x0000000093004910,0x000000009c980000)
 Metaspace       used 28931K, capacity 29338K, committed 29568K, reserved 1075200K
  class space    used 3246K, capacity 3383K, committed 3456K, reserved 1048576K
Event: 101.180 GC heap after
Heap after GC invocations=32 (full 4):
 PSYoungGen      total 557568K, used 17555K [0x00000000d6900000, 0x00000000ffa80000, 0x0000000100000000)
  eden space 449024K, 0% used [0x00000000d6900000,0x00000000d6900000,0x00000000f1f80000)
  from space 108544K, 16% used [0x00000000f9080000,0x00000000fa1a4cf0,0x00000000ffa80000)
  to   space 112128K, 0% used [0x00000000f1f80000,0x00000000f1f80000,0x00000000f8d00000)
 ParOldGen       total 409088K, used 251922K [0x0000000083a00000, 0x000000009c980000, 0x00000000d6900000)
  object space 409088K, 61% used [0x0000000083a00000,0x0000000093004910,0x000000009c980000)
 Metaspace       used 28931K, capacity 29338K, committed 29568K, reserved 1075200K
  class space    used 3246K, capacity 3383K, committed 3456K, reserved 1048576K
}
Event: 104.027 GC heap before
{Heap before GC invocations=33 (full 4):
 PSYoungGen      total 557568K, used 466579K [0x00000000d6900000, 0x00000000ffa80000, 0x0000000100000000)
  eden space 449024K, 100% used [0x00000000d6900000,0x00000000f1f80000,0x00000000f1f80000)
  from space 108544K, 16% used [0x00000000f9080000,0x00000000fa1a4cf0,0x00000000ffa80000)
  to   space 112128K, 0% used [0x00000000f1f80000,0x00000000f1f80000,0x00000000f8d00000)
 ParOldGen       total 409088K, used 251922K [0x0000000083a00000, 0x000000009c980000, 0x00000000d6900000)
  object space 409088K, 61% used [0x0000000083a00000,0x0000000093004910,0x000000009c980000)
 Metaspace       used 28934K, capacity 29338K, committed 29568K, reserved 1075200K
  class space    used 3246K, capacity 3383K, committed 3456K, reserved 1048576K
Event: 104.402 GC heap after
Heap after GC invocations=33 (full 4):
 PSYoungGen      total 561152K, used 42970K [0x00000000d6900000, 0x00000000ff680000, 0x0000000100000000)
  eden space 449024K, 0% used [0x00000000d6900000,0x00000000d6900000,0x00000000f1f80000)
  from space 112128K, 38% used [0x00000000f1f80000,0x00000000f49769c0,0x00000000f8d00000)
  to   space 105472K, 0% used [0x00000000f8f80000,0x00000000f8f80000,0x00000000ff680000)
 ParOldGen       total 409088K, used 251946K [0x0000000083a00000, 0x000000009c980000, 0x00000000d6900000)
  object space 409088K, 61% used [0x0000000083a00000,0x000000009300a910,0x000000009c980000)
 Metaspace       used 28934K, capacity 29338K, committed 29568K, reserved 1075200K
  class space    used 3246K, capacity 3383K, committed 3456K, reserved 1048576K
}
Event: 108.850 GC heap before
{Heap before GC invocations=34 (full 4):
 PSYoungGen      total 561152K, used 491994K [0x00000000d6900000, 0x00000000ff680000, 0x0000000100000000)
  eden space 449024K, 100% used [0x00000000d6900000,0x00000000f1f80000,0x00000000f1f80000)
  from space 112128K, 38% used [0x00000000f1f80000,0x00000000f49769c0,0x00000000f8d00000)
  to   space 105472K, 0% used [0x00000000f8f80000,0x00000000f8f80000,0x00000000ff680000)
 ParOldGen       total 409088K, used 251946K [0x0000000083a00000, 0x000000009c980000, 0x00000000d6900000)
  object space 409088K, 61% used [0x0000000083a00000,0x000000009300a910,0x000000009c980000)
 Metaspace       used 28948K, capacity 29338K, committed 29568K, reserved 1075200K
  class space    used 3246K, capacity 3383K, committed 3456K, reserved 1048576K
Event: 109.636 GC heap after
Heap after GC invocations=34 (full 4):
 PSYoungGen      total 564736K, used 54599K [0x00000000d6900000, 0x00000000ff580000, 0x0000000100000000)
  eden space 460288K, 0% used [0x00000000d6900000,0x00000000d6900000,0x00000000f2a80000)
  from space 104448K, 52% used [0x00000000f8f80000,0x00000000fc4d1e60,0x00000000ff580000)
  to   space 103424K, 0% used [0x00000000f2a80000,0x00000000f2a80000,0x00000000f8f80000)
 ParOldGen       total 409088K, used 269477K [0x0000000083a00000, 0x000000009c980000, 0x00000000d6900000)
  object space 409088K, 65% used [0x0000000083a00000,0x0000000094129420,0x000000009c980000)
 Metaspace       used 28948K, capacity 29338K, committed 29568K, reserved 1075200K
  class space    used 3246K, capacity 3383K, committed 3456K, reserved 1048576K
}
Event: 121.275 GC heap before
{Heap before GC invocations=35 (full 4):
 PSYoungGen      total 564736K, used 514887K [0x00000000d6900000, 0x00000000ff580000, 0x0000000100000000)
  eden space 460288K, 100% used [0x00000000d6900000,0x00000000f2a80000,0x00000000f2a80000)
  from space 104448K, 52% used [0x00000000f8f80000,0x00000000fc4d1e60,0x00000000ff580000)
  to   space 103424K, 0% used [0x00000000f2a80000,0x00000000f2a80000,0x00000000f8f80000)
 ParOldGen       total 409088K, used 269477K [0x0000000083a00000, 0x000000009c980000, 0x00000000d6900000)
  object space 409088K, 65% used [0x0000000083a00000,0x0000000094129420,0x000000009c980000)
 Metaspace       used 30274K, capacity 30910K, committed 31232K, reserved 1077248K
  class space    used 3362K, capacity 3513K, committed 3584K, reserved 1048576K

