# JRE version: Java(TM) SE Runtime Environment (8.0_181-b13) (build 1.8.0_181-b13)
# Java VM: Java HotSpot(TM) 64-Bit Server VM (25.181-b13 mixed mode linux-amd64 compressed oops)
Heap:
 PSYoungGen      total 128512K, used 10620K [0x00000000d6900000, 0x00000000df200000, 0x0000000100000000)
  eden space 116736K, 0% used [0x00000000d6900000,0x00000000d6900000,0x00000000ddb00000)
  from space 11776K, 90% used [0x00000000ddb00000,0x00000000de55f1f0,0x00000000de680000)
  to   space 11776K, 0% used [0x00000000de680000,0x00000000de680000,0x00000000df200000)
 ParOldGen       total 86016K, used 21812K [0x0000000083a00000, 0x0000000088e00000, 0x00000000d6900000)
  object space 86016K, 25% used [0x0000000083a00000,0x0000000084f4d208,0x0000000088e00000)
 Metaspace       used 14153K, capacity 14582K, committed 14848K, reserved 1062912K
  class space    used 1591K, capacity 1710K, committed 1792K, reserved 1048576K
GC Heap History (10 events):
Event: 121.314 GC heap after
Heap after GC invocations=5 (full 1):
 PSYoungGen      total 37888K, used 5112K [0x00000000d6900000, 0x00000000d9300000, 0x0000000100000000)
  eden space 32768K, 0% used [0x00000000d6900000,0x00000000d6900000,0x00000000d8900000)
  from space 5120K, 99% used [0x00000000d8e00000,0x00000000d92fe1c0,0x00000000d9300000)
  to   space 5120K, 0% used [0x00000000d8900000,0x00000000d8900000,0x00000000d8e00000)
 ParOldGen       total 86016K, used 16626K [0x0000000083a00000, 0x0000000088e00000, 0x00000000d6900000)
  object space 86016K, 19% used [0x0000000083a00000,0x0000000084a3cad8,0x0000000088e00000)
 Metaspace       used 13888K, capacity 14254K, committed 14592K, reserved 1062912K
  class space    used 1588K, capacity 1708K, committed 1792K, reserved 1048576K
}
Event: 121.451 GC heap before
{Heap before GC invocations=6 (full 1):
 PSYoungGen      total 37888K, used 37880K [0x00000000d6900000, 0x00000000d9300000, 0x0000000100000000)
  eden space 32768K, 100% used [0x00000000d6900000,0x00000000d8900000,0x00000000d8900000)
  from space 5120K, 99% used [0x00000000d8e00000,0x00000000d92fe1c0,0x00000000d9300000)
  to   space 5120K, 0% used [0x00000000d8900000,0x00000000d8900000,0x00000000d8e00000)
 ParOldGen       total 86016K, used 16626K [0x0000000083a00000, 0x0000000088e00000, 0x00000000d6900000)
  object space 86016K, 19% used [0x0000000083a00000,0x0000000084a3cad8,0x0000000088e00000)
 Metaspace       used 13888K, capacity 14254K, committed 14592K, reserved 1062912K
  class space    used 1588K, capacity 1708K, committed 1792K, reserved 1048576K
Event: 121.462 GC heap after
Heap after GC invocations=6 (full 1):
 PSYoungGen      total 37888K, used 5112K [0x00000000d6900000, 0x00000000db300000, 0x0000000100000000)
  eden space 32768K, 0% used [0x00000000d6900000,0x00000000d6900000,0x00000000d8900000)
  from space 5120K, 99% used [0x00000000d8900000,0x00000000d8dfe1c0,0x00000000d8e00000)
  to   space 5120K, 0% used [0x00000000dae00000,0x00000000dae00000,0x00000000db300000)
 ParOldGen       total 86016K, used 16626K [0x0000000083a00000, 0x0000000088e00000, 0x00000000d6900000)
  object space 86016K, 19% used [0x0000000083a00000,0x0000000084a3cad8,0x0000000088e00000)
 Metaspace       used 13888K, capacity 14254K, committed 14592K, reserved 1062912K
  class space    used 1588K, capacity 1708K, committed 1792K, reserved 1048576K
}
Event: 121.659 GC heap before
{Heap before GC invocations=7 (full 1):
 PSYoungGen      total 37888K, used 37880K [0x00000000d6900000, 0x00000000db300000, 0x0000000100000000)
  eden space 32768K, 100% used [0x00000000d6900000,0x00000000d8900000,0x00000000d8900000)
  from space 5120K, 99% used [0x00000000d8900000,0x00000000d8dfe1c0,0x00000000d8e00000)
  to   space 5120K, 0% used [0x00000000dae00000,0x00000000dae00000,0x00000000db300000)
 ParOldGen       total 86016K, used 16626K [0x0000000083a00000, 0x0000000088e00000, 0x00000000d6900000)
  object space 86016K, 19% used [0x0000000083a00000,0x0000000084a3cad8,0x0000000088e00000)
 Metaspace       used 13929K, capacity 14318K, committed 14592K, reserved 1062912K
  class space    used 1588K, capacity 1708K, committed 1792K, reserved 1048576K
Event: 121.674 GC heap after
Heap after GC invocations=7 (full 1):
 PSYoungGen      total 63488K, used 5112K [0x00000000d6900000, 0x00000000dc100000, 0x0000000100000000)
  eden space 58368K, 0% used [0x00000000d6900000,0x00000000d6900000,0x00000000da200000)
  from space 5120K, 99% used [0x00000000dae00000,0x00000000db2fe1c0,0x00000000db300000)
  to   space 12288K, 0% used [0x00000000da200000,0x00000000da200000,0x00000000dae00000)
 ParOldGen       total 86016K, used 16990K [0x0000000083a00000, 0x0000000088e00000, 0x00000000d6900000)
  object space 86016K, 19% used [0x0000000083a00000,0x0000000084a97af8,0x0000000088e00000)
 Metaspace       used 13929K, capacity 14318K, committed 14592K, reserved 1062912K
  class space    used 1588K, capacity 1708K, committed 1792K, reserved 1048576K
}
Event: 122.395 GC heap before
{Heap before GC invocations=8 (full 1):
 PSYoungGen      total 63488K, used 63480K [0x00000000d6900000, 0x00000000dc100000, 0x0000000100000000)
  eden space 58368K, 100% used [0x00000000d6900000,0x00000000da200000,0x00000000da200000)
  from space 5120K, 99% used [0x00000000dae00000,0x00000000db2fe1c0,0x00000000db300000)
  to   space 12288K, 0% used [0x00000000da200000,0x00000000da200000,0x00000000dae00000)
 ParOldGen       total 86016K, used 16990K [0x0000000083a00000, 0x0000000088e00000, 0x00000000d6900000)
  object space 86016K, 19% used [0x0000000083a00000,0x0000000084a97af8,0x0000000088e00000)
 Metaspace       used 13980K, capacity 14382K, committed 14592K, reserved 1062912K
  class space    used 1588K, capacity 1708K, committed 1792K, reserved 1048576K
Event: 122.458 GC heap after
Heap after GC invocations=8 (full 1):
 PSYoungGen      total 70656K, used 6104K [0x00000000d6900000, 0x00000000df200000, 0x0000000100000000)
  eden space 58368K, 0% used [0x00000000d6900000,0x00000000d6900000,0x00000000da200000)
  from space 12288K, 49% used [0x00000000da200000,0x00000000da7f61c0,0x00000000dae00000)
  to   space 11776K, 0% used [0x00000000de680000,0x00000000de680000,0x00000000df200000)
 ParOldGen       total 86016K, used 16998K [0x0000000083a00000, 0x0000000088e00000, 0x00000000d6900000)
  object space 86016K, 19% used [0x0000000083a00000,0x0000000084a99af8,0x0000000088e00000)
 Metaspace       used 13980K, capacity 14382K, committed 14592K, reserved 1062912K
  class space    used 1588K, capacity 1708K, committed 1792K, reserved 1048576K
}
Event: 123.011 GC heap before
{Heap before GC invocations=9 (full 1):
 PSYoungGen      total 70656K, used 64472K [0x00000000d6900000, 0x00000000df200000, 0x0000000100000000)
  eden space 58368K, 100% used [0x00000000d6900000,0x00000000da200000,0x00000000da200000)
  from space 12288K, 49% used [0x00000000da200000,0x00000000da7f61c0,0x00000000dae00000)
  to   space 11776K, 0% used [0x00000000de680000,0x00000000de680000,0x00000000df200000)
 ParOldGen       total 86016K, used 16998K [0x0000000083a00000, 0x0000000088e00000, 0x00000000d6900000)
  object space 86016K, 19% used [0x0000000083a00000,0x0000000084a99af8,0x0000000088e00000)
 Metaspace       used 14050K, capacity 14446K, committed 14592K, reserved 1062912K
  class space    used 1588K, capacity 1708K, committed 1792K, reserved 1048576K
Event: 123.092 GC heap after
Heap after GC invocations=9 (full 1):
 PSYoungGen      total 128512K, used 4640K [0x00000000d6900000, 0x00000000df200000, 0x0000000100000000)
  eden space 116736K, 0% used [0x00000000d6900000,0x00000000d6900000,0x00000000ddb00000)
  from space 11776K, 39% used [0x00000000de680000,0x00000000deb08010,0x00000000df200000)
  to   space 11776K, 0% used [0x00000000ddb00000,0x00000000ddb00000,0x00000000de680000)
 ParOldGen       total 86016K, used 20756K [0x0000000083a00000, 0x0000000088e00000, 0x00000000d6900000)
  object space 86016K, 24% used [0x0000000083a00000,0x0000000084e45208,0x0000000088e00000)
 Metaspace       used 14050K, capacity 14446K, committed 14592K, reserved 1062912K
  class space    used 1588K, capacity 1708K, committed 1792K, reserved 1048576K
}
Event: 124.710 GC heap before
{Heap before GC invocations=10 (full 1):
 PSYoungGen      total 128512K, used 121376K [0x00000000d6900000, 0x00000000df200000, 0x0000000100000000)
  eden space 116736K, 100% used [0x00000000d6900000,0x00000000ddb00000,0x00000000ddb00000)
  from space 11776K, 39% used [0x00000000de680000,0x00000000deb08010,0x00000000df200000)
  to   space 11776K, 0% used [0x00000000ddb00000,0x00000000ddb00000,0x00000000de680000)
 ParOldGen       total 86016K, used 20756K [0x0000000083a00000, 0x0000000088e00000, 0x00000000d6900000)
  object space 86016K, 24% used [0x0000000083a00000,0x0000000084e45208,0x0000000088e00000)
 Metaspace       used 14153K, capacity 14582K, committed 14848K, reserved 1062912K
  class space    used 1591K, capacity 1710K, committed 1792K, reserved 1048576K

