# JRE version: Java(TM) SE Runtime Environment (8.0_181-b13) (build 1.8.0_181-b13)
# Java VM: Java HotSpot(TM) 64-Bit Server VM (25.181-b13 mixed mode linux-amd64 compressed oops)
Heap:
 PSYoungGen      total 262144K, used 9000K [0x00000000d6900000, 0x00000000e7200000, 0x0000000100000000)
  eden space 252928K, 0% used [0x00000000d6900000,0x00000000d6900000,0x00000000e6000000)
  from space 9216K, 97% used [0x00000000e6000000,0x00000000e68ca090,0x00000000e6900000)
  to   space 9216K, 0% used [0x00000000e6900000,0x00000000e6900000,0x00000000e7200000)
 ParOldGen       total 86016K, used 19698K [0x0000000083a00000, 0x0000000088e00000, 0x00000000d6900000)
  object space 86016K, 22% used [0x0000000083a00000,0x0000000084d3c938,0x0000000088e00000)
 Metaspace       used 14068K, capacity 14468K, committed 14848K, reserved 1062912K
  class space    used 1579K, capacity 1701K, committed 1792K, reserved 1048576K
GC Heap History (10 events):
Event: 129.068 GC heap after
Heap after GC invocations=5 (full 1):
 PSYoungGen      total 70656K, used 5093K [0x00000000d6900000, 0x00000000db300000, 0x0000000100000000)
  eden space 65536K, 0% used [0x00000000d6900000,0x00000000d6900000,0x00000000da900000)
  from space 5120K, 99% used [0x00000000dae00000,0x00000000db2f97d0,0x00000000db300000)
  to   space 5120K, 0% used [0x00000000da900000,0x00000000da900000,0x00000000dae00000)
 ParOldGen       total 86016K, used 10244K [0x0000000083a00000, 0x0000000088e00000, 0x00000000d6900000)
  object space 86016K, 11% used [0x0000000083a00000,0x00000000844013c0,0x0000000088e00000)
 Metaspace       used 13953K, capacity 14404K, committed 14592K, reserved 1062912K
  class space    used 1579K, capacity 1701K, committed 1792K, reserved 1048576K
}
Event: 130.687 GC heap before
{Heap before GC invocations=6 (full 1):
 PSYoungGen      total 70656K, used 70629K [0x00000000d6900000, 0x00000000db300000, 0x0000000100000000)
  eden space 65536K, 100% used [0x00000000d6900000,0x00000000da900000,0x00000000da900000)
  from space 5120K, 99% used [0x00000000dae00000,0x00000000db2f97d0,0x00000000db300000)
  to   space 5120K, 0% used [0x00000000da900000,0x00000000da900000,0x00000000dae00000)
 ParOldGen       total 86016K, used 10244K [0x0000000083a00000, 0x0000000088e00000, 0x00000000d6900000)
  object space 86016K, 11% used [0x0000000083a00000,0x00000000844013c0,0x0000000088e00000)
 Metaspace       used 14008K, capacity 14404K, committed 14592K, reserved 1062912K
  class space    used 1579K, capacity 1701K, committed 1792K, reserved 1048576K
Event: 130.781 GC heap after
Heap after GC invocations=6 (full 1):
 PSYoungGen      total 70656K, used 5110K [0x00000000d6900000, 0x00000000df300000, 0x0000000100000000)
  eden space 65536K, 0% used [0x00000000d6900000,0x00000000d6900000,0x00000000da900000)
  from space 5120K, 99% used [0x00000000da900000,0x00000000dadfd810,0x00000000dae00000)
  to   space 5120K, 0% used [0x00000000dee00000,0x00000000dee00000,0x00000000df300000)
 ParOldGen       total 86016K, used 13580K [0x0000000083a00000, 0x0000000088e00000, 0x00000000d6900000)
  object space 86016K, 15% used [0x0000000083a00000,0x0000000084743090,0x0000000088e00000)
 Metaspace       used 14008K, capacity 14404K, committed 14592K, reserved 1062912K
  class space    used 1579K, capacity 1701K, committed 1792K, reserved 1048576K
}
Event: 131.541 GC heap before
{Heap before GC invocations=7 (full 1):
 PSYoungGen      total 70656K, used 70646K [0x00000000d6900000, 0x00000000df300000, 0x0000000100000000)
  eden space 65536K, 100% used [0x00000000d6900000,0x00000000da900000,0x00000000da900000)
  from space 5120K, 99% used [0x00000000da900000,0x00000000dadfd810,0x00000000dae00000)
  to   space 5120K, 0% used [0x00000000dee00000,0x00000000dee00000,0x00000000df300000)
 ParOldGen       total 86016K, used 13580K [0x0000000083a00000, 0x0000000088e00000, 0x00000000d6900000)
  object space 86016K, 15% used [0x0000000083a00000,0x0000000084743090,0x0000000088e00000)
 Metaspace       used 14011K, capacity 14404K, committed 14592K, reserved 1062912K
  class space    used 1579K, capacity 1701K, committed 1792K, reserved 1048576K
Event: 131.609 GC heap after
Heap after GC invocations=7 (full 1):
 PSYoungGen      total 131584K, used 5110K [0x00000000d6900000, 0x00000000dfc00000, 0x0000000100000000)
  eden space 126464K, 0% used [0x00000000d6900000,0x00000000d6900000,0x00000000de480000)
  from space 5120K, 99% used [0x00000000dee00000,0x00000000df2fd810,0x00000000df300000)
  to   space 9728K, 0% used [0x00000000de480000,0x00000000de480000,0x00000000dee00000)
 ParOldGen       total 86016K, used 14636K [0x0000000083a00000, 0x0000000088e00000, 0x00000000d6900000)
  object space 86016K, 17% used [0x0000000083a00000,0x000000008484b0b0,0x0000000088e00000)
 Metaspace       used 14011K, capacity 14404K, committed 14592K, reserved 1062912K
  class space    used 1579K, capacity 1701K, committed 1792K, reserved 1048576K
}
Event: 133.520 GC heap before
{Heap before GC invocations=8 (full 1):
 PSYoungGen      total 131584K, used 131574K [0x00000000d6900000, 0x00000000dfc00000, 0x0000000100000000)
  eden space 126464K, 100% used [0x00000000d6900000,0x00000000de480000,0x00000000de480000)
  from space 5120K, 99% used [0x00000000dee00000,0x00000000df2fd810,0x00000000df300000)
  to   space 9728K, 0% used [0x00000000de480000,0x00000000de480000,0x00000000dee00000)
 ParOldGen       total 86016K, used 14636K [0x0000000083a00000, 0x0000000088e00000, 0x00000000d6900000)
  object space 86016K, 17% used [0x0000000083a00000,0x000000008484b0b0,0x0000000088e00000)
 Metaspace       used 14019K, capacity 14404K, committed 14592K, reserved 1062912K
  class space    used 1579K, capacity 1701K, committed 1792K, reserved 1048576K
Event: 133.603 GC heap after
Heap after GC invocations=8 (full 1):
 PSYoungGen      total 136192K, used 5865K [0x00000000d6900000, 0x00000000e7200000, 0x0000000100000000)
  eden space 126464K, 0% used [0x00000000d6900000,0x00000000d6900000,0x00000000de480000)
  from space 9728K, 60% used [0x00000000de480000,0x00000000dea3a7d0,0x00000000dee00000)
  to   space 9216K, 0% used [0x00000000e6900000,0x00000000e6900000,0x00000000e7200000)
 ParOldGen       total 86016K, used 14644K [0x0000000083a00000, 0x0000000088e00000, 0x00000000d6900000)
  object space 86016K, 17% used [0x0000000083a00000,0x000000008484d0b0,0x0000000088e00000)
 Metaspace       used 14019K, capacity 14404K, committed 14592K, reserved 1062912K
  class space    used 1579K, capacity 1701K, committed 1792K, reserved 1048576K
}
Event: 135.021 GC heap before
{Heap before GC invocations=9 (full 1):
 PSYoungGen      total 136192K, used 132329K [0x00000000d6900000, 0x00000000e7200000, 0x0000000100000000)
  eden space 126464K, 100% used [0x00000000d6900000,0x00000000de480000,0x00000000de480000)
  from space 9728K, 60% used [0x00000000de480000,0x00000000dea3a7d0,0x00000000dee00000)
  to   space 9216K, 0% used [0x00000000e6900000,0x00000000e6900000,0x00000000e7200000)
 ParOldGen       total 86016K, used 14644K [0x0000000083a00000, 0x0000000088e00000, 0x00000000d6900000)
  object space 86016K, 17% used [0x0000000083a00000,0x000000008484d0b0,0x0000000088e00000)
 Metaspace       used 14031K, capacity 14468K, committed 14848K, reserved 1062912K
  class space    used 1579K, capacity 1701K, committed 1792K, reserved 1048576K
Event: 135.119 GC heap after
Heap after GC invocations=9 (full 1):
 PSYoungGen      total 262144K, used 5268K [0x00000000d6900000, 0x00000000e7200000, 0x0000000100000000)
  eden space 252928K, 0% used [0x00000000d6900000,0x00000000d6900000,0x00000000e6000000)
  from space 9216K, 57% used [0x00000000e6900000,0x00000000e6e25050,0x00000000e7200000)
  to   space 9216K, 0% used [0x00000000e6000000,0x00000000e6000000,0x00000000e6900000)
 ParOldGen       total 86016K, used 16922K [0x0000000083a00000, 0x0000000088e00000, 0x00000000d6900000)
  object space 86016K, 19% used [0x0000000083a00000,0x0000000084a86938,0x0000000088e00000)
 Metaspace       used 14031K, capacity 14468K, committed 14848K, reserved 1062912K
  class space    used 1579K, capacity 1701K, committed 1792K, reserved 1048576K
}
Event: 140.093 GC heap before
{Heap before GC invocations=10 (full 1):
 PSYoungGen      total 262144K, used 258196K [0x00000000d6900000, 0x00000000e7200000, 0x0000000100000000)
  eden space 252928K, 100% used [0x00000000d6900000,0x00000000e6000000,0x00000000e6000000)
  from space 9216K, 57% used [0x00000000e6900000,0x00000000e6e25050,0x00000000e7200000)
  to   space 9216K, 0% used [0x00000000e6000000,0x00000000e6000000,0x00000000e6900000)
 ParOldGen       total 86016K, used 16922K [0x0000000083a00000, 0x0000000088e00000, 0x00000000d6900000)
  object space 86016K, 19% used [0x0000000083a00000,0x0000000084a86938,0x0000000088e00000)
 Metaspace       used 14068K, capacity 14468K, committed 14848K, reserved 1062912K
  class space    used 1579K, capacity 1701K, committed 1792K, reserved 1048576K

