# JRE version: Java(TM) SE Runtime Environment (8.0_181-b13) (build 1.8.0_181-b13)
# Java VM: Java HotSpot(TM) 64-Bit Server VM (25.181-b13 mixed mode linux-amd64 compressed oops)
Heap:
 PSYoungGen      total 96768K, used 5896K [0x00000000d6900000, 0x00000000de200000, 0x0000000100000000)
  eden space 86016K, 0% used [0x00000000d6900000,0x00000000d6900000,0x00000000dbd00000)
  from space 10752K, 54% used [0x00000000dcd00000,0x00000000dd2c2258,0x00000000dd780000)
  to   space 5120K, 0% used [0x00000000ddd00000,0x00000000ddd00000,0x00000000de200000)
 ParOldGen       total 86016K, used 22393K [0x0000000083a00000, 0x0000000088e00000, 0x00000000d6900000)
  object space 86016K, 26% used [0x0000000083a00000,0x0000000084fde638,0x0000000088e00000)
 Metaspace       used 14433K, capacity 14964K, committed 15104K, reserved 1062912K
  class space    used 1626K, capacity 1788K, committed 1792K, reserved 1048576K
GC Heap History (10 events):
Event: 95.378 GC heap after
Heap after GC invocations=7 (full 1):
 PSYoungGen      total 32256K, used 5109K [0x00000000d6900000, 0x00000000dbe00000, 0x0000000100000000)
  eden space 27136K, 0% used [0x00000000d6900000,0x00000000d6900000,0x00000000d8380000)
  from space 5120K, 99% used [0x00000000d8e00000,0x00000000d92fd618,0x00000000d9300000)
  to   space 10752K, 0% used [0x00000000d8380000,0x00000000d8380000,0x00000000d8e00000)
 ParOldGen       total 86016K, used 14435K [0x0000000083a00000, 0x0000000088e00000, 0x00000000d6900000)
  object space 86016K, 16% used [0x0000000083a00000,0x0000000084818cd8,0x0000000088e00000)
 Metaspace       used 14256K, capacity 14772K, committed 14848K, reserved 1062912K
  class space    used 1625K, capacity 1788K, committed 1792K, reserved 1048576K
}
Event: 95.680 GC heap before
{Heap before GC invocations=8 (full 1):
 PSYoungGen      total 32256K, used 32245K [0x00000000d6900000, 0x00000000dbe00000, 0x0000000100000000)
  eden space 27136K, 100% used [0x00000000d6900000,0x00000000d8380000,0x00000000d8380000)
  from space 5120K, 99% used [0x00000000d8e00000,0x00000000d92fd618,0x00000000d9300000)
  to   space 10752K, 0% used [0x00000000d8380000,0x00000000d8380000,0x00000000d8e00000)
 ParOldGen       total 86016K, used 14435K [0x0000000083a00000, 0x0000000088e00000, 0x00000000d6900000)
  object space 86016K, 16% used [0x0000000083a00000,0x0000000084818cd8,0x0000000088e00000)
 Metaspace       used 14274K, capacity 14772K, committed 14848K, reserved 1062912K
  class space    used 1625K, capacity 1788K, committed 1792K, reserved 1048576K
Event: 95.690 GC heap after
Heap after GC invocations=8 (full 1):
 PSYoungGen      total 37888K, used 5461K [0x00000000d6900000, 0x00000000db300000, 0x0000000100000000)
  eden space 27136K, 0% used [0x00000000d6900000,0x00000000d6900000,0x00000000d8380000)
  from space 10752K, 50% used [0x00000000d8380000,0x00000000d88d5618,0x00000000d8e00000)
  to   space 10752K, 0% used [0x00000000da880000,0x00000000da880000,0x00000000db300000)
 ParOldGen       total 86016K, used 14443K [0x0000000083a00000, 0x0000000088e00000, 0x00000000d6900000)
  object space 86016K, 16% used [0x0000000083a00000,0x000000008481acd8,0x0000000088e00000)
 Metaspace       used 14274K, capacity 14772K, committed 14848K, reserved 1062912K
  class space    used 1625K, capacity 1788K, committed 1792K, reserved 1048576K
}
Event: 96.355 GC heap before
{Heap before GC invocations=9 (full 1):
 PSYoungGen      total 37888K, used 32597K [0x00000000d6900000, 0x00000000db300000, 0x0000000100000000)
  eden space 27136K, 100% used [0x00000000d6900000,0x00000000d8380000,0x00000000d8380000)
  from space 10752K, 50% used [0x00000000d8380000,0x00000000d88d5618,0x00000000d8e00000)
  to   space 10752K, 0% used [0x00000000da880000,0x00000000da880000,0x00000000db300000)
 ParOldGen       total 86016K, used 14443K [0x0000000083a00000, 0x0000000088e00000, 0x00000000d6900000)
  object space 86016K, 16% used [0x0000000083a00000,0x000000008481acd8,0x0000000088e00000)
 Metaspace       used 14297K, capacity 14772K, committed 14848K, reserved 1062912K
  class space    used 1625K, capacity 1788K, committed 1792K, reserved 1048576K
Event: 96.402 GC heap after
Heap after GC invocations=9 (full 1):
 PSYoungGen      total 64512K, used 2464K [0x00000000d6900000, 0x00000000db400000, 0x0000000100000000)
  eden space 53760K, 0% used [0x00000000d6900000,0x00000000d6900000,0x00000000d9d80000)
  from space 10752K, 22% used [0x00000000da880000,0x00000000daae8000,0x00000000db300000)
  to   space 11264K, 0% used [0x00000000d9d80000,0x00000000d9d80000,0x00000000da880000)
 ParOldGen       total 86016K, used 18013K [0x0000000083a00000, 0x0000000088e00000, 0x00000000d6900000)
  object space 86016K, 20% used [0x0000000083a00000,0x0000000084b977e0,0x0000000088e00000)
 Metaspace       used 14297K, capacity 14772K, committed 14848K, reserved 1062912K
  class space    used 1625K, capacity 1788K, committed 1792K, reserved 1048576K
}
Event: 97.374 GC heap before
{Heap before GC invocations=10 (full 1):
 PSYoungGen      total 64512K, used 56224K [0x00000000d6900000, 0x00000000db400000, 0x0000000100000000)
  eden space 53760K, 100% used [0x00000000d6900000,0x00000000d9d80000,0x00000000d9d80000)
  from space 10752K, 22% used [0x00000000da880000,0x00000000daae8000,0x00000000db300000)
  to   space 11264K, 0% used [0x00000000d9d80000,0x00000000d9d80000,0x00000000da880000)
 ParOldGen       total 86016K, used 18013K [0x0000000083a00000, 0x0000000088e00000, 0x00000000d6900000)
  object space 86016K, 20% used [0x0000000083a00000,0x0000000084b977e0,0x0000000088e00000)
 Metaspace       used 14350K, capacity 14900K, committed 15104K, reserved 1062912K
  class space    used 1626K, capacity 1788K, committed 1792K, reserved 1048576K
Event: 97.410 GC heap after
Heap after GC invocations=10 (full 1):
 PSYoungGen      total 65024K, used 3264K [0x00000000d6900000, 0x00000000de800000, 0x0000000100000000)
  eden space 53760K, 0% used [0x00000000d6900000,0x00000000d6900000,0x00000000d9d80000)
  from space 11264K, 28% used [0x00000000d9d80000,0x00000000da0b0010,0x00000000da880000)
  to   space 11264K, 0% used [0x00000000ddd00000,0x00000000ddd00000,0x00000000de800000)
 ParOldGen       total 86016K, used 19209K [0x0000000083a00000, 0x0000000088e00000, 0x00000000d6900000)
  object space 86016K, 22% used [0x0000000083a00000,0x0000000084cc27f0,0x0000000088e00000)
 Metaspace       used 14350K, capacity 14900K, committed 15104K, reserved 1062912K
  class space    used 1626K, capacity 1788K, committed 1792K, reserved 1048576K
}
Event: 98.158 GC heap before
{Heap before GC invocations=11 (full 1):
 PSYoungGen      total 65024K, used 57024K [0x00000000d6900000, 0x00000000de800000, 0x0000000100000000)
  eden space 53760K, 100% used [0x00000000d6900000,0x00000000d9d80000,0x00000000d9d80000)
  from space 11264K, 28% used [0x00000000d9d80000,0x00000000da0b0010,0x00000000da880000)
  to   space 11264K, 0% used [0x00000000ddd00000,0x00000000ddd00000,0x00000000de800000)
 ParOldGen       total 86016K, used 19209K [0x0000000083a00000, 0x0000000088e00000, 0x00000000d6900000)
  object space 86016K, 22% used [0x0000000083a00000,0x0000000084cc27f0,0x0000000088e00000)
 Metaspace       used 14378K, capacity 14900K, committed 15104K, reserved 1062912K
  class space    used 1626K, capacity 1788K, committed 1792K, reserved 1048576K
Event: 98.184 GC heap after
Heap after GC invocations=11 (full 1):
 PSYoungGen      total 91136K, used 4880K [0x00000000d6900000, 0x00000000de200000, 0x0000000100000000)
  eden space 86016K, 0% used [0x00000000d6900000,0x00000000d6900000,0x00000000dbd00000)
  from space 5120K, 95% used [0x00000000ddd00000,0x00000000de1c41c0,0x00000000de200000)
  to   space 10752K, 0% used [0x00000000dcd00000,0x00000000dcd00000,0x00000000dd780000)
 ParOldGen       total 86016K, used 19753K [0x0000000083a00000, 0x0000000088e00000, 0x00000000d6900000)
  object space 86016K, 22% used [0x0000000083a00000,0x0000000084d4a7f0,0x0000000088e00000)
 Metaspace       used 14378K, capacity 14900K, committed 15104K, reserved 1062912K
  class space    used 1626K, capacity 1788K, committed 1792K, reserved 1048576K
}
Event: 99.322 GC heap before
{Heap before GC invocations=12 (full 1):
 PSYoungGen      total 91136K, used 90896K [0x00000000d6900000, 0x00000000de200000, 0x0000000100000000)
  eden space 86016K, 100% used [0x00000000d6900000,0x00000000dbd00000,0x00000000dbd00000)
  from space 5120K, 95% used [0x00000000ddd00000,0x00000000de1c41c0,0x00000000de200000)
  to   space 10752K, 0% used [0x00000000dcd00000,0x00000000dcd00000,0x00000000dd780000)
 ParOldGen       total 86016K, used 19753K [0x0000000083a00000, 0x0000000088e00000, 0x00000000d6900000)
  object space 86016K, 22% used [0x0000000083a00000,0x0000000084d4a7f0,0x0000000088e00000)
 Metaspace       used 14433K, capacity 14964K, committed 15104K, reserved 1062912K
  class space    used 1626K, capacity 1788K, committed 1792K, reserved 1048576K

