# JRE version: Java(TM) SE Runtime Environment (8.0_181-b13) (build 1.8.0_181-b13)
# Java VM: Java HotSpot(TM) 64-Bit Server VM (25.181-b13 mixed mode linux-amd64 compressed oops)
Heap:
 PSYoungGen      total 74240K, used 18912K [0x00000000d6900000, 0x00000000dfa00000, 0x0000000100000000)
  eden space 55296K, 0% used [0x00000000d6900000,0x00000000d6900000,0x00000000d9f00000)
  from space 18944K, 99% used [0x00000000de780000,0x00000000df9f82a0,0x00000000dfa00000)
  to   space 15360K, 0% used [0x00000000d9f00000,0x00000000d9f00000,0x00000000dae00000)
 ParOldGen       total 86016K, used 35002K [0x0000000083a00000, 0x0000000088e00000, 0x00000000d6900000)
  object space 86016K, 40% used [0x0000000083a00000,0x0000000085c2e850,0x0000000088e00000)
 Metaspace       used 15432K, capacity 15988K, committed 16000K, reserved 1062912K
  class space    used 1734K, capacity 1910K, committed 1920K, reserved 1048576K
GC Heap History (10 events):
Event: 76.036 GC heap after
Heap after GC invocations=4 (full 1):
 PSYoungGen      total 37888K, used 5107K [0x00000000d6900000, 0x00000000d9300000, 0x0000000100000000)
  eden space 32768K, 0% used [0x00000000d6900000,0x00000000d6900000,0x00000000d8900000)
  from space 5120K, 99% used [0x00000000d8900000,0x00000000d8dfcd38,0x00000000d8e00000)
  to   space 5120K, 0% used [0x00000000d8e00000,0x00000000d8e00000,0x00000000d9300000)
 ParOldGen       total 86016K, used 10958K [0x0000000083a00000, 0x0000000088e00000, 0x00000000d6900000)
  object space 86016K, 12% used [0x0000000083a00000,0x00000000844b3ba8,0x0000000088e00000)
 Metaspace       used 13982K, capacity 14424K, committed 14592K, reserved 1062912K
  class space    used 1606K, capacity 1746K, committed 1792K, reserved 1048576K
}
Event: 77.180 GC heap before
{Heap before GC invocations=5 (full 1):
 PSYoungGen      total 37888K, used 37875K [0x00000000d6900000, 0x00000000d9300000, 0x0000000100000000)
  eden space 32768K, 100% used [0x00000000d6900000,0x00000000d8900000,0x00000000d8900000)
  from space 5120K, 99% used [0x00000000d8900000,0x00000000d8dfcd38,0x00000000d8e00000)
  to   space 5120K, 0% used [0x00000000d8e00000,0x00000000d8e00000,0x00000000d9300000)
 ParOldGen       total 86016K, used 10958K [0x0000000083a00000, 0x0000000088e00000, 0x00000000d6900000)
  object space 86016K, 12% used [0x0000000083a00000,0x00000000844b3ba8,0x0000000088e00000)
 Metaspace       used 14104K, capacity 14552K, committed 14848K, reserved 1062912K
  class space    used 1606K, capacity 1746K, committed 1792K, reserved 1048576K
Event: 77.225 GC heap after
Heap after GC invocations=5 (full 1):
 PSYoungGen      total 37888K, used 4395K [0x00000000d6900000, 0x00000000db300000, 0x0000000100000000)
  eden space 32768K, 0% used [0x00000000d6900000,0x00000000d6900000,0x00000000d8900000)
  from space 5120K, 85% used [0x00000000d8e00000,0x00000000d924ac90,0x00000000d9300000)
  to   space 5120K, 0% used [0x00000000d8900000,0x00000000d8900000,0x00000000d8e00000)
 ParOldGen       total 86016K, used 10966K [0x0000000083a00000, 0x0000000088e00000, 0x00000000d6900000)
  object space 86016K, 12% used [0x0000000083a00000,0x00000000844b5ba8,0x0000000088e00000)
 Metaspace       used 14104K, capacity 14552K, committed 14848K, reserved 1062912K
  class space    used 1606K, capacity 1746K, committed 1792K, reserved 1048576K
}
Event: 78.894 GC heap before
{Heap before GC invocations=6 (full 1):
 PSYoungGen      total 37888K, used 37163K [0x00000000d6900000, 0x00000000db300000, 0x0000000100000000)
  eden space 32768K, 100% used [0x00000000d6900000,0x00000000d8900000,0x00000000d8900000)
  from space 5120K, 85% used [0x00000000d8e00000,0x00000000d924ac90,0x00000000d9300000)
  to   space 5120K, 0% used [0x00000000d8900000,0x00000000d8900000,0x00000000d8e00000)
 ParOldGen       total 86016K, used 10966K [0x0000000083a00000, 0x0000000088e00000, 0x00000000d6900000)
  object space 86016K, 12% used [0x0000000083a00000,0x00000000844b5ba8,0x0000000088e00000)
 Metaspace       used 14985K, capacity 15474K, committed 15744K, reserved 1062912K
  class space    used 1705K, capacity 1863K, committed 1920K, reserved 1048576K
Event: 78.925 GC heap after
Heap after GC invocations=6 (full 1):
 PSYoungGen      total 37888K, used 5112K [0x00000000d6900000, 0x00000000db300000, 0x0000000100000000)
  eden space 32768K, 0% used [0x00000000d6900000,0x00000000d6900000,0x00000000d8900000)
  from space 5120K, 99% used [0x00000000d8900000,0x00000000d8dfe1d8,0x00000000d8e00000)
  to   space 5120K, 0% used [0x00000000dae00000,0x00000000dae00000,0x00000000db300000)
 ParOldGen       total 86016K, used 14395K [0x0000000083a00000, 0x0000000088e00000, 0x00000000d6900000)
  object space 86016K, 16% used [0x0000000083a00000,0x000000008480eea8,0x0000000088e00000)
 Metaspace       used 14985K, capacity 15474K, committed 15744K, reserved 1062912K
  class space    used 1705K, capacity 1863K, committed 1920K, reserved 1048576K
}
Event: 85.020 GC heap before
{Heap before GC invocations=7 (full 1):
 PSYoungGen      total 37888K, used 37880K [0x00000000d6900000, 0x00000000db300000, 0x0000000100000000)
  eden space 32768K, 100% used [0x00000000d6900000,0x00000000d8900000,0x00000000d8900000)
  from space 5120K, 99% used [0x00000000d8900000,0x00000000d8dfe1d8,0x00000000d8e00000)
  to   space 5120K, 0% used [0x00000000dae00000,0x00000000dae00000,0x00000000db300000)
 ParOldGen       total 86016K, used 14395K [0x0000000083a00000, 0x0000000088e00000, 0x00000000d6900000)
  object space 86016K, 16% used [0x0000000083a00000,0x000000008480eea8,0x0000000088e00000)
 Metaspace       used 15235K, capacity 15758K, committed 16000K, reserved 1062912K
  class space    used 1723K, capacity 1905K, committed 1920K, reserved 1048576K
Event: 85.107 GC heap after
Heap after GC invocations=7 (full 1):
 PSYoungGen      total 60416K, used 5118K [0x00000000d6900000, 0x00000000dc700000, 0x0000000100000000)
  eden space 55296K, 0% used [0x00000000d6900000,0x00000000d6900000,0x00000000d9f00000)
  from space 5120K, 99% used [0x00000000dae00000,0x00000000db2ff9b0,0x00000000db300000)
  to   space 15360K, 0% used [0x00000000d9f00000,0x00000000d9f00000,0x00000000dae00000)
 ParOldGen       total 86016K, used 23345K [0x0000000083a00000, 0x0000000088e00000, 0x00000000d6900000)
  object space 86016K, 27% used [0x0000000083a00000,0x00000000850cc548,0x0000000088e00000)
 Metaspace       used 15235K, capacity 15758K, committed 16000K, reserved 1062912K
  class space    used 1723K, capacity 1905K, committed 1920K, reserved 1048576K
}
Event: 103.907 GC heap before
{Heap before GC invocations=8 (full 1):
 PSYoungGen      total 60416K, used 59658K [0x00000000d6900000, 0x00000000dc700000, 0x0000000100000000)
  eden space 55296K, 98% used [0x00000000d6900000,0x00000000d9e42f78,0x00000000d9f00000)
  from space 5120K, 99% used [0x00000000dae00000,0x00000000db2ff9b0,0x00000000db300000)
  to   space 15360K, 0% used [0x00000000d9f00000,0x00000000d9f00000,0x00000000dae00000)
 ParOldGen       total 86016K, used 23345K [0x0000000083a00000, 0x0000000088e00000, 0x00000000d6900000)
  object space 86016K, 27% used [0x0000000083a00000,0x00000000850cc548,0x0000000088e00000)
 Metaspace       used 15365K, capacity 15848K, committed 16000K, reserved 1062912K
  class space    used 1730K, capacity 1908K, committed 1920K, reserved 1048576K
Event: 104.023 GC heap after
Heap after GC invocations=8 (full 1):
 PSYoungGen      total 70656K, used 15342K [0x00000000d6900000, 0x00000000dfa00000, 0x0000000100000000)
  eden space 55296K, 0% used [0x00000000d6900000,0x00000000d6900000,0x00000000d9f00000)
  from space 15360K, 99% used [0x00000000d9f00000,0x00000000dadfbac0,0x00000000dae00000)
  to   space 18944K, 0% used [0x00000000de780000,0x00000000de780000,0x00000000dfa00000)
 ParOldGen       total 86016K, used 25517K [0x0000000083a00000, 0x0000000088e00000, 0x00000000d6900000)
  object space 86016K, 29% used [0x0000000083a00000,0x00000000852eb670,0x0000000088e00000)
 Metaspace       used 15365K, capacity 15848K, committed 16000K, reserved 1062912K
  class space    used 1730K, capacity 1908K, committed 1920K, reserved 1048576K
}
Event: 172.156 GC heap before
{Heap before GC invocations=9 (full 1):
 PSYoungGen      total 70656K, used 70638K [0x00000000d6900000, 0x00000000dfa00000, 0x0000000100000000)
  eden space 55296K, 100% used [0x00000000d6900000,0x00000000d9f00000,0x00000000d9f00000)
  from space 15360K, 99% used [0x00000000d9f00000,0x00000000dadfbac0,0x00000000dae00000)
  to   space 18944K, 0% used [0x00000000de780000,0x00000000de780000,0x00000000dfa00000)
 ParOldGen       total 86016K, used 25517K [0x0000000083a00000, 0x0000000088e00000, 0x00000000d6900000)
  object space 86016K, 29% used [0x0000000083a00000,0x00000000852eb670,0x0000000088e00000)
 Metaspace       used 15432K, capacity 15988K, committed 16000K, reserved 1062912K
  class space    used 1734K, capacity 1910K, committed 1920K, reserved 1048576K

