# JRE version: Java(TM) SE Runtime Environment (8.0_181-b13) (build 1.8.0_181-b13)
# Java VM: Java HotSpot(TM) 64-Bit Server VM (25.181-b13 mixed mode linux-amd64 compressed oops)
Heap:
 PSYoungGen      total 262144K, used 9192K [0x00000000d6900000, 0x00000000e7200000, 0x0000000100000000)
  eden space 252928K, 0% used [0x00000000d6900000,0x00000000d6900000,0x00000000e6000000)
  from space 9216K, 99% used [0x00000000e6000000,0x00000000e68fa090,0x00000000e6900000)
  to   space 9216K, 0% used [0x00000000e6900000,0x00000000e6900000,0x00000000e7200000)
 ParOldGen       total 86016K, used 19693K [0x0000000083a00000, 0x0000000088e00000, 0x00000000d6900000)
  object space 86016K, 22% used [0x0000000083a00000,0x0000000084d3b600,0x0000000088e00000)
 Metaspace       used 14338K, capacity 14788K, committed 15104K, reserved 1062912K
  class space    used 1606K, capacity 1740K, committed 1792K, reserved 1048576K
GC Heap History (10 events):
Event: 140.233 GC heap after
Heap after GC invocations=5 (full 1):
 PSYoungGen      total 70656K, used 5101K [0x00000000d6900000, 0x00000000db300000, 0x0000000100000000)
  eden space 65536K, 0% used [0x00000000d6900000,0x00000000d6900000,0x00000000da900000)
  from space 5120K, 99% used [0x00000000dae00000,0x00000000db2fb5d8,0x00000000db300000)
  to   space 5120K, 0% used [0x00000000da900000,0x00000000da900000,0x00000000dae00000)
 ParOldGen       total 86016K, used 10401K [0x0000000083a00000, 0x0000000088e00000, 0x00000000d6900000)
  object space 86016K, 12% used [0x0000000083a00000,0x0000000084428440,0x0000000088e00000)
 Metaspace       used 14202K, capacity 14590K, committed 14848K, reserved 1062912K
  class space    used 1606K, capacity 1739K, committed 1792K, reserved 1048576K
}
Event: 141.700 GC heap before
{Heap before GC invocations=6 (full 1):
 PSYoungGen      total 70656K, used 70637K [0x00000000d6900000, 0x00000000db300000, 0x0000000100000000)
  eden space 65536K, 100% used [0x00000000d6900000,0x00000000da900000,0x00000000da900000)
  from space 5120K, 99% used [0x00000000dae00000,0x00000000db2fb5d8,0x00000000db300000)
  to   space 5120K, 0% used [0x00000000da900000,0x00000000da900000,0x00000000dae00000)
 ParOldGen       total 86016K, used 10401K [0x0000000083a00000, 0x0000000088e00000, 0x00000000d6900000)
  object space 86016K, 12% used [0x0000000083a00000,0x0000000084428440,0x0000000088e00000)
 Metaspace       used 14264K, capacity 14654K, committed 14848K, reserved 1062912K
  class space    used 1606K, capacity 1739K, committed 1792K, reserved 1048576K
Event: 141.800 GC heap after
Heap after GC invocations=6 (full 1):
 PSYoungGen      total 70656K, used 5114K [0x00000000d6900000, 0x00000000df300000, 0x0000000100000000)
  eden space 65536K, 0% used [0x00000000d6900000,0x00000000d6900000,0x00000000da900000)
  from space 5120K, 99% used [0x00000000da900000,0x00000000dadfe880,0x00000000dae00000)
  to   space 5120K, 0% used [0x00000000dee00000,0x00000000dee00000,0x00000000df300000)
 ParOldGen       total 86016K, used 13658K [0x0000000083a00000, 0x0000000088e00000, 0x00000000d6900000)
  object space 86016K, 15% used [0x0000000083a00000,0x0000000084756a58,0x0000000088e00000)
 Metaspace       used 14264K, capacity 14654K, committed 14848K, reserved 1062912K
  class space    used 1606K, capacity 1739K, committed 1792K, reserved 1048576K
}
Event: 142.623 GC heap before
{Heap before GC invocations=7 (full 1):
 PSYoungGen      total 70656K, used 70650K [0x00000000d6900000, 0x00000000df300000, 0x0000000100000000)
  eden space 65536K, 100% used [0x00000000d6900000,0x00000000da900000,0x00000000da900000)
  from space 5120K, 99% used [0x00000000da900000,0x00000000dadfe880,0x00000000dae00000)
  to   space 5120K, 0% used [0x00000000dee00000,0x00000000dee00000,0x00000000df300000)
 ParOldGen       total 86016K, used 13658K [0x0000000083a00000, 0x0000000088e00000, 0x00000000d6900000)
  object space 86016K, 15% used [0x0000000083a00000,0x0000000084756a58,0x0000000088e00000)
 Metaspace       used 14267K, capacity 14654K, committed 14848K, reserved 1062912K
  class space    used 1606K, capacity 1739K, committed 1792K, reserved 1048576K
Event: 142.646 GC heap after
Heap after GC invocations=7 (full 1):
 PSYoungGen      total 131584K, used 5114K [0x00000000d6900000, 0x00000000dfc00000, 0x0000000100000000)
  eden space 126464K, 0% used [0x00000000d6900000,0x00000000d6900000,0x00000000de480000)
  from space 5120K, 99% used [0x00000000dee00000,0x00000000df2fe880,0x00000000df300000)
  to   space 9728K, 0% used [0x00000000de480000,0x00000000de480000,0x00000000dee00000)
 ParOldGen       total 86016K, used 14855K [0x0000000083a00000, 0x0000000088e00000, 0x00000000d6900000)
  object space 86016K, 17% used [0x0000000083a00000,0x0000000084881dd0,0x0000000088e00000)
 Metaspace       used 14267K, capacity 14654K, committed 14848K, reserved 1062912K
  class space    used 1606K, capacity 1739K, committed 1792K, reserved 1048576K
}
Event: 144.013 GC heap before
{Heap before GC invocations=8 (full 1):
 PSYoungGen      total 131584K, used 131578K [0x00000000d6900000, 0x00000000dfc00000, 0x0000000100000000)
  eden space 126464K, 100% used [0x00000000d6900000,0x00000000de480000,0x00000000de480000)
  from space 5120K, 99% used [0x00000000dee00000,0x00000000df2fe880,0x00000000df300000)
  to   space 9728K, 0% used [0x00000000de480000,0x00000000de480000,0x00000000dee00000)
 ParOldGen       total 86016K, used 14855K [0x0000000083a00000, 0x0000000088e00000, 0x00000000d6900000)
  object space 86016K, 17% used [0x0000000083a00000,0x0000000084881dd0,0x0000000088e00000)
 Metaspace       used 14278K, capacity 14654K, committed 14848K, reserved 1062912K
  class space    used 1606K, capacity 1739K, committed 1792K, reserved 1048576K
Event: 144.068 GC heap after
Heap after GC invocations=8 (full 1):
 PSYoungGen      total 136192K, used 5870K [0x00000000d6900000, 0x00000000e7200000, 0x0000000100000000)
  eden space 126464K, 0% used [0x00000000d6900000,0x00000000d6900000,0x00000000de480000)
  from space 9728K, 60% used [0x00000000de480000,0x00000000dea3b840,0x00000000dee00000)
  to   space 9216K, 0% used [0x00000000e6900000,0x00000000e6900000,0x00000000e7200000)
 ParOldGen       total 86016K, used 14855K [0x0000000083a00000, 0x0000000088e00000, 0x00000000d6900000)
  object space 86016K, 17% used [0x0000000083a00000,0x0000000084881dd0,0x0000000088e00000)
 Metaspace       used 14278K, capacity 14654K, committed 14848K, reserved 1062912K
  class space    used 1606K, capacity 1739K, committed 1792K, reserved 1048576K
}
Event: 144.909 GC heap before
{Heap before GC invocations=9 (full 1):
 PSYoungGen      total 136192K, used 132334K [0x00000000d6900000, 0x00000000e7200000, 0x0000000100000000)
  eden space 126464K, 100% used [0x00000000d6900000,0x00000000de480000,0x00000000de480000)
  from space 9728K, 60% used [0x00000000de480000,0x00000000dea3b840,0x00000000dee00000)
  to   space 9216K, 0% used [0x00000000e6900000,0x00000000e6900000,0x00000000e7200000)
 ParOldGen       total 86016K, used 14855K [0x0000000083a00000, 0x0000000088e00000, 0x00000000d6900000)
  object space 86016K, 17% used [0x0000000083a00000,0x0000000084881dd0,0x0000000088e00000)
 Metaspace       used 14283K, capacity 14654K, committed 14848K, reserved 1062912K
  class space    used 1606K, capacity 1739K, committed 1792K, reserved 1048576K
Event: 144.991 GC heap after
Heap after GC invocations=9 (full 1):
 PSYoungGen      total 262144K, used 5780K [0x00000000d6900000, 0x00000000e7200000, 0x0000000100000000)
  eden space 252928K, 0% used [0x00000000d6900000,0x00000000d6900000,0x00000000e6000000)
  from space 9216K, 62% used [0x00000000e6900000,0x00000000e6ea5060,0x00000000e7200000)
  to   space 9216K, 0% used [0x00000000e6000000,0x00000000e6000000,0x00000000e6900000)
 ParOldGen       total 86016K, used 16481K [0x0000000083a00000, 0x0000000088e00000, 0x00000000d6900000)
  object space 86016K, 19% used [0x0000000083a00000,0x0000000084a185e0,0x0000000088e00000)
 Metaspace       used 14283K, capacity 14654K, committed 14848K, reserved 1062912K
  class space    used 1606K, capacity 1739K, committed 1792K, reserved 1048576K
}
Event: 148.523 GC heap before
{Heap before GC invocations=10 (full 1):
 PSYoungGen      total 262144K, used 258708K [0x00000000d6900000, 0x00000000e7200000, 0x0000000100000000)
  eden space 252928K, 100% used [0x00000000d6900000,0x00000000e6000000,0x00000000e6000000)
  from space 9216K, 62% used [0x00000000e6900000,0x00000000e6ea5060,0x00000000e7200000)
  to   space 9216K, 0% used [0x00000000e6000000,0x00000000e6000000,0x00000000e6900000)
 ParOldGen       total 86016K, used 16481K [0x0000000083a00000, 0x0000000088e00000, 0x00000000d6900000)
  object space 86016K, 19% used [0x0000000083a00000,0x0000000084a185e0,0x0000000088e00000)
 Metaspace       used 14338K, capacity 14788K, committed 15104K, reserved 1062912K
  class space    used 1606K, capacity 1740K, committed 1792K, reserved 1048576K

