# JRE version: Java(TM) SE Runtime Environment (8.0_181-b13) (build 1.8.0_181-b13)
# Java VM: Java HotSpot(TM) 64-Bit Server VM (25.181-b13 mixed mode linux-amd64 compressed oops)
Heap:
 PSYoungGen      total 136192K, used 7662K [0x00000000d6900000, 0x00000000df800000, 0x0000000100000000)
  eden space 128512K, 0% used [0x00000000d6900000,0x00000000d6900000,0x00000000de680000)
  from space 7680K, 99% used [0x00000000de680000,0x00000000dedfba60,0x00000000dee00000)
  to   space 5120K, 0% used [0x00000000dee00000,0x00000000dee00000,0x00000000df300000)
 ParOldGen       total 86016K, used 24175K [0x0000000083a00000, 0x0000000088e00000, 0x00000000d6900000)
  object space 86016K, 28% used [0x0000000083a00000,0x000000008519bde8,0x0000000088e00000)
 Metaspace       used 18607K, capacity 19116K, committed 19456K, reserved 1067008K
  class space    used 2087K, capacity 2254K, committed 2304K, reserved 1048576K
GC Heap History (10 events):
Event: 107.865 GC heap after
Heap after GC invocations=3 (full 1):
 PSYoungGen      total 37888K, used 5096K [0x00000000d6900000, 0x00000000d9300000, 0x0000000100000000)
  eden space 32768K, 0% used [0x00000000d6900000,0x00000000d6900000,0x00000000d8900000)
  from space 5120K, 99% used [0x00000000d8e00000,0x00000000d92fa128,0x00000000d9300000)
  to   space 5120K, 0% used [0x00000000d8900000,0x00000000d8900000,0x00000000d8e00000)
 ParOldGen       total 86016K, used 4864K [0x0000000083a00000, 0x0000000088e00000, 0x00000000d6900000)
  object space 86016K, 5% used [0x0000000083a00000,0x0000000083ec0018,0x0000000088e00000)
 Metaspace       used 13893K, capacity 14274K, committed 14336K, reserved 1062912K
  class space    used 1600K, capacity 1738K, committed 1792K, reserved 1048576K
}
Event: 109.083 GC heap before
{Heap before GC invocations=4 (full 1):
 PSYoungGen      total 37888K, used 37864K [0x00000000d6900000, 0x00000000d9300000, 0x0000000100000000)
  eden space 32768K, 100% used [0x00000000d6900000,0x00000000d8900000,0x00000000d8900000)
  from space 5120K, 99% used [0x00000000d8e00000,0x00000000d92fa128,0x00000000d9300000)
  to   space 5120K, 0% used [0x00000000d8900000,0x00000000d8900000,0x00000000d8e00000)
 ParOldGen       total 86016K, used 4864K [0x0000000083a00000, 0x0000000088e00000, 0x00000000d6900000)
  object space 86016K, 5% used [0x0000000083a00000,0x0000000083ec0018,0x0000000088e00000)
 Metaspace       used 13983K, capacity 14402K, committed 14592K, reserved 1062912K
  class space    used 1600K, capacity 1738K, committed 1792K, reserved 1048576K
Event: 109.132 GC heap after
Heap after GC invocations=4 (full 1):
 PSYoungGen      total 37888K, used 5098K [0x00000000d6900000, 0x00000000db300000, 0x0000000100000000)
  eden space 32768K, 0% used [0x00000000d6900000,0x00000000d6900000,0x00000000d8900000)
  from space 5120K, 99% used [0x00000000d8900000,0x00000000d8dfa968,0x00000000d8e00000)
  to   space 5120K, 0% used [0x00000000dae00000,0x00000000dae00000,0x00000000db300000)
 ParOldGen       total 86016K, used 5024K [0x0000000083a00000, 0x0000000088e00000, 0x00000000d6900000)
  object space 86016K, 5% used [0x0000000083a00000,0x0000000083ee8018,0x0000000088e00000)
 Metaspace       used 13983K, capacity 14402K, committed 14592K, reserved 1062912K
  class space    used 1600K, capacity 1738K, committed 1792K, reserved 1048576K
}
Event: 109.972 GC heap before
{Heap before GC invocations=5 (full 1):
 PSYoungGen      total 37888K, used 37866K [0x00000000d6900000, 0x00000000db300000, 0x0000000100000000)
  eden space 32768K, 100% used [0x00000000d6900000,0x00000000d8900000,0x00000000d8900000)
  from space 5120K, 99% used [0x00000000d8900000,0x00000000d8dfa968,0x00000000d8e00000)
  to   space 5120K, 0% used [0x00000000dae00000,0x00000000dae00000,0x00000000db300000)
 ParOldGen       total 86016K, used 5024K [0x0000000083a00000, 0x0000000088e00000, 0x00000000d6900000)
  object space 86016K, 5% used [0x0000000083a00000,0x0000000083ee8018,0x0000000088e00000)
 Metaspace       used 14005K, capacity 14402K, committed 14592K, reserved 1062912K
  class space    used 1600K, capacity 1738K, committed 1792K, reserved 1048576K
Event: 109.997 GC heap after
Heap after GC invocations=5 (full 1):
 PSYoungGen      total 70656K, used 5093K [0x00000000d6900000, 0x00000000db300000, 0x0000000100000000)
  eden space 65536K, 0% used [0x00000000d6900000,0x00000000d6900000,0x00000000da900000)
  from space 5120K, 99% used [0x00000000dae00000,0x00000000db2f9530,0x00000000db300000)
  to   space 5120K, 0% used [0x00000000da900000,0x00000000da900000,0x00000000dae00000)
 ParOldGen       total 86016K, used 5948K [0x0000000083a00000, 0x0000000088e00000, 0x00000000d6900000)
  object space 86016K, 6% used [0x0000000083a00000,0x0000000083fcf048,0x0000000088e00000)
 Metaspace       used 14005K, capacity 14402K, committed 14592K, reserved 1062912K
  class space    used 1600K, capacity 1738K, committed 1792K, reserved 1048576K
}
Event: 110.951 GC heap before
{Heap before GC invocations=6 (full 1):
 PSYoungGen      total 70656K, used 70629K [0x00000000d6900000, 0x00000000db300000, 0x0000000100000000)
  eden space 65536K, 100% used [0x00000000d6900000,0x00000000da900000,0x00000000da900000)
  from space 5120K, 99% used [0x00000000dae00000,0x00000000db2f9530,0x00000000db300000)
  to   space 5120K, 0% used [0x00000000da900000,0x00000000da900000,0x00000000dae00000)
 ParOldGen       total 86016K, used 5948K [0x0000000083a00000, 0x0000000088e00000, 0x00000000d6900000)
  object space 86016K, 6% used [0x0000000083a00000,0x0000000083fcf048,0x0000000088e00000)
 Metaspace       used 14052K, capacity 14466K, committed 14592K, reserved 1062912K
  class space    used 1600K, capacity 1738K, committed 1792K, reserved 1048576K
Event: 110.975 GC heap after
Heap after GC invocations=6 (full 1):
 PSYoungGen      total 70656K, used 5097K [0x00000000d6900000, 0x00000000df300000, 0x0000000100000000)
  eden space 65536K, 0% used [0x00000000d6900000,0x00000000d6900000,0x00000000da900000)
  from space 5120K, 99% used [0x00000000da900000,0x00000000dadfa510,0x00000000dae00000)
  to   space 5120K, 0% used [0x00000000dee00000,0x00000000dee00000,0x00000000df300000)
 ParOldGen       total 86016K, used 6584K [0x0000000083a00000, 0x0000000088e00000, 0x00000000d6900000)
  object space 86016K, 7% used [0x0000000083a00000,0x000000008406e138,0x0000000088e00000)
 Metaspace       used 14052K, capacity 14466K, committed 14592K, reserved 1062912K
  class space    used 1600K, capacity 1738K, committed 1792K, reserved 1048576K
}
Event: 111.807 GC heap before
{Heap before GC invocations=7 (full 1):
 PSYoungGen      total 70656K, used 70633K [0x00000000d6900000, 0x00000000df300000, 0x0000000100000000)
  eden space 65536K, 100% used [0x00000000d6900000,0x00000000da900000,0x00000000da900000)
  from space 5120K, 99% used [0x00000000da900000,0x00000000dadfa510,0x00000000dae00000)
  to   space 5120K, 0% used [0x00000000dee00000,0x00000000dee00000,0x00000000df300000)
 ParOldGen       total 86016K, used 6584K [0x0000000083a00000, 0x0000000088e00000, 0x00000000d6900000)
  object space 86016K, 7% used [0x0000000083a00000,0x000000008406e138,0x0000000088e00000)
 Metaspace       used 14102K, capacity 14530K, committed 14592K, reserved 1062912K
  class space    used 1600K, capacity 1738K, committed 1792K, reserved 1048576K
Event: 111.889 GC heap after
Heap after GC invocations=7 (full 1):
 PSYoungGen      total 133632K, used 5113K [0x00000000d6900000, 0x00000000df800000, 0x0000000100000000)
  eden space 128512K, 0% used [0x00000000d6900000,0x00000000d6900000,0x00000000de680000)
  from space 5120K, 99% used [0x00000000dee00000,0x00000000df2fe570,0x00000000df300000)
  to   space 7680K, 0% used [0x00000000de680000,0x00000000de680000,0x00000000dee00000)
 ParOldGen       total 86016K, used 8810K [0x0000000083a00000, 0x0000000088e00000, 0x00000000d6900000)
  object space 86016K, 10% used [0x0000000083a00000,0x000000008429a930,0x0000000088e00000)
 Metaspace       used 14102K, capacity 14530K, committed 14592K, reserved 1062912K
  class space    used 1600K, capacity 1738K, committed 1792K, reserved 1048576K
}
Event: 120.258 GC heap before
{Heap before GC invocations=8 (full 1):
 PSYoungGen      total 133632K, used 133625K [0x00000000d6900000, 0x00000000df800000, 0x0000000100000000)
  eden space 128512K, 100% used [0x00000000d6900000,0x00000000de680000,0x00000000de680000)
  from space 5120K, 99% used [0x00000000dee00000,0x00000000df2fe570,0x00000000df300000)
  to   space 7680K, 0% used [0x00000000de680000,0x00000000de680000,0x00000000dee00000)
 ParOldGen       total 86016K, used 8810K [0x0000000083a00000, 0x0000000088e00000, 0x00000000d6900000)
  object space 86016K, 10% used [0x0000000083a00000,0x000000008429a930,0x0000000088e00000)
 Metaspace       used 18607K, capacity 19116K, committed 19456K, reserved 1067008K
  class space    used 2087K, capacity 2254K, committed 2304K, reserved 1048576K

