# JRE version: Java(TM) SE Runtime Environment (8.0_181-b13) (build 1.8.0_181-b13)
# Java VM: Java HotSpot(TM) 64-Bit Server VM (25.181-b13 mixed mode linux-amd64 compressed oops)
Heap:
 PSYoungGen      total 135680K, used 10735K [0x00000000d6900000, 0x00000000dfb00000, 0x0000000100000000)
  eden space 124928K, 0% used [0x00000000d6900000,0x00000000d6900000,0x00000000de300000)
  from space 10752K, 99% used [0x00000000de300000,0x00000000ded7bff0,0x00000000ded80000)
  to   space 7680K, 0% used [0x00000000ded80000,0x00000000ded80000,0x00000000df500000)
 ParOldGen       total 86016K, used 40556K [0x0000000083a00000, 0x0000000088e00000, 0x00000000d6900000)
  object space 86016K, 47% used [0x0000000083a00000,0x000000008619b078,0x0000000088e00000)
 Metaspace       used 18996K, capacity 19472K, committed 19840K, reserved 1067008K
  class space    used 2165K, capacity 2324K, committed 2432K, reserved 1048576K
GC Heap History (10 events):
Event: 107.898 GC heap after
Heap after GC invocations=5 (full 1):
 PSYoungGen      total 37888K, used 5104K [0x00000000d6900000, 0x00000000db300000, 0x0000000100000000)
  eden space 32768K, 0% used [0x00000000d6900000,0x00000000d6900000,0x00000000d8900000)
  from space 5120K, 99% used [0x00000000d8e00000,0x00000000d92fc3d8,0x00000000d9300000)
  to   space 5120K, 0% used [0x00000000d8900000,0x00000000d8900000,0x00000000d8e00000)
 ParOldGen       total 86016K, used 6132K [0x0000000083a00000, 0x0000000088e00000, 0x00000000d6900000)
  object space 86016K, 7% used [0x0000000083a00000,0x0000000083ffd338,0x0000000088e00000)
 Metaspace       used 13958K, capacity 14358K, committed 14592K, reserved 1062912K
  class space    used 1596K, capacity 1704K, committed 1792K, reserved 1048576K
}
Event: 108.282 GC heap before
{Heap before GC invocations=6 (full 1):
 PSYoungGen      total 37888K, used 37872K [0x00000000d6900000, 0x00000000db300000, 0x0000000100000000)
  eden space 32768K, 100% used [0x00000000d6900000,0x00000000d8900000,0x00000000d8900000)
  from space 5120K, 99% used [0x00000000d8e00000,0x00000000d92fc3d8,0x00000000d9300000)
  to   space 5120K, 0% used [0x00000000d8900000,0x00000000d8900000,0x00000000d8e00000)
 ParOldGen       total 86016K, used 6132K [0x0000000083a00000, 0x0000000088e00000, 0x00000000d6900000)
  object space 86016K, 7% used [0x0000000083a00000,0x0000000083ffd338,0x0000000088e00000)
 Metaspace       used 13969K, capacity 14358K, committed 14592K, reserved 1062912K
  class space    used 1596K, capacity 1704K, committed 1792K, reserved 1048576K
Event: 108.291 GC heap after
Heap after GC invocations=6 (full 1):
 PSYoungGen      total 37888K, used 5109K [0x00000000d6900000, 0x00000000db300000, 0x0000000100000000)
  eden space 32768K, 0% used [0x00000000d6900000,0x00000000d6900000,0x00000000d8900000)
  from space 5120K, 99% used [0x00000000d8900000,0x00000000d8dfd7b0,0x00000000d8e00000)
  to   space 5120K, 0% used [0x00000000dae00000,0x00000000dae00000,0x00000000db300000)
 ParOldGen       total 86016K, used 6268K [0x0000000083a00000, 0x0000000088e00000, 0x00000000d6900000)
  object space 86016K, 7% used [0x0000000083a00000,0x000000008401f338,0x0000000088e00000)
 Metaspace       used 13969K, capacity 14358K, committed 14592K, reserved 1062912K
  class space    used 1596K, capacity 1704K, committed 1792K, reserved 1048576K
}
Event: 108.602 GC heap before
{Heap before GC invocations=7 (full 1):
 PSYoungGen      total 37888K, used 37877K [0x00000000d6900000, 0x00000000db300000, 0x0000000100000000)
  eden space 32768K, 100% used [0x00000000d6900000,0x00000000d8900000,0x00000000d8900000)
  from space 5120K, 99% used [0x00000000d8900000,0x00000000d8dfd7b0,0x00000000d8e00000)
  to   space 5120K, 0% used [0x00000000dae00000,0x00000000dae00000,0x00000000db300000)
 ParOldGen       total 86016K, used 6268K [0x0000000083a00000, 0x0000000088e00000, 0x00000000d6900000)
  object space 86016K, 7% used [0x0000000083a00000,0x000000008401f338,0x0000000088e00000)
 Metaspace       used 14002K, capacity 14422K, committed 14592K, reserved 1062912K
  class space    used 1596K, capacity 1704K, committed 1792K, reserved 1048576K
Event: 108.613 GC heap after
Heap after GC invocations=7 (full 1):
 PSYoungGen      total 69120K, used 5109K [0x00000000d6900000, 0x00000000db600000, 0x0000000100000000)
  eden space 64000K, 0% used [0x00000000d6900000,0x00000000d6900000,0x00000000da780000)
  from space 5120K, 99% used [0x00000000dae00000,0x00000000db2fd7b0,0x00000000db300000)
  to   space 6656K, 0% used [0x00000000da780000,0x00000000da780000,0x00000000dae00000)
 ParOldGen       total 86016K, used 6828K [0x0000000083a00000, 0x0000000088e00000, 0x00000000d6900000)
  object space 86016K, 7% used [0x0000000083a00000,0x00000000840ab338,0x0000000088e00000)
 Metaspace       used 14002K, capacity 14422K, committed 14592K, reserved 1062912K
  class space    used 1596K, capacity 1704K, committed 1792K, reserved 1048576K
}
Event: 109.653 GC heap before
{Heap before GC invocations=8 (full 1):
 PSYoungGen      total 69120K, used 69109K [0x00000000d6900000, 0x00000000db600000, 0x0000000100000000)
  eden space 64000K, 100% used [0x00000000d6900000,0x00000000da780000,0x00000000da780000)
  from space 5120K, 99% used [0x00000000dae00000,0x00000000db2fd7b0,0x00000000db300000)
  to   space 6656K, 0% used [0x00000000da780000,0x00000000da780000,0x00000000dae00000)
 ParOldGen       total 86016K, used 6828K [0x0000000083a00000, 0x0000000088e00000, 0x00000000d6900000)
  object space 86016K, 7% used [0x0000000083a00000,0x00000000840ab338,0x0000000088e00000)
 Metaspace       used 14052K, capacity 14422K, committed 14592K, reserved 1062912K
  class space    used 1596K, capacity 1704K, committed 1792K, reserved 1048576K
Event: 109.698 GC heap after
Heap after GC invocations=8 (full 1):
 PSYoungGen      total 70656K, used 6646K [0x00000000d6900000, 0x00000000df500000, 0x0000000100000000)
  eden space 64000K, 0% used [0x00000000d6900000,0x00000000d6900000,0x00000000da780000)
  from space 6656K, 99% used [0x00000000da780000,0x00000000dadfd8e8,0x00000000dae00000)
  to   space 7680K, 0% used [0x00000000ded80000,0x00000000ded80000,0x00000000df500000)
 ParOldGen       total 86016K, used 7496K [0x0000000083a00000, 0x0000000088e00000, 0x00000000d6900000)
  object space 86016K, 8% used [0x0000000083a00000,0x00000000841523e8,0x0000000088e00000)
 Metaspace       used 14052K, capacity 14422K, committed 14592K, reserved 1062912K
  class space    used 1596K, capacity 1704K, committed 1792K, reserved 1048576K
}
Event: 113.451 GC heap before
{Heap before GC invocations=9 (full 1):
 PSYoungGen      total 70656K, used 70646K [0x00000000d6900000, 0x00000000df500000, 0x0000000100000000)
  eden space 64000K, 100% used [0x00000000d6900000,0x00000000da780000,0x00000000da780000)
  from space 6656K, 99% used [0x00000000da780000,0x00000000dadfd8e8,0x00000000dae00000)
  to   space 7680K, 0% used [0x00000000ded80000,0x00000000ded80000,0x00000000df500000)
 ParOldGen       total 86016K, used 7496K [0x0000000083a00000, 0x0000000088e00000, 0x00000000d6900000)
  object space 86016K, 8% used [0x0000000083a00000,0x00000000841523e8,0x0000000088e00000)
 Metaspace       used 16294K, capacity 16766K, committed 17024K, reserved 1064960K
  class space    used 1796K, capacity 1915K, committed 1920K, reserved 1048576K
Event: 113.575 GC heap after
Heap after GC invocations=9 (full 1):
 PSYoungGen      total 132608K, used 7673K [0x00000000d6900000, 0x00000000dfb00000, 0x0000000100000000)
  eden space 124928K, 0% used [0x00000000d6900000,0x00000000d6900000,0x00000000de300000)
  from space 7680K, 99% used [0x00000000ded80000,0x00000000df4fe400,0x00000000df500000)
  to   space 10752K, 0% used [0x00000000de300000,0x00000000de300000,0x00000000ded80000)
 ParOldGen       total 86016K, used 13759K [0x0000000083a00000, 0x0000000088e00000, 0x00000000d6900000)
  object space 86016K, 15% used [0x0000000083a00000,0x000000008476fc38,0x0000000088e00000)
 Metaspace       used 16294K, capacity 16766K, committed 17024K, reserved 1064960K
  class space    used 1796K, capacity 1915K, committed 1920K, reserved 1048576K
}
Event: 124.040 GC heap before
{Heap before GC invocations=10 (full 1):
 PSYoungGen      total 132608K, used 132601K [0x00000000d6900000, 0x00000000dfb00000, 0x0000000100000000)
  eden space 124928K, 100% used [0x00000000d6900000,0x00000000de300000,0x00000000de300000)
  from space 7680K, 99% used [0x00000000ded80000,0x00000000df4fe400,0x00000000df500000)
  to   space 10752K, 0% used [0x00000000de300000,0x00000000de300000,0x00000000ded80000)
 ParOldGen       total 86016K, used 13759K [0x0000000083a00000, 0x0000000088e00000, 0x00000000d6900000)
  object space 86016K, 15% used [0x0000000083a00000,0x000000008476fc38,0x0000000088e00000)
 Metaspace       used 18996K, capacity 19472K, committed 19840K, reserved 1067008K
  class space    used 2165K, capacity 2324K, committed 2432K, reserved 1048576K

