# JRE version: Java(TM) SE Runtime Environment (8.0_181-b13) (build 1.8.0_181-b13)
# Java VM: Java HotSpot(TM) 64-Bit Server VM (25.181-b13 mixed mode linux-amd64 compressed oops)
Heap:
 PSYoungGen      total 582656K, used 114162K [0x00000000d6900000, 0x00000000ff980000, 0x0000000100000000)
  eden space 491520K, 18% used [0x00000000d6900000,0x00000000dc3048d8,0x00000000f4900000)
  from space 91136K, 24% used [0x00000000f4900000,0x00000000f5e782c0,0x00000000fa200000)
  to   space 86528K, 0% used [0x00000000fa500000,0x00000000fa500000,0x00000000ff980000)
 ParOldGen       total 350208K, used 198279K [0x0000000083a00000, 0x0000000099000000, 0x00000000d6900000)
  object space 350208K, 56% used [0x0000000083a00000,0x000000008fba1f50,0x0000000099000000)
 Metaspace       used 46476K, capacity 48082K, committed 48344K, reserved 1091584K
  class space    used 5792K, capacity 6122K, committed 6144K, reserved 1048576K
GC Heap History (10 events):
Event: 93.571 GC heap before
{Heap before GC invocations=27 (full 3):
 PSYoungGen      total 580096K, used 522965K [0x00000000d6900000, 0x00000000ffe80000, 0x0000000100000000)
  eden space 481280K, 100% used [0x00000000d6900000,0x00000000f3f00000,0x00000000f3f00000)
  from space 98816K, 42% used [0x00000000f3f00000,0x00000000f67b5528,0x00000000f9f80000)
  to   space 94208K, 0% used [0x00000000fa280000,0x00000000fa280000,0x00000000ffe80000)
 ParOldGen       total 216064K, used 157316K [0x0000000083a00000, 0x0000000090d00000, 0x00000000d6900000)
  object space 216064K, 72% used [0x0000000083a00000,0x000000008d3a10b0,0x0000000090d00000)
 Metaspace       used 44036K, capacity 44976K, committed 45272K, reserved 1089536K
  class space    used 5602K, capacity 5837K, committed 5888K, reserved 1048576K
Event: 93.972 GC heap after
Heap after GC invocations=27 (full 3):
 PSYoungGen      total 576000K, used 7298K [0x00000000d6900000, 0x00000000ffa80000, 0x0000000100000000)
  eden space 485888K, 0% used [0x00000000d6900000,0x00000000d6900000,0x00000000f4380000)
  from space 90112K, 8% used [0x00000000fa280000,0x00000000fa9a0a10,0x00000000ffa80000)
  to   space 93696K, 0% used [0x00000000f4380000,0x00000000f4380000,0x00000000f9f00000)
 ParOldGen       total 216064K, used 191739K [0x0000000083a00000, 0x0000000090d00000, 0x00000000d6900000)
  object space 216064K, 88% used [0x0000000083a00000,0x000000008f53edc0,0x0000000090d00000)
 Metaspace       used 44036K, capacity 44976K, committed 45272K, reserved 1089536K
  class space    used 5602K, capacity 5837K, committed 5888K, reserved 1048576K
}
Event: 93.972 GC heap before
{Heap before GC invocations=28 (full 4):
 PSYoungGen      total 576000K, used 7298K [0x00000000d6900000, 0x00000000ffa80000, 0x0000000100000000)
  eden space 485888K, 0% used [0x00000000d6900000,0x00000000d6900000,0x00000000f4380000)
  from space 90112K, 8% used [0x00000000fa280000,0x00000000fa9a0a10,0x00000000ffa80000)
  to   space 93696K, 0% used [0x00000000f4380000,0x00000000f4380000,0x00000000f9f00000)
 ParOldGen       total 216064K, used 191739K [0x0000000083a00000, 0x0000000090d00000, 0x00000000d6900000)
  object space 216064K, 88% used [0x0000000083a00000,0x000000008f53edc0,0x0000000090d00000)
 Metaspace       used 44036K, capacity 44976K, committed 45272K, reserved 1089536K
  class space    used 5602K, capacity 5837K, committed 5888K, reserved 1048576K
Event: 101.843 GC heap after
Heap after GC invocations=28 (full 4):
 PSYoungGen      total 576000K, used 0K [0x00000000d6900000, 0x00000000ffa80000, 0x0000000100000000)
  eden space 485888K, 0% used [0x00000000d6900000,0x00000000d6900000,0x00000000f4380000)
  from space 90112K, 0% used [0x00000000fa280000,0x00000000fa280000,0x00000000ffa80000)
  to   space 93696K, 0% used [0x00000000f4380000,0x00000000f4380000,0x00000000f9f00000)
 ParOldGen       total 350208K, used 198255K [0x0000000083a00000, 0x0000000099000000, 0x00000000d6900000)
  object space 350208K, 56% used [0x0000000083a00000,0x000000008fb9bf50,0x0000000099000000)
 Metaspace       used 44010K, capacity 44934K, committed 45272K, reserved 1089536K
  class space    used 5598K, capacity 5830K, committed 5888K, reserved 1048576K
}
Event: 105.192 GC heap before
{Heap before GC invocations=29 (full 4):
 PSYoungGen      total 576000K, used 485888K [0x00000000d6900000, 0x00000000ffa80000, 0x0000000100000000)
  eden space 485888K, 100% used [0x00000000d6900000,0x00000000f4380000,0x00000000f4380000)
  from space 90112K, 0% used [0x00000000fa280000,0x00000000fa280000,0x00000000ffa80000)
  to   space 93696K, 0% used [0x00000000f4380000,0x00000000f4380000,0x00000000f9f00000)
 ParOldGen       total 350208K, used 198255K [0x0000000083a00000, 0x0000000099000000, 0x00000000d6900000)
  object space 350208K, 56% used [0x0000000083a00000,0x000000008fb9bf50,0x0000000099000000)
 Metaspace       used 44149K, capacity 45038K, committed 45272K, reserved 1089536K
  class space    used 5604K, capacity 5838K, committed 5888K, reserved 1048576K
Event: 105.199 GC heap after
Heap after GC invocations=29 (full 4):
 PSYoungGen      total 579584K, used 1600K [0x00000000d6900000, 0x0000000100000000, 0x0000000100000000)
  eden space 485888K, 0% used [0x00000000d6900000,0x00000000d6900000,0x00000000f4380000)
  from space 93696K, 1% used [0x00000000f4380000,0x00000000f4510000,0x00000000f9f00000)
  to   space 93696K, 0% used [0x00000000fa480000,0x00000000fa480000,0x0000000100000000)
 ParOldGen       total 350208K, used 198263K [0x0000000083a00000, 0x0000000099000000, 0x00000000d6900000)
  object space 350208K, 56% used [0x0000000083a00000,0x000000008fb9df50,0x0000000099000000)
 Metaspace       used 44149K, capacity 45038K, committed 45272K, reserved 1089536K
  class space    used 5604K, capacity 5838K, committed 5888K, reserved 1048576K
}
Event: 118.810 GC heap before
{Heap before GC invocations=30 (full 4):
 PSYoungGen      total 579584K, used 487488K [0x00000000d6900000, 0x0000000100000000, 0x0000000100000000)
  eden space 485888K, 100% used [0x00000000d6900000,0x00000000f4380000,0x00000000f4380000)
  from space 93696K, 1% used [0x00000000f4380000,0x00000000f4510000,0x00000000f9f00000)
  to   space 93696K, 0% used [0x00000000fa480000,0x00000000fa480000,0x0000000100000000)
 ParOldGen       total 350208K, used 198263K [0x0000000083a00000, 0x0000000099000000, 0x00000000d6900000)
  object space 350208K, 56% used [0x0000000083a00000,0x000000008fb9df50,0x0000000099000000)
 Metaspace       used 45658K, capacity 46938K, committed 47192K, reserved 1091584K
  class space    used 5727K, capacity 6006K, committed 6016K, reserved 1048576K
Event: 118.928 GC heap after
Heap after GC invocations=30 (full 4):
 PSYoungGen      total 580096K, used 11253K [0x00000000d6900000, 0x00000000ffb00000, 0x0000000100000000)
  eden space 491520K, 0% used [0x00000000d6900000,0x00000000d6900000,0x00000000f4900000)
  from space 88576K, 12% used [0x00000000fa480000,0x00000000faf7d7b8,0x00000000ffb00000)
  to   space 91136K, 0% used [0x00000000f4900000,0x00000000f4900000,0x00000000fa200000)
 ParOldGen       total 350208K, used 198271K [0x0000000083a00000, 0x0000000099000000, 0x00000000d6900000)
  object space 350208K, 56% used [0x0000000083a00000,0x000000008fb9ff50,0x0000000099000000)
 Metaspace       used 45658K, capacity 46938K, committed 47192K, reserved 1091584K
  class space    used 5727K, capacity 6006K, committed 6016K, reserved 1048576K
}
Event: 150.263 GC heap before
{Heap before GC invocations=31 (full 4):
 PSYoungGen      total 580096K, used 502773K [0x00000000d6900000, 0x00000000ffb00000, 0x0000000100000000)
  eden space 491520K, 100% used [0x00000000d6900000,0x00000000f4900000,0x00000000f4900000)
  from space 88576K, 12% used [0x00000000fa480000,0x00000000faf7d7b8,0x00000000ffb00000)
  to   space 91136K, 0% used [0x00000000f4900000,0x00000000f4900000,0x00000000fa200000)
 ParOldGen       total 350208K, used 198271K [0x0000000083a00000, 0x0000000099000000, 0x00000000d6900000)
  object space 350208K, 56% used [0x0000000083a00000,0x000000008fb9ff50,0x0000000099000000)
 Metaspace       used 46436K, capacity 47982K, committed 48088K, reserved 1091584K
  class space    used 5788K, capacity 6116K, committed 6144K, reserved 1048576K
Event: 150.420 GC heap after
Heap after GC invocations=31 (full 4):
 PSYoungGen      total 582656K, used 21984K [0x00000000d6900000, 0x00000000ff980000, 0x0000000100000000)
  eden space 491520K, 0% used [0x00000000d6900000,0x00000000d6900000,0x00000000f4900000)
  from space 91136K, 24% used [0x00000000f4900000,0x00000000f5e782c0,0x00000000fa200000)
  to   space 86528K, 0% used [0x00000000fa500000,0x00000000fa500000,0x00000000ff980000)
 ParOldGen       total 350208K, used 198279K [0x0000000083a00000, 0x0000000099000000, 0x00000000d6900000)
  object space 350208K, 56% used [0x0000000083a00000,0x000000008fba1f50,0x0000000099000000)
 Metaspace       used 46436K, capacity 47982K, committed 48088K, reserved 1091584K
  class space    used 5788K, capacity 6116K, committed 6144K, reserved 1048576K
}

