# JRE version: Java(TM) SE Runtime Environment (8.0_181-b13) (build 1.8.0_181-b13)
# Java VM: Java HotSpot(TM) 64-Bit Server VM (25.181-b13 mixed mode linux-amd64 compressed oops)
Heap:
 PSYoungGen      total 531456K, used 40756K [0x00000000d6900000, 0x0000000100000000, 0x0000000100000000)
  eden space 384000K, 7% used [0x00000000d6900000,0x00000000d8615c10,0x00000000ee000000)
  from space 147456K, 7% used [0x00000000ee000000,0x00000000eeab7418,0x00000000f7000000)
  to   space 147456K, 0% used [0x00000000f7000000,0x00000000f7000000,0x0000000100000000)
 ParOldGen       total 320000K, used 161780K [0x0000000083a00000, 0x0000000097280000, 0x00000000d6900000)
  object space 320000K, 50% used [0x0000000083a00000,0x000000008d7fd370,0x0000000097280000)
 Metaspace       used 85749K, capacity 87626K, committed 88704K, reserved 1126400K
  class space    used 10316K, capacity 10852K, committed 11136K, reserved 1048576K
GC Heap History (10 events):
Event: 173.364 GC heap before
{Heap before GC invocations=38 (full 4):
 PSYoungGen      total 484864K, used 484719K [0x00000000d6900000, 0x0000000100000000, 0x0000000100000000)
  eden space 396288K, 100% used [0x00000000d6900000,0x00000000eec00000,0x00000000eec00000)
  from space 88576K, 99% used [0x00000000eec00000,0x00000000f425bc18,0x00000000f4280000)
  to   space 144384K, 0% used [0x00000000f7300000,0x00000000f7300000,0x0000000100000000)
 ParOldGen       total 274944K, used 176808K [0x0000000083a00000, 0x0000000094680000, 0x00000000d6900000)
  object space 274944K, 64% used [0x0000000083a00000,0x000000008e6aa328,0x0000000094680000)
 Metaspace       used 72648K, capacity 74804K, committed 75008K, reserved 1114112K
  class space    used 8846K, capacity 9353K, committed 9472K, reserved 1048576K
Event: 173.560 GC heap after
Heap after GC invocations=38 (full 4):
 PSYoungGen      total 530432K, used 90464K [0x00000000d6900000, 0x0000000100000000, 0x0000000100000000)
  eden space 386048K, 0% used [0x00000000d6900000,0x00000000d6900000,0x00000000ee200000)
  from space 144384K, 62% used [0x00000000f7300000,0x00000000fcb58018,0x0000000100000000)
  to   space 146432K, 0% used [0x00000000ee200000,0x00000000ee200000,0x00000000f7100000)
 ParOldGen       total 274944K, used 176816K [0x0000000083a00000, 0x0000000094680000, 0x00000000d6900000)
  object space 274944K, 64% used [0x0000000083a00000,0x000000008e6ac328,0x0000000094680000)
 Metaspace       used 72648K, capacity 74804K, committed 75008K, reserved 1114112K
  class space    used 8846K, capacity 9353K, committed 9472K, reserved 1048576K
}
Event: 174.272 GC heap before
{Heap before GC invocations=39 (full 4):
 PSYoungGen      total 530432K, used 170522K [0x00000000d6900000, 0x0000000100000000, 0x0000000100000000)
  eden space 386048K, 20% used [0x00000000d6900000,0x00000000db72e858,0x00000000ee200000)
  from space 144384K, 62% used [0x00000000f7300000,0x00000000fcb58018,0x0000000100000000)
  to   space 146432K, 0% used [0x00000000ee200000,0x00000000ee200000,0x00000000f7100000)
 ParOldGen       total 274944K, used 176816K [0x0000000083a00000, 0x0000000094680000, 0x00000000d6900000)
  object space 274944K, 64% used [0x0000000083a00000,0x000000008e6ac328,0x0000000094680000)
 Metaspace       used 73914K, capacity 76052K, committed 76160K, reserved 1116160K
  class space    used 8978K, capacity 9513K, committed 9600K, reserved 1048576K
Event: 174.482 GC heap after
Heap after GC invocations=39 (full 4):
 PSYoungGen      total 532480K, used 85461K [0x00000000d6900000, 0x0000000100000000, 0x0000000100000000)
  eden space 386048K, 0% used [0x00000000d6900000,0x00000000d6900000,0x00000000ee200000)
  from space 146432K, 58% used [0x00000000ee200000,0x00000000f3575740,0x00000000f7100000)
  to   space 145920K, 0% used [0x00000000f7180000,0x00000000f7180000,0x0000000100000000)
 ParOldGen       total 274944K, used 176824K [0x0000000083a00000, 0x0000000094680000, 0x00000000d6900000)
  object space 274944K, 64% used [0x0000000083a00000,0x000000008e6ae328,0x0000000094680000)
 Metaspace       used 73914K, capacity 76052K, committed 76160K, reserved 1116160K
  class space    used 8978K, capacity 9513K, committed 9600K, reserved 1048576K
}
Event: 174.482 GC heap before
{Heap before GC invocations=40 (full 5):
 PSYoungGen      total 532480K, used 85461K [0x00000000d6900000, 0x0000000100000000, 0x0000000100000000)
  eden space 386048K, 0% used [0x00000000d6900000,0x00000000d6900000,0x00000000ee200000)
  from space 146432K, 58% used [0x00000000ee200000,0x00000000f3575740,0x00000000f7100000)
  to   space 145920K, 0% used [0x00000000f7180000,0x00000000f7180000,0x0000000100000000)
 ParOldGen       total 274944K, used 176824K [0x0000000083a00000, 0x0000000094680000, 0x00000000d6900000)
  object space 274944K, 64% used [0x0000000083a00000,0x000000008e6ae328,0x0000000094680000)
 Metaspace       used 73914K, capacity 76052K, committed 76160K, reserved 1116160K
  class space    used 8978K, capacity 9513K, committed 9600K, reserved 1048576K
Event: 176.194 GC heap after
Heap after GC invocations=40 (full 5):
 PSYoungGen      total 532480K, used 0K [0x00000000d6900000, 0x0000000100000000, 0x0000000100000000)
  eden space 386048K, 0% used [0x00000000d6900000,0x00000000d6900000,0x00000000ee200000)
  from space 146432K, 0% used [0x00000000ee200000,0x00000000ee200000,0x00000000f7100000)
  to   space 145920K, 0% used [0x00000000f7180000,0x00000000f7180000,0x0000000100000000)
 ParOldGen       total 320000K, used 161780K [0x0000000083a00000, 0x0000000097280000, 0x00000000d6900000)
  object space 320000K, 50% used [0x0000000083a00000,0x000000008d7fd370,0x0000000097280000)
 Metaspace       used 73326K, capacity 75110K, committed 76160K, reserved 1116160K
  class space    used 8891K, capacity 9356K, committed 9600K, reserved 1048576K
}
Event: 182.144 GC heap before
{Heap before GC invocations=41 (full 5):
 PSYoungGen      total 532480K, used 386048K [0x00000000d6900000, 0x0000000100000000, 0x0000000100000000)
  eden space 386048K, 100% used [0x00000000d6900000,0x00000000ee200000,0x00000000ee200000)
  from space 146432K, 0% used [0x00000000ee200000,0x00000000ee200000,0x00000000f7100000)
  to   space 145920K, 0% used [0x00000000f7180000,0x00000000f7180000,0x0000000100000000)
 ParOldGen       total 320000K, used 161780K [0x0000000083a00000, 0x0000000097280000, 0x00000000d6900000)
  object space 320000K, 50% used [0x0000000083a00000,0x000000008d7fd370,0x0000000097280000)
 Metaspace       used 79182K, capacity 81010K, committed 82176K, reserved 1122304K
  class space    used 9572K, capacity 10068K, committed 10240K, reserved 1048576K
Event: 182.165 GC heap after
Heap after GC invocations=41 (full 5):
 PSYoungGen      total 529920K, used 10658K [0x00000000d6900000, 0x0000000100000000, 0x0000000100000000)
  eden space 384000K, 0% used [0x00000000d6900000,0x00000000d6900000,0x00000000ee000000)
  from space 145920K, 7% used [0x00000000f7180000,0x00000000f7be8ab8,0x0000000100000000)
  to   space 147456K, 0% used [0x00000000ee000000,0x00000000ee000000,0x00000000f7000000)
 ParOldGen       total 320000K, used 161780K [0x0000000083a00000, 0x0000000097280000, 0x00000000d6900000)
  object space 320000K, 50% used [0x0000000083a00000,0x000000008d7fd370,0x0000000097280000)
 Metaspace       used 79182K, capacity 81010K, committed 82176K, reserved 1122304K
  class space    used 9572K, capacity 10068K, committed 10240K, reserved 1048576K
}
Event: 187.588 GC heap before
{Heap before GC invocations=42 (full 5):
 PSYoungGen      total 529920K, used 394658K [0x00000000d6900000, 0x0000000100000000, 0x0000000100000000)
  eden space 384000K, 100% used [0x00000000d6900000,0x00000000ee000000,0x00000000ee000000)
  from space 145920K, 7% used [0x00000000f7180000,0x00000000f7be8ab8,0x0000000100000000)
  to   space 147456K, 0% used [0x00000000ee000000,0x00000000ee000000,0x00000000f7000000)
 ParOldGen       total 320000K, used 161780K [0x0000000083a00000, 0x0000000097280000, 0x00000000d6900000)
  object space 320000K, 50% used [0x0000000083a00000,0x000000008d7fd370,0x0000000097280000)
 Metaspace       used 85431K, capacity 87338K, committed 88320K, reserved 1126400K
  class space    used 10286K, capacity 10820K, committed 11008K, reserved 1048576K
Event: 187.624 GC heap after
Heap after GC invocations=42 (full 5):
 PSYoungGen      total 531456K, used 10973K [0x00000000d6900000, 0x0000000100000000, 0x0000000100000000)
  eden space 384000K, 0% used [0x00000000d6900000,0x00000000d6900000,0x00000000ee000000)
  from space 147456K, 7% used [0x00000000ee000000,0x00000000eeab7418,0x00000000f7000000)
  to   space 147456K, 0% used [0x00000000f7000000,0x00000000f7000000,0x0000000100000000)
 ParOldGen       total 320000K, used 161780K [0x0000000083a00000, 0x0000000097280000, 0x00000000d6900000)
  object space 320000K, 50% used [0x0000000083a00000,0x000000008d7fd370,0x0000000097280000)
 Metaspace       used 85431K, capacity 87338K, committed 88320K, reserved 1126400K
  class space    used 10286K, capacity 10820K, committed 11008K, reserved 1048576K
}

