# JRE version: Java(TM) SE Runtime Environment (8.0_181-b13) (build 1.8.0_181-b13)
# Java VM: Java HotSpot(TM) 64-Bit Server VM (25.181-b13 mixed mode linux-amd64 compressed oops)
Heap:
 PSYoungGen      total 220672K, used 17904K [0x00000000d6900000, 0x00000000e7f00000, 0x0000000100000000)
  eden space 202752K, 0% used [0x00000000d6900000,0x00000000d6900000,0x00000000e2f00000)
  from space 17920K, 99% used [0x00000000e5c00000,0x00000000e6d7c028,0x00000000e6d80000)
  to   space 15872K, 0% used [0x00000000e6f80000,0x00000000e6f80000,0x00000000e7f00000)
 ParOldGen       total 73728K, used 66703K [0x0000000083a00000, 0x0000000088200000, 0x00000000d6900000)
  object space 73728K, 90% used [0x0000000083a00000,0x0000000087b23e48,0x0000000088200000)
 Metaspace       used 21373K, capacity 21898K, committed 22144K, reserved 1069056K
  class space    used 2455K, capacity 2615K, committed 2688K, reserved 1048576K
GC Heap History (10 events):
Event: 88.000 GC heap after
Heap after GC invocations=8 (full 1):
 PSYoungGen      total 70656K, used 6117K [0x00000000d6900000, 0x00000000df500000, 0x0000000100000000)
  eden space 64512K, 0% used [0x00000000d6900000,0x00000000d6900000,0x00000000da800000)
  from space 6144K, 99% used [0x00000000da800000,0x00000000dadf9468,0x00000000dae00000)
  to   space 7168K, 0% used [0x00000000dee00000,0x00000000dee00000,0x00000000df500000)
 ParOldGen       total 86016K, used 6379K [0x0000000083a00000, 0x0000000088e00000, 0x00000000d6900000)
  object space 86016K, 7% used [0x0000000083a00000,0x000000008403ac80,0x0000000088e00000)
 Metaspace       used 14021K, capacity 14462K, committed 14848K, reserved 1062912K
  class space    used 1581K, capacity 1700K, committed 1792K, reserved 1048576K
}
Event: 91.491 GC heap before
{Heap before GC invocations=9 (full 1):
 PSYoungGen      total 70656K, used 70629K [0x00000000d6900000, 0x00000000df500000, 0x0000000100000000)
  eden space 64512K, 100% used [0x00000000d6900000,0x00000000da800000,0x00000000da800000)
  from space 6144K, 99% used [0x00000000da800000,0x00000000dadf9468,0x00000000dae00000)
  to   space 7168K, 0% used [0x00000000dee00000,0x00000000dee00000,0x00000000df500000)
 ParOldGen       total 86016K, used 6379K [0x0000000083a00000, 0x0000000088e00000, 0x00000000d6900000)
  object space 86016K, 7% used [0x0000000083a00000,0x000000008403ac80,0x0000000088e00000)
 Metaspace       used 17116K, capacity 17596K, committed 17792K, reserved 1064960K
  class space    used 1944K, capacity 2080K, committed 2176K, reserved 1048576K
Event: 91.669 GC heap after
Heap after GC invocations=9 (full 1):
 PSYoungGen      total 133632K, used 7164K [0x00000000d6900000, 0x00000000dfa00000, 0x0000000100000000)
  eden space 126464K, 0% used [0x00000000d6900000,0x00000000d6900000,0x00000000de480000)
  from space 7168K, 99% used [0x00000000dee00000,0x00000000df4ff2e0,0x00000000df500000)
  to   space 9728K, 0% used [0x00000000de480000,0x00000000de480000,0x00000000dee00000)
 ParOldGen       total 86016K, used 11526K [0x0000000083a00000, 0x0000000088e00000, 0x00000000d6900000)
  object space 86016K, 13% used [0x0000000083a00000,0x0000000084541ae0,0x0000000088e00000)
 Metaspace       used 17116K, capacity 17596K, committed 17792K, reserved 1064960K
  class space    used 1944K, capacity 2080K, committed 2176K, reserved 1048576K
}
Event: 100.752 GC heap before
{Heap before GC invocations=10 (full 1):
 PSYoungGen      total 133632K, used 133628K [0x00000000d6900000, 0x00000000dfa00000, 0x0000000100000000)
  eden space 126464K, 100% used [0x00000000d6900000,0x00000000de480000,0x00000000de480000)
  from space 7168K, 99% used [0x00000000dee00000,0x00000000df4ff2e0,0x00000000df500000)
  to   space 9728K, 0% used [0x00000000de480000,0x00000000de480000,0x00000000dee00000)
 ParOldGen       total 86016K, used 11526K [0x0000000083a00000, 0x0000000088e00000, 0x00000000d6900000)
  object space 86016K, 13% used [0x0000000083a00000,0x0000000084541ae0,0x0000000088e00000)
 Metaspace       used 20439K, capacity 21002K, committed 21248K, reserved 1069056K
  class space    used 2340K, capacity 2515K, committed 2560K, reserved 1048576K
Event: 100.916 GC heap after
Heap after GC invocations=10 (full 1):
 PSYoungGen      total 136192K, used 9717K [0x00000000d6900000, 0x00000000e7f00000, 0x0000000100000000)
  eden space 126464K, 0% used [0x00000000d6900000,0x00000000d6900000,0x00000000de480000)
  from space 9728K, 99% used [0x00000000de480000,0x00000000dedfd458,0x00000000dee00000)
  to   space 15872K, 0% used [0x00000000e6f80000,0x00000000e6f80000,0x00000000e7f00000)
 ParOldGen       total 86016K, used 23326K [0x0000000083a00000, 0x0000000088e00000, 0x00000000d6900000)
  object space 86016K, 27% used [0x0000000083a00000,0x00000000850c7a18,0x0000000088e00000)
 Metaspace       used 20439K, capacity 21002K, committed 21248K, reserved 1069056K
  class space    used 2340K, capacity 2515K, committed 2560K, reserved 1048576K
}
Event: 104.668 GC heap before
{Heap before GC invocations=11 (full 1):
 PSYoungGen      total 136192K, used 42735K [0x00000000d6900000, 0x00000000e7f00000, 0x0000000100000000)
  eden space 126464K, 26% used [0x00000000d6900000,0x00000000d893eb68,0x00000000de480000)
  from space 9728K, 99% used [0x00000000de480000,0x00000000dedfd458,0x00000000dee00000)
  to   space 15872K, 0% used [0x00000000e6f80000,0x00000000e6f80000,0x00000000e7f00000)
 ParOldGen       total 86016K, used 23326K [0x0000000083a00000, 0x0000000088e00000, 0x00000000d6900000)
  object space 86016K, 27% used [0x0000000083a00000,0x00000000850c7a18,0x0000000088e00000)
 Metaspace       used 20555K, capacity 21078K, committed 21248K, reserved 1069056K
  class space    used 2352K, capacity 2517K, committed 2560K, reserved 1048576K
Event: 104.767 GC heap after
Heap after GC invocations=11 (full 1):
 PSYoungGen      total 218624K, used 15646K [0x00000000d6900000, 0x00000000e7f00000, 0x0000000100000000)
  eden space 202752K, 0% used [0x00000000d6900000,0x00000000d6900000,0x00000000e2f00000)
  from space 15872K, 98% used [0x00000000e6f80000,0x00000000e7ec7a00,0x00000000e7f00000)
  to   space 17920K, 0% used [0x00000000e5c00000,0x00000000e5c00000,0x00000000e6d80000)
 ParOldGen       total 86016K, used 26942K [0x0000000083a00000, 0x0000000088e00000, 0x00000000d6900000)
  object space 86016K, 31% used [0x0000000083a00000,0x000000008544fa38,0x0000000088e00000)
 Metaspace       used 20555K, capacity 21078K, committed 21248K, reserved 1069056K
  class space    used 2352K, capacity 2517K, committed 2560K, reserved 1048576K
}
Event: 104.767 GC heap before
{Heap before GC invocations=12 (full 2):
 PSYoungGen      total 218624K, used 15646K [0x00000000d6900000, 0x00000000e7f00000, 0x0000000100000000)
  eden space 202752K, 0% used [0x00000000d6900000,0x00000000d6900000,0x00000000e2f00000)
  from space 15872K, 98% used [0x00000000e6f80000,0x00000000e7ec7a00,0x00000000e7f00000)
  to   space 17920K, 0% used [0x00000000e5c00000,0x00000000e5c00000,0x00000000e6d80000)
 ParOldGen       total 86016K, used 26942K [0x0000000083a00000, 0x0000000088e00000, 0x00000000d6900000)
  object space 86016K, 31% used [0x0000000083a00000,0x000000008544fa38,0x0000000088e00000)
 Metaspace       used 20555K, capacity 21078K, committed 21248K, reserved 1069056K
  class space    used 2352K, capacity 2517K, committed 2560K, reserved 1048576K
Event: 105.444 GC heap after
Heap after GC invocations=12 (full 2):
 PSYoungGen      total 218624K, used 0K [0x00000000d6900000, 0x00000000e7f00000, 0x0000000100000000)
  eden space 202752K, 0% used [0x00000000d6900000,0x00000000d6900000,0x00000000e2f00000)
  from space 15872K, 0% used [0x00000000e6f80000,0x00000000e6f80000,0x00000000e7f00000)
  to   space 17920K, 0% used [0x00000000e5c00000,0x00000000e5c00000,0x00000000e6d80000)
 ParOldGen       total 73728K, used 26383K [0x0000000083a00000, 0x0000000088200000, 0x00000000d6900000)
  object space 73728K, 35% used [0x0000000083a00000,0x00000000853c3e40,0x0000000088200000)
 Metaspace       used 20555K, capacity 21078K, committed 21248K, reserved 1069056K
  class space    used 2352K, capacity 2517K, committed 2560K, reserved 1048576K
}
Event: 149.882 GC heap before
{Heap before GC invocations=13 (full 2):
 PSYoungGen      total 218624K, used 202752K [0x00000000d6900000, 0x00000000e7f00000, 0x0000000100000000)
  eden space 202752K, 100% used [0x00000000d6900000,0x00000000e2f00000,0x00000000e2f00000)
  from space 15872K, 0% used [0x00000000e6f80000,0x00000000e6f80000,0x00000000e7f00000)
  to   space 17920K, 0% used [0x00000000e5c00000,0x00000000e5c00000,0x00000000e6d80000)
 ParOldGen       total 73728K, used 26383K [0x0000000083a00000, 0x0000000088200000, 0x00000000d6900000)
  object space 73728K, 35% used [0x0000000083a00000,0x00000000853c3e40,0x0000000088200000)
 Metaspace       used 21373K, capacity 21898K, committed 22144K, reserved 1069056K
  class space    used 2455K, capacity 2615K, committed 2688K, reserved 1048576K

