# JRE version: Java(TM) SE Runtime Environment (8.0_181-b13) (build 1.8.0_181-b13)
# Java VM: Java HotSpot(TM) 64-Bit Server VM (25.181-b13 mixed mode linux-amd64 compressed oops)
Heap:
 PSYoungGen      total 265216K, used 11744K [0x00000000d6900000, 0x00000000e7a00000, 0x0000000100000000)
  eden space 253440K, 0% used [0x00000000d6900000,0x00000000d6900000,0x00000000e6080000)
  from space 11776K, 99% used [0x00000000e6080000,0x00000000e6bf8050,0x00000000e6c00000)
  to   space 9216K, 0% used [0x00000000e6c00000,0x00000000e6c00000,0x00000000e7500000)
 ParOldGen       total 86016K, used 21484K [0x0000000083a00000, 0x0000000088e00000, 0x00000000d6900000)
  object space 86016K, 24% used [0x0000000083a00000,0x0000000084efb020,0x0000000088e00000)
 Metaspace       used 19442K, capacity 19944K, committed 20096K, reserved 1067008K
  class space    used 2184K, capacity 2347K, committed 2432K, reserved 1048576K
GC Heap History (10 events):
Event: 83.732 GC heap after
Heap after GC invocations=5 (full 1):
 PSYoungGen      total 70656K, used 5118K [0x00000000d6900000, 0x00000000db300000, 0x0000000100000000)
  eden space 65536K, 0% used [0x00000000d6900000,0x00000000d6900000,0x00000000da900000)
  from space 5120K, 99% used [0x00000000dae00000,0x00000000db2ff8f0,0x00000000db300000)
  to   space 5120K, 0% used [0x00000000da900000,0x00000000da900000,0x00000000dae00000)
 ParOldGen       total 86016K, used 6286K [0x0000000083a00000, 0x0000000088e00000, 0x00000000d6900000)
  object space 86016K, 7% used [0x0000000083a00000,0x0000000084023b08,0x0000000088e00000)
 Metaspace       used 13763K, capacity 14226K, committed 14336K, reserved 1062912K
  class space    used 1561K, capacity 1696K, committed 1792K, reserved 1048576K
}
Event: 84.216 GC heap before
{Heap before GC invocations=6 (full 1):
 PSYoungGen      total 70656K, used 70654K [0x00000000d6900000, 0x00000000db300000, 0x0000000100000000)
  eden space 65536K, 100% used [0x00000000d6900000,0x00000000da900000,0x00000000da900000)
  from space 5120K, 99% used [0x00000000dae00000,0x00000000db2ff8f0,0x00000000db300000)
  to   space 5120K, 0% used [0x00000000da900000,0x00000000da900000,0x00000000dae00000)
 ParOldGen       total 86016K, used 6286K [0x0000000083a00000, 0x0000000088e00000, 0x00000000d6900000)
  object space 86016K, 7% used [0x0000000083a00000,0x0000000084023b08,0x0000000088e00000)
 Metaspace       used 13822K, capacity 14226K, committed 14336K, reserved 1062912K
  class space    used 1561K, capacity 1696K, committed 1792K, reserved 1048576K
Event: 84.249 GC heap after
Heap after GC invocations=6 (full 1):
 PSYoungGen      total 70656K, used 5118K [0x00000000d6900000, 0x00000000df300000, 0x0000000100000000)
  eden space 65536K, 0% used [0x00000000d6900000,0x00000000d6900000,0x00000000da900000)
  from space 5120K, 99% used [0x00000000da900000,0x00000000dadff980,0x00000000dae00000)
  to   space 5120K, 0% used [0x00000000dee00000,0x00000000dee00000,0x00000000df300000)
 ParOldGen       total 86016K, used 8856K [0x0000000083a00000, 0x0000000088e00000, 0x00000000d6900000)
  object space 86016K, 10% used [0x0000000083a00000,0x00000000842a61b0,0x0000000088e00000)
 Metaspace       used 13822K, capacity 14226K, committed 14336K, reserved 1062912K
  class space    used 1561K, capacity 1696K, committed 1792K, reserved 1048576K
}
Event: 84.572 GC heap before
{Heap before GC invocations=7 (full 1):
 PSYoungGen      total 70656K, used 70654K [0x00000000d6900000, 0x00000000df300000, 0x0000000100000000)
  eden space 65536K, 100% used [0x00000000d6900000,0x00000000da900000,0x00000000da900000)
  from space 5120K, 99% used [0x00000000da900000,0x00000000dadff980,0x00000000dae00000)
  to   space 5120K, 0% used [0x00000000dee00000,0x00000000dee00000,0x00000000df300000)
 ParOldGen       total 86016K, used 8856K [0x0000000083a00000, 0x0000000088e00000, 0x00000000d6900000)
  object space 86016K, 10% used [0x0000000083a00000,0x00000000842a61b0,0x0000000088e00000)
 Metaspace       used 13830K, capacity 14226K, committed 14336K, reserved 1062912K
  class space    used 1561K, capacity 1696K, committed 1792K, reserved 1048576K
Event: 84.593 GC heap after
Heap after GC invocations=7 (full 1):
 PSYoungGen      total 133120K, used 5088K [0x00000000d6900000, 0x00000000df900000, 0x0000000100000000)
  eden space 128000K, 0% used [0x00000000d6900000,0x00000000d6900000,0x00000000de600000)
  from space 5120K, 99% used [0x00000000dee00000,0x00000000df2f8090,0x00000000df300000)
  to   space 8192K, 0% used [0x00000000de600000,0x00000000de600000,0x00000000dee00000)
 ParOldGen       total 86016K, used 9806K [0x0000000083a00000, 0x0000000088e00000, 0x00000000d6900000)
  object space 86016K, 11% used [0x0000000083a00000,0x0000000084393aa0,0x0000000088e00000)
 Metaspace       used 13830K, capacity 14226K, committed 14336K, reserved 1062912K
  class space    used 1561K, capacity 1696K, committed 1792K, reserved 1048576K
}
Event: 85.392 GC heap before
{Heap before GC invocations=8 (full 1):
 PSYoungGen      total 133120K, used 133088K [0x00000000d6900000, 0x00000000df900000, 0x0000000100000000)
  eden space 128000K, 100% used [0x00000000d6900000,0x00000000de600000,0x00000000de600000)
  from space 5120K, 99% used [0x00000000dee00000,0x00000000df2f8090,0x00000000df300000)
  to   space 8192K, 0% used [0x00000000de600000,0x00000000de600000,0x00000000dee00000)
 ParOldGen       total 86016K, used 9806K [0x0000000083a00000, 0x0000000088e00000, 0x00000000d6900000)
  object space 86016K, 11% used [0x0000000083a00000,0x0000000084393aa0,0x0000000088e00000)
 Metaspace       used 13843K, capacity 14290K, committed 14592K, reserved 1062912K
  class space    used 1561K, capacity 1696K, committed 1792K, reserved 1048576K
Event: 85.433 GC heap after
Heap after GC invocations=8 (full 1):
 PSYoungGen      total 136192K, used 7904K [0x00000000d6900000, 0x00000000e7500000, 0x0000000100000000)
  eden space 128000K, 0% used [0x00000000d6900000,0x00000000d6900000,0x00000000de600000)
  from space 8192K, 96% used [0x00000000de600000,0x00000000dedb80a0,0x00000000dee00000)
  to   space 9216K, 0% used [0x00000000e6c00000,0x00000000e6c00000,0x00000000e7500000)
 ParOldGen       total 86016K, used 9806K [0x0000000083a00000, 0x0000000088e00000, 0x00000000d6900000)
  object space 86016K, 11% used [0x0000000083a00000,0x0000000084393aa0,0x0000000088e00000)
 Metaspace       used 13843K, capacity 14290K, committed 14592K, reserved 1062912K
  class space    used 1561K, capacity 1696K, committed 1792K, reserved 1048576K
}
Event: 87.405 GC heap before
{Heap before GC invocations=9 (full 1):
 PSYoungGen      total 136192K, used 135904K [0x00000000d6900000, 0x00000000e7500000, 0x0000000100000000)
  eden space 128000K, 100% used [0x00000000d6900000,0x00000000de600000,0x00000000de600000)
  from space 8192K, 96% used [0x00000000de600000,0x00000000dedb80a0,0x00000000dee00000)
  to   space 9216K, 0% used [0x00000000e6c00000,0x00000000e6c00000,0x00000000e7500000)
 ParOldGen       total 86016K, used 9806K [0x0000000083a00000, 0x0000000088e00000, 0x00000000d6900000)
  object space 86016K, 11% used [0x0000000083a00000,0x0000000084393aa0,0x0000000088e00000)
 Metaspace       used 15827K, capacity 16252K, committed 16512K, reserved 1064960K
  class space    used 1757K, capacity 1909K, committed 1920K, reserved 1048576K
Event: 87.492 GC heap after
Heap after GC invocations=9 (full 1):
 PSYoungGen      total 262656K, used 9209K [0x00000000d6900000, 0x00000000e7a00000, 0x0000000100000000)
  eden space 253440K, 0% used [0x00000000d6900000,0x00000000d6900000,0x00000000e6080000)
  from space 9216K, 99% used [0x00000000e6c00000,0x00000000e74fe580,0x00000000e7500000)
  to   space 11776K, 0% used [0x00000000e6080000,0x00000000e6080000,0x00000000e6c00000)
 ParOldGen       total 86016K, used 13931K [0x0000000083a00000, 0x0000000088e00000, 0x00000000d6900000)
  object space 86016K, 16% used [0x0000000083a00000,0x000000008479ae58,0x0000000088e00000)
 Metaspace       used 15827K, capacity 16252K, committed 16512K, reserved 1064960K
  class space    used 1757K, capacity 1909K, committed 1920K, reserved 1048576K
}
Event: 123.937 GC heap before
{Heap before GC invocations=10 (full 1):
 PSYoungGen      total 262656K, used 262649K [0x00000000d6900000, 0x00000000e7a00000, 0x0000000100000000)
  eden space 253440K, 100% used [0x00000000d6900000,0x00000000e6080000,0x00000000e6080000)
  from space 9216K, 99% used [0x00000000e6c00000,0x00000000e74fe580,0x00000000e7500000)
  to   space 11776K, 0% used [0x00000000e6080000,0x00000000e6080000,0x00000000e6c00000)
 ParOldGen       total 86016K, used 13931K [0x0000000083a00000, 0x0000000088e00000, 0x00000000d6900000)
  object space 86016K, 16% used [0x0000000083a00000,0x000000008479ae58,0x0000000088e00000)
 Metaspace       used 19442K, capacity 19944K, committed 20096K, reserved 1067008K
  class space    used 2184K, capacity 2347K, committed 2432K, reserved 1048576K

