# JRE version: Java(TM) SE Runtime Environment (8.0_181-b13) (build 1.8.0_181-b13)
# Java VM: Java HotSpot(TM) 64-Bit Server VM (25.181-b13 mixed mode linux-amd64 compressed oops)
Heap:
 PSYoungGen      total 136192K, used 14818K [0x00000000d6900000, 0x00000000e0100000, 0x0000000100000000)
  eden space 121344K, 0% used [0x00000000d6900000,0x00000000d6900000,0x00000000ddf80000)
  from space 14848K, 99% used [0x00000000ddf80000,0x00000000dedf8920,0x00000000dee00000)
  to   space 10240K, 0% used [0x00000000dee00000,0x00000000dee00000,0x00000000df800000)
 ParOldGen       total 86016K, used 57306K [0x0000000083a00000, 0x0000000088e00000, 0x00000000d6900000)
  object space 86016K, 66% used [0x0000000083a00000,0x00000000871f6898,0x0000000088e00000)
 Metaspace       used 19655K, capacity 20104K, committed 20352K, reserved 1067008K
  class space    used 2240K, capacity 2362K, committed 2432K, reserved 1048576K
GC Heap History (10 events):
Event: 108.523 GC heap after
Heap after GC invocations=5 (full 1):
 PSYoungGen      total 37888K, used 4249K [0x00000000d6900000, 0x00000000db300000, 0x0000000100000000)
  eden space 32768K, 0% used [0x00000000d6900000,0x00000000d6900000,0x00000000d8900000)
  from space 5120K, 82% used [0x00000000d8e00000,0x00000000d9226428,0x00000000d9300000)
  to   space 5120K, 0% used [0x00000000d8900000,0x00000000d8900000,0x00000000d8e00000)
 ParOldGen       total 86016K, used 4076K [0x0000000083a00000, 0x0000000088e00000, 0x00000000d6900000)
  object space 86016K, 4% used [0x0000000083a00000,0x0000000083dfb010,0x0000000088e00000)
 Metaspace       used 13902K, capacity 14238K, committed 14592K, reserved 1062912K
  class space    used 1579K, capacity 1668K, committed 1792K, reserved 1048576K
}
Event: 109.226 GC heap before
{Heap before GC invocations=6 (full 1):
 PSYoungGen      total 37888K, used 37017K [0x00000000d6900000, 0x00000000db300000, 0x0000000100000000)
  eden space 32768K, 100% used [0x00000000d6900000,0x00000000d8900000,0x00000000d8900000)
  from space 5120K, 82% used [0x00000000d8e00000,0x00000000d9226428,0x00000000d9300000)
  to   space 5120K, 0% used [0x00000000d8900000,0x00000000d8900000,0x00000000d8e00000)
 ParOldGen       total 86016K, used 4076K [0x0000000083a00000, 0x0000000088e00000, 0x00000000d6900000)
  object space 86016K, 4% used [0x0000000083a00000,0x0000000083dfb010,0x0000000088e00000)
 Metaspace       used 14203K, capacity 14594K, committed 14848K, reserved 1062912K
  class space    used 1603K, capacity 1743K, committed 1792K, reserved 1048576K
Event: 109.235 GC heap after
Heap after GC invocations=6 (full 1):
 PSYoungGen      total 37888K, used 4608K [0x00000000d6900000, 0x00000000db300000, 0x0000000100000000)
  eden space 32768K, 0% used [0x00000000d6900000,0x00000000d6900000,0x00000000d8900000)
  from space 5120K, 90% used [0x00000000d8900000,0x00000000d8d80128,0x00000000d8e00000)
  to   space 5120K, 0% used [0x00000000dae00000,0x00000000dae00000,0x00000000db300000)
 ParOldGen       total 86016K, used 4084K [0x0000000083a00000, 0x0000000088e00000, 0x00000000d6900000)
  object space 86016K, 4% used [0x0000000083a00000,0x0000000083dfd010,0x0000000088e00000)
 Metaspace       used 14203K, capacity 14594K, committed 14848K, reserved 1062912K
  class space    used 1603K, capacity 1743K, committed 1792K, reserved 1048576K
}
Event: 111.552 GC heap before
{Heap before GC invocations=7 (full 1):
 PSYoungGen      total 37888K, used 37376K [0x00000000d6900000, 0x00000000db300000, 0x0000000100000000)
  eden space 32768K, 100% used [0x00000000d6900000,0x00000000d8900000,0x00000000d8900000)
  from space 5120K, 90% used [0x00000000d8900000,0x00000000d8d80128,0x00000000d8e00000)
  to   space 5120K, 0% used [0x00000000dae00000,0x00000000dae00000,0x00000000db300000)
 ParOldGen       total 86016K, used 4084K [0x0000000083a00000, 0x0000000088e00000, 0x00000000d6900000)
  object space 86016K, 4% used [0x0000000083a00000,0x0000000083dfd010,0x0000000088e00000)
 Metaspace       used 16098K, capacity 16562K, committed 16896K, reserved 1064960K
  class space    used 1794K, capacity 1927K, committed 2048K, reserved 1048576K
Event: 111.652 GC heap after
Heap after GC invocations=7 (full 1):
 PSYoungGen      total 68096K, used 5104K [0x00000000d6900000, 0x00000000db800000, 0x0000000100000000)
  eden space 62976K, 0% used [0x00000000d6900000,0x00000000d6900000,0x00000000da680000)
  from space 5120K, 99% used [0x00000000dae00000,0x00000000db2fc030,0x00000000db300000)
  to   space 7680K, 0% used [0x00000000da680000,0x00000000da680000,0x00000000dae00000)
 ParOldGen       total 86016K, used 8043K [0x0000000083a00000, 0x0000000088e00000, 0x00000000d6900000)
  object space 86016K, 9% used [0x0000000083a00000,0x00000000841dac40,0x0000000088e00000)
 Metaspace       used 16098K, capacity 16562K, committed 16896K, reserved 1064960K
  class space    used 1794K, capacity 1927K, committed 2048K, reserved 1048576K
}
Event: 116.464 GC heap before
{Heap before GC invocations=8 (full 1):
 PSYoungGen      total 68096K, used 68080K [0x00000000d6900000, 0x00000000db800000, 0x0000000100000000)
  eden space 62976K, 100% used [0x00000000d6900000,0x00000000da680000,0x00000000da680000)
  from space 5120K, 99% used [0x00000000dae00000,0x00000000db2fc030,0x00000000db300000)
  to   space 7680K, 0% used [0x00000000da680000,0x00000000da680000,0x00000000dae00000)
 ParOldGen       total 86016K, used 8043K [0x0000000083a00000, 0x0000000088e00000, 0x00000000d6900000)
  object space 86016K, 9% used [0x0000000083a00000,0x00000000841dac40,0x0000000088e00000)
 Metaspace       used 17784K, capacity 18256K, committed 18304K, reserved 1064960K
  class space    used 2001K, capacity 2162K, committed 2176K, reserved 1048576K
Event: 116.638 GC heap after
Heap after GC invocations=8 (full 1):
 PSYoungGen      total 70656K, used 7672K [0x00000000d6900000, 0x00000000df800000, 0x0000000100000000)
  eden space 62976K, 0% used [0x00000000d6900000,0x00000000d6900000,0x00000000da680000)
  from space 7680K, 99% used [0x00000000da680000,0x00000000dadfe060,0x00000000dae00000)
  to   space 10240K, 0% used [0x00000000dee00000,0x00000000dee00000,0x00000000df800000)
 ParOldGen       total 86016K, used 11391K [0x0000000083a00000, 0x0000000088e00000, 0x00000000d6900000)
  object space 86016K, 13% used [0x0000000083a00000,0x000000008451ff80,0x0000000088e00000)
 Metaspace       used 17784K, capacity 18256K, committed 18304K, reserved 1064960K
  class space    used 2001K, capacity 2162K, committed 2176K, reserved 1048576K
}
Event: 130.703 GC heap before
{Heap before GC invocations=9 (full 1):
 PSYoungGen      total 70656K, used 70648K [0x00000000d6900000, 0x00000000df800000, 0x0000000100000000)
  eden space 62976K, 100% used [0x00000000d6900000,0x00000000da680000,0x00000000da680000)
  from space 7680K, 99% used [0x00000000da680000,0x00000000dadfe060,0x00000000dae00000)
  to   space 10240K, 0% used [0x00000000dee00000,0x00000000dee00000,0x00000000df800000)
 ParOldGen       total 86016K, used 11391K [0x0000000083a00000, 0x0000000088e00000, 0x00000000d6900000)
  object space 86016K, 13% used [0x0000000083a00000,0x000000008451ff80,0x0000000088e00000)
 Metaspace       used 19114K, capacity 19598K, committed 19840K, reserved 1067008K
  class space    used 2174K, capacity 2327K, committed 2432K, reserved 1048576K
Event: 131.014 GC heap after
Heap after GC invocations=9 (full 1):
 PSYoungGen      total 131584K, used 10229K [0x00000000d6900000, 0x00000000e0100000, 0x0000000100000000)
  eden space 121344K, 0% used [0x00000000d6900000,0x00000000d6900000,0x00000000ddf80000)
  from space 10240K, 99% used [0x00000000dee00000,0x00000000df7fd638,0x00000000df800000)
  to   space 14848K, 0% used [0x00000000ddf80000,0x00000000ddf80000,0x00000000dee00000)
 ParOldGen       total 86016K, used 18407K [0x0000000083a00000, 0x0000000088e00000, 0x00000000d6900000)
  object space 86016K, 21% used [0x0000000083a00000,0x0000000084bf9d80,0x0000000088e00000)
 Metaspace       used 19114K, capacity 19598K, committed 19840K, reserved 1067008K
  class space    used 2174K, capacity 2327K, committed 2432K, reserved 1048576K
}
Event: 144.461 GC heap before
{Heap before GC invocations=10 (full 1):
 PSYoungGen      total 131584K, used 131573K [0x00000000d6900000, 0x00000000e0100000, 0x0000000100000000)
  eden space 121344K, 100% used [0x00000000d6900000,0x00000000ddf80000,0x00000000ddf80000)
  from space 10240K, 99% used [0x00000000dee00000,0x00000000df7fd638,0x00000000df800000)
  to   space 14848K, 0% used [0x00000000ddf80000,0x00000000ddf80000,0x00000000dee00000)
 ParOldGen       total 86016K, used 18407K [0x0000000083a00000, 0x0000000088e00000, 0x00000000d6900000)
  object space 86016K, 21% used [0x0000000083a00000,0x0000000084bf9d80,0x0000000088e00000)
 Metaspace       used 19655K, capacity 20104K, committed 20352K, reserved 1067008K
  class space    used 2240K, capacity 2362K, committed 2432K, reserved 1048576K

