# JRE version: Java(TM) SE Runtime Environment (8.0_181-b13) (build 1.8.0_181-b13)
# Java VM: Java HotSpot(TM) 64-Bit Server VM (25.181-b13 mixed mode linux-amd64 compressed oops)
Heap:
 PSYoungGen      total 136192K, used 11262K [0x00000000d6900000, 0x00000000dff00000, 0x0000000100000000)
  eden space 124928K, 0% used [0x00000000d6900000,0x00000000d6900000,0x00000000de300000)
  from space 11264K, 99% used [0x00000000de300000,0x00000000dedffa90,0x00000000dee00000)
  to   space 5120K, 0% used [0x00000000dee00000,0x00000000dee00000,0x00000000df300000)
 ParOldGen       total 86016K, used 29071K [0x0000000083a00000, 0x0000000088e00000, 0x00000000d6900000)
  object space 86016K, 33% used [0x0000000083a00000,0x0000000085663e08,0x0000000088e00000)
 Metaspace       used 16467K, capacity 16968K, committed 17152K, reserved 1064960K
  class space    used 1861K, capacity 2016K, committed 2048K, reserved 1048576K
GC Heap History (10 events):
Event: 4.213 GC heap after
Heap after GC invocations=3 (full 1):
 PSYoungGen      total 70656K, used 0K [0x00000000d6900000, 0x00000000db300000, 0x0000000100000000)
  eden space 65536K, 0% used [0x00000000d6900000,0x00000000d6900000,0x00000000da900000)
  from space 5120K, 0% used [0x00000000dae00000,0x00000000dae00000,0x00000000db300000)
  to   space 5120K, 0% used [0x00000000da900000,0x00000000da900000,0x00000000dae00000)
 ParOldGen       total 86016K, used 10660K [0x0000000083a00000, 0x0000000088e00000, 0x00000000d6900000)
  object space 86016K, 12% used [0x0000000083a00000,0x00000000844690f8,0x0000000088e00000)
 Metaspace       used 10233K, capacity 10386K, committed 10624K, reserved 1058816K
  class space    used 1237K, capacity 1317K, committed 1408K, reserved 1048576K
}
Event: 124.083 GC heap before
{Heap before GC invocations=4 (full 1):
 PSYoungGen      total 70656K, used 65536K [0x00000000d6900000, 0x00000000db300000, 0x0000000100000000)
  eden space 65536K, 100% used [0x00000000d6900000,0x00000000da900000,0x00000000da900000)
  from space 5120K, 0% used [0x00000000dae00000,0x00000000dae00000,0x00000000db300000)
  to   space 5120K, 0% used [0x00000000da900000,0x00000000da900000,0x00000000dae00000)
 ParOldGen       total 86016K, used 10660K [0x0000000083a00000, 0x0000000088e00000, 0x00000000d6900000)
  object space 86016K, 12% used [0x0000000083a00000,0x00000000844690f8,0x0000000088e00000)
 Metaspace       used 14677K, capacity 15120K, committed 15488K, reserved 1062912K
  class space    used 1670K, capacity 1820K, committed 1920K, reserved 1048576K
Event: 124.171 GC heap after
Heap after GC invocations=4 (full 1):
 PSYoungGen      total 70656K, used 5103K [0x00000000d6900000, 0x00000000db300000, 0x0000000100000000)
  eden space 65536K, 0% used [0x00000000d6900000,0x00000000d6900000,0x00000000da900000)
  from space 5120K, 99% used [0x00000000da900000,0x00000000dadfbd68,0x00000000dae00000)
  to   space 5120K, 0% used [0x00000000dae00000,0x00000000dae00000,0x00000000db300000)
 ParOldGen       total 86016K, used 14905K [0x0000000083a00000, 0x0000000088e00000, 0x00000000d6900000)
  object space 86016K, 17% used [0x0000000083a00000,0x000000008488e528,0x0000000088e00000)
 Metaspace       used 14677K, capacity 15120K, committed 15488K, reserved 1062912K
  class space    used 1670K, capacity 1820K, committed 1920K, reserved 1048576K
}
Event: 125.280 GC heap before
{Heap before GC invocations=5 (full 1):
 PSYoungGen      total 70656K, used 70639K [0x00000000d6900000, 0x00000000db300000, 0x0000000100000000)
  eden space 65536K, 100% used [0x00000000d6900000,0x00000000da900000,0x00000000da900000)
  from space 5120K, 99% used [0x00000000da900000,0x00000000dadfbd68,0x00000000dae00000)
  to   space 5120K, 0% used [0x00000000dae00000,0x00000000dae00000,0x00000000db300000)
 ParOldGen       total 86016K, used 14905K [0x0000000083a00000, 0x0000000088e00000, 0x00000000d6900000)
  object space 86016K, 17% used [0x0000000083a00000,0x000000008488e528,0x0000000088e00000)
 Metaspace       used 15086K, capacity 15600K, committed 15744K, reserved 1062912K
  class space    used 1709K, capacity 1852K, committed 1920K, reserved 1048576K
Event: 125.322 GC heap after
Heap after GC invocations=5 (full 1):
 PSYoungGen      total 70656K, used 5112K [0x00000000d6900000, 0x00000000df300000, 0x0000000100000000)
  eden space 65536K, 0% used [0x00000000d6900000,0x00000000d6900000,0x00000000da900000)
  from space 5120K, 99% used [0x00000000dae00000,0x00000000db2fe320,0x00000000db300000)
  to   space 5120K, 0% used [0x00000000da900000,0x00000000da900000,0x00000000dae00000)
 ParOldGen       total 86016K, used 18167K [0x0000000083a00000, 0x0000000088e00000, 0x00000000d6900000)
  object space 86016K, 21% used [0x0000000083a00000,0x0000000084bbdef8,0x0000000088e00000)
 Metaspace       used 15086K, capacity 15600K, committed 15744K, reserved 1062912K
  class space    used 1709K, capacity 1852K, committed 1920K, reserved 1048576K
}
Event: 126.272 GC heap before
{Heap before GC invocations=6 (full 1):
 PSYoungGen      total 70656K, used 70648K [0x00000000d6900000, 0x00000000df300000, 0x0000000100000000)
  eden space 65536K, 100% used [0x00000000d6900000,0x00000000da900000,0x00000000da900000)
  from space 5120K, 99% used [0x00000000dae00000,0x00000000db2fe320,0x00000000db300000)
  to   space 5120K, 0% used [0x00000000da900000,0x00000000da900000,0x00000000dae00000)
 ParOldGen       total 86016K, used 18167K [0x0000000083a00000, 0x0000000088e00000, 0x00000000d6900000)
  object space 86016K, 21% used [0x0000000083a00000,0x0000000084bbdef8,0x0000000088e00000)
 Metaspace       used 15147K, capacity 15664K, committed 16000K, reserved 1062912K
  class space    used 1709K, capacity 1852K, committed 1920K, reserved 1048576K
Event: 126.319 GC heap after
Heap after GC invocations=6 (full 1):
 PSYoungGen      total 70656K, used 5104K [0x00000000d6900000, 0x00000000df300000, 0x0000000100000000)
  eden space 65536K, 0% used [0x00000000d6900000,0x00000000d6900000,0x00000000da900000)
  from space 5120K, 99% used [0x00000000da900000,0x00000000dadfc010,0x00000000dae00000)
  to   space 5120K, 0% used [0x00000000dee00000,0x00000000dee00000,0x00000000df300000)
 ParOldGen       total 86016K, used 19871K [0x0000000083a00000, 0x0000000088e00000, 0x00000000d6900000)
  object space 86016K, 23% used [0x0000000083a00000,0x0000000084d67db0,0x0000000088e00000)
 Metaspace       used 15147K, capacity 15664K, committed 16000K, reserved 1062912K
  class space    used 1709K, capacity 1852K, committed 1920K, reserved 1048576K
}
Event: 127.275 GC heap before
{Heap before GC invocations=7 (full 1):
 PSYoungGen      total 70656K, used 70640K [0x00000000d6900000, 0x00000000df300000, 0x0000000100000000)
  eden space 65536K, 100% used [0x00000000d6900000,0x00000000da900000,0x00000000da900000)
  from space 5120K, 99% used [0x00000000da900000,0x00000000dadfc010,0x00000000dae00000)
  to   space 5120K, 0% used [0x00000000dee00000,0x00000000dee00000,0x00000000df300000)
 ParOldGen       total 86016K, used 19871K [0x0000000083a00000, 0x0000000088e00000, 0x00000000d6900000)
  object space 86016K, 23% used [0x0000000083a00000,0x0000000084d67db0,0x0000000088e00000)
 Metaspace       used 15159K, capacity 15664K, committed 16000K, reserved 1062912K
  class space    used 1709K, capacity 1852K, committed 1920K, reserved 1048576K
Event: 127.363 GC heap after
Heap after GC invocations=7 (full 1):
 PSYoungGen      total 130048K, used 5088K [0x00000000d6900000, 0x00000000dff00000, 0x0000000100000000)
  eden space 124928K, 0% used [0x00000000d6900000,0x00000000d6900000,0x00000000de300000)
  from space 5120K, 99% used [0x00000000dee00000,0x00000000df2f8020,0x00000000df300000)
  to   space 11264K, 0% used [0x00000000de300000,0x00000000de300000,0x00000000dee00000)
 ParOldGen       total 86016K, used 21617K [0x0000000083a00000, 0x0000000088e00000, 0x00000000d6900000)
  object space 86016K, 25% used [0x0000000083a00000,0x0000000084f1c668,0x0000000088e00000)
 Metaspace       used 15159K, capacity 15664K, committed 16000K, reserved 1062912K
  class space    used 1709K, capacity 1852K, committed 1920K, reserved 1048576K
}
Event: 131.349 GC heap before
{Heap before GC invocations=8 (full 1):
 PSYoungGen      total 130048K, used 130016K [0x00000000d6900000, 0x00000000dff00000, 0x0000000100000000)
  eden space 124928K, 100% used [0x00000000d6900000,0x00000000de300000,0x00000000de300000)
  from space 5120K, 99% used [0x00000000dee00000,0x00000000df2f8020,0x00000000df300000)
  to   space 11264K, 0% used [0x00000000de300000,0x00000000de300000,0x00000000dee00000)
 ParOldGen       total 86016K, used 21617K [0x0000000083a00000, 0x0000000088e00000, 0x00000000d6900000)
  object space 86016K, 25% used [0x0000000083a00000,0x0000000084f1c668,0x0000000088e00000)
 Metaspace       used 16467K, capacity 16968K, committed 17152K, reserved 1064960K
  class space    used 1861K, capacity 2016K, committed 2048K, reserved 1048576K

