# JRE version: Java(TM) SE Runtime Environment (8.0_181-b13) (build 1.8.0_181-b13)
# Java VM: Java HotSpot(TM) 64-Bit Server VM (25.181-b13 mixed mode linux-amd64 compressed oops)
Heap:
 PSYoungGen      total 70656K, used 10735K [0x00000000d6900000, 0x00000000dbe00000, 0x0000000100000000)
  eden space 59904K, 0% used [0x00000000d6900000,0x00000000d6900000,0x00000000da380000)
  from space 10752K, 99% used [0x00000000da380000,0x00000000dadfbed8,0x00000000dae00000)
  to   space 5120K, 0% used [0x00000000dae00000,0x00000000dae00000,0x00000000db300000)
 ParOldGen       total 86016K, used 15346K [0x0000000083a00000, 0x0000000088e00000, 0x00000000d6900000)
  object space 86016K, 17% used [0x0000000083a00000,0x00000000848fcb20,0x0000000088e00000)
 Metaspace       used 15920K, capacity 16384K, committed 16640K, reserved 1064960K
  class space    used 1795K, capacity 1930K, committed 2048K, reserved 1048576K
GC Heap History (10 events):
Event: 3.383 GC heap after
Heap after GC invocations=3 (full 1):
 PSYoungGen      total 37888K, used 0K [0x00000000d6900000, 0x00000000d9300000, 0x0000000100000000)
  eden space 32768K, 0% used [0x00000000d6900000,0x00000000d6900000,0x00000000d8900000)
  from space 5120K, 0% used [0x00000000d8e00000,0x00000000d8e00000,0x00000000d9300000)
  to   space 5120K, 0% used [0x00000000d8900000,0x00000000d8900000,0x00000000d8e00000)
 ParOldGen       total 86016K, used 10624K [0x0000000083a00000, 0x0000000088e00000, 0x00000000d6900000)
  object space 86016K, 12% used [0x0000000083a00000,0x00000000844600e8,0x0000000088e00000)
 Metaspace       used 10203K, capacity 10386K, committed 10624K, reserved 1058816K
  class space    used 1236K, capacity 1317K, committed 1408K, reserved 1048576K
}
Event: 97.461 GC heap before
{Heap before GC invocations=4 (full 1):
 PSYoungGen      total 37888K, used 32768K [0x00000000d6900000, 0x00000000d9300000, 0x0000000100000000)
  eden space 32768K, 100% used [0x00000000d6900000,0x00000000d8900000,0x00000000d8900000)
  from space 5120K, 0% used [0x00000000d8e00000,0x00000000d8e00000,0x00000000d9300000)
  to   space 5120K, 0% used [0x00000000d8900000,0x00000000d8900000,0x00000000d8e00000)
 ParOldGen       total 86016K, used 10624K [0x0000000083a00000, 0x0000000088e00000, 0x00000000d6900000)
  object space 86016K, 12% used [0x0000000083a00000,0x00000000844600e8,0x0000000088e00000)
 Metaspace       used 14121K, capacity 14592K, committed 14848K, reserved 1062912K
  class space    used 1625K, capacity 1780K, committed 1792K, reserved 1048576K
Event: 98.233 GC heap after
Heap after GC invocations=4 (full 1):
 PSYoungGen      total 37888K, used 5103K [0x00000000d6900000, 0x00000000d9300000, 0x0000000100000000)
  eden space 32768K, 0% used [0x00000000d6900000,0x00000000d6900000,0x00000000d8900000)
  from space 5120K, 99% used [0x00000000d8900000,0x00000000d8dfbcc8,0x00000000d8e00000)
  to   space 5120K, 0% used [0x00000000d8e00000,0x00000000d8e00000,0x00000000d9300000)
 ParOldGen       total 86016K, used 11468K [0x0000000083a00000, 0x0000000088e00000, 0x00000000d6900000)
  object space 86016K, 13% used [0x0000000083a00000,0x0000000084533068,0x0000000088e00000)
 Metaspace       used 14121K, capacity 14592K, committed 14848K, reserved 1062912K
  class space    used 1625K, capacity 1780K, committed 1792K, reserved 1048576K
}
Event: 99.457 GC heap before
{Heap before GC invocations=5 (full 1):
 PSYoungGen      total 37888K, used 37871K [0x00000000d6900000, 0x00000000d9300000, 0x0000000100000000)
  eden space 32768K, 100% used [0x00000000d6900000,0x00000000d8900000,0x00000000d8900000)
  from space 5120K, 99% used [0x00000000d8900000,0x00000000d8dfbcc8,0x00000000d8e00000)
  to   space 5120K, 0% used [0x00000000d8e00000,0x00000000d8e00000,0x00000000d9300000)
 ParOldGen       total 86016K, used 11468K [0x0000000083a00000, 0x0000000088e00000, 0x00000000d6900000)
  object space 86016K, 13% used [0x0000000083a00000,0x0000000084533068,0x0000000088e00000)
 Metaspace       used 14211K, capacity 14674K, committed 14848K, reserved 1062912K
  class space    used 1627K, capacity 1783K, committed 1792K, reserved 1048576K
Event: 99.467 GC heap after
Heap after GC invocations=5 (full 1):
 PSYoungGen      total 37888K, used 4316K [0x00000000d6900000, 0x00000000d9300000, 0x0000000100000000)
  eden space 32768K, 0% used [0x00000000d6900000,0x00000000d6900000,0x00000000d8900000)
  from space 5120K, 84% used [0x00000000d8e00000,0x00000000d9237320,0x00000000d9300000)
  to   space 5120K, 0% used [0x00000000d8900000,0x00000000d8900000,0x00000000d8e00000)
 ParOldGen       total 86016K, used 11468K [0x0000000083a00000, 0x0000000088e00000, 0x00000000d6900000)
  object space 86016K, 13% used [0x0000000083a00000,0x0000000084533068,0x0000000088e00000)
 Metaspace       used 14211K, capacity 14674K, committed 14848K, reserved 1062912K
  class space    used 1627K, capacity 1783K, committed 1792K, reserved 1048576K
}
Event: 100.089 GC heap before
{Heap before GC invocations=6 (full 1):
 PSYoungGen      total 37888K, used 37084K [0x00000000d6900000, 0x00000000d9300000, 0x0000000100000000)
  eden space 32768K, 100% used [0x00000000d6900000,0x00000000d8900000,0x00000000d8900000)
  from space 5120K, 84% used [0x00000000d8e00000,0x00000000d9237320,0x00000000d9300000)
  to   space 5120K, 0% used [0x00000000d8900000,0x00000000d8900000,0x00000000d8e00000)
 ParOldGen       total 86016K, used 11468K [0x0000000083a00000, 0x0000000088e00000, 0x00000000d6900000)
  object space 86016K, 13% used [0x0000000083a00000,0x0000000084533068,0x0000000088e00000)
 Metaspace       used 14260K, capacity 14674K, committed 14848K, reserved 1062912K
  class space    used 1627K, capacity 1783K, committed 1792K, reserved 1048576K
Event: 100.108 GC heap after
Heap after GC invocations=6 (full 1):
 PSYoungGen      total 37888K, used 5089K [0x00000000d6900000, 0x00000000db300000, 0x0000000100000000)
  eden space 32768K, 0% used [0x00000000d6900000,0x00000000d6900000,0x00000000d8900000)
  from space 5120K, 99% used [0x00000000d8900000,0x00000000d8df87f0,0x00000000d8e00000)
  to   space 5120K, 0% used [0x00000000dae00000,0x00000000dae00000,0x00000000db300000)
 ParOldGen       total 86016K, used 11644K [0x0000000083a00000, 0x0000000088e00000, 0x00000000d6900000)
  object space 86016K, 13% used [0x0000000083a00000,0x000000008455f078,0x0000000088e00000)
 Metaspace       used 14260K, capacity 14674K, committed 14848K, reserved 1062912K
  class space    used 1627K, capacity 1783K, committed 1792K, reserved 1048576K
}
Event: 100.781 GC heap before
{Heap before GC invocations=7 (full 1):
 PSYoungGen      total 37888K, used 37857K [0x00000000d6900000, 0x00000000db300000, 0x0000000100000000)
  eden space 32768K, 100% used [0x00000000d6900000,0x00000000d8900000,0x00000000d8900000)
  from space 5120K, 99% used [0x00000000d8900000,0x00000000d8df87f0,0x00000000d8e00000)
  to   space 5120K, 0% used [0x00000000dae00000,0x00000000dae00000,0x00000000db300000)
 ParOldGen       total 86016K, used 11644K [0x0000000083a00000, 0x0000000088e00000, 0x00000000d6900000)
  object space 86016K, 13% used [0x0000000083a00000,0x000000008455f078,0x0000000088e00000)
 Metaspace       used 14437K, capacity 14942K, committed 15104K, reserved 1062912K
  class space    used 1636K, capacity 1785K, committed 1792K, reserved 1048576K
Event: 100.838 GC heap after
Heap after GC invocations=7 (full 1):
 PSYoungGen      total 65024K, used 5093K [0x00000000d6900000, 0x00000000dbe00000, 0x0000000100000000)
  eden space 59904K, 0% used [0x00000000d6900000,0x00000000d6900000,0x00000000da380000)
  from space 5120K, 99% used [0x00000000dae00000,0x00000000db2f97d0,0x00000000db300000)
  to   space 10752K, 0% used [0x00000000da380000,0x00000000da380000,0x00000000dae00000)
 ParOldGen       total 86016K, used 12622K [0x0000000083a00000, 0x0000000088e00000, 0x00000000d6900000)
  object space 86016K, 14% used [0x0000000083a00000,0x0000000084653bf8,0x0000000088e00000)
 Metaspace       used 14437K, capacity 14942K, committed 15104K, reserved 1062912K
  class space    used 1636K, capacity 1785K, committed 1792K, reserved 1048576K
}
Event: 104.732 GC heap before
{Heap before GC invocations=8 (full 1):
 PSYoungGen      total 65024K, used 64997K [0x00000000d6900000, 0x00000000dbe00000, 0x0000000100000000)
  eden space 59904K, 100% used [0x00000000d6900000,0x00000000da380000,0x00000000da380000)
  from space 5120K, 99% used [0x00000000dae00000,0x00000000db2f97d0,0x00000000db300000)
  to   space 10752K, 0% used [0x00000000da380000,0x00000000da380000,0x00000000dae00000)
 ParOldGen       total 86016K, used 12622K [0x0000000083a00000, 0x0000000088e00000, 0x00000000d6900000)
  object space 86016K, 14% used [0x0000000083a00000,0x0000000084653bf8,0x0000000088e00000)
 Metaspace       used 15920K, capacity 16384K, committed 16640K, reserved 1064960K
  class space    used 1795K, capacity 1930K, committed 2048K, reserved 1048576K

