# JRE version: Java(TM) SE Runtime Environment (8.0_181-b13) (build 1.8.0_181-b13)
# Java VM: Java HotSpot(TM) 64-Bit Server VM (25.181-b13 mixed mode linux-amd64 compressed oops)
Heap:
 PSYoungGen      total 37888K, used 8783K [0x00000000d6900000, 0x00000000d9d80000, 0x0000000100000000)
  eden space 27136K, 0% used [0x00000000d6900000,0x00000000d6900000,0x00000000d8380000)
  from space 10752K, 81% used [0x00000000d8380000,0x00000000d8c13ca8,0x00000000d8e00000)
  to   space 5120K, 0% used [0x00000000d8e00000,0x00000000d8e00000,0x00000000d9300000)
 ParOldGen       total 86016K, used 12294K [0x0000000083a00000, 0x0000000088e00000, 0x00000000d6900000)
  object space 86016K, 14% used [0x0000000083a00000,0x0000000084601b58,0x0000000088e00000)
 Metaspace       used 15440K, capacity 15978K, committed 16000K, reserved 1062912K
  class space    used 1747K, capacity 1899K, committed 1920K, reserved 1048576K
GC Heap History (10 events):
Event: 3.959 GC heap after
Heap after GC invocations=3 (full 1):
 PSYoungGen      total 37888K, used 0K [0x00000000d6900000, 0x00000000d9300000, 0x0000000100000000)
  eden space 32768K, 0% used [0x00000000d6900000,0x00000000d6900000,0x00000000d8900000)
  from space 5120K, 0% used [0x00000000d8e00000,0x00000000d8e00000,0x00000000d9300000)
  to   space 5120K, 0% used [0x00000000d8900000,0x00000000d8900000,0x00000000d8e00000)
 ParOldGen       total 86016K, used 10630K [0x0000000083a00000, 0x0000000088e00000, 0x00000000d6900000)
  object space 86016K, 12% used [0x0000000083a00000,0x0000000084461b10,0x0000000088e00000)
 Metaspace       used 10279K, capacity 10450K, committed 10624K, reserved 1058816K
  class space    used 1237K, capacity 1317K, committed 1408K, reserved 1048576K
}
Event: 98.718 GC heap before
{Heap before GC invocations=4 (full 1):
 PSYoungGen      total 37888K, used 32768K [0x00000000d6900000, 0x00000000d9300000, 0x0000000100000000)
  eden space 32768K, 100% used [0x00000000d6900000,0x00000000d8900000,0x00000000d8900000)
  from space 5120K, 0% used [0x00000000d8e00000,0x00000000d8e00000,0x00000000d9300000)
  to   space 5120K, 0% used [0x00000000d8900000,0x00000000d8900000,0x00000000d8e00000)
 ParOldGen       total 86016K, used 10630K [0x0000000083a00000, 0x0000000088e00000, 0x00000000d6900000)
  object space 86016K, 12% used [0x0000000083a00000,0x0000000084461b10,0x0000000088e00000)
 Metaspace       used 14314K, capacity 14762K, committed 14848K, reserved 1062912K
  class space    used 1639K, capacity 1787K, committed 1792K, reserved 1048576K
Event: 98.828 GC heap after
Heap after GC invocations=4 (full 1):
 PSYoungGen      total 37888K, used 5101K [0x00000000d6900000, 0x00000000d9300000, 0x0000000100000000)
  eden space 32768K, 0% used [0x00000000d6900000,0x00000000d6900000,0x00000000d8900000)
  from space 5120K, 99% used [0x00000000d8900000,0x00000000d8dfb508,0x00000000d8e00000)
  to   space 5120K, 0% used [0x00000000d8e00000,0x00000000d8e00000,0x00000000d9300000)
 ParOldGen       total 86016K, used 11375K [0x0000000083a00000, 0x0000000088e00000, 0x00000000d6900000)
  object space 86016K, 13% used [0x0000000083a00000,0x000000008451bcd0,0x0000000088e00000)
 Metaspace       used 14314K, capacity 14762K, committed 14848K, reserved 1062912K
  class space    used 1639K, capacity 1787K, committed 1792K, reserved 1048576K
}
Event: 100.125 GC heap before
{Heap before GC invocations=5 (full 1):
 PSYoungGen      total 37888K, used 37869K [0x00000000d6900000, 0x00000000d9300000, 0x0000000100000000)
  eden space 32768K, 100% used [0x00000000d6900000,0x00000000d8900000,0x00000000d8900000)
  from space 5120K, 99% used [0x00000000d8900000,0x00000000d8dfb508,0x00000000d8e00000)
  to   space 5120K, 0% used [0x00000000d8e00000,0x00000000d8e00000,0x00000000d9300000)
 ParOldGen       total 86016K, used 11375K [0x0000000083a00000, 0x0000000088e00000, 0x00000000d6900000)
  object space 86016K, 13% used [0x0000000083a00000,0x000000008451bcd0,0x0000000088e00000)
 Metaspace       used 14425K, capacity 14902K, committed 15104K, reserved 1062912K
  class space    used 1640K, capacity 1789K, committed 1792K, reserved 1048576K
Event: 100.133 GC heap after
Heap after GC invocations=5 (full 1):
 PSYoungGen      total 37888K, used 4161K [0x00000000d6900000, 0x00000000d9300000, 0x0000000100000000)
  eden space 32768K, 0% used [0x00000000d6900000,0x00000000d6900000,0x00000000d8900000)
  from space 5120K, 81% used [0x00000000d8e00000,0x00000000d92105d8,0x00000000d9300000)
  to   space 5120K, 0% used [0x00000000d8900000,0x00000000d8900000,0x00000000d8e00000)
 ParOldGen       total 86016K, used 11383K [0x0000000083a00000, 0x0000000088e00000, 0x00000000d6900000)
  object space 86016K, 13% used [0x0000000083a00000,0x000000008451dcd0,0x0000000088e00000)
 Metaspace       used 14425K, capacity 14902K, committed 15104K, reserved 1062912K
  class space    used 1640K, capacity 1789K, committed 1792K, reserved 1048576K
}
Event: 100.667 GC heap before
{Heap before GC invocations=6 (full 1):
 PSYoungGen      total 37888K, used 36929K [0x00000000d6900000, 0x00000000d9300000, 0x0000000100000000)
  eden space 32768K, 100% used [0x00000000d6900000,0x00000000d8900000,0x00000000d8900000)
  from space 5120K, 81% used [0x00000000d8e00000,0x00000000d92105d8,0x00000000d9300000)
  to   space 5120K, 0% used [0x00000000d8900000,0x00000000d8900000,0x00000000d8e00000)
 ParOldGen       total 86016K, used 11383K [0x0000000083a00000, 0x0000000088e00000, 0x00000000d6900000)
  object space 86016K, 13% used [0x0000000083a00000,0x000000008451dcd0,0x0000000088e00000)
 Metaspace       used 14468K, capacity 14902K, committed 15104K, reserved 1062912K
  class space    used 1640K, capacity 1789K, committed 1792K, reserved 1048576K
Event: 100.676 GC heap after
Heap after GC invocations=6 (full 1):
 PSYoungGen      total 37888K, used 5110K [0x00000000d6900000, 0x00000000d9300000, 0x0000000100000000)
  eden space 32768K, 0% used [0x00000000d6900000,0x00000000d6900000,0x00000000d8900000)
  from space 5120K, 99% used [0x00000000d8900000,0x00000000d8dfdad8,0x00000000d8e00000)
  to   space 5120K, 0% used [0x00000000d8e00000,0x00000000d8e00000,0x00000000d9300000)
 ParOldGen       total 86016K, used 11383K [0x0000000083a00000, 0x0000000088e00000, 0x00000000d6900000)
  object space 86016K, 13% used [0x0000000083a00000,0x000000008451dcd0,0x0000000088e00000)
 Metaspace       used 14468K, capacity 14902K, committed 15104K, reserved 1062912K
  class space    used 1640K, capacity 1789K, committed 1792K, reserved 1048576K
}
Event: 101.584 GC heap before
{Heap before GC invocations=7 (full 1):
 PSYoungGen      total 37888K, used 37878K [0x00000000d6900000, 0x00000000d9300000, 0x0000000100000000)
  eden space 32768K, 100% used [0x00000000d6900000,0x00000000d8900000,0x00000000d8900000)
  from space 5120K, 99% used [0x00000000d8900000,0x00000000d8dfdad8,0x00000000d8e00000)
  to   space 5120K, 0% used [0x00000000d8e00000,0x00000000d8e00000,0x00000000d9300000)
 ParOldGen       total 86016K, used 11383K [0x0000000083a00000, 0x0000000088e00000, 0x00000000d6900000)
  object space 86016K, 13% used [0x0000000083a00000,0x000000008451dcd0,0x0000000088e00000)
 Metaspace       used 14642K, capacity 15100K, committed 15360K, reserved 1062912K
  class space    used 1653K, capacity 1790K, committed 1792K, reserved 1048576K
Event: 101.591 GC heap after
Heap after GC invocations=7 (full 1):
 PSYoungGen      total 32256K, used 5089K [0x00000000d6900000, 0x00000000d9d80000, 0x0000000100000000)
  eden space 27136K, 0% used [0x00000000d6900000,0x00000000d6900000,0x00000000d8380000)
  from space 5120K, 99% used [0x00000000d8e00000,0x00000000d92f84b8,0x00000000d9300000)
  to   space 10752K, 0% used [0x00000000d8380000,0x00000000d8380000,0x00000000d8e00000)
 ParOldGen       total 86016K, used 12294K [0x0000000083a00000, 0x0000000088e00000, 0x00000000d6900000)
  object space 86016K, 14% used [0x0000000083a00000,0x0000000084601b58,0x0000000088e00000)
 Metaspace       used 14642K, capacity 15100K, committed 15360K, reserved 1062912K
  class space    used 1653K, capacity 1790K, committed 1792K, reserved 1048576K
}
Event: 103.413 GC heap before
{Heap before GC invocations=8 (full 1):
 PSYoungGen      total 32256K, used 32225K [0x00000000d6900000, 0x00000000d9d80000, 0x0000000100000000)
  eden space 27136K, 100% used [0x00000000d6900000,0x00000000d8380000,0x00000000d8380000)
  from space 5120K, 99% used [0x00000000d8e00000,0x00000000d92f84b8,0x00000000d9300000)
  to   space 10752K, 0% used [0x00000000d8380000,0x00000000d8380000,0x00000000d8e00000)
 ParOldGen       total 86016K, used 12294K [0x0000000083a00000, 0x0000000088e00000, 0x00000000d6900000)
  object space 86016K, 14% used [0x0000000083a00000,0x0000000084601b58,0x0000000088e00000)
 Metaspace       used 15440K, capacity 15978K, committed 16000K, reserved 1062912K
  class space    used 1747K, capacity 1899K, committed 1920K, reserved 1048576K

