# JRE version: Java(TM) SE Runtime Environment (8.0_181-b13) (build 1.8.0_181-b13)
# Java VM: Java HotSpot(TM) 64-Bit Server VM (25.181-b13 mixed mode linux-amd64 compressed oops)
Heap:
 PSYoungGen      total 261120K, used 10124K [0x00000000d6900000, 0x00000000e7200000, 0x0000000100000000)
  eden space 250880K, 0% used [0x00000000d6900000,0x00000000d6900000,0x00000000e5e00000)
  from space 10240K, 98% used [0x00000000e5e00000,0x00000000e67e3060,0x00000000e6800000)
  to   space 10240K, 0% used [0x00000000e6800000,0x00000000e6800000,0x00000000e7200000)
 ParOldGen       total 86016K, used 18893K [0x0000000083a00000, 0x0000000088e00000, 0x00000000d6900000)
  object space 86016K, 21% used [0x0000000083a00000,0x0000000084c734d0,0x0000000088e00000)
 Metaspace       used 14958K, capacity 15356K, committed 15616K, reserved 1062912K
  class space    used 1668K, capacity 1772K, committed 1792K, reserved 1048576K
GC Heap History (10 events):
Event: 123.147 GC heap after
Heap after GC invocations=5 (full 1):
 PSYoungGen      total 70656K, used 5107K [0x00000000d6900000, 0x00000000db300000, 0x0000000100000000)
  eden space 65536K, 0% used [0x00000000d6900000,0x00000000d6900000,0x00000000da900000)
  from space 5120K, 99% used [0x00000000dae00000,0x00000000db2fcfe0,0x00000000db300000)
  to   space 5120K, 0% used [0x00000000da900000,0x00000000da900000,0x00000000dae00000)
 ParOldGen       total 86016K, used 7787K [0x0000000083a00000, 0x0000000088e00000, 0x00000000d6900000)
  object space 86016K, 9% used [0x0000000083a00000,0x000000008419ad90,0x0000000088e00000)
 Metaspace       used 14619K, capacity 15024K, committed 15104K, reserved 1062912K
  class space    used 1665K, capacity 1770K, committed 1792K, reserved 1048576K
}
Event: 124.657 GC heap before
{Heap before GC invocations=6 (full 1):
 PSYoungGen      total 70656K, used 70643K [0x00000000d6900000, 0x00000000db300000, 0x0000000100000000)
  eden space 65536K, 100% used [0x00000000d6900000,0x00000000da900000,0x00000000da900000)
  from space 5120K, 99% used [0x00000000dae00000,0x00000000db2fcfe0,0x00000000db300000)
  to   space 5120K, 0% used [0x00000000da900000,0x00000000da900000,0x00000000dae00000)
 ParOldGen       total 86016K, used 7787K [0x0000000083a00000, 0x0000000088e00000, 0x00000000d6900000)
  object space 86016K, 9% used [0x0000000083a00000,0x000000008419ad90,0x0000000088e00000)
 Metaspace       used 14849K, capacity 15222K, committed 15360K, reserved 1062912K
  class space    used 1668K, capacity 1771K, committed 1792K, reserved 1048576K
Event: 124.712 GC heap after
Heap after GC invocations=6 (full 1):
 PSYoungGen      total 70656K, used 5108K [0x00000000d6900000, 0x00000000df300000, 0x0000000100000000)
  eden space 65536K, 0% used [0x00000000d6900000,0x00000000d6900000,0x00000000da900000)
  from space 5120K, 99% used [0x00000000da900000,0x00000000dadfd030,0x00000000dae00000)
  to   space 5120K, 0% used [0x00000000dee00000,0x00000000dee00000,0x00000000df300000)
 ParOldGen       total 86016K, used 11905K [0x0000000083a00000, 0x0000000088e00000, 0x00000000d6900000)
  object space 86016K, 13% used [0x0000000083a00000,0x00000000845a0420,0x0000000088e00000)
 Metaspace       used 14849K, capacity 15222K, committed 15360K, reserved 1062912K
  class space    used 1668K, capacity 1771K, committed 1792K, reserved 1048576K
}
Event: 125.522 GC heap before
{Heap before GC invocations=7 (full 1):
 PSYoungGen      total 70656K, used 70644K [0x00000000d6900000, 0x00000000df300000, 0x0000000100000000)
  eden space 65536K, 100% used [0x00000000d6900000,0x00000000da900000,0x00000000da900000)
  from space 5120K, 99% used [0x00000000da900000,0x00000000dadfd030,0x00000000dae00000)
  to   space 5120K, 0% used [0x00000000dee00000,0x00000000dee00000,0x00000000df300000)
 ParOldGen       total 86016K, used 11905K [0x0000000083a00000, 0x0000000088e00000, 0x00000000d6900000)
  object space 86016K, 13% used [0x0000000083a00000,0x00000000845a0420,0x0000000088e00000)
 Metaspace       used 14900K, capacity 15292K, committed 15360K, reserved 1062912K
  class space    used 1668K, capacity 1772K, committed 1792K, reserved 1048576K
Event: 125.584 GC heap after
Heap after GC invocations=7 (full 1):
 PSYoungGen      total 130560K, used 5097K [0x00000000d6900000, 0x00000000dfe00000, 0x0000000100000000)
  eden space 125440K, 0% used [0x00000000d6900000,0x00000000d6900000,0x00000000de380000)
  from space 5120K, 99% used [0x00000000dee00000,0x00000000df2fa7f0,0x00000000df300000)
  to   space 10752K, 0% used [0x00000000de380000,0x00000000de380000,0x00000000dee00000)
 ParOldGen       total 86016K, used 14879K [0x0000000083a00000, 0x0000000088e00000, 0x00000000d6900000)
  object space 86016K, 17% used [0x0000000083a00000,0x0000000084887c60,0x0000000088e00000)
 Metaspace       used 14900K, capacity 15292K, committed 15360K, reserved 1062912K
  class space    used 1668K, capacity 1772K, committed 1792K, reserved 1048576K
}
Event: 127.273 GC heap before
{Heap before GC invocations=8 (full 1):
 PSYoungGen      total 130560K, used 130537K [0x00000000d6900000, 0x00000000dfe00000, 0x0000000100000000)
  eden space 125440K, 100% used [0x00000000d6900000,0x00000000de380000,0x00000000de380000)
  from space 5120K, 99% used [0x00000000dee00000,0x00000000df2fa7f0,0x00000000df300000)
  to   space 10752K, 0% used [0x00000000de380000,0x00000000de380000,0x00000000dee00000)
 ParOldGen       total 86016K, used 14879K [0x0000000083a00000, 0x0000000088e00000, 0x00000000d6900000)
  object space 86016K, 17% used [0x0000000083a00000,0x0000000084887c60,0x0000000088e00000)
 Metaspace       used 14909K, capacity 15292K, committed 15360K, reserved 1062912K
  class space    used 1668K, capacity 1772K, committed 1792K, reserved 1048576K
Event: 127.315 GC heap after
Heap after GC invocations=8 (full 1):
 PSYoungGen      total 136192K, used 6633K [0x00000000d6900000, 0x00000000e7200000, 0x0000000100000000)
  eden space 125440K, 0% used [0x00000000d6900000,0x00000000d6900000,0x00000000de380000)
  from space 10752K, 61% used [0x00000000de380000,0x00000000de9fa7f0,0x00000000dee00000)
  to   space 10240K, 0% used [0x00000000e6800000,0x00000000e6800000,0x00000000e7200000)
 ParOldGen       total 86016K, used 14879K [0x0000000083a00000, 0x0000000088e00000, 0x00000000d6900000)
  object space 86016K, 17% used [0x0000000083a00000,0x0000000084887c60,0x0000000088e00000)
 Metaspace       used 14909K, capacity 15292K, committed 15360K, reserved 1062912K
  class space    used 1668K, capacity 1772K, committed 1792K, reserved 1048576K
}
Event: 128.180 GC heap before
{Heap before GC invocations=9 (full 1):
 PSYoungGen      total 136192K, used 132073K [0x00000000d6900000, 0x00000000e7200000, 0x0000000100000000)
  eden space 125440K, 100% used [0x00000000d6900000,0x00000000de380000,0x00000000de380000)
  from space 10752K, 61% used [0x00000000de380000,0x00000000de9fa7f0,0x00000000dee00000)
  to   space 10240K, 0% used [0x00000000e6800000,0x00000000e6800000,0x00000000e7200000)
 ParOldGen       total 86016K, used 14879K [0x0000000083a00000, 0x0000000088e00000, 0x00000000d6900000)
  object space 86016K, 17% used [0x0000000083a00000,0x0000000084887c60,0x0000000088e00000)
 Metaspace       used 14911K, capacity 15292K, committed 15360K, reserved 1062912K
  class space    used 1668K, capacity 1772K, committed 1792K, reserved 1048576K
Event: 128.220 GC heap after
Heap after GC invocations=9 (full 1):
 PSYoungGen      total 261120K, used 5869K [0x00000000d6900000, 0x00000000e7200000, 0x0000000100000000)
  eden space 250880K, 0% used [0x00000000d6900000,0x00000000d6900000,0x00000000e5e00000)
  from space 10240K, 57% used [0x00000000e6800000,0x00000000e6dbb7a0,0x00000000e7200000)
  to   space 10240K, 0% used [0x00000000e5e00000,0x00000000e5e00000,0x00000000e6800000)
 ParOldGen       total 86016K, used 16631K [0x0000000083a00000, 0x0000000088e00000, 0x00000000d6900000)
  object space 86016K, 19% used [0x0000000083a00000,0x0000000084a3dc90,0x0000000088e00000)
 Metaspace       used 14911K, capacity 15292K, committed 15360K, reserved 1062912K
  class space    used 1668K, capacity 1772K, committed 1792K, reserved 1048576K
}
Event: 130.964 GC heap before
{Heap before GC invocations=10 (full 1):
 PSYoungGen      total 261120K, used 256749K [0x00000000d6900000, 0x00000000e7200000, 0x0000000100000000)
  eden space 250880K, 100% used [0x00000000d6900000,0x00000000e5e00000,0x00000000e5e00000)
  from space 10240K, 57% used [0x00000000e6800000,0x00000000e6dbb7a0,0x00000000e7200000)
  to   space 10240K, 0% used [0x00000000e5e00000,0x00000000e5e00000,0x00000000e6800000)
 ParOldGen       total 86016K, used 16631K [0x0000000083a00000, 0x0000000088e00000, 0x00000000d6900000)
  object space 86016K, 19% used [0x0000000083a00000,0x0000000084a3dc90,0x0000000088e00000)
 Metaspace       used 14958K, capacity 15356K, committed 15616K, reserved 1062912K
  class space    used 1668K, capacity 1772K, committed 1792K, reserved 1048576K

