# JRE version: Java(TM) SE Runtime Environment (8.0_181-b13) (build 1.8.0_181-b13)
# Java VM: Java HotSpot(TM) 64-Bit Server VM (25.181-b13 mixed mode linux-amd64 compressed oops)
Heap:
 PSYoungGen      total 227328K, used 26621K [0x00000000d6900000, 0x00000000e7900000, 0x0000000100000000)
  eden space 200704K, 0% used [0x00000000d6900000,0x00000000d6900000,0x00000000e2d00000)
  from space 26624K, 99% used [0x00000000e4500000,0x00000000e5eff770,0x00000000e5f00000)
  to   space 13824K, 0% used [0x00000000e6b80000,0x00000000e6b80000,0x00000000e7900000)
 ParOldGen       total 86016K, used 69321K [0x0000000083a00000, 0x0000000088e00000, 0x00000000d6900000)
  object space 86016K, 80% used [0x0000000083a00000,0x0000000087db2740,0x0000000088e00000)
 Metaspace       used 20685K, capacity 21158K, committed 21248K, reserved 1069056K
  class space    used 2375K, capacity 2519K, committed 2560K, reserved 1048576K
GC Heap History (10 events):
Event: 79.733 GC heap after
Heap after GC invocations=7 (full 1):
 PSYoungGen      total 69120K, used 5115K [0x00000000d6900000, 0x00000000db600000, 0x0000000100000000)
  eden space 64000K, 0% used [0x00000000d6900000,0x00000000d6900000,0x00000000da780000)
  from space 5120K, 99% used [0x00000000dae00000,0x00000000db2fed00,0x00000000db300000)
  to   space 6656K, 0% used [0x00000000da780000,0x00000000da780000,0x00000000dae00000)
 ParOldGen       total 86016K, used 6632K [0x0000000083a00000, 0x0000000088e00000, 0x00000000d6900000)
  object space 86016K, 7% used [0x0000000083a00000,0x000000008407a080,0x0000000088e00000)
 Metaspace       used 13907K, capacity 14270K, committed 14592K, reserved 1062912K
  class space    used 1580K, capacity 1700K, committed 1792K, reserved 1048576K
}
Event: 80.517 GC heap before
{Heap before GC invocations=8 (full 1):
 PSYoungGen      total 69120K, used 69115K [0x00000000d6900000, 0x00000000db600000, 0x0000000100000000)
  eden space 64000K, 100% used [0x00000000d6900000,0x00000000da780000,0x00000000da780000)
  from space 5120K, 99% used [0x00000000dae00000,0x00000000db2fed00,0x00000000db300000)
  to   space 6656K, 0% used [0x00000000da780000,0x00000000da780000,0x00000000dae00000)
 ParOldGen       total 86016K, used 6632K [0x0000000083a00000, 0x0000000088e00000, 0x00000000d6900000)
  object space 86016K, 7% used [0x0000000083a00000,0x000000008407a080,0x0000000088e00000)
 Metaspace       used 13960K, capacity 14398K, committed 14592K, reserved 1062912K
  class space    used 1580K, capacity 1700K, committed 1792K, reserved 1048576K
Event: 80.545 GC heap after
Heap after GC invocations=8 (full 1):
 PSYoungGen      total 70656K, used 6642K [0x00000000d6900000, 0x00000000df500000, 0x0000000100000000)
  eden space 64000K, 0% used [0x00000000d6900000,0x00000000d6900000,0x00000000da780000)
  from space 6656K, 99% used [0x00000000da780000,0x00000000dadfc9b8,0x00000000dae00000)
  to   space 7680K, 0% used [0x00000000ded80000,0x00000000ded80000,0x00000000df500000)
 ParOldGen       total 86016K, used 7350K [0x0000000083a00000, 0x0000000088e00000, 0x00000000d6900000)
  object space 86016K, 8% used [0x0000000083a00000,0x000000008412d890,0x0000000088e00000)
 Metaspace       used 13960K, capacity 14398K, committed 14592K, reserved 1062912K
  class space    used 1580K, capacity 1700K, committed 1792K, reserved 1048576K
}
Event: 83.113 GC heap before
{Heap before GC invocations=9 (full 1):
 PSYoungGen      total 70656K, used 70642K [0x00000000d6900000, 0x00000000df500000, 0x0000000100000000)
  eden space 64000K, 100% used [0x00000000d6900000,0x00000000da780000,0x00000000da780000)
  from space 6656K, 99% used [0x00000000da780000,0x00000000dadfc9b8,0x00000000dae00000)
  to   space 7680K, 0% used [0x00000000ded80000,0x00000000ded80000,0x00000000df500000)
 ParOldGen       total 86016K, used 7350K [0x0000000083a00000, 0x0000000088e00000, 0x00000000d6900000)
  object space 86016K, 8% used [0x0000000083a00000,0x000000008412d890,0x0000000088e00000)
 Metaspace       used 16641K, capacity 17124K, committed 17408K, reserved 1064960K
  class space    used 1848K, capacity 1986K, committed 2048K, reserved 1048576K
Event: 83.193 GC heap after
Heap after GC invocations=9 (full 1):
 PSYoungGen      total 133120K, used 7677K [0x00000000d6900000, 0x00000000dfa00000, 0x0000000100000000)
  eden space 125440K, 0% used [0x00000000d6900000,0x00000000d6900000,0x00000000de380000)
  from space 7680K, 99% used [0x00000000ded80000,0x00000000df4ff598,0x00000000df500000)
  to   space 10240K, 0% used [0x00000000de380000,0x00000000de380000,0x00000000ded80000)
 ParOldGen       total 86016K, used 11590K [0x0000000083a00000, 0x0000000088e00000, 0x00000000d6900000)
  object space 86016K, 13% used [0x0000000083a00000,0x0000000084551810,0x0000000088e00000)
 Metaspace       used 16641K, capacity 17124K, committed 17408K, reserved 1064960K
  class space    used 1848K, capacity 1986K, committed 2048K, reserved 1048576K
}
Event: 102.995 GC heap before
{Heap before GC invocations=10 (full 1):
 PSYoungGen      total 133120K, used 133117K [0x00000000d6900000, 0x00000000dfa00000, 0x0000000100000000)
  eden space 125440K, 100% used [0x00000000d6900000,0x00000000de380000,0x00000000de380000)
  from space 7680K, 99% used [0x00000000ded80000,0x00000000df4ff598,0x00000000df500000)
  to   space 10240K, 0% used [0x00000000de380000,0x00000000de380000,0x00000000ded80000)
 ParOldGen       total 86016K, used 11590K [0x0000000083a00000, 0x0000000088e00000, 0x00000000d6900000)
  object space 86016K, 13% used [0x0000000083a00000,0x0000000084551810,0x0000000088e00000)
 Metaspace       used 19523K, capacity 20048K, committed 20352K, reserved 1067008K
  class space    used 2230K, capacity 2388K, committed 2432K, reserved 1048576K
Event: 103.109 GC heap after
Heap after GC invocations=10 (full 1):
 PSYoungGen      total 135680K, used 10210K [0x00000000d6900000, 0x00000000e7900000, 0x0000000100000000)
  eden space 125440K, 0% used [0x00000000d6900000,0x00000000d6900000,0x00000000de380000)
  from space 10240K, 99% used [0x00000000de380000,0x00000000ded78830,0x00000000ded80000)
  to   space 13824K, 0% used [0x00000000e6b80000,0x00000000e6b80000,0x00000000e7900000)
 ParOldGen       total 86016K, used 18000K [0x0000000083a00000, 0x0000000088e00000, 0x00000000d6900000)
  object space 86016K, 20% used [0x0000000083a00000,0x0000000084b94110,0x0000000088e00000)
 Metaspace       used 19523K, capacity 20048K, committed 20352K, reserved 1067008K
  class space    used 2230K, capacity 2388K, committed 2432K, reserved 1048576K
}
Event: 113.831 GC heap before
{Heap before GC invocations=11 (full 1):
 PSYoungGen      total 135680K, used 135650K [0x00000000d6900000, 0x00000000e7900000, 0x0000000100000000)
  eden space 125440K, 100% used [0x00000000d6900000,0x00000000de380000,0x00000000de380000)
  from space 10240K, 99% used [0x00000000de380000,0x00000000ded78830,0x00000000ded80000)
  to   space 13824K, 0% used [0x00000000e6b80000,0x00000000e6b80000,0x00000000e7900000)
 ParOldGen       total 86016K, used 18000K [0x0000000083a00000, 0x0000000088e00000, 0x00000000d6900000)
  object space 86016K, 20% used [0x0000000083a00000,0x0000000084b94110,0x0000000088e00000)
 Metaspace       used 20310K, capacity 20870K, committed 20992K, reserved 1067008K
  class space    used 2326K, capacity 2487K, committed 2560K, reserved 1048576K
Event: 114.409 GC heap after
Heap after GC invocations=11 (full 1):
 PSYoungGen      total 214528K, used 13794K [0x00000000d6900000, 0x00000000e7900000, 0x0000000100000000)
  eden space 200704K, 0% used [0x00000000d6900000,0x00000000d6900000,0x00000000e2d00000)
  from space 13824K, 99% used [0x00000000e6b80000,0x00000000e78f88e0,0x00000000e7900000)
  to   space 26624K, 0% used [0x00000000e4500000,0x00000000e4500000,0x00000000e5f00000)
 ParOldGen       total 86016K, used 48235K [0x0000000083a00000, 0x0000000088e00000, 0x00000000d6900000)
  object space 86016K, 56% used [0x0000000083a00000,0x000000008691ae28,0x0000000088e00000)
 Metaspace       used 20310K, capacity 20870K, committed 20992K, reserved 1067008K
  class space    used 2326K, capacity 2487K, committed 2560K, reserved 1048576K
}
Event: 115.663 GC heap before
{Heap before GC invocations=12 (full 1):
 PSYoungGen      total 214528K, used 79456K [0x00000000d6900000, 0x00000000e7900000, 0x0000000100000000)
  eden space 200704K, 32% used [0x00000000d6900000,0x00000000da91fb10,0x00000000e2d00000)
  from space 13824K, 99% used [0x00000000e6b80000,0x00000000e78f88e0,0x00000000e7900000)
  to   space 26624K, 0% used [0x00000000e4500000,0x00000000e4500000,0x00000000e5f00000)
 ParOldGen       total 86016K, used 48235K [0x0000000083a00000, 0x0000000088e00000, 0x00000000d6900000)
  object space 86016K, 56% used [0x0000000083a00000,0x000000008691ae28,0x0000000088e00000)
 Metaspace       used 20685K, capacity 21158K, committed 21248K, reserved 1069056K
  class space    used 2375K, capacity 2519K, committed 2560K, reserved 1048576K

