# JRE version: Java(TM) SE Runtime Environment (8.0_181-b13) (build 1.8.0_181-b13)
# Java VM: Java HotSpot(TM) 64-Bit Server VM (25.181-b13 mixed mode linux-amd64 compressed oops)
Heap:
 PSYoungGen      total 37888K, used 36577K [0x00000000d6900000, 0x00000000db300000, 0x0000000100000000)
  eden space 32768K, 98% used [0x00000000d6900000,0x00000000d8896f48,0x00000000d8900000)
  from space 5120K, 82% used [0x00000000d8e00000,0x00000000d92215a8,0x00000000d9300000)
  to   space 5120K, 0% used [0x00000000d8900000,0x00000000d8900000,0x00000000d8e00000)
 ParOldGen       total 86016K, used 4084K [0x0000000083a00000, 0x0000000088e00000, 0x00000000d6900000)
  object space 86016K, 4% used [0x0000000083a00000,0x0000000083dfd238,0x0000000088e00000)
 Metaspace       used 14148K, capacity 14574K, committed 14848K, reserved 1062912K
  class space    used 1612K, capacity 1777K, committed 1792K, reserved 1048576K
GC Heap History (10 events):
Event: 5.310 GC heap before
{Heap before GC invocations=1 (full 0):
 PSYoungGen      total 37888K, used 19055K [0x00000000d6900000, 0x00000000d9300000, 0x0000000100000000)
  eden space 32768K, 58% used [0x00000000d6900000,0x00000000d7b9bc80,0x00000000d8900000)
  from space 5120K, 0% used [0x00000000d8e00000,0x00000000d8e00000,0x00000000d9300000)
  to   space 5120K, 0% used [0x00000000d8900000,0x00000000d8900000,0x00000000d8e00000)
 ParOldGen       total 86016K, used 0K [0x0000000083a00000, 0x0000000088e00000, 0x00000000d6900000)
  object space 86016K, 0% used [0x0000000083a00000,0x0000000083a00000,0x0000000088e00000)
 Metaspace       used 10297K, capacity 10460K, committed 10624K, reserved 1058816K
  class space    used 1244K, capacity 1319K, committed 1408K, reserved 1048576K
Event: 5.319 GC heap after
Heap after GC invocations=1 (full 0):
 PSYoungGen      total 37888K, used 4222K [0x00000000d6900000, 0x00000000d9300000, 0x0000000100000000)
  eden space 32768K, 0% used [0x00000000d6900000,0x00000000d6900000,0x00000000d8900000)
  from space 5120K, 82% used [0x00000000d8900000,0x00000000d8d1f898,0x00000000d8e00000)
  to   space 5120K, 0% used [0x00000000d8e00000,0x00000000d8e00000,0x00000000d9300000)
 ParOldGen       total 86016K, used 0K [0x0000000083a00000, 0x0000000088e00000, 0x00000000d6900000)
  object space 86016K, 0% used [0x0000000083a00000,0x0000000083a00000,0x0000000088e00000)
 Metaspace       used 10297K, capacity 10460K, committed 10624K, reserved 1058816K
  class space    used 1244K, capacity 1319K, committed 1408K, reserved 1048576K
}
Event: 5.319 GC heap before
{Heap before GC invocations=2 (full 1):
 PSYoungGen      total 37888K, used 4222K [0x00000000d6900000, 0x00000000d9300000, 0x0000000100000000)
  eden space 32768K, 0% used [0x00000000d6900000,0x00000000d6900000,0x00000000d8900000)
  from space 5120K, 82% used [0x00000000d8900000,0x00000000d8d1f898,0x00000000d8e00000)
  to   space 5120K, 0% used [0x00000000d8e00000,0x00000000d8e00000,0x00000000d9300000)
 ParOldGen       total 86016K, used 0K [0x0000000083a00000, 0x0000000088e00000, 0x00000000d6900000)
  object space 86016K, 0% used [0x0000000083a00000,0x0000000083a00000,0x0000000088e00000)
 Metaspace       used 10297K, capacity 10460K, committed 10624K, reserved 1058816K
  class space    used 1244K, capacity 1319K, committed 1408K, reserved 1048576K
Event: 5.461 GC heap after
Heap after GC invocations=2 (full 1):
 PSYoungGen      total 37888K, used 0K [0x00000000d6900000, 0x00000000d9300000, 0x0000000100000000)
  eden space 32768K, 0% used [0x00000000d6900000,0x00000000d6900000,0x00000000d8900000)
  from space 5120K, 0% used [0x00000000d8900000,0x00000000d8900000,0x00000000d8e00000)
  to   space 5120K, 0% used [0x00000000d8e00000,0x00000000d8e00000,0x00000000d9300000)
 ParOldGen       total 86016K, used 4068K [0x0000000083a00000, 0x0000000088e00000, 0x00000000d6900000)
  object space 86016K, 4% used [0x0000000083a00000,0x0000000083df9238,0x0000000088e00000)
 Metaspace       used 10289K, capacity 10450K, committed 10624K, reserved 1058816K
  class space    used 1243K, capacity 1317K, committed 1408K, reserved 1048576K
}
Event: 141.405 GC heap before
{Heap before GC invocations=3 (full 1):
 PSYoungGen      total 37888K, used 32768K [0x00000000d6900000, 0x00000000d9300000, 0x0000000100000000)
  eden space 32768K, 100% used [0x00000000d6900000,0x00000000d8900000,0x00000000d8900000)
  from space 5120K, 0% used [0x00000000d8900000,0x00000000d8900000,0x00000000d8e00000)
  to   space 5120K, 0% used [0x00000000d8e00000,0x00000000d8e00000,0x00000000d9300000)
 ParOldGen       total 86016K, used 4068K [0x0000000083a00000, 0x0000000088e00000, 0x00000000d6900000)
  object space 86016K, 4% used [0x0000000083a00000,0x0000000083df9238,0x0000000088e00000)
 Metaspace       used 13802K, capacity 14224K, committed 14592K, reserved 1062912K
  class space    used 1594K, capacity 1703K, committed 1792K, reserved 1048576K
Event: 141.439 GC heap after
Heap after GC invocations=3 (full 1):
 PSYoungGen      total 37888K, used 4857K [0x00000000d6900000, 0x00000000d9300000, 0x0000000100000000)
  eden space 32768K, 0% used [0x00000000d6900000,0x00000000d6900000,0x00000000d8900000)
  from space 5120K, 94% used [0x00000000d8e00000,0x00000000d92be6e0,0x00000000d9300000)
  to   space 5120K, 0% used [0x00000000d8900000,0x00000000d8900000,0x00000000d8e00000)
 ParOldGen       total 86016K, used 4076K [0x0000000083a00000, 0x0000000088e00000, 0x00000000d6900000)
  object space 86016K, 4% used [0x0000000083a00000,0x0000000083dfb238,0x0000000088e00000)
 Metaspace       used 13802K, capacity 14224K, committed 14592K, reserved 1062912K
  class space    used 1594K, capacity 1703K, committed 1792K, reserved 1048576K
}
Event: 143.261 GC heap before
{Heap before GC invocations=4 (full 1):
 PSYoungGen      total 37888K, used 37625K [0x00000000d6900000, 0x00000000d9300000, 0x0000000100000000)
  eden space 32768K, 100% used [0x00000000d6900000,0x00000000d8900000,0x00000000d8900000)
  from space 5120K, 94% used [0x00000000d8e00000,0x00000000d92be6e0,0x00000000d9300000)
  to   space 5120K, 0% used [0x00000000d8900000,0x00000000d8900000,0x00000000d8e00000)
 ParOldGen       total 86016K, used 4076K [0x0000000083a00000, 0x0000000088e00000, 0x00000000d6900000)
  object space 86016K, 4% used [0x0000000083a00000,0x0000000083dfb238,0x0000000088e00000)
 Metaspace       used 13902K, capacity 14288K, committed 14592K, reserved 1062912K
  class space    used 1594K, capacity 1703K, committed 1792K, reserved 1048576K
Event: 143.289 GC heap after
Heap after GC invocations=4 (full 1):
 PSYoungGen      total 37888K, used 4091K [0x00000000d6900000, 0x00000000d9300000, 0x0000000100000000)
  eden space 32768K, 0% used [0x00000000d6900000,0x00000000d6900000,0x00000000d8900000)
  from space 5120K, 79% used [0x00000000d8900000,0x00000000d8cfeed0,0x00000000d8e00000)
  to   space 5120K, 0% used [0x00000000d8e00000,0x00000000d8e00000,0x00000000d9300000)
 ParOldGen       total 86016K, used 4076K [0x0000000083a00000, 0x0000000088e00000, 0x00000000d6900000)
  object space 86016K, 4% used [0x0000000083a00000,0x0000000083dfb238,0x0000000088e00000)
 Metaspace       used 13902K, capacity 14288K, committed 14592K, reserved 1062912K
  class space    used 1594K, capacity 1703K, committed 1792K, reserved 1048576K
}
Event: 143.990 GC heap before
{Heap before GC invocations=5 (full 1):
 PSYoungGen      total 37888K, used 36859K [0x00000000d6900000, 0x00000000d9300000, 0x0000000100000000)
  eden space 32768K, 100% used [0x00000000d6900000,0x00000000d8900000,0x00000000d8900000)
  from space 5120K, 79% used [0x00000000d8900000,0x00000000d8cfeed0,0x00000000d8e00000)
  to   space 5120K, 0% used [0x00000000d8e00000,0x00000000d8e00000,0x00000000d9300000)
 ParOldGen       total 86016K, used 4076K [0x0000000083a00000, 0x0000000088e00000, 0x00000000d6900000)
  object space 86016K, 4% used [0x0000000083a00000,0x0000000083dfb238,0x0000000088e00000)
 Metaspace       used 13915K, capacity 14288K, committed 14592K, reserved 1062912K
  class space    used 1594K, capacity 1703K, committed 1792K, reserved 1048576K
Event: 144.036 GC heap after
Heap after GC invocations=5 (full 1):
 PSYoungGen      total 37888K, used 4229K [0x00000000d6900000, 0x00000000db300000, 0x0000000100000000)
  eden space 32768K, 0% used [0x00000000d6900000,0x00000000d6900000,0x00000000d8900000)
  from space 5120K, 82% used [0x00000000d8e00000,0x00000000d92215a8,0x00000000d9300000)
  to   space 5120K, 0% used [0x00000000d8900000,0x00000000d8900000,0x00000000d8e00000)
 ParOldGen       total 86016K, used 4084K [0x0000000083a00000, 0x0000000088e00000, 0x00000000d6900000)
  object space 86016K, 4% used [0x0000000083a00000,0x0000000083dfd238,0x0000000088e00000)
 Metaspace       used 13915K, capacity 14288K, committed 14592K, reserved 1062912K
  class space    used 1594K, capacity 1703K, committed 1792K, reserved 1048576K
}

