# JRE version: Java(TM) SE Runtime Environment (8.0_181-b13) (build 1.8.0_181-b13)
# Java VM: Java HotSpot(TM) 64-Bit Server VM (25.181-b13 mixed mode linux-amd64 compressed oops)
Heap:
 PSYoungGen      total 216576K, used 63219K [0x00000000d6900000, 0x00000000e7d00000, 0x0000000100000000)
  eden space 200704K, 31% used [0x00000000d6900000,0x00000000da6bcdb8,0x00000000e2d00000)
  from space 15872K, 0% used [0x00000000e6d80000,0x00000000e6d80000,0x00000000e7d00000)
  to   space 22016K, 0% used [0x00000000e5200000,0x00000000e5200000,0x00000000e6780000)
 ParOldGen       total 86016K, used 37415K [0x0000000083a00000, 0x0000000088e00000, 0x00000000d6900000)
  object space 86016K, 43% used [0x0000000083a00000,0x0000000085e89d10,0x0000000088e00000)
 Metaspace       used 20795K, capacity 21258K, committed 21552K, reserved 1069056K
  class space    used 2462K, capacity 2613K, committed 2688K, reserved 1048576K
GC Heap History (10 events):
Event: 91.811 GC heap before
{Heap before GC invocations=8 (full 1):
 PSYoungGen      total 69632K, used 69624K [0x00000000d6900000, 0x00000000db500000, 0x0000000100000000)
  eden space 64512K, 100% used [0x00000000d6900000,0x00000000da800000,0x00000000da800000)
  from space 5120K, 99% used [0x00000000dae00000,0x00000000db2fe3d8,0x00000000db300000)
  to   space 6144K, 0% used [0x00000000da800000,0x00000000da800000,0x00000000dae00000)
 ParOldGen       total 86016K, used 5998K [0x0000000083a00000, 0x0000000088e00000, 0x00000000d6900000)
  object space 86016K, 6% used [0x0000000083a00000,0x0000000083fdba10,0x0000000088e00000)
 Metaspace       used 13899K, capacity 14250K, committed 14592K, reserved 1062912K
  class space    used 1575K, capacity 1668K, committed 1792K, reserved 1048576K
Event: 91.916 GC heap after
Heap after GC invocations=8 (full 1):
 PSYoungGen      total 70656K, used 6140K [0x00000000d6900000, 0x00000000df500000, 0x0000000100000000)
  eden space 64512K, 0% used [0x00000000d6900000,0x00000000d6900000,0x00000000da800000)
  from space 6144K, 99% used [0x00000000da800000,0x00000000dadff290,0x00000000dae00000)
  to   space 7168K, 0% used [0x00000000dee00000,0x00000000dee00000,0x00000000df500000)
 ParOldGen       total 86016K, used 7259K [0x0000000083a00000, 0x0000000088e00000, 0x00000000d6900000)
  object space 86016K, 8% used [0x0000000083a00000,0x0000000084116e08,0x0000000088e00000)
 Metaspace       used 13899K, capacity 14250K, committed 14592K, reserved 1062912K
  class space    used 1575K, capacity 1668K, committed 1792K, reserved 1048576K
}
Event: 95.149 GC heap before
{Heap before GC invocations=9 (full 1):
 PSYoungGen      total 70656K, used 70652K [0x00000000d6900000, 0x00000000df500000, 0x0000000100000000)
  eden space 64512K, 100% used [0x00000000d6900000,0x00000000da800000,0x00000000da800000)
  from space 6144K, 99% used [0x00000000da800000,0x00000000dadff290,0x00000000dae00000)
  to   space 7168K, 0% used [0x00000000dee00000,0x00000000dee00000,0x00000000df500000)
 ParOldGen       total 86016K, used 7259K [0x0000000083a00000, 0x0000000088e00000, 0x00000000d6900000)
  object space 86016K, 8% used [0x0000000083a00000,0x0000000084116e08,0x0000000088e00000)
 Metaspace       used 17198K, capacity 17724K, committed 18048K, reserved 1064960K
  class space    used 1922K, capacity 2052K, committed 2176K, reserved 1048576K
Event: 95.251 GC heap after
Heap after GC invocations=9 (full 1):
 PSYoungGen      total 132608K, used 7143K [0x00000000d6900000, 0x00000000dfc00000, 0x0000000100000000)
  eden space 125440K, 0% used [0x00000000d6900000,0x00000000d6900000,0x00000000de380000)
  from space 7168K, 99% used [0x00000000dee00000,0x00000000df4f9dd0,0x00000000df500000)
  to   space 10752K, 0% used [0x00000000de380000,0x00000000de380000,0x00000000dee00000)
 ParOldGen       total 86016K, used 14066K [0x0000000083a00000, 0x0000000088e00000, 0x00000000d6900000)
  object space 86016K, 16% used [0x0000000083a00000,0x00000000847bc8b0,0x0000000088e00000)
 Metaspace       used 17198K, capacity 17724K, committed 18048K, reserved 1064960K
  class space    used 1922K, capacity 2052K, committed 2176K, reserved 1048576K
}
Event: 113.548 GC heap before
{Heap before GC invocations=10 (full 1):
 PSYoungGen      total 132608K, used 132583K [0x00000000d6900000, 0x00000000dfc00000, 0x0000000100000000)
  eden space 125440K, 100% used [0x00000000d6900000,0x00000000de380000,0x00000000de380000)
  from space 7168K, 99% used [0x00000000dee00000,0x00000000df4f9dd0,0x00000000df500000)
  to   space 10752K, 0% used [0x00000000de380000,0x00000000de380000,0x00000000dee00000)
 ParOldGen       total 86016K, used 14066K [0x0000000083a00000, 0x0000000088e00000, 0x00000000d6900000)
  object space 86016K, 16% used [0x0000000083a00000,0x00000000847bc8b0,0x0000000088e00000)
 Metaspace       used 19602K, capacity 20118K, committed 20480K, reserved 1067008K
  class space    used 2287K, capacity 2451K, committed 2560K, reserved 1048576K
Event: 113.660 GC heap after
Heap after GC invocations=10 (full 1):
 PSYoungGen      total 136192K, used 10750K [0x00000000d6900000, 0x00000000e7d00000, 0x0000000100000000)
  eden space 125440K, 0% used [0x00000000d6900000,0x00000000d6900000,0x00000000de380000)
  from space 10752K, 99% used [0x00000000de380000,0x00000000dedffae0,0x00000000dee00000)
  to   space 15872K, 0% used [0x00000000e6d80000,0x00000000e6d80000,0x00000000e7d00000)
 ParOldGen       total 86016K, used 23684K [0x0000000083a00000, 0x0000000088e00000, 0x00000000d6900000)
  object space 86016K, 27% used [0x0000000083a00000,0x00000000851213f0,0x0000000088e00000)
 Metaspace       used 19602K, capacity 20118K, committed 20480K, reserved 1067008K
  class space    used 2287K, capacity 2451K, committed 2560K, reserved 1048576K
}
Event: 115.437 GC heap before
{Heap before GC invocations=11 (full 1):
 PSYoungGen      total 136192K, used 60239K [0x00000000d6900000, 0x00000000e7d00000, 0x0000000100000000)
  eden space 125440K, 39% used [0x00000000d6900000,0x00000000d9954220,0x00000000de380000)
  from space 10752K, 99% used [0x00000000de380000,0x00000000dedffae0,0x00000000dee00000)
  to   space 15872K, 0% used [0x00000000e6d80000,0x00000000e6d80000,0x00000000e7d00000)
 ParOldGen       total 86016K, used 23684K [0x0000000083a00000, 0x0000000088e00000, 0x00000000d6900000)
  object space 86016K, 27% used [0x0000000083a00000,0x00000000851213f0,0x0000000088e00000)
 Metaspace       used 20664K, capacity 21122K, committed 21296K, reserved 1069056K
  class space    used 2457K, capacity 2613K, committed 2688K, reserved 1048576K
Event: 115.612 GC heap after
Heap after GC invocations=11 (full 1):
 PSYoungGen      total 216576K, used 15843K [0x00000000d6900000, 0x00000000e7d00000, 0x0000000100000000)
  eden space 200704K, 0% used [0x00000000d6900000,0x00000000d6900000,0x00000000e2d00000)
  from space 15872K, 99% used [0x00000000e6d80000,0x00000000e7cf8cd8,0x00000000e7d00000)
  to   space 22016K, 0% used [0x00000000e5200000,0x00000000e5200000,0x00000000e6780000)
 ParOldGen       total 86016K, used 34868K [0x0000000083a00000, 0x0000000088e00000, 0x00000000d6900000)
  object space 86016K, 40% used [0x0000000083a00000,0x0000000085c0d0c8,0x0000000088e00000)
 Metaspace       used 20664K, capacity 21122K, committed 21296K, reserved 1069056K
  class space    used 2457K, capacity 2613K, committed 2688K, reserved 1048576K
}
Event: 115.612 GC heap before
{Heap before GC invocations=12 (full 2):
 PSYoungGen      total 216576K, used 15843K [0x00000000d6900000, 0x00000000e7d00000, 0x0000000100000000)
  eden space 200704K, 0% used [0x00000000d6900000,0x00000000d6900000,0x00000000e2d00000)
  from space 15872K, 99% used [0x00000000e6d80000,0x00000000e7cf8cd8,0x00000000e7d00000)
  to   space 22016K, 0% used [0x00000000e5200000,0x00000000e5200000,0x00000000e6780000)
 ParOldGen       total 86016K, used 34868K [0x0000000083a00000, 0x0000000088e00000, 0x00000000d6900000)
  object space 86016K, 40% used [0x0000000083a00000,0x0000000085c0d0c8,0x0000000088e00000)
 Metaspace       used 20664K, capacity 21122K, committed 21296K, reserved 1069056K
  class space    used 2457K, capacity 2613K, committed 2688K, reserved 1048576K
Event: 116.788 GC heap after
Heap after GC invocations=12 (full 2):
 PSYoungGen      total 216576K, used 0K [0x00000000d6900000, 0x00000000e7d00000, 0x0000000100000000)
  eden space 200704K, 0% used [0x00000000d6900000,0x00000000d6900000,0x00000000e2d00000)
  from space 15872K, 0% used [0x00000000e6d80000,0x00000000e6d80000,0x00000000e7d00000)
  to   space 22016K, 0% used [0x00000000e5200000,0x00000000e5200000,0x00000000e6780000)
 ParOldGen       total 86016K, used 37415K [0x0000000083a00000, 0x0000000088e00000, 0x00000000d6900000)
  object space 86016K, 43% used [0x0000000083a00000,0x0000000085e89d10,0x0000000088e00000)
 Metaspace       used 20664K, capacity 21122K, committed 21296K, reserved 1069056K
  class space    used 2457K, capacity 2613K, committed 2688K, reserved 1048576K
}

