# JRE version: Java(TM) SE Runtime Environment (8.0_181-b13) (build 1.8.0_181-b13)
# Java VM: Java HotSpot(TM) 64-Bit Server VM (25.181-b13 mixed mode linux-amd64 compressed oops)
Heap:
 PSYoungGen      total 437760K, used 373526K [0x00000000d6900000, 0x00000000ffb80000, 0x0000000100000000)
  eden space 430592K, 85% used [0x00000000d6900000,0x00000000ecef19a0,0x00000000f0d80000)
  from space 7168K, 97% used [0x00000000f0d80000,0x00000000f1454150,0x00000000f1480000)
  to   space 121856K, 0% used [0x00000000f8480000,0x00000000f8480000,0x00000000ffb80000)
 ParOldGen       total 240128K, used 100939K [0x0000000083a00000, 0x0000000092480000, 0x00000000d6900000)
  object space 240128K, 42% used [0x0000000083a00000,0x0000000089c92fe8,0x0000000092480000)
 Metaspace       used 46503K, capacity 48096K, committed 48256K, reserved 1091584K
  class space    used 5844K, capacity 6186K, committed 6272K, reserved 1048576K
GC Heap History (10 events):
Event: 103.292 GC heap before
{Heap before GC invocations=27 (full 3):
 PSYoungGen      total 569856K, used 569847K [0x00000000d6900000, 0x0000000100000000, 0x0000000100000000)
  eden space 479232K, 100% used [0x00000000d6900000,0x00000000f3d00000,0x00000000f3d00000)
  from space 90624K, 99% used [0x00000000f3d00000,0x00000000f957ded0,0x00000000f9580000)
  to   space 109056K, 0% used [0x00000000f9580000,0x00000000f9580000,0x0000000100000000)
 ParOldGen       total 202752K, used 112029K [0x0000000083a00000, 0x0000000090000000, 0x00000000d6900000)
  object space 202752K, 55% used [0x0000000083a00000,0x000000008a767480,0x0000000090000000)
 Metaspace       used 44408K, capacity 45356K, committed 45696K, reserved 1089536K
  class space    used 5687K, capacity 5914K, committed 6016K, reserved 1048576K
Event: 103.925 GC heap after
Heap after GC invocations=27 (full 3):
 PSYoungGen      total 540160K, used 92305K [0x00000000d6900000, 0x0000000100000000, 0x0000000100000000)
  eden space 431104K, 0% used [0x00000000d6900000,0x00000000d6900000,0x00000000f0e00000)
  from space 109056K, 84% used [0x00000000f9580000,0x00000000fefa44e0,0x0000000100000000)
  to   space 123904K, 0% used [0x00000000f0e00000,0x00000000f0e00000,0x00000000f8700000)
 ParOldGen       total 202752K, used 112037K [0x0000000083a00000, 0x0000000090000000, 0x00000000d6900000)
  object space 202752K, 55% used [0x0000000083a00000,0x000000008a769480,0x0000000090000000)
 Metaspace       used 44408K, capacity 45356K, committed 45696K, reserved 1089536K
  class space    used 5687K, capacity 5914K, committed 6016K, reserved 1048576K
}
Event: 107.824 GC heap before
{Heap before GC invocations=28 (full 3):
 PSYoungGen      total 540160K, used 523409K [0x00000000d6900000, 0x0000000100000000, 0x0000000100000000)
  eden space 431104K, 100% used [0x00000000d6900000,0x00000000f0e00000,0x00000000f0e00000)
  from space 109056K, 84% used [0x00000000f9580000,0x00000000fefa44e0,0x0000000100000000)
  to   space 123904K, 0% used [0x00000000f0e00000,0x00000000f0e00000,0x00000000f8700000)
 ParOldGen       total 202752K, used 112037K [0x0000000083a00000, 0x0000000090000000, 0x00000000d6900000)
  object space 202752K, 55% used [0x0000000083a00000,0x000000008a769480,0x0000000090000000)
 Metaspace       used 44702K, capacity 45706K, committed 45952K, reserved 1089536K
  class space    used 5697K, capacity 5919K, committed 6016K, reserved 1048576K
Event: 108.361 GC heap after
Heap after GC invocations=28 (full 3):
 PSYoungGen      total 505344K, used 74043K [0x00000000d6900000, 0x0000000100000000, 0x0000000100000000)
  eden space 431104K, 0% used [0x00000000d6900000,0x00000000d6900000,0x00000000f0e00000)
  from space 74240K, 99% used [0x00000000f0e00000,0x00000000f564ed40,0x00000000f5680000)
  to   space 125952K, 0% used [0x00000000f8500000,0x00000000f8500000,0x0000000100000000)
 ParOldGen       total 202752K, used 134145K [0x0000000083a00000, 0x0000000090000000, 0x00000000d6900000)
  object space 202752K, 66% used [0x0000000083a00000,0x000000008bd007d8,0x0000000090000000)
 Metaspace       used 44702K, capacity 45706K, committed 45952K, reserved 1089536K
  class space    used 5697K, capacity 5919K, committed 6016K, reserved 1048576K
}
Event: 119.714 GC heap before
{Heap before GC invocations=29 (full 3):
 PSYoungGen      total 505344K, used 505147K [0x00000000d6900000, 0x0000000100000000, 0x0000000100000000)
  eden space 431104K, 100% used [0x00000000d6900000,0x00000000f0e00000,0x00000000f0e00000)
  from space 74240K, 99% used [0x00000000f0e00000,0x00000000f564ed40,0x00000000f5680000)
  to   space 125952K, 0% used [0x00000000f8500000,0x00000000f8500000,0x0000000100000000)
 ParOldGen       total 202752K, used 134145K [0x0000000083a00000, 0x0000000090000000, 0x00000000d6900000)
  object space 202752K, 66% used [0x0000000083a00000,0x000000008bd007d8,0x0000000090000000)
 Metaspace       used 45323K, capacity 46438K, committed 46464K, reserved 1089536K
  class space    used 5735K, capacity 5995K, committed 6016K, reserved 1048576K
Event: 120.553 GC heap after
Heap after GC invocations=29 (full 3):
 PSYoungGen      total 556544K, used 28549K [0x00000000d6900000, 0x0000000100000000, 0x0000000100000000)
  eden space 430592K, 0% used [0x00000000d6900000,0x00000000d6900000,0x00000000f0d80000)
  from space 125952K, 22% used [0x00000000f8500000,0x00000000fa0e1700,0x0000000100000000)
  to   space 122368K, 0% used [0x00000000f0d80000,0x00000000f0d80000,0x00000000f8500000)
 ParOldGen       total 202752K, used 183218K [0x0000000083a00000, 0x0000000090000000, 0x00000000d6900000)
  object space 202752K, 90% used [0x0000000083a00000,0x000000008ececb98,0x0000000090000000)
 Metaspace       used 45323K, capacity 46438K, committed 46464K, reserved 1089536K
  class space    used 5735K, capacity 5995K, committed 6016K, reserved 1048576K
}
Event: 120.553 GC heap before
{Heap before GC invocations=30 (full 4):
 PSYoungGen      total 556544K, used 28549K [0x00000000d6900000, 0x0000000100000000, 0x0000000100000000)
  eden space 430592K, 0% used [0x00000000d6900000,0x00000000d6900000,0x00000000f0d80000)
  from space 125952K, 22% used [0x00000000f8500000,0x00000000fa0e1700,0x0000000100000000)
  to   space 122368K, 0% used [0x00000000f0d80000,0x00000000f0d80000,0x00000000f8500000)
 ParOldGen       total 202752K, used 183218K [0x0000000083a00000, 0x0000000090000000, 0x00000000d6900000)
  object space 202752K, 90% used [0x0000000083a00000,0x000000008ececb98,0x0000000090000000)
 Metaspace       used 45323K, capacity 46438K, committed 46464K, reserved 1089536K
  class space    used 5735K, capacity 5995K, committed 6016K, reserved 1048576K
Event: 123.049 GC heap after
Heap after GC invocations=30 (full 4):
 PSYoungGen      total 556544K, used 0K [0x00000000d6900000, 0x0000000100000000, 0x0000000100000000)
  eden space 430592K, 0% used [0x00000000d6900000,0x00000000d6900000,0x00000000f0d80000)
  from space 125952K, 0% used [0x00000000f8500000,0x00000000f8500000,0x0000000100000000)
  to   space 122368K, 0% used [0x00000000f0d80000,0x00000000f0d80000,0x00000000f8500000)
 ParOldGen       total 240128K, used 100931K [0x0000000083a00000, 0x0000000092480000, 0x00000000d6900000)
  object space 240128K, 42% used [0x0000000083a00000,0x0000000089c90fe8,0x0000000092480000)
 Metaspace       used 45278K, capacity 46366K, committed 46464K, reserved 1089536K
  class space    used 5728K, capacity 5983K, committed 6016K, reserved 1048576K
}
Event: 133.633 GC heap before
{Heap before GC invocations=31 (full 4):
 PSYoungGen      total 556544K, used 430592K [0x00000000d6900000, 0x0000000100000000, 0x0000000100000000)
  eden space 430592K, 100% used [0x00000000d6900000,0x00000000f0d80000,0x00000000f0d80000)
  from space 125952K, 0% used [0x00000000f8500000,0x00000000f8500000,0x0000000100000000)
  to   space 122368K, 0% used [0x00000000f0d80000,0x00000000f0d80000,0x00000000f8500000)
 ParOldGen       total 240128K, used 100931K [0x0000000083a00000, 0x0000000092480000, 0x00000000d6900000)
  object space 240128K, 42% used [0x0000000083a00000,0x0000000089c90fe8,0x0000000092480000)
 Metaspace       used 46106K, capacity 47616K, committed 47872K, reserved 1091584K
  class space    used 5818K, capacity 6138K, committed 6144K, reserved 1048576K
Event: 133.666 GC heap after
Heap after GC invocations=31 (full 4):
 PSYoungGen      total 437760K, used 6992K [0x00000000d6900000, 0x00000000ffb80000, 0x0000000100000000)
  eden space 430592K, 0% used [0x00000000d6900000,0x00000000d6900000,0x00000000f0d80000)
  from space 7168K, 97% used [0x00000000f0d80000,0x00000000f1454150,0x00000000f1480000)
  to   space 121856K, 0% used [0x00000000f8480000,0x00000000f8480000,0x00000000ffb80000)
 ParOldGen       total 240128K, used 100939K [0x0000000083a00000, 0x0000000092480000, 0x00000000d6900000)
  object space 240128K, 42% used [0x0000000083a00000,0x0000000089c92fe8,0x0000000092480000)
 Metaspace       used 46106K, capacity 47616K, committed 47872K, reserved 1091584K
  class space    used 5818K, capacity 6138K, committed 6144K, reserved 1048576K
}

