# JRE version: Java(TM) SE Runtime Environment (8.0_181-b13) (build 1.8.0_181-b13)
# Java VM: Java HotSpot(TM) 64-Bit Server VM (25.181-b13 mixed mode linux-amd64 compressed oops)
Heap:
 PSYoungGen      total 136192K, used 10219K [0x00000000d6900000, 0x00000000dfd00000, 0x0000000100000000)
  eden space 125952K, 0% used [0x00000000d6900000,0x00000000d6900000,0x00000000de400000)
  from space 10240K, 99% used [0x00000000de400000,0x00000000dedfac50,0x00000000dee00000)
  to   space 5120K, 0% used [0x00000000dee00000,0x00000000dee00000,0x00000000df300000)
 ParOldGen       total 86016K, used 34545K [0x0000000083a00000, 0x0000000088e00000, 0x00000000d6900000)
  object space 86016K, 40% used [0x0000000083a00000,0x0000000085bbc648,0x0000000088e00000)
 Metaspace       used 15870K, capacity 16410K, committed 16640K, reserved 1064960K
  class space    used 1769K, capacity 1931K, committed 2048K, reserved 1048576K
GC Heap History (10 events):
Event: 4.181 GC heap after
Heap after GC invocations=3 (full 1):
 PSYoungGen      total 70656K, used 0K [0x00000000d6900000, 0x00000000db300000, 0x0000000100000000)
  eden space 65536K, 0% used [0x00000000d6900000,0x00000000d6900000,0x00000000da900000)
  from space 5120K, 0% used [0x00000000dae00000,0x00000000dae00000,0x00000000db300000)
  to   space 5120K, 0% used [0x00000000da900000,0x00000000da900000,0x00000000dae00000)
 ParOldGen       total 86016K, used 10655K [0x0000000083a00000, 0x0000000088e00000, 0x00000000d6900000)
  object space 86016K, 12% used [0x0000000083a00000,0x0000000084467ce8,0x0000000088e00000)
 Metaspace       used 10209K, capacity 10338K, committed 10624K, reserved 1058816K
  class space    used 1236K, capacity 1317K, committed 1408K, reserved 1048576K
}
Event: 111.593 GC heap before
{Heap before GC invocations=4 (full 1):
 PSYoungGen      total 70656K, used 65536K [0x00000000d6900000, 0x00000000db300000, 0x0000000100000000)
  eden space 65536K, 100% used [0x00000000d6900000,0x00000000da900000,0x00000000da900000)
  from space 5120K, 0% used [0x00000000dae00000,0x00000000dae00000,0x00000000db300000)
  to   space 5120K, 0% used [0x00000000da900000,0x00000000da900000,0x00000000dae00000)
 ParOldGen       total 86016K, used 10655K [0x0000000083a00000, 0x0000000088e00000, 0x00000000d6900000)
  object space 86016K, 12% used [0x0000000083a00000,0x0000000084467ce8,0x0000000088e00000)
 Metaspace       used 14083K, capacity 14558K, committed 14848K, reserved 1062912K
  class space    used 1605K, capacity 1745K, committed 1792K, reserved 1048576K
Event: 111.639 GC heap after
Heap after GC invocations=4 (full 1):
 PSYoungGen      total 70656K, used 5108K [0x00000000d6900000, 0x00000000db300000, 0x0000000100000000)
  eden space 65536K, 0% used [0x00000000d6900000,0x00000000d6900000,0x00000000da900000)
  from space 5120K, 99% used [0x00000000da900000,0x00000000dadfd350,0x00000000dae00000)
  to   space 5120K, 0% used [0x00000000dae00000,0x00000000dae00000,0x00000000db300000)
 ParOldGen       total 86016K, used 12365K [0x0000000083a00000, 0x0000000088e00000, 0x00000000d6900000)
  object space 86016K, 14% used [0x0000000083a00000,0x0000000084613640,0x0000000088e00000)
 Metaspace       used 14083K, capacity 14558K, committed 14848K, reserved 1062912K
  class space    used 1605K, capacity 1745K, committed 1792K, reserved 1048576K
}
Event: 112.688 GC heap before
{Heap before GC invocations=5 (full 1):
 PSYoungGen      total 70656K, used 70644K [0x00000000d6900000, 0x00000000db300000, 0x0000000100000000)
  eden space 65536K, 100% used [0x00000000d6900000,0x00000000da900000,0x00000000da900000)
  from space 5120K, 99% used [0x00000000da900000,0x00000000dadfd350,0x00000000dae00000)
  to   space 5120K, 0% used [0x00000000dae00000,0x00000000dae00000,0x00000000db300000)
 ParOldGen       total 86016K, used 12365K [0x0000000083a00000, 0x0000000088e00000, 0x00000000d6900000)
  object space 86016K, 14% used [0x0000000083a00000,0x0000000084613640,0x0000000088e00000)
 Metaspace       used 14175K, capacity 14686K, committed 14848K, reserved 1062912K
  class space    used 1605K, capacity 1745K, committed 1792K, reserved 1048576K
Event: 112.736 GC heap after
Heap after GC invocations=5 (full 1):
 PSYoungGen      total 70656K, used 5112K [0x00000000d6900000, 0x00000000df300000, 0x0000000100000000)
  eden space 65536K, 0% used [0x00000000d6900000,0x00000000d6900000,0x00000000da900000)
  from space 5120K, 99% used [0x00000000dae00000,0x00000000db2fe360,0x00000000db300000)
  to   space 5120K, 0% used [0x00000000da900000,0x00000000da900000,0x00000000dae00000)
 ParOldGen       total 86016K, used 13785K [0x0000000083a00000, 0x0000000088e00000, 0x00000000d6900000)
  object space 86016K, 16% used [0x0000000083a00000,0x0000000084776500,0x0000000088e00000)
 Metaspace       used 14175K, capacity 14686K, committed 14848K, reserved 1062912K
  class space    used 1605K, capacity 1745K, committed 1792K, reserved 1048576K
}
Event: 113.375 GC heap before
{Heap before GC invocations=6 (full 1):
 PSYoungGen      total 70656K, used 70648K [0x00000000d6900000, 0x00000000df300000, 0x0000000100000000)
  eden space 65536K, 100% used [0x00000000d6900000,0x00000000da900000,0x00000000da900000)
  from space 5120K, 99% used [0x00000000dae00000,0x00000000db2fe360,0x00000000db300000)
  to   space 5120K, 0% used [0x00000000da900000,0x00000000da900000,0x00000000dae00000)
 ParOldGen       total 86016K, used 13785K [0x0000000083a00000, 0x0000000088e00000, 0x00000000d6900000)
  object space 86016K, 16% used [0x0000000083a00000,0x0000000084776500,0x0000000088e00000)
 Metaspace       used 14196K, capacity 14692K, committed 14848K, reserved 1062912K
  class space    used 1606K, capacity 1746K, committed 1792K, reserved 1048576K
Event: 113.393 GC heap after
Heap after GC invocations=6 (full 1):
 PSYoungGen      total 70656K, used 5116K [0x00000000d6900000, 0x00000000df300000, 0x0000000100000000)
  eden space 65536K, 0% used [0x00000000d6900000,0x00000000d6900000,0x00000000da900000)
  from space 5120K, 99% used [0x00000000da900000,0x00000000dadff1a0,0x00000000dae00000)
  to   space 5120K, 0% used [0x00000000dee00000,0x00000000dee00000,0x00000000df300000)
 ParOldGen       total 86016K, used 15056K [0x0000000083a00000, 0x0000000088e00000, 0x00000000d6900000)
  object space 86016K, 17% used [0x0000000083a00000,0x00000000848b43a0,0x0000000088e00000)
 Metaspace       used 14196K, capacity 14692K, committed 14848K, reserved 1062912K
  class space    used 1606K, capacity 1746K, committed 1792K, reserved 1048576K
}
Event: 113.971 GC heap before
{Heap before GC invocations=7 (full 1):
 PSYoungGen      total 70656K, used 70652K [0x00000000d6900000, 0x00000000df300000, 0x0000000100000000)
  eden space 65536K, 100% used [0x00000000d6900000,0x00000000da900000,0x00000000da900000)
  from space 5120K, 99% used [0x00000000da900000,0x00000000dadff1a0,0x00000000dae00000)
  to   space 5120K, 0% used [0x00000000dee00000,0x00000000dee00000,0x00000000df300000)
 ParOldGen       total 86016K, used 15056K [0x0000000083a00000, 0x0000000088e00000, 0x00000000d6900000)
  object space 86016K, 17% used [0x0000000083a00000,0x00000000848b43a0,0x0000000088e00000)
 Metaspace       used 14216K, capacity 14692K, committed 14848K, reserved 1062912K
  class space    used 1606K, capacity 1746K, committed 1792K, reserved 1048576K
Event: 114.019 GC heap after
Heap after GC invocations=7 (full 1):
 PSYoungGen      total 131072K, used 5116K [0x00000000d6900000, 0x00000000dfd00000, 0x0000000100000000)
  eden space 125952K, 0% used [0x00000000d6900000,0x00000000d6900000,0x00000000de400000)
  from space 5120K, 99% used [0x00000000dee00000,0x00000000df2ff190,0x00000000df300000)
  to   space 10240K, 0% used [0x00000000de400000,0x00000000de400000,0x00000000dee00000)
 ParOldGen       total 86016K, used 16791K [0x0000000083a00000, 0x0000000088e00000, 0x00000000d6900000)
  object space 86016K, 19% used [0x0000000083a00000,0x0000000084a65d28,0x0000000088e00000)
 Metaspace       used 14216K, capacity 14692K, committed 14848K, reserved 1062912K
  class space    used 1606K, capacity 1746K, committed 1792K, reserved 1048576K
}
Event: 119.719 GC heap before
{Heap before GC invocations=8 (full 1):
 PSYoungGen      total 131072K, used 131068K [0x00000000d6900000, 0x00000000dfd00000, 0x0000000100000000)
  eden space 125952K, 100% used [0x00000000d6900000,0x00000000de400000,0x00000000de400000)
  from space 5120K, 99% used [0x00000000dee00000,0x00000000df2ff190,0x00000000df300000)
  to   space 10240K, 0% used [0x00000000de400000,0x00000000de400000,0x00000000dee00000)
 ParOldGen       total 86016K, used 16791K [0x0000000083a00000, 0x0000000088e00000, 0x00000000d6900000)
  object space 86016K, 19% used [0x0000000083a00000,0x0000000084a65d28,0x0000000088e00000)
 Metaspace       used 15870K, capacity 16410K, committed 16640K, reserved 1064960K
  class space    used 1769K, capacity 1931K, committed 2048K, reserved 1048576K

