# JRE version: Java(TM) SE Runtime Environment (8.0_181-b13) (build 1.8.0_181-b13)
# Java VM: Java HotSpot(TM) 64-Bit Server VM (25.181-b13 mixed mode linux-amd64 compressed oops)
Heap:
 PSYoungGen      total 136192K, used 10248K [0x00000000d6900000, 0x00000000dfe00000, 0x0000000100000000)
  eden space 125440K, 0% used [0x00000000d6900000,0x00000000d6900000,0x00000000de380000)
  from space 10752K, 95% used [0x00000000de380000,0x00000000ded82258,0x00000000dee00000)
  to   space 5120K, 0% used [0x00000000dee00000,0x00000000dee00000,0x00000000df300000)
 ParOldGen       total 86016K, used 17387K [0x0000000083a00000, 0x0000000088e00000, 0x00000000d6900000)
  object space 86016K, 20% used [0x0000000083a00000,0x0000000084afac18,0x0000000088e00000)
 Metaspace       used 14573K, capacity 15082K, committed 15232K, reserved 1062912K
  class space    used 1632K, capacity 1795K, committed 1920K, reserved 1048576K
GC Heap History (10 events):
Event: 3.933 GC heap after
Heap after GC invocations=3 (full 1):
 PSYoungGen      total 70656K, used 0K [0x00000000d6900000, 0x00000000db300000, 0x0000000100000000)
  eden space 65536K, 0% used [0x00000000d6900000,0x00000000d6900000,0x00000000da900000)
  from space 5120K, 0% used [0x00000000dae00000,0x00000000dae00000,0x00000000db300000)
  to   space 5120K, 0% used [0x00000000da900000,0x00000000da900000,0x00000000dae00000)
 ParOldGen       total 86016K, used 10635K [0x0000000083a00000, 0x0000000088e00000, 0x00000000d6900000)
  object space 86016K, 12% used [0x0000000083a00000,0x0000000084462f50,0x0000000088e00000)
 Metaspace       used 10269K, capacity 10402K, committed 10624K, reserved 1058816K
  class space    used 1238K, capacity 1317K, committed 1408K, reserved 1048576K
}
Event: 130.031 GC heap before
{Heap before GC invocations=4 (full 1):
 PSYoungGen      total 70656K, used 65536K [0x00000000d6900000, 0x00000000db300000, 0x0000000100000000)
  eden space 65536K, 100% used [0x00000000d6900000,0x00000000da900000,0x00000000da900000)
  from space 5120K, 0% used [0x00000000dae00000,0x00000000dae00000,0x00000000db300000)
  to   space 5120K, 0% used [0x00000000da900000,0x00000000da900000,0x00000000dae00000)
 ParOldGen       total 86016K, used 10635K [0x0000000083a00000, 0x0000000088e00000, 0x00000000d6900000)
  object space 86016K, 12% used [0x0000000083a00000,0x0000000084462f50,0x0000000088e00000)
 Metaspace       used 14372K, capacity 14954K, committed 15232K, reserved 1062912K
  class space    used 1631K, capacity 1795K, committed 1920K, reserved 1048576K
Event: 130.175 GC heap after
Heap after GC invocations=4 (full 1):
 PSYoungGen      total 70656K, used 5098K [0x00000000d6900000, 0x00000000db300000, 0x0000000100000000)
  eden space 65536K, 0% used [0x00000000d6900000,0x00000000d6900000,0x00000000da900000)
  from space 5120K, 99% used [0x00000000da900000,0x00000000dadfab00,0x00000000dae00000)
  to   space 5120K, 0% used [0x00000000dae00000,0x00000000dae00000,0x00000000db300000)
 ParOldGen       total 86016K, used 13316K [0x0000000083a00000, 0x0000000088e00000, 0x00000000d6900000)
  object space 86016K, 15% used [0x0000000083a00000,0x0000000084701390,0x0000000088e00000)
 Metaspace       used 14372K, capacity 14954K, committed 15232K, reserved 1062912K
  class space    used 1631K, capacity 1795K, committed 1920K, reserved 1048576K
}
Event: 130.962 GC heap before
{Heap before GC invocations=5 (full 1):
 PSYoungGen      total 70656K, used 70634K [0x00000000d6900000, 0x00000000db300000, 0x0000000100000000)
  eden space 65536K, 100% used [0x00000000d6900000,0x00000000da900000,0x00000000da900000)
  from space 5120K, 99% used [0x00000000da900000,0x00000000dadfab00,0x00000000dae00000)
  to   space 5120K, 0% used [0x00000000dae00000,0x00000000dae00000,0x00000000db300000)
 ParOldGen       total 86016K, used 13316K [0x0000000083a00000, 0x0000000088e00000, 0x00000000d6900000)
  object space 86016K, 15% used [0x0000000083a00000,0x0000000084701390,0x0000000088e00000)
 Metaspace       used 14406K, capacity 14954K, committed 15232K, reserved 1062912K
  class space    used 1631K, capacity 1795K, committed 1920K, reserved 1048576K
Event: 131.001 GC heap after
Heap after GC invocations=5 (full 1):
 PSYoungGen      total 70656K, used 5102K [0x00000000d6900000, 0x00000000df300000, 0x0000000100000000)
  eden space 65536K, 0% used [0x00000000d6900000,0x00000000d6900000,0x00000000da900000)
  from space 5120K, 99% used [0x00000000dae00000,0x00000000db2fbae0,0x00000000db300000)
  to   space 5120K, 0% used [0x00000000da900000,0x00000000da900000,0x00000000dae00000)
 ParOldGen       total 86016K, used 13681K [0x0000000083a00000, 0x0000000088e00000, 0x00000000d6900000)
  object space 86016K, 15% used [0x0000000083a00000,0x000000008475c460,0x0000000088e00000)
 Metaspace       used 14406K, capacity 14954K, committed 15232K, reserved 1062912K
  class space    used 1631K, capacity 1795K, committed 1920K, reserved 1048576K
}
Event: 131.637 GC heap before
{Heap before GC invocations=6 (full 1):
 PSYoungGen      total 70656K, used 70638K [0x00000000d6900000, 0x00000000df300000, 0x0000000100000000)
  eden space 65536K, 100% used [0x00000000d6900000,0x00000000da900000,0x00000000da900000)
  from space 5120K, 99% used [0x00000000dae00000,0x00000000db2fbae0,0x00000000db300000)
  to   space 5120K, 0% used [0x00000000da900000,0x00000000da900000,0x00000000dae00000)
 ParOldGen       total 86016K, used 13681K [0x0000000083a00000, 0x0000000088e00000, 0x00000000d6900000)
  object space 86016K, 15% used [0x0000000083a00000,0x000000008475c460,0x0000000088e00000)
 Metaspace       used 14456K, capacity 15018K, committed 15232K, reserved 1062912K
  class space    used 1631K, capacity 1795K, committed 1920K, reserved 1048576K
Event: 131.646 GC heap after
Heap after GC invocations=6 (full 1):
 PSYoungGen      total 70656K, used 5104K [0x00000000d6900000, 0x00000000df300000, 0x0000000100000000)
  eden space 65536K, 0% used [0x00000000d6900000,0x00000000d6900000,0x00000000da900000)
  from space 5120K, 99% used [0x00000000da900000,0x00000000dadfc010,0x00000000dae00000)
  to   space 5120K, 0% used [0x00000000dee00000,0x00000000dee00000,0x00000000df300000)
 ParOldGen       total 86016K, used 14695K [0x0000000083a00000, 0x0000000088e00000, 0x00000000d6900000)
  object space 86016K, 17% used [0x0000000083a00000,0x0000000084859f40,0x0000000088e00000)
 Metaspace       used 14456K, capacity 15018K, committed 15232K, reserved 1062912K
  class space    used 1631K, capacity 1795K, committed 1920K, reserved 1048576K
}
Event: 132.672 GC heap before
{Heap before GC invocations=7 (full 1):
 PSYoungGen      total 70656K, used 70640K [0x00000000d6900000, 0x00000000df300000, 0x0000000100000000)
  eden space 65536K, 100% used [0x00000000d6900000,0x00000000da900000,0x00000000da900000)
  from space 5120K, 99% used [0x00000000da900000,0x00000000dadfc010,0x00000000dae00000)
  to   space 5120K, 0% used [0x00000000dee00000,0x00000000dee00000,0x00000000df300000)
 ParOldGen       total 86016K, used 14695K [0x0000000083a00000, 0x0000000088e00000, 0x00000000d6900000)
  object space 86016K, 17% used [0x0000000083a00000,0x0000000084859f40,0x0000000088e00000)
 Metaspace       used 14512K, capacity 15018K, committed 15232K, reserved 1062912K
  class space    used 1632K, capacity 1795K, committed 1920K, reserved 1048576K
Event: 132.744 GC heap after
Heap after GC invocations=7 (full 1):
 PSYoungGen      total 130560K, used 5104K [0x00000000d6900000, 0x00000000dfe00000, 0x0000000100000000)
  eden space 125440K, 0% used [0x00000000d6900000,0x00000000d6900000,0x00000000de380000)
  from space 5120K, 99% used [0x00000000dee00000,0x00000000df2fc060,0x00000000df300000)
  to   space 10752K, 0% used [0x00000000de380000,0x00000000de380000,0x00000000dee00000)
 ParOldGen       total 86016K, used 17387K [0x0000000083a00000, 0x0000000088e00000, 0x00000000d6900000)
  object space 86016K, 20% used [0x0000000083a00000,0x0000000084afac18,0x0000000088e00000)
 Metaspace       used 14512K, capacity 15018K, committed 15232K, reserved 1062912K
  class space    used 1632K, capacity 1795K, committed 1920K, reserved 1048576K
}
Event: 134.807 GC heap before
{Heap before GC invocations=8 (full 1):
 PSYoungGen      total 130560K, used 130544K [0x00000000d6900000, 0x00000000dfe00000, 0x0000000100000000)
  eden space 125440K, 100% used [0x00000000d6900000,0x00000000de380000,0x00000000de380000)
  from space 5120K, 99% used [0x00000000dee00000,0x00000000df2fc060,0x00000000df300000)
  to   space 10752K, 0% used [0x00000000de380000,0x00000000de380000,0x00000000dee00000)
 ParOldGen       total 86016K, used 17387K [0x0000000083a00000, 0x0000000088e00000, 0x00000000d6900000)
  object space 86016K, 20% used [0x0000000083a00000,0x0000000084afac18,0x0000000088e00000)
 Metaspace       used 14573K, capacity 15082K, committed 15232K, reserved 1062912K
  class space    used 1632K, capacity 1795K, committed 1920K, reserved 1048576K

