# JRE version: Java(TM) SE Runtime Environment (8.0_181-b13) (build 1.8.0_181-b13)
# Java VM: Java HotSpot(TM) 64-Bit Server VM (25.181-b13 mixed mode linux-amd64 compressed oops)
Heap:
 PSYoungGen      total 37888K, used 25558K [0x00000000d6900000, 0x00000000db500000, 0x0000000100000000)
  eden space 26112K, 57% used [0x00000000d6900000,0x00000000d7795c50,0x00000000d8280000)
  from space 11776K, 90% used [0x00000000d8280000,0x00000000d8cdfd78,0x00000000d8e00000)
  to   space 12800K, 0% used [0x00000000da880000,0x00000000da880000,0x00000000db500000)
 ParOldGen       total 86016K, used 16106K [0x0000000083a00000, 0x0000000088e00000, 0x00000000d6900000)
  object space 86016K, 18% used [0x0000000083a00000,0x00000000849baad8,0x0000000088e00000)
 Metaspace       used 16839K, capacity 17346K, committed 17408K, reserved 1064960K
  class space    used 1895K, capacity 2041K, committed 2048K, reserved 1048576K
GC Heap History (10 events):
Event: 84.969 GC heap before
{Heap before GC invocations=4 (full 1):
 PSYoungGen      total 37888K, used 32768K [0x00000000d6900000, 0x00000000d9300000, 0x0000000100000000)
  eden space 32768K, 100% used [0x00000000d6900000,0x00000000d8900000,0x00000000d8900000)
  from space 5120K, 0% used [0x00000000d8e00000,0x00000000d8e00000,0x00000000d9300000)
  to   space 5120K, 0% used [0x00000000d8900000,0x00000000d8900000,0x00000000d8e00000)
 ParOldGen       total 86016K, used 10672K [0x0000000083a00000, 0x0000000088e00000, 0x00000000d6900000)
  object space 86016K, 12% used [0x0000000083a00000,0x000000008446c380,0x0000000088e00000)
 Metaspace       used 13813K, capacity 14302K, committed 14592K, reserved 1062912K
  class space    used 1596K, capacity 1721K, committed 1792K, reserved 1048576K
Event: 84.976 GC heap after
Heap after GC invocations=4 (full 1):
 PSYoungGen      total 37888K, used 4844K [0x00000000d6900000, 0x00000000d9300000, 0x0000000100000000)
  eden space 32768K, 0% used [0x00000000d6900000,0x00000000d6900000,0x00000000d8900000)
  from space 5120K, 94% used [0x00000000d8900000,0x00000000d8dbb240,0x00000000d8e00000)
  to   space 5120K, 0% used [0x00000000d8e00000,0x00000000d8e00000,0x00000000d9300000)
 ParOldGen       total 86016K, used 10672K [0x0000000083a00000, 0x0000000088e00000, 0x00000000d6900000)
  object space 86016K, 12% used [0x0000000083a00000,0x000000008446c380,0x0000000088e00000)
 Metaspace       used 13813K, capacity 14302K, committed 14592K, reserved 1062912K
  class space    used 1596K, capacity 1721K, committed 1792K, reserved 1048576K
}
Event: 86.469 GC heap before
{Heap before GC invocations=5 (full 1):
 PSYoungGen      total 37888K, used 37612K [0x00000000d6900000, 0x00000000d9300000, 0x0000000100000000)
  eden space 32768K, 100% used [0x00000000d6900000,0x00000000d8900000,0x00000000d8900000)
  from space 5120K, 94% used [0x00000000d8900000,0x00000000d8dbb240,0x00000000d8e00000)
  to   space 5120K, 0% used [0x00000000d8e00000,0x00000000d8e00000,0x00000000d9300000)
 ParOldGen       total 86016K, used 10672K [0x0000000083a00000, 0x0000000088e00000, 0x00000000d6900000)
  object space 86016K, 12% used [0x0000000083a00000,0x000000008446c380,0x0000000088e00000)
 Metaspace       used 14553K, capacity 14954K, committed 15104K, reserved 1062912K
  class space    used 1656K, capacity 1787K, committed 1792K, reserved 1048576K
Event: 86.477 GC heap after
Heap after GC invocations=5 (full 1):
 PSYoungGen      total 37888K, used 3987K [0x00000000d6900000, 0x00000000d9300000, 0x0000000100000000)
  eden space 32768K, 0% used [0x00000000d6900000,0x00000000d6900000,0x00000000d8900000)
  from space 5120K, 77% used [0x00000000d8e00000,0x00000000d91e4c10,0x00000000d9300000)
  to   space 5120K, 0% used [0x00000000d8900000,0x00000000d8900000,0x00000000d8e00000)
 ParOldGen       total 86016K, used 10672K [0x0000000083a00000, 0x0000000088e00000, 0x00000000d6900000)
  object space 86016K, 12% used [0x0000000083a00000,0x000000008446c380,0x0000000088e00000)
 Metaspace       used 14553K, capacity 14954K, committed 15104K, reserved 1062912K
  class space    used 1656K, capacity 1787K, committed 1792K, reserved 1048576K
}
Event: 88.561 GC heap before
{Heap before GC invocations=6 (full 1):
 PSYoungGen      total 37888K, used 36755K [0x00000000d6900000, 0x00000000d9300000, 0x0000000100000000)
  eden space 32768K, 100% used [0x00000000d6900000,0x00000000d8900000,0x00000000d8900000)
  from space 5120K, 77% used [0x00000000d8e00000,0x00000000d91e4c10,0x00000000d9300000)
  to   space 5120K, 0% used [0x00000000d8900000,0x00000000d8900000,0x00000000d8e00000)
 ParOldGen       total 86016K, used 10672K [0x0000000083a00000, 0x0000000088e00000, 0x00000000d6900000)
  object space 86016K, 12% used [0x0000000083a00000,0x000000008446c380,0x0000000088e00000)
 Metaspace       used 15624K, capacity 16128K, committed 16256K, reserved 1062912K
  class space    used 1749K, capacity 1904K, committed 1920K, reserved 1048576K
Event: 88.581 GC heap after
Heap after GC invocations=6 (full 1):
 PSYoungGen      total 37888K, used 5088K [0x00000000d6900000, 0x00000000d9300000, 0x0000000100000000)
  eden space 32768K, 0% used [0x00000000d6900000,0x00000000d6900000,0x00000000d8900000)
  from space 5120K, 99% used [0x00000000d8900000,0x00000000d8df8040,0x00000000d8e00000)
  to   space 5120K, 0% used [0x00000000d8e00000,0x00000000d8e00000,0x00000000d9300000)
 ParOldGen       total 86016K, used 12682K [0x0000000083a00000, 0x0000000088e00000, 0x00000000d6900000)
  object space 86016K, 14% used [0x0000000083a00000,0x0000000084662910,0x0000000088e00000)
 Metaspace       used 15624K, capacity 16128K, committed 16256K, reserved 1062912K
  class space    used 1749K, capacity 1904K, committed 1920K, reserved 1048576K
}
Event: 91.371 GC heap before
{Heap before GC invocations=7 (full 1):
 PSYoungGen      total 37888K, used 37856K [0x00000000d6900000, 0x00000000d9300000, 0x0000000100000000)
  eden space 32768K, 100% used [0x00000000d6900000,0x00000000d8900000,0x00000000d8900000)
  from space 5120K, 99% used [0x00000000d8900000,0x00000000d8df8040,0x00000000d8e00000)
  to   space 5120K, 0% used [0x00000000d8e00000,0x00000000d8e00000,0x00000000d9300000)
 ParOldGen       total 86016K, used 12682K [0x0000000083a00000, 0x0000000088e00000, 0x00000000d6900000)
  object space 86016K, 14% used [0x0000000083a00000,0x0000000084662910,0x0000000088e00000)
 Metaspace       used 16418K, capacity 16974K, committed 17152K, reserved 1064960K
  class space    used 1862K, capacity 2007K, committed 2048K, reserved 1048576K
Event: 91.395 GC heap after
Heap after GC invocations=7 (full 1):
 PSYoungGen      total 31232K, used 5096K [0x00000000d6900000, 0x00000000d9f80000, 0x0000000100000000)
  eden space 26112K, 0% used [0x00000000d6900000,0x00000000d6900000,0x00000000d8280000)
  from space 5120K, 99% used [0x00000000d8e00000,0x00000000d92fa1b8,0x00000000d9300000)
  to   space 11776K, 0% used [0x00000000d8280000,0x00000000d8280000,0x00000000d8e00000)
 ParOldGen       total 86016K, used 16098K [0x0000000083a00000, 0x0000000088e00000, 0x00000000d6900000)
  object space 86016K, 18% used [0x0000000083a00000,0x00000000849b8ad8,0x0000000088e00000)
 Metaspace       used 16418K, capacity 16974K, committed 17152K, reserved 1064960K
  class space    used 1862K, capacity 2007K, committed 2048K, reserved 1048576K
}
Event: 94.330 GC heap before
{Heap before GC invocations=8 (full 1):
 PSYoungGen      total 31232K, used 31208K [0x00000000d6900000, 0x00000000d9f80000, 0x0000000100000000)
  eden space 26112K, 100% used [0x00000000d6900000,0x00000000d8280000,0x00000000d8280000)
  from space 5120K, 99% used [0x00000000d8e00000,0x00000000d92fa1b8,0x00000000d9300000)
  to   space 11776K, 0% used [0x00000000d8280000,0x00000000d8280000,0x00000000d8e00000)
 ParOldGen       total 86016K, used 16098K [0x0000000083a00000, 0x0000000088e00000, 0x00000000d6900000)
  object space 86016K, 18% used [0x0000000083a00000,0x00000000849b8ad8,0x0000000088e00000)
 Metaspace       used 16704K, capacity 17204K, committed 17408K, reserved 1064960K
  class space    used 1885K, capacity 2040K, committed 2048K, reserved 1048576K
Event: 94.413 GC heap after
Heap after GC invocations=8 (full 1):
 PSYoungGen      total 37888K, used 10623K [0x00000000d6900000, 0x00000000db500000, 0x0000000100000000)
  eden space 26112K, 0% used [0x00000000d6900000,0x00000000d6900000,0x00000000d8280000)
  from space 11776K, 90% used [0x00000000d8280000,0x00000000d8cdfd78,0x00000000d8e00000)
  to   space 12800K, 0% used [0x00000000da880000,0x00000000da880000,0x00000000db500000)
 ParOldGen       total 86016K, used 16106K [0x0000000083a00000, 0x0000000088e00000, 0x00000000d6900000)
  object space 86016K, 18% used [0x0000000083a00000,0x00000000849baad8,0x0000000088e00000)
 Metaspace       used 16704K, capacity 17204K, committed 17408K, reserved 1064960K
  class space    used 1885K, capacity 2040K, committed 2048K, reserved 1048576K
}

