# JRE version: Java(TM) SE Runtime Environment (8.0_181-b13) (build 1.8.0_181-b13)
# Java VM: Java HotSpot(TM) 64-Bit Server VM (25.181-b13 mixed mode linux-amd64 compressed oops)
Heap:
 PSYoungGen      total 135680K, used 10723K [0x00000000d6900000, 0x00000000dfb00000, 0x0000000100000000)
  eden space 124928K, 0% used [0x00000000d6900000,0x00000000d6900000,0x00000000de300000)
  from space 10752K, 99% used [0x00000000de300000,0x00000000ded78c40,0x00000000ded80000)
  to   space 7680K, 0% used [0x00000000ded80000,0x00000000ded80000,0x00000000df500000)
 ParOldGen       total 86016K, used 23777K [0x0000000083a00000, 0x0000000088e00000, 0x00000000d6900000)
  object space 86016K, 27% used [0x0000000083a00000,0x0000000085138740,0x0000000088e00000)
 Metaspace       used 18768K, capacity 19264K, committed 19456K, reserved 1067008K
  class space    used 2092K, capacity 2256K, committed 2304K, reserved 1048576K
GC Heap History (10 events):
Event: 118.666 GC heap after
Heap after GC invocations=5 (full 1):
 PSYoungGen      total 37888K, used 5116K [0x00000000d6900000, 0x00000000d9300000, 0x0000000100000000)
  eden space 32768K, 0% used [0x00000000d6900000,0x00000000d6900000,0x00000000d8900000)
  from space 5120K, 99% used [0x00000000d8e00000,0x00000000d92ff0a0,0x00000000d9300000)
  to   space 5120K, 0% used [0x00000000d8900000,0x00000000d8900000,0x00000000d8e00000)
 ParOldGen       total 86016K, used 6334K [0x0000000083a00000, 0x0000000088e00000, 0x00000000d6900000)
  object space 86016K, 7% used [0x0000000083a00000,0x000000008402fbe8,0x0000000088e00000)
 Metaspace       used 13989K, capacity 14396K, committed 14592K, reserved 1062912K
  class space    used 1599K, capacity 1737K, committed 1792K, reserved 1048576K
}
Event: 118.942 GC heap before
{Heap before GC invocations=6 (full 1):
 PSYoungGen      total 37888K, used 37884K [0x00000000d6900000, 0x00000000d9300000, 0x0000000100000000)
  eden space 32768K, 100% used [0x00000000d6900000,0x00000000d8900000,0x00000000d8900000)
  from space 5120K, 99% used [0x00000000d8e00000,0x00000000d92ff0a0,0x00000000d9300000)
  to   space 5120K, 0% used [0x00000000d8900000,0x00000000d8900000,0x00000000d8e00000)
 ParOldGen       total 86016K, used 6334K [0x0000000083a00000, 0x0000000088e00000, 0x00000000d6900000)
  object space 86016K, 7% used [0x0000000083a00000,0x000000008402fbe8,0x0000000088e00000)
 Metaspace       used 14000K, capacity 14396K, committed 14592K, reserved 1062912K
  class space    used 1599K, capacity 1737K, committed 1792K, reserved 1048576K
Event: 118.950 GC heap after
Heap after GC invocations=6 (full 1):
 PSYoungGen      total 37888K, used 5116K [0x00000000d6900000, 0x00000000db300000, 0x0000000100000000)
  eden space 32768K, 0% used [0x00000000d6900000,0x00000000d6900000,0x00000000d8900000)
  from space 5120K, 99% used [0x00000000d8900000,0x00000000d8dff0a0,0x00000000d8e00000)
  to   space 5120K, 0% used [0x00000000dae00000,0x00000000dae00000,0x00000000db300000)
 ParOldGen       total 86016K, used 6438K [0x0000000083a00000, 0x0000000088e00000, 0x00000000d6900000)
  object space 86016K, 7% used [0x0000000083a00000,0x0000000084049be8,0x0000000088e00000)
 Metaspace       used 14000K, capacity 14396K, committed 14592K, reserved 1062912K
  class space    used 1599K, capacity 1737K, committed 1792K, reserved 1048576K
}
Event: 119.149 GC heap before
{Heap before GC invocations=7 (full 1):
 PSYoungGen      total 37888K, used 37884K [0x00000000d6900000, 0x00000000db300000, 0x0000000100000000)
  eden space 32768K, 100% used [0x00000000d6900000,0x00000000d8900000,0x00000000d8900000)
  from space 5120K, 99% used [0x00000000d8900000,0x00000000d8dff0a0,0x00000000d8e00000)
  to   space 5120K, 0% used [0x00000000dae00000,0x00000000dae00000,0x00000000db300000)
 ParOldGen       total 86016K, used 6438K [0x0000000083a00000, 0x0000000088e00000, 0x00000000d6900000)
  object space 86016K, 7% used [0x0000000083a00000,0x0000000084049be8,0x0000000088e00000)
 Metaspace       used 14033K, capacity 14460K, committed 14592K, reserved 1062912K
  class space    used 1599K, capacity 1737K, committed 1792K, reserved 1048576K
Event: 119.164 GC heap after
Heap after GC invocations=7 (full 1):
 PSYoungGen      total 69120K, used 5109K [0x00000000d6900000, 0x00000000db600000, 0x0000000100000000)
  eden space 64000K, 0% used [0x00000000d6900000,0x00000000d6900000,0x00000000da780000)
  from space 5120K, 99% used [0x00000000dae00000,0x00000000db2fd548,0x00000000db300000)
  to   space 6656K, 0% used [0x00000000da780000,0x00000000da780000,0x00000000dae00000)
 ParOldGen       total 86016K, used 7050K [0x0000000083a00000, 0x0000000088e00000, 0x00000000d6900000)
  object space 86016K, 8% used [0x0000000083a00000,0x00000000840e2b98,0x0000000088e00000)
 Metaspace       used 14033K, capacity 14460K, committed 14592K, reserved 1062912K
  class space    used 1599K, capacity 1737K, committed 1792K, reserved 1048576K
}
Event: 119.865 GC heap before
{Heap before GC invocations=8 (full 1):
 PSYoungGen      total 69120K, used 69109K [0x00000000d6900000, 0x00000000db600000, 0x0000000100000000)
  eden space 64000K, 100% used [0x00000000d6900000,0x00000000da780000,0x00000000da780000)
  from space 5120K, 99% used [0x00000000dae00000,0x00000000db2fd548,0x00000000db300000)
  to   space 6656K, 0% used [0x00000000da780000,0x00000000da780000,0x00000000dae00000)
 ParOldGen       total 86016K, used 7050K [0x0000000083a00000, 0x0000000088e00000, 0x00000000d6900000)
  object space 86016K, 8% used [0x0000000083a00000,0x00000000840e2b98,0x0000000088e00000)
 Metaspace       used 14146K, capacity 14530K, committed 14848K, reserved 1062912K
  class space    used 1601K, capacity 1738K, committed 1792K, reserved 1048576K
Event: 119.899 GC heap after
Heap after GC invocations=8 (full 1):
 PSYoungGen      total 70656K, used 6640K [0x00000000d6900000, 0x00000000df500000, 0x0000000100000000)
  eden space 64000K, 0% used [0x00000000d6900000,0x00000000d6900000,0x00000000da780000)
  from space 6656K, 99% used [0x00000000da780000,0x00000000dadfc0d0,0x00000000dae00000)
  to   space 7680K, 0% used [0x00000000ded80000,0x00000000ded80000,0x00000000df500000)
 ParOldGen       total 86016K, used 7775K [0x0000000083a00000, 0x0000000088e00000, 0x00000000d6900000)
  object space 86016K, 9% used [0x0000000083a00000,0x0000000084197fa8,0x0000000088e00000)
 Metaspace       used 14146K, capacity 14530K, committed 14848K, reserved 1062912K
  class space    used 1601K, capacity 1738K, committed 1792K, reserved 1048576K
}
Event: 122.844 GC heap before
{Heap before GC invocations=9 (full 1):
 PSYoungGen      total 70656K, used 70640K [0x00000000d6900000, 0x00000000df500000, 0x0000000100000000)
  eden space 64000K, 100% used [0x00000000d6900000,0x00000000da780000,0x00000000da780000)
  from space 6656K, 99% used [0x00000000da780000,0x00000000dadfc0d0,0x00000000dae00000)
  to   space 7680K, 0% used [0x00000000ded80000,0x00000000ded80000,0x00000000df500000)
 ParOldGen       total 86016K, used 7775K [0x0000000083a00000, 0x0000000088e00000, 0x00000000d6900000)
  object space 86016K, 9% used [0x0000000083a00000,0x0000000084197fa8,0x0000000088e00000)
 Metaspace       used 16735K, capacity 17218K, committed 17408K, reserved 1064960K
  class space    used 1874K, capacity 1991K, committed 2048K, reserved 1048576K
Event: 122.958 GC heap after
Heap after GC invocations=9 (full 1):
 PSYoungGen      total 132608K, used 7679K [0x00000000d6900000, 0x00000000dfb00000, 0x0000000100000000)
  eden space 124928K, 0% used [0x00000000d6900000,0x00000000d6900000,0x00000000de300000)
  from space 7680K, 99% used [0x00000000ded80000,0x00000000df4fff70,0x00000000df500000)
  to   space 10752K, 0% used [0x00000000de300000,0x00000000de300000,0x00000000ded80000)
 ParOldGen       total 86016K, used 13904K [0x0000000083a00000, 0x0000000088e00000, 0x00000000d6900000)
  object space 86016K, 16% used [0x0000000083a00000,0x00000000847940f8,0x0000000088e00000)
 Metaspace       used 16735K, capacity 17218K, committed 17408K, reserved 1064960K
  class space    used 1874K, capacity 1991K, committed 2048K, reserved 1048576K
}
Event: 142.751 GC heap before
{Heap before GC invocations=10 (full 1):
 PSYoungGen      total 132608K, used 132607K [0x00000000d6900000, 0x00000000dfb00000, 0x0000000100000000)
  eden space 124928K, 100% used [0x00000000d6900000,0x00000000de300000,0x00000000de300000)
  from space 7680K, 99% used [0x00000000ded80000,0x00000000df4fff70,0x00000000df500000)
  to   space 10752K, 0% used [0x00000000de300000,0x00000000de300000,0x00000000ded80000)
 ParOldGen       total 86016K, used 13904K [0x0000000083a00000, 0x0000000088e00000, 0x00000000d6900000)
  object space 86016K, 16% used [0x0000000083a00000,0x00000000847940f8,0x0000000088e00000)
 Metaspace       used 18768K, capacity 19264K, committed 19456K, reserved 1067008K
  class space    used 2092K, capacity 2256K, committed 2304K, reserved 1048576K

