# JRE version: Java(TM) SE Runtime Environment (8.0_181-b13) (build 1.8.0_181-b13)
# Java VM: Java HotSpot(TM) 64-Bit Server VM (25.181-b13 mixed mode linux-amd64 compressed oops)
Heap:
 PSYoungGen      total 262656K, used 8672K [0x00000000d6900000, 0x00000000e7200000, 0x0000000100000000)
  eden space 253952K, 0% used [0x00000000d6900000,0x00000000d6900000,0x00000000e6100000)
  from space 8704K, 99% used [0x00000000e6100000,0x00000000e6978128,0x00000000e6980000)
  to   space 8192K, 0% used [0x00000000e6a00000,0x00000000e6a00000,0x00000000e7200000)
 ParOldGen       total 86016K, used 19180K [0x0000000083a00000, 0x0000000088e00000, 0x00000000d6900000)
  object space 86016K, 22% used [0x0000000083a00000,0x0000000084cbb098,0x0000000088e00000)
 Metaspace       used 14507K, capacity 14986K, committed 15104K, reserved 1062912K
  class space    used 1632K, capacity 1781K, committed 1792K, reserved 1048576K
GC Heap History (10 events):
Event: 145.313 GC heap after
Heap after GC invocations=5 (full 1):
 PSYoungGen      total 70656K, used 5109K [0x00000000d6900000, 0x00000000db300000, 0x0000000100000000)
  eden space 65536K, 0% used [0x00000000d6900000,0x00000000d6900000,0x00000000da900000)
  from space 5120K, 99% used [0x00000000dae00000,0x00000000db2fd5f0,0x00000000db300000)
  to   space 5120K, 0% used [0x00000000da900000,0x00000000da900000,0x00000000dae00000)
 ParOldGen       total 86016K, used 9411K [0x0000000083a00000, 0x0000000088e00000, 0x00000000d6900000)
  object space 86016K, 10% used [0x0000000083a00000,0x0000000084330f90,0x0000000088e00000)
 Metaspace       used 14360K, capacity 14846K, committed 15104K, reserved 1062912K
  class space    used 1631K, capacity 1779K, committed 1792K, reserved 1048576K
}
Event: 146.508 GC heap before
{Heap before GC invocations=6 (full 1):
 PSYoungGen      total 70656K, used 70645K [0x00000000d6900000, 0x00000000db300000, 0x0000000100000000)
  eden space 65536K, 100% used [0x00000000d6900000,0x00000000da900000,0x00000000da900000)
  from space 5120K, 99% used [0x00000000dae00000,0x00000000db2fd5f0,0x00000000db300000)
  to   space 5120K, 0% used [0x00000000da900000,0x00000000da900000,0x00000000dae00000)
 ParOldGen       total 86016K, used 9411K [0x0000000083a00000, 0x0000000088e00000, 0x00000000d6900000)
  object space 86016K, 10% used [0x0000000083a00000,0x0000000084330f90,0x0000000088e00000)
 Metaspace       used 14417K, capacity 14846K, committed 15104K, reserved 1062912K
  class space    used 1631K, capacity 1779K, committed 1792K, reserved 1048576K
Event: 146.572 GC heap after
Heap after GC invocations=6 (full 1):
 PSYoungGen      total 70656K, used 5109K [0x00000000d6900000, 0x00000000df300000, 0x0000000100000000)
  eden space 65536K, 0% used [0x00000000d6900000,0x00000000d6900000,0x00000000da900000)
  from space 5120K, 99% used [0x00000000da900000,0x00000000dadfd7c0,0x00000000dae00000)
  to   space 5120K, 0% used [0x00000000dee00000,0x00000000dee00000,0x00000000df300000)
 ParOldGen       total 86016K, used 12567K [0x0000000083a00000, 0x0000000088e00000, 0x00000000d6900000)
  object space 86016K, 14% used [0x0000000083a00000,0x0000000084645e38,0x0000000088e00000)
 Metaspace       used 14417K, capacity 14846K, committed 15104K, reserved 1062912K
  class space    used 1631K, capacity 1779K, committed 1792K, reserved 1048576K
}
Event: 147.305 GC heap before
{Heap before GC invocations=7 (full 1):
 PSYoungGen      total 70656K, used 70645K [0x00000000d6900000, 0x00000000df300000, 0x0000000100000000)
  eden space 65536K, 100% used [0x00000000d6900000,0x00000000da900000,0x00000000da900000)
  from space 5120K, 99% used [0x00000000da900000,0x00000000dadfd7c0,0x00000000dae00000)
  to   space 5120K, 0% used [0x00000000dee00000,0x00000000dee00000,0x00000000df300000)
 ParOldGen       total 86016K, used 12567K [0x0000000083a00000, 0x0000000088e00000, 0x00000000d6900000)
  object space 86016K, 14% used [0x0000000083a00000,0x0000000084645e38,0x0000000088e00000)
 Metaspace       used 14424K, capacity 14846K, committed 15104K, reserved 1062912K
  class space    used 1631K, capacity 1779K, committed 1792K, reserved 1048576K
Event: 147.370 GC heap after
Heap after GC invocations=7 (full 1):
 PSYoungGen      total 132096K, used 5109K [0x00000000d6900000, 0x00000000dfb00000, 0x0000000100000000)
  eden space 126976K, 0% used [0x00000000d6900000,0x00000000d6900000,0x00000000de500000)
  from space 5120K, 99% used [0x00000000dee00000,0x00000000df2fd7c0,0x00000000df300000)
  to   space 9216K, 0% used [0x00000000de500000,0x00000000de500000,0x00000000dee00000)
 ParOldGen       total 86016K, used 13895K [0x0000000083a00000, 0x0000000088e00000, 0x00000000d6900000)
  object space 86016K, 16% used [0x0000000083a00000,0x0000000084791e58,0x0000000088e00000)
 Metaspace       used 14424K, capacity 14846K, committed 15104K, reserved 1062912K
  class space    used 1631K, capacity 1779K, committed 1792K, reserved 1048576K
}
Event: 148.695 GC heap before
{Heap before GC invocations=8 (full 1):
 PSYoungGen      total 132096K, used 132085K [0x00000000d6900000, 0x00000000dfb00000, 0x0000000100000000)
  eden space 126976K, 100% used [0x00000000d6900000,0x00000000de500000,0x00000000de500000)
  from space 5120K, 99% used [0x00000000dee00000,0x00000000df2fd7c0,0x00000000df300000)
  to   space 9216K, 0% used [0x00000000de500000,0x00000000de500000,0x00000000dee00000)
 ParOldGen       total 86016K, used 13895K [0x0000000083a00000, 0x0000000088e00000, 0x00000000d6900000)
  object space 86016K, 16% used [0x0000000083a00000,0x0000000084791e58,0x0000000088e00000)
 Metaspace       used 14444K, capacity 14916K, committed 15104K, reserved 1062912K
  class space    used 1632K, capacity 1780K, committed 1792K, reserved 1048576K
Event: 148.729 GC heap after
Heap after GC invocations=8 (full 1):
 PSYoungGen      total 136192K, used 5865K [0x00000000d6900000, 0x00000000e7300000, 0x0000000100000000)
  eden space 126976K, 0% used [0x00000000d6900000,0x00000000d6900000,0x00000000de500000)
  from space 9216K, 63% used [0x00000000de500000,0x00000000deaba780,0x00000000dee00000)
  to   space 9216K, 0% used [0x00000000e6a00000,0x00000000e6a00000,0x00000000e7300000)
 ParOldGen       total 86016K, used 13895K [0x0000000083a00000, 0x0000000088e00000, 0x00000000d6900000)
  object space 86016K, 16% used [0x0000000083a00000,0x0000000084791e58,0x0000000088e00000)
 Metaspace       used 14444K, capacity 14916K, committed 15104K, reserved 1062912K
  class space    used 1632K, capacity 1780K, committed 1792K, reserved 1048576K
}
Event: 149.631 GC heap before
{Heap before GC invocations=9 (full 1):
 PSYoungGen      total 136192K, used 132841K [0x00000000d6900000, 0x00000000e7300000, 0x0000000100000000)
  eden space 126976K, 100% used [0x00000000d6900000,0x00000000de500000,0x00000000de500000)
  from space 9216K, 63% used [0x00000000de500000,0x00000000deaba780,0x00000000dee00000)
  to   space 9216K, 0% used [0x00000000e6a00000,0x00000000e6a00000,0x00000000e7300000)
 ParOldGen       total 86016K, used 13895K [0x0000000083a00000, 0x0000000088e00000, 0x00000000d6900000)
  object space 86016K, 16% used [0x0000000083a00000,0x0000000084791e58,0x0000000088e00000)
 Metaspace       used 14455K, capacity 14980K, committed 15104K, reserved 1062912K
  class space    used 1632K, capacity 1780K, committed 1792K, reserved 1048576K
Event: 149.684 GC heap after
Heap after GC invocations=9 (full 1):
 PSYoungGen      total 262144K, used 5743K [0x00000000d6900000, 0x00000000e7200000, 0x0000000100000000)
  eden space 253952K, 0% used [0x00000000d6900000,0x00000000d6900000,0x00000000e6100000)
  from space 8192K, 70% used [0x00000000e6a00000,0x00000000e6f9bfa0,0x00000000e7200000)
  to   space 8704K, 0% used [0x00000000e6100000,0x00000000e6100000,0x00000000e6980000)
 ParOldGen       total 86016K, used 15577K [0x0000000083a00000, 0x0000000088e00000, 0x00000000d6900000)
  object space 86016K, 18% used [0x0000000083a00000,0x0000000084936720,0x0000000088e00000)
 Metaspace       used 14455K, capacity 14980K, committed 15104K, reserved 1062912K
  class space    used 1632K, capacity 1780K, committed 1792K, reserved 1048576K
}
Event: 153.938 GC heap before
{Heap before GC invocations=10 (full 1):
 PSYoungGen      total 262144K, used 259695K [0x00000000d6900000, 0x00000000e7200000, 0x0000000100000000)
  eden space 253952K, 100% used [0x00000000d6900000,0x00000000e6100000,0x00000000e6100000)
  from space 8192K, 70% used [0x00000000e6a00000,0x00000000e6f9bfa0,0x00000000e7200000)
  to   space 8704K, 0% used [0x00000000e6100000,0x00000000e6100000,0x00000000e6980000)
 ParOldGen       total 86016K, used 15577K [0x0000000083a00000, 0x0000000088e00000, 0x00000000d6900000)
  object space 86016K, 18% used [0x0000000083a00000,0x0000000084936720,0x0000000088e00000)
 Metaspace       used 14507K, capacity 14986K, committed 15104K, reserved 1062912K
  class space    used 1632K, capacity 1781K, committed 1792K, reserved 1048576K

