# JRE version: Java(TM) SE Runtime Environment (8.0_181-b13) (build 1.8.0_181-b13)
# Java VM: Java HotSpot(TM) 64-Bit Server VM (25.181-b13 mixed mode linux-amd64 compressed oops)
Heap:
 PSYoungGen      total 581120K, used 396117K [0x00000000d6900000, 0x00000000fef80000, 0x0000000100000000)
  eden space 508416K, 69% used [0x00000000d6900000,0x00000000ec0208c8,0x00000000f5980000)
  from space 72704K, 61% used [0x00000000fa880000,0x00000000fd434bd0,0x00000000fef80000)
  to   space 76800K, 0% used [0x00000000f5980000,0x00000000f5980000,0x00000000fa480000)
 ParOldGen       total 251904K, used 140829K [0x0000000083a00000, 0x0000000093000000, 0x00000000d6900000)
  object space 251904K, 55% used [0x0000000083a00000,0x000000008c387440,0x0000000093000000)
 Metaspace       used 31297K, capacity 31912K, committed 32000K, reserved 1077248K
  class space    used 3615K, capacity 3788K, committed 3840K, reserved 1048576K
GC Heap History (10 events):
Event: 40.347 GC heap before
{Heap before GC invocations=13 (full 2):
 PSYoungGen      total 344576K, used 344281K [0x00000000d6900000, 0x00000000f8380000, 0x0000000100000000)
  eden space 299008K, 100% used [0x00000000d6900000,0x00000000e8d00000,0x00000000e8d00000)
  from space 45568K, 99% used [0x00000000f5700000,0x00000000f8336418,0x00000000f8380000)
  to   space 58368K, 0% used [0x00000000f1180000,0x00000000f1180000,0x00000000f4a80000)
 ParOldGen       total 156672K, used 83945K [0x0000000083a00000, 0x000000008d300000, 0x00000000d6900000)
  object space 156672K, 53% used [0x0000000083a00000,0x0000000088bfa5f8,0x000000008d300000)
 Metaspace       used 18901K, capacity 19276K, committed 19456K, reserved 1067008K
  class space    used 2180K, capacity 2288K, committed 2304K, reserved 1048576K
Event: 40.919 GC heap after
Heap after GC invocations=13 (full 2):
 PSYoungGen      total 460288K, used 58348K [0x00000000d6900000, 0x00000000f8380000, 0x0000000100000000)
  eden space 401920K, 0% used [0x00000000d6900000,0x00000000d6900000,0x00000000ef180000)
  from space 58368K, 99% used [0x00000000f1180000,0x00000000f4a7b3a0,0x00000000f4a80000)
  to   space 58368K, 0% used [0x00000000f4a80000,0x00000000f4a80000,0x00000000f8380000)
 ParOldGen       total 156672K, used 102198K [0x0000000083a00000, 0x000000008d300000, 0x00000000d6900000)
  object space 156672K, 65% used [0x0000000083a00000,0x0000000089dcdad8,0x000000008d300000)
 Metaspace       used 18901K, capacity 19276K, committed 19456K, reserved 1067008K
  class space    used 2180K, capacity 2288K, committed 2304K, reserved 1048576K
}
Event: 56.847 GC heap before
{Heap before GC invocations=14 (full 2):
 PSYoungGen      total 460288K, used 460268K [0x00000000d6900000, 0x00000000f8380000, 0x0000000100000000)
  eden space 401920K, 100% used [0x00000000d6900000,0x00000000ef180000,0x00000000ef180000)
  from space 58368K, 99% used [0x00000000f1180000,0x00000000f4a7b3a0,0x00000000f4a80000)
  to   space 58368K, 0% used [0x00000000f4a80000,0x00000000f4a80000,0x00000000f8380000)
 ParOldGen       total 156672K, used 102198K [0x0000000083a00000, 0x000000008d300000, 0x00000000d6900000)
  object space 156672K, 65% used [0x0000000083a00000,0x0000000089dcdad8,0x000000008d300000)
 Metaspace       used 24707K, capacity 25118K, committed 25472K, reserved 1071104K
  class space    used 2772K, capacity 2877K, committed 2944K, reserved 1048576K
Event: 57.535 GC heap after
Heap after GC invocations=14 (full 2):
 PSYoungGen      total 473600K, used 48197K [0x00000000d6900000, 0x0000000100000000, 0x0000000100000000)
  eden space 415232K, 0% used [0x00000000d6900000,0x00000000d6900000,0x00000000efe80000)
  from space 58368K, 82% used [0x00000000f4a80000,0x00000000f7991770,0x00000000f8380000)
  to   space 77824K, 0% used [0x00000000efe80000,0x00000000efe80000,0x00000000f4a80000)
 ParOldGen       total 156672K, used 141631K [0x0000000083a00000, 0x000000008d300000, 0x00000000d6900000)
  object space 156672K, 90% used [0x0000000083a00000,0x000000008c44fe80,0x000000008d300000)
 Metaspace       used 24707K, capacity 25118K, committed 25472K, reserved 1071104K
  class space    used 2772K, capacity 2877K, committed 2944K, reserved 1048576K
}
Event: 57.535 GC heap before
{Heap before GC invocations=15 (full 3):
 PSYoungGen      total 473600K, used 48197K [0x00000000d6900000, 0x0000000100000000, 0x0000000100000000)
  eden space 415232K, 0% used [0x00000000d6900000,0x00000000d6900000,0x00000000efe80000)
  from space 58368K, 82% used [0x00000000f4a80000,0x00000000f7991770,0x00000000f8380000)
  to   space 77824K, 0% used [0x00000000efe80000,0x00000000efe80000,0x00000000f4a80000)
 ParOldGen       total 156672K, used 141631K [0x0000000083a00000, 0x000000008d300000, 0x00000000d6900000)
  object space 156672K, 90% used [0x0000000083a00000,0x000000008c44fe80,0x000000008d300000)
 Metaspace       used 24707K, capacity 25118K, committed 25472K, reserved 1071104K
  class space    used 2772K, capacity 2877K, committed 2944K, reserved 1048576K
Event: 60.423 GC heap after
Heap after GC invocations=15 (full 3):
 PSYoungGen      total 473600K, used 0K [0x00000000d6900000, 0x0000000100000000, 0x0000000100000000)
  eden space 415232K, 0% used [0x00000000d6900000,0x00000000d6900000,0x00000000efe80000)
  from space 58368K, 0% used [0x00000000f4a80000,0x00000000f4a80000,0x00000000f8380000)
  to   space 77824K, 0% used [0x00000000efe80000,0x00000000efe80000,0x00000000f4a80000)
 ParOldGen       total 251904K, used 140829K [0x0000000083a00000, 0x0000000093000000, 0x00000000d6900000)
  object space 251904K, 55% used [0x0000000083a00000,0x000000008c387440,0x0000000093000000)
 Metaspace       used 24707K, capacity 25118K, committed 25472K, reserved 1071104K
  class space    used 2772K, capacity 2877K, committed 2944K, reserved 1048576K
}
Event: 77.543 GC heap before
{Heap before GC invocations=16 (full 3):
 PSYoungGen      total 473600K, used 415232K [0x00000000d6900000, 0x0000000100000000, 0x0000000100000000)
  eden space 415232K, 100% used [0x00000000d6900000,0x00000000efe80000,0x00000000efe80000)
  from space 58368K, 0% used [0x00000000f4a80000,0x00000000f4a80000,0x00000000f8380000)
  to   space 77824K, 0% used [0x00000000efe80000,0x00000000efe80000,0x00000000f4a80000)
 ParOldGen       total 251904K, used 140829K [0x0000000083a00000, 0x0000000093000000, 0x00000000d6900000)
  object space 251904K, 55% used [0x0000000083a00000,0x000000008c387440,0x0000000093000000)
 Metaspace       used 28372K, capacity 28804K, committed 29056K, reserved 1075200K
  class space    used 3233K, capacity 3350K, committed 3456K, reserved 1048576K
Event: 77.744 GC heap after
Heap after GC invocations=16 (full 3):
 PSYoungGen      total 493056K, used 15562K [0x00000000d6900000, 0x00000000ff200000, 0x0000000100000000)
  eden space 415232K, 0% used [0x00000000d6900000,0x00000000d6900000,0x00000000efe80000)
  from space 77824K, 19% used [0x00000000efe80000,0x00000000f0db2b30,0x00000000f4a80000)
  to   space 75264K, 0% used [0x00000000fa880000,0x00000000fa880000,0x00000000ff200000)
 ParOldGen       total 251904K, used 140829K [0x0000000083a00000, 0x0000000093000000, 0x00000000d6900000)
  object space 251904K, 55% used [0x0000000083a00000,0x000000008c387440,0x0000000093000000)
 Metaspace       used 28372K, capacity 28804K, committed 29056K, reserved 1075200K
  class space    used 3233K, capacity 3350K, committed 3456K, reserved 1048576K
}
Event: 98.424 GC heap before
{Heap before GC invocations=17 (full 3):
 PSYoungGen      total 493056K, used 430794K [0x00000000d6900000, 0x00000000ff200000, 0x0000000100000000)
  eden space 415232K, 100% used [0x00000000d6900000,0x00000000efe80000,0x00000000efe80000)
  from space 77824K, 19% used [0x00000000efe80000,0x00000000f0db2b30,0x00000000f4a80000)
  to   space 75264K, 0% used [0x00000000fa880000,0x00000000fa880000,0x00000000ff200000)
 ParOldGen       total 251904K, used 140829K [0x0000000083a00000, 0x0000000093000000, 0x00000000d6900000)
  object space 251904K, 55% used [0x0000000083a00000,0x000000008c387440,0x0000000093000000)
 Metaspace       used 28491K, capacity 28942K, committed 29312K, reserved 1075200K
  class space    used 3235K, capacity 3351K, committed 3456K, reserved 1048576K
Event: 99.083 GC heap after
Heap after GC invocations=17 (full 3):
 PSYoungGen      total 581120K, used 44754K [0x00000000d6900000, 0x00000000fef80000, 0x0000000100000000)
  eden space 508416K, 0% used [0x00000000d6900000,0x00000000d6900000,0x00000000f5980000)
  from space 72704K, 61% used [0x00000000fa880000,0x00000000fd434bd0,0x00000000fef80000)
  to   space 76800K, 0% used [0x00000000f5980000,0x00000000f5980000,0x00000000fa480000)
 ParOldGen       total 251904K, used 140829K [0x0000000083a00000, 0x0000000093000000, 0x00000000d6900000)
  object space 251904K, 55% used [0x0000000083a00000,0x000000008c387440,0x0000000093000000)
 Metaspace       used 28491K, capacity 28942K, committed 29312K, reserved 1075200K
  class space    used 3235K, capacity 3351K, committed 3456K, reserved 1048576K
}

