# JRE version: Java(TM) SE Runtime Environment (8.0_181-b13) (build 1.8.0_181-b13)
# Java VM: Java HotSpot(TM) 64-Bit Server VM (25.181-b13 mixed mode linux-amd64 compressed oops)
Heap:
 PSYoungGen      total 57856K, used 29491K [0x00000000d6900000, 0x00000000dba00000, 0x0000000100000000)
  eden space 43520K, 34% used [0x00000000d6900000,0x00000000d77d2ad8,0x00000000d9380000)
  from space 14336K, 99% used [0x00000000dac00000,0x00000000db9fa148,0x00000000dba00000)
  to   space 17920K, 0% used [0x00000000d9700000,0x00000000d9700000,0x00000000da880000)
 ParOldGen       total 86016K, used 20174K [0x0000000083a00000, 0x0000000088e00000, 0x00000000d6900000)
  object space 86016K, 23% used [0x0000000083a00000,0x0000000084db3b98,0x0000000088e00000)
 Metaspace       used 19008K, capacity 19578K, committed 19712K, reserved 1067008K
  class space    used 2127K, capacity 2297K, committed 2304K, reserved 1048576K
GC Heap History (10 events):
Event: 96.714 GC heap before
{Heap before GC invocations=7 (full 1):
 PSYoungGen      total 37888K, used 37868K [0x00000000d6900000, 0x00000000d9300000, 0x0000000100000000)
  eden space 32768K, 100% used [0x00000000d6900000,0x00000000d8900000,0x00000000d8900000)
  from space 5120K, 99% used [0x00000000d8900000,0x00000000d8dfb008,0x00000000d8e00000)
  to   space 5120K, 0% used [0x00000000d8e00000,0x00000000d8e00000,0x00000000d9300000)
 ParOldGen       total 86016K, used 5010K [0x0000000083a00000, 0x0000000088e00000, 0x00000000d6900000)
  object space 86016K, 5% used [0x0000000083a00000,0x0000000083ee49f8,0x0000000088e00000)
 Metaspace       used 16222K, capacity 16692K, committed 16896K, reserved 1064960K
  class space    used 1812K, capacity 1954K, committed 2048K, reserved 1048576K
Event: 96.728 GC heap after
Heap after GC invocations=7 (full 1):
 PSYoungGen      total 35328K, used 5116K [0x00000000d6900000, 0x00000000d9780000, 0x0000000100000000)
  eden space 30208K, 0% used [0x00000000d6900000,0x00000000d6900000,0x00000000d8680000)
  from space 5120K, 99% used [0x00000000d8e00000,0x00000000d92ff128,0x00000000d9300000)
  to   space 7680K, 0% used [0x00000000d8680000,0x00000000d8680000,0x00000000d8e00000)
 ParOldGen       total 86016K, used 7786K [0x0000000083a00000, 0x0000000088e00000, 0x00000000d6900000)
  object space 86016K, 9% used [0x0000000083a00000,0x000000008419a9f0,0x0000000088e00000)
 Metaspace       used 16222K, capacity 16692K, committed 16896K, reserved 1064960K
  class space    used 1812K, capacity 1954K, committed 2048K, reserved 1048576K
}
Event: 99.126 GC heap before
{Heap before GC invocations=8 (full 1):
 PSYoungGen      total 35328K, used 35324K [0x00000000d6900000, 0x00000000d9780000, 0x0000000100000000)
  eden space 30208K, 100% used [0x00000000d6900000,0x00000000d8680000,0x00000000d8680000)
  from space 5120K, 99% used [0x00000000d8e00000,0x00000000d92ff128,0x00000000d9300000)
  to   space 7680K, 0% used [0x00000000d8680000,0x00000000d8680000,0x00000000d8e00000)
 ParOldGen       total 86016K, used 7786K [0x0000000083a00000, 0x0000000088e00000, 0x00000000d6900000)
  object space 86016K, 9% used [0x0000000083a00000,0x000000008419a9f0,0x0000000088e00000)
 Metaspace       used 17178K, capacity 17676K, committed 18048K, reserved 1064960K
  class space    used 1896K, capacity 2060K, committed 2176K, reserved 1048576K
Event: 99.160 GC heap after
Heap after GC invocations=8 (full 1):
 PSYoungGen      total 37376K, used 7676K [0x00000000d6900000, 0x00000000d9800000, 0x0000000100000000)
  eden space 29696K, 0% used [0x00000000d6900000,0x00000000d6900000,0x00000000d8600000)
  from space 7680K, 99% used [0x00000000d8680000,0x00000000d8dff0d8,0x00000000d8e00000)
  to   space 9216K, 0% used [0x00000000d8f00000,0x00000000d8f00000,0x00000000d9800000)
 ParOldGen       total 86016K, used 9063K [0x0000000083a00000, 0x0000000088e00000, 0x00000000d6900000)
  object space 86016K, 10% used [0x0000000083a00000,0x00000000842d9c10,0x0000000088e00000)
 Metaspace       used 17178K, capacity 17676K, committed 18048K, reserved 1064960K
  class space    used 1896K, capacity 2060K, committed 2176K, reserved 1048576K
}
Event: 101.313 GC heap before
{Heap before GC invocations=9 (full 1):
 PSYoungGen      total 37376K, used 37372K [0x00000000d6900000, 0x00000000d9800000, 0x0000000100000000)
  eden space 29696K, 100% used [0x00000000d6900000,0x00000000d8600000,0x00000000d8600000)
  from space 7680K, 99% used [0x00000000d8680000,0x00000000d8dff0d8,0x00000000d8e00000)
  to   space 9216K, 0% used [0x00000000d8f00000,0x00000000d8f00000,0x00000000d9800000)
 ParOldGen       total 86016K, used 9063K [0x0000000083a00000, 0x0000000088e00000, 0x00000000d6900000)
  object space 86016K, 10% used [0x0000000083a00000,0x00000000842d9c10,0x0000000088e00000)
 Metaspace       used 17738K, capacity 18250K, committed 18560K, reserved 1064960K
  class space    used 1950K, capacity 2097K, committed 2176K, reserved 1048576K
Event: 101.452 GC heap after
Heap after GC invocations=9 (full 1):
 PSYoungGen      total 36352K, used 9186K [0x00000000d6900000, 0x00000000dba00000, 0x0000000100000000)
  eden space 27136K, 0% used [0x00000000d6900000,0x00000000d6900000,0x00000000d8380000)
  from space 9216K, 99% used [0x00000000d8f00000,0x00000000d97f88e8,0x00000000d9800000)
  to   space 11776K, 0% used [0x00000000d8380000,0x00000000d8380000,0x00000000d8f00000)
 ParOldGen       total 86016K, used 12900K [0x0000000083a00000, 0x0000000088e00000, 0x00000000d6900000)
  object space 86016K, 14% used [0x0000000083a00000,0x00000000846992e8,0x0000000088e00000)
 Metaspace       used 17738K, capacity 18250K, committed 18560K, reserved 1064960K
  class space    used 1950K, capacity 2097K, committed 2176K, reserved 1048576K
}
Event: 105.058 GC heap before
{Heap before GC invocations=10 (full 1):
 PSYoungGen      total 36352K, used 36322K [0x00000000d6900000, 0x00000000dba00000, 0x0000000100000000)
  eden space 27136K, 100% used [0x00000000d6900000,0x00000000d8380000,0x00000000d8380000)
  from space 9216K, 99% used [0x00000000d8f00000,0x00000000d97f88e8,0x00000000d9800000)
  to   space 11776K, 0% used [0x00000000d8380000,0x00000000d8380000,0x00000000d8f00000)
 ParOldGen       total 86016K, used 12900K [0x0000000083a00000, 0x0000000088e00000, 0x00000000d6900000)
  object space 86016K, 14% used [0x0000000083a00000,0x00000000846992e8,0x0000000088e00000)
 Metaspace       used 18379K, capacity 18932K, committed 19072K, reserved 1067008K
  class space    used 2018K, capacity 2168K, committed 2176K, reserved 1048576K
Event: 105.235 GC heap after
Heap after GC invocations=10 (full 1):
 PSYoungGen      total 38912K, used 11767K [0x00000000d6900000, 0x00000000dba00000, 0x0000000100000000)
  eden space 27136K, 0% used [0x00000000d6900000,0x00000000d6900000,0x00000000d8380000)
  from space 11776K, 99% used [0x00000000d8380000,0x00000000d8efdf88,0x00000000d8f00000)
  to   space 14336K, 0% used [0x00000000dac00000,0x00000000dac00000,0x00000000dba00000)
 ParOldGen       total 86016K, used 15287K [0x0000000083a00000, 0x0000000088e00000, 0x00000000d6900000)
  object space 86016K, 17% used [0x0000000083a00000,0x00000000848edf70,0x0000000088e00000)
 Metaspace       used 18379K, capacity 18932K, committed 19072K, reserved 1067008K
  class space    used 2018K, capacity 2168K, committed 2176K, reserved 1048576K
}
Event: 108.879 GC heap before
{Heap before GC invocations=11 (full 1):
 PSYoungGen      total 38912K, used 38774K [0x00000000d6900000, 0x00000000dba00000, 0x0000000100000000)
  eden space 27136K, 99% used [0x00000000d6900000,0x00000000d835fa10,0x00000000d8380000)
  from space 11776K, 99% used [0x00000000d8380000,0x00000000d8efdf88,0x00000000d8f00000)
  to   space 14336K, 0% used [0x00000000dac00000,0x00000000dac00000,0x00000000dba00000)
 ParOldGen       total 86016K, used 15287K [0x0000000083a00000, 0x0000000088e00000, 0x00000000d6900000)
  object space 86016K, 17% used [0x0000000083a00000,0x00000000848edf70,0x0000000088e00000)
 Metaspace       used 18951K, capacity 19482K, committed 19712K, reserved 1067008K
  class space    used 2118K, capacity 2265K, committed 2304K, reserved 1048576K
Event: 109.412 GC heap after
Heap after GC invocations=11 (full 1):
 PSYoungGen      total 57856K, used 14312K [0x00000000d6900000, 0x00000000dba00000, 0x0000000100000000)
  eden space 43520K, 0% used [0x00000000d6900000,0x00000000d6900000,0x00000000d9380000)
  from space 14336K, 99% used [0x00000000dac00000,0x00000000db9fa148,0x00000000dba00000)
  to   space 17920K, 0% used [0x00000000d9700000,0x00000000d9700000,0x00000000da880000)
 ParOldGen       total 86016K, used 20174K [0x0000000083a00000, 0x0000000088e00000, 0x00000000d6900000)
  object space 86016K, 23% used [0x0000000083a00000,0x0000000084db3b98,0x0000000088e00000)
 Metaspace       used 18951K, capacity 19482K, committed 19712K, reserved 1067008K
  class space    used 2118K, capacity 2265K, committed 2304K, reserved 1048576K
}

