# JRE version: Java(TM) SE Runtime Environment (8.0_181-b13) (build 1.8.0_181-b13)
# Java VM: Java HotSpot(TM) 64-Bit Server VM (25.181-b13 mixed mode linux-amd64 compressed oops)
Heap:
 PSYoungGen      total 140800K, used 16884K [0x00000000d6900000, 0x00000000e0700000, 0x0000000100000000)
  eden space 123904K, 0% used [0x00000000d6900000,0x00000000d6900000,0x00000000de200000)
  from space 16896K, 99% used [0x00000000de200000,0x00000000df27d060,0x00000000df280000)
  to   space 12800K, 0% used [0x00000000df280000,0x00000000df280000,0x00000000dff00000)
 ParOldGen       total 86016K, used 66641K [0x0000000083a00000, 0x0000000088e00000, 0x00000000d6900000)
  object space 86016K, 77% used [0x0000000083a00000,0x0000000087b144f0,0x0000000088e00000)
 Metaspace       used 19954K, capacity 20392K, committed 20736K, reserved 1067008K
  class space    used 2303K, capacity 2458K, committed 2560K, reserved 1048576K
GC Heap History (10 events):
Event: 89.862 GC heap after
Heap after GC invocations=5 (full 1):
 PSYoungGen      total 37888K, used 4355K [0x00000000d6900000, 0x00000000db300000, 0x0000000100000000)
  eden space 32768K, 0% used [0x00000000d6900000,0x00000000d6900000,0x00000000d8900000)
  from space 5120K, 85% used [0x00000000d8e00000,0x00000000d9240d78,0x00000000d9300000)
  to   space 5120K, 0% used [0x00000000d8900000,0x00000000d8900000,0x00000000d8e00000)
 ParOldGen       total 86016K, used 4077K [0x0000000083a00000, 0x0000000088e00000, 0x00000000d6900000)
  object space 86016K, 4% used [0x0000000083a00000,0x0000000083dfb730,0x0000000088e00000)
 Metaspace       used 13957K, capacity 14356K, committed 14592K, reserved 1062912K
  class space    used 1594K, capacity 1703K, committed 1792K, reserved 1048576K
}
Event: 90.167 GC heap before
{Heap before GC invocations=6 (full 1):
 PSYoungGen      total 37888K, used 37123K [0x00000000d6900000, 0x00000000db300000, 0x0000000100000000)
  eden space 32768K, 100% used [0x00000000d6900000,0x00000000d8900000,0x00000000d8900000)
  from space 5120K, 85% used [0x00000000d8e00000,0x00000000d9240d78,0x00000000d9300000)
  to   space 5120K, 0% used [0x00000000d8900000,0x00000000d8900000,0x00000000d8e00000)
 ParOldGen       total 86016K, used 4077K [0x0000000083a00000, 0x0000000088e00000, 0x00000000d6900000)
  object space 86016K, 4% used [0x0000000083a00000,0x0000000083dfb730,0x0000000088e00000)
 Metaspace       used 13983K, capacity 14356K, committed 14592K, reserved 1062912K
  class space    used 1594K, capacity 1703K, committed 1792K, reserved 1048576K
Event: 90.174 GC heap after
Heap after GC invocations=6 (full 1):
 PSYoungGen      total 37888K, used 4675K [0x00000000d6900000, 0x00000000db300000, 0x0000000100000000)
  eden space 32768K, 0% used [0x00000000d6900000,0x00000000d6900000,0x00000000d8900000)
  from space 5120K, 91% used [0x00000000d8900000,0x00000000d8d90d98,0x00000000d8e00000)
  to   space 5120K, 0% used [0x00000000dae00000,0x00000000dae00000,0x00000000db300000)
 ParOldGen       total 86016K, used 4077K [0x0000000083a00000, 0x0000000088e00000, 0x00000000d6900000)
  object space 86016K, 4% used [0x0000000083a00000,0x0000000083dfb730,0x0000000088e00000)
 Metaspace       used 13983K, capacity 14356K, committed 14592K, reserved 1062912K
  class space    used 1594K, capacity 1703K, committed 1792K, reserved 1048576K
}
Event: 92.844 GC heap before
{Heap before GC invocations=7 (full 1):
 PSYoungGen      total 37888K, used 37443K [0x00000000d6900000, 0x00000000db300000, 0x0000000100000000)
  eden space 32768K, 100% used [0x00000000d6900000,0x00000000d8900000,0x00000000d8900000)
  from space 5120K, 91% used [0x00000000d8900000,0x00000000d8d90d98,0x00000000d8e00000)
  to   space 5120K, 0% used [0x00000000dae00000,0x00000000dae00000,0x00000000db300000)
 ParOldGen       total 86016K, used 4077K [0x0000000083a00000, 0x0000000088e00000, 0x00000000d6900000)
  object space 86016K, 4% used [0x0000000083a00000,0x0000000083dfb730,0x0000000088e00000)
 Metaspace       used 14954K, capacity 15406K, committed 15744K, reserved 1062912K
  class space    used 1673K, capacity 1825K, committed 1920K, reserved 1048576K
Event: 92.872 GC heap after
Heap after GC invocations=7 (full 1):
 PSYoungGen      total 69120K, used 5096K [0x00000000d6900000, 0x00000000db600000, 0x0000000100000000)
  eden space 64000K, 0% used [0x00000000d6900000,0x00000000d6900000,0x00000000da780000)
  from space 5120K, 99% used [0x00000000dae00000,0x00000000db2fa168,0x00000000db300000)
  to   space 6656K, 0% used [0x00000000da780000,0x00000000da780000,0x00000000dae00000)
 ParOldGen       total 86016K, used 6613K [0x0000000083a00000, 0x0000000088e00000, 0x00000000d6900000)
  object space 86016K, 7% used [0x0000000083a00000,0x0000000084075760,0x0000000088e00000)
 Metaspace       used 14954K, capacity 15406K, committed 15744K, reserved 1062912K
  class space    used 1673K, capacity 1825K, committed 1920K, reserved 1048576K
}
Event: 97.676 GC heap before
{Heap before GC invocations=8 (full 1):
 PSYoungGen      total 69120K, used 69096K [0x00000000d6900000, 0x00000000db600000, 0x0000000100000000)
  eden space 64000K, 100% used [0x00000000d6900000,0x00000000da780000,0x00000000da780000)
  from space 5120K, 99% used [0x00000000dae00000,0x00000000db2fa168,0x00000000db300000)
  to   space 6656K, 0% used [0x00000000da780000,0x00000000da780000,0x00000000dae00000)
 ParOldGen       total 86016K, used 6613K [0x0000000083a00000, 0x0000000088e00000, 0x00000000d6900000)
  object space 86016K, 7% used [0x0000000083a00000,0x0000000084075760,0x0000000088e00000)
 Metaspace       used 17512K, capacity 18076K, committed 18304K, reserved 1064960K
  class space    used 1949K, capacity 2126K, committed 2176K, reserved 1048576K
Event: 97.889 GC heap after
Heap after GC invocations=8 (full 1):
 PSYoungGen      total 70656K, used 6624K [0x00000000d6900000, 0x00000000dff00000, 0x0000000100000000)
  eden space 64000K, 0% used [0x00000000d6900000,0x00000000d6900000,0x00000000da780000)
  from space 6656K, 99% used [0x00000000da780000,0x00000000dadf8238,0x00000000dae00000)
  to   space 12800K, 0% used [0x00000000df280000,0x00000000df280000,0x00000000dff00000)
 ParOldGen       total 86016K, used 16705K [0x0000000083a00000, 0x0000000088e00000, 0x00000000d6900000)
  object space 86016K, 19% used [0x0000000083a00000,0x0000000084a50430,0x0000000088e00000)
 Metaspace       used 17512K, capacity 18076K, committed 18304K, reserved 1064960K
  class space    used 1949K, capacity 2126K, committed 2176K, reserved 1048576K
}
Event: 120.619 GC heap before
{Heap before GC invocations=9 (full 1):
 PSYoungGen      total 70656K, used 70624K [0x00000000d6900000, 0x00000000dff00000, 0x0000000100000000)
  eden space 64000K, 100% used [0x00000000d6900000,0x00000000da780000,0x00000000da780000)
  from space 6656K, 99% used [0x00000000da780000,0x00000000dadf8238,0x00000000dae00000)
  to   space 12800K, 0% used [0x00000000df280000,0x00000000df280000,0x00000000dff00000)
 ParOldGen       total 86016K, used 16705K [0x0000000083a00000, 0x0000000088e00000, 0x00000000d6900000)
  object space 86016K, 19% used [0x0000000083a00000,0x0000000084a50430,0x0000000088e00000)
 Metaspace       used 19268K, capacity 19850K, committed 20096K, reserved 1067008K
  class space    used 2211K, capacity 2389K, committed 2432K, reserved 1048576K
Event: 121.598 GC heap after
Heap after GC invocations=9 (full 1):
 PSYoungGen      total 136704K, used 12774K [0x00000000d6900000, 0x00000000e0700000, 0x0000000100000000)
  eden space 123904K, 0% used [0x00000000d6900000,0x00000000d6900000,0x00000000de200000)
  from space 12800K, 99% used [0x00000000df280000,0x00000000dfef98c8,0x00000000dff00000)
  to   space 16896K, 0% used [0x00000000de200000,0x00000000de200000,0x00000000df280000)
 ParOldGen       total 86016K, used 22359K [0x0000000083a00000, 0x0000000088e00000, 0x00000000d6900000)
  object space 86016K, 25% used [0x0000000083a00000,0x0000000084fd5fd0,0x0000000088e00000)
 Metaspace       used 19268K, capacity 19850K, committed 20096K, reserved 1067008K
  class space    used 2211K, capacity 2389K, committed 2432K, reserved 1048576K
}
Event: 128.996 GC heap before
{Heap before GC invocations=10 (full 1):
 PSYoungGen      total 136704K, used 136678K [0x00000000d6900000, 0x00000000e0700000, 0x0000000100000000)
  eden space 123904K, 100% used [0x00000000d6900000,0x00000000de200000,0x00000000de200000)
  from space 12800K, 99% used [0x00000000df280000,0x00000000dfef98c8,0x00000000dff00000)
  to   space 16896K, 0% used [0x00000000de200000,0x00000000de200000,0x00000000df280000)
 ParOldGen       total 86016K, used 22359K [0x0000000083a00000, 0x0000000088e00000, 0x00000000d6900000)
  object space 86016K, 25% used [0x0000000083a00000,0x0000000084fd5fd0,0x0000000088e00000)
 Metaspace       used 19954K, capacity 20392K, committed 20736K, reserved 1067008K
  class space    used 2303K, capacity 2458K, committed 2560K, reserved 1048576K

