# JRE version: Java(TM) SE Runtime Environment (8.0_181-b13) (build 1.8.0_181-b13)
# Java VM: Java HotSpot(TM) 64-Bit Server VM (25.181-b13 mixed mode linux-amd64 compressed oops)
Heap:
 PSYoungGen      total 136192K, used 5730K [0x00000000d6900000, 0x00000000dfe00000, 0x0000000100000000)
  eden space 125440K, 0% used [0x00000000d6900000,0x00000000d6900000,0x00000000de380000)
  from space 10752K, 53% used [0x00000000de380000,0x00000000de9189a8,0x00000000dee00000)
  to   space 5120K, 0% used [0x00000000dee00000,0x00000000dee00000,0x00000000df300000)
 ParOldGen       total 86016K, used 18367K [0x0000000083a00000, 0x0000000088e00000, 0x00000000d6900000)
  object space 86016K, 21% used [0x0000000083a00000,0x0000000084befdb8,0x0000000088e00000)
 Metaspace       used 15649K, capacity 16192K, committed 16256K, reserved 1062912K
  class space    used 1733K, capacity 1874K, committed 1920K, reserved 1048576K
GC Heap History (10 events):
Event: 140.663 GC heap after
Heap after GC invocations=3 (full 1):
 PSYoungGen      total 37888K, used 5113K [0x00000000d6900000, 0x00000000d9300000, 0x0000000100000000)
  eden space 32768K, 0% used [0x00000000d6900000,0x00000000d6900000,0x00000000d8900000)
  from space 5120K, 99% used [0x00000000d8e00000,0x00000000d92fe488,0x00000000d9300000)
  to   space 5120K, 0% used [0x00000000d8900000,0x00000000d8900000,0x00000000d8e00000)
 ParOldGen       total 86016K, used 4994K [0x0000000083a00000, 0x0000000088e00000, 0x00000000d6900000)
  object space 86016K, 5% used [0x0000000083a00000,0x0000000083ee0a60,0x0000000088e00000)
 Metaspace       used 13730K, capacity 14232K, committed 14592K, reserved 1062912K
  class space    used 1586K, capacity 1718K, committed 1792K, reserved 1048576K
}
Event: 143.641 GC heap before
{Heap before GC invocations=4 (full 1):
 PSYoungGen      total 37888K, used 37881K [0x00000000d6900000, 0x00000000d9300000, 0x0000000100000000)
  eden space 32768K, 100% used [0x00000000d6900000,0x00000000d8900000,0x00000000d8900000)
  from space 5120K, 99% used [0x00000000d8e00000,0x00000000d92fe488,0x00000000d9300000)
  to   space 5120K, 0% used [0x00000000d8900000,0x00000000d8900000,0x00000000d8e00000)
 ParOldGen       total 86016K, used 4994K [0x0000000083a00000, 0x0000000088e00000, 0x00000000d6900000)
  object space 86016K, 5% used [0x0000000083a00000,0x0000000083ee0a60,0x0000000088e00000)
 Metaspace       used 14986K, capacity 15446K, committed 15744K, reserved 1062912K
  class space    used 1691K, capacity 1819K, committed 1920K, reserved 1048576K
Event: 143.736 GC heap after
Heap after GC invocations=4 (full 1):
 PSYoungGen      total 37888K, used 5110K [0x00000000d6900000, 0x00000000db300000, 0x0000000100000000)
  eden space 32768K, 0% used [0x00000000d6900000,0x00000000d6900000,0x00000000d8900000)
  from space 5120K, 99% used [0x00000000d8900000,0x00000000d8dfdaa8,0x00000000d8e00000)
  to   space 5120K, 0% used [0x00000000dae00000,0x00000000dae00000,0x00000000db300000)
 ParOldGen       total 86016K, used 10393K [0x0000000083a00000, 0x0000000088e00000, 0x00000000d6900000)
  object space 86016K, 12% used [0x0000000083a00000,0x00000000844265e0,0x0000000088e00000)
 Metaspace       used 14986K, capacity 15446K, committed 15744K, reserved 1062912K
  class space    used 1691K, capacity 1819K, committed 1920K, reserved 1048576K
}
Event: 145.858 GC heap before
{Heap before GC invocations=5 (full 1):
 PSYoungGen      total 37888K, used 37878K [0x00000000d6900000, 0x00000000db300000, 0x0000000100000000)
  eden space 32768K, 100% used [0x00000000d6900000,0x00000000d8900000,0x00000000d8900000)
  from space 5120K, 99% used [0x00000000d8900000,0x00000000d8dfdaa8,0x00000000d8e00000)
  to   space 5120K, 0% used [0x00000000dae00000,0x00000000dae00000,0x00000000db300000)
 ParOldGen       total 86016K, used 10393K [0x0000000083a00000, 0x0000000088e00000, 0x00000000d6900000)
  object space 86016K, 12% used [0x0000000083a00000,0x00000000844265e0,0x0000000088e00000)
 Metaspace       used 15454K, capacity 16000K, committed 16256K, reserved 1062912K
  class space    used 1733K, capacity 1874K, committed 1920K, reserved 1048576K
Event: 146.004 GC heap after
Heap after GC invocations=5 (full 1):
 PSYoungGen      total 70656K, used 5098K [0x00000000d6900000, 0x00000000db300000, 0x0000000100000000)
  eden space 65536K, 0% used [0x00000000d6900000,0x00000000d6900000,0x00000000da900000)
  from space 5120K, 99% used [0x00000000dae00000,0x00000000db2fa800,0x00000000db300000)
  to   space 5120K, 0% used [0x00000000da900000,0x00000000da900000,0x00000000dae00000)
 ParOldGen       total 86016K, used 12014K [0x0000000083a00000, 0x0000000088e00000, 0x00000000d6900000)
  object space 86016K, 13% used [0x0000000083a00000,0x00000000845bba10,0x0000000088e00000)
 Metaspace       used 15454K, capacity 16000K, committed 16256K, reserved 1062912K
  class space    used 1733K, capacity 1874K, committed 1920K, reserved 1048576K
}
Event: 149.043 GC heap before
{Heap before GC invocations=6 (full 1):
 PSYoungGen      total 70656K, used 70634K [0x00000000d6900000, 0x00000000db300000, 0x0000000100000000)
  eden space 65536K, 100% used [0x00000000d6900000,0x00000000da900000,0x00000000da900000)
  from space 5120K, 99% used [0x00000000dae00000,0x00000000db2fa800,0x00000000db300000)
  to   space 5120K, 0% used [0x00000000da900000,0x00000000da900000,0x00000000dae00000)
 ParOldGen       total 86016K, used 12014K [0x0000000083a00000, 0x0000000088e00000, 0x00000000d6900000)
  object space 86016K, 13% used [0x0000000083a00000,0x00000000845bba10,0x0000000088e00000)
 Metaspace       used 15608K, capacity 16064K, committed 16256K, reserved 1062912K
  class space    used 1733K, capacity 1874K, committed 1920K, reserved 1048576K
Event: 149.261 GC heap after
Heap after GC invocations=6 (full 1):
 PSYoungGen      total 70656K, used 5098K [0x00000000d6900000, 0x00000000df300000, 0x0000000100000000)
  eden space 65536K, 0% used [0x00000000d6900000,0x00000000d6900000,0x00000000da900000)
  from space 5120K, 99% used [0x00000000da900000,0x00000000dadfa800,0x00000000dae00000)
  to   space 5120K, 0% used [0x00000000dee00000,0x00000000dee00000,0x00000000df300000)
 ParOldGen       total 86016K, used 15890K [0x0000000083a00000, 0x0000000088e00000, 0x00000000d6900000)
  object space 86016K, 18% used [0x0000000083a00000,0x0000000084984a30,0x0000000088e00000)
 Metaspace       used 15608K, capacity 16064K, committed 16256K, reserved 1062912K
  class space    used 1733K, capacity 1874K, committed 1920K, reserved 1048576K
}
Event: 151.701 GC heap before
{Heap before GC invocations=7 (full 1):
 PSYoungGen      total 70656K, used 70634K [0x00000000d6900000, 0x00000000df300000, 0x0000000100000000)
  eden space 65536K, 100% used [0x00000000d6900000,0x00000000da900000,0x00000000da900000)
  from space 5120K, 99% used [0x00000000da900000,0x00000000dadfa800,0x00000000dae00000)
  to   space 5120K, 0% used [0x00000000dee00000,0x00000000dee00000,0x00000000df300000)
 ParOldGen       total 86016K, used 15890K [0x0000000083a00000, 0x0000000088e00000, 0x00000000d6900000)
  object space 86016K, 18% used [0x0000000083a00000,0x0000000084984a30,0x0000000088e00000)
 Metaspace       used 15634K, capacity 16128K, committed 16256K, reserved 1062912K
  class space    used 1733K, capacity 1874K, committed 1920K, reserved 1048576K
Event: 151.819 GC heap after
Heap after GC invocations=7 (full 1):
 PSYoungGen      total 130560K, used 5098K [0x00000000d6900000, 0x00000000dfe00000, 0x0000000100000000)
  eden space 125440K, 0% used [0x00000000d6900000,0x00000000d6900000,0x00000000de380000)
  from space 5120K, 99% used [0x00000000dee00000,0x00000000df2fa800,0x00000000df300000)
  to   space 10752K, 0% used [0x00000000de380000,0x00000000de380000,0x00000000dee00000)
 ParOldGen       total 86016K, used 18367K [0x0000000083a00000, 0x0000000088e00000, 0x00000000d6900000)
  object space 86016K, 21% used [0x0000000083a00000,0x0000000084befdb8,0x0000000088e00000)
 Metaspace       used 15634K, capacity 16128K, committed 16256K, reserved 1062912K
  class space    used 1733K, capacity 1874K, committed 1920K, reserved 1048576K
}
Event: 154.663 GC heap before
{Heap before GC invocations=8 (full 1):
 PSYoungGen      total 130560K, used 130538K [0x00000000d6900000, 0x00000000dfe00000, 0x0000000100000000)
  eden space 125440K, 100% used [0x00000000d6900000,0x00000000de380000,0x00000000de380000)
  from space 5120K, 99% used [0x00000000dee00000,0x00000000df2fa800,0x00000000df300000)
  to   space 10752K, 0% used [0x00000000de380000,0x00000000de380000,0x00000000dee00000)
 ParOldGen       total 86016K, used 18367K [0x0000000083a00000, 0x0000000088e00000, 0x00000000d6900000)
  object space 86016K, 21% used [0x0000000083a00000,0x0000000084befdb8,0x0000000088e00000)
 Metaspace       used 15649K, capacity 16192K, committed 16256K, reserved 1062912K
  class space    used 1733K, capacity 1874K, committed 1920K, reserved 1048576K

