# JRE version: Java(TM) SE Runtime Environment (8.0_181-b13) (build 1.8.0_181-b13)
# Java VM: Java HotSpot(TM) 64-Bit Server VM (25.181-b13 mixed mode linux-amd64 compressed oops)
Heap:
 PSYoungGen      total 134656K, used 9664K [0x00000000d6900000, 0x00000000df700000, 0x0000000100000000)
  eden space 124928K, 0% used [0x00000000d6900000,0x00000000d6900000,0x00000000de300000)
  from space 9728K, 99% used [0x00000000de300000,0x00000000dec700e0,0x00000000dec80000)
  to   space 8704K, 0% used [0x00000000dec80000,0x00000000dec80000,0x00000000df500000)
 ParOldGen       total 86016K, used 11323K [0x0000000083a00000, 0x0000000088e00000, 0x00000000d6900000)
  object space 86016K, 13% used [0x0000000083a00000,0x000000008450ecd8,0x0000000088e00000)
 Metaspace       used 13732K, capacity 14066K, committed 14336K, reserved 1062912K
  class space    used 1570K, capacity 1663K, committed 1792K, reserved 1048576K
GC Heap History (10 events):
Event: 43.890 GC heap after
Heap after GC invocations=5 (full 1):
 PSYoungGen      total 37888K, used 5118K [0x00000000d6900000, 0x00000000d9300000, 0x0000000100000000)
  eden space 32768K, 0% used [0x00000000d6900000,0x00000000d6900000,0x00000000d8900000)
  from space 5120K, 99% used [0x00000000d8e00000,0x00000000d92ffa70,0x00000000d9300000)
  to   space 5120K, 0% used [0x00000000d8900000,0x00000000d8900000,0x00000000d8e00000)
 ParOldGen       total 86016K, used 4927K [0x0000000083a00000, 0x0000000088e00000, 0x00000000d6900000)
  object space 86016K, 5% used [0x0000000083a00000,0x0000000083ecfc98,0x0000000088e00000)
 Metaspace       used 13604K, capacity 13996K, committed 14208K, reserved 1062912K
  class space    used 1569K, capacity 1662K, committed 1664K, reserved 1048576K
}
Event: 44.167 GC heap before
{Heap before GC invocations=6 (full 1):
 PSYoungGen      total 37888K, used 37886K [0x00000000d6900000, 0x00000000d9300000, 0x0000000100000000)
  eden space 32768K, 100% used [0x00000000d6900000,0x00000000d8900000,0x00000000d8900000)
  from space 5120K, 99% used [0x00000000d8e00000,0x00000000d92ffa70,0x00000000d9300000)
  to   space 5120K, 0% used [0x00000000d8900000,0x00000000d8900000,0x00000000d8e00000)
 ParOldGen       total 86016K, used 4927K [0x0000000083a00000, 0x0000000088e00000, 0x00000000d6900000)
  object space 86016K, 5% used [0x0000000083a00000,0x0000000083ecfc98,0x0000000088e00000)
 Metaspace       used 13619K, capacity 13996K, committed 14208K, reserved 1062912K
  class space    used 1569K, capacity 1662K, committed 1664K, reserved 1048576K
Event: 44.178 GC heap after
Heap after GC invocations=6 (full 1):
 PSYoungGen      total 37888K, used 5116K [0x00000000d6900000, 0x00000000db300000, 0x0000000100000000)
  eden space 32768K, 0% used [0x00000000d6900000,0x00000000d6900000,0x00000000d8900000)
  from space 5120K, 99% used [0x00000000d8900000,0x00000000d8dff140,0x00000000d8e00000)
  to   space 5120K, 0% used [0x00000000dae00000,0x00000000dae00000,0x00000000db300000)
 ParOldGen       total 86016K, used 5599K [0x0000000083a00000, 0x0000000088e00000, 0x00000000d6900000)
  object space 86016K, 6% used [0x0000000083a00000,0x0000000083f77e00,0x0000000088e00000)
 Metaspace       used 13619K, capacity 13996K, committed 14208K, reserved 1062912K
  class space    used 1569K, capacity 1662K, committed 1664K, reserved 1048576K
}
Event: 44.706 GC heap before
{Heap before GC invocations=7 (full 1):
 PSYoungGen      total 37888K, used 37884K [0x00000000d6900000, 0x00000000db300000, 0x0000000100000000)
  eden space 32768K, 100% used [0x00000000d6900000,0x00000000d8900000,0x00000000d8900000)
  from space 5120K, 99% used [0x00000000d8900000,0x00000000d8dff140,0x00000000d8e00000)
  to   space 5120K, 0% used [0x00000000dae00000,0x00000000dae00000,0x00000000db300000)
 ParOldGen       total 86016K, used 5599K [0x0000000083a00000, 0x0000000088e00000, 0x00000000d6900000)
  object space 86016K, 6% used [0x0000000083a00000,0x0000000083f77e00,0x0000000088e00000)
 Metaspace       used 13635K, capacity 13996K, committed 14208K, reserved 1062912K
  class space    used 1569K, capacity 1662K, committed 1664K, reserved 1048576K
Event: 44.730 GC heap after
Heap after GC invocations=7 (full 1):
 PSYoungGen      total 68096K, used 5100K [0x00000000d6900000, 0x00000000db800000, 0x0000000100000000)
  eden space 62976K, 0% used [0x00000000d6900000,0x00000000d6900000,0x00000000da680000)
  from space 5120K, 99% used [0x00000000dae00000,0x00000000db2fb190,0x00000000db300000)
  to   space 7680K, 0% used [0x00000000da680000,0x00000000da680000,0x00000000dae00000)
 ParOldGen       total 86016K, used 7659K [0x0000000083a00000, 0x0000000088e00000, 0x00000000d6900000)
  object space 86016K, 8% used [0x0000000083a00000,0x000000008417aed8,0x0000000088e00000)
 Metaspace       used 13635K, capacity 13996K, committed 14208K, reserved 1062912K
  class space    used 1569K, capacity 1662K, committed 1664K, reserved 1048576K
}
Event: 45.896 GC heap before
{Heap before GC invocations=8 (full 1):
 PSYoungGen      total 68096K, used 68076K [0x00000000d6900000, 0x00000000db800000, 0x0000000100000000)
  eden space 62976K, 100% used [0x00000000d6900000,0x00000000da680000,0x00000000da680000)
  from space 5120K, 99% used [0x00000000dae00000,0x00000000db2fb190,0x00000000db300000)
  to   space 7680K, 0% used [0x00000000da680000,0x00000000da680000,0x00000000dae00000)
 ParOldGen       total 86016K, used 7659K [0x0000000083a00000, 0x0000000088e00000, 0x00000000d6900000)
  object space 86016K, 8% used [0x0000000083a00000,0x000000008417aed8,0x0000000088e00000)
 Metaspace       used 13697K, capacity 14066K, committed 14336K, reserved 1062912K
  class space    used 1570K, capacity 1663K, committed 1792K, reserved 1048576K
Event: 45.949 GC heap after
Heap after GC invocations=8 (full 1):
 PSYoungGen      total 70656K, used 7676K [0x00000000d6900000, 0x00000000df500000, 0x0000000100000000)
  eden space 62976K, 0% used [0x00000000d6900000,0x00000000d6900000,0x00000000da680000)
  from space 7680K, 99% used [0x00000000da680000,0x00000000dadff1b0,0x00000000dae00000)
  to   space 8704K, 0% used [0x00000000dec80000,0x00000000dec80000,0x00000000df500000)
 ParOldGen       total 86016K, used 8183K [0x0000000083a00000, 0x0000000088e00000, 0x00000000d6900000)
  object space 86016K, 9% used [0x0000000083a00000,0x00000000841fdfb0,0x0000000088e00000)
 Metaspace       used 13697K, capacity 14066K, committed 14336K, reserved 1062912K
  class space    used 1570K, capacity 1663K, committed 1792K, reserved 1048576K
}
Event: 46.733 GC heap before
{Heap before GC invocations=9 (full 1):
 PSYoungGen      total 70656K, used 70652K [0x00000000d6900000, 0x00000000df500000, 0x0000000100000000)
  eden space 62976K, 100% used [0x00000000d6900000,0x00000000da680000,0x00000000da680000)
  from space 7680K, 99% used [0x00000000da680000,0x00000000dadff1b0,0x00000000dae00000)
  to   space 8704K, 0% used [0x00000000dec80000,0x00000000dec80000,0x00000000df500000)
 ParOldGen       total 86016K, used 8183K [0x0000000083a00000, 0x0000000088e00000, 0x00000000d6900000)
  object space 86016K, 9% used [0x0000000083a00000,0x00000000841fdfb0,0x0000000088e00000)
 Metaspace       used 13719K, capacity 14066K, committed 14336K, reserved 1062912K
  class space    used 1570K, capacity 1663K, committed 1792K, reserved 1048576K
Event: 46.805 GC heap after
Heap after GC invocations=9 (full 1):
 PSYoungGen      total 133632K, used 8416K [0x00000000d6900000, 0x00000000df700000, 0x0000000100000000)
  eden space 124928K, 0% used [0x00000000d6900000,0x00000000d6900000,0x00000000de300000)
  from space 8704K, 96% used [0x00000000dec80000,0x00000000df4b80e0,0x00000000df500000)
  to   space 9728K, 0% used [0x00000000de300000,0x00000000de300000,0x00000000dec80000)
 ParOldGen       total 86016K, used 10052K [0x0000000083a00000, 0x0000000088e00000, 0x00000000d6900000)
  object space 86016K, 11% used [0x0000000083a00000,0x00000000843d1120,0x0000000088e00000)
 Metaspace       used 13719K, capacity 14066K, committed 14336K, reserved 1062912K
  class space    used 1570K, capacity 1663K, committed 1792K, reserved 1048576K
}
Event: 48.817 GC heap before
{Heap before GC invocations=10 (full 1):
 PSYoungGen      total 133632K, used 133344K [0x00000000d6900000, 0x00000000df700000, 0x0000000100000000)
  eden space 124928K, 100% used [0x00000000d6900000,0x00000000de300000,0x00000000de300000)
  from space 8704K, 96% used [0x00000000dec80000,0x00000000df4b80e0,0x00000000df500000)
  to   space 9728K, 0% used [0x00000000de300000,0x00000000de300000,0x00000000dec80000)
 ParOldGen       total 86016K, used 10052K [0x0000000083a00000, 0x0000000088e00000, 0x00000000d6900000)
  object space 86016K, 11% used [0x0000000083a00000,0x00000000843d1120,0x0000000088e00000)
 Metaspace       used 13732K, capacity 14066K, committed 14336K, reserved 1062912K
  class space    used 1570K, capacity 1663K, committed 1792K, reserved 1048576K

