# JRE version: Java(TM) SE Runtime Environment (8.0_181-b13) (build 1.8.0_181-b13)
# Java VM: Java HotSpot(TM) 64-Bit Server VM (25.181-b13 mixed mode linux-amd64 compressed oops)
Heap:
 PSYoungGen      total 261120K, used 32757K [0x00000000d6900000, 0x00000000ed380000, 0x0000000100000000)
  eden space 228352K, 0% used [0x00000000d6900000,0x00000000d6900000,0x00000000e4800000)
  from space 32768K, 99% used [0x00000000eb380000,0x00000000ed37d448,0x00000000ed380000)
  to   space 15872K, 0% used [0x00000000e4800000,0x00000000e4800000,0x00000000e5780000)
 ParOldGen       total 130048K, used 127721K [0x0000000083a00000, 0x000000008b900000, 0x00000000d6900000)
  object space 130048K, 98% used [0x0000000083a00000,0x000000008b6ba5b8,0x000000008b900000)
 Metaspace       used 17501K, capacity 17974K, committed 18304K, reserved 1064960K
  class space    used 1940K, capacity 2075K, committed 2176K, reserved 1048576K
GC Heap History (10 events):
Event: 102.878 GC heap after
Heap after GC invocations=9 (full 1):
 PSYoungGen      total 130048K, used 4223K [0x00000000d6900000, 0x00000000df400000, 0x0000000100000000)
  eden space 119296K, 0% used [0x00000000d6900000,0x00000000d6900000,0x00000000ddd80000)
  from space 10752K, 39% used [0x00000000de880000,0x00000000dec9fd80,0x00000000df300000)
  to   space 11264K, 0% used [0x00000000ddd80000,0x00000000ddd80000,0x00000000de880000)
 ParOldGen       total 86016K, used 20321K [0x0000000083a00000, 0x0000000088e00000, 0x00000000d6900000)
  object space 86016K, 23% used [0x0000000083a00000,0x0000000084dd87a0,0x0000000088e00000)
 Metaspace       used 14954K, capacity 15412K, committed 15744K, reserved 1062912K
  class space    used 1679K, capacity 1824K, committed 1920K, reserved 1048576K
}
Event: 104.291 GC heap before
{Heap before GC invocations=10 (full 1):
 PSYoungGen      total 130048K, used 123519K [0x00000000d6900000, 0x00000000df400000, 0x0000000100000000)
  eden space 119296K, 100% used [0x00000000d6900000,0x00000000ddd80000,0x00000000ddd80000)
  from space 10752K, 39% used [0x00000000de880000,0x00000000dec9fd80,0x00000000df300000)
  to   space 11264K, 0% used [0x00000000ddd80000,0x00000000ddd80000,0x00000000de880000)
 ParOldGen       total 86016K, used 20321K [0x0000000083a00000, 0x0000000088e00000, 0x00000000d6900000)
  object space 86016K, 23% used [0x0000000083a00000,0x0000000084dd87a0,0x0000000088e00000)
 Metaspace       used 15016K, capacity 15540K, committed 15744K, reserved 1062912K
  class space    used 1679K, capacity 1824K, committed 1920K, reserved 1048576K
Event: 104.383 GC heap after
Heap after GC invocations=10 (full 1):
 PSYoungGen      total 130560K, used 7512K [0x00000000d6900000, 0x00000000e6700000, 0x0000000100000000)
  eden space 119296K, 0% used [0x00000000d6900000,0x00000000d6900000,0x00000000ddd80000)
  from space 11264K, 66% used [0x00000000ddd80000,0x00000000de4d6248,0x00000000de880000)
  to   space 10752K, 0% used [0x00000000e5c80000,0x00000000e5c80000,0x00000000e6700000)
 ParOldGen       total 86016K, used 22061K [0x0000000083a00000, 0x0000000088e00000, 0x00000000d6900000)
  object space 86016K, 25% used [0x0000000083a00000,0x0000000084f8b540,0x0000000088e00000)
 Metaspace       used 15016K, capacity 15540K, committed 15744K, reserved 1062912K
  class space    used 1679K, capacity 1824K, committed 1920K, reserved 1048576K
}
Event: 107.111 GC heap before
{Heap before GC invocations=11 (full 1):
 PSYoungGen      total 130560K, used 126808K [0x00000000d6900000, 0x00000000e6700000, 0x0000000100000000)
  eden space 119296K, 100% used [0x00000000d6900000,0x00000000ddd80000,0x00000000ddd80000)
  from space 11264K, 66% used [0x00000000ddd80000,0x00000000de4d6248,0x00000000de880000)
  to   space 10752K, 0% used [0x00000000e5c80000,0x00000000e5c80000,0x00000000e6700000)
 ParOldGen       total 86016K, used 22061K [0x0000000083a00000, 0x0000000088e00000, 0x00000000d6900000)
  object space 86016K, 25% used [0x0000000083a00000,0x0000000084f8b540,0x0000000088e00000)
 Metaspace       used 16220K, capacity 16676K, committed 16896K, reserved 1064960K
  class space    used 1776K, capacity 1934K, committed 2048K, reserved 1048576K
Event: 107.276 GC heap after
Heap after GC invocations=11 (full 1):
 PSYoungGen      total 201728K, used 10740K [0x00000000d6900000, 0x00000000e6700000, 0x0000000100000000)
  eden space 190976K, 0% used [0x00000000d6900000,0x00000000d6900000,0x00000000e2380000)
  from space 10752K, 99% used [0x00000000e5c80000,0x00000000e66fd298,0x00000000e6700000)
  to   space 15872K, 0% used [0x00000000e4800000,0x00000000e4800000,0x00000000e5780000)
 ParOldGen       total 86016K, used 32421K [0x0000000083a00000, 0x0000000088e00000, 0x00000000d6900000)
  object space 86016K, 37% used [0x0000000083a00000,0x00000000859a97d0,0x0000000088e00000)
 Metaspace       used 16220K, capacity 16676K, committed 16896K, reserved 1064960K
  class space    used 1776K, capacity 1934K, committed 2048K, reserved 1048576K
}
Event: 124.082 GC heap before
{Heap before GC invocations=12 (full 1):
 PSYoungGen      total 201728K, used 201716K [0x00000000d6900000, 0x00000000e6700000, 0x0000000100000000)
  eden space 190976K, 100% used [0x00000000d6900000,0x00000000e2380000,0x00000000e2380000)
  from space 10752K, 99% used [0x00000000e5c80000,0x00000000e66fd298,0x00000000e6700000)
  to   space 15872K, 0% used [0x00000000e4800000,0x00000000e4800000,0x00000000e5780000)
 ParOldGen       total 86016K, used 32421K [0x0000000083a00000, 0x0000000088e00000, 0x00000000d6900000)
  object space 86016K, 37% used [0x0000000083a00000,0x00000000859a97d0,0x0000000088e00000)
 Metaspace       used 17239K, capacity 17750K, committed 17920K, reserved 1064960K
  class space    used 1906K, capacity 2043K, committed 2048K, reserved 1048576K
Event: 124.517 GC heap after
Heap after GC invocations=12 (full 1):
 PSYoungGen      total 244224K, used 15860K [0x00000000d6900000, 0x00000000ed380000, 0x0000000100000000)
  eden space 228352K, 0% used [0x00000000d6900000,0x00000000d6900000,0x00000000e4800000)
  from space 15872K, 99% used [0x00000000e4800000,0x00000000e577d1f0,0x00000000e5780000)
  to   space 32768K, 0% used [0x00000000eb380000,0x00000000eb380000,0x00000000ed380000)
 ParOldGen       total 86016K, used 72973K [0x0000000083a00000, 0x0000000088e00000, 0x00000000d6900000)
  object space 86016K, 84% used [0x0000000083a00000,0x00000000881437e8,0x0000000088e00000)
 Metaspace       used 17239K, capacity 17750K, committed 17920K, reserved 1064960K
  class space    used 1906K, capacity 2043K, committed 2048K, reserved 1048576K
}
Event: 124.517 GC heap before
{Heap before GC invocations=13 (full 2):
 PSYoungGen      total 244224K, used 15860K [0x00000000d6900000, 0x00000000ed380000, 0x0000000100000000)
  eden space 228352K, 0% used [0x00000000d6900000,0x00000000d6900000,0x00000000e4800000)
  from space 15872K, 99% used [0x00000000e4800000,0x00000000e577d1f0,0x00000000e5780000)
  to   space 32768K, 0% used [0x00000000eb380000,0x00000000eb380000,0x00000000ed380000)
 ParOldGen       total 86016K, used 72973K [0x0000000083a00000, 0x0000000088e00000, 0x00000000d6900000)
  object space 86016K, 84% used [0x0000000083a00000,0x00000000881437e8,0x0000000088e00000)
 Metaspace       used 17239K, capacity 17750K, committed 17920K, reserved 1064960K
  class space    used 1906K, capacity 2043K, committed 2048K, reserved 1048576K
Event: 126.903 GC heap after
Heap after GC invocations=13 (full 2):
 PSYoungGen      total 244224K, used 0K [0x00000000d6900000, 0x00000000ed380000, 0x0000000100000000)
  eden space 228352K, 0% used [0x00000000d6900000,0x00000000d6900000,0x00000000e4800000)
  from space 15872K, 0% used [0x00000000e4800000,0x00000000e4800000,0x00000000e5780000)
  to   space 32768K, 0% used [0x00000000eb380000,0x00000000eb380000,0x00000000ed380000)
 ParOldGen       total 126976K, used 61517K [0x0000000083a00000, 0x000000008b600000, 0x00000000d6900000)
  object space 126976K, 48% used [0x0000000083a00000,0x00000000876135c8,0x000000008b600000)
 Metaspace       used 17239K, capacity 17750K, committed 17920K, reserved 1064960K
  class space    used 1906K, capacity 2043K, committed 2048K, reserved 1048576K
}
Event: 131.172 GC heap before
{Heap before GC invocations=14 (full 2):
 PSYoungGen      total 244224K, used 220720K [0x00000000d6900000, 0x00000000ed380000, 0x0000000100000000)
  eden space 228352K, 96% used [0x00000000d6900000,0x00000000e408c200,0x00000000e4800000)
  from space 15872K, 0% used [0x00000000e4800000,0x00000000e4800000,0x00000000e5780000)
  to   space 32768K, 0% used [0x00000000eb380000,0x00000000eb380000,0x00000000ed380000)
 ParOldGen       total 126976K, used 61517K [0x0000000083a00000, 0x000000008b600000, 0x00000000d6900000)
  object space 126976K, 48% used [0x0000000083a00000,0x00000000876135c8,0x000000008b600000)
 Metaspace       used 17501K, capacity 17974K, committed 18304K, reserved 1064960K
  class space    used 1940K, capacity 2075K, committed 2176K, reserved 1048576K

