# JRE version: Java(TM) SE Runtime Environment (8.0_181-b13) (build 1.8.0_181-b13)
# Java VM: Java HotSpot(TM) 64-Bit Server VM (25.181-b13 mixed mode linux-amd64 compressed oops)
Heap:
 PSYoungGen      total 242688K, used 47078K [0x00000000d6900000, 0x00000000e9a00000, 0x0000000100000000)
  eden space 195584K, 0% used [0x00000000d6900000,0x00000000d6900000,0x00000000e2800000)
  from space 47104K, 99% used [0x00000000e2800000,0x00000000e55f99e0,0x00000000e5600000)
  to   space 24576K, 0% used [0x00000000e5600000,0x00000000e5600000,0x00000000e6e00000)
 ParOldGen       total 187392K, used 152159K [0x0000000083a00000, 0x000000008f100000, 0x00000000d6900000)
  object space 187392K, 81% used [0x0000000083a00000,0x000000008ce97f30,0x000000008f100000)
 Metaspace       used 17513K, capacity 18052K, committed 18304K, reserved 1064960K
  class space    used 1928K, capacity 2078K, committed 2176K, reserved 1048576K
GC Heap History (10 events):
Event: 105.103 GC heap after
Heap after GC invocations=12 (full 1):
 PSYoungGen      total 111104K, used 4952K [0x00000000d6900000, 0x00000000e0580000, 0x0000000100000000)
  eden space 99328K, 0% used [0x00000000d6900000,0x00000000d6900000,0x00000000dca00000)
  from space 11776K, 42% used [0x00000000dca00000,0x00000000dced6248,0x00000000dd580000)
  to   space 11264K, 0% used [0x00000000dfa80000,0x00000000dfa80000,0x00000000e0580000)
 ParOldGen       total 86016K, used 26226K [0x0000000083a00000, 0x0000000088e00000, 0x00000000d6900000)
  object space 86016K, 30% used [0x0000000083a00000,0x000000008539c8c8,0x0000000088e00000)
 Metaspace       used 15530K, capacity 15956K, committed 16256K, reserved 1062912K
  class space    used 1736K, capacity 1858K, committed 1920K, reserved 1048576K
}
Event: 107.122 GC heap before
{Heap before GC invocations=13 (full 1):
 PSYoungGen      total 111104K, used 104280K [0x00000000d6900000, 0x00000000e0580000, 0x0000000100000000)
  eden space 99328K, 100% used [0x00000000d6900000,0x00000000dca00000,0x00000000dca00000)
  from space 11776K, 42% used [0x00000000dca00000,0x00000000dced6248,0x00000000dd580000)
  to   space 11264K, 0% used [0x00000000dfa80000,0x00000000dfa80000,0x00000000e0580000)
 ParOldGen       total 86016K, used 26226K [0x0000000083a00000, 0x0000000088e00000, 0x00000000d6900000)
  object space 86016K, 30% used [0x0000000083a00000,0x000000008539c8c8,0x0000000088e00000)
 Metaspace       used 16078K, capacity 16600K, committed 16896K, reserved 1064960K
  class space    used 1769K, capacity 1934K, committed 2048K, reserved 1048576K
Event: 107.272 GC heap after
Heap after GC invocations=13 (full 1):
 PSYoungGen      total 147456K, used 10832K [0x00000000d6900000, 0x00000000e1d80000, 0x0000000100000000)
  eden space 136192K, 0% used [0x00000000d6900000,0x00000000d6900000,0x00000000dee00000)
  from space 11264K, 96% used [0x00000000dfa80000,0x00000000e0514120,0x00000000e0580000)
  to   space 12800K, 0% used [0x00000000dee00000,0x00000000dee00000,0x00000000dfa80000)
 ParOldGen       total 86016K, used 31104K [0x0000000083a00000, 0x0000000088e00000, 0x00000000d6900000)
  object space 86016K, 36% used [0x0000000083a00000,0x0000000085860180,0x0000000088e00000)
 Metaspace       used 16078K, capacity 16600K, committed 16896K, reserved 1064960K
  class space    used 1769K, capacity 1934K, committed 2048K, reserved 1048576K
}
Event: 122.901 GC heap before
{Heap before GC invocations=14 (full 1):
 PSYoungGen      total 147456K, used 147024K [0x00000000d6900000, 0x00000000e1d80000, 0x0000000100000000)
  eden space 136192K, 100% used [0x00000000d6900000,0x00000000dee00000,0x00000000dee00000)
  from space 11264K, 96% used [0x00000000dfa80000,0x00000000e0514120,0x00000000e0580000)
  to   space 12800K, 0% used [0x00000000dee00000,0x00000000dee00000,0x00000000dfa80000)
 ParOldGen       total 86016K, used 31104K [0x0000000083a00000, 0x0000000088e00000, 0x00000000d6900000)
  object space 86016K, 36% used [0x0000000083a00000,0x0000000085860180,0x0000000088e00000)
 Metaspace       used 17134K, capacity 17668K, committed 17920K, reserved 1064960K
  class space    used 1891K, capacity 2042K, committed 2048K, reserved 1048576K
Event: 123.188 GC heap after
Heap after GC invocations=14 (full 1):
 PSYoungGen      total 148992K, used 12783K [0x00000000d6900000, 0x00000000e6e00000, 0x0000000100000000)
  eden space 136192K, 0% used [0x00000000d6900000,0x00000000d6900000,0x00000000dee00000)
  from space 12800K, 99% used [0x00000000dee00000,0x00000000dfa7bcd8,0x00000000dfa80000)
  to   space 24576K, 0% used [0x00000000e5600000,0x00000000e5600000,0x00000000e6e00000)
 ParOldGen       total 86016K, used 58697K [0x0000000083a00000, 0x0000000088e00000, 0x00000000d6900000)
  object space 86016K, 68% used [0x0000000083a00000,0x00000000873527c8,0x0000000088e00000)
 Metaspace       used 17134K, capacity 17668K, committed 17920K, reserved 1064960K
  class space    used 1891K, capacity 2042K, committed 2048K, reserved 1048576K
}
Event: 127.793 GC heap before
{Heap before GC invocations=15 (full 1):
 PSYoungGen      total 148992K, used 148975K [0x00000000d6900000, 0x00000000e6e00000, 0x0000000100000000)
  eden space 136192K, 100% used [0x00000000d6900000,0x00000000dee00000,0x00000000dee00000)
  from space 12800K, 99% used [0x00000000dee00000,0x00000000dfa7bcd8,0x00000000dfa80000)
  to   space 24576K, 0% used [0x00000000e5600000,0x00000000e5600000,0x00000000e6e00000)
 ParOldGen       total 86016K, used 58697K [0x0000000083a00000, 0x0000000088e00000, 0x00000000d6900000)
  object space 86016K, 68% used [0x0000000083a00000,0x00000000873527c8,0x0000000088e00000)
 Metaspace       used 17208K, capacity 17680K, committed 17920K, reserved 1064960K
  class space    used 1899K, capacity 2044K, committed 2048K, reserved 1048576K
Event: 128.381 GC heap after
Heap after GC invocations=15 (full 1):
 PSYoungGen      total 220160K, used 24555K [0x00000000d6900000, 0x00000000e9a00000, 0x0000000100000000)
  eden space 195584K, 0% used [0x00000000d6900000,0x00000000d6900000,0x00000000e2800000)
  from space 24576K, 99% used [0x00000000e5600000,0x00000000e6dfae20,0x00000000e6e00000)
  to   space 47104K, 0% used [0x00000000e2800000,0x00000000e2800000,0x00000000e5600000)
 ParOldGen       total 109568K, used 108820K [0x0000000083a00000, 0x000000008a500000, 0x00000000d6900000)
  object space 109568K, 99% used [0x0000000083a00000,0x000000008a445008,0x000000008a500000)
 Metaspace       used 17208K, capacity 17680K, committed 17920K, reserved 1064960K
  class space    used 1899K, capacity 2044K, committed 2048K, reserved 1048576K
}
Event: 128.390 GC heap before
{Heap before GC invocations=16 (full 2):
 PSYoungGen      total 220160K, used 24555K [0x00000000d6900000, 0x00000000e9a00000, 0x0000000100000000)
  eden space 195584K, 0% used [0x00000000d6900000,0x00000000d6900000,0x00000000e2800000)
  from space 24576K, 99% used [0x00000000e5600000,0x00000000e6dfae20,0x00000000e6e00000)
  to   space 47104K, 0% used [0x00000000e2800000,0x00000000e2800000,0x00000000e5600000)
 ParOldGen       total 109568K, used 108820K [0x0000000083a00000, 0x000000008a500000, 0x00000000d6900000)
  object space 109568K, 99% used [0x0000000083a00000,0x000000008a445008,0x000000008a500000)
 Metaspace       used 17208K, capacity 17680K, committed 17920K, reserved 1064960K
  class space    used 1899K, capacity 2044K, committed 2048K, reserved 1048576K
Event: 133.501 GC heap after
Heap after GC invocations=16 (full 2):
 PSYoungGen      total 220160K, used 5097K [0x00000000d6900000, 0x00000000e9a00000, 0x0000000100000000)
  eden space 195584K, 0% used [0x00000000d6900000,0x00000000d6900000,0x00000000e2800000)
  from space 24576K, 20% used [0x00000000e5600000,0x00000000e5afa528,0x00000000e6e00000)
  to   space 47104K, 0% used [0x00000000e2800000,0x00000000e2800000,0x00000000e5600000)
 ParOldGen       total 187392K, used 109315K [0x0000000083a00000, 0x000000008f100000, 0x00000000d6900000)
  object space 187392K, 58% used [0x0000000083a00000,0x000000008a4c0d50,0x000000008f100000)
 Metaspace       used 17208K, capacity 17680K, committed 17920K, reserved 1064960K
  class space    used 1899K, capacity 2044K, committed 2048K, reserved 1048576K
}
Event: 160.108 GC heap before
{Heap before GC invocations=17 (full 2):
 PSYoungGen      total 220160K, used 200681K [0x00000000d6900000, 0x00000000e9a00000, 0x0000000100000000)
  eden space 195584K, 100% used [0x00000000d6900000,0x00000000e2800000,0x00000000e2800000)
  from space 24576K, 20% used [0x00000000e5600000,0x00000000e5afa528,0x00000000e6e00000)
  to   space 47104K, 0% used [0x00000000e2800000,0x00000000e2800000,0x00000000e5600000)
 ParOldGen       total 187392K, used 109315K [0x0000000083a00000, 0x000000008f100000, 0x00000000d6900000)
  object space 187392K, 58% used [0x0000000083a00000,0x000000008a4c0d50,0x000000008f100000)
 Metaspace       used 17513K, capacity 18052K, committed 18304K, reserved 1064960K
  class space    used 1928K, capacity 2078K, committed 2176K, reserved 1048576K

