# JRE version: Java(TM) SE Runtime Environment (8.0_181-b13) (build 1.8.0_181-b13)
# Java VM: Java HotSpot(TM) 64-Bit Server VM (25.181-b13 mixed mode linux-amd64 compressed oops)
Heap:
 PSYoungGen      total 448512K, used 0K [0x00000000d6900000, 0x0000000100000000, 0x0000000100000000)
  eden space 338944K, 0% used [0x00000000d6900000,0x00000000d6900000,0x00000000eb400000)
  from space 109568K, 0% used [0x00000000f9500000,0x00000000f9500000,0x0000000100000000)
  to   space 169984K, 0% used [0x00000000eb400000,0x00000000eb400000,0x00000000f5a00000)
 ParOldGen       total 400384K, used 366215K [0x0000000083a00000, 0x000000009c100000, 0x00000000d6900000)
  object space 400384K, 91% used [0x0000000083a00000,0x0000000099fa1e48,0x000000009c100000)
 Metaspace       used 36399K, capacity 37592K, committed 37888K, reserved 1083392K
  class space    used 4257K, capacity 4499K, committed 4608K, reserved 1048576K
GC Heap History (10 events):
Event: 134.820 GC heap after
Heap after GC invocations=38 (full 4):
 PSYoungGen      total 567296K, used 22651K [0x00000000d6900000, 0x00000000ff600000, 0x0000000100000000)
  eden space 476160K, 0% used [0x00000000d6900000,0x00000000d6900000,0x00000000f3a00000)
  from space 91136K, 24% used [0x00000000f9d00000,0x00000000fb31ee48,0x00000000ff600000)
  to   space 96256K, 0% used [0x00000000f3a00000,0x00000000f3a00000,0x00000000f9800000)
 ParOldGen       total 377344K, used 317551K [0x0000000083a00000, 0x000000009aa80000, 0x00000000d6900000)
  object space 377344K, 84% used [0x0000000083a00000,0x000000009701be30,0x000000009aa80000)
 Metaspace       used 35563K, capacity 36490K, committed 36736K, reserved 1081344K
  class space    used 4196K, capacity 4412K, committed 4480K, reserved 1048576K
}
Event: 141.576 GC heap before
{Heap before GC invocations=39 (full 4):
 PSYoungGen      total 567296K, used 498811K [0x00000000d6900000, 0x00000000ff600000, 0x0000000100000000)
  eden space 476160K, 100% used [0x00000000d6900000,0x00000000f3a00000,0x00000000f3a00000)
  from space 91136K, 24% used [0x00000000f9d00000,0x00000000fb31ee48,0x00000000ff600000)
  to   space 96256K, 0% used [0x00000000f3a00000,0x00000000f3a00000,0x00000000f9800000)
 ParOldGen       total 377344K, used 317551K [0x0000000083a00000, 0x000000009aa80000, 0x00000000d6900000)
  object space 377344K, 84% used [0x0000000083a00000,0x000000009701be30,0x000000009aa80000)
 Metaspace       used 36064K, capacity 37188K, committed 37248K, reserved 1081344K
  class space    used 4240K, capacity 4475K, committed 4480K, reserved 1048576K
Event: 141.899 GC heap after
Heap after GC invocations=39 (full 4):
 PSYoungGen      total 572416K, used 58308K [0x00000000d6900000, 0x0000000100000000, 0x0000000100000000)
  eden space 476160K, 0% used [0x00000000d6900000,0x00000000d6900000,0x00000000f3a00000)
  from space 96256K, 60% used [0x00000000f3a00000,0x00000000f72f1300,0x00000000f9800000)
  to   space 97792K, 0% used [0x00000000fa080000,0x00000000fa080000,0x0000000100000000)
 ParOldGen       total 377344K, used 317559K [0x0000000083a00000, 0x000000009aa80000, 0x00000000d6900000)
  object space 377344K, 84% used [0x0000000083a00000,0x000000009701de30,0x000000009aa80000)
 Metaspace       used 36064K, capacity 37188K, committed 37248K, reserved 1081344K
  class space    used 4240K, capacity 4475K, committed 4480K, reserved 1048576K
}
Event: 146.230 GC heap before
{Heap before GC invocations=40 (full 4):
 PSYoungGen      total 572416K, used 534468K [0x00000000d6900000, 0x0000000100000000, 0x0000000100000000)
  eden space 476160K, 100% used [0x00000000d6900000,0x00000000f3a00000,0x00000000f3a00000)
  from space 96256K, 60% used [0x00000000f3a00000,0x00000000f72f1300,0x00000000f9800000)
  to   space 97792K, 0% used [0x00000000fa080000,0x00000000fa080000,0x0000000100000000)
 ParOldGen       total 377344K, used 317559K [0x0000000083a00000, 0x000000009aa80000, 0x00000000d6900000)
  object space 377344K, 84% used [0x0000000083a00000,0x000000009701de30,0x000000009aa80000)
 Metaspace       used 36208K, capacity 37426K, committed 37632K, reserved 1083392K
  class space    used 4256K, capacity 4504K, committed 4608K, reserved 1048576K
Event: 146.562 GC heap after
Heap after GC invocations=40 (full 4):
 PSYoungGen      total 557568K, used 88181K [0x00000000d6900000, 0x0000000100000000, 0x0000000100000000)
  eden space 459776K, 0% used [0x00000000d6900000,0x00000000d6900000,0x00000000f2a00000)
  from space 97792K, 90% used [0x00000000fa080000,0x00000000ff69d740,0x0000000100000000)
  to   space 109568K, 0% used [0x00000000f2a00000,0x00000000f2a00000,0x00000000f9500000)
 ParOldGen       total 377344K, used 317567K [0x0000000083a00000, 0x000000009aa80000, 0x00000000d6900000)
  object space 377344K, 84% used [0x0000000083a00000,0x000000009701fe30,0x000000009aa80000)
 Metaspace       used 36208K, capacity 37426K, committed 37632K, reserved 1083392K
  class space    used 4256K, capacity 4504K, committed 4608K, reserved 1048576K
}
Event: 152.483 GC heap before
{Heap before GC invocations=41 (full 4):
 PSYoungGen      total 557568K, used 547957K [0x00000000d6900000, 0x0000000100000000, 0x0000000100000000)
  eden space 459776K, 100% used [0x00000000d6900000,0x00000000f2a00000,0x00000000f2a00000)
  from space 97792K, 90% used [0x00000000fa080000,0x00000000ff69d740,0x0000000100000000)
  to   space 109568K, 0% used [0x00000000f2a00000,0x00000000f2a00000,0x00000000f9500000)
 ParOldGen       total 377344K, used 317567K [0x0000000083a00000, 0x000000009aa80000, 0x00000000d6900000)
  object space 377344K, 84% used [0x0000000083a00000,0x000000009701fe30,0x000000009aa80000)
 Metaspace       used 36269K, capacity 37496K, committed 37632K, reserved 1083392K
  class space    used 4262K, capacity 4515K, committed 4608K, reserved 1048576K
Event: 153.105 GC heap after
Heap after GC invocations=41 (full 4):
 PSYoungGen      total 569344K, used 109549K [0x00000000d6900000, 0x0000000100000000, 0x0000000100000000)
  eden space 459776K, 0% used [0x00000000d6900000,0x00000000d6900000,0x00000000f2a00000)
  from space 109568K, 99% used [0x00000000f2a00000,0x00000000f94fb5f0,0x00000000f9500000)
  to   space 109568K, 0% used [0x00000000f9500000,0x00000000f9500000,0x0000000100000000)
 ParOldGen       total 377344K, used 337227K [0x0000000083a00000, 0x000000009aa80000, 0x00000000d6900000)
  object space 377344K, 89% used [0x0000000083a00000,0x0000000098352eb0,0x000000009aa80000)
 Metaspace       used 36269K, capacity 37496K, committed 37632K, reserved 1083392K
  class space    used 4262K, capacity 4515K, committed 4608K, reserved 1048576K
}
Event: 193.342 GC heap before
{Heap before GC invocations=42 (full 4):
 PSYoungGen      total 569344K, used 569325K [0x00000000d6900000, 0x0000000100000000, 0x0000000100000000)
  eden space 459776K, 100% used [0x00000000d6900000,0x00000000f2a00000,0x00000000f2a00000)
  from space 109568K, 99% used [0x00000000f2a00000,0x00000000f94fb5f0,0x00000000f9500000)
  to   space 109568K, 0% used [0x00000000f9500000,0x00000000f9500000,0x0000000100000000)
 ParOldGen       total 377344K, used 337227K [0x0000000083a00000, 0x000000009aa80000, 0x00000000d6900000)
  object space 377344K, 89% used [0x0000000083a00000,0x0000000098352eb0,0x000000009aa80000)
 Metaspace       used 36508K, capacity 37766K, committed 37888K, reserved 1083392K
  class space    used 4273K, capacity 4528K, committed 4608K, reserved 1048576K
Event: 193.511 GC heap after
Heap after GC invocations=42 (full 4):
 PSYoungGen      total 448512K, used 109540K [0x00000000d6900000, 0x0000000100000000, 0x0000000100000000)
  eden space 338944K, 0% used [0x00000000d6900000,0x00000000d6900000,0x00000000eb400000)
  from space 109568K, 99% used [0x00000000f9500000,0x00000000ffff91b0,0x0000000100000000)
  to   space 169984K, 0% used [0x00000000eb400000,0x00000000eb400000,0x00000000f5a00000)
 ParOldGen       total 400384K, used 399919K [0x0000000083a00000, 0x000000009c100000, 0x00000000d6900000)
  object space 400384K, 99% used [0x0000000083a00000,0x000000009c08bd60,0x000000009c100000)
 Metaspace       used 36508K, capacity 37766K, committed 37888K, reserved 1083392K
  class space    used 4273K, capacity 4528K, committed 4608K, reserved 1048576K
}
Event: 193.511 GC heap before
{Heap before GC invocations=43 (full 5):
 PSYoungGen      total 448512K, used 109540K [0x00000000d6900000, 0x0000000100000000, 0x0000000100000000)
  eden space 338944K, 0% used [0x00000000d6900000,0x00000000d6900000,0x00000000eb400000)
  from space 109568K, 99% used [0x00000000f9500000,0x00000000ffff91b0,0x0000000100000000)
  to   space 169984K, 0% used [0x00000000eb400000,0x00000000eb400000,0x00000000f5a00000)
 ParOldGen       total 400384K, used 399919K [0x0000000083a00000, 0x000000009c100000, 0x00000000d6900000)
  object space 400384K, 99% used [0x0000000083a00000,0x000000009c08bd60,0x000000009c100000)
 Metaspace       used 36508K, capacity 37766K, committed 37888K, reserved 1083392K
  class space    used 4273K, capacity 4528K, committed 4608K, reserved 1048576K

