# JRE version: Java(TM) SE Runtime Environment (8.0_181-b13) (build 1.8.0_181-b13)
# Java VM: Java HotSpot(TM) 64-Bit Server VM (25.181-b13 mixed mode linux-amd64 compressed oops)
Heap:
 PSYoungGen      total 612864K, used 2950K [0x00000000d6900000, 0x0000000100000000, 0x0000000100000000)
  eden space 581632K, 0% used [0x00000000d6900000,0x00000000d6900000,0x00000000fa100000)
  from space 31232K, 9% used [0x00000000fa100000,0x00000000fa3e18d8,0x00000000fbf80000)
  to   space 50176K, 0% used [0x00000000fcf00000,0x00000000fcf00000,0x0000000100000000)
 ParOldGen       total 185856K, used 185697K [0x0000000083a00000, 0x000000008ef80000, 0x00000000d6900000)
  object space 185856K, 99% used [0x0000000083a00000,0x000000008ef58730,0x000000008ef80000)
 Metaspace       used 43295K, capacity 44170K, committed 44288K, reserved 1087488K
  class space    used 5585K, capacity 5803K, committed 5888K, reserved 1048576K
GC Heap History (10 events):
Event: 58.036 GC heap after
Heap after GC invocations=18 (full 2):
 PSYoungGen      total 620544K, used 11266K [0x00000000d6900000, 0x00000000fe900000, 0x0000000100000000)
  eden space 608768K, 0% used [0x00000000d6900000,0x00000000d6900000,0x00000000fbb80000)
  from space 11776K, 95% used [0x00000000fdd80000,0x00000000fe880a70,0x00000000fe900000)
  to   space 18432K, 0% used [0x00000000fc500000,0x00000000fc500000,0x00000000fd700000)
 ParOldGen       total 83968K, used 64526K [0x0000000083a00000, 0x0000000088c00000, 0x00000000d6900000)
  object space 83968K, 76% used [0x0000000083a00000,0x0000000087903b98,0x0000000088c00000)
 Metaspace       used 34313K, capacity 34682K, committed 34944K, reserved 1079296K
  class space    used 4286K, capacity 4399K, committed 4480K, reserved 1048576K
}
Event: 72.787 GC heap before
{Heap before GC invocations=19 (full 2):
 PSYoungGen      total 620544K, used 620034K [0x00000000d6900000, 0x00000000fe900000, 0x0000000100000000)
  eden space 608768K, 100% used [0x00000000d6900000,0x00000000fbb80000,0x00000000fbb80000)
  from space 11776K, 95% used [0x00000000fdd80000,0x00000000fe880a70,0x00000000fe900000)
  to   space 18432K, 0% used [0x00000000fc500000,0x00000000fc500000,0x00000000fd700000)
 ParOldGen       total 83968K, used 64526K [0x0000000083a00000, 0x0000000088c00000, 0x00000000d6900000)
  object space 83968K, 76% used [0x0000000083a00000,0x0000000087903b98,0x0000000088c00000)
 Metaspace       used 34550K, capacity 34950K, committed 35200K, reserved 1079296K
  class space    used 4288K, capacity 4399K, committed 4480K, reserved 1048576K
Event: 73.332 GC heap after
Heap after GC invocations=19 (full 2):
 PSYoungGen      total 636928K, used 18417K [0x00000000d6900000, 0x0000000100000000, 0x0000000100000000)
  eden space 618496K, 0% used [0x00000000d6900000,0x00000000d6900000,0x00000000fc500000)
  from space 18432K, 99% used [0x00000000fc500000,0x00000000fd6fc6a8,0x00000000fd700000)
  to   space 34816K, 0% used [0x00000000fde00000,0x00000000fde00000,0x0000000100000000)
 ParOldGen       total 102912K, used 102511K [0x0000000083a00000, 0x0000000089e80000, 0x00000000d6900000)
  object space 102912K, 99% used [0x0000000083a00000,0x0000000089e1be78,0x0000000089e80000)
 Metaspace       used 34550K, capacity 34950K, committed 35200K, reserved 1079296K
  class space    used 4288K, capacity 4399K, committed 4480K, reserved 1048576K
}
Event: 73.332 GC heap before
{Heap before GC invocations=20 (full 3):
 PSYoungGen      total 636928K, used 18417K [0x00000000d6900000, 0x0000000100000000, 0x0000000100000000)
  eden space 618496K, 0% used [0x00000000d6900000,0x00000000d6900000,0x00000000fc500000)
  from space 18432K, 99% used [0x00000000fc500000,0x00000000fd6fc6a8,0x00000000fd700000)
  to   space 34816K, 0% used [0x00000000fde00000,0x00000000fde00000,0x0000000100000000)
 ParOldGen       total 102912K, used 102511K [0x0000000083a00000, 0x0000000089e80000, 0x00000000d6900000)
  object space 102912K, 99% used [0x0000000083a00000,0x0000000089e1be78,0x0000000089e80000)
 Metaspace       used 34550K, capacity 34950K, committed 35200K, reserved 1079296K
  class space    used 4288K, capacity 4399K, committed 4480K, reserved 1048576K
Event: 77.423 GC heap after
Heap after GC invocations=20 (full 3):
 PSYoungGen      total 636928K, used 17362K [0x00000000d6900000, 0x0000000100000000, 0x0000000100000000)
  eden space 618496K, 0% used [0x00000000d6900000,0x00000000d6900000,0x00000000fc500000)
  from space 18432K, 94% used [0x00000000fc500000,0x00000000fd5f4a58,0x00000000fd700000)
  to   space 34816K, 0% used [0x00000000fde00000,0x00000000fde00000,0x0000000100000000)
 ParOldGen       total 185856K, used 102586K [0x0000000083a00000, 0x000000008ef80000, 0x00000000d6900000)
  object space 185856K, 55% used [0x0000000083a00000,0x0000000089e2ea40,0x000000008ef80000)
 Metaspace       used 34550K, capacity 34950K, committed 35200K, reserved 1079296K
  class space    used 4288K, capacity 4399K, committed 4480K, reserved 1048576K
}
Event: 87.941 GC heap before
{Heap before GC invocations=21 (full 3):
 PSYoungGen      total 636928K, used 635858K [0x00000000d6900000, 0x0000000100000000, 0x0000000100000000)
  eden space 618496K, 100% used [0x00000000d6900000,0x00000000fc500000,0x00000000fc500000)
  from space 18432K, 94% used [0x00000000fc500000,0x00000000fd5f4a58,0x00000000fd700000)
  to   space 34816K, 0% used [0x00000000fde00000,0x00000000fde00000,0x0000000100000000)
 ParOldGen       total 185856K, used 102586K [0x0000000083a00000, 0x000000008ef80000, 0x00000000d6900000)
  object space 185856K, 55% used [0x0000000083a00000,0x0000000089e2ea40,0x000000008ef80000)
 Metaspace       used 34585K, capacity 34950K, committed 35200K, reserved 1079296K
  class space    used 4290K, capacity 4399K, committed 4480K, reserved 1048576K
Event: 88.509 GC heap after
Heap after GC invocations=21 (full 3):
 PSYoungGen      total 616448K, used 34789K [0x00000000d6900000, 0x0000000100000000, 0x0000000100000000)
  eden space 581632K, 0% used [0x00000000d6900000,0x00000000d6900000,0x00000000fa100000)
  from space 34816K, 99% used [0x00000000fde00000,0x00000000ffff9408,0x0000000100000000)
  to   space 48640K, 0% used [0x00000000fa100000,0x00000000fa100000,0x00000000fd080000)
 ParOldGen       total 185856K, used 123741K [0x0000000083a00000, 0x000000008ef80000, 0x00000000d6900000)
  object space 185856K, 66% used [0x0000000083a00000,0x000000008b2d7718,0x000000008ef80000)
 Metaspace       used 34585K, capacity 34950K, committed 35200K, reserved 1079296K
  class space    used 4290K, capacity 4399K, committed 4480K, reserved 1048576K
}
Event: 108.852 GC heap before
{Heap before GC invocations=22 (full 3):
 PSYoungGen      total 616448K, used 616421K [0x00000000d6900000, 0x0000000100000000, 0x0000000100000000)
  eden space 581632K, 100% used [0x00000000d6900000,0x00000000fa100000,0x00000000fa100000)
  from space 34816K, 99% used [0x00000000fde00000,0x00000000ffff9408,0x0000000100000000)
  to   space 48640K, 0% used [0x00000000fa100000,0x00000000fa100000,0x00000000fd080000)
 ParOldGen       total 185856K, used 123741K [0x0000000083a00000, 0x000000008ef80000, 0x00000000d6900000)
  object space 185856K, 66% used [0x0000000083a00000,0x000000008b2d7718,0x000000008ef80000)
 Metaspace       used 43317K, capacity 44206K, committed 44288K, reserved 1087488K
  class space    used 5588K, capacity 5809K, committed 5888K, reserved 1048576K
Event: 109.709 GC heap after
Heap after GC invocations=22 (full 3):
 PSYoungGen      total 612864K, used 30806K [0x00000000d6900000, 0x0000000100000000, 0x0000000100000000)
  eden space 581632K, 0% used [0x00000000d6900000,0x00000000d6900000,0x00000000fa100000)
  from space 31232K, 98% used [0x00000000fa100000,0x00000000fbf159a0,0x00000000fbf80000)
  to   space 50176K, 0% used [0x00000000fcf00000,0x00000000fcf00000,0x0000000100000000)
 ParOldGen       total 185856K, used 158555K [0x0000000083a00000, 0x000000008ef80000, 0x00000000d6900000)
  object space 185856K, 85% used [0x0000000083a00000,0x000000008d4d6e88,0x000000008ef80000)
 Metaspace       used 43317K, capacity 44206K, committed 44288K, reserved 1087488K
  class space    used 5588K, capacity 5809K, committed 5888K, reserved 1048576K
}
Event: 109.709 GC heap before
{Heap before GC invocations=23 (full 4):
 PSYoungGen      total 612864K, used 30806K [0x00000000d6900000, 0x0000000100000000, 0x0000000100000000)
  eden space 581632K, 0% used [0x00000000d6900000,0x00000000d6900000,0x00000000fa100000)
  from space 31232K, 98% used [0x00000000fa100000,0x00000000fbf159a0,0x00000000fbf80000)
  to   space 50176K, 0% used [0x00000000fcf00000,0x00000000fcf00000,0x0000000100000000)
 ParOldGen       total 185856K, used 158555K [0x0000000083a00000, 0x000000008ef80000, 0x00000000d6900000)
  object space 185856K, 85% used [0x0000000083a00000,0x000000008d4d6e88,0x000000008ef80000)
 Metaspace       used 43317K, capacity 44206K, committed 44288K, reserved 1087488K
  class space    used 5588K, capacity 5809K, committed 5888K, reserved 1048576K

