# JRE version: Java(TM) SE Runtime Environment (8.0_181-b13) (build 1.8.0_181-b13)
# Java VM: Java HotSpot(TM) 64-Bit Server VM (25.181-b13 mixed mode linux-amd64 compressed oops)
Heap:
 PSYoungGen      total 524800K, used 257396K [0x00000000d6900000, 0x0000000100000000, 0x0000000100000000)
  eden space 414720K, 44% used [0x00000000d6900000,0x00000000e1c85828,0x00000000efe00000)
  from space 110080K, 66% used [0x00000000f9480000,0x00000000fdc577f0,0x0000000100000000)
  to   space 132096K, 0% used [0x00000000efe00000,0x00000000efe00000,0x00000000f7f00000)
 ParOldGen       total 264192K, used 204643K [0x0000000083a00000, 0x0000000093c00000, 0x00000000d6900000)
  object space 264192K, 77% used [0x0000000083a00000,0x00000000901d8ca8,0x0000000093c00000)
 Metaspace       used 29818K, capacity 30516K, committed 30592K, reserved 1077248K
  class space    used 3278K, capacity 3448K, committed 3456K, reserved 1048576K
GC Heap History (10 events):
Event: 72.226 GC heap before
{Heap before GC invocations=23 (full 3):
 PSYoungGen      total 568832K, used 568702K [0x00000000d6900000, 0x0000000100000000, 0x0000000100000000)
  eden space 512000K, 100% used [0x00000000d6900000,0x00000000f5d00000,0x00000000f5d00000)
  from space 56832K, 99% used [0x00000000f5d00000,0x00000000f945fa40,0x00000000f9480000)
  to   space 86528K, 0% used [0x00000000fab80000,0x00000000fab80000,0x0000000100000000)
 ParOldGen       total 264192K, used 142914K [0x0000000083a00000, 0x0000000093c00000, 0x00000000d6900000)
  object space 264192K, 54% used [0x0000000083a00000,0x000000008c590848,0x0000000093c00000)
 Metaspace       used 28216K, capacity 28702K, committed 28928K, reserved 1075200K
  class space    used 3164K, capacity 3319K, committed 3328K, reserved 1048576K
Event: 72.822 GC heap after
Heap after GC invocations=23 (full 3):
 PSYoungGen      total 585216K, used 56671K [0x00000000d6900000, 0x0000000100000000, 0x0000000100000000)
  eden space 498688K, 0% used [0x00000000d6900000,0x00000000d6900000,0x00000000f5000000)
  from space 86528K, 65% used [0x00000000fab80000,0x00000000fe2d7fc0,0x0000000100000000)
  to   space 90112K, 0% used [0x00000000f5000000,0x00000000f5000000,0x00000000fa800000)
 ParOldGen       total 264192K, used 142914K [0x0000000083a00000, 0x0000000093c00000, 0x00000000d6900000)
  object space 264192K, 54% used [0x0000000083a00000,0x000000008c590848,0x0000000093c00000)
 Metaspace       used 28216K, capacity 28702K, committed 28928K, reserved 1075200K
  class space    used 3164K, capacity 3319K, committed 3328K, reserved 1048576K
}
Event: 77.260 GC heap before
{Heap before GC invocations=24 (full 3):
 PSYoungGen      total 585216K, used 555359K [0x00000000d6900000, 0x0000000100000000, 0x0000000100000000)
  eden space 498688K, 100% used [0x00000000d6900000,0x00000000f5000000,0x00000000f5000000)
  from space 86528K, 65% used [0x00000000fab80000,0x00000000fe2d7fc0,0x0000000100000000)
  to   space 90112K, 0% used [0x00000000f5000000,0x00000000f5000000,0x00000000fa800000)
 ParOldGen       total 264192K, used 142914K [0x0000000083a00000, 0x0000000093c00000, 0x00000000d6900000)
  object space 264192K, 54% used [0x0000000083a00000,0x000000008c590848,0x0000000093c00000)
 Metaspace       used 28226K, capacity 28702K, committed 28928K, reserved 1075200K
  class space    used 3164K, capacity 3319K, committed 3328K, reserved 1048576K
Event: 77.741 GC heap after
Heap after GC invocations=24 (full 3):
 PSYoungGen      total 561664K, used 62778K [0x00000000d6900000, 0x0000000100000000, 0x0000000100000000)
  eden space 498688K, 0% used [0x00000000d6900000,0x00000000d6900000,0x00000000f5000000)
  from space 62976K, 99% used [0x00000000f5000000,0x00000000f8d4e940,0x00000000f8d80000)
  to   space 95232K, 0% used [0x00000000fa300000,0x00000000fa300000,0x0000000100000000)
 ParOldGen       total 264192K, used 155828K [0x0000000083a00000, 0x0000000093c00000, 0x00000000d6900000)
  object space 264192K, 58% used [0x0000000083a00000,0x000000008d22d0f0,0x0000000093c00000)
 Metaspace       used 28226K, capacity 28702K, committed 28928K, reserved 1075200K
  class space    used 3164K, capacity 3319K, committed 3328K, reserved 1048576K
}
Event: 83.627 GC heap before
{Heap before GC invocations=25 (full 3):
 PSYoungGen      total 561664K, used 561466K [0x00000000d6900000, 0x0000000100000000, 0x0000000100000000)
  eden space 498688K, 100% used [0x00000000d6900000,0x00000000f5000000,0x00000000f5000000)
  from space 62976K, 99% used [0x00000000f5000000,0x00000000f8d4e940,0x00000000f8d80000)
  to   space 95232K, 0% used [0x00000000fa300000,0x00000000fa300000,0x0000000100000000)
 ParOldGen       total 264192K, used 155828K [0x0000000083a00000, 0x0000000093c00000, 0x00000000d6900000)
  object space 264192K, 58% used [0x0000000083a00000,0x000000008d22d0f0,0x0000000093c00000)
 Metaspace       used 28235K, capacity 28766K, committed 28928K, reserved 1075200K
  class space    used 3165K, capacity 3319K, committed 3328K, reserved 1048576K
Event: 84.357 GC heap after
Heap after GC invocations=25 (full 3):
 PSYoungGen      total 553984K, used 92578K [0x00000000d6900000, 0x0000000100000000, 0x0000000100000000)
  eden space 458752K, 0% used [0x00000000d6900000,0x00000000d6900000,0x00000000f2900000)
  from space 95232K, 97% used [0x00000000fa300000,0x00000000ffd68898,0x0000000100000000)
  to   space 110080K, 0% used [0x00000000f2900000,0x00000000f2900000,0x00000000f9480000)
 ParOldGen       total 264192K, used 157729K [0x0000000083a00000, 0x0000000093c00000, 0x00000000d6900000)
  object space 264192K, 59% used [0x0000000083a00000,0x000000008d408490,0x0000000093c00000)
 Metaspace       used 28235K, capacity 28766K, committed 28928K, reserved 1075200K
  class space    used 3165K, capacity 3319K, committed 3328K, reserved 1048576K
}
Event: 91.273 GC heap before
{Heap before GC invocations=26 (full 3):
 PSYoungGen      total 553984K, used 551330K [0x00000000d6900000, 0x0000000100000000, 0x0000000100000000)
  eden space 458752K, 100% used [0x00000000d6900000,0x00000000f2900000,0x00000000f2900000)
  from space 95232K, 97% used [0x00000000fa300000,0x00000000ffd68898,0x0000000100000000)
  to   space 110080K, 0% used [0x00000000f2900000,0x00000000f2900000,0x00000000f9480000)
 ParOldGen       total 264192K, used 157729K [0x0000000083a00000, 0x0000000093c00000, 0x00000000d6900000)
  object space 264192K, 59% used [0x0000000083a00000,0x000000008d408490,0x0000000093c00000)
 Metaspace       used 29224K, capacity 29814K, committed 30080K, reserved 1075200K
  class space    used 3251K, capacity 3409K, committed 3456K, reserved 1048576K
Event: 92.425 GC heap after
Heap after GC invocations=26 (full 3):
 PSYoungGen      total 568832K, used 110073K [0x00000000d6900000, 0x0000000100000000, 0x0000000100000000)
  eden space 458752K, 0% used [0x00000000d6900000,0x00000000d6900000,0x00000000f2900000)
  from space 110080K, 99% used [0x00000000f2900000,0x00000000f947e530,0x00000000f9480000)
  to   space 110080K, 0% used [0x00000000f9480000,0x00000000f9480000,0x0000000100000000)
 ParOldGen       total 264192K, used 166436K [0x0000000083a00000, 0x0000000093c00000, 0x00000000d6900000)
  object space 264192K, 62% used [0x0000000083a00000,0x000000008dc890c8,0x0000000093c00000)
 Metaspace       used 29224K, capacity 29814K, committed 30080K, reserved 1075200K
  class space    used 3251K, capacity 3409K, committed 3456K, reserved 1048576K
}
Event: 97.149 GC heap before
{Heap before GC invocations=27 (full 3):
 PSYoungGen      total 568832K, used 568825K [0x00000000d6900000, 0x0000000100000000, 0x0000000100000000)
  eden space 458752K, 100% used [0x00000000d6900000,0x00000000f2900000,0x00000000f2900000)
  from space 110080K, 99% used [0x00000000f2900000,0x00000000f947e530,0x00000000f9480000)
  to   space 110080K, 0% used [0x00000000f9480000,0x00000000f9480000,0x0000000100000000)
 ParOldGen       total 264192K, used 166436K [0x0000000083a00000, 0x0000000093c00000, 0x00000000d6900000)
  object space 264192K, 62% used [0x0000000083a00000,0x000000008dc890c8,0x0000000093c00000)
 Metaspace       used 29759K, capacity 30446K, committed 30592K, reserved 1077248K
  class space    used 3277K, capacity 3447K, committed 3456K, reserved 1048576K
Event: 98.418 GC heap after
Heap after GC invocations=27 (full 3):
 PSYoungGen      total 524800K, used 73565K [0x00000000d6900000, 0x0000000100000000, 0x0000000100000000)
  eden space 414720K, 0% used [0x00000000d6900000,0x00000000d6900000,0x00000000efe00000)
  from space 110080K, 66% used [0x00000000f9480000,0x00000000fdc577f0,0x0000000100000000)
  to   space 132096K, 0% used [0x00000000efe00000,0x00000000efe00000,0x00000000f7f00000)
 ParOldGen       total 264192K, used 204643K [0x0000000083a00000, 0x0000000093c00000, 0x00000000d6900000)
  object space 264192K, 77% used [0x0000000083a00000,0x00000000901d8ca8,0x0000000093c00000)
 Metaspace       used 29759K, capacity 30446K, committed 30592K, reserved 1077248K
  class space    used 3277K, capacity 3447K, committed 3456K, reserved 1048576K
}

