# JRE version: Java(TM) SE Runtime Environment (8.0_181-b13) (build 1.8.0_181-b13)
# Java VM: Java HotSpot(TM) 64-Bit Server VM (25.181-b13 mixed mode linux-amd64 compressed oops)
Heap:
 PSYoungGen      total 331776K, used 11760K [0x00000000d6900000, 0x00000000f0280000, 0x0000000100000000)
  eden space 320000K, 0% used [0x00000000d6900000,0x00000000d6900000,0x00000000ea180000)
  from space 11776K, 99% used [0x00000000ea180000,0x00000000eacfc090,0x00000000ead00000)
  to   space 11264K, 0% used [0x00000000ead00000,0x00000000ead00000,0x00000000eb800000)
 ParOldGen       total 91136K, used 90797K [0x0000000083a00000, 0x0000000089300000, 0x00000000d6900000)
  object space 91136K, 99% used [0x0000000083a00000,0x00000000892ab788,0x0000000089300000)
 Metaspace       used 14832K, capacity 15309K, committed 15360K, reserved 1062912K
  class space    used 1598K, capacity 1748K, committed 1792K, reserved 1048576K
GC Heap History (10 events):
Event: 51.986 GC heap after
Heap after GC invocations=9 (full 1):
 PSYoungGen      total 133632K, used 8432K [0x00000000d6900000, 0x00000000df700000, 0x0000000100000000)
  eden space 124928K, 0% used [0x00000000d6900000,0x00000000d6900000,0x00000000de300000)
  from space 8704K, 96% used [0x00000000dec80000,0x00000000df4bc0b0,0x00000000df500000)
  to   space 9728K, 0% used [0x00000000de300000,0x00000000de300000,0x00000000dec80000)
 ParOldGen       total 86016K, used 9831K [0x0000000083a00000, 0x0000000088e00000, 0x00000000d6900000)
  object space 86016K, 11% used [0x0000000083a00000,0x0000000084399e00,0x0000000088e00000)
 Metaspace       used 13714K, capacity 14066K, committed 14336K, reserved 1062912K
  class space    used 1570K, capacity 1663K, committed 1792K, reserved 1048576K
}
Event: 54.512 GC heap before
{Heap before GC invocations=10 (full 1):
 PSYoungGen      total 133632K, used 133360K [0x00000000d6900000, 0x00000000df700000, 0x0000000100000000)
  eden space 124928K, 100% used [0x00000000d6900000,0x00000000de300000,0x00000000de300000)
  from space 8704K, 96% used [0x00000000dec80000,0x00000000df4bc0b0,0x00000000df500000)
  to   space 9728K, 0% used [0x00000000de300000,0x00000000de300000,0x00000000dec80000)
 ParOldGen       total 86016K, used 9831K [0x0000000083a00000, 0x0000000088e00000, 0x00000000d6900000)
  object space 86016K, 11% used [0x0000000083a00000,0x0000000084399e00,0x0000000088e00000)
 Metaspace       used 13726K, capacity 14066K, committed 14336K, reserved 1062912K
  class space    used 1570K, capacity 1663K, committed 1792K, reserved 1048576K
Event: 54.540 GC heap after
Heap after GC invocations=10 (full 1):
 PSYoungGen      total 134656K, used 9584K [0x00000000d6900000, 0x00000000e7200000, 0x0000000100000000)
  eden space 124928K, 0% used [0x00000000d6900000,0x00000000d6900000,0x00000000de300000)
  from space 9728K, 98% used [0x00000000de300000,0x00000000dec5c0b0,0x00000000dec80000)
  to   space 10752K, 0% used [0x00000000e6780000,0x00000000e6780000,0x00000000e7200000)
 ParOldGen       total 86016K, used 11179K [0x0000000083a00000, 0x0000000088e00000, 0x00000000d6900000)
  object space 86016K, 12% used [0x0000000083a00000,0x00000000844eae10,0x0000000088e00000)
 Metaspace       used 13726K, capacity 14066K, committed 14336K, reserved 1062912K
  class space    used 1570K, capacity 1663K, committed 1792K, reserved 1048576K
}
Event: 55.787 GC heap before
{Heap before GC invocations=11 (full 1):
 PSYoungGen      total 134656K, used 134512K [0x00000000d6900000, 0x00000000e7200000, 0x0000000100000000)
  eden space 124928K, 100% used [0x00000000d6900000,0x00000000de300000,0x00000000de300000)
  from space 9728K, 98% used [0x00000000de300000,0x00000000dec5c0b0,0x00000000dec80000)
  to   space 10752K, 0% used [0x00000000e6780000,0x00000000e6780000,0x00000000e7200000)
 ParOldGen       total 86016K, used 11179K [0x0000000083a00000, 0x0000000088e00000, 0x00000000d6900000)
  object space 86016K, 12% used [0x0000000083a00000,0x00000000844eae10,0x0000000088e00000)
 Metaspace       used 13771K, capacity 14066K, committed 14336K, reserved 1062912K
  class space    used 1570K, capacity 1663K, committed 1792K, reserved 1048576K
Event: 55.887 GC heap after
Heap after GC invocations=11 (full 1):
 PSYoungGen      total 209408K, used 8800K [0x00000000d6900000, 0x00000000e7080000, 0x0000000100000000)
  eden space 200192K, 0% used [0x00000000d6900000,0x00000000d6900000,0x00000000e2c80000)
  from space 9216K, 95% used [0x00000000e6780000,0x00000000e70180c0,0x00000000e7080000)
  to   space 11264K, 0% used [0x00000000e5a80000,0x00000000e5a80000,0x00000000e6580000)
 ParOldGen       total 86016K, used 15867K [0x0000000083a00000, 0x0000000088e00000, 0x00000000d6900000)
  object space 86016K, 18% used [0x0000000083a00000,0x000000008497ee10,0x0000000088e00000)
 Metaspace       used 13771K, capacity 14066K, committed 14336K, reserved 1062912K
  class space    used 1570K, capacity 1663K, committed 1792K, reserved 1048576K
}
Event: 58.026 GC heap before
{Heap before GC invocations=12 (full 1):
 PSYoungGen      total 209408K, used 208992K [0x00000000d6900000, 0x00000000e7080000, 0x0000000100000000)
  eden space 200192K, 100% used [0x00000000d6900000,0x00000000e2c80000,0x00000000e2c80000)
  from space 9216K, 95% used [0x00000000e6780000,0x00000000e70180c0,0x00000000e7080000)
  to   space 11264K, 0% used [0x00000000e5a80000,0x00000000e5a80000,0x00000000e6580000)
 ParOldGen       total 86016K, used 15867K [0x0000000083a00000, 0x0000000088e00000, 0x00000000d6900000)
  object space 86016K, 18% used [0x0000000083a00000,0x000000008497ee10,0x0000000088e00000)
 Metaspace       used 13785K, capacity 14130K, committed 14336K, reserved 1062912K
  class space    used 1570K, capacity 1663K, committed 1792K, reserved 1048576K
Event: 58.069 GC heap after
Heap after GC invocations=12 (full 1):
 PSYoungGen      total 258560K, used 8752K [0x00000000d6900000, 0x00000000eb800000, 0x0000000100000000)
  eden space 247296K, 0% used [0x00000000d6900000,0x00000000d6900000,0x00000000e5a80000)
  from space 11264K, 77% used [0x00000000e5a80000,0x00000000e630c130,0x00000000e6580000)
  to   space 11264K, 0% used [0x00000000ead00000,0x00000000ead00000,0x00000000eb800000)
 ParOldGen       total 86016K, used 20548K [0x0000000083a00000, 0x0000000088e00000, 0x00000000d6900000)
  object space 86016K, 23% used [0x0000000083a00000,0x0000000084e11270,0x0000000088e00000)
 Metaspace       used 13785K, capacity 14130K, committed 14336K, reserved 1062912K
  class space    used 1570K, capacity 1663K, committed 1792K, reserved 1048576K
}
Event: 60.128 GC heap before
{Heap before GC invocations=13 (full 1):
 PSYoungGen      total 258560K, used 256048K [0x00000000d6900000, 0x00000000eb800000, 0x0000000100000000)
  eden space 247296K, 100% used [0x00000000d6900000,0x00000000e5a80000,0x00000000e5a80000)
  from space 11264K, 77% used [0x00000000e5a80000,0x00000000e630c130,0x00000000e6580000)
  to   space 11264K, 0% used [0x00000000ead00000,0x00000000ead00000,0x00000000eb800000)
 ParOldGen       total 86016K, used 20548K [0x0000000083a00000, 0x0000000088e00000, 0x00000000d6900000)
  object space 86016K, 23% used [0x0000000083a00000,0x0000000084e11270,0x0000000088e00000)
 Metaspace       used 13808K, capacity 14194K, committed 14336K, reserved 1062912K
  class space    used 1570K, capacity 1663K, committed 1792K, reserved 1048576K
Event: 60.212 GC heap after
Heap after GC invocations=13 (full 1):
 PSYoungGen      total 331264K, used 8544K [0x00000000d6900000, 0x00000000f0280000, 0x0000000100000000)
  eden space 320000K, 0% used [0x00000000d6900000,0x00000000d6900000,0x00000000ea180000)
  from space 11264K, 75% used [0x00000000ead00000,0x00000000eb558030,0x00000000eb800000)
  to   space 11776K, 0% used [0x00000000ea180000,0x00000000ea180000,0x00000000ead00000)
 ParOldGen       total 86016K, used 28880K [0x0000000083a00000, 0x0000000088e00000, 0x00000000d6900000)
  object space 86016K, 33% used [0x0000000083a00000,0x0000000085634310,0x0000000088e00000)
 Metaspace       used 13808K, capacity 14194K, committed 14336K, reserved 1062912K
  class space    used 1570K, capacity 1663K, committed 1792K, reserved 1048576K
}
Event: 172.757 GC heap before
{Heap before GC invocations=14 (full 1):
 PSYoungGen      total 331264K, used 327737K [0x00000000d6900000, 0x00000000f0280000, 0x0000000100000000)
  eden space 320000K, 99% used [0x00000000d6900000,0x00000000ea0b6680,0x00000000ea180000)
  from space 11264K, 75% used [0x00000000ead00000,0x00000000eb558030,0x00000000eb800000)
  to   space 11776K, 0% used [0x00000000ea180000,0x00000000ea180000,0x00000000ead00000)
 ParOldGen       total 86016K, used 28880K [0x0000000083a00000, 0x0000000088e00000, 0x00000000d6900000)
  object space 86016K, 33% used [0x0000000083a00000,0x0000000085634310,0x0000000088e00000)
 Metaspace       used 14832K, capacity 15309K, committed 15360K, reserved 1062912K
  class space    used 1598K, capacity 1748K, committed 1792K, reserved 1048576K

