# JRE version: Java(TM) SE Runtime Environment (8.0_181-b13) (build 1.8.0_181-b13)
# Java VM: Java HotSpot(TM) 64-Bit Server VM (25.181-b13 mixed mode linux-amd64 compressed oops)
Heap:
 PSYoungGen      total 207872K, used 15860K [0x00000000d6900000, 0x00000000e6800000, 0x0000000100000000)
  eden space 192000K, 0% used [0x00000000d6900000,0x00000000d6900000,0x00000000e2480000)
  from space 15872K, 99% used [0x00000000e4900000,0x00000000e587d3f8,0x00000000e5880000)
  to   space 10752K, 0% used [0x00000000e5d80000,0x00000000e5d80000,0x00000000e6800000)
 ParOldGen       total 96768K, used 96377K [0x0000000083a00000, 0x0000000089880000, 0x00000000d6900000)
  object space 96768K, 99% used [0x0000000083a00000,0x000000008981e788,0x0000000089880000)
 Metaspace       used 16870K, capacity 17380K, committed 17664K, reserved 1064960K
  class space    used 1840K, capacity 2008K, committed 2048K, reserved 1048576K
GC Heap History (10 events):
Event: 112.396 GC heap after
Heap after GC invocations=7 (full 1):
 PSYoungGen      total 65024K, used 5118K [0x00000000d6900000, 0x00000000dbe00000, 0x0000000100000000)
  eden space 59904K, 0% used [0x00000000d6900000,0x00000000d6900000,0x00000000da380000)
  from space 5120K, 99% used [0x00000000dae00000,0x00000000db2ffad8,0x00000000db300000)
  to   space 10752K, 0% used [0x00000000da380000,0x00000000da380000,0x00000000dae00000)
 ParOldGen       total 86016K, used 15882K [0x0000000083a00000, 0x0000000088e00000, 0x00000000d6900000)
  object space 86016K, 18% used [0x0000000083a00000,0x00000000849829b8,0x0000000088e00000)
 Metaspace       used 14900K, capacity 15372K, committed 15488K, reserved 1062912K
  class space    used 1676K, capacity 1828K, committed 1920K, reserved 1048576K
}
Event: 112.699 GC heap before
{Heap before GC invocations=8 (full 1):
 PSYoungGen      total 65024K, used 65022K [0x00000000d6900000, 0x00000000dbe00000, 0x0000000100000000)
  eden space 59904K, 100% used [0x00000000d6900000,0x00000000da380000,0x00000000da380000)
  from space 5120K, 99% used [0x00000000dae00000,0x00000000db2ffad8,0x00000000db300000)
  to   space 10752K, 0% used [0x00000000da380000,0x00000000da380000,0x00000000dae00000)
 ParOldGen       total 86016K, used 15882K [0x0000000083a00000, 0x0000000088e00000, 0x00000000d6900000)
  object space 86016K, 18% used [0x0000000083a00000,0x00000000849829b8,0x0000000088e00000)
 Metaspace       used 14914K, capacity 15436K, committed 15744K, reserved 1062912K
  class space    used 1676K, capacity 1828K, committed 1920K, reserved 1048576K
Event: 112.724 GC heap after
Heap after GC invocations=8 (full 1):
 PSYoungGen      total 70656K, used 5774K [0x00000000d6900000, 0x00000000df300000, 0x0000000100000000)
  eden space 59904K, 0% used [0x00000000d6900000,0x00000000d6900000,0x00000000da380000)
  from space 10752K, 53% used [0x00000000da380000,0x00000000da923ae8,0x00000000dae00000)
  to   space 10752K, 0% used [0x00000000de880000,0x00000000de880000,0x00000000df300000)
 ParOldGen       total 86016K, used 15882K [0x0000000083a00000, 0x0000000088e00000, 0x00000000d6900000)
  object space 86016K, 18% used [0x0000000083a00000,0x00000000849829b8,0x0000000088e00000)
 Metaspace       used 14914K, capacity 15436K, committed 15744K, reserved 1062912K
  class space    used 1676K, capacity 1828K, committed 1920K, reserved 1048576K
}
Event: 113.068 GC heap before
{Heap before GC invocations=9 (full 1):
 PSYoungGen      total 70656K, used 65678K [0x00000000d6900000, 0x00000000df300000, 0x0000000100000000)
  eden space 59904K, 100% used [0x00000000d6900000,0x00000000da380000,0x00000000da380000)
  from space 10752K, 53% used [0x00000000da380000,0x00000000da923ae8,0x00000000dae00000)
  to   space 10752K, 0% used [0x00000000de880000,0x00000000de880000,0x00000000df300000)
 ParOldGen       total 86016K, used 15882K [0x0000000083a00000, 0x0000000088e00000, 0x00000000d6900000)
  object space 86016K, 18% used [0x0000000083a00000,0x00000000849829b8,0x0000000088e00000)
 Metaspace       used 14957K, capacity 15436K, committed 15744K, reserved 1062912K
  class space    used 1676K, capacity 1828K, committed 1920K, reserved 1048576K
Event: 113.108 GC heap after
Heap after GC invocations=9 (full 1):
 PSYoungGen      total 130560K, used 4494K [0x00000000d6900000, 0x00000000df300000, 0x0000000100000000)
  eden space 119808K, 0% used [0x00000000d6900000,0x00000000d6900000,0x00000000dde00000)
  from space 10752K, 41% used [0x00000000de880000,0x00000000dece3b38,0x00000000df300000)
  to   space 10752K, 0% used [0x00000000dde00000,0x00000000dde00000,0x00000000de880000)
 ParOldGen       total 86016K, used 19178K [0x0000000083a00000, 0x0000000088e00000, 0x00000000d6900000)
  object space 86016K, 22% used [0x0000000083a00000,0x0000000084cba920,0x0000000088e00000)
 Metaspace       used 14957K, capacity 15436K, committed 15744K, reserved 1062912K
  class space    used 1676K, capacity 1828K, committed 1920K, reserved 1048576K
}
Event: 114.334 GC heap before
{Heap before GC invocations=10 (full 1):
 PSYoungGen      total 130560K, used 124302K [0x00000000d6900000, 0x00000000df300000, 0x0000000100000000)
  eden space 119808K, 100% used [0x00000000d6900000,0x00000000dde00000,0x00000000dde00000)
  from space 10752K, 41% used [0x00000000de880000,0x00000000dece3b38,0x00000000df300000)
  to   space 10752K, 0% used [0x00000000dde00000,0x00000000dde00000,0x00000000de880000)
 ParOldGen       total 86016K, used 19178K [0x0000000083a00000, 0x0000000088e00000, 0x00000000d6900000)
  object space 86016K, 22% used [0x0000000083a00000,0x0000000084cba920,0x0000000088e00000)
 Metaspace       used 15014K, capacity 15500K, committed 15744K, reserved 1062912K
  class space    used 1676K, capacity 1828K, committed 1920K, reserved 1048576K
Event: 114.398 GC heap after
Heap after GC invocations=10 (full 1):
 PSYoungGen      total 130560K, used 7928K [0x00000000d6900000, 0x00000000e6800000, 0x0000000100000000)
  eden space 119808K, 0% used [0x00000000d6900000,0x00000000d6900000,0x00000000dde00000)
  from space 10752K, 73% used [0x00000000dde00000,0x00000000de5be248,0x00000000de880000)
  to   space 10752K, 0% used [0x00000000e5d80000,0x00000000e5d80000,0x00000000e6800000)
 ParOldGen       total 86016K, used 20725K [0x0000000083a00000, 0x0000000088e00000, 0x00000000d6900000)
  object space 86016K, 24% used [0x0000000083a00000,0x0000000084e3d428,0x0000000088e00000)
 Metaspace       used 15014K, capacity 15500K, committed 15744K, reserved 1062912K
  class space    used 1676K, capacity 1828K, committed 1920K, reserved 1048576K
}
Event: 117.773 GC heap before
{Heap before GC invocations=11 (full 1):
 PSYoungGen      total 130560K, used 127736K [0x00000000d6900000, 0x00000000e6800000, 0x0000000100000000)
  eden space 119808K, 100% used [0x00000000d6900000,0x00000000dde00000,0x00000000dde00000)
  from space 10752K, 73% used [0x00000000dde00000,0x00000000de5be248,0x00000000de880000)
  to   space 10752K, 0% used [0x00000000e5d80000,0x00000000e5d80000,0x00000000e6800000)
 ParOldGen       total 86016K, used 20725K [0x0000000083a00000, 0x0000000088e00000, 0x00000000d6900000)
  object space 86016K, 24% used [0x0000000083a00000,0x0000000084e3d428,0x0000000088e00000)
 Metaspace       used 16188K, capacity 16670K, committed 16896K, reserved 1064960K
  class space    used 1775K, capacity 1933K, committed 2048K, reserved 1048576K
Event: 117.964 GC heap after
Heap after GC invocations=11 (full 1):
 PSYoungGen      total 202752K, used 10749K [0x00000000d6900000, 0x00000000e6800000, 0x0000000100000000)
  eden space 192000K, 0% used [0x00000000d6900000,0x00000000d6900000,0x00000000e2480000)
  from space 10752K, 99% used [0x00000000e5d80000,0x00000000e67ff710,0x00000000e6800000)
  to   space 15872K, 0% used [0x00000000e4900000,0x00000000e4900000,0x00000000e5880000)
 ParOldGen       total 86016K, used 31847K [0x0000000083a00000, 0x0000000088e00000, 0x00000000d6900000)
  object space 86016K, 37% used [0x0000000083a00000,0x0000000085919e98,0x0000000088e00000)
 Metaspace       used 16188K, capacity 16670K, committed 16896K, reserved 1064960K
  class space    used 1775K, capacity 1933K, committed 2048K, reserved 1048576K
}
Event: 124.847 GC heap before
{Heap before GC invocations=12 (full 1):
 PSYoungGen      total 202752K, used 202749K [0x00000000d6900000, 0x00000000e6800000, 0x0000000100000000)
  eden space 192000K, 100% used [0x00000000d6900000,0x00000000e2480000,0x00000000e2480000)
  from space 10752K, 99% used [0x00000000e5d80000,0x00000000e67ff710,0x00000000e6800000)
  to   space 15872K, 0% used [0x00000000e4900000,0x00000000e4900000,0x00000000e5880000)
 ParOldGen       total 86016K, used 31847K [0x0000000083a00000, 0x0000000088e00000, 0x00000000d6900000)
  object space 86016K, 37% used [0x0000000083a00000,0x0000000085919e98,0x0000000088e00000)
 Metaspace       used 16870K, capacity 17380K, committed 17664K, reserved 1064960K
  class space    used 1840K, capacity 2008K, committed 2048K, reserved 1048576K

