# JRE version: Java(TM) SE Runtime Environment (8.0_181-b13) (build 1.8.0_181-b13)
# Java VM: Java HotSpot(TM) 64-Bit Server VM (25.181-b13 mixed mode linux-amd64 compressed oops)
Heap:
 PSYoungGen      total 137216K, used 11761K [0x00000000d6900000, 0x00000000e7500000, 0x0000000100000000)
  eden space 125440K, 0% used [0x00000000d6900000,0x00000000d6900000,0x00000000de380000)
  from space 11776K, 99% used [0x00000000e6980000,0x00000000e74fc468,0x00000000e7500000)
  to   space 10752K, 0% used [0x00000000de380000,0x00000000de380000,0x00000000dee00000)
 ParOldGen       total 86016K, used 36063K [0x0000000083a00000, 0x0000000088e00000, 0x00000000d6900000)
  object space 86016K, 41% used [0x0000000083a00000,0x0000000085d37df0,0x0000000088e00000)
 Metaspace       used 16543K, capacity 17034K, committed 17152K, reserved 1064960K
  class space    used 1807K, capacity 1969K, committed 2048K, reserved 1048576K
GC Heap History (10 events):
Event: 108.519 GC heap after
Heap after GC invocations=4 (full 1):
 PSYoungGen      total 70656K, used 5118K [0x00000000d6900000, 0x00000000db300000, 0x0000000100000000)
  eden space 65536K, 0% used [0x00000000d6900000,0x00000000d6900000,0x00000000da900000)
  from space 5120K, 99% used [0x00000000da900000,0x00000000dadffaf8,0x00000000dae00000)
  to   space 5120K, 0% used [0x00000000dae00000,0x00000000dae00000,0x00000000db300000)
 ParOldGen       total 86016K, used 13956K [0x0000000083a00000, 0x0000000088e00000, 0x00000000d6900000)
  object space 86016K, 16% used [0x0000000083a00000,0x00000000847a13f0,0x0000000088e00000)
 Metaspace       used 14338K, capacity 14814K, committed 15104K, reserved 1062912K
  class space    used 1634K, capacity 1785K, committed 1792K, reserved 1048576K
}
Event: 108.824 GC heap before
{Heap before GC invocations=5 (full 1):
 PSYoungGen      total 70656K, used 70654K [0x00000000d6900000, 0x00000000db300000, 0x0000000100000000)
  eden space 65536K, 100% used [0x00000000d6900000,0x00000000da900000,0x00000000da900000)
  from space 5120K, 99% used [0x00000000da900000,0x00000000dadffaf8,0x00000000dae00000)
  to   space 5120K, 0% used [0x00000000dae00000,0x00000000dae00000,0x00000000db300000)
 ParOldGen       total 86016K, used 13956K [0x0000000083a00000, 0x0000000088e00000, 0x00000000d6900000)
  object space 86016K, 16% used [0x0000000083a00000,0x00000000847a13f0,0x0000000088e00000)
 Metaspace       used 14355K, capacity 14814K, committed 15104K, reserved 1062912K
  class space    used 1634K, capacity 1785K, committed 1792K, reserved 1048576K
Event: 108.837 GC heap after
Heap after GC invocations=5 (full 1):
 PSYoungGen      total 70656K, used 5103K [0x00000000d6900000, 0x00000000df300000, 0x0000000100000000)
  eden space 65536K, 0% used [0x00000000d6900000,0x00000000d6900000,0x00000000da900000)
  from space 5120K, 99% used [0x00000000dae00000,0x00000000db2fbd80,0x00000000db300000)
  to   space 5120K, 0% used [0x00000000da900000,0x00000000da900000,0x00000000dae00000)
 ParOldGen       total 86016K, used 14308K [0x0000000083a00000, 0x0000000088e00000, 0x00000000d6900000)
  object space 86016K, 16% used [0x0000000083a00000,0x00000000847f9188,0x0000000088e00000)
 Metaspace       used 14355K, capacity 14814K, committed 15104K, reserved 1062912K
  class space    used 1634K, capacity 1785K, committed 1792K, reserved 1048576K
}
Event: 109.525 GC heap before
{Heap before GC invocations=6 (full 1):
 PSYoungGen      total 70656K, used 70639K [0x00000000d6900000, 0x00000000df300000, 0x0000000100000000)
  eden space 65536K, 100% used [0x00000000d6900000,0x00000000da900000,0x00000000da900000)
  from space 5120K, 99% used [0x00000000dae00000,0x00000000db2fbd80,0x00000000db300000)
  to   space 5120K, 0% used [0x00000000da900000,0x00000000da900000,0x00000000dae00000)
 ParOldGen       total 86016K, used 14308K [0x0000000083a00000, 0x0000000088e00000, 0x00000000d6900000)
  object space 86016K, 16% used [0x0000000083a00000,0x00000000847f9188,0x0000000088e00000)
 Metaspace       used 14400K, capacity 14878K, committed 15104K, reserved 1062912K
  class space    used 1634K, capacity 1785K, committed 1792K, reserved 1048576K
Event: 109.541 GC heap after
Heap after GC invocations=6 (full 1):
 PSYoungGen      total 70656K, used 5120K [0x00000000d6900000, 0x00000000df300000, 0x0000000100000000)
  eden space 65536K, 0% used [0x00000000d6900000,0x00000000d6900000,0x00000000da900000)
  from space 5120K, 100% used [0x00000000da900000,0x00000000dae00000,0x00000000dae00000)
  to   space 5120K, 0% used [0x00000000dee00000,0x00000000dee00000,0x00000000df300000)
 ParOldGen       total 86016K, used 15532K [0x0000000083a00000, 0x0000000088e00000, 0x00000000d6900000)
  object space 86016K, 18% used [0x0000000083a00000,0x000000008492b288,0x0000000088e00000)
 Metaspace       used 14400K, capacity 14878K, committed 15104K, reserved 1062912K
  class space    used 1634K, capacity 1785K, committed 1792K, reserved 1048576K
}
Event: 110.285 GC heap before
{Heap before GC invocations=7 (full 1):
 PSYoungGen      total 70656K, used 70656K [0x00000000d6900000, 0x00000000df300000, 0x0000000100000000)
  eden space 65536K, 100% used [0x00000000d6900000,0x00000000da900000,0x00000000da900000)
  from space 5120K, 100% used [0x00000000da900000,0x00000000dae00000,0x00000000dae00000)
  to   space 5120K, 0% used [0x00000000dee00000,0x00000000dee00000,0x00000000df300000)
 ParOldGen       total 86016K, used 15532K [0x0000000083a00000, 0x0000000088e00000, 0x00000000d6900000)
  object space 86016K, 18% used [0x0000000083a00000,0x000000008492b288,0x0000000088e00000)
 Metaspace       used 14460K, capacity 14942K, committed 15104K, reserved 1062912K
  class space    used 1634K, capacity 1785K, committed 1792K, reserved 1048576K
Event: 110.329 GC heap after
Heap after GC invocations=7 (full 1):
 PSYoungGen      total 130560K, used 5120K [0x00000000d6900000, 0x00000000dfe00000, 0x0000000100000000)
  eden space 125440K, 0% used [0x00000000d6900000,0x00000000d6900000,0x00000000de380000)
  from space 5120K, 100% used [0x00000000dee00000,0x00000000df300000,0x00000000df300000)
  to   space 10752K, 0% used [0x00000000de380000,0x00000000de380000,0x00000000dee00000)
 ParOldGen       total 86016K, used 18278K [0x0000000083a00000, 0x0000000088e00000, 0x00000000d6900000)
  object space 86016K, 21% used [0x0000000083a00000,0x0000000084bd9920,0x0000000088e00000)
 Metaspace       used 14460K, capacity 14942K, committed 15104K, reserved 1062912K
  class space    used 1634K, capacity 1785K, committed 1792K, reserved 1048576K
}
Event: 112.003 GC heap before
{Heap before GC invocations=8 (full 1):
 PSYoungGen      total 130560K, used 130560K [0x00000000d6900000, 0x00000000dfe00000, 0x0000000100000000)
  eden space 125440K, 100% used [0x00000000d6900000,0x00000000de380000,0x00000000de380000)
  from space 5120K, 100% used [0x00000000dee00000,0x00000000df300000,0x00000000df300000)
  to   space 10752K, 0% used [0x00000000de380000,0x00000000de380000,0x00000000dee00000)
 ParOldGen       total 86016K, used 18278K [0x0000000083a00000, 0x0000000088e00000, 0x00000000d6900000)
  object space 86016K, 21% used [0x0000000083a00000,0x0000000084bd9920,0x0000000088e00000)
 Metaspace       used 14526K, capacity 15006K, committed 15104K, reserved 1062912K
  class space    used 1634K, capacity 1785K, committed 1792K, reserved 1048576K
Event: 112.042 GC heap after
Heap after GC invocations=8 (full 1):
 PSYoungGen      total 136192K, used 10152K [0x00000000d6900000, 0x00000000e7500000, 0x0000000100000000)
  eden space 125440K, 0% used [0x00000000d6900000,0x00000000d6900000,0x00000000de380000)
  from space 10752K, 94% used [0x00000000de380000,0x00000000ded6a1c8,0x00000000dee00000)
  to   space 11776K, 0% used [0x00000000e6980000,0x00000000e6980000,0x00000000e7500000)
 ParOldGen       total 86016K, used 18278K [0x0000000083a00000, 0x0000000088e00000, 0x00000000d6900000)
  object space 86016K, 21% used [0x0000000083a00000,0x0000000084bd9920,0x0000000088e00000)
 Metaspace       used 14526K, capacity 15006K, committed 15104K, reserved 1062912K
  class space    used 1634K, capacity 1785K, committed 1792K, reserved 1048576K
}
Event: 118.256 GC heap before
{Heap before GC invocations=9 (full 1):
 PSYoungGen      total 136192K, used 135592K [0x00000000d6900000, 0x00000000e7500000, 0x0000000100000000)
  eden space 125440K, 100% used [0x00000000d6900000,0x00000000de380000,0x00000000de380000)
  from space 10752K, 94% used [0x00000000de380000,0x00000000ded6a1c8,0x00000000dee00000)
  to   space 11776K, 0% used [0x00000000e6980000,0x00000000e6980000,0x00000000e7500000)
 ParOldGen       total 86016K, used 18278K [0x0000000083a00000, 0x0000000088e00000, 0x00000000d6900000)
  object space 86016K, 21% used [0x0000000083a00000,0x0000000084bd9920,0x0000000088e00000)
 Metaspace       used 16543K, capacity 17034K, committed 17152K, reserved 1064960K
  class space    used 1807K, capacity 1969K, committed 2048K, reserved 1048576K

