# JRE version: Java(TM) SE Runtime Environment (8.0_181-b13) (build 1.8.0_181-b13)
# Java VM: Java HotSpot(TM) 64-Bit Server VM (25.181-b13 mixed mode linux-amd64 compressed oops)
Heap:
 PSYoungGen      total 136192K, used 14313K [0x00000000d6900000, 0x00000000e0500000, 0x0000000100000000)
  eden space 121856K, 0% used [0x00000000d6900000,0x00000000d6900000,0x00000000de000000)
  from space 14336K, 99% used [0x00000000de000000,0x00000000dedfa608,0x00000000dee00000)
  to   space 5120K, 0% used [0x00000000dee00000,0x00000000dee00000,0x00000000df300000)
 ParOldGen       total 86016K, used 53548K [0x0000000083a00000, 0x0000000088e00000, 0x00000000d6900000)
  object space 86016K, 62% used [0x0000000083a00000,0x0000000086e4b248,0x0000000088e00000)
 Metaspace       used 19237K, capacity 19738K, committed 20096K, reserved 1067008K
  class space    used 2168K, capacity 2329K, committed 2432K, reserved 1048576K
GC Heap History (10 events):
Event: 100.104 GC heap after
Heap after GC invocations=3 (full 1):
 PSYoungGen      total 37888K, used 5115K [0x00000000d6900000, 0x00000000d9300000, 0x0000000100000000)
  eden space 32768K, 0% used [0x00000000d6900000,0x00000000d6900000,0x00000000d8900000)
  from space 5120K, 99% used [0x00000000d8e00000,0x00000000d92feec8,0x00000000d9300000)
  to   space 5120K, 0% used [0x00000000d8900000,0x00000000d8900000,0x00000000d8e00000)
 ParOldGen       total 86016K, used 4639K [0x0000000083a00000, 0x0000000088e00000, 0x00000000d6900000)
  object space 86016K, 5% used [0x0000000083a00000,0x0000000083e87c78,0x0000000088e00000)
 Metaspace       used 13831K, capacity 14230K, committed 14592K, reserved 1062912K
  class space    used 1597K, capacity 1704K, committed 1792K, reserved 1048576K
}
Event: 101.478 GC heap before
{Heap before GC invocations=4 (full 1):
 PSYoungGen      total 37888K, used 37883K [0x00000000d6900000, 0x00000000d9300000, 0x0000000100000000)
  eden space 32768K, 100% used [0x00000000d6900000,0x00000000d8900000,0x00000000d8900000)
  from space 5120K, 99% used [0x00000000d8e00000,0x00000000d92feec8,0x00000000d9300000)
  to   space 5120K, 0% used [0x00000000d8900000,0x00000000d8900000,0x00000000d8e00000)
 ParOldGen       total 86016K, used 4639K [0x0000000083a00000, 0x0000000088e00000, 0x00000000d6900000)
  object space 86016K, 5% used [0x0000000083a00000,0x0000000083e87c78,0x0000000088e00000)
 Metaspace       used 13985K, capacity 14358K, committed 14592K, reserved 1062912K
  class space    used 1597K, capacity 1704K, committed 1792K, reserved 1048576K
Event: 101.519 GC heap after
Heap after GC invocations=4 (full 1):
 PSYoungGen      total 37888K, used 5117K [0x00000000d6900000, 0x00000000db300000, 0x0000000100000000)
  eden space 32768K, 0% used [0x00000000d6900000,0x00000000d6900000,0x00000000d8900000)
  from space 5120K, 99% used [0x00000000d8900000,0x00000000d8dff710,0x00000000d8e00000)
  to   space 5120K, 0% used [0x00000000dae00000,0x00000000dae00000,0x00000000db300000)
 ParOldGen       total 86016K, used 4886K [0x0000000083a00000, 0x0000000088e00000, 0x00000000d6900000)
  object space 86016K, 5% used [0x0000000083a00000,0x0000000083ec5830,0x0000000088e00000)
 Metaspace       used 13985K, capacity 14358K, committed 14592K, reserved 1062912K
  class space    used 1597K, capacity 1704K, committed 1792K, reserved 1048576K
}
Event: 101.995 GC heap before
{Heap before GC invocations=5 (full 1):
 PSYoungGen      total 37888K, used 37885K [0x00000000d6900000, 0x00000000db300000, 0x0000000100000000)
  eden space 32768K, 100% used [0x00000000d6900000,0x00000000d8900000,0x00000000d8900000)
  from space 5120K, 99% used [0x00000000d8900000,0x00000000d8dff710,0x00000000d8e00000)
  to   space 5120K, 0% used [0x00000000dae00000,0x00000000dae00000,0x00000000db300000)
 ParOldGen       total 86016K, used 4886K [0x0000000083a00000, 0x0000000088e00000, 0x00000000d6900000)
  object space 86016K, 5% used [0x0000000083a00000,0x0000000083ec5830,0x0000000088e00000)
 Metaspace       used 14016K, capacity 14358K, committed 14592K, reserved 1062912K
  class space    used 1597K, capacity 1704K, committed 1792K, reserved 1048576K
Event: 102.024 GC heap after
Heap after GC invocations=5 (full 1):
 PSYoungGen      total 70656K, used 5101K [0x00000000d6900000, 0x00000000db300000, 0x0000000100000000)
  eden space 65536K, 0% used [0x00000000d6900000,0x00000000d6900000,0x00000000da900000)
  from space 5120K, 99% used [0x00000000dae00000,0x00000000db2fb700,0x00000000db300000)
  to   space 5120K, 0% used [0x00000000da900000,0x00000000da900000,0x00000000dae00000)
 ParOldGen       total 86016K, used 5148K [0x0000000083a00000, 0x0000000088e00000, 0x00000000d6900000)
  object space 86016K, 5% used [0x0000000083a00000,0x0000000083f073f0,0x0000000088e00000)
 Metaspace       used 14016K, capacity 14358K, committed 14592K, reserved 1062912K
  class space    used 1597K, capacity 1704K, committed 1792K, reserved 1048576K
}
Event: 103.896 GC heap before
{Heap before GC invocations=6 (full 1):
 PSYoungGen      total 70656K, used 70637K [0x00000000d6900000, 0x00000000db300000, 0x0000000100000000)
  eden space 65536K, 100% used [0x00000000d6900000,0x00000000da900000,0x00000000da900000)
  from space 5120K, 99% used [0x00000000dae00000,0x00000000db2fb700,0x00000000db300000)
  to   space 5120K, 0% used [0x00000000da900000,0x00000000da900000,0x00000000dae00000)
 ParOldGen       total 86016K, used 5148K [0x0000000083a00000, 0x0000000088e00000, 0x00000000d6900000)
  object space 86016K, 5% used [0x0000000083a00000,0x0000000083f073f0,0x0000000088e00000)
 Metaspace       used 14773K, capacity 15198K, committed 15360K, reserved 1062912K
  class space    used 1656K, capacity 1785K, committed 1792K, reserved 1048576K
Event: 103.951 GC heap after
Heap after GC invocations=6 (full 1):
 PSYoungGen      total 70656K, used 5096K [0x00000000d6900000, 0x00000000df300000, 0x0000000100000000)
  eden space 65536K, 0% used [0x00000000d6900000,0x00000000d6900000,0x00000000da900000)
  from space 5120K, 99% used [0x00000000da900000,0x00000000dadfa1f8,0x00000000dae00000)
  to   space 5120K, 0% used [0x00000000dee00000,0x00000000dee00000,0x00000000df300000)
 ParOldGen       total 86016K, used 8950K [0x0000000083a00000, 0x0000000088e00000, 0x00000000d6900000)
  object space 86016K, 10% used [0x0000000083a00000,0x00000000842bda88,0x0000000088e00000)
 Metaspace       used 14773K, capacity 15198K, committed 15360K, reserved 1062912K
  class space    used 1656K, capacity 1785K, committed 1792K, reserved 1048576K
}
Event: 110.911 GC heap before
{Heap before GC invocations=7 (full 1):
 PSYoungGen      total 70656K, used 70632K [0x00000000d6900000, 0x00000000df300000, 0x0000000100000000)
  eden space 65536K, 100% used [0x00000000d6900000,0x00000000da900000,0x00000000da900000)
  from space 5120K, 99% used [0x00000000da900000,0x00000000dadfa1f8,0x00000000dae00000)
  to   space 5120K, 0% used [0x00000000dee00000,0x00000000dee00000,0x00000000df300000)
 ParOldGen       total 86016K, used 8950K [0x0000000083a00000, 0x0000000088e00000, 0x00000000d6900000)
  object space 86016K, 10% used [0x0000000083a00000,0x00000000842bda88,0x0000000088e00000)
 Metaspace       used 17851K, capacity 18340K, committed 18560K, reserved 1064960K
  class space    used 1980K, capacity 2128K, committed 2176K, reserved 1048576K
Event: 111.123 GC heap after
Heap after GC invocations=7 (full 1):
 PSYoungGen      total 126976K, used 5096K [0x00000000d6900000, 0x00000000e0500000, 0x0000000100000000)
  eden space 121856K, 0% used [0x00000000d6900000,0x00000000d6900000,0x00000000de000000)
  from space 5120K, 99% used [0x00000000dee00000,0x00000000df2fa1b8,0x00000000df300000)
  to   space 14336K, 0% used [0x00000000de000000,0x00000000de000000,0x00000000dee00000)
 ParOldGen       total 86016K, used 19975K [0x0000000083a00000, 0x0000000088e00000, 0x00000000d6900000)
  object space 86016K, 23% used [0x0000000083a00000,0x0000000084d81f08,0x0000000088e00000)
 Metaspace       used 17851K, capacity 18340K, committed 18560K, reserved 1064960K
  class space    used 1980K, capacity 2128K, committed 2176K, reserved 1048576K
}
Event: 121.659 GC heap before
{Heap before GC invocations=8 (full 1):
 PSYoungGen      total 126976K, used 124816K [0x00000000d6900000, 0x00000000e0500000, 0x0000000100000000)
  eden space 121856K, 98% used [0x00000000d6900000,0x00000000ddde9ee0,0x00000000de000000)
  from space 5120K, 99% used [0x00000000dee00000,0x00000000df2fa1b8,0x00000000df300000)
  to   space 14336K, 0% used [0x00000000de000000,0x00000000de000000,0x00000000dee00000)
 ParOldGen       total 86016K, used 19975K [0x0000000083a00000, 0x0000000088e00000, 0x00000000d6900000)
  object space 86016K, 23% used [0x0000000083a00000,0x0000000084d81f08,0x0000000088e00000)
 Metaspace       used 19237K, capacity 19738K, committed 20096K, reserved 1067008K
  class space    used 2168K, capacity 2329K, committed 2432K, reserved 1048576K

