# JRE version: Java(TM) SE Runtime Environment (8.0_181-b13) (build 1.8.0_181-b13)
# Java VM: Java HotSpot(TM) 64-Bit Server VM (25.181-b13 mixed mode linux-amd64 compressed oops)
Heap:
 PSYoungGen      total 70656K, used 6047K [0x00000000d6900000, 0x00000000dbf00000, 0x0000000100000000)
  eden space 59392K, 0% used [0x00000000d6900000,0x00000000d6900000,0x00000000da300000)
  from space 11264K, 53% used [0x00000000da300000,0x00000000da8e7d70,0x00000000dae00000)
  to   space 5120K, 0% used [0x00000000dae00000,0x00000000dae00000,0x00000000db300000)
 ParOldGen       total 86016K, used 16372K [0x0000000083a00000, 0x0000000088e00000, 0x00000000d6900000)
  object space 86016K, 19% used [0x0000000083a00000,0x00000000849fd1a8,0x0000000088e00000)
 Metaspace       used 14468K, capacity 15042K, committed 15232K, reserved 1062912K
  class space    used 1639K, capacity 1803K, committed 1920K, reserved 1048576K
GC Heap History (10 events):
Event: 2.825 GC heap after
Heap after GC invocations=3 (full 1):
 PSYoungGen      total 37888K, used 0K [0x00000000d6900000, 0x00000000d9300000, 0x0000000100000000)
  eden space 32768K, 0% used [0x00000000d6900000,0x00000000d6900000,0x00000000d8900000)
  from space 5120K, 0% used [0x00000000d8e00000,0x00000000d8e00000,0x00000000d9300000)
  to   space 5120K, 0% used [0x00000000d8900000,0x00000000d8900000,0x00000000d8e00000)
 ParOldGen       total 86016K, used 10632K [0x0000000083a00000, 0x0000000088e00000, 0x00000000d6900000)
  object space 86016K, 12% used [0x0000000083a00000,0x0000000084462130,0x0000000088e00000)
 Metaspace       used 10224K, capacity 10386K, committed 10624K, reserved 1058816K
  class space    used 1237K, capacity 1317K, committed 1408K, reserved 1048576K
}
Event: 105.313 GC heap before
{Heap before GC invocations=4 (full 1):
 PSYoungGen      total 37888K, used 32768K [0x00000000d6900000, 0x00000000d9300000, 0x0000000100000000)
  eden space 32768K, 100% used [0x00000000d6900000,0x00000000d8900000,0x00000000d8900000)
  from space 5120K, 0% used [0x00000000d8e00000,0x00000000d8e00000,0x00000000d9300000)
  to   space 5120K, 0% used [0x00000000d8900000,0x00000000d8900000,0x00000000d8e00000)
 ParOldGen       total 86016K, used 10632K [0x0000000083a00000, 0x0000000088e00000, 0x00000000d6900000)
  object space 86016K, 12% used [0x0000000083a00000,0x0000000084462130,0x0000000088e00000)
 Metaspace       used 13994K, capacity 14380K, committed 14592K, reserved 1062912K
  class space    used 1610K, capacity 1745K, committed 1792K, reserved 1048576K
Event: 105.455 GC heap after
Heap after GC invocations=4 (full 1):
 PSYoungGen      total 37888K, used 5117K [0x00000000d6900000, 0x00000000d9300000, 0x0000000100000000)
  eden space 32768K, 0% used [0x00000000d6900000,0x00000000d6900000,0x00000000d8900000)
  from space 5120K, 99% used [0x00000000d8900000,0x00000000d8dff400,0x00000000d8e00000)
  to   space 5120K, 0% used [0x00000000d8e00000,0x00000000d8e00000,0x00000000d9300000)
 ParOldGen       total 86016K, used 12374K [0x0000000083a00000, 0x0000000088e00000, 0x00000000d6900000)
  object space 86016K, 14% used [0x0000000083a00000,0x0000000084615a20,0x0000000088e00000)
 Metaspace       used 13994K, capacity 14380K, committed 14592K, reserved 1062912K
  class space    used 1610K, capacity 1745K, committed 1792K, reserved 1048576K
}
Event: 106.464 GC heap before
{Heap before GC invocations=5 (full 1):
 PSYoungGen      total 37888K, used 37885K [0x00000000d6900000, 0x00000000d9300000, 0x0000000100000000)
  eden space 32768K, 100% used [0x00000000d6900000,0x00000000d8900000,0x00000000d8900000)
  from space 5120K, 99% used [0x00000000d8900000,0x00000000d8dff400,0x00000000d8e00000)
  to   space 5120K, 0% used [0x00000000d8e00000,0x00000000d8e00000,0x00000000d9300000)
 ParOldGen       total 86016K, used 12374K [0x0000000083a00000, 0x0000000088e00000, 0x00000000d6900000)
  object space 86016K, 14% used [0x0000000083a00000,0x0000000084615a20,0x0000000088e00000)
 Metaspace       used 14155K, capacity 14654K, committed 14848K, reserved 1062912K
  class space    used 1617K, capacity 1751K, committed 1792K, reserved 1048576K
Event: 106.507 GC heap after
Heap after GC invocations=5 (full 1):
 PSYoungGen      total 37888K, used 5119K [0x00000000d6900000, 0x00000000db300000, 0x0000000100000000)
  eden space 32768K, 0% used [0x00000000d6900000,0x00000000d6900000,0x00000000d8900000)
  from space 5120K, 99% used [0x00000000d8e00000,0x00000000d92ffd70,0x00000000d9300000)
  to   space 5120K, 0% used [0x00000000d8900000,0x00000000d8900000,0x00000000d8e00000)
 ParOldGen       total 86016K, used 15660K [0x0000000083a00000, 0x0000000088e00000, 0x00000000d6900000)
  object space 86016K, 18% used [0x0000000083a00000,0x000000008494b330,0x0000000088e00000)
 Metaspace       used 14155K, capacity 14654K, committed 14848K, reserved 1062912K
  class space    used 1617K, capacity 1751K, committed 1792K, reserved 1048576K
}
Event: 106.667 GC heap before
{Heap before GC invocations=6 (full 1):
 PSYoungGen      total 37888K, used 37887K [0x00000000d6900000, 0x00000000db300000, 0x0000000100000000)
  eden space 32768K, 100% used [0x00000000d6900000,0x00000000d8900000,0x00000000d8900000)
  from space 5120K, 99% used [0x00000000d8e00000,0x00000000d92ffd70,0x00000000d9300000)
  to   space 5120K, 0% used [0x00000000d8900000,0x00000000d8900000,0x00000000d8e00000)
 ParOldGen       total 86016K, used 15660K [0x0000000083a00000, 0x0000000088e00000, 0x00000000d6900000)
  object space 86016K, 18% used [0x0000000083a00000,0x000000008494b330,0x0000000088e00000)
 Metaspace       used 14249K, capacity 14760K, committed 14848K, reserved 1062912K
  class space    used 1626K, capacity 1788K, committed 1792K, reserved 1048576K
Event: 106.682 GC heap after
Heap after GC invocations=6 (full 1):
 PSYoungGen      total 37888K, used 5119K [0x00000000d6900000, 0x00000000db300000, 0x0000000100000000)
  eden space 32768K, 0% used [0x00000000d6900000,0x00000000d6900000,0x00000000d8900000)
  from space 5120K, 99% used [0x00000000d8900000,0x00000000d8dffd70,0x00000000d8e00000)
  to   space 5120K, 0% used [0x00000000dae00000,0x00000000dae00000,0x00000000db300000)
 ParOldGen       total 86016K, used 15909K [0x0000000083a00000, 0x0000000088e00000, 0x00000000d6900000)
  object space 86016K, 18% used [0x0000000083a00000,0x0000000084989408,0x0000000088e00000)
 Metaspace       used 14249K, capacity 14760K, committed 14848K, reserved 1062912K
  class space    used 1626K, capacity 1788K, committed 1792K, reserved 1048576K
}
Event: 106.932 GC heap before
{Heap before GC invocations=7 (full 1):
 PSYoungGen      total 37888K, used 37887K [0x00000000d6900000, 0x00000000db300000, 0x0000000100000000)
  eden space 32768K, 100% used [0x00000000d6900000,0x00000000d8900000,0x00000000d8900000)
  from space 5120K, 99% used [0x00000000d8900000,0x00000000d8dffd70,0x00000000d8e00000)
  to   space 5120K, 0% used [0x00000000dae00000,0x00000000dae00000,0x00000000db300000)
 ParOldGen       total 86016K, used 15909K [0x0000000083a00000, 0x0000000088e00000, 0x00000000d6900000)
  object space 86016K, 18% used [0x0000000083a00000,0x0000000084989408,0x0000000088e00000)
 Metaspace       used 14398K, capacity 14914K, committed 15232K, reserved 1062912K
  class space    used 1639K, capacity 1803K, committed 1920K, reserved 1048576K
Event: 106.943 GC heap after
Heap after GC invocations=7 (full 1):
 PSYoungGen      total 64512K, used 5119K [0x00000000d6900000, 0x00000000dbf00000, 0x0000000100000000)
  eden space 59392K, 0% used [0x00000000d6900000,0x00000000d6900000,0x00000000da300000)
  from space 5120K, 99% used [0x00000000dae00000,0x00000000db2ffd70,0x00000000db300000)
  to   space 11264K, 0% used [0x00000000da300000,0x00000000da300000,0x00000000dae00000)
 ParOldGen       total 86016K, used 16364K [0x0000000083a00000, 0x0000000088e00000, 0x00000000d6900000)
  object space 86016K, 19% used [0x0000000083a00000,0x00000000849fb1a8,0x0000000088e00000)
 Metaspace       used 14398K, capacity 14914K, committed 15232K, reserved 1062912K
  class space    used 1639K, capacity 1803K, committed 1920K, reserved 1048576K
}
Event: 107.906 GC heap before
{Heap before GC invocations=8 (full 1):
 PSYoungGen      total 64512K, used 64511K [0x00000000d6900000, 0x00000000dbf00000, 0x0000000100000000)
  eden space 59392K, 100% used [0x00000000d6900000,0x00000000da300000,0x00000000da300000)
  from space 5120K, 99% used [0x00000000dae00000,0x00000000db2ffd70,0x00000000db300000)
  to   space 11264K, 0% used [0x00000000da300000,0x00000000da300000,0x00000000dae00000)
 ParOldGen       total 86016K, used 16364K [0x0000000083a00000, 0x0000000088e00000, 0x00000000d6900000)
  object space 86016K, 19% used [0x0000000083a00000,0x00000000849fb1a8,0x0000000088e00000)
 Metaspace       used 14468K, capacity 15042K, committed 15232K, reserved 1062912K
  class space    used 1639K, capacity 1803K, committed 1920K, reserved 1048576K

