# JRE version: Java(TM) SE Runtime Environment (8.0_181-b13) (build 1.8.0_181-b13)
# Java VM: Java HotSpot(TM) 64-Bit Server VM (25.181-b13 mixed mode linux-amd64 compressed oops)
Heap:
 PSYoungGen      total 560128K, used 0K [0x00000000d6900000, 0x0000000100000000, 0x0000000100000000)
  eden space 504832K, 0% used [0x00000000d6900000,0x00000000d6900000,0x00000000f5600000)
  from space 55296K, 0% used [0x00000000f5600000,0x00000000f5600000,0x00000000f8c00000)
  to   space 89600K, 0% used [0x00000000fa880000,0x00000000fa880000,0x0000000100000000)
 ParOldGen       total 205312K, used 112211K [0x0000000083a00000, 0x0000000090280000, 0x00000000d6900000)
  object space 205312K, 54% used [0x0000000083a00000,0x000000008a794ee0,0x0000000090280000)
 Metaspace       used 55718K, capacity 57012K, committed 57176K, reserved 1099776K
  class space    used 6757K, capacity 7072K, committed 7168K, reserved 1048576K
GC Heap History (10 events):
Event: 142.355 GC heap after
Heap after GC invocations=26 (full 3):
 PSYoungGen      total 535552K, used 17749K [0x00000000d6900000, 0x00000000ff980000, 0x0000000100000000)
  eden space 517632K, 0% used [0x00000000d6900000,0x00000000d6900000,0x00000000f6280000)
  from space 17920K, 99% used [0x00000000f6280000,0x00000000f73d54a0,0x00000000f7400000)
  to   space 76800K, 0% used [0x00000000fae80000,0x00000000fae80000,0x00000000ff980000)
 ParOldGen       total 205312K, used 151749K [0x0000000083a00000, 0x0000000090280000, 0x00000000d6900000)
  object space 205312K, 73% used [0x0000000083a00000,0x000000008ce31520,0x0000000090280000)
 Metaspace       used 41868K, capacity 43022K, committed 43136K, reserved 1087488K
  class space    used 5219K, capacity 5487K, committed 5504K, reserved 1048576K
}
Event: 152.834 GC heap before
{Heap before GC invocations=27 (full 3):
 PSYoungGen      total 535552K, used 535381K [0x00000000d6900000, 0x00000000ff980000, 0x0000000100000000)
  eden space 517632K, 100% used [0x00000000d6900000,0x00000000f6280000,0x00000000f6280000)
  from space 17920K, 99% used [0x00000000f6280000,0x00000000f73d54a0,0x00000000f7400000)
  to   space 76800K, 0% used [0x00000000fae80000,0x00000000fae80000,0x00000000ff980000)
 ParOldGen       total 205312K, used 151749K [0x0000000083a00000, 0x0000000090280000, 0x00000000d6900000)
  object space 205312K, 73% used [0x0000000083a00000,0x000000008ce31520,0x0000000090280000)
 Metaspace       used 42237K, capacity 43436K, committed 43776K, reserved 1087488K
  class space    used 5245K, capacity 5534K, committed 5632K, reserved 1048576K
Event: 152.972 GC heap after
Heap after GC invocations=27 (full 3):
 PSYoungGen      total 599552K, used 24629K [0x00000000d6900000, 0x0000000100000000, 0x0000000100000000)
  eden space 522752K, 0% used [0x00000000d6900000,0x00000000d6900000,0x00000000f6780000)
  from space 76800K, 32% used [0x00000000fae80000,0x00000000fc68d4a0,0x00000000ff980000)
  to   space 72704K, 0% used [0x00000000f6780000,0x00000000f6780000,0x00000000fae80000)
 ParOldGen       total 205312K, used 151757K [0x0000000083a00000, 0x0000000090280000, 0x00000000d6900000)
  object space 205312K, 73% used [0x0000000083a00000,0x000000008ce33520,0x0000000090280000)
 Metaspace       used 42237K, capacity 43436K, committed 43776K, reserved 1087488K
  class space    used 5245K, capacity 5534K, committed 5632K, reserved 1048576K
}
Event: 163.434 GC heap before
{Heap before GC invocations=28 (full 3):
 PSYoungGen      total 599552K, used 547381K [0x00000000d6900000, 0x0000000100000000, 0x0000000100000000)
  eden space 522752K, 100% used [0x00000000d6900000,0x00000000f6780000,0x00000000f6780000)
  from space 76800K, 32% used [0x00000000fae80000,0x00000000fc68d4a0,0x00000000ff980000)
  to   space 72704K, 0% used [0x00000000f6780000,0x00000000f6780000,0x00000000fae80000)
 ParOldGen       total 205312K, used 151757K [0x0000000083a00000, 0x0000000090280000, 0x00000000d6900000)
  object space 205312K, 73% used [0x0000000083a00000,0x000000008ce33520,0x0000000090280000)
 Metaspace       used 48642K, capacity 49820K, committed 50048K, reserved 1093632K
  class space    used 5901K, capacity 6182K, committed 6272K, reserved 1048576K
Event: 163.637 GC heap after
Heap after GC invocations=28 (full 3):
 PSYoungGen      total 595456K, used 60147K [0x00000000d6900000, 0x0000000100000000, 0x0000000100000000)
  eden space 522752K, 0% used [0x00000000d6900000,0x00000000d6900000,0x00000000f6780000)
  from space 72704K, 82% used [0x00000000f6780000,0x00000000fa23cc60,0x00000000fae80000)
  to   space 79872K, 0% used [0x00000000fb200000,0x00000000fb200000,0x0000000100000000)
 ParOldGen       total 205312K, used 151765K [0x0000000083a00000, 0x0000000090280000, 0x00000000d6900000)
  object space 205312K, 73% used [0x0000000083a00000,0x000000008ce35520,0x0000000090280000)
 Metaspace       used 48642K, capacity 49820K, committed 50048K, reserved 1093632K
  class space    used 5901K, capacity 6182K, committed 6272K, reserved 1048576K
}
Event: 170.901 GC heap before
{Heap before GC invocations=29 (full 3):
 PSYoungGen      total 595456K, used 582899K [0x00000000d6900000, 0x0000000100000000, 0x0000000100000000)
  eden space 522752K, 100% used [0x00000000d6900000,0x00000000f6780000,0x00000000f6780000)
  from space 72704K, 82% used [0x00000000f6780000,0x00000000fa23cc60,0x00000000fae80000)
  to   space 79872K, 0% used [0x00000000fb200000,0x00000000fb200000,0x0000000100000000)
 ParOldGen       total 205312K, used 151765K [0x0000000083a00000, 0x0000000090280000, 0x00000000d6900000)
  object space 205312K, 73% used [0x0000000083a00000,0x000000008ce35520,0x0000000090280000)
 Metaspace       used 55318K, capacity 56628K, committed 56704K, reserved 1099776K
  class space    used 6693K, capacity 7008K, committed 7040K, reserved 1048576K
Event: 171.226 GC heap after
Heap after GC invocations=29 (full 3):
 PSYoungGen      total 584704K, used 63683K [0x00000000d6900000, 0x0000000100000000, 0x0000000100000000)
  eden space 504832K, 0% used [0x00000000d6900000,0x00000000d6900000,0x00000000f5600000)
  from space 79872K, 79% used [0x00000000fb200000,0x00000000ff030f30,0x0000000100000000)
  to   space 87040K, 0% used [0x00000000f5600000,0x00000000f5600000,0x00000000fab00000)
 ParOldGen       total 205312K, used 151765K [0x0000000083a00000, 0x0000000090280000, 0x00000000d6900000)
  object space 205312K, 73% used [0x0000000083a00000,0x000000008ce35520,0x0000000090280000)
 Metaspace       used 55318K, capacity 56628K, committed 56704K, reserved 1099776K
  class space    used 6693K, capacity 7008K, committed 7040K, reserved 1048576K
}
Event: 173.767 GC heap before
{Heap before GC invocations=30 (full 3):
 PSYoungGen      total 584704K, used 95965K [0x00000000d6900000, 0x0000000100000000, 0x0000000100000000)
  eden space 504832K, 6% used [0x00000000d6900000,0x00000000d88867b0,0x00000000f5600000)
  from space 79872K, 79% used [0x00000000fb200000,0x00000000ff030f30,0x0000000100000000)
  to   space 87040K, 0% used [0x00000000f5600000,0x00000000f5600000,0x00000000fab00000)
 ParOldGen       total 205312K, used 151765K [0x0000000083a00000, 0x0000000090280000, 0x00000000d6900000)
  object space 205312K, 73% used [0x0000000083a00000,0x000000008ce35520,0x0000000090280000)
 Metaspace       used 55718K, capacity 57012K, committed 57176K, reserved 1099776K
  class space    used 6757K, capacity 7072K, committed 7168K, reserved 1048576K
Event: 173.859 GC heap after
Heap after GC invocations=30 (full 3):
 PSYoungGen      total 560128K, used 55149K [0x00000000d6900000, 0x0000000100000000, 0x0000000100000000)
  eden space 504832K, 0% used [0x00000000d6900000,0x00000000d6900000,0x00000000f5600000)
  from space 55296K, 99% used [0x00000000f5600000,0x00000000f8bdb578,0x00000000f8c00000)
  to   space 89600K, 0% used [0x00000000fa880000,0x00000000fa880000,0x0000000100000000)
 ParOldGen       total 205312K, used 151765K [0x0000000083a00000, 0x0000000090280000, 0x00000000d6900000)
  object space 205312K, 73% used [0x0000000083a00000,0x000000008ce35520,0x0000000090280000)
 Metaspace       used 55718K, capacity 57012K, committed 57176K, reserved 1099776K
  class space    used 6757K, capacity 7072K, committed 7168K, reserved 1048576K
}
Event: 173.862 GC heap before
{Heap before GC invocations=31 (full 4):
 PSYoungGen      total 560128K, used 55149K [0x00000000d6900000, 0x0000000100000000, 0x0000000100000000)
  eden space 504832K, 0% used [0x00000000d6900000,0x00000000d6900000,0x00000000f5600000)
  from space 55296K, 99% used [0x00000000f5600000,0x00000000f8bdb578,0x00000000f8c00000)
  to   space 89600K, 0% used [0x00000000fa880000,0x00000000fa880000,0x0000000100000000)
 ParOldGen       total 205312K, used 151765K [0x0000000083a00000, 0x0000000090280000, 0x00000000d6900000)
  object space 205312K, 73% used [0x0000000083a00000,0x000000008ce35520,0x0000000090280000)
 Metaspace       used 55718K, capacity 57012K, committed 57176K, reserved 1099776K
  class space    used 6757K, capacity 7072K, committed 7168K, reserved 1048576K

