# JRE version: Java(TM) SE Runtime Environment (8.0_181-b13) (build 1.8.0_181-b13)
# Java VM: Java HotSpot(TM) 64-Bit Server VM (25.181-b13 mixed mode linux-amd64 compressed oops)
Heap:
 PSYoungGen      total 116224K, used 20964K [0x00000000d6900000, 0x00000000df900000, 0x0000000100000000)
  eden space 95232K, 0% used [0x00000000d6900000,0x00000000d6900000,0x00000000dc600000)
  from space 20992K, 99% used [0x00000000dd000000,0x00000000de4790d8,0x00000000de480000)
  to   space 14336K, 0% used [0x00000000deb00000,0x00000000deb00000,0x00000000df900000)
 ParOldGen       total 86016K, used 53123K [0x0000000083a00000, 0x0000000088e00000, 0x00000000d6900000)
  object space 86016K, 61% used [0x0000000083a00000,0x0000000086de0d58,0x0000000088e00000)
 Metaspace       used 19615K, capacity 20114K, committed 20352K, reserved 1067008K
  class space    used 2206K, capacity 2361K, committed 2432K, reserved 1048576K
GC Heap History (10 events):
Event: 104.884 GC heap after
Heap after GC invocations=7 (full 1):
 PSYoungGen      total 35840K, used 5110K [0x00000000d6900000, 0x00000000db700000, 0x0000000100000000)
  eden space 30720K, 0% used [0x00000000d6900000,0x00000000d6900000,0x00000000d8700000)
  from space 5120K, 99% used [0x00000000d8e00000,0x00000000d92fdac0,0x00000000d9300000)
  to   space 7168K, 0% used [0x00000000d8700000,0x00000000d8700000,0x00000000d8e00000)
 ParOldGen       total 86016K, used 7237K [0x0000000083a00000, 0x0000000088e00000, 0x00000000d6900000)
  object space 86016K, 8% used [0x0000000083a00000,0x0000000084111758,0x0000000088e00000)
 Metaspace       used 15407K, capacity 15840K, committed 16000K, reserved 1062912K
  class space    used 1733K, capacity 1884K, committed 1920K, reserved 1048576K
}
Event: 107.334 GC heap before
{Heap before GC invocations=8 (full 1):
 PSYoungGen      total 35840K, used 35830K [0x00000000d6900000, 0x00000000db700000, 0x0000000100000000)
  eden space 30720K, 100% used [0x00000000d6900000,0x00000000d8700000,0x00000000d8700000)
  from space 5120K, 99% used [0x00000000d8e00000,0x00000000d92fdac0,0x00000000d9300000)
  to   space 7168K, 0% used [0x00000000d8700000,0x00000000d8700000,0x00000000d8e00000)
 ParOldGen       total 86016K, used 7237K [0x0000000083a00000, 0x0000000088e00000, 0x00000000d6900000)
  object space 86016K, 8% used [0x0000000083a00000,0x0000000084111758,0x0000000088e00000)
 Metaspace       used 16724K, capacity 17180K, committed 17408K, reserved 1064960K
  class space    used 1891K, capacity 2022K, committed 2048K, reserved 1048576K
Event: 107.404 GC heap after
Heap after GC invocations=8 (full 1):
 PSYoungGen      total 37888K, used 7140K [0x00000000d6900000, 0x00000000db800000, 0x0000000100000000)
  eden space 30720K, 0% used [0x00000000d6900000,0x00000000d6900000,0x00000000d8700000)
  from space 7168K, 99% used [0x00000000d8700000,0x00000000d8df9158,0x00000000d8e00000)
  to   space 9728K, 0% used [0x00000000dae80000,0x00000000dae80000,0x00000000db800000)
 ParOldGen       total 86016K, used 10181K [0x0000000083a00000, 0x0000000088e00000, 0x00000000d6900000)
  object space 86016K, 11% used [0x0000000083a00000,0x00000000843f1668,0x0000000088e00000)
 Metaspace       used 16724K, capacity 17180K, committed 17408K, reserved 1064960K
  class space    used 1891K, capacity 2022K, committed 2048K, reserved 1048576K
}
Event: 110.196 GC heap before
{Heap before GC invocations=9 (full 1):
 PSYoungGen      total 37888K, used 37860K [0x00000000d6900000, 0x00000000db800000, 0x0000000100000000)
  eden space 30720K, 100% used [0x00000000d6900000,0x00000000d8700000,0x00000000d8700000)
  from space 7168K, 99% used [0x00000000d8700000,0x00000000d8df9158,0x00000000d8e00000)
  to   space 9728K, 0% used [0x00000000dae80000,0x00000000dae80000,0x00000000db800000)
 ParOldGen       total 86016K, used 10181K [0x0000000083a00000, 0x0000000088e00000, 0x00000000d6900000)
  object space 86016K, 11% used [0x0000000083a00000,0x00000000843f1668,0x0000000088e00000)
 Metaspace       used 17736K, capacity 18242K, committed 18560K, reserved 1064960K
  class space    used 1984K, capacity 2093K, committed 2176K, reserved 1048576K
Event: 111.214 GC heap after
Heap after GC invocations=9 (full 1):
 PSYoungGen      total 69120K, used 9724K [0x00000000d6900000, 0x00000000dbc00000, 0x0000000100000000)
  eden space 59392K, 0% used [0x00000000d6900000,0x00000000d6900000,0x00000000da300000)
  from space 9728K, 99% used [0x00000000dae80000,0x00000000db7ff238,0x00000000db800000)
  to   space 11776K, 0% used [0x00000000da300000,0x00000000da300000,0x00000000dae80000)
 ParOldGen       total 86016K, used 12035K [0x0000000083a00000, 0x0000000088e00000, 0x00000000d6900000)
  object space 86016K, 13% used [0x0000000083a00000,0x00000000845c0d68,0x0000000088e00000)
 Metaspace       used 17736K, capacity 18242K, committed 18560K, reserved 1064960K
  class space    used 1984K, capacity 2093K, committed 2176K, reserved 1048576K
}
Event: 119.528 GC heap before
{Heap before GC invocations=10 (full 1):
 PSYoungGen      total 69120K, used 69116K [0x00000000d6900000, 0x00000000dbc00000, 0x0000000100000000)
  eden space 59392K, 100% used [0x00000000d6900000,0x00000000da300000,0x00000000da300000)
  from space 9728K, 99% used [0x00000000dae80000,0x00000000db7ff238,0x00000000db800000)
  to   space 11776K, 0% used [0x00000000da300000,0x00000000da300000,0x00000000dae80000)
 ParOldGen       total 86016K, used 12035K [0x0000000083a00000, 0x0000000088e00000, 0x00000000d6900000)
  object space 86016K, 13% used [0x0000000083a00000,0x00000000845c0d68,0x0000000088e00000)
 Metaspace       used 18961K, capacity 19492K, committed 19840K, reserved 1067008K
  class space    used 2140K, capacity 2328K, committed 2432K, reserved 1048576K
Event: 119.708 GC heap after
Heap after GC invocations=10 (full 1):
 PSYoungGen      total 71168K, used 11757K [0x00000000d6900000, 0x00000000df900000, 0x0000000100000000)
  eden space 59392K, 0% used [0x00000000d6900000,0x00000000d6900000,0x00000000da300000)
  from space 11776K, 99% used [0x00000000da300000,0x00000000dae7b678,0x00000000dae80000)
  to   space 14336K, 0% used [0x00000000deb00000,0x00000000deb00000,0x00000000df900000)
 ParOldGen       total 86016K, used 15408K [0x0000000083a00000, 0x0000000088e00000, 0x00000000d6900000)
  object space 86016K, 17% used [0x0000000083a00000,0x000000008490c2b0,0x0000000088e00000)
 Metaspace       used 18961K, capacity 19492K, committed 19840K, reserved 1067008K
  class space    used 2140K, capacity 2328K, committed 2432K, reserved 1048576K
}
Event: 122.824 GC heap before
{Heap before GC invocations=11 (full 1):
 PSYoungGen      total 71168K, used 71149K [0x00000000d6900000, 0x00000000df900000, 0x0000000100000000)
  eden space 59392K, 100% used [0x00000000d6900000,0x00000000da300000,0x00000000da300000)
  from space 11776K, 99% used [0x00000000da300000,0x00000000dae7b678,0x00000000dae80000)
  to   space 14336K, 0% used [0x00000000deb00000,0x00000000deb00000,0x00000000df900000)
 ParOldGen       total 86016K, used 15408K [0x0000000083a00000, 0x0000000088e00000, 0x00000000d6900000)
  object space 86016K, 17% used [0x0000000083a00000,0x000000008490c2b0,0x0000000088e00000)
 Metaspace       used 19331K, capacity 19812K, committed 20096K, reserved 1067008K
  class space    used 2179K, capacity 2328K, committed 2432K, reserved 1048576K
Event: 123.082 GC heap after
Heap after GC invocations=11 (full 1):
 PSYoungGen      total 109568K, used 14326K [0x00000000d6900000, 0x00000000df900000, 0x0000000100000000)
  eden space 95232K, 0% used [0x00000000d6900000,0x00000000d6900000,0x00000000dc600000)
  from space 14336K, 99% used [0x00000000deb00000,0x00000000df8fdb40,0x00000000df900000)
  to   space 20992K, 0% used [0x00000000dd000000,0x00000000dd000000,0x00000000de480000)
 ParOldGen       total 86016K, used 27811K [0x0000000083a00000, 0x0000000088e00000, 0x00000000d6900000)
  object space 86016K, 32% used [0x0000000083a00000,0x0000000085528d48,0x0000000088e00000)
 Metaspace       used 19331K, capacity 19812K, committed 20096K, reserved 1067008K
  class space    used 2179K, capacity 2328K, committed 2432K, reserved 1048576K
}
Event: 158.685 GC heap before
{Heap before GC invocations=12 (full 1):
 PSYoungGen      total 109568K, used 109558K [0x00000000d6900000, 0x00000000df900000, 0x0000000100000000)
  eden space 95232K, 100% used [0x00000000d6900000,0x00000000dc600000,0x00000000dc600000)
  from space 14336K, 99% used [0x00000000deb00000,0x00000000df8fdb40,0x00000000df900000)
  to   space 20992K, 0% used [0x00000000dd000000,0x00000000dd000000,0x00000000de480000)
 ParOldGen       total 86016K, used 27811K [0x0000000083a00000, 0x0000000088e00000, 0x00000000d6900000)
  object space 86016K, 32% used [0x0000000083a00000,0x0000000085528d48,0x0000000088e00000)
 Metaspace       used 19615K, capacity 20114K, committed 20352K, reserved 1067008K
  class space    used 2206K, capacity 2361K, committed 2432K, reserved 1048576K

