# JRE version: Java(TM) SE Runtime Environment (8.0_181-b13) (build 1.8.0_181-b13)
# Java VM: Java HotSpot(TM) 64-Bit Server VM (25.181-b13 mixed mode linux-amd64 compressed oops)
Heap:
 PSYoungGen      total 133120K, used 9184K [0x00000000d6900000, 0x00000000df400000, 0x0000000100000000)
  eden space 123904K, 0% used [0x00000000d6900000,0x00000000d6900000,0x00000000de200000)
  from space 9216K, 99% used [0x00000000de200000,0x00000000deaf8010,0x00000000deb00000)
  to   space 8704K, 0% used [0x00000000deb80000,0x00000000deb80000,0x00000000df400000)
 ParOldGen       total 86016K, used 19073K [0x0000000083a00000, 0x0000000088e00000, 0x00000000d6900000)
  object space 86016K, 22% used [0x0000000083a00000,0x0000000084ca07b8,0x0000000088e00000)
 Metaspace       used 14501K, capacity 14910K, committed 15104K, reserved 1062912K
  class space    used 1597K, capacity 1713K, committed 1792K, reserved 1048576K
GC Heap History (10 events):
Event: 35.046 GC heap after
Heap after GC invocations=5 (full 1):
 PSYoungGen      total 37888K, used 5120K [0x00000000d6900000, 0x00000000d9300000, 0x0000000100000000)
  eden space 32768K, 0% used [0x00000000d6900000,0x00000000d6900000,0x00000000d8900000)
  from space 5120K, 100% used [0x00000000d8e00000,0x00000000d9300000,0x00000000d9300000)
  to   space 5120K, 0% used [0x00000000d8900000,0x00000000d8900000,0x00000000d8e00000)
 ParOldGen       total 86016K, used 7675K [0x0000000083a00000, 0x0000000088e00000, 0x00000000d6900000)
  object space 86016K, 8% used [0x0000000083a00000,0x000000008417ec00,0x0000000088e00000)
 Metaspace       used 13865K, capacity 14224K, committed 14592K, reserved 1062912K
  class space    used 1581K, capacity 1668K, committed 1792K, reserved 1048576K
}
Event: 35.857 GC heap before
{Heap before GC invocations=6 (full 1):
 PSYoungGen      total 37888K, used 37888K [0x00000000d6900000, 0x00000000d9300000, 0x0000000100000000)
  eden space 32768K, 100% used [0x00000000d6900000,0x00000000d8900000,0x00000000d8900000)
  from space 5120K, 100% used [0x00000000d8e00000,0x00000000d9300000,0x00000000d9300000)
  to   space 5120K, 0% used [0x00000000d8900000,0x00000000d8900000,0x00000000d8e00000)
 ParOldGen       total 86016K, used 7675K [0x0000000083a00000, 0x0000000088e00000, 0x00000000d6900000)
  object space 86016K, 8% used [0x0000000083a00000,0x000000008417ec00,0x0000000088e00000)
 Metaspace       used 13892K, capacity 14224K, committed 14592K, reserved 1062912K
  class space    used 1581K, capacity 1668K, committed 1792K, reserved 1048576K
Event: 35.891 GC heap after
Heap after GC invocations=6 (full 1):
 PSYoungGen      total 37888K, used 5120K [0x00000000d6900000, 0x00000000db300000, 0x0000000100000000)
  eden space 32768K, 0% used [0x00000000d6900000,0x00000000d6900000,0x00000000d8900000)
  from space 5120K, 100% used [0x00000000d8900000,0x00000000d8e00000,0x00000000d8e00000)
  to   space 5120K, 0% used [0x00000000dae00000,0x00000000dae00000,0x00000000db300000)
 ParOldGen       total 86016K, used 9695K [0x0000000083a00000, 0x0000000088e00000, 0x00000000d6900000)
  object space 86016K, 11% used [0x0000000083a00000,0x0000000084377cc8,0x0000000088e00000)
 Metaspace       used 13892K, capacity 14224K, committed 14592K, reserved 1062912K
  class space    used 1581K, capacity 1668K, committed 1792K, reserved 1048576K
}
Event: 36.572 GC heap before
{Heap before GC invocations=7 (full 1):
 PSYoungGen      total 37888K, used 37888K [0x00000000d6900000, 0x00000000db300000, 0x0000000100000000)
  eden space 32768K, 100% used [0x00000000d6900000,0x00000000d8900000,0x00000000d8900000)
  from space 5120K, 100% used [0x00000000d8900000,0x00000000d8e00000,0x00000000d8e00000)
  to   space 5120K, 0% used [0x00000000dae00000,0x00000000dae00000,0x00000000db300000)
 ParOldGen       total 86016K, used 9695K [0x0000000083a00000, 0x0000000088e00000, 0x00000000d6900000)
  object space 86016K, 11% used [0x0000000083a00000,0x0000000084377cc8,0x0000000088e00000)
 Metaspace       used 13898K, capacity 14288K, committed 14592K, reserved 1062912K
  class space    used 1582K, capacity 1668K, committed 1792K, reserved 1048576K
Event: 36.635 GC heap after
Heap after GC invocations=7 (full 1):
 PSYoungGen      total 67072K, used 5120K [0x00000000d6900000, 0x00000000dba00000, 0x0000000100000000)
  eden space 61952K, 0% used [0x00000000d6900000,0x00000000d6900000,0x00000000da580000)
  from space 5120K, 100% used [0x00000000dae00000,0x00000000db300000,0x00000000db300000)
  to   space 8704K, 0% used [0x00000000da580000,0x00000000da580000,0x00000000dae00000)
 ParOldGen       total 86016K, used 11063K [0x0000000083a00000, 0x0000000088e00000, 0x00000000d6900000)
  object space 86016K, 12% used [0x0000000083a00000,0x00000000844cde70,0x0000000088e00000)
 Metaspace       used 13898K, capacity 14288K, committed 14592K, reserved 1062912K
  class space    used 1582K, capacity 1668K, committed 1792K, reserved 1048576K
}
Event: 38.128 GC heap before
{Heap before GC invocations=8 (full 1):
 PSYoungGen      total 67072K, used 67072K [0x00000000d6900000, 0x00000000dba00000, 0x0000000100000000)
  eden space 61952K, 100% used [0x00000000d6900000,0x00000000da580000,0x00000000da580000)
  from space 5120K, 100% used [0x00000000dae00000,0x00000000db300000,0x00000000db300000)
  to   space 8704K, 0% used [0x00000000da580000,0x00000000da580000,0x00000000dae00000)
 ParOldGen       total 86016K, used 11063K [0x0000000083a00000, 0x0000000088e00000, 0x00000000d6900000)
  object space 86016K, 12% used [0x0000000083a00000,0x00000000844cde70,0x0000000088e00000)
 Metaspace       used 13941K, capacity 14288K, committed 14592K, reserved 1062912K
  class space    used 1582K, capacity 1668K, committed 1792K, reserved 1048576K
Event: 38.231 GC heap after
Heap after GC invocations=8 (full 1):
 PSYoungGen      total 70656K, used 8384K [0x00000000d6900000, 0x00000000df500000, 0x0000000100000000)
  eden space 61952K, 0% used [0x00000000d6900000,0x00000000d6900000,0x00000000da580000)
  from space 8704K, 96% used [0x00000000da580000,0x00000000dadb0010,0x00000000dae00000)
  to   space 9728K, 0% used [0x00000000deb80000,0x00000000deb80000,0x00000000df500000)
 ParOldGen       total 86016K, used 11063K [0x0000000083a00000, 0x0000000088e00000, 0x00000000d6900000)
  object space 86016K, 12% used [0x0000000083a00000,0x00000000844cde70,0x0000000088e00000)
 Metaspace       used 13941K, capacity 14288K, committed 14592K, reserved 1062912K
  class space    used 1582K, capacity 1668K, committed 1792K, reserved 1048576K
}
Event: 39.021 GC heap before
{Heap before GC invocations=9 (full 1):
 PSYoungGen      total 70656K, used 70336K [0x00000000d6900000, 0x00000000df500000, 0x0000000100000000)
  eden space 61952K, 100% used [0x00000000d6900000,0x00000000da580000,0x00000000da580000)
  from space 8704K, 96% used [0x00000000da580000,0x00000000dadb0010,0x00000000dae00000)
  to   space 9728K, 0% used [0x00000000deb80000,0x00000000deb80000,0x00000000df500000)
 ParOldGen       total 86016K, used 11063K [0x0000000083a00000, 0x0000000088e00000, 0x00000000d6900000)
  object space 86016K, 12% used [0x0000000083a00000,0x00000000844cde70,0x0000000088e00000)
 Metaspace       used 13949K, capacity 14288K, committed 14592K, reserved 1062912K
  class space    used 1582K, capacity 1668K, committed 1792K, reserved 1048576K
Event: 39.120 GC heap after
Heap after GC invocations=9 (full 1):
 PSYoungGen      total 132608K, used 7088K [0x00000000d6900000, 0x00000000df400000, 0x0000000100000000)
  eden space 123904K, 0% used [0x00000000d6900000,0x00000000d6900000,0x00000000de200000)
  from space 8704K, 81% used [0x00000000deb80000,0x00000000df26c020,0x00000000df400000)
  to   space 9216K, 0% used [0x00000000de200000,0x00000000de200000,0x00000000deb00000)
 ParOldGen       total 86016K, used 14191K [0x0000000083a00000, 0x0000000088e00000, 0x00000000d6900000)
  object space 86016K, 16% used [0x0000000083a00000,0x00000000847dbf90,0x0000000088e00000)
 Metaspace       used 13949K, capacity 14288K, committed 14592K, reserved 1062912K
  class space    used 1582K, capacity 1668K, committed 1792K, reserved 1048576K
}
Event: 42.204 GC heap before
{Heap before GC invocations=10 (full 1):
 PSYoungGen      total 132608K, used 130992K [0x00000000d6900000, 0x00000000df400000, 0x0000000100000000)
  eden space 123904K, 100% used [0x00000000d6900000,0x00000000de200000,0x00000000de200000)
  from space 8704K, 81% used [0x00000000deb80000,0x00000000df26c020,0x00000000df400000)
  to   space 9216K, 0% used [0x00000000de200000,0x00000000de200000,0x00000000deb00000)
 ParOldGen       total 86016K, used 14191K [0x0000000083a00000, 0x0000000088e00000, 0x00000000d6900000)
  object space 86016K, 16% used [0x0000000083a00000,0x00000000847dbf90,0x0000000088e00000)
 Metaspace       used 14501K, capacity 14910K, committed 15104K, reserved 1062912K
  class space    used 1597K, capacity 1713K, committed 1792K, reserved 1048576K

