# JRE version: Java(TM) SE Runtime Environment (8.0_181-b13) (build 1.8.0_181-b13)
# Java VM: Java HotSpot(TM) 64-Bit Server VM (25.181-b13 mixed mode linux-amd64 compressed oops)
Heap:
 PSYoungGen      total 136704K, used 11774K [0x00000000d6900000, 0x00000000dfe00000, 0x0000000100000000)
  eden space 124928K, 0% used [0x00000000d6900000,0x00000000d6900000,0x00000000de300000)
  from space 11776K, 99% used [0x00000000de300000,0x00000000dee7faa0,0x00000000dee80000)
  to   space 7680K, 0% used [0x00000000dee80000,0x00000000dee80000,0x00000000df600000)
 ParOldGen       total 86016K, used 26536K [0x0000000083a00000, 0x0000000088e00000, 0x00000000d6900000)
  object space 86016K, 30% used [0x0000000083a00000,0x00000000853ea018,0x0000000088e00000)
 Metaspace       used 20041K, capacity 20594K, committed 20992K, reserved 1067008K
  class space    used 2286K, capacity 2447K, committed 2560K, reserved 1048576K
GC Heap History (10 events):
Event: 95.827 GC heap after
Heap after GC invocations=5 (full 1):
 PSYoungGen      total 37888K, used 5088K [0x00000000d6900000, 0x00000000db300000, 0x0000000100000000)
  eden space 32768K, 0% used [0x00000000d6900000,0x00000000d6900000,0x00000000d8900000)
  from space 5120K, 99% used [0x00000000d8e00000,0x00000000d92f8068,0x00000000d9300000)
  to   space 5120K, 0% used [0x00000000d8900000,0x00000000d8900000,0x00000000d8e00000)
 ParOldGen       total 86016K, used 4370K [0x0000000083a00000, 0x0000000088e00000, 0x00000000d6900000)
  object space 86016K, 5% used [0x0000000083a00000,0x0000000083e448e0,0x0000000088e00000)
 Metaspace       used 13788K, capacity 14270K, committed 14592K, reserved 1062912K
  class space    used 1580K, capacity 1700K, committed 1792K, reserved 1048576K
}
Event: 96.187 GC heap before
{Heap before GC invocations=6 (full 1):
 PSYoungGen      total 37888K, used 37856K [0x00000000d6900000, 0x00000000db300000, 0x0000000100000000)
  eden space 32768K, 100% used [0x00000000d6900000,0x00000000d8900000,0x00000000d8900000)
  from space 5120K, 99% used [0x00000000d8e00000,0x00000000d92f8068,0x00000000d9300000)
  to   space 5120K, 0% used [0x00000000d8900000,0x00000000d8900000,0x00000000d8e00000)
 ParOldGen       total 86016K, used 4370K [0x0000000083a00000, 0x0000000088e00000, 0x00000000d6900000)
  object space 86016K, 5% used [0x0000000083a00000,0x0000000083e448e0,0x0000000088e00000)
 Metaspace       used 13807K, capacity 14270K, committed 14592K, reserved 1062912K
  class space    used 1580K, capacity 1700K, committed 1792K, reserved 1048576K
Event: 96.195 GC heap after
Heap after GC invocations=6 (full 1):
 PSYoungGen      total 37888K, used 5119K [0x00000000d6900000, 0x00000000db300000, 0x0000000100000000)
  eden space 32768K, 0% used [0x00000000d6900000,0x00000000d6900000,0x00000000d8900000)
  from space 5120K, 99% used [0x00000000d8900000,0x00000000d8dffed0,0x00000000d8e00000)
  to   space 5120K, 0% used [0x00000000dae00000,0x00000000dae00000,0x00000000db300000)
 ParOldGen       total 86016K, used 4602K [0x0000000083a00000, 0x0000000088e00000, 0x00000000d6900000)
  object space 86016K, 5% used [0x0000000083a00000,0x0000000083e7e8e0,0x0000000088e00000)
 Metaspace       used 13807K, capacity 14270K, committed 14592K, reserved 1062912K
  class space    used 1580K, capacity 1700K, committed 1792K, reserved 1048576K
}
Event: 96.578 GC heap before
{Heap before GC invocations=7 (full 1):
 PSYoungGen      total 37888K, used 37887K [0x00000000d6900000, 0x00000000db300000, 0x0000000100000000)
  eden space 32768K, 100% used [0x00000000d6900000,0x00000000d8900000,0x00000000d8900000)
  from space 5120K, 99% used [0x00000000d8900000,0x00000000d8dffed0,0x00000000d8e00000)
  to   space 5120K, 0% used [0x00000000dae00000,0x00000000dae00000,0x00000000db300000)
 ParOldGen       total 86016K, used 4602K [0x0000000083a00000, 0x0000000088e00000, 0x00000000d6900000)
  object space 86016K, 5% used [0x0000000083a00000,0x0000000083e7e8e0,0x0000000088e00000)
 Metaspace       used 13843K, capacity 14270K, committed 14592K, reserved 1062912K
  class space    used 1580K, capacity 1700K, committed 1792K, reserved 1048576K
Event: 96.588 GC heap after
Heap after GC invocations=7 (full 1):
 PSYoungGen      total 69632K, used 5095K [0x00000000d6900000, 0x00000000db500000, 0x0000000100000000)
  eden space 64512K, 0% used [0x00000000d6900000,0x00000000d6900000,0x00000000da800000)
  from space 5120K, 99% used [0x00000000dae00000,0x00000000db2f9fc8,0x00000000db300000)
  to   space 6144K, 0% used [0x00000000da800000,0x00000000da800000,0x00000000dae00000)
 ParOldGen       total 86016K, used 5050K [0x0000000083a00000, 0x0000000088e00000, 0x00000000d6900000)
  object space 86016K, 5% used [0x0000000083a00000,0x0000000083eee838,0x0000000088e00000)
 Metaspace       used 13843K, capacity 14270K, committed 14592K, reserved 1062912K
  class space    used 1580K, capacity 1700K, committed 1792K, reserved 1048576K
}
Event: 97.890 GC heap before
{Heap before GC invocations=8 (full 1):
 PSYoungGen      total 69632K, used 69607K [0x00000000d6900000, 0x00000000db500000, 0x0000000100000000)
  eden space 64512K, 100% used [0x00000000d6900000,0x00000000da800000,0x00000000da800000)
  from space 5120K, 99% used [0x00000000dae00000,0x00000000db2f9fc8,0x00000000db300000)
  to   space 6144K, 0% used [0x00000000da800000,0x00000000da800000,0x00000000dae00000)
 ParOldGen       total 86016K, used 5050K [0x0000000083a00000, 0x0000000088e00000, 0x00000000d6900000)
  object space 86016K, 5% used [0x0000000083a00000,0x0000000083eee838,0x0000000088e00000)
 Metaspace       used 14091K, capacity 14526K, committed 14848K, reserved 1062912K
  class space    used 1582K, capacity 1700K, committed 1792K, reserved 1048576K
Event: 97.956 GC heap after
Heap after GC invocations=8 (full 1):
 PSYoungGen      total 70656K, used 6123K [0x00000000d6900000, 0x00000000df600000, 0x0000000100000000)
  eden space 64512K, 0% used [0x00000000d6900000,0x00000000d6900000,0x00000000da800000)
  from space 6144K, 99% used [0x00000000da800000,0x00000000dadfae30,0x00000000dae00000)
  to   space 7680K, 0% used [0x00000000dee80000,0x00000000dee80000,0x00000000df600000)
 ParOldGen       total 86016K, used 6989K [0x0000000083a00000, 0x0000000088e00000, 0x00000000d6900000)
  object space 86016K, 8% used [0x0000000083a00000,0x00000000840d3758,0x0000000088e00000)
 Metaspace       used 14091K, capacity 14526K, committed 14848K, reserved 1062912K
  class space    used 1582K, capacity 1700K, committed 1792K, reserved 1048576K
}
Event: 103.119 GC heap before
{Heap before GC invocations=9 (full 1):
 PSYoungGen      total 70656K, used 70635K [0x00000000d6900000, 0x00000000df600000, 0x0000000100000000)
  eden space 64512K, 100% used [0x00000000d6900000,0x00000000da800000,0x00000000da800000)
  from space 6144K, 99% used [0x00000000da800000,0x00000000dadfae30,0x00000000dae00000)
  to   space 7680K, 0% used [0x00000000dee80000,0x00000000dee80000,0x00000000df600000)
 ParOldGen       total 86016K, used 6989K [0x0000000083a00000, 0x0000000088e00000, 0x00000000d6900000)
  object space 86016K, 8% used [0x0000000083a00000,0x00000000840d3758,0x0000000088e00000)
 Metaspace       used 16478K, capacity 16982K, committed 17152K, reserved 1064960K
  class space    used 1839K, capacity 1983K, committed 2048K, reserved 1048576K
Event: 103.428 GC heap after
Heap after GC invocations=9 (full 1):
 PSYoungGen      total 132608K, used 7669K [0x00000000d6900000, 0x00000000dfe00000, 0x0000000100000000)
  eden space 124928K, 0% used [0x00000000d6900000,0x00000000d6900000,0x00000000de300000)
  from space 7680K, 99% used [0x00000000dee80000,0x00000000df5fd618,0x00000000df600000)
  to   space 11776K, 0% used [0x00000000de300000,0x00000000de300000,0x00000000dee80000)
 ParOldGen       total 86016K, used 14615K [0x0000000083a00000, 0x0000000088e00000, 0x00000000d6900000)
  object space 86016K, 16% used [0x0000000083a00000,0x0000000084845c40,0x0000000088e00000)
 Metaspace       used 16478K, capacity 16982K, committed 17152K, reserved 1064960K
  class space    used 1839K, capacity 1983K, committed 2048K, reserved 1048576K
}
Event: 125.221 GC heap before
{Heap before GC invocations=10 (full 1):
 PSYoungGen      total 132608K, used 132597K [0x00000000d6900000, 0x00000000dfe00000, 0x0000000100000000)
  eden space 124928K, 100% used [0x00000000d6900000,0x00000000de300000,0x00000000de300000)
  from space 7680K, 99% used [0x00000000dee80000,0x00000000df5fd618,0x00000000df600000)
  to   space 11776K, 0% used [0x00000000de300000,0x00000000de300000,0x00000000dee80000)
 ParOldGen       total 86016K, used 14615K [0x0000000083a00000, 0x0000000088e00000, 0x00000000d6900000)
  object space 86016K, 16% used [0x0000000083a00000,0x0000000084845c40,0x0000000088e00000)
 Metaspace       used 20041K, capacity 20594K, committed 20992K, reserved 1067008K
  class space    used 2286K, capacity 2447K, committed 2560K, reserved 1048576K

