# JRE version: Java(TM) SE Runtime Environment (8.0_181-b13) (build 1.8.0_181-b13)
# Java VM: Java HotSpot(TM) 64-Bit Server VM (25.181-b13 mixed mode linux-amd64 compressed oops)
Heap:
 PSYoungGen      total 136192K, used 5867K [0x00000000d6900000, 0x00000000dfb00000, 0x0000000100000000)
  eden space 126976K, 0% used [0x00000000d6900000,0x00000000d6900000,0x00000000de500000)
  from space 9216K, 63% used [0x00000000de500000,0x00000000deabafc0,0x00000000dee00000)
  to   space 5120K, 0% used [0x00000000dee00000,0x00000000dee00000,0x00000000df300000)
 ParOldGen       total 86016K, used 13194K [0x0000000083a00000, 0x0000000088e00000, 0x00000000d6900000)
  object space 86016K, 15% used [0x0000000083a00000,0x00000000846e2a08,0x0000000088e00000)
 Metaspace       used 14206K, capacity 14662K, committed 14848K, reserved 1062912K
  class space    used 1607K, capacity 1742K, committed 1792K, reserved 1048576K
GC Heap History (10 events):
Event: 154.667 GC heap after
Heap after GC invocations=3 (full 1):
 PSYoungGen      total 37888K, used 5110K [0x00000000d6900000, 0x00000000d9300000, 0x0000000100000000)
  eden space 32768K, 0% used [0x00000000d6900000,0x00000000d6900000,0x00000000d8900000)
  from space 5120K, 99% used [0x00000000d8e00000,0x00000000d92fd8d0,0x00000000d9300000)
  to   space 5120K, 0% used [0x00000000d8900000,0x00000000d8900000,0x00000000d8e00000)
 ParOldGen       total 86016K, used 5905K [0x0000000083a00000, 0x0000000088e00000, 0x00000000d6900000)
  object space 86016K, 6% used [0x0000000083a00000,0x0000000083fc46e8,0x0000000088e00000)
 Metaspace       used 13860K, capacity 14330K, committed 14592K, reserved 1062912K
  class space    used 1603K, capacity 1740K, committed 1792K, reserved 1048576K
}
Event: 155.710 GC heap before
{Heap before GC invocations=4 (full 1):
 PSYoungGen      total 37888K, used 37878K [0x00000000d6900000, 0x00000000d9300000, 0x0000000100000000)
  eden space 32768K, 100% used [0x00000000d6900000,0x00000000d8900000,0x00000000d8900000)
  from space 5120K, 99% used [0x00000000d8e00000,0x00000000d92fd8d0,0x00000000d9300000)
  to   space 5120K, 0% used [0x00000000d8900000,0x00000000d8900000,0x00000000d8e00000)
 ParOldGen       total 86016K, used 5905K [0x0000000083a00000, 0x0000000088e00000, 0x00000000d6900000)
  object space 86016K, 6% used [0x0000000083a00000,0x0000000083fc46e8,0x0000000088e00000)
 Metaspace       used 14037K, capacity 14528K, committed 14848K, reserved 1062912K
  class space    used 1606K, capacity 1741K, committed 1792K, reserved 1048576K
Event: 155.750 GC heap after
Heap after GC invocations=4 (full 1):
 PSYoungGen      total 37888K, used 5111K [0x00000000d6900000, 0x00000000db300000, 0x0000000100000000)
  eden space 32768K, 0% used [0x00000000d6900000,0x00000000d6900000,0x00000000d8900000)
  from space 5120K, 99% used [0x00000000d8900000,0x00000000d8dfde60,0x00000000d8e00000)
  to   space 5120K, 0% used [0x00000000dae00000,0x00000000dae00000,0x00000000db300000)
 ParOldGen       total 86016K, used 7082K [0x0000000083a00000, 0x0000000088e00000, 0x00000000d6900000)
  object space 86016K, 8% used [0x0000000083a00000,0x00000000840eaa38,0x0000000088e00000)
 Metaspace       used 14037K, capacity 14528K, committed 14848K, reserved 1062912K
  class space    used 1606K, capacity 1741K, committed 1792K, reserved 1048576K
}
Event: 156.548 GC heap before
{Heap before GC invocations=5 (full 1):
 PSYoungGen      total 37888K, used 37879K [0x00000000d6900000, 0x00000000db300000, 0x0000000100000000)
  eden space 32768K, 100% used [0x00000000d6900000,0x00000000d8900000,0x00000000d8900000)
  from space 5120K, 99% used [0x00000000d8900000,0x00000000d8dfde60,0x00000000d8e00000)
  to   space 5120K, 0% used [0x00000000dae00000,0x00000000dae00000,0x00000000db300000)
 ParOldGen       total 86016K, used 7082K [0x0000000083a00000, 0x0000000088e00000, 0x00000000d6900000)
  object space 86016K, 8% used [0x0000000083a00000,0x00000000840eaa38,0x0000000088e00000)
 Metaspace       used 14145K, capacity 14592K, committed 14848K, reserved 1062912K
  class space    used 1606K, capacity 1741K, committed 1792K, reserved 1048576K
Event: 156.613 GC heap after
Heap after GC invocations=5 (full 1):
 PSYoungGen      total 70656K, used 5113K [0x00000000d6900000, 0x00000000db300000, 0x0000000100000000)
  eden space 65536K, 0% used [0x00000000d6900000,0x00000000d6900000,0x00000000da900000)
  from space 5120K, 99% used [0x00000000dae00000,0x00000000db2fe7e0,0x00000000db300000)
  to   space 5120K, 0% used [0x00000000da900000,0x00000000da900000,0x00000000dae00000)
 ParOldGen       total 86016K, used 9023K [0x0000000083a00000, 0x0000000088e00000, 0x00000000d6900000)
  object space 86016K, 10% used [0x0000000083a00000,0x00000000842cfeb0,0x0000000088e00000)
 Metaspace       used 14145K, capacity 14592K, committed 14848K, reserved 1062912K
  class space    used 1606K, capacity 1741K, committed 1792K, reserved 1048576K
}
Event: 157.822 GC heap before
{Heap before GC invocations=6 (full 1):
 PSYoungGen      total 70656K, used 70649K [0x00000000d6900000, 0x00000000db300000, 0x0000000100000000)
  eden space 65536K, 100% used [0x00000000d6900000,0x00000000da900000,0x00000000da900000)
  from space 5120K, 99% used [0x00000000dae00000,0x00000000db2fe7e0,0x00000000db300000)
  to   space 5120K, 0% used [0x00000000da900000,0x00000000da900000,0x00000000dae00000)
 ParOldGen       total 86016K, used 9023K [0x0000000083a00000, 0x0000000088e00000, 0x00000000d6900000)
  object space 86016K, 10% used [0x0000000083a00000,0x00000000842cfeb0,0x0000000088e00000)
 Metaspace       used 14198K, capacity 14662K, committed 14848K, reserved 1062912K
  class space    used 1607K, capacity 1742K, committed 1792K, reserved 1048576K
Event: 157.894 GC heap after
Heap after GC invocations=6 (full 1):
 PSYoungGen      total 70656K, used 5112K [0x00000000d6900000, 0x00000000df300000, 0x0000000100000000)
  eden space 65536K, 0% used [0x00000000d6900000,0x00000000d6900000,0x00000000da900000)
  from space 5120K, 99% used [0x00000000da900000,0x00000000dadfe000,0x00000000dae00000)
  to   space 5120K, 0% used [0x00000000dee00000,0x00000000dee00000,0x00000000df300000)
 ParOldGen       total 86016K, used 12117K [0x0000000083a00000, 0x0000000088e00000, 0x00000000d6900000)
  object space 86016K, 14% used [0x0000000083a00000,0x00000000845d5690,0x0000000088e00000)
 Metaspace       used 14198K, capacity 14662K, committed 14848K, reserved 1062912K
  class space    used 1607K, capacity 1742K, committed 1792K, reserved 1048576K
}
Event: 159.069 GC heap before
{Heap before GC invocations=7 (full 1):
 PSYoungGen      total 70656K, used 70648K [0x00000000d6900000, 0x00000000df300000, 0x0000000100000000)
  eden space 65536K, 100% used [0x00000000d6900000,0x00000000da900000,0x00000000da900000)
  from space 5120K, 99% used [0x00000000da900000,0x00000000dadfe000,0x00000000dae00000)
  to   space 5120K, 0% used [0x00000000dee00000,0x00000000dee00000,0x00000000df300000)
 ParOldGen       total 86016K, used 12117K [0x0000000083a00000, 0x0000000088e00000, 0x00000000d6900000)
  object space 86016K, 14% used [0x0000000083a00000,0x00000000845d5690,0x0000000088e00000)
 Metaspace       used 14201K, capacity 14662K, committed 14848K, reserved 1062912K
  class space    used 1607K, capacity 1742K, committed 1792K, reserved 1048576K
Event: 159.094 GC heap after
Heap after GC invocations=7 (full 1):
 PSYoungGen      total 132096K, used 5097K [0x00000000d6900000, 0x00000000dfb00000, 0x0000000100000000)
  eden space 126976K, 0% used [0x00000000d6900000,0x00000000d6900000,0x00000000de500000)
  from space 5120K, 99% used [0x00000000dee00000,0x00000000df2fa630,0x00000000df300000)
  to   space 9216K, 0% used [0x00000000de500000,0x00000000de500000,0x00000000dee00000)
 ParOldGen       total 86016K, used 13194K [0x0000000083a00000, 0x0000000088e00000, 0x00000000d6900000)
  object space 86016K, 15% used [0x0000000083a00000,0x00000000846e2a08,0x0000000088e00000)
 Metaspace       used 14201K, capacity 14662K, committed 14848K, reserved 1062912K
  class space    used 1607K, capacity 1742K, committed 1792K, reserved 1048576K
}
Event: 161.686 GC heap before
{Heap before GC invocations=8 (full 1):
 PSYoungGen      total 132096K, used 132073K [0x00000000d6900000, 0x00000000dfb00000, 0x0000000100000000)
  eden space 126976K, 100% used [0x00000000d6900000,0x00000000de500000,0x00000000de500000)
  from space 5120K, 99% used [0x00000000dee00000,0x00000000df2fa630,0x00000000df300000)
  to   space 9216K, 0% used [0x00000000de500000,0x00000000de500000,0x00000000dee00000)
 ParOldGen       total 86016K, used 13194K [0x0000000083a00000, 0x0000000088e00000, 0x00000000d6900000)
  object space 86016K, 15% used [0x0000000083a00000,0x00000000846e2a08,0x0000000088e00000)
 Metaspace       used 14206K, capacity 14662K, committed 14848K, reserved 1062912K
  class space    used 1607K, capacity 1742K, committed 1792K, reserved 1048576K

