# JRE version: Java(TM) SE Runtime Environment (8.0_181-b13) (build 1.8.0_181-b13)
# Java VM: Java HotSpot(TM) 64-Bit Server VM (25.181-b13 mixed mode linux-amd64 compressed oops)
Heap:
 PSYoungGen      total 132608K, used 5918K [0x00000000d6900000, 0x00000000df200000, 0x0000000100000000)
  eden space 124928K, 0% used [0x00000000d6900000,0x00000000d6900000,0x00000000de300000)
  from space 7680K, 77% used [0x00000000de300000,0x00000000de8c7990,0x00000000dea80000)
  to   space 7680K, 0% used [0x00000000dea80000,0x00000000dea80000,0x00000000df200000)
 ParOldGen       total 86016K, used 13032K [0x0000000083a00000, 0x0000000088e00000, 0x00000000d6900000)
  object space 86016K, 15% used [0x0000000083a00000,0x00000000846ba0a8,0x0000000088e00000)
 Metaspace       used 13993K, capacity 14372K, committed 14592K, reserved 1062912K
  class space    used 1582K, capacity 1698K, committed 1792K, reserved 1048576K
GC Heap History (10 events):
Event: 149.888 GC heap after
Heap after GC invocations=5 (full 1):
 PSYoungGen      total 37888K, used 5112K [0x00000000d6900000, 0x00000000db300000, 0x0000000100000000)
  eden space 32768K, 0% used [0x00000000d6900000,0x00000000d6900000,0x00000000d8900000)
  from space 5120K, 99% used [0x00000000d8e00000,0x00000000d92fe1c0,0x00000000d9300000)
  to   space 5120K, 0% used [0x00000000d8900000,0x00000000d8900000,0x00000000d8e00000)
 ParOldGen       total 86016K, used 6397K [0x0000000083a00000, 0x0000000088e00000, 0x00000000d6900000)
  object space 86016K, 7% used [0x0000000083a00000,0x000000008403f400,0x0000000088e00000)
 Metaspace       used 13887K, capacity 14244K, committed 14592K, reserved 1062912K
  class space    used 1582K, capacity 1698K, committed 1792K, reserved 1048576K
}
Event: 150.280 GC heap before
{Heap before GC invocations=6 (full 1):
 PSYoungGen      total 37888K, used 37880K [0x00000000d6900000, 0x00000000db300000, 0x0000000100000000)
  eden space 32768K, 100% used [0x00000000d6900000,0x00000000d8900000,0x00000000d8900000)
  from space 5120K, 99% used [0x00000000d8e00000,0x00000000d92fe1c0,0x00000000d9300000)
  to   space 5120K, 0% used [0x00000000d8900000,0x00000000d8900000,0x00000000d8e00000)
 ParOldGen       total 86016K, used 6397K [0x0000000083a00000, 0x0000000088e00000, 0x00000000d6900000)
  object space 86016K, 7% used [0x0000000083a00000,0x000000008403f400,0x0000000088e00000)
 Metaspace       used 13928K, capacity 14308K, committed 14592K, reserved 1062912K
  class space    used 1582K, capacity 1698K, committed 1792K, reserved 1048576K
Event: 150.300 GC heap after
Heap after GC invocations=6 (full 1):
 PSYoungGen      total 37888K, used 5102K [0x00000000d6900000, 0x00000000db300000, 0x0000000100000000)
  eden space 32768K, 0% used [0x00000000d6900000,0x00000000d6900000,0x00000000d8900000)
  from space 5120K, 99% used [0x00000000d8900000,0x00000000d8dfb950,0x00000000d8e00000)
  to   space 5120K, 0% used [0x00000000dae00000,0x00000000dae00000,0x00000000db300000)
 ParOldGen       total 86016K, used 7692K [0x0000000083a00000, 0x0000000088e00000, 0x00000000d6900000)
  object space 86016K, 8% used [0x0000000083a00000,0x00000000841832e8,0x0000000088e00000)
 Metaspace       used 13928K, capacity 14308K, committed 14592K, reserved 1062912K
  class space    used 1582K, capacity 1698K, committed 1792K, reserved 1048576K
}
Event: 150.705 GC heap before
{Heap before GC invocations=7 (full 1):
 PSYoungGen      total 37888K, used 37870K [0x00000000d6900000, 0x00000000db300000, 0x0000000100000000)
  eden space 32768K, 100% used [0x00000000d6900000,0x00000000d8900000,0x00000000d8900000)
  from space 5120K, 99% used [0x00000000d8900000,0x00000000d8dfb950,0x00000000d8e00000)
  to   space 5120K, 0% used [0x00000000dae00000,0x00000000dae00000,0x00000000db300000)
 ParOldGen       total 86016K, used 7692K [0x0000000083a00000, 0x0000000088e00000, 0x00000000d6900000)
  object space 86016K, 8% used [0x0000000083a00000,0x00000000841832e8,0x0000000088e00000)
 Metaspace       used 13942K, capacity 14308K, committed 14592K, reserved 1062912K
  class space    used 1582K, capacity 1698K, committed 1792K, reserved 1048576K
Event: 150.731 GC heap after
Heap after GC invocations=7 (full 1):
 PSYoungGen      total 67584K, used 5096K [0x00000000d6900000, 0x00000000db900000, 0x0000000100000000)
  eden space 62464K, 0% used [0x00000000d6900000,0x00000000d6900000,0x00000000da600000)
  from space 5120K, 99% used [0x00000000dae00000,0x00000000db2fa1e0,0x00000000db300000)
  to   space 8192K, 0% used [0x00000000da600000,0x00000000da600000,0x00000000dae00000)
 ParOldGen       total 86016K, used 8912K [0x0000000083a00000, 0x0000000088e00000, 0x00000000d6900000)
  object space 86016K, 10% used [0x0000000083a00000,0x00000000842b43d8,0x0000000088e00000)
 Metaspace       used 13942K, capacity 14308K, committed 14592K, reserved 1062912K
  class space    used 1582K, capacity 1698K, committed 1792K, reserved 1048576K
}
Event: 151.370 GC heap before
{Heap before GC invocations=8 (full 1):
 PSYoungGen      total 67584K, used 67560K [0x00000000d6900000, 0x00000000db900000, 0x0000000100000000)
  eden space 62464K, 100% used [0x00000000d6900000,0x00000000da600000,0x00000000da600000)
  from space 5120K, 99% used [0x00000000dae00000,0x00000000db2fa1e0,0x00000000db300000)
  to   space 8192K, 0% used [0x00000000da600000,0x00000000da600000,0x00000000dae00000)
 ParOldGen       total 86016K, used 8912K [0x0000000083a00000, 0x0000000088e00000, 0x00000000d6900000)
  object space 86016K, 10% used [0x0000000083a00000,0x00000000842b43d8,0x0000000088e00000)
 Metaspace       used 13964K, capacity 14308K, committed 14592K, reserved 1062912K
  class space    used 1582K, capacity 1698K, committed 1792K, reserved 1048576K
Event: 151.412 GC heap after
Heap after GC invocations=8 (full 1):
 PSYoungGen      total 70656K, used 6056K [0x00000000d6900000, 0x00000000df200000, 0x0000000100000000)
  eden space 62464K, 0% used [0x00000000d6900000,0x00000000d6900000,0x00000000da600000)
  from space 8192K, 73% used [0x00000000da600000,0x00000000dabea1e0,0x00000000dae00000)
  to   space 7680K, 0% used [0x00000000dea80000,0x00000000dea80000,0x00000000df200000)
 ParOldGen       total 86016K, used 8912K [0x0000000083a00000, 0x0000000088e00000, 0x00000000d6900000)
  object space 86016K, 10% used [0x0000000083a00000,0x00000000842b43d8,0x0000000088e00000)
 Metaspace       used 13964K, capacity 14308K, committed 14592K, reserved 1062912K
  class space    used 1582K, capacity 1698K, committed 1792K, reserved 1048576K
}
Event: 151.804 GC heap before
{Heap before GC invocations=9 (full 1):
 PSYoungGen      total 70656K, used 68520K [0x00000000d6900000, 0x00000000df200000, 0x0000000100000000)
  eden space 62464K, 100% used [0x00000000d6900000,0x00000000da600000,0x00000000da600000)
  from space 8192K, 73% used [0x00000000da600000,0x00000000dabea1e0,0x00000000dae00000)
  to   space 7680K, 0% used [0x00000000dea80000,0x00000000dea80000,0x00000000df200000)
 ParOldGen       total 86016K, used 8912K [0x0000000083a00000, 0x0000000088e00000, 0x00000000d6900000)
  object space 86016K, 10% used [0x0000000083a00000,0x00000000842b43d8,0x0000000088e00000)
 Metaspace       used 13966K, capacity 14308K, committed 14592K, reserved 1062912K
  class space    used 1582K, capacity 1698K, committed 1792K, reserved 1048576K
Event: 151.836 GC heap after
Heap after GC invocations=9 (full 1):
 PSYoungGen      total 132608K, used 4670K [0x00000000d6900000, 0x00000000df200000, 0x0000000100000000)
  eden space 124928K, 0% used [0x00000000d6900000,0x00000000d6900000,0x00000000de300000)
  from space 7680K, 60% used [0x00000000dea80000,0x00000000def0f990,0x00000000df200000)
  to   space 7680K, 0% used [0x00000000de300000,0x00000000de300000,0x00000000dea80000)
 ParOldGen       total 86016K, used 10816K [0x0000000083a00000, 0x0000000088e00000, 0x00000000d6900000)
  object space 86016K, 12% used [0x0000000083a00000,0x00000000844900a8,0x0000000088e00000)
 Metaspace       used 13966K, capacity 14308K, committed 14592K, reserved 1062912K
  class space    used 1582K, capacity 1698K, committed 1792K, reserved 1048576K
}
Event: 153.352 GC heap before
{Heap before GC invocations=10 (full 1):
 PSYoungGen      total 132608K, used 129598K [0x00000000d6900000, 0x00000000df200000, 0x0000000100000000)
  eden space 124928K, 100% used [0x00000000d6900000,0x00000000de300000,0x00000000de300000)
  from space 7680K, 60% used [0x00000000dea80000,0x00000000def0f990,0x00000000df200000)
  to   space 7680K, 0% used [0x00000000de300000,0x00000000de300000,0x00000000dea80000)
 ParOldGen       total 86016K, used 10816K [0x0000000083a00000, 0x0000000088e00000, 0x00000000d6900000)
  object space 86016K, 12% used [0x0000000083a00000,0x00000000844900a8,0x0000000088e00000)
 Metaspace       used 13993K, capacity 14372K, committed 14592K, reserved 1062912K
  class space    used 1582K, capacity 1698K, committed 1792K, reserved 1048576K

