# JRE version: Java(TM) SE Runtime Environment (8.0_181-b13) (build 1.8.0_181-b13)
# Java VM: Java HotSpot(TM) 64-Bit Server VM (25.181-b13 mixed mode linux-amd64 compressed oops)
Heap:
 PSYoungGen      total 136192K, used 10720K [0x00000000d6900000, 0x00000000dfc00000, 0x0000000100000000)
  eden space 125440K, 0% used [0x00000000d6900000,0x00000000d6900000,0x00000000de380000)
  from space 10752K, 99% used [0x00000000de380000,0x00000000dedf8098,0x00000000dee00000)
  to   space 7168K, 0% used [0x00000000dee00000,0x00000000dee00000,0x00000000df500000)
 ParOldGen       total 86016K, used 23383K [0x0000000083a00000, 0x0000000088e00000, 0x00000000d6900000)
  object space 86016K, 27% used [0x0000000083a00000,0x00000000850d5ef0,0x0000000088e00000)
 Metaspace       used 18925K, capacity 19424K, committed 19712K, reserved 1067008K
  class space    used 2121K, capacity 2288K, committed 2304K, reserved 1048576K
GC Heap History (10 events):
Event: 122.080 GC heap after
Heap after GC invocations=5 (full 1):
 PSYoungGen      total 37888K, used 5094K [0x00000000d6900000, 0x00000000d9300000, 0x0000000100000000)
  eden space 32768K, 0% used [0x00000000d6900000,0x00000000d6900000,0x00000000d8900000)
  from space 5120K, 99% used [0x00000000d8e00000,0x00000000d92f9a30,0x00000000d9300000)
  to   space 5120K, 0% used [0x00000000d8900000,0x00000000d8900000,0x00000000d8e00000)
 ParOldGen       total 86016K, used 4576K [0x0000000083a00000, 0x0000000088e00000, 0x00000000d6900000)
  object space 86016K, 5% used [0x0000000083a00000,0x0000000083e782a0,0x0000000088e00000)
 Metaspace       used 13885K, capacity 14270K, committed 14592K, reserved 1062912K
  class space    used 1580K, capacity 1700K, committed 1792K, reserved 1048576K
}
Event: 122.439 GC heap before
{Heap before GC invocations=6 (full 1):
 PSYoungGen      total 37888K, used 37862K [0x00000000d6900000, 0x00000000d9300000, 0x0000000100000000)
  eden space 32768K, 100% used [0x00000000d6900000,0x00000000d8900000,0x00000000d8900000)
  from space 5120K, 99% used [0x00000000d8e00000,0x00000000d92f9a30,0x00000000d9300000)
  to   space 5120K, 0% used [0x00000000d8900000,0x00000000d8900000,0x00000000d8e00000)
 ParOldGen       total 86016K, used 4576K [0x0000000083a00000, 0x0000000088e00000, 0x00000000d6900000)
  object space 86016K, 5% used [0x0000000083a00000,0x0000000083e782a0,0x0000000088e00000)
 Metaspace       used 13904K, capacity 14270K, committed 14592K, reserved 1062912K
  class space    used 1580K, capacity 1700K, committed 1792K, reserved 1048576K
Event: 122.465 GC heap after
Heap after GC invocations=6 (full 1):
 PSYoungGen      total 37888K, used 5098K [0x00000000d6900000, 0x00000000db300000, 0x0000000100000000)
  eden space 32768K, 0% used [0x00000000d6900000,0x00000000d6900000,0x00000000d8900000)
  from space 5120K, 99% used [0x00000000d8900000,0x00000000d8dfaa70,0x00000000d8e00000)
  to   space 5120K, 0% used [0x00000000dae00000,0x00000000dae00000,0x00000000db300000)
 ParOldGen       total 86016K, used 4892K [0x0000000083a00000, 0x0000000088e00000, 0x00000000d6900000)
  object space 86016K, 5% used [0x0000000083a00000,0x0000000083ec7200,0x0000000088e00000)
 Metaspace       used 13904K, capacity 14270K, committed 14592K, reserved 1062912K
  class space    used 1580K, capacity 1700K, committed 1792K, reserved 1048576K
}
Event: 122.806 GC heap before
{Heap before GC invocations=7 (full 1):
 PSYoungGen      total 37888K, used 37866K [0x00000000d6900000, 0x00000000db300000, 0x0000000100000000)
  eden space 32768K, 100% used [0x00000000d6900000,0x00000000d8900000,0x00000000d8900000)
  from space 5120K, 99% used [0x00000000d8900000,0x00000000d8dfaa70,0x00000000d8e00000)
  to   space 5120K, 0% used [0x00000000dae00000,0x00000000dae00000,0x00000000db300000)
 ParOldGen       total 86016K, used 4892K [0x0000000083a00000, 0x0000000088e00000, 0x00000000d6900000)
  object space 86016K, 5% used [0x0000000083a00000,0x0000000083ec7200,0x0000000088e00000)
 Metaspace       used 13948K, capacity 14340K, committed 14592K, reserved 1062912K
  class space    used 1580K, capacity 1701K, committed 1792K, reserved 1048576K
Event: 122.829 GC heap after
Heap after GC invocations=7 (full 1):
 PSYoungGen      total 69632K, used 5102K [0x00000000d6900000, 0x00000000db500000, 0x0000000100000000)
  eden space 64512K, 0% used [0x00000000d6900000,0x00000000d6900000,0x00000000da800000)
  from space 5120K, 99% used [0x00000000dae00000,0x00000000db2fbad0,0x00000000db300000)
  to   space 6144K, 0% used [0x00000000da800000,0x00000000da800000,0x00000000dae00000)
 ParOldGen       total 86016K, used 5008K [0x0000000083a00000, 0x0000000088e00000, 0x00000000d6900000)
  object space 86016K, 5% used [0x0000000083a00000,0x0000000083ee4210,0x0000000088e00000)
 Metaspace       used 13948K, capacity 14340K, committed 14592K, reserved 1062912K
  class space    used 1580K, capacity 1701K, committed 1792K, reserved 1048576K
}
Event: 125.617 GC heap before
{Heap before GC invocations=8 (full 1):
 PSYoungGen      total 69632K, used 69614K [0x00000000d6900000, 0x00000000db500000, 0x0000000100000000)
  eden space 64512K, 100% used [0x00000000d6900000,0x00000000da800000,0x00000000da800000)
  from space 5120K, 99% used [0x00000000dae00000,0x00000000db2fbad0,0x00000000db300000)
  to   space 6144K, 0% used [0x00000000da800000,0x00000000da800000,0x00000000dae00000)
 ParOldGen       total 86016K, used 5008K [0x0000000083a00000, 0x0000000088e00000, 0x00000000d6900000)
  object space 86016K, 5% used [0x0000000083a00000,0x0000000083ee4210,0x0000000088e00000)
 Metaspace       used 13999K, capacity 14404K, committed 14592K, reserved 1062912K
  class space    used 1580K, capacity 1701K, committed 1792K, reserved 1048576K
Event: 125.663 GC heap after
Heap after GC invocations=8 (full 1):
 PSYoungGen      total 70656K, used 6128K [0x00000000d6900000, 0x00000000df500000, 0x0000000100000000)
  eden space 64512K, 0% used [0x00000000d6900000,0x00000000d6900000,0x00000000da800000)
  from space 6144K, 99% used [0x00000000da800000,0x00000000dadfc0e0,0x00000000dae00000)
  to   space 7168K, 0% used [0x00000000dee00000,0x00000000dee00000,0x00000000df500000)
 ParOldGen       total 86016K, used 6225K [0x0000000083a00000, 0x0000000088e00000, 0x00000000d6900000)
  object space 86016K, 7% used [0x0000000083a00000,0x0000000084014578,0x0000000088e00000)
 Metaspace       used 13999K, capacity 14404K, committed 14592K, reserved 1062912K
  class space    used 1580K, capacity 1701K, committed 1792K, reserved 1048576K
}
Event: 129.369 GC heap before
{Heap before GC invocations=9 (full 1):
 PSYoungGen      total 70656K, used 70640K [0x00000000d6900000, 0x00000000df500000, 0x0000000100000000)
  eden space 64512K, 100% used [0x00000000d6900000,0x00000000da800000,0x00000000da800000)
  from space 6144K, 99% used [0x00000000da800000,0x00000000dadfc0e0,0x00000000dae00000)
  to   space 7168K, 0% used [0x00000000dee00000,0x00000000dee00000,0x00000000df500000)
 ParOldGen       total 86016K, used 6225K [0x0000000083a00000, 0x0000000088e00000, 0x00000000d6900000)
  object space 86016K, 7% used [0x0000000083a00000,0x0000000084014578,0x0000000088e00000)
 Metaspace       used 16774K, capacity 17212K, committed 17408K, reserved 1064960K
  class space    used 1871K, capacity 1990K, committed 2048K, reserved 1048576K
Event: 129.476 GC heap after
Heap after GC invocations=9 (full 1):
 PSYoungGen      total 132608K, used 7144K [0x00000000d6900000, 0x00000000dfc00000, 0x0000000100000000)
  eden space 125440K, 0% used [0x00000000d6900000,0x00000000d6900000,0x00000000de380000)
  from space 7168K, 99% used [0x00000000dee00000,0x00000000df4fa228,0x00000000df500000)
  to   space 10752K, 0% used [0x00000000de380000,0x00000000de380000,0x00000000dee00000)
 ParOldGen       total 86016K, used 12799K [0x0000000083a00000, 0x0000000088e00000, 0x00000000d6900000)
  object space 86016K, 14% used [0x0000000083a00000,0x000000008467fd18,0x0000000088e00000)
 Metaspace       used 16774K, capacity 17212K, committed 17408K, reserved 1064960K
  class space    used 1871K, capacity 1990K, committed 2048K, reserved 1048576K
}
Event: 148.279 GC heap before
{Heap before GC invocations=10 (full 1):
 PSYoungGen      total 132608K, used 132584K [0x00000000d6900000, 0x00000000dfc00000, 0x0000000100000000)
  eden space 125440K, 100% used [0x00000000d6900000,0x00000000de380000,0x00000000de380000)
  from space 7168K, 99% used [0x00000000dee00000,0x00000000df4fa228,0x00000000df500000)
  to   space 10752K, 0% used [0x00000000de380000,0x00000000de380000,0x00000000dee00000)
 ParOldGen       total 86016K, used 12799K [0x0000000083a00000, 0x0000000088e00000, 0x00000000d6900000)
  object space 86016K, 14% used [0x0000000083a00000,0x000000008467fd18,0x0000000088e00000)
 Metaspace       used 18925K, capacity 19424K, committed 19712K, reserved 1067008K
  class space    used 2121K, capacity 2288K, committed 2304K, reserved 1048576K

