# JRE version: Java(TM) SE Runtime Environment (8.0_181-b13) (build 1.8.0_181-b13)
# Java VM: Java HotSpot(TM) 64-Bit Server VM (25.181-b13 mixed mode linux-amd64 compressed oops)
Heap:
 PSYoungGen      total 69632K, used 12012K [0x00000000d6900000, 0x00000000db500000, 0x0000000100000000)
  eden space 62976K, 13% used [0x00000000d6900000,0x00000000d71472f8,0x00000000da680000)
  from space 6656K, 53% used [0x00000000dad80000,0x00000000db0f4060,0x00000000db400000)
  to   space 7168K, 0% used [0x00000000da680000,0x00000000da680000,0x00000000dad80000)
 ParOldGen       total 86016K, used 9813K [0x0000000083a00000, 0x0000000088e00000, 0x00000000d6900000)
  object space 86016K, 11% used [0x0000000083a00000,0x00000000843954a0,0x0000000088e00000)
 Metaspace       used 14622K, capacity 15058K, committed 15104K, reserved 1062912K
  class space    used 1645K, capacity 1791K, committed 1792K, reserved 1048576K
GC Heap History (10 events):
Event: 121.661 GC heap before
{Heap before GC invocations=5 (full 1):
 PSYoungGen      total 37888K, used 37743K [0x00000000d6900000, 0x00000000d9300000, 0x0000000100000000)
  eden space 32768K, 100% used [0x00000000d6900000,0x00000000d8900000,0x00000000d8900000)
  from space 5120K, 97% used [0x00000000d8900000,0x00000000d8ddbca8,0x00000000d8e00000)
  to   space 5120K, 0% used [0x00000000d8e00000,0x00000000d8e00000,0x00000000d9300000)
 ParOldGen       total 86016K, used 4672K [0x0000000083a00000, 0x0000000088e00000, 0x00000000d6900000)
  object space 86016K, 5% used [0x0000000083a00000,0x0000000083e901b8,0x0000000088e00000)
 Metaspace       used 13845K, capacity 14218K, committed 14336K, reserved 1062912K
  class space    used 1578K, capacity 1702K, committed 1792K, reserved 1048576K
Event: 121.669 GC heap after
Heap after GC invocations=5 (full 1):
 PSYoungGen      total 37888K, used 5119K [0x00000000d6900000, 0x00000000d9300000, 0x0000000100000000)
  eden space 32768K, 0% used [0x00000000d6900000,0x00000000d6900000,0x00000000d8900000)
  from space 5120K, 99% used [0x00000000d8e00000,0x00000000d92ffcb8,0x00000000d9300000)
  to   space 5120K, 0% used [0x00000000d8900000,0x00000000d8900000,0x00000000d8e00000)
 ParOldGen       total 86016K, used 5384K [0x0000000083a00000, 0x0000000088e00000, 0x00000000d6900000)
  object space 86016K, 6% used [0x0000000083a00000,0x0000000083f421b8,0x0000000088e00000)
 Metaspace       used 13845K, capacity 14218K, committed 14336K, reserved 1062912K
  class space    used 1578K, capacity 1702K, committed 1792K, reserved 1048576K
}
Event: 122.121 GC heap before
{Heap before GC invocations=6 (full 1):
 PSYoungGen      total 37888K, used 37887K [0x00000000d6900000, 0x00000000d9300000, 0x0000000100000000)
  eden space 32768K, 100% used [0x00000000d6900000,0x00000000d8900000,0x00000000d8900000)
  from space 5120K, 99% used [0x00000000d8e00000,0x00000000d92ffcb8,0x00000000d9300000)
  to   space 5120K, 0% used [0x00000000d8900000,0x00000000d8900000,0x00000000d8e00000)
 ParOldGen       total 86016K, used 5384K [0x0000000083a00000, 0x0000000088e00000, 0x00000000d6900000)
  object space 86016K, 6% used [0x0000000083a00000,0x0000000083f421b8,0x0000000088e00000)
 Metaspace       used 13865K, capacity 14282K, committed 14592K, reserved 1062912K
  class space    used 1578K, capacity 1702K, committed 1792K, reserved 1048576K
Event: 122.128 GC heap after
Heap after GC invocations=6 (full 1):
 PSYoungGen      total 37888K, used 5119K [0x00000000d6900000, 0x00000000d9300000, 0x0000000100000000)
  eden space 32768K, 0% used [0x00000000d6900000,0x00000000d6900000,0x00000000d8900000)
  from space 5120K, 99% used [0x00000000d8900000,0x00000000d8dffc98,0x00000000d8e00000)
  to   space 5120K, 0% used [0x00000000d8e00000,0x00000000d8e00000,0x00000000d9300000)
 ParOldGen       total 86016K, used 5672K [0x0000000083a00000, 0x0000000088e00000, 0x00000000d6900000)
  object space 86016K, 6% used [0x0000000083a00000,0x0000000083f8a248,0x0000000088e00000)
 Metaspace       used 13865K, capacity 14282K, committed 14592K, reserved 1062912K
  class space    used 1578K, capacity 1702K, committed 1792K, reserved 1048576K
}
Event: 122.474 GC heap before
{Heap before GC invocations=7 (full 1):
 PSYoungGen      total 37888K, used 37887K [0x00000000d6900000, 0x00000000d9300000, 0x0000000100000000)
  eden space 32768K, 100% used [0x00000000d6900000,0x00000000d8900000,0x00000000d8900000)
  from space 5120K, 99% used [0x00000000d8900000,0x00000000d8dffc98,0x00000000d8e00000)
  to   space 5120K, 0% used [0x00000000d8e00000,0x00000000d8e00000,0x00000000d9300000)
 ParOldGen       total 86016K, used 5672K [0x0000000083a00000, 0x0000000088e00000, 0x00000000d6900000)
  object space 86016K, 6% used [0x0000000083a00000,0x0000000083f8a248,0x0000000088e00000)
 Metaspace       used 13903K, capacity 14346K, committed 14592K, reserved 1062912K
  class space    used 1578K, capacity 1702K, committed 1792K, reserved 1048576K
Event: 122.526 GC heap after
Heap after GC invocations=7 (full 1):
 PSYoungGen      total 36864K, used 5091K [0x00000000d6900000, 0x00000000db500000, 0x0000000100000000)
  eden space 31744K, 0% used [0x00000000d6900000,0x00000000d6900000,0x00000000d8800000)
  from space 5120K, 99% used [0x00000000d8e00000,0x00000000d92f8d58,0x00000000d9300000)
  to   space 6144K, 0% used [0x00000000d8800000,0x00000000d8800000,0x00000000d8e00000)
 ParOldGen       total 86016K, used 5928K [0x0000000083a00000, 0x0000000088e00000, 0x00000000d6900000)
  object space 86016K, 6% used [0x0000000083a00000,0x0000000083fca268,0x0000000088e00000)
 Metaspace       used 13903K, capacity 14346K, committed 14592K, reserved 1062912K
  class space    used 1578K, capacity 1702K, committed 1792K, reserved 1048576K
}
Event: 122.961 GC heap before
{Heap before GC invocations=8 (full 1):
 PSYoungGen      total 36864K, used 36835K [0x00000000d6900000, 0x00000000db500000, 0x0000000100000000)
  eden space 31744K, 100% used [0x00000000d6900000,0x00000000d8800000,0x00000000d8800000)
  from space 5120K, 99% used [0x00000000d8e00000,0x00000000d92f8d58,0x00000000d9300000)
  to   space 6144K, 0% used [0x00000000d8800000,0x00000000d8800000,0x00000000d8e00000)
 ParOldGen       total 86016K, used 5928K [0x0000000083a00000, 0x0000000088e00000, 0x00000000d6900000)
  object space 86016K, 6% used [0x0000000083a00000,0x0000000083fca268,0x0000000088e00000)
 Metaspace       used 14068K, capacity 14548K, committed 14848K, reserved 1062912K
  class space    used 1591K, capacity 1715K, committed 1792K, reserved 1048576K
Event: 123.007 GC heap after
Heap after GC invocations=8 (full 1):
 PSYoungGen      total 37888K, used 6143K [0x00000000d6900000, 0x00000000db400000, 0x0000000100000000)
  eden space 31744K, 0% used [0x00000000d6900000,0x00000000d6900000,0x00000000d8800000)
  from space 6144K, 99% used [0x00000000d8800000,0x00000000d8dffc98,0x00000000d8e00000)
  to   space 6656K, 0% used [0x00000000dad80000,0x00000000dad80000,0x00000000db400000)
 ParOldGen       total 86016K, used 5992K [0x0000000083a00000, 0x0000000088e00000, 0x00000000d6900000)
  object space 86016K, 6% used [0x0000000083a00000,0x0000000083fda268,0x0000000088e00000)
 Metaspace       used 14068K, capacity 14548K, committed 14848K, reserved 1062912K
  class space    used 1591K, capacity 1715K, committed 1792K, reserved 1048576K
}
Event: 123.470 GC heap before
{Heap before GC invocations=9 (full 1):
 PSYoungGen      total 37888K, used 37887K [0x00000000d6900000, 0x00000000db400000, 0x0000000100000000)
  eden space 31744K, 100% used [0x00000000d6900000,0x00000000d8800000,0x00000000d8800000)
  from space 6144K, 99% used [0x00000000d8800000,0x00000000d8dffc98,0x00000000d8e00000)
  to   space 6656K, 0% used [0x00000000dad80000,0x00000000dad80000,0x00000000db400000)
 ParOldGen       total 86016K, used 5992K [0x0000000083a00000, 0x0000000088e00000, 0x00000000d6900000)
  object space 86016K, 6% used [0x0000000083a00000,0x0000000083fda268,0x0000000088e00000)
 Metaspace       used 14105K, capacity 14554K, committed 14848K, reserved 1062912K
  class space    used 1594K, capacity 1716K, committed 1792K, reserved 1048576K
Event: 123.598 GC heap after
Heap after GC invocations=9 (full 1):
 PSYoungGen      total 69632K, used 3536K [0x00000000d6900000, 0x00000000db500000, 0x0000000100000000)
  eden space 62976K, 0% used [0x00000000d6900000,0x00000000d6900000,0x00000000da680000)
  from space 6656K, 53% used [0x00000000dad80000,0x00000000db0f4060,0x00000000db400000)
  to   space 7168K, 0% used [0x00000000da680000,0x00000000da680000,0x00000000dad80000)
 ParOldGen       total 86016K, used 9813K [0x0000000083a00000, 0x0000000088e00000, 0x00000000d6900000)
  object space 86016K, 11% used [0x0000000083a00000,0x00000000843954a0,0x0000000088e00000)
 Metaspace       used 14105K, capacity 14554K, committed 14848K, reserved 1062912K
  class space    used 1594K, capacity 1716K, committed 1792K, reserved 1048576K
}

