# JRE version: Java(TM) SE Runtime Environment (8.0_181-b13) (build 1.8.0_181-b13)
# Java VM: Java HotSpot(TM) 64-Bit Server VM (25.181-b13 mixed mode linux-amd64 compressed oops)
Heap:
 PSYoungGen      total 37888K, used 19062K [0x00000000d6900000, 0x00000000d9300000, 0x0000000100000000)
  eden space 32768K, 42% used [0x00000000d6900000,0x00000000d769f9a0,0x00000000d8900000)
  from space 5120K, 99% used [0x00000000d8900000,0x00000000d8dfdfb8,0x00000000d8e00000)
  to   space 5120K, 0% used [0x00000000d8e00000,0x00000000d8e00000,0x00000000d9300000)
 ParOldGen       total 86016K, used 6814K [0x0000000083a00000, 0x0000000088e00000, 0x00000000d6900000)
  object space 86016K, 7% used [0x0000000083a00000,0x00000000840a7898,0x0000000088e00000)
 Metaspace       used 17719K, capacity 18254K, committed 18432K, reserved 1064960K
  class space    used 2108K, capacity 2269K, committed 2304K, reserved 1048576K
GC Heap History (10 events):
Event: 2.527 GC heap before
{Heap before GC invocations=2 (full 1):
 PSYoungGen      total 37888K, used 4158K [0x00000000d6900000, 0x00000000d9300000, 0x0000000100000000)
  eden space 32768K, 0% used [0x00000000d6900000,0x00000000d6900000,0x00000000d8900000)
  from space 5120K, 81% used [0x00000000d8900000,0x00000000d8d0f868,0x00000000d8e00000)
  to   space 5120K, 0% used [0x00000000d8e00000,0x00000000d8e00000,0x00000000d9300000)
 ParOldGen       total 86016K, used 72K [0x0000000083a00000, 0x0000000088e00000, 0x00000000d6900000)
  object space 86016K, 0% used [0x0000000083a00000,0x0000000083a12010,0x0000000088e00000)
 Metaspace       used 10285K, capacity 10462K, committed 10624K, reserved 1058816K
  class space    used 1245K, capacity 1320K, committed 1408K, reserved 1048576K
Event: 2.642 GC heap after
Heap after GC invocations=2 (full 1):
 PSYoungGen      total 37888K, used 0K [0x00000000d6900000, 0x00000000d9300000, 0x0000000100000000)
  eden space 32768K, 0% used [0x00000000d6900000,0x00000000d6900000,0x00000000d8900000)
  from space 5120K, 0% used [0x00000000d8900000,0x00000000d8900000,0x00000000d8e00000)
  to   space 5120K, 0% used [0x00000000d8e00000,0x00000000d8e00000,0x00000000d9300000)
 ParOldGen       total 86016K, used 4069K [0x0000000083a00000, 0x0000000088e00000, 0x00000000d6900000)
  object space 86016K, 4% used [0x0000000083a00000,0x0000000083df9510,0x0000000088e00000)
 Metaspace       used 10277K, capacity 10452K, committed 10624K, reserved 1058816K
  class space    used 1244K, capacity 1318K, committed 1408K, reserved 1048576K
}
Event: 55.874 GC heap before
{Heap before GC invocations=3 (full 1):
 PSYoungGen      total 37888K, used 32768K [0x00000000d6900000, 0x00000000d9300000, 0x0000000100000000)
  eden space 32768K, 100% used [0x00000000d6900000,0x00000000d8900000,0x00000000d8900000)
  from space 5120K, 0% used [0x00000000d8900000,0x00000000d8900000,0x00000000d8e00000)
  to   space 5120K, 0% used [0x00000000d8e00000,0x00000000d8e00000,0x00000000d9300000)
 ParOldGen       total 86016K, used 4069K [0x0000000083a00000, 0x0000000088e00000, 0x00000000d6900000)
  object space 86016K, 4% used [0x0000000083a00000,0x0000000083df9510,0x0000000088e00000)
 Metaspace       used 13792K, capacity 14216K, committed 14336K, reserved 1062912K
  class space    used 1601K, capacity 1738K, committed 1792K, reserved 1048576K
Event: 55.882 GC heap after
Heap after GC invocations=3 (full 1):
 PSYoungGen      total 37888K, used 4402K [0x00000000d6900000, 0x00000000d9300000, 0x0000000100000000)
  eden space 32768K, 0% used [0x00000000d6900000,0x00000000d6900000,0x00000000d8900000)
  from space 5120K, 85% used [0x00000000d8e00000,0x00000000d924cb48,0x00000000d9300000)
  to   space 5120K, 0% used [0x00000000d8900000,0x00000000d8900000,0x00000000d8e00000)
 ParOldGen       total 86016K, used 4069K [0x0000000083a00000, 0x0000000088e00000, 0x00000000d6900000)
  object space 86016K, 4% used [0x0000000083a00000,0x0000000083df9510,0x0000000088e00000)
 Metaspace       used 13792K, capacity 14216K, committed 14336K, reserved 1062912K
  class space    used 1601K, capacity 1738K, committed 1792K, reserved 1048576K
}
Event: 56.616 GC heap before
{Heap before GC invocations=4 (full 1):
 PSYoungGen      total 37888K, used 37170K [0x00000000d6900000, 0x00000000d9300000, 0x0000000100000000)
  eden space 32768K, 100% used [0x00000000d6900000,0x00000000d8900000,0x00000000d8900000)
  from space 5120K, 85% used [0x00000000d8e00000,0x00000000d924cb48,0x00000000d9300000)
  to   space 5120K, 0% used [0x00000000d8900000,0x00000000d8900000,0x00000000d8e00000)
 ParOldGen       total 86016K, used 4069K [0x0000000083a00000, 0x0000000088e00000, 0x00000000d6900000)
  object space 86016K, 4% used [0x0000000083a00000,0x0000000083df9510,0x0000000088e00000)
 Metaspace       used 13928K, capacity 14344K, committed 14592K, reserved 1062912K
  class space    used 1602K, capacity 1738K, committed 1792K, reserved 1048576K
Event: 56.624 GC heap after
Heap after GC invocations=4 (full 1):
 PSYoungGen      total 37888K, used 4278K [0x00000000d6900000, 0x00000000d9300000, 0x0000000100000000)
  eden space 32768K, 0% used [0x00000000d6900000,0x00000000d6900000,0x00000000d8900000)
  from space 5120K, 83% used [0x00000000d8900000,0x00000000d8d2d810,0x00000000d8e00000)
  to   space 5120K, 0% used [0x00000000d8e00000,0x00000000d8e00000,0x00000000d9300000)
 ParOldGen       total 86016K, used 4077K [0x0000000083a00000, 0x0000000088e00000, 0x00000000d6900000)
  object space 86016K, 4% used [0x0000000083a00000,0x0000000083dfb510,0x0000000088e00000)
 Metaspace       used 13928K, capacity 14344K, committed 14592K, reserved 1062912K
  class space    used 1602K, capacity 1738K, committed 1792K, reserved 1048576K
}
Event: 80.030 GC heap before
{Heap before GC invocations=5 (full 1):
 PSYoungGen      total 37888K, used 37046K [0x00000000d6900000, 0x00000000d9300000, 0x0000000100000000)
  eden space 32768K, 100% used [0x00000000d6900000,0x00000000d8900000,0x00000000d8900000)
  from space 5120K, 83% used [0x00000000d8900000,0x00000000d8d2d810,0x00000000d8e00000)
  to   space 5120K, 0% used [0x00000000d8e00000,0x00000000d8e00000,0x00000000d9300000)
 ParOldGen       total 86016K, used 4077K [0x0000000083a00000, 0x0000000088e00000, 0x00000000d6900000)
  object space 86016K, 4% used [0x0000000083a00000,0x0000000083dfb510,0x0000000088e00000)
 Metaspace       used 17271K, capacity 17834K, committed 18176K, reserved 1064960K
  class space    used 2044K, capacity 2199K, committed 2304K, reserved 1048576K
Event: 80.050 GC heap after
Heap after GC invocations=5 (full 1):
 PSYoungGen      total 37888K, used 5010K [0x00000000d6900000, 0x00000000d9300000, 0x0000000100000000)
  eden space 32768K, 0% used [0x00000000d6900000,0x00000000d6900000,0x00000000d8900000)
  from space 5120K, 97% used [0x00000000d8e00000,0x00000000d92e4950,0x00000000d9300000)
  to   space 5120K, 0% used [0x00000000d8900000,0x00000000d8900000,0x00000000d8e00000)
 ParOldGen       total 86016K, used 4085K [0x0000000083a00000, 0x0000000088e00000, 0x00000000d6900000)
  object space 86016K, 4% used [0x0000000083a00000,0x0000000083dfd510,0x0000000088e00000)
 Metaspace       used 17271K, capacity 17834K, committed 18176K, reserved 1064960K
  class space    used 2044K, capacity 2199K, committed 2304K, reserved 1048576K
}
Event: 101.479 GC heap before
{Heap before GC invocations=6 (full 1):
 PSYoungGen      total 37888K, used 37778K [0x00000000d6900000, 0x00000000d9300000, 0x0000000100000000)
  eden space 32768K, 100% used [0x00000000d6900000,0x00000000d8900000,0x00000000d8900000)
  from space 5120K, 97% used [0x00000000d8e00000,0x00000000d92e4950,0x00000000d9300000)
  to   space 5120K, 0% used [0x00000000d8900000,0x00000000d8900000,0x00000000d8e00000)
 ParOldGen       total 86016K, used 4085K [0x0000000083a00000, 0x0000000088e00000, 0x00000000d6900000)
  object space 86016K, 4% used [0x0000000083a00000,0x0000000083dfd510,0x0000000088e00000)
 Metaspace       used 17614K, capacity 18152K, committed 18432K, reserved 1064960K
  class space    used 2090K, capacity 2236K, committed 2304K, reserved 1048576K
Event: 101.588 GC heap after
Heap after GC invocations=6 (full 1):
 PSYoungGen      total 37888K, used 5111K [0x00000000d6900000, 0x00000000d9300000, 0x0000000100000000)
  eden space 32768K, 0% used [0x00000000d6900000,0x00000000d6900000,0x00000000d8900000)
  from space 5120K, 99% used [0x00000000d8900000,0x00000000d8dfdfb8,0x00000000d8e00000)
  to   space 5120K, 0% used [0x00000000d8e00000,0x00000000d8e00000,0x00000000d9300000)
 ParOldGen       total 86016K, used 6814K [0x0000000083a00000, 0x0000000088e00000, 0x00000000d6900000)
  object space 86016K, 7% used [0x0000000083a00000,0x00000000840a7898,0x0000000088e00000)
 Metaspace       used 17614K, capacity 18152K, committed 18432K, reserved 1064960K
  class space    used 2090K, capacity 2236K, committed 2304K, reserved 1048576K
}

