# JRE version: Java(TM) SE Runtime Environment (8.0_181-b13) (build 1.8.0_181-b13)
# Java VM: Java HotSpot(TM) 64-Bit Server VM (25.181-b13 mixed mode linux-amd64 compressed oops)
Heap:
 PSYoungGen      total 70656K, used 12996K [0x00000000d6900000, 0x00000000df300000, 0x0000000100000000)
  eden space 65536K, 12% used [0x00000000d6900000,0x00000000d70b5f30,0x00000000da900000)
  from space 5120K, 99% used [0x00000000da900000,0x00000000dadfb3f0,0x00000000dae00000)
  to   space 5120K, 0% used [0x00000000dee00000,0x00000000dee00000,0x00000000df300000)
 ParOldGen       total 86016K, used 25536K [0x0000000083a00000, 0x0000000088e00000, 0x00000000d6900000)
  object space 86016K, 29% used [0x0000000083a00000,0x00000000852f0088,0x0000000088e00000)
 Metaspace       used 16012K, capacity 16492K, committed 16640K, reserved 1064960K
  class space    used 1811K, capacity 1964K, committed 2048K, reserved 1048576K
GC Heap History (10 events):
Event: 3.364 GC heap before
{Heap before GC invocations=2 (full 0):
 PSYoungGen      total 37888K, used 34010K [0x00000000d6900000, 0x00000000db300000, 0x0000000100000000)
  eden space 32768K, 88% used [0x00000000d6900000,0x00000000d853e968,0x00000000d8900000)
  from space 5120K, 99% used [0x00000000d8900000,0x00000000d8df8050,0x00000000d8e00000)
  to   space 5120K, 0% used [0x00000000dae00000,0x00000000dae00000,0x00000000db300000)
 ParOldGen       total 86016K, used 1777K [0x0000000083a00000, 0x0000000088e00000, 0x00000000d6900000)
  object space 86016K, 2% used [0x0000000083a00000,0x0000000083bbc5e0,0x0000000088e00000)
 Metaspace       used 10258K, capacity 10396K, committed 10624K, reserved 1058816K
  class space    used 1239K, capacity 1319K, committed 1408K, reserved 1048576K
Event: 3.407 GC heap after
Heap after GC invocations=2 (full 0):
 PSYoungGen      total 70656K, used 5120K [0x00000000d6900000, 0x00000000db300000, 0x0000000100000000)
  eden space 65536K, 0% used [0x00000000d6900000,0x00000000d6900000,0x00000000da900000)
  from space 5120K, 100% used [0x00000000dae00000,0x00000000db300000,0x00000000db300000)
  to   space 5120K, 0% used [0x00000000da900000,0x00000000da900000,0x00000000dae00000)
 ParOldGen       total 86016K, used 6999K [0x0000000083a00000, 0x0000000088e00000, 0x00000000d6900000)
  object space 86016K, 8% used [0x0000000083a00000,0x00000000840d5ce0,0x0000000088e00000)
 Metaspace       used 10258K, capacity 10396K, committed 10624K, reserved 1058816K
  class space    used 1239K, capacity 1319K, committed 1408K, reserved 1048576K
}
Event: 3.407 GC heap before
{Heap before GC invocations=3 (full 1):
 PSYoungGen      total 70656K, used 5120K [0x00000000d6900000, 0x00000000db300000, 0x0000000100000000)
  eden space 65536K, 0% used [0x00000000d6900000,0x00000000d6900000,0x00000000da900000)
  from space 5120K, 100% used [0x00000000dae00000,0x00000000db300000,0x00000000db300000)
  to   space 5120K, 0% used [0x00000000da900000,0x00000000da900000,0x00000000dae00000)
 ParOldGen       total 86016K, used 6999K [0x0000000083a00000, 0x0000000088e00000, 0x00000000d6900000)
  object space 86016K, 8% used [0x0000000083a00000,0x00000000840d5ce0,0x0000000088e00000)
 Metaspace       used 10258K, capacity 10396K, committed 10624K, reserved 1058816K
  class space    used 1239K, capacity 1319K, committed 1408K, reserved 1048576K
Event: 3.619 GC heap after
Heap after GC invocations=3 (full 1):
 PSYoungGen      total 70656K, used 0K [0x00000000d6900000, 0x00000000db300000, 0x0000000100000000)
  eden space 65536K, 0% used [0x00000000d6900000,0x00000000d6900000,0x00000000da900000)
  from space 5120K, 0% used [0x00000000dae00000,0x00000000dae00000,0x00000000db300000)
  to   space 5120K, 0% used [0x00000000da900000,0x00000000da900000,0x00000000dae00000)
 ParOldGen       total 86016K, used 10630K [0x0000000083a00000, 0x0000000088e00000, 0x00000000d6900000)
  object space 86016K, 12% used [0x0000000083a00000,0x0000000084461bd8,0x0000000088e00000)
 Metaspace       used 10250K, capacity 10386K, committed 10624K, reserved 1058816K
  class space    used 1237K, capacity 1317K, committed 1408K, reserved 1048576K
}
Event: 89.348 GC heap before
{Heap before GC invocations=4 (full 1):
 PSYoungGen      total 70656K, used 65536K [0x00000000d6900000, 0x00000000db300000, 0x0000000100000000)
  eden space 65536K, 100% used [0x00000000d6900000,0x00000000da900000,0x00000000da900000)
  from space 5120K, 0% used [0x00000000dae00000,0x00000000dae00000,0x00000000db300000)
  to   space 5120K, 0% used [0x00000000da900000,0x00000000da900000,0x00000000dae00000)
 ParOldGen       total 86016K, used 10630K [0x0000000083a00000, 0x0000000088e00000, 0x00000000d6900000)
  object space 86016K, 12% used [0x0000000083a00000,0x0000000084461bd8,0x0000000088e00000)
 Metaspace       used 14264K, capacity 14726K, committed 14848K, reserved 1062912K
  class space    used 1626K, capacity 1781K, committed 1792K, reserved 1048576K
Event: 89.457 GC heap after
Heap after GC invocations=4 (full 1):
 PSYoungGen      total 70656K, used 5101K [0x00000000d6900000, 0x00000000db300000, 0x0000000100000000)
  eden space 65536K, 0% used [0x00000000d6900000,0x00000000d6900000,0x00000000da900000)
  from space 5120K, 99% used [0x00000000da900000,0x00000000dadfb410,0x00000000dae00000)
  to   space 5120K, 0% used [0x00000000dae00000,0x00000000dae00000,0x00000000db300000)
 ParOldGen       total 86016K, used 14970K [0x0000000083a00000, 0x0000000088e00000, 0x00000000d6900000)
  object space 86016K, 17% used [0x0000000083a00000,0x000000008489e958,0x0000000088e00000)
 Metaspace       used 14264K, capacity 14726K, committed 14848K, reserved 1062912K
  class space    used 1626K, capacity 1781K, committed 1792K, reserved 1048576K
}
Event: 90.752 GC heap before
{Heap before GC invocations=5 (full 1):
 PSYoungGen      total 70656K, used 70637K [0x00000000d6900000, 0x00000000db300000, 0x0000000100000000)
  eden space 65536K, 100% used [0x00000000d6900000,0x00000000da900000,0x00000000da900000)
  from space 5120K, 99% used [0x00000000da900000,0x00000000dadfb410,0x00000000dae00000)
  to   space 5120K, 0% used [0x00000000dae00000,0x00000000dae00000,0x00000000db300000)
 ParOldGen       total 86016K, used 14970K [0x0000000083a00000, 0x0000000088e00000, 0x00000000d6900000)
  object space 86016K, 17% used [0x0000000083a00000,0x000000008489e958,0x0000000088e00000)
 Metaspace       used 14356K, capacity 14796K, committed 14848K, reserved 1062912K
  class space    used 1628K, capacity 1782K, committed 1792K, reserved 1048576K
Event: 90.838 GC heap after
Heap after GC invocations=5 (full 1):
 PSYoungGen      total 70656K, used 5100K [0x00000000d6900000, 0x00000000df300000, 0x0000000100000000)
  eden space 65536K, 0% used [0x00000000d6900000,0x00000000d6900000,0x00000000da900000)
  from space 5120K, 99% used [0x00000000dae00000,0x00000000db2fb3f0,0x00000000db300000)
  to   space 5120K, 0% used [0x00000000da900000,0x00000000da900000,0x00000000dae00000)
 ParOldGen       total 86016K, used 17176K [0x0000000083a00000, 0x0000000088e00000, 0x00000000d6900000)
  object space 86016K, 19% used [0x0000000083a00000,0x0000000084ac6198,0x0000000088e00000)
 Metaspace       used 14356K, capacity 14796K, committed 14848K, reserved 1062912K
  class space    used 1628K, capacity 1782K, committed 1792K, reserved 1048576K
}
Event: 93.142 GC heap before
{Heap before GC invocations=6 (full 1):
 PSYoungGen      total 70656K, used 70001K [0x00000000d6900000, 0x00000000df300000, 0x0000000100000000)
  eden space 65536K, 99% used [0x00000000d6900000,0x00000000da861178,0x00000000da900000)
  from space 5120K, 99% used [0x00000000dae00000,0x00000000db2fb3f0,0x00000000db300000)
  to   space 5120K, 0% used [0x00000000da900000,0x00000000da900000,0x00000000dae00000)
 ParOldGen       total 86016K, used 17176K [0x0000000083a00000, 0x0000000088e00000, 0x00000000d6900000)
  object space 86016K, 19% used [0x0000000083a00000,0x0000000084ac6198,0x0000000088e00000)
 Metaspace       used 15844K, capacity 16318K, committed 16640K, reserved 1064960K
  class space    used 1793K, capacity 1929K, committed 2048K, reserved 1048576K
Event: 93.253 GC heap after
Heap after GC invocations=6 (full 1):
 PSYoungGen      total 70656K, used 5100K [0x00000000d6900000, 0x00000000df300000, 0x0000000100000000)
  eden space 65536K, 0% used [0x00000000d6900000,0x00000000d6900000,0x00000000da900000)
  from space 5120K, 99% used [0x00000000da900000,0x00000000dadfb3f0,0x00000000dae00000)
  to   space 5120K, 0% used [0x00000000dee00000,0x00000000dee00000,0x00000000df300000)
 ParOldGen       total 86016K, used 25536K [0x0000000083a00000, 0x0000000088e00000, 0x00000000d6900000)
  object space 86016K, 29% used [0x0000000083a00000,0x00000000852f0088,0x0000000088e00000)
 Metaspace       used 15844K, capacity 16318K, committed 16640K, reserved 1064960K
  class space    used 1793K, capacity 1929K, committed 2048K, reserved 1048576K
}

