# JRE version: Java(TM) SE Runtime Environment (8.0_181-b13) (build 1.8.0_181-b13)
# Java VM: Java HotSpot(TM) 64-Bit Server VM (25.181-b13 mixed mode linux-amd64 compressed oops)
Heap:
 PSYoungGen      total 136704K, used 11248K [0x00000000d6900000, 0x00000000e7400000, 0x0000000100000000)
  eden space 125440K, 0% used [0x00000000d6900000,0x00000000d6900000,0x00000000de380000)
  from space 11264K, 99% used [0x00000000e6900000,0x00000000e73fc030,0x00000000e7400000)
  to   space 10752K, 0% used [0x00000000de380000,0x00000000de380000,0x00000000dee00000)
 ParOldGen       total 86016K, used 38568K [0x0000000083a00000, 0x0000000088e00000, 0x00000000d6900000)
  object space 86016K, 44% used [0x0000000083a00000,0x0000000085faa140,0x0000000088e00000)
 Metaspace       used 16302K, capacity 16786K, committed 17152K, reserved 1064960K
  class space    used 1787K, capacity 1933K, committed 2048K, reserved 1048576K
GC Heap History (10 events):
Event: 122.594 GC heap after
Heap after GC invocations=4 (full 1):
 PSYoungGen      total 70656K, used 5119K [0x00000000d6900000, 0x00000000db300000, 0x0000000100000000)
  eden space 65536K, 0% used [0x00000000d6900000,0x00000000d6900000,0x00000000da900000)
  from space 5120K, 99% used [0x00000000da900000,0x00000000dadffee0,0x00000000dae00000)
  to   space 5120K, 0% used [0x00000000dae00000,0x00000000dae00000,0x00000000db300000)
 ParOldGen       total 86016K, used 13784K [0x0000000083a00000, 0x0000000088e00000, 0x00000000d6900000)
  object space 86016K, 16% used [0x0000000083a00000,0x0000000084776160,0x0000000088e00000)
 Metaspace       used 13938K, capacity 14356K, committed 14592K, reserved 1062912K
  class space    used 1601K, capacity 1740K, committed 1792K, reserved 1048576K
}
Event: 123.134 GC heap before
{Heap before GC invocations=5 (full 1):
 PSYoungGen      total 70656K, used 70655K [0x00000000d6900000, 0x00000000db300000, 0x0000000100000000)
  eden space 65536K, 100% used [0x00000000d6900000,0x00000000da900000,0x00000000da900000)
  from space 5120K, 99% used [0x00000000da900000,0x00000000dadffee0,0x00000000dae00000)
  to   space 5120K, 0% used [0x00000000dae00000,0x00000000dae00000,0x00000000db300000)
 ParOldGen       total 86016K, used 13784K [0x0000000083a00000, 0x0000000088e00000, 0x00000000d6900000)
  object space 86016K, 16% used [0x0000000083a00000,0x0000000084776160,0x0000000088e00000)
 Metaspace       used 13949K, capacity 14356K, committed 14592K, reserved 1062912K
  class space    used 1601K, capacity 1740K, committed 1792K, reserved 1048576K
Event: 123.146 GC heap after
Heap after GC invocations=5 (full 1):
 PSYoungGen      total 70656K, used 5103K [0x00000000d6900000, 0x00000000df300000, 0x0000000100000000)
  eden space 65536K, 0% used [0x00000000d6900000,0x00000000d6900000,0x00000000da900000)
  from space 5120K, 99% used [0x00000000dae00000,0x00000000db2fbef0,0x00000000db300000)
  to   space 5120K, 0% used [0x00000000da900000,0x00000000da900000,0x00000000dae00000)
 ParOldGen       total 86016K, used 14112K [0x0000000083a00000, 0x0000000088e00000, 0x00000000d6900000)
  object space 86016K, 16% used [0x0000000083a00000,0x00000000847c8170,0x0000000088e00000)
 Metaspace       used 13949K, capacity 14356K, committed 14592K, reserved 1062912K
  class space    used 1601K, capacity 1740K, committed 1792K, reserved 1048576K
}
Event: 123.993 GC heap before
{Heap before GC invocations=6 (full 1):
 PSYoungGen      total 70656K, used 70639K [0x00000000d6900000, 0x00000000df300000, 0x0000000100000000)
  eden space 65536K, 100% used [0x00000000d6900000,0x00000000da900000,0x00000000da900000)
  from space 5120K, 99% used [0x00000000dae00000,0x00000000db2fbef0,0x00000000db300000)
  to   space 5120K, 0% used [0x00000000da900000,0x00000000da900000,0x00000000dae00000)
 ParOldGen       total 86016K, used 14112K [0x0000000083a00000, 0x0000000088e00000, 0x00000000d6900000)
  object space 86016K, 16% used [0x0000000083a00000,0x00000000847c8170,0x0000000088e00000)
 Metaspace       used 14013K, capacity 14426K, committed 14592K, reserved 1062912K
  class space    used 1603K, capacity 1741K, committed 1792K, reserved 1048576K
Event: 124.008 GC heap after
Heap after GC invocations=6 (full 1):
 PSYoungGen      total 70656K, used 5104K [0x00000000d6900000, 0x00000000df300000, 0x0000000100000000)
  eden space 65536K, 0% used [0x00000000d6900000,0x00000000d6900000,0x00000000da900000)
  from space 5120K, 99% used [0x00000000da900000,0x00000000dadfc3f8,0x00000000dae00000)
  to   space 5120K, 0% used [0x00000000dee00000,0x00000000dee00000,0x00000000df300000)
 ParOldGen       total 86016K, used 15396K [0x0000000083a00000, 0x0000000088e00000, 0x00000000d6900000)
  object space 86016K, 17% used [0x0000000083a00000,0x00000000849090e0,0x0000000088e00000)
 Metaspace       used 14013K, capacity 14426K, committed 14592K, reserved 1062912K
  class space    used 1603K, capacity 1741K, committed 1792K, reserved 1048576K
}
Event: 124.812 GC heap before
{Heap before GC invocations=7 (full 1):
 PSYoungGen      total 70656K, used 70640K [0x00000000d6900000, 0x00000000df300000, 0x0000000100000000)
  eden space 65536K, 100% used [0x00000000d6900000,0x00000000da900000,0x00000000da900000)
  from space 5120K, 99% used [0x00000000da900000,0x00000000dadfc3f8,0x00000000dae00000)
  to   space 5120K, 0% used [0x00000000dee00000,0x00000000dee00000,0x00000000df300000)
 ParOldGen       total 86016K, used 15396K [0x0000000083a00000, 0x0000000088e00000, 0x00000000d6900000)
  object space 86016K, 17% used [0x0000000083a00000,0x00000000849090e0,0x0000000088e00000)
 Metaspace       used 14098K, capacity 14490K, committed 14592K, reserved 1062912K
  class space    used 1603K, capacity 1741K, committed 1792K, reserved 1048576K
Event: 124.874 GC heap after
Heap after GC invocations=7 (full 1):
 PSYoungGen      total 130560K, used 5104K [0x00000000d6900000, 0x00000000dfe00000, 0x0000000100000000)
  eden space 125440K, 0% used [0x00000000d6900000,0x00000000d6900000,0x00000000de380000)
  from space 5120K, 99% used [0x00000000dee00000,0x00000000df2fc3f8,0x00000000df300000)
  to   space 10752K, 0% used [0x00000000de380000,0x00000000de380000,0x00000000dee00000)
 ParOldGen       total 86016K, used 18367K [0x0000000083a00000, 0x0000000088e00000, 0x00000000d6900000)
  object space 86016K, 21% used [0x0000000083a00000,0x0000000084befd80,0x0000000088e00000)
 Metaspace       used 14098K, capacity 14490K, committed 14592K, reserved 1062912K
  class space    used 1603K, capacity 1741K, committed 1792K, reserved 1048576K
}
Event: 126.558 GC heap before
{Heap before GC invocations=8 (full 1):
 PSYoungGen      total 130560K, used 130544K [0x00000000d6900000, 0x00000000dfe00000, 0x0000000100000000)
  eden space 125440K, 100% used [0x00000000d6900000,0x00000000de380000,0x00000000de380000)
  from space 5120K, 99% used [0x00000000dee00000,0x00000000df2fc3f8,0x00000000df300000)
  to   space 10752K, 0% used [0x00000000de380000,0x00000000de380000,0x00000000dee00000)
 ParOldGen       total 86016K, used 18367K [0x0000000083a00000, 0x0000000088e00000, 0x00000000d6900000)
  object space 86016K, 21% used [0x0000000083a00000,0x0000000084befd80,0x0000000088e00000)
 Metaspace       used 14165K, capacity 14554K, committed 14848K, reserved 1062912K
  class space    used 1603K, capacity 1741K, committed 1792K, reserved 1048576K
Event: 126.608 GC heap after
Heap after GC invocations=8 (full 1):
 PSYoungGen      total 136192K, used 9681K [0x00000000d6900000, 0x00000000e7400000, 0x0000000100000000)
  eden space 125440K, 0% used [0x00000000d6900000,0x00000000d6900000,0x00000000de380000)
  from space 10752K, 90% used [0x00000000de380000,0x00000000decf4498,0x00000000dee00000)
  to   space 11264K, 0% used [0x00000000e6900000,0x00000000e6900000,0x00000000e7400000)
 ParOldGen       total 86016K, used 18375K [0x0000000083a00000, 0x0000000088e00000, 0x00000000d6900000)
  object space 86016K, 21% used [0x0000000083a00000,0x0000000084bf1d80,0x0000000088e00000)
 Metaspace       used 14165K, capacity 14554K, committed 14848K, reserved 1062912K
  class space    used 1603K, capacity 1741K, committed 1792K, reserved 1048576K
}
Event: 131.949 GC heap before
{Heap before GC invocations=9 (full 1):
 PSYoungGen      total 136192K, used 135121K [0x00000000d6900000, 0x00000000e7400000, 0x0000000100000000)
  eden space 125440K, 100% used [0x00000000d6900000,0x00000000de380000,0x00000000de380000)
  from space 10752K, 90% used [0x00000000de380000,0x00000000decf4498,0x00000000dee00000)
  to   space 11264K, 0% used [0x00000000e6900000,0x00000000e6900000,0x00000000e7400000)
 ParOldGen       total 86016K, used 18375K [0x0000000083a00000, 0x0000000088e00000, 0x00000000d6900000)
  object space 86016K, 21% used [0x0000000083a00000,0x0000000084bf1d80,0x0000000088e00000)
 Metaspace       used 16302K, capacity 16786K, committed 17152K, reserved 1064960K
  class space    used 1787K, capacity 1933K, committed 2048K, reserved 1048576K

