# JRE version: Java(TM) SE Runtime Environment (8.0_181-b13) (build 1.8.0_181-b13)
# Java VM: Java HotSpot(TM) 64-Bit Server VM (25.181-b13 mixed mode linux-amd64 compressed oops)
Heap:
 PSYoungGen      total 587776K, used 319681K [0x00000000d6900000, 0x00000000fff00000, 0x0000000100000000)
  eden space 503296K, 61% used [0x00000000d6900000,0x00000000e959d440,0x00000000f5480000)
  from space 84480K, 14% used [0x00000000f5480000,0x00000000f6013128,0x00000000fa700000)
  to   space 82944K, 0% used [0x00000000fae00000,0x00000000fae00000,0x00000000fff00000)
 ParOldGen       total 341504K, used 195414K [0x0000000083a00000, 0x0000000098780000, 0x00000000d6900000)
  object space 341504K, 57% used [0x0000000083a00000,0x000000008f8d58c8,0x0000000098780000)
 Metaspace       used 46025K, capacity 47354K, committed 47616K, reserved 1091584K
  class space    used 5783K, capacity 6067K, committed 6144K, reserved 1048576K
GC Heap History (10 events):
Event: 82.609 GC heap before
{Heap before GC invocations=23 (full 3):
 PSYoungGen      total 550912K, used 72949K [0x00000000d6900000, 0x00000000ffc00000, 0x0000000100000000)
  eden space 476160K, 0% used [0x00000000d6900000,0x00000000d6900000,0x00000000f3a00000)
  from space 74752K, 97% used [0x00000000f8e80000,0x00000000fd5bd5b8,0x00000000fd780000)
  to   space 86528K, 0% used [0x00000000f3a00000,0x00000000f3a00000,0x00000000f8e80000)
 ParOldGen       total 100864K, used 98220K [0x0000000083a00000, 0x0000000089c80000, 0x00000000d6900000)
  object space 100864K, 97% used [0x0000000083a00000,0x00000000899eb270,0x0000000089c80000)
 Metaspace       used 34578K, capacity 35014K, committed 35200K, reserved 1079296K
  class space    used 4285K, capacity 4399K, committed 4480K, reserved 1048576K
Event: 87.884 GC heap after
Heap after GC invocations=23 (full 3):
 PSYoungGen      total 550912K, used 64688K [0x00000000d6900000, 0x00000000ffc00000, 0x0000000100000000)
  eden space 476160K, 0% used [0x00000000d6900000,0x00000000d6900000,0x00000000f3a00000)
  from space 74752K, 86% used [0x00000000f8e80000,0x00000000fcdac398,0x00000000fd780000)
  to   space 86528K, 0% used [0x00000000f3a00000,0x00000000f3a00000,0x00000000f8e80000)
 ParOldGen       total 198656K, used 100311K [0x0000000083a00000, 0x000000008fc00000, 0x00000000d6900000)
  object space 198656K, 50% used [0x0000000083a00000,0x0000000089bf5f08,0x000000008fc00000)
 Metaspace       used 34578K, capacity 35014K, committed 35200K, reserved 1079296K
  class space    used 4285K, capacity 4399K, committed 4480K, reserved 1048576K
}
Event: 106.781 GC heap before
{Heap before GC invocations=24 (full 3):
 PSYoungGen      total 550912K, used 540848K [0x00000000d6900000, 0x00000000ffc00000, 0x0000000100000000)
  eden space 476160K, 100% used [0x00000000d6900000,0x00000000f3a00000,0x00000000f3a00000)
  from space 74752K, 86% used [0x00000000f8e80000,0x00000000fcdac398,0x00000000fd780000)
  to   space 86528K, 0% used [0x00000000f3a00000,0x00000000f3a00000,0x00000000f8e80000)
 ParOldGen       total 198656K, used 100311K [0x0000000083a00000, 0x000000008fc00000, 0x00000000d6900000)
  object space 198656K, 50% used [0x0000000083a00000,0x0000000089bf5f08,0x000000008fc00000)
 Metaspace       used 43157K, capacity 44006K, committed 44160K, reserved 1087488K
  class space    used 5531K, capacity 5736K, committed 5760K, reserved 1048576K
Event: 107.582 GC heap after
Heap after GC invocations=24 (full 3):
 PSYoungGen      total 562688K, used 53782K [0x00000000d6900000, 0x0000000100000000, 0x0000000100000000)
  eden space 476160K, 0% used [0x00000000d6900000,0x00000000d6900000,0x00000000f3a00000)
  from space 86528K, 62% used [0x00000000f3a00000,0x00000000f6e85998,0x00000000f8e80000)
  to   space 89088K, 0% used [0x00000000fa900000,0x00000000fa900000,0x0000000100000000)
 ParOldGen       total 198656K, used 139342K [0x0000000083a00000, 0x000000008fc00000, 0x00000000d6900000)
  object space 198656K, 70% used [0x0000000083a00000,0x000000008c213958,0x000000008fc00000)
 Metaspace       used 43157K, capacity 44006K, committed 44160K, reserved 1087488K
  class space    used 5531K, capacity 5736K, committed 5760K, reserved 1048576K
}
Event: 115.933 GC heap before
{Heap before GC invocations=25 (full 3):
 PSYoungGen      total 562688K, used 529942K [0x00000000d6900000, 0x0000000100000000, 0x0000000100000000)
  eden space 476160K, 100% used [0x00000000d6900000,0x00000000f3a00000,0x00000000f3a00000)
  from space 86528K, 62% used [0x00000000f3a00000,0x00000000f6e85998,0x00000000f8e80000)
  to   space 89088K, 0% used [0x00000000fa900000,0x00000000fa900000,0x0000000100000000)
 ParOldGen       total 198656K, used 139342K [0x0000000083a00000, 0x000000008fc00000, 0x00000000d6900000)
  object space 198656K, 70% used [0x0000000083a00000,0x000000008c213958,0x000000008fc00000)
 Metaspace       used 44421K, capacity 45438K, committed 45696K, reserved 1089536K
  class space    used 5702K, capacity 5927K, committed 6016K, reserved 1048576K
Event: 116.428 GC heap after
Heap after GC invocations=25 (full 3):
 PSYoungGen      total 585728K, used 31014K [0x00000000d6900000, 0x00000000ff980000, 0x0000000100000000)
  eden space 503296K, 0% used [0x00000000d6900000,0x00000000d6900000,0x00000000f5480000)
  from space 82432K, 37% used [0x00000000fa900000,0x00000000fc749ae0,0x00000000ff980000)
  to   space 84480K, 0% used [0x00000000f5480000,0x00000000f5480000,0x00000000fa700000)
 ParOldGen       total 198656K, used 165111K [0x0000000083a00000, 0x000000008fc00000, 0x00000000d6900000)
  object space 198656K, 83% used [0x0000000083a00000,0x000000008db3dd30,0x000000008fc00000)
 Metaspace       used 44421K, capacity 45438K, committed 45696K, reserved 1089536K
  class space    used 5702K, capacity 5927K, committed 6016K, reserved 1048576K
}
Event: 116.428 GC heap before
{Heap before GC invocations=26 (full 4):
 PSYoungGen      total 585728K, used 31014K [0x00000000d6900000, 0x00000000ff980000, 0x0000000100000000)
  eden space 503296K, 0% used [0x00000000d6900000,0x00000000d6900000,0x00000000f5480000)
  from space 82432K, 37% used [0x00000000fa900000,0x00000000fc749ae0,0x00000000ff980000)
  to   space 84480K, 0% used [0x00000000f5480000,0x00000000f5480000,0x00000000fa700000)
 ParOldGen       total 198656K, used 165111K [0x0000000083a00000, 0x000000008fc00000, 0x00000000d6900000)
  object space 198656K, 83% used [0x0000000083a00000,0x000000008db3dd30,0x000000008fc00000)
 Metaspace       used 44421K, capacity 45438K, committed 45696K, reserved 1089536K
  class space    used 5702K, capacity 5927K, committed 6016K, reserved 1048576K
Event: 128.473 GC heap after
Heap after GC invocations=26 (full 4):
 PSYoungGen      total 585728K, used 0K [0x00000000d6900000, 0x00000000ff980000, 0x0000000100000000)
  eden space 503296K, 0% used [0x00000000d6900000,0x00000000d6900000,0x00000000f5480000)
  from space 82432K, 0% used [0x00000000fa900000,0x00000000fa900000,0x00000000ff980000)
  to   space 84480K, 0% used [0x00000000f5480000,0x00000000f5480000,0x00000000fa700000)
 ParOldGen       total 341504K, used 195406K [0x0000000083a00000, 0x0000000098780000, 0x00000000d6900000)
  object space 341504K, 57% used [0x0000000083a00000,0x000000008f8d38c8,0x0000000098780000)
 Metaspace       used 44391K, capacity 45390K, committed 45696K, reserved 1089536K
  class space    used 5697K, capacity 5919K, committed 6016K, reserved 1048576K
}
Event: 140.600 GC heap before
{Heap before GC invocations=27 (full 4):
 PSYoungGen      total 585728K, used 503296K [0x00000000d6900000, 0x00000000ff980000, 0x0000000100000000)
  eden space 503296K, 100% used [0x00000000d6900000,0x00000000f5480000,0x00000000f5480000)
  from space 82432K, 0% used [0x00000000fa900000,0x00000000fa900000,0x00000000ff980000)
  to   space 84480K, 0% used [0x00000000f5480000,0x00000000f5480000,0x00000000fa700000)
 ParOldGen       total 341504K, used 195406K [0x0000000083a00000, 0x0000000098780000, 0x00000000d6900000)
  object space 341504K, 57% used [0x0000000083a00000,0x000000008f8d38c8,0x0000000098780000)
 Metaspace       used 45343K, capacity 46544K, committed 46848K, reserved 1089536K
  class space    used 5761K, capacity 6028K, committed 6144K, reserved 1048576K
Event: 140.692 GC heap after
Heap after GC invocations=27 (full 4):
 PSYoungGen      total 587776K, used 11852K [0x00000000d6900000, 0x00000000fff00000, 0x0000000100000000)
  eden space 503296K, 0% used [0x00000000d6900000,0x00000000d6900000,0x00000000f5480000)
  from space 84480K, 14% used [0x00000000f5480000,0x00000000f6013128,0x00000000fa700000)
  to   space 82944K, 0% used [0x00000000fae00000,0x00000000fae00000,0x00000000fff00000)
 ParOldGen       total 341504K, used 195414K [0x0000000083a00000, 0x0000000098780000, 0x00000000d6900000)
  object space 341504K, 57% used [0x0000000083a00000,0x000000008f8d58c8,0x0000000098780000)
 Metaspace       used 45343K, capacity 46544K, committed 46848K, reserved 1089536K
  class space    used 5761K, capacity 6028K, committed 6144K, reserved 1048576K
}

