# JRE version: Java(TM) SE Runtime Environment (8.0_181-b13) (build 1.8.0_181-b13)
# Java VM: Java HotSpot(TM) 64-Bit Server VM (25.181-b13 mixed mode linux-amd64 compressed oops)
Heap:
 PSYoungGen      total 37376K, used 7600K [0x00000000d6900000, 0x00000000d9880000, 0x0000000100000000)
  eden space 27648K, 0% used [0x00000000d6900000,0x00000000d6900000,0x00000000d8400000)
  from space 9728K, 78% used [0x00000000d8400000,0x00000000d8b6c0e0,0x00000000d8d80000)
  to   space 7680K, 0% used [0x00000000d8d80000,0x00000000d8d80000,0x00000000d9500000)
 ParOldGen       total 86016K, used 12939K [0x0000000083a00000, 0x0000000088e00000, 0x00000000d6900000)
  object space 86016K, 15% used [0x0000000083a00000,0x00000000846a2cc8,0x0000000088e00000)
 Metaspace       used 17185K, capacity 17768K, committed 18048K, reserved 1064960K
  class space    used 1971K, capacity 2136K, committed 2176K, reserved 1048576K
GC Heap History (10 events):
Event: 59.019 GC heap after
Heap after GC invocations=5 (full 1):
 PSYoungGen      total 37888K, used 5096K [0x00000000d6900000, 0x00000000d9300000, 0x0000000100000000)
  eden space 32768K, 0% used [0x00000000d6900000,0x00000000d6900000,0x00000000d8900000)
  from space 5120K, 99% used [0x00000000d8e00000,0x00000000d92fa030,0x00000000d9300000)
  to   space 5120K, 0% used [0x00000000d8900000,0x00000000d8900000,0x00000000d8e00000)
 ParOldGen       total 86016K, used 4362K [0x0000000083a00000, 0x0000000088e00000, 0x00000000d6900000)
  object space 86016K, 5% used [0x0000000083a00000,0x0000000083e42948,0x0000000088e00000)
 Metaspace       used 14331K, capacity 14754K, committed 14848K, reserved 1062912K
  class space    used 1631K, capacity 1757K, committed 1792K, reserved 1048576K
}
Event: 68.358 GC heap before
{Heap before GC invocations=6 (full 1):
 PSYoungGen      total 37888K, used 37864K [0x00000000d6900000, 0x00000000d9300000, 0x0000000100000000)
  eden space 32768K, 100% used [0x00000000d6900000,0x00000000d8900000,0x00000000d8900000)
  from space 5120K, 99% used [0x00000000d8e00000,0x00000000d92fa030,0x00000000d9300000)
  to   space 5120K, 0% used [0x00000000d8900000,0x00000000d8900000,0x00000000d8e00000)
 ParOldGen       total 86016K, used 4362K [0x0000000083a00000, 0x0000000088e00000, 0x00000000d6900000)
  object space 86016K, 5% used [0x0000000083a00000,0x0000000083e42948,0x0000000088e00000)
 Metaspace       used 16607K, capacity 17070K, committed 17152K, reserved 1064960K
  class space    used 1898K, capacity 2037K, committed 2048K, reserved 1048576K
Event: 68.364 GC heap after
Heap after GC invocations=6 (full 1):
 PSYoungGen      total 37888K, used 5120K [0x00000000d6900000, 0x00000000d9300000, 0x0000000100000000)
  eden space 32768K, 0% used [0x00000000d6900000,0x00000000d6900000,0x00000000d8900000)
  from space 5120K, 100% used [0x00000000d8900000,0x00000000d8e00000,0x00000000d8e00000)
  to   space 5120K, 0% used [0x00000000d8e00000,0x00000000d8e00000,0x00000000d9300000)
 ParOldGen       total 86016K, used 5827K [0x0000000083a00000, 0x0000000088e00000, 0x00000000d6900000)
  object space 86016K, 6% used [0x0000000083a00000,0x0000000083fb0fe0,0x0000000088e00000)
 Metaspace       used 16607K, capacity 17070K, committed 17152K, reserved 1064960K
  class space    used 1898K, capacity 2037K, committed 2048K, reserved 1048576K
}
Event: 81.398 GC heap before
{Heap before GC invocations=7 (full 1):
 PSYoungGen      total 37888K, used 37888K [0x00000000d6900000, 0x00000000d9300000, 0x0000000100000000)
  eden space 32768K, 100% used [0x00000000d6900000,0x00000000d8900000,0x00000000d8900000)
  from space 5120K, 100% used [0x00000000d8900000,0x00000000d8e00000,0x00000000d8e00000)
  to   space 5120K, 0% used [0x00000000d8e00000,0x00000000d8e00000,0x00000000d9300000)
 ParOldGen       total 86016K, used 5827K [0x0000000083a00000, 0x0000000088e00000, 0x00000000d6900000)
  object space 86016K, 6% used [0x0000000083a00000,0x0000000083fb0fe0,0x0000000088e00000)
 Metaspace       used 16761K, capacity 17250K, committed 17536K, reserved 1064960K
  class space    used 1922K, capacity 2071K, committed 2176K, reserved 1048576K
Event: 81.411 GC heap after
Heap after GC invocations=7 (full 1):
 PSYoungGen      total 35328K, used 5120K [0x00000000d6900000, 0x00000000d9780000, 0x0000000100000000)
  eden space 30208K, 0% used [0x00000000d6900000,0x00000000d6900000,0x00000000d8680000)
  from space 5120K, 100% used [0x00000000d8e00000,0x00000000d9300000,0x00000000d9300000)
  to   space 7680K, 0% used [0x00000000d8680000,0x00000000d8680000,0x00000000d8e00000)
 ParOldGen       total 86016K, used 6941K [0x0000000083a00000, 0x0000000088e00000, 0x00000000d6900000)
  object space 86016K, 8% used [0x0000000083a00000,0x00000000840c77c8,0x0000000088e00000)
 Metaspace       used 16761K, capacity 17250K, committed 17536K, reserved 1064960K
  class space    used 1922K, capacity 2071K, committed 2176K, reserved 1048576K
}
Event: 98.293 GC heap before
{Heap before GC invocations=8 (full 1):
 PSYoungGen      total 35328K, used 35328K [0x00000000d6900000, 0x00000000d9780000, 0x0000000100000000)
  eden space 30208K, 100% used [0x00000000d6900000,0x00000000d8680000,0x00000000d8680000)
  from space 5120K, 100% used [0x00000000d8e00000,0x00000000d9300000,0x00000000d9300000)
  to   space 7680K, 0% used [0x00000000d8680000,0x00000000d8680000,0x00000000d8e00000)
 ParOldGen       total 86016K, used 6941K [0x0000000083a00000, 0x0000000088e00000, 0x00000000d6900000)
  object space 86016K, 8% used [0x0000000083a00000,0x00000000840c77c8,0x0000000088e00000)
 Metaspace       used 16916K, capacity 17474K, committed 17792K, reserved 1064960K
  class space    used 1945K, capacity 2103K, committed 2176K, reserved 1048576K
Event: 98.302 GC heap after
Heap after GC invocations=8 (full 1):
 PSYoungGen      total 35840K, used 5816K [0x00000000d6900000, 0x00000000d9500000, 0x0000000100000000)
  eden space 29696K, 0% used [0x00000000d6900000,0x00000000d6900000,0x00000000d8600000)
  from space 6144K, 94% used [0x00000000d8680000,0x00000000d8c2e020,0x00000000d8c80000)
  to   space 7680K, 0% used [0x00000000d8d80000,0x00000000d8d80000,0x00000000d9500000)
 ParOldGen       total 86016K, used 6941K [0x0000000083a00000, 0x0000000088e00000, 0x00000000d6900000)
  object space 86016K, 8% used [0x0000000083a00000,0x00000000840c77c8,0x0000000088e00000)
 Metaspace       used 16916K, capacity 17474K, committed 17792K, reserved 1064960K
  class space    used 1945K, capacity 2103K, committed 2176K, reserved 1048576K
}
Event: 102.667 GC heap before
{Heap before GC invocations=9 (full 1):
 PSYoungGen      total 35840K, used 35512K [0x00000000d6900000, 0x00000000d9500000, 0x0000000100000000)
  eden space 29696K, 100% used [0x00000000d6900000,0x00000000d8600000,0x00000000d8600000)
  from space 6144K, 94% used [0x00000000d8680000,0x00000000d8c2e020,0x00000000d8c80000)
  to   space 7680K, 0% used [0x00000000d8d80000,0x00000000d8d80000,0x00000000d9500000)
 ParOldGen       total 86016K, used 6941K [0x0000000083a00000, 0x0000000088e00000, 0x00000000d6900000)
  object space 86016K, 8% used [0x0000000083a00000,0x00000000840c77c8,0x0000000088e00000)
 Metaspace       used 17098K, capacity 17634K, committed 17792K, reserved 1064960K
  class space    used 1969K, capacity 2135K, committed 2176K, reserved 1048576K
Event: 102.740 GC heap after
Heap after GC invocations=9 (full 1):
 PSYoungGen      total 35328K, used 7648K [0x00000000d6900000, 0x00000000d9880000, 0x0000000100000000)
  eden space 27648K, 0% used [0x00000000d6900000,0x00000000d6900000,0x00000000d8400000)
  from space 7680K, 99% used [0x00000000d8d80000,0x00000000d94f80d0,0x00000000d9500000)
  to   space 9728K, 0% used [0x00000000d8400000,0x00000000d8400000,0x00000000d8d80000)
 ParOldGen       total 86016K, used 10548K [0x0000000083a00000, 0x0000000088e00000, 0x00000000d6900000)
  object space 86016K, 12% used [0x0000000083a00000,0x000000008444d148,0x0000000088e00000)
 Metaspace       used 17098K, capacity 17634K, committed 17792K, reserved 1064960K
  class space    used 1969K, capacity 2135K, committed 2176K, reserved 1048576K
}
Event: 136.252 GC heap before
{Heap before GC invocations=10 (full 1):
 PSYoungGen      total 35328K, used 35296K [0x00000000d6900000, 0x00000000d9880000, 0x0000000100000000)
  eden space 27648K, 100% used [0x00000000d6900000,0x00000000d8400000,0x00000000d8400000)
  from space 7680K, 99% used [0x00000000d8d80000,0x00000000d94f80d0,0x00000000d9500000)
  to   space 9728K, 0% used [0x00000000d8400000,0x00000000d8400000,0x00000000d8d80000)
 ParOldGen       total 86016K, used 10548K [0x0000000083a00000, 0x0000000088e00000, 0x00000000d6900000)
  object space 86016K, 12% used [0x0000000083a00000,0x000000008444d148,0x0000000088e00000)
 Metaspace       used 17185K, capacity 17768K, committed 18048K, reserved 1064960K
  class space    used 1971K, capacity 2136K, committed 2176K, reserved 1048576K

