# JRE version: Java(TM) SE Runtime Environment (8.0_181-b13) (build 1.8.0_181-b13)
# Java VM: Java HotSpot(TM) 64-Bit Server VM (25.181-b13 mixed mode linux-amd64 compressed oops)
Heap:
 PSYoungGen      total 70656K, used 6128K [0x00000000d6900000, 0x00000000db500000, 0x0000000100000000)
  eden space 64512K, 0% used [0x00000000d6900000,0x00000000d6900000,0x00000000da800000)
  from space 6144K, 99% used [0x00000000da800000,0x00000000dadfc0f8,0x00000000dae00000)
  to   space 5120K, 0% used [0x00000000dae00000,0x00000000dae00000,0x00000000db300000)
 ParOldGen       total 86016K, used 6275K [0x0000000083a00000, 0x0000000088e00000, 0x00000000d6900000)
  object space 86016K, 7% used [0x0000000083a00000,0x0000000084020e50,0x0000000088e00000)
 Metaspace       used 14211K, capacity 14652K, committed 14848K, reserved 1062912K
  class space    used 1602K, capacity 1737K, committed 1792K, reserved 1048576K
GC Heap History (10 events):
Event: 106.919 GC heap after
Heap after GC invocations=3 (full 1):
 PSYoungGen      total 37888K, used 5103K [0x00000000d6900000, 0x00000000d9300000, 0x0000000100000000)
  eden space 32768K, 0% used [0x00000000d6900000,0x00000000d6900000,0x00000000d8900000)
  from space 5120K, 99% used [0x00000000d8e00000,0x00000000d92fbca8,0x00000000d9300000)
  to   space 5120K, 0% used [0x00000000d8900000,0x00000000d8900000,0x00000000d8e00000)
 ParOldGen       total 86016K, used 4299K [0x0000000083a00000, 0x0000000088e00000, 0x00000000d6900000)
  object space 86016K, 4% used [0x0000000083a00000,0x0000000083e32e38,0x0000000088e00000)
 Metaspace       used 13783K, capacity 14268K, committed 14336K, reserved 1062912K
  class space    used 1598K, capacity 1737K, committed 1792K, reserved 1048576K
}
Event: 108.378 GC heap before
{Heap before GC invocations=4 (full 1):
 PSYoungGen      total 37888K, used 37871K [0x00000000d6900000, 0x00000000d9300000, 0x0000000100000000)
  eden space 32768K, 100% used [0x00000000d6900000,0x00000000d8900000,0x00000000d8900000)
  from space 5120K, 99% used [0x00000000d8e00000,0x00000000d92fbca8,0x00000000d9300000)
  to   space 5120K, 0% used [0x00000000d8900000,0x00000000d8900000,0x00000000d8e00000)
 ParOldGen       total 86016K, used 4299K [0x0000000083a00000, 0x0000000088e00000, 0x00000000d6900000)
  object space 86016K, 4% used [0x0000000083a00000,0x0000000083e32e38,0x0000000088e00000)
 Metaspace       used 13880K, capacity 14332K, committed 14592K, reserved 1062912K
  class space    used 1599K, capacity 1737K, committed 1792K, reserved 1048576K
Event: 108.401 GC heap after
Heap after GC invocations=4 (full 1):
 PSYoungGen      total 37888K, used 4416K [0x00000000d6900000, 0x00000000d9300000, 0x0000000100000000)
  eden space 32768K, 0% used [0x00000000d6900000,0x00000000d6900000,0x00000000d8900000)
  from space 5120K, 86% used [0x00000000d8900000,0x00000000d8d50058,0x00000000d8e00000)
  to   space 5120K, 0% used [0x00000000d8e00000,0x00000000d8e00000,0x00000000d9300000)
 ParOldGen       total 86016K, used 4299K [0x0000000083a00000, 0x0000000088e00000, 0x00000000d6900000)
  object space 86016K, 4% used [0x0000000083a00000,0x0000000083e32e38,0x0000000088e00000)
 Metaspace       used 13880K, capacity 14332K, committed 14592K, reserved 1062912K
  class space    used 1599K, capacity 1737K, committed 1792K, reserved 1048576K
}
Event: 108.857 GC heap before
{Heap before GC invocations=5 (full 1):
 PSYoungGen      total 37888K, used 37184K [0x00000000d6900000, 0x00000000d9300000, 0x0000000100000000)
  eden space 32768K, 100% used [0x00000000d6900000,0x00000000d8900000,0x00000000d8900000)
  from space 5120K, 86% used [0x00000000d8900000,0x00000000d8d50058,0x00000000d8e00000)
  to   space 5120K, 0% used [0x00000000d8e00000,0x00000000d8e00000,0x00000000d9300000)
 ParOldGen       total 86016K, used 4299K [0x0000000083a00000, 0x0000000088e00000, 0x00000000d6900000)
  object space 86016K, 4% used [0x0000000083a00000,0x0000000083e32e38,0x0000000088e00000)
 Metaspace       used 13897K, capacity 14332K, committed 14592K, reserved 1062912K
  class space    used 1599K, capacity 1737K, committed 1792K, reserved 1048576K
Event: 108.865 GC heap after
Heap after GC invocations=5 (full 1):
 PSYoungGen      total 37888K, used 5111K [0x00000000d6900000, 0x00000000db300000, 0x0000000100000000)
  eden space 32768K, 0% used [0x00000000d6900000,0x00000000d6900000,0x00000000d8900000)
  from space 5120K, 99% used [0x00000000d8e00000,0x00000000d92fde90,0x00000000d9300000)
  to   space 5120K, 0% used [0x00000000d8900000,0x00000000d8900000,0x00000000d8e00000)
 ParOldGen       total 86016K, used 4534K [0x0000000083a00000, 0x0000000088e00000, 0x00000000d6900000)
  object space 86016K, 5% used [0x0000000083a00000,0x0000000083e6da68,0x0000000088e00000)
 Metaspace       used 13897K, capacity 14332K, committed 14592K, reserved 1062912K
  class space    used 1599K, capacity 1737K, committed 1792K, reserved 1048576K
}
Event: 109.157 GC heap before
{Heap before GC invocations=6 (full 1):
 PSYoungGen      total 37888K, used 37879K [0x00000000d6900000, 0x00000000db300000, 0x0000000100000000)
  eden space 32768K, 100% used [0x00000000d6900000,0x00000000d8900000,0x00000000d8900000)
  from space 5120K, 99% used [0x00000000d8e00000,0x00000000d92fde90,0x00000000d9300000)
  to   space 5120K, 0% used [0x00000000d8900000,0x00000000d8900000,0x00000000d8e00000)
 ParOldGen       total 86016K, used 4534K [0x0000000083a00000, 0x0000000088e00000, 0x00000000d6900000)
  object space 86016K, 5% used [0x0000000083a00000,0x0000000083e6da68,0x0000000088e00000)
 Metaspace       used 13913K, capacity 14332K, committed 14592K, reserved 1062912K
  class space    used 1599K, capacity 1737K, committed 1792K, reserved 1048576K
Event: 109.196 GC heap after
Heap after GC invocations=6 (full 1):
 PSYoungGen      total 37888K, used 5112K [0x00000000d6900000, 0x00000000db300000, 0x0000000100000000)
  eden space 32768K, 0% used [0x00000000d6900000,0x00000000d6900000,0x00000000d8900000)
  from space 5120K, 99% used [0x00000000d8900000,0x00000000d8dfe048,0x00000000d8e00000)
  to   space 5120K, 0% used [0x00000000dae00000,0x00000000dae00000,0x00000000db300000)
 ParOldGen       total 86016K, used 4806K [0x0000000083a00000, 0x0000000088e00000, 0x00000000d6900000)
  object space 86016K, 5% used [0x0000000083a00000,0x0000000083eb1a68,0x0000000088e00000)
 Metaspace       used 13913K, capacity 14332K, committed 14592K, reserved 1062912K
  class space    used 1599K, capacity 1737K, committed 1792K, reserved 1048576K
}
Event: 109.421 GC heap before
{Heap before GC invocations=7 (full 1):
 PSYoungGen      total 37888K, used 37880K [0x00000000d6900000, 0x00000000db300000, 0x0000000100000000)
  eden space 32768K, 100% used [0x00000000d6900000,0x00000000d8900000,0x00000000d8900000)
  from space 5120K, 99% used [0x00000000d8900000,0x00000000d8dfe048,0x00000000d8e00000)
  to   space 5120K, 0% used [0x00000000dae00000,0x00000000dae00000,0x00000000db300000)
 ParOldGen       total 86016K, used 4806K [0x0000000083a00000, 0x0000000088e00000, 0x00000000d6900000)
  object space 86016K, 5% used [0x0000000083a00000,0x0000000083eb1a68,0x0000000088e00000)
 Metaspace       used 13942K, capacity 14396K, committed 14592K, reserved 1062912K
  class space    used 1599K, capacity 1737K, committed 1792K, reserved 1048576K
Event: 109.430 GC heap after
Heap after GC invocations=7 (full 1):
 PSYoungGen      total 69632K, used 5096K [0x00000000d6900000, 0x00000000db500000, 0x0000000100000000)
  eden space 64512K, 0% used [0x00000000d6900000,0x00000000d6900000,0x00000000da800000)
  from space 5120K, 99% used [0x00000000dae00000,0x00000000db2fa058,0x00000000db300000)
  to   space 6144K, 0% used [0x00000000da800000,0x00000000da800000,0x00000000dae00000)
 ParOldGen       total 86016K, used 4966K [0x0000000083a00000, 0x0000000088e00000, 0x00000000d6900000)
  object space 86016K, 5% used [0x0000000083a00000,0x0000000083ed9a88,0x0000000088e00000)
 Metaspace       used 13942K, capacity 14396K, committed 14592K, reserved 1062912K
  class space    used 1599K, capacity 1737K, committed 1792K, reserved 1048576K
}
Event: 110.676 GC heap before
{Heap before GC invocations=8 (full 1):
 PSYoungGen      total 69632K, used 69608K [0x00000000d6900000, 0x00000000db500000, 0x0000000100000000)
  eden space 64512K, 100% used [0x00000000d6900000,0x00000000da800000,0x00000000da800000)
  from space 5120K, 99% used [0x00000000dae00000,0x00000000db2fa058,0x00000000db300000)
  to   space 6144K, 0% used [0x00000000da800000,0x00000000da800000,0x00000000dae00000)
 ParOldGen       total 86016K, used 4966K [0x0000000083a00000, 0x0000000088e00000, 0x00000000d6900000)
  object space 86016K, 5% used [0x0000000083a00000,0x0000000083ed9a88,0x0000000088e00000)
 Metaspace       used 14211K, capacity 14652K, committed 14848K, reserved 1062912K
  class space    used 1602K, capacity 1737K, committed 1792K, reserved 1048576K

