# JRE version: Java(TM) SE Runtime Environment (8.0_181-b13) (build 1.8.0_181-b13)
# Java VM: Java HotSpot(TM) 64-Bit Server VM (25.181-b13 mixed mode linux-amd64 compressed oops)
Heap:
 PSYoungGen      total 70656K, used 6440K [0x00000000d6900000, 0x00000000db900000, 0x0000000100000000)
  eden space 62464K, 0% used [0x00000000d6900000,0x00000000d6900000,0x00000000da600000)
  from space 8192K, 78% used [0x00000000da600000,0x00000000dac4a150,0x00000000dae00000)
  to   space 5120K, 0% used [0x00000000dae00000,0x00000000dae00000,0x00000000db300000)
 ParOldGen       total 86016K, used 9056K [0x0000000083a00000, 0x0000000088e00000, 0x00000000d6900000)
  object space 86016K, 10% used [0x0000000083a00000,0x00000000842d8310,0x0000000088e00000)
 Metaspace       used 13895K, capacity 14256K, committed 14592K, reserved 1062912K
  class space    used 1576K, capacity 1667K, committed 1792K, reserved 1048576K
GC Heap History (10 events):
Event: 110.883 GC heap after
Heap after GC invocations=3 (full 1):
 PSYoungGen      total 37888K, used 5095K [0x00000000d6900000, 0x00000000d9300000, 0x0000000100000000)
  eden space 32768K, 0% used [0x00000000d6900000,0x00000000d6900000,0x00000000d8900000)
  from space 5120K, 99% used [0x00000000d8e00000,0x00000000d92f9fc8,0x00000000d9300000)
  to   space 5120K, 0% used [0x00000000d8900000,0x00000000d8900000,0x00000000d8e00000)
 ParOldGen       total 86016K, used 4574K [0x0000000083a00000, 0x0000000088e00000, 0x00000000d6900000)
  object space 86016K, 5% used [0x0000000083a00000,0x0000000083e779f8,0x0000000088e00000)
 Metaspace       used 13544K, capacity 13924K, committed 14080K, reserved 1060864K
  class space    used 1573K, capacity 1665K, committed 1792K, reserved 1048576K
}
Event: 111.985 GC heap before
{Heap before GC invocations=4 (full 1):
 PSYoungGen      total 37888K, used 37863K [0x00000000d6900000, 0x00000000d9300000, 0x0000000100000000)
  eden space 32768K, 100% used [0x00000000d6900000,0x00000000d8900000,0x00000000d8900000)
  from space 5120K, 99% used [0x00000000d8e00000,0x00000000d92f9fc8,0x00000000d9300000)
  to   space 5120K, 0% used [0x00000000d8900000,0x00000000d8900000,0x00000000d8e00000)
 ParOldGen       total 86016K, used 4574K [0x0000000083a00000, 0x0000000088e00000, 0x00000000d6900000)
  object space 86016K, 5% used [0x0000000083a00000,0x0000000083e779f8,0x0000000088e00000)
 Metaspace       used 13730K, capacity 14064K, committed 14336K, reserved 1062912K
  class space    used 1576K, capacity 1667K, committed 1792K, reserved 1048576K
Event: 111.996 GC heap after
Heap after GC invocations=4 (full 1):
 PSYoungGen      total 37888K, used 5114K [0x00000000d6900000, 0x00000000d9300000, 0x0000000100000000)
  eden space 32768K, 0% used [0x00000000d6900000,0x00000000d6900000,0x00000000d8900000)
  from space 5120K, 99% used [0x00000000d8900000,0x00000000d8dfe8f0,0x00000000d8e00000)
  to   space 5120K, 0% used [0x00000000d8e00000,0x00000000d8e00000,0x00000000d9300000)
 ParOldGen       total 86016K, used 4646K [0x0000000083a00000, 0x0000000088e00000, 0x00000000d6900000)
  object space 86016K, 5% used [0x0000000083a00000,0x0000000083e899f8,0x0000000088e00000)
 Metaspace       used 13730K, capacity 14064K, committed 14336K, reserved 1062912K
  class space    used 1576K, capacity 1667K, committed 1792K, reserved 1048576K
}
Event: 112.913 GC heap before
{Heap before GC invocations=5 (full 1):
 PSYoungGen      total 37888K, used 37882K [0x00000000d6900000, 0x00000000d9300000, 0x0000000100000000)
  eden space 32768K, 100% used [0x00000000d6900000,0x00000000d8900000,0x00000000d8900000)
  from space 5120K, 99% used [0x00000000d8900000,0x00000000d8dfe8f0,0x00000000d8e00000)
  to   space 5120K, 0% used [0x00000000d8e00000,0x00000000d8e00000,0x00000000d9300000)
 ParOldGen       total 86016K, used 4646K [0x0000000083a00000, 0x0000000088e00000, 0x00000000d6900000)
  object space 86016K, 5% used [0x0000000083a00000,0x0000000083e899f8,0x0000000088e00000)
 Metaspace       used 13821K, capacity 14128K, committed 14336K, reserved 1062912K
  class space    used 1576K, capacity 1667K, committed 1792K, reserved 1048576K
Event: 112.956 GC heap after
Heap after GC invocations=5 (full 1):
 PSYoungGen      total 37888K, used 5112K [0x00000000d6900000, 0x00000000db300000, 0x0000000100000000)
  eden space 32768K, 0% used [0x00000000d6900000,0x00000000d6900000,0x00000000d8900000)
  from space 5120K, 99% used [0x00000000d8e00000,0x00000000d92fe1c0,0x00000000d9300000)
  to   space 5120K, 0% used [0x00000000d8900000,0x00000000d8900000,0x00000000d8e00000)
 ParOldGen       total 86016K, used 6425K [0x0000000083a00000, 0x0000000088e00000, 0x00000000d6900000)
  object space 86016K, 7% used [0x0000000083a00000,0x0000000084046648,0x0000000088e00000)
 Metaspace       used 13821K, capacity 14128K, committed 14336K, reserved 1062912K
  class space    used 1576K, capacity 1667K, committed 1792K, reserved 1048576K
}
Event: 113.495 GC heap before
{Heap before GC invocations=6 (full 1):
 PSYoungGen      total 37888K, used 37880K [0x00000000d6900000, 0x00000000db300000, 0x0000000100000000)
  eden space 32768K, 100% used [0x00000000d6900000,0x00000000d8900000,0x00000000d8900000)
  from space 5120K, 99% used [0x00000000d8e00000,0x00000000d92fe1c0,0x00000000d9300000)
  to   space 5120K, 0% used [0x00000000d8900000,0x00000000d8900000,0x00000000d8e00000)
 ParOldGen       total 86016K, used 6425K [0x0000000083a00000, 0x0000000088e00000, 0x00000000d6900000)
  object space 86016K, 7% used [0x0000000083a00000,0x0000000084046648,0x0000000088e00000)
 Metaspace       used 13852K, capacity 14256K, committed 14592K, reserved 1062912K
  class space    used 1576K, capacity 1667K, committed 1792K, reserved 1048576K
Event: 113.519 GC heap after
Heap after GC invocations=6 (full 1):
 PSYoungGen      total 37888K, used 5098K [0x00000000d6900000, 0x00000000db300000, 0x0000000100000000)
  eden space 32768K, 0% used [0x00000000d6900000,0x00000000d6900000,0x00000000d8900000)
  from space 5120K, 99% used [0x00000000d8900000,0x00000000d8dfa860,0x00000000d8e00000)
  to   space 5120K, 0% used [0x00000000dae00000,0x00000000dae00000,0x00000000db300000)
 ParOldGen       total 86016K, used 7837K [0x0000000083a00000, 0x0000000088e00000, 0x00000000d6900000)
  object space 86016K, 9% used [0x0000000083a00000,0x00000000841a7440,0x0000000088e00000)
 Metaspace       used 13852K, capacity 14256K, committed 14592K, reserved 1062912K
  class space    used 1576K, capacity 1667K, committed 1792K, reserved 1048576K
}
Event: 113.921 GC heap before
{Heap before GC invocations=7 (full 1):
 PSYoungGen      total 37888K, used 37866K [0x00000000d6900000, 0x00000000db300000, 0x0000000100000000)
  eden space 32768K, 100% used [0x00000000d6900000,0x00000000d8900000,0x00000000d8900000)
  from space 5120K, 99% used [0x00000000d8900000,0x00000000d8dfa860,0x00000000d8e00000)
  to   space 5120K, 0% used [0x00000000dae00000,0x00000000dae00000,0x00000000db300000)
 ParOldGen       total 86016K, used 7837K [0x0000000083a00000, 0x0000000088e00000, 0x00000000d6900000)
  object space 86016K, 9% used [0x0000000083a00000,0x00000000841a7440,0x0000000088e00000)
 Metaspace       used 13890K, capacity 14256K, committed 14592K, reserved 1062912K
  class space    used 1576K, capacity 1667K, committed 1792K, reserved 1048576K
Event: 113.960 GC heap after
Heap after GC invocations=7 (full 1):
 PSYoungGen      total 67584K, used 5118K [0x00000000d6900000, 0x00000000db900000, 0x0000000100000000)
  eden space 62464K, 0% used [0x00000000d6900000,0x00000000d6900000,0x00000000da600000)
  from space 5120K, 99% used [0x00000000dae00000,0x00000000db2ff8f0,0x00000000db300000)
  to   space 8192K, 0% used [0x00000000da600000,0x00000000da600000,0x00000000dae00000)
 ParOldGen       total 86016K, used 9056K [0x0000000083a00000, 0x0000000088e00000, 0x00000000d6900000)
  object space 86016K, 10% used [0x0000000083a00000,0x00000000842d8310,0x0000000088e00000)
 Metaspace       used 13890K, capacity 14256K, committed 14592K, reserved 1062912K
  class space    used 1576K, capacity 1667K, committed 1792K, reserved 1048576K
}
Event: 115.074 GC heap before
{Heap before GC invocations=8 (full 1):
 PSYoungGen      total 67584K, used 67582K [0x00000000d6900000, 0x00000000db900000, 0x0000000100000000)
  eden space 62464K, 100% used [0x00000000d6900000,0x00000000da600000,0x00000000da600000)
  from space 5120K, 99% used [0x00000000dae00000,0x00000000db2ff8f0,0x00000000db300000)
  to   space 8192K, 0% used [0x00000000da600000,0x00000000da600000,0x00000000dae00000)
 ParOldGen       total 86016K, used 9056K [0x0000000083a00000, 0x0000000088e00000, 0x00000000d6900000)
  object space 86016K, 10% used [0x0000000083a00000,0x00000000842d8310,0x0000000088e00000)
 Metaspace       used 13895K, capacity 14256K, committed 14592K, reserved 1062912K
  class space    used 1576K, capacity 1667K, committed 1792K, reserved 1048576K

