# JRE version: Java(TM) SE Runtime Environment (8.0_181-b13) (build 1.8.0_181-b13)
# Java VM: Java HotSpot(TM) 64-Bit Server VM (25.181-b13 mixed mode linux-amd64 compressed oops)
Heap:
 PSYoungGen      total 37888K, used 4169K [0x00000000d6900000, 0x00000000d9600000, 0x0000000100000000)
  eden space 29696K, 0% used [0x00000000d6900000,0x00000000d6900000,0x00000000d8600000)
  from space 8192K, 50% used [0x00000000d8600000,0x00000000d8a127f0,0x00000000d8e00000)
  to   space 7680K, 0% used [0x00000000d8e00000,0x00000000d8e00000,0x00000000d9580000)
 ParOldGen       total 86016K, used 11174K [0x0000000083a00000, 0x0000000088e00000, 0x00000000d6900000)
  object space 86016K, 12% used [0x0000000083a00000,0x00000000844e98a0,0x0000000088e00000)
 Metaspace       used 16877K, capacity 17428K, committed 17536K, reserved 1064960K
  class space    used 1923K, capacity 2106K, committed 2176K, reserved 1048576K
GC Heap History (10 events):
Event: 54.904 GC heap after
Heap after GC invocations=5 (full 1):
 PSYoungGen      total 37888K, used 5112K [0x00000000d6900000, 0x00000000d9300000, 0x0000000100000000)
  eden space 32768K, 0% used [0x00000000d6900000,0x00000000d6900000,0x00000000d8900000)
  from space 5120K, 99% used [0x00000000d8e00000,0x00000000d92fe040,0x00000000d9300000)
  to   space 5120K, 0% used [0x00000000d8900000,0x00000000d8900000,0x00000000d8e00000)
 ParOldGen       total 86016K, used 4301K [0x0000000083a00000, 0x0000000088e00000, 0x00000000d6900000)
  object space 86016K, 5% used [0x0000000083a00000,0x0000000083e336e0,0x0000000088e00000)
 Metaspace       used 14129K, capacity 14578K, committed 14848K, reserved 1062912K
  class space    used 1612K, capacity 1749K, committed 1792K, reserved 1048576K
}
Event: 68.940 GC heap before
{Heap before GC invocations=6 (full 1):
 PSYoungGen      total 37888K, used 37880K [0x00000000d6900000, 0x00000000d9300000, 0x0000000100000000)
  eden space 32768K, 100% used [0x00000000d6900000,0x00000000d8900000,0x00000000d8900000)
  from space 5120K, 99% used [0x00000000d8e00000,0x00000000d92fe040,0x00000000d9300000)
  to   space 5120K, 0% used [0x00000000d8900000,0x00000000d8900000,0x00000000d8e00000)
 ParOldGen       total 86016K, used 4301K [0x0000000083a00000, 0x0000000088e00000, 0x00000000d6900000)
  object space 86016K, 5% used [0x0000000083a00000,0x0000000083e336e0,0x0000000088e00000)
 Metaspace       used 16306K, capacity 16808K, committed 17152K, reserved 1064960K
  class space    used 1862K, capacity 1972K, committed 2048K, reserved 1048576K
Event: 68.962 GC heap after
Heap after GC invocations=6 (full 1):
 PSYoungGen      total 37888K, used 5120K [0x00000000d6900000, 0x00000000d9300000, 0x0000000100000000)
  eden space 32768K, 0% used [0x00000000d6900000,0x00000000d6900000,0x00000000d8900000)
  from space 5120K, 100% used [0x00000000d8900000,0x00000000d8e00000,0x00000000d8e00000)
  to   space 5120K, 0% used [0x00000000d8e00000,0x00000000d8e00000,0x00000000d9300000)
 ParOldGen       total 86016K, used 5659K [0x0000000083a00000, 0x0000000088e00000, 0x00000000d6900000)
  object space 86016K, 6% used [0x0000000083a00000,0x0000000083f86cc0,0x0000000088e00000)
 Metaspace       used 16306K, capacity 16808K, committed 17152K, reserved 1064960K
  class space    used 1862K, capacity 1972K, committed 2048K, reserved 1048576K
}
Event: 79.421 GC heap before
{Heap before GC invocations=7 (full 1):
 PSYoungGen      total 37888K, used 37888K [0x00000000d6900000, 0x00000000d9300000, 0x0000000100000000)
  eden space 32768K, 100% used [0x00000000d6900000,0x00000000d8900000,0x00000000d8900000)
  from space 5120K, 100% used [0x00000000d8900000,0x00000000d8e00000,0x00000000d8e00000)
  to   space 5120K, 0% used [0x00000000d8e00000,0x00000000d8e00000,0x00000000d9300000)
 ParOldGen       total 86016K, used 5659K [0x0000000083a00000, 0x0000000088e00000, 0x00000000d6900000)
  object space 86016K, 6% used [0x0000000083a00000,0x0000000083f86cc0,0x0000000088e00000)
 Metaspace       used 16608K, capacity 17198K, committed 17536K, reserved 1064960K
  class space    used 1910K, capacity 2073K, committed 2176K, reserved 1048576K
Event: 79.443 GC heap after
Heap after GC invocations=7 (full 1):
 PSYoungGen      total 35840K, used 5120K [0x00000000d6900000, 0x00000000d9680000, 0x0000000100000000)
  eden space 30720K, 0% used [0x00000000d6900000,0x00000000d6900000,0x00000000d8700000)
  from space 5120K, 100% used [0x00000000d8e00000,0x00000000d9300000,0x00000000d9300000)
  to   space 7168K, 0% used [0x00000000d8700000,0x00000000d8700000,0x00000000d8e00000)
 ParOldGen       total 86016K, used 6683K [0x0000000083a00000, 0x0000000088e00000, 0x00000000d6900000)
  object space 86016K, 7% used [0x0000000083a00000,0x0000000084086ce0,0x0000000088e00000)
 Metaspace       used 16608K, capacity 17198K, committed 17536K, reserved 1064960K
  class space    used 1910K, capacity 2073K, committed 2176K, reserved 1048576K
}
Event: 87.343 GC heap before
{Heap before GC invocations=8 (full 1):
 PSYoungGen      total 35840K, used 35840K [0x00000000d6900000, 0x00000000d9680000, 0x0000000100000000)
  eden space 30720K, 100% used [0x00000000d6900000,0x00000000d8700000,0x00000000d8700000)
  from space 5120K, 100% used [0x00000000d8e00000,0x00000000d9300000,0x00000000d9300000)
  to   space 7168K, 0% used [0x00000000d8700000,0x00000000d8700000,0x00000000d8e00000)
 ParOldGen       total 86016K, used 6683K [0x0000000083a00000, 0x0000000088e00000, 0x00000000d6900000)
  object space 86016K, 7% used [0x0000000083a00000,0x0000000084086ce0,0x0000000088e00000)
 Metaspace       used 16621K, capacity 17198K, committed 17536K, reserved 1064960K
  class space    used 1911K, capacity 2073K, committed 2176K, reserved 1048576K
Event: 87.359 GC heap after
Heap after GC invocations=8 (full 1):
 PSYoungGen      total 37376K, used 6096K [0x00000000d6900000, 0x00000000d9580000, 0x0000000100000000)
  eden space 30208K, 0% used [0x00000000d6900000,0x00000000d6900000,0x00000000d8680000)
  from space 7168K, 85% used [0x00000000d8700000,0x00000000d8cf4040,0x00000000d8e00000)
  to   space 7680K, 0% used [0x00000000d8e00000,0x00000000d8e00000,0x00000000d9580000)
 ParOldGen       total 86016K, used 6683K [0x0000000083a00000, 0x0000000088e00000, 0x00000000d6900000)
  object space 86016K, 7% used [0x0000000083a00000,0x0000000084086ce0,0x0000000088e00000)
 Metaspace       used 16621K, capacity 17198K, committed 17536K, reserved 1064960K
  class space    used 1911K, capacity 2073K, committed 2176K, reserved 1048576K
}
Event: 102.122 GC heap before
{Heap before GC invocations=9 (full 1):
 PSYoungGen      total 37376K, used 36304K [0x00000000d6900000, 0x00000000d9580000, 0x0000000100000000)
  eden space 30208K, 100% used [0x00000000d6900000,0x00000000d8680000,0x00000000d8680000)
  from space 7168K, 85% used [0x00000000d8700000,0x00000000d8cf4040,0x00000000d8e00000)
  to   space 7680K, 0% used [0x00000000d8e00000,0x00000000d8e00000,0x00000000d9580000)
 ParOldGen       total 86016K, used 6683K [0x0000000083a00000, 0x0000000088e00000, 0x00000000d6900000)
  object space 86016K, 7% used [0x0000000083a00000,0x0000000084086ce0,0x0000000088e00000)
 Metaspace       used 16804K, capacity 17364K, committed 17536K, reserved 1064960K
  class space    used 1923K, capacity 2106K, committed 2176K, reserved 1048576K
Event: 102.192 GC heap after
Heap after GC invocations=9 (full 1):
 PSYoungGen      total 37376K, used 7536K [0x00000000d6900000, 0x00000000d9600000, 0x0000000100000000)
  eden space 29696K, 0% used [0x00000000d6900000,0x00000000d6900000,0x00000000d8600000)
  from space 7680K, 98% used [0x00000000d8e00000,0x00000000d955c050,0x00000000d9580000)
  to   space 8192K, 0% used [0x00000000d8600000,0x00000000d8600000,0x00000000d8e00000)
 ParOldGen       total 86016K, used 8819K [0x0000000083a00000, 0x0000000088e00000, 0x00000000d6900000)
  object space 86016K, 10% used [0x0000000083a00000,0x000000008429cd30,0x0000000088e00000)
 Metaspace       used 16804K, capacity 17364K, committed 17536K, reserved 1064960K
  class space    used 1923K, capacity 2106K, committed 2176K, reserved 1048576K
}
Event: 132.737 GC heap before
{Heap before GC invocations=10 (full 1):
 PSYoungGen      total 37376K, used 37232K [0x00000000d6900000, 0x00000000d9600000, 0x0000000100000000)
  eden space 29696K, 100% used [0x00000000d6900000,0x00000000d8600000,0x00000000d8600000)
  from space 7680K, 98% used [0x00000000d8e00000,0x00000000d955c050,0x00000000d9580000)
  to   space 8192K, 0% used [0x00000000d8600000,0x00000000d8600000,0x00000000d8e00000)
 ParOldGen       total 86016K, used 8819K [0x0000000083a00000, 0x0000000088e00000, 0x00000000d6900000)
  object space 86016K, 10% used [0x0000000083a00000,0x000000008429cd30,0x0000000088e00000)
 Metaspace       used 16877K, capacity 17428K, committed 17536K, reserved 1064960K
  class space    used 1923K, capacity 2106K, committed 2176K, reserved 1048576K

