# JRE version: Java(TM) SE Runtime Environment (8.0_181-b13) (build 1.8.0_181-b13)
# Java VM: Java HotSpot(TM) 64-Bit Server VM (25.181-b13 mixed mode linux-amd64 compressed oops)
Heap:
 PSYoungGen      total 264192K, used 15328K [0x00000000d6900000, 0x00000000e7d00000, 0x0000000100000000)
  eden space 248832K, 0% used [0x00000000d6900000,0x00000000d6900000,0x00000000e5c00000)
  from space 15360K, 99% used [0x00000000e5c00000,0x00000000e6af8010,0x00000000e6b00000)
  to   space 12288K, 0% used [0x00000000e6b00000,0x00000000e6b00000,0x00000000e7700000)
 ParOldGen       total 86016K, used 62135K [0x0000000083a00000, 0x0000000088e00000, 0x00000000d6900000)
  object space 86016K, 72% used [0x0000000083a00000,0x00000000876add08,0x0000000088e00000)
 Metaspace       used 15090K, capacity 15546K, committed 15616K, reserved 1062912K
  class space    used 1632K, capacity 1760K, committed 1792K, reserved 1048576K
GC Heap History (10 events):
Event: 38.959 GC heap after
Heap after GC invocations=5 (full 1):
 PSYoungGen      total 70656K, used 5116K [0x00000000d6900000, 0x00000000db300000, 0x0000000100000000)
  eden space 65536K, 0% used [0x00000000d6900000,0x00000000d6900000,0x00000000da900000)
  from space 5120K, 99% used [0x00000000dae00000,0x00000000db2ff3e8,0x00000000db300000)
  to   space 5120K, 0% used [0x00000000da900000,0x00000000da900000,0x00000000dae00000)
 ParOldGen       total 86016K, used 7774K [0x0000000083a00000, 0x0000000088e00000, 0x00000000d6900000)
  object space 86016K, 9% used [0x0000000083a00000,0x0000000084197b50,0x0000000088e00000)
 Metaspace       used 13747K, capacity 14124K, committed 14208K, reserved 1062912K
  class space    used 1569K, capacity 1662K, committed 1664K, reserved 1048576K
}
Event: 40.239 GC heap before
{Heap before GC invocations=6 (full 1):
 PSYoungGen      total 70656K, used 70652K [0x00000000d6900000, 0x00000000db300000, 0x0000000100000000)
  eden space 65536K, 100% used [0x00000000d6900000,0x00000000da900000,0x00000000da900000)
  from space 5120K, 99% used [0x00000000dae00000,0x00000000db2ff3e8,0x00000000db300000)
  to   space 5120K, 0% used [0x00000000da900000,0x00000000da900000,0x00000000dae00000)
 ParOldGen       total 86016K, used 7774K [0x0000000083a00000, 0x0000000088e00000, 0x00000000d6900000)
  object space 86016K, 9% used [0x0000000083a00000,0x0000000084197b50,0x0000000088e00000)
 Metaspace       used 13777K, capacity 14124K, committed 14208K, reserved 1062912K
  class space    used 1569K, capacity 1662K, committed 1664K, reserved 1048576K
Event: 40.296 GC heap after
Heap after GC invocations=6 (full 1):
 PSYoungGen      total 70656K, used 5120K [0x00000000d6900000, 0x00000000df300000, 0x0000000100000000)
  eden space 65536K, 0% used [0x00000000d6900000,0x00000000d6900000,0x00000000da900000)
  from space 5120K, 100% used [0x00000000da900000,0x00000000dae00000,0x00000000dae00000)
  to   space 5120K, 0% used [0x00000000dee00000,0x00000000dee00000,0x00000000df300000)
 ParOldGen       total 86016K, used 10868K [0x0000000083a00000, 0x0000000088e00000, 0x00000000d6900000)
  object space 86016K, 12% used [0x0000000083a00000,0x000000008449d0a8,0x0000000088e00000)
 Metaspace       used 13777K, capacity 14124K, committed 14208K, reserved 1062912K
  class space    used 1569K, capacity 1662K, committed 1664K, reserved 1048576K
}
Event: 41.627 GC heap before
{Heap before GC invocations=7 (full 1):
 PSYoungGen      total 70656K, used 70656K [0x00000000d6900000, 0x00000000df300000, 0x0000000100000000)
  eden space 65536K, 100% used [0x00000000d6900000,0x00000000da900000,0x00000000da900000)
  from space 5120K, 100% used [0x00000000da900000,0x00000000dae00000,0x00000000dae00000)
  to   space 5120K, 0% used [0x00000000dee00000,0x00000000dee00000,0x00000000df300000)
 ParOldGen       total 86016K, used 10868K [0x0000000083a00000, 0x0000000088e00000, 0x00000000d6900000)
  object space 86016K, 12% used [0x0000000083a00000,0x000000008449d0a8,0x0000000088e00000)
 Metaspace       used 13816K, capacity 14188K, committed 14208K, reserved 1062912K
  class space    used 1569K, capacity 1662K, committed 1664K, reserved 1048576K
Event: 41.738 GC heap after
Heap after GC invocations=7 (full 1):
 PSYoungGen      total 131072K, used 5120K [0x00000000d6900000, 0x00000000dfd00000, 0x0000000100000000)
  eden space 125952K, 0% used [0x00000000d6900000,0x00000000d6900000,0x00000000de400000)
  from space 5120K, 100% used [0x00000000dee00000,0x00000000df300000,0x00000000df300000)
  to   space 10240K, 0% used [0x00000000de400000,0x00000000de400000,0x00000000dee00000)
 ParOldGen       total 86016K, used 14296K [0x0000000083a00000, 0x0000000088e00000, 0x00000000d6900000)
  object space 86016K, 16% used [0x0000000083a00000,0x00000000847f6118,0x0000000088e00000)
 Metaspace       used 13816K, capacity 14188K, committed 14208K, reserved 1062912K
  class space    used 1569K, capacity 1662K, committed 1664K, reserved 1048576K
}
Event: 45.203 GC heap before
{Heap before GC invocations=8 (full 1):
 PSYoungGen      total 131072K, used 131072K [0x00000000d6900000, 0x00000000dfd00000, 0x0000000100000000)
  eden space 125952K, 100% used [0x00000000d6900000,0x00000000de400000,0x00000000de400000)
  from space 5120K, 100% used [0x00000000dee00000,0x00000000df300000,0x00000000df300000)
  to   space 10240K, 0% used [0x00000000de400000,0x00000000de400000,0x00000000dee00000)
 ParOldGen       total 86016K, used 14296K [0x0000000083a00000, 0x0000000088e00000, 0x00000000d6900000)
  object space 86016K, 16% used [0x0000000083a00000,0x00000000847f6118,0x0000000088e00000)
 Metaspace       used 13870K, capacity 14252K, committed 14464K, reserved 1062912K
  class space    used 1569K, capacity 1662K, committed 1664K, reserved 1048576K
Event: 45.308 GC heap after
Heap after GC invocations=8 (full 1):
 PSYoungGen      total 136192K, used 10208K [0x00000000d6900000, 0x00000000e7700000, 0x0000000100000000)
  eden space 125952K, 0% used [0x00000000d6900000,0x00000000d6900000,0x00000000de400000)
  from space 10240K, 99% used [0x00000000de400000,0x00000000dedf8110,0x00000000dee00000)
  to   space 12288K, 0% used [0x00000000e6b00000,0x00000000e6b00000,0x00000000e7700000)
 ParOldGen       total 86016K, used 15180K [0x0000000083a00000, 0x0000000088e00000, 0x00000000d6900000)
  object space 86016K, 17% used [0x0000000083a00000,0x00000000848d3138,0x0000000088e00000)
 Metaspace       used 13870K, capacity 14252K, committed 14464K, reserved 1062912K
  class space    used 1569K, capacity 1662K, committed 1664K, reserved 1048576K
}
Event: 83.412 GC heap before
{Heap before GC invocations=9 (full 1):
 PSYoungGen      total 136192K, used 136160K [0x00000000d6900000, 0x00000000e7700000, 0x0000000100000000)
  eden space 125952K, 100% used [0x00000000d6900000,0x00000000de400000,0x00000000de400000)
  from space 10240K, 99% used [0x00000000de400000,0x00000000dedf8110,0x00000000dee00000)
  to   space 12288K, 0% used [0x00000000e6b00000,0x00000000e6b00000,0x00000000e7700000)
 ParOldGen       total 86016K, used 15180K [0x0000000083a00000, 0x0000000088e00000, 0x00000000d6900000)
  object space 86016K, 17% used [0x0000000083a00000,0x00000000848d3138,0x0000000088e00000)
 Metaspace       used 14672K, capacity 15150K, committed 15360K, reserved 1062912K
  class space    used 1605K, capacity 1719K, committed 1792K, reserved 1048576K
Event: 83.470 GC heap after
Heap after GC invocations=9 (full 1):
 PSYoungGen      total 261120K, used 12256K [0x00000000d6900000, 0x00000000e7d00000, 0x0000000100000000)
  eden space 248832K, 0% used [0x00000000d6900000,0x00000000d6900000,0x00000000e5c00000)
  from space 12288K, 99% used [0x00000000e6b00000,0x00000000e76f8010,0x00000000e7700000)
  to   space 15360K, 0% used [0x00000000e5c00000,0x00000000e5c00000,0x00000000e6b00000)
 ParOldGen       total 86016K, used 19142K [0x0000000083a00000, 0x0000000088e00000, 0x00000000d6900000)
  object space 86016K, 22% used [0x0000000083a00000,0x0000000084cb1ab0,0x0000000088e00000)
 Metaspace       used 14672K, capacity 15150K, committed 15360K, reserved 1062912K
  class space    used 1605K, capacity 1719K, committed 1792K, reserved 1048576K
}
Event: 187.679 GC heap before
{Heap before GC invocations=10 (full 1):
 PSYoungGen      total 261120K, used 261088K [0x00000000d6900000, 0x00000000e7d00000, 0x0000000100000000)
  eden space 248832K, 100% used [0x00000000d6900000,0x00000000e5c00000,0x00000000e5c00000)
  from space 12288K, 99% used [0x00000000e6b00000,0x00000000e76f8010,0x00000000e7700000)
  to   space 15360K, 0% used [0x00000000e5c00000,0x00000000e5c00000,0x00000000e6b00000)
 ParOldGen       total 86016K, used 19142K [0x0000000083a00000, 0x0000000088e00000, 0x00000000d6900000)
  object space 86016K, 22% used [0x0000000083a00000,0x0000000084cb1ab0,0x0000000088e00000)
 Metaspace       used 15090K, capacity 15546K, committed 15616K, reserved 1062912K
  class space    used 1632K, capacity 1760K, committed 1792K, reserved 1048576K

