# JRE version: Java(TM) SE Runtime Environment (8.0_181-b13) (build 1.8.0_181-b13)
# Java VM: Java HotSpot(TM) 64-Bit Server VM (25.181-b13 mixed mode linux-amd64 compressed oops)
Heap:
 PSYoungGen      total 118272K, used 25586K [0x00000000d6900000, 0x00000000e0100000, 0x0000000100000000)
  eden space 92672K, 0% used [0x00000000d6900000,0x00000000d6900000,0x00000000dc380000)
  from space 25600K, 99% used [0x00000000dcf00000,0x00000000de7fc8e0,0x00000000de800000)
  to   space 19968K, 0% used [0x00000000ded80000,0x00000000ded80000,0x00000000e0100000)
 ParOldGen       total 86016K, used 67711K [0x0000000083a00000, 0x0000000088e00000, 0x00000000d6900000)
  object space 86016K, 78% used [0x0000000083a00000,0x0000000087c1fcc8,0x0000000088e00000)
 Metaspace       used 19962K, capacity 20490K, committed 20608K, reserved 1067008K
  class space    used 2272K, capacity 2425K, committed 2432K, reserved 1048576K
GC Heap History (10 events):
Event: 98.956 GC heap after
Heap after GC invocations=7 (full 1):
 PSYoungGen      total 35840K, used 5118K [0x00000000d6900000, 0x00000000d9680000, 0x0000000100000000)
  eden space 30720K, 0% used [0x00000000d6900000,0x00000000d6900000,0x00000000d8700000)
  from space 5120K, 99% used [0x00000000d8e00000,0x00000000d92ff918,0x00000000d9300000)
  to   space 7168K, 0% used [0x00000000d8700000,0x00000000d8700000,0x00000000d8e00000)
 ParOldGen       total 86016K, used 6542K [0x0000000083a00000, 0x0000000088e00000, 0x00000000d6900000)
  object space 86016K, 7% used [0x0000000083a00000,0x00000000840639b0,0x0000000088e00000)
 Metaspace       used 15142K, capacity 15544K, committed 15744K, reserved 1062912K
  class space    used 1693K, capacity 1824K, committed 1920K, reserved 1048576K
}
Event: 101.312 GC heap before
{Heap before GC invocations=8 (full 1):
 PSYoungGen      total 35840K, used 35838K [0x00000000d6900000, 0x00000000d9680000, 0x0000000100000000)
  eden space 30720K, 100% used [0x00000000d6900000,0x00000000d8700000,0x00000000d8700000)
  from space 5120K, 99% used [0x00000000d8e00000,0x00000000d92ff918,0x00000000d9300000)
  to   space 7168K, 0% used [0x00000000d8700000,0x00000000d8700000,0x00000000d8e00000)
 ParOldGen       total 86016K, used 6542K [0x0000000083a00000, 0x0000000088e00000, 0x00000000d6900000)
  object space 86016K, 7% used [0x0000000083a00000,0x00000000840639b0,0x0000000088e00000)
 Metaspace       used 16822K, capacity 17306K, committed 17408K, reserved 1064960K
  class space    used 1859K, capacity 1995K, committed 2048K, reserved 1048576K
Event: 101.356 GC heap after
Heap after GC invocations=8 (full 1):
 PSYoungGen      total 37888K, used 7141K [0x00000000d6900000, 0x00000000db700000, 0x0000000100000000)
  eden space 30720K, 0% used [0x00000000d6900000,0x00000000d6900000,0x00000000d8700000)
  from space 7168K, 99% used [0x00000000d8700000,0x00000000d8df9538,0x00000000d8e00000)
  to   space 9216K, 0% used [0x00000000dae00000,0x00000000dae00000,0x00000000db700000)
 ParOldGen       total 86016K, used 9621K [0x0000000083a00000, 0x0000000088e00000, 0x00000000d6900000)
  object space 86016K, 11% used [0x0000000083a00000,0x00000000843656c0,0x0000000088e00000)
 Metaspace       used 16822K, capacity 17306K, committed 17408K, reserved 1064960K
  class space    used 1859K, capacity 1995K, committed 2048K, reserved 1048576K
}
Event: 104.097 GC heap before
{Heap before GC invocations=9 (full 1):
 PSYoungGen      total 37888K, used 37861K [0x00000000d6900000, 0x00000000db700000, 0x0000000100000000)
  eden space 30720K, 100% used [0x00000000d6900000,0x00000000d8700000,0x00000000d8700000)
  from space 7168K, 99% used [0x00000000d8700000,0x00000000d8df9538,0x00000000d8e00000)
  to   space 9216K, 0% used [0x00000000dae00000,0x00000000dae00000,0x00000000db700000)
 ParOldGen       total 86016K, used 9621K [0x0000000083a00000, 0x0000000088e00000, 0x00000000d6900000)
  object space 86016K, 11% used [0x0000000083a00000,0x00000000843656c0,0x0000000088e00000)
 Metaspace       used 18185K, capacity 18630K, committed 18944K, reserved 1067008K
  class space    used 2054K, capacity 2195K, committed 2304K, reserved 1048576K
Event: 104.229 GC heap after
Heap after GC invocations=9 (full 1):
 PSYoungGen      total 67072K, used 9208K [0x00000000d6900000, 0x00000000dbe00000, 0x0000000100000000)
  eden space 57856K, 0% used [0x00000000d6900000,0x00000000d6900000,0x00000000da180000)
  from space 9216K, 99% used [0x00000000dae00000,0x00000000db6fe078,0x00000000db700000)
  to   space 12800K, 0% used [0x00000000da180000,0x00000000da180000,0x00000000dae00000)
 ParOldGen       total 86016K, used 14877K [0x0000000083a00000, 0x0000000088e00000, 0x00000000d6900000)
  object space 86016K, 17% used [0x0000000083a00000,0x0000000084887710,0x0000000088e00000)
 Metaspace       used 18185K, capacity 18630K, committed 18944K, reserved 1067008K
  class space    used 2054K, capacity 2195K, committed 2304K, reserved 1048576K
}
Event: 119.023 GC heap before
{Heap before GC invocations=10 (full 1):
 PSYoungGen      total 67072K, used 67064K [0x00000000d6900000, 0x00000000dbe00000, 0x0000000100000000)
  eden space 57856K, 100% used [0x00000000d6900000,0x00000000da180000,0x00000000da180000)
  from space 9216K, 99% used [0x00000000dae00000,0x00000000db6fe078,0x00000000db700000)
  to   space 12800K, 0% used [0x00000000da180000,0x00000000da180000,0x00000000dae00000)
 ParOldGen       total 86016K, used 14877K [0x0000000083a00000, 0x0000000088e00000, 0x00000000d6900000)
  object space 86016K, 17% used [0x0000000083a00000,0x0000000084887710,0x0000000088e00000)
 Metaspace       used 18752K, capacity 19224K, committed 19456K, reserved 1067008K
  class space    used 2117K, capacity 2262K, committed 2304K, reserved 1048576K
Event: 120.048 GC heap after
Heap after GC invocations=10 (full 1):
 PSYoungGen      total 70656K, used 12790K [0x00000000d6900000, 0x00000000e0100000, 0x0000000100000000)
  eden space 57856K, 0% used [0x00000000d6900000,0x00000000d6900000,0x00000000da180000)
  from space 12800K, 99% used [0x00000000da180000,0x00000000dadfdad0,0x00000000dae00000)
  to   space 19968K, 0% used [0x00000000ded80000,0x00000000ded80000,0x00000000e0100000)
 ParOldGen       total 86016K, used 28147K [0x0000000083a00000, 0x0000000088e00000, 0x00000000d6900000)
  object space 86016K, 32% used [0x0000000083a00000,0x000000008557cd68,0x0000000088e00000)
 Metaspace       used 18752K, capacity 19224K, committed 19456K, reserved 1067008K
  class space    used 2117K, capacity 2262K, committed 2304K, reserved 1048576K
}
Event: 124.240 GC heap before
{Heap before GC invocations=11 (full 1):
 PSYoungGen      total 70656K, used 70646K [0x00000000d6900000, 0x00000000e0100000, 0x0000000100000000)
  eden space 57856K, 100% used [0x00000000d6900000,0x00000000da180000,0x00000000da180000)
  from space 12800K, 99% used [0x00000000da180000,0x00000000dadfdad0,0x00000000dae00000)
  to   space 19968K, 0% used [0x00000000ded80000,0x00000000ded80000,0x00000000e0100000)
 ParOldGen       total 86016K, used 28147K [0x0000000083a00000, 0x0000000088e00000, 0x00000000d6900000)
  object space 86016K, 32% used [0x0000000083a00000,0x000000008557cd68,0x0000000088e00000)
 Metaspace       used 19204K, capacity 19748K, committed 20096K, reserved 1067008K
  class space    used 2163K, capacity 2328K, committed 2432K, reserved 1048576K
Event: 124.585 GC heap after
Heap after GC invocations=11 (full 1):
 PSYoungGen      total 112640K, used 19965K [0x00000000d6900000, 0x00000000e0100000, 0x0000000100000000)
  eden space 92672K, 0% used [0x00000000d6900000,0x00000000d6900000,0x00000000dc380000)
  from space 19968K, 99% used [0x00000000ded80000,0x00000000e00ff7f8,0x00000000e0100000)
  to   space 25600K, 0% used [0x00000000dcf00000,0x00000000dcf00000,0x00000000de800000)
 ParOldGen       total 86016K, used 35582K [0x0000000083a00000, 0x0000000088e00000, 0x00000000d6900000)
  object space 86016K, 41% used [0x0000000083a00000,0x0000000085cbfb58,0x0000000088e00000)
 Metaspace       used 19204K, capacity 19748K, committed 20096K, reserved 1067008K
  class space    used 2163K, capacity 2328K, committed 2432K, reserved 1048576K
}
Event: 129.007 GC heap before
{Heap before GC invocations=12 (full 1):
 PSYoungGen      total 112640K, used 112637K [0x00000000d6900000, 0x00000000e0100000, 0x0000000100000000)
  eden space 92672K, 100% used [0x00000000d6900000,0x00000000dc380000,0x00000000dc380000)
  from space 19968K, 99% used [0x00000000ded80000,0x00000000e00ff7f8,0x00000000e0100000)
  to   space 25600K, 0% used [0x00000000dcf00000,0x00000000dcf00000,0x00000000de800000)
 ParOldGen       total 86016K, used 35582K [0x0000000083a00000, 0x0000000088e00000, 0x00000000d6900000)
  object space 86016K, 41% used [0x0000000083a00000,0x0000000085cbfb58,0x0000000088e00000)
 Metaspace       used 19962K, capacity 20490K, committed 20608K, reserved 1067008K
  class space    used 2272K, capacity 2425K, committed 2432K, reserved 1048576K

