# JRE version: Java(TM) SE Runtime Environment (8.0_181-b13) (build 1.8.0_181-b13)
# Java VM: Java HotSpot(TM) 64-Bit Server VM (25.181-b13 mixed mode linux-amd64 compressed oops)
Heap:
 PSYoungGen      total 565760K, used 478998K [0x00000000d6900000, 0x0000000100000000, 0x0000000100000000)
  eden space 470016K, 85% used [0x00000000d6900000,0x00000000ef322df0,0x00000000f3400000)
  from space 95744K, 78% used [0x00000000fa280000,0x00000000fec22d90,0x0000000100000000)
  to   space 104448K, 0% used [0x00000000f3400000,0x00000000f3400000,0x00000000f9a00000)
 ParOldGen       total 194560K, used 113434K [0x0000000083a00000, 0x000000008f800000, 0x00000000d6900000)
  object space 194560K, 58% used [0x0000000083a00000,0x000000008a8c6bf8,0x000000008f800000)
 Metaspace       used 47732K, capacity 48908K, committed 49024K, reserved 1091584K
  class space    used 6111K, capacity 6412K, committed 6528K, reserved 1048576K
GC Heap History (10 events):
Event: 79.727 GC heap before
{Heap before GC invocations=21 (full 2):
 PSYoungGen      total 463872K, used 463850K [0x00000000d6900000, 0x00000000f7480000, 0x0000000100000000)
  eden space 417280K, 100% used [0x00000000d6900000,0x00000000f0080000,0x00000000f0080000)
  from space 46592K, 99% used [0x00000000f4300000,0x00000000f707a800,0x00000000f7080000)
  to   space 59392K, 0% used [0x00000000f0080000,0x00000000f0080000,0x00000000f3a80000)
 ParOldGen       total 97792K, used 60253K [0x0000000083a00000, 0x0000000089980000, 0x00000000d6900000)
  object space 97792K, 61% used [0x0000000083a00000,0x00000000874d74a0,0x0000000089980000)
 Metaspace       used 34566K, capacity 34950K, committed 35200K, reserved 1079296K
  class space    used 4287K, capacity 4399K, committed 4480K, reserved 1048576K
Event: 80.320 GC heap after
Heap after GC invocations=21 (full 2):
 PSYoungGen      total 476672K, used 59391K [0x00000000d6900000, 0x00000000fdb00000, 0x0000000100000000)
  eden space 417280K, 0% used [0x00000000d6900000,0x00000000d6900000,0x00000000f0080000)
  from space 59392K, 99% used [0x00000000f0080000,0x00000000f3a7fe88,0x00000000f3a80000)
  to   space 74240K, 0% used [0x00000000f9280000,0x00000000f9280000,0x00000000fdb00000)
 ParOldGen       total 97792K, used 74249K [0x0000000083a00000, 0x0000000089980000, 0x00000000d6900000)
  object space 97792K, 75% used [0x0000000083a00000,0x00000000882826d8,0x0000000089980000)
 Metaspace       used 34566K, capacity 34950K, committed 35200K, reserved 1079296K
  class space    used 4287K, capacity 4399K, committed 4480K, reserved 1048576K
}
Event: 87.734 GC heap before
{Heap before GC invocations=22 (full 2):
 PSYoungGen      total 476672K, used 476671K [0x00000000d6900000, 0x00000000fdb00000, 0x0000000100000000)
  eden space 417280K, 100% used [0x00000000d6900000,0x00000000f0080000,0x00000000f0080000)
  from space 59392K, 99% used [0x00000000f0080000,0x00000000f3a7fe88,0x00000000f3a80000)
  to   space 74240K, 0% used [0x00000000f9280000,0x00000000f9280000,0x00000000fdb00000)
 ParOldGen       total 97792K, used 74249K [0x0000000083a00000, 0x0000000089980000, 0x00000000d6900000)
  object space 97792K, 75% used [0x0000000083a00000,0x00000000882826d8,0x0000000089980000)
 Metaspace       used 34589K, capacity 35014K, committed 35200K, reserved 1079296K
  class space    used 4287K, capacity 4399K, committed 4480K, reserved 1048576K
Event: 88.489 GC heap after
Heap after GC invocations=22 (full 2):
 PSYoungGen      total 555008K, used 72341K [0x00000000d6900000, 0x00000000ff980000, 0x0000000100000000)
  eden space 480768K, 0% used [0x00000000d6900000,0x00000000d6900000,0x00000000f3e80000)
  from space 74240K, 97% used [0x00000000f9280000,0x00000000fd925438,0x00000000fdb00000)
  to   space 86016K, 0% used [0x00000000f3e80000,0x00000000f3e80000,0x00000000f9280000)
 ParOldGen       total 97792K, used 91203K [0x0000000083a00000, 0x0000000089980000, 0x00000000d6900000)
  object space 97792K, 93% used [0x0000000083a00000,0x0000000089310dd0,0x0000000089980000)
 Metaspace       used 34589K, capacity 35014K, committed 35200K, reserved 1079296K
  class space    used 4287K, capacity 4399K, committed 4480K, reserved 1048576K
}
Event: 88.489 GC heap before
{Heap before GC invocations=23 (full 3):
 PSYoungGen      total 555008K, used 72341K [0x00000000d6900000, 0x00000000ff980000, 0x0000000100000000)
  eden space 480768K, 0% used [0x00000000d6900000,0x00000000d6900000,0x00000000f3e80000)
  from space 74240K, 97% used [0x00000000f9280000,0x00000000fd925438,0x00000000fdb00000)
  to   space 86016K, 0% used [0x00000000f3e80000,0x00000000f3e80000,0x00000000f9280000)
 ParOldGen       total 97792K, used 91203K [0x0000000083a00000, 0x0000000089980000, 0x00000000d6900000)
  object space 97792K, 93% used [0x0000000083a00000,0x0000000089310dd0,0x0000000089980000)
 Metaspace       used 34589K, capacity 35014K, committed 35200K, reserved 1079296K
  class space    used 4287K, capacity 4399K, committed 4480K, reserved 1048576K
Event: 94.543 GC heap after
Heap after GC invocations=23 (full 3):
 PSYoungGen      total 555008K, used 61030K [0x00000000d6900000, 0x00000000ff980000, 0x0000000100000000)
  eden space 480768K, 0% used [0x00000000d6900000,0x00000000d6900000,0x00000000f3e80000)
  from space 74240K, 82% used [0x00000000f9280000,0x00000000fce19978,0x00000000fdb00000)
  to   space 86016K, 0% used [0x00000000f3e80000,0x00000000f3e80000,0x00000000f9280000)
 ParOldGen       total 194560K, used 97573K [0x0000000083a00000, 0x000000008f800000, 0x00000000d6900000)
  object space 194560K, 50% used [0x0000000083a00000,0x0000000089949758,0x000000008f800000)
 Metaspace       used 34589K, capacity 35014K, committed 35200K, reserved 1079296K
  class space    used 4287K, capacity 4399K, committed 4480K, reserved 1048576K
}
Event: 115.915 GC heap before
{Heap before GC invocations=24 (full 3):
 PSYoungGen      total 555008K, used 541798K [0x00000000d6900000, 0x00000000ff980000, 0x0000000100000000)
  eden space 480768K, 100% used [0x00000000d6900000,0x00000000f3e80000,0x00000000f3e80000)
  from space 74240K, 82% used [0x00000000f9280000,0x00000000fce19978,0x00000000fdb00000)
  to   space 86016K, 0% used [0x00000000f3e80000,0x00000000f3e80000,0x00000000f9280000)
 ParOldGen       total 194560K, used 97573K [0x0000000083a00000, 0x000000008f800000, 0x00000000d6900000)
  object space 194560K, 50% used [0x0000000083a00000,0x0000000089949758,0x000000008f800000)
 Metaspace       used 42579K, capacity 43362K, committed 43648K, reserved 1087488K
  class space    used 5524K, capacity 5741K, committed 5760K, reserved 1048576K
Event: 117.746 GC heap after
Heap after GC invocations=24 (full 3):
 PSYoungGen      total 566784K, used 74000K [0x00000000d6900000, 0x0000000100000000, 0x0000000100000000)
  eden space 480768K, 0% used [0x00000000d6900000,0x00000000d6900000,0x00000000f3e80000)
  from space 86016K, 86% used [0x00000000f3e80000,0x00000000f86c4228,0x00000000f9280000)
  to   space 95744K, 0% used [0x00000000fa280000,0x00000000fa280000,0x0000000100000000)
 ParOldGen       total 194560K, used 113426K [0x0000000083a00000, 0x000000008f800000, 0x00000000d6900000)
  object space 194560K, 58% used [0x0000000083a00000,0x000000008a8c4bf8,0x000000008f800000)
 Metaspace       used 42579K, capacity 43362K, committed 43648K, reserved 1087488K
  class space    used 5524K, capacity 5741K, committed 5760K, reserved 1048576K
}
Event: 131.366 GC heap before
{Heap before GC invocations=25 (full 3):
 PSYoungGen      total 566784K, used 554768K [0x00000000d6900000, 0x0000000100000000, 0x0000000100000000)
  eden space 480768K, 100% used [0x00000000d6900000,0x00000000f3e80000,0x00000000f3e80000)
  from space 86016K, 86% used [0x00000000f3e80000,0x00000000f86c4228,0x00000000f9280000)
  to   space 95744K, 0% used [0x00000000fa280000,0x00000000fa280000,0x0000000100000000)
 ParOldGen       total 194560K, used 113426K [0x0000000083a00000, 0x000000008f800000, 0x00000000d6900000)
  object space 194560K, 58% used [0x0000000083a00000,0x000000008a8c4bf8,0x000000008f800000)
 Metaspace       used 44328K, capacity 45476K, committed 45696K, reserved 1089536K
  class space    used 5673K, capacity 5952K, committed 6016K, reserved 1048576K
Event: 131.996 GC heap after
Heap after GC invocations=25 (full 3):
 PSYoungGen      total 565760K, used 75403K [0x00000000d6900000, 0x0000000100000000, 0x0000000100000000)
  eden space 470016K, 0% used [0x00000000d6900000,0x00000000d6900000,0x00000000f3400000)
  from space 95744K, 78% used [0x00000000fa280000,0x00000000fec22d90,0x0000000100000000)
  to   space 104448K, 0% used [0x00000000f3400000,0x00000000f3400000,0x00000000f9a00000)
 ParOldGen       total 194560K, used 113434K [0x0000000083a00000, 0x000000008f800000, 0x00000000d6900000)
  object space 194560K, 58% used [0x0000000083a00000,0x000000008a8c6bf8,0x000000008f800000)
 Metaspace       used 44328K, capacity 45476K, committed 45696K, reserved 1089536K
  class space    used 5673K, capacity 5952K, committed 6016K, reserved 1048576K
}

