# JRE version: Java(TM) SE Runtime Environment (8.0_181-b13) (build 1.8.0_181-b13)
# Java VM: Java HotSpot(TM) 64-Bit Server VM (25.181-b13 mixed mode linux-amd64 compressed oops)
Heap:
 PSYoungGen      total 133120K, used 5620K [0x00000000d6900000, 0x00000000df300000, 0x0000000100000000)
  eden space 124928K, 0% used [0x00000000d6900000,0x00000000d6900000,0x00000000de300000)
  from space 8192K, 68% used [0x00000000de300000,0x00000000de87d0b0,0x00000000deb00000)
  to   space 8192K, 0% used [0x00000000deb00000,0x00000000deb00000,0x00000000df300000)
 ParOldGen       total 86016K, used 13474K [0x0000000083a00000, 0x0000000088e00000, 0x00000000d6900000)
  object space 86016K, 15% used [0x0000000083a00000,0x0000000084728958,0x0000000088e00000)
 Metaspace       used 13915K, capacity 14380K, committed 14592K, reserved 1062912K
  class space    used 1564K, capacity 1732K, committed 1792K, reserved 1048576K
GC Heap History (10 events):
Event: 109.526 GC heap after
Heap after GC invocations=5 (full 1):
 PSYoungGen      total 37888K, used 5106K [0x00000000d6900000, 0x00000000db300000, 0x0000000100000000)
  eden space 32768K, 0% used [0x00000000d6900000,0x00000000d6900000,0x00000000d8900000)
  from space 5120K, 99% used [0x00000000d8e00000,0x00000000d92fc9c0,0x00000000d9300000)
  to   space 5120K, 0% used [0x00000000d8900000,0x00000000d8900000,0x00000000d8e00000)
 ParOldGen       total 86016K, used 6819K [0x0000000083a00000, 0x0000000088e00000, 0x00000000d6900000)
  object space 86016K, 7% used [0x0000000083a00000,0x00000000840a8fc0,0x0000000088e00000)
 Metaspace       used 13805K, capacity 14316K, committed 14592K, reserved 1062912K
  class space    used 1564K, capacity 1732K, committed 1792K, reserved 1048576K
}
Event: 109.951 GC heap before
{Heap before GC invocations=6 (full 1):
 PSYoungGen      total 37888K, used 37874K [0x00000000d6900000, 0x00000000db300000, 0x0000000100000000)
  eden space 32768K, 100% used [0x00000000d6900000,0x00000000d8900000,0x00000000d8900000)
  from space 5120K, 99% used [0x00000000d8e00000,0x00000000d92fc9c0,0x00000000d9300000)
  to   space 5120K, 0% used [0x00000000d8900000,0x00000000d8900000,0x00000000d8e00000)
 ParOldGen       total 86016K, used 6819K [0x0000000083a00000, 0x0000000088e00000, 0x00000000d6900000)
  object space 86016K, 7% used [0x0000000083a00000,0x00000000840a8fc0,0x0000000088e00000)
 Metaspace       used 13852K, capacity 14316K, committed 14592K, reserved 1062912K
  class space    used 1564K, capacity 1732K, committed 1792K, reserved 1048576K
Event: 109.967 GC heap after
Heap after GC invocations=6 (full 1):
 PSYoungGen      total 37888K, used 5118K [0x00000000d6900000, 0x00000000db300000, 0x0000000100000000)
  eden space 32768K, 0% used [0x00000000d6900000,0x00000000d6900000,0x00000000d8900000)
  from space 5120K, 99% used [0x00000000d8900000,0x00000000d8dff900,0x00000000d8e00000)
  to   space 5120K, 0% used [0x00000000dae00000,0x00000000dae00000,0x00000000db300000)
 ParOldGen       total 86016K, used 7828K [0x0000000083a00000, 0x0000000088e00000, 0x00000000d6900000)
  object space 86016K, 9% used [0x0000000083a00000,0x00000000841a51a0,0x0000000088e00000)
 Metaspace       used 13852K, capacity 14316K, committed 14592K, reserved 1062912K
  class space    used 1564K, capacity 1732K, committed 1792K, reserved 1048576K
}
Event: 110.348 GC heap before
{Heap before GC invocations=7 (full 1):
 PSYoungGen      total 37888K, used 37886K [0x00000000d6900000, 0x00000000db300000, 0x0000000100000000)
  eden space 32768K, 100% used [0x00000000d6900000,0x00000000d8900000,0x00000000d8900000)
  from space 5120K, 99% used [0x00000000d8900000,0x00000000d8dff900,0x00000000d8e00000)
  to   space 5120K, 0% used [0x00000000dae00000,0x00000000dae00000,0x00000000db300000)
 ParOldGen       total 86016K, used 7828K [0x0000000083a00000, 0x0000000088e00000, 0x00000000d6900000)
  object space 86016K, 9% used [0x0000000083a00000,0x00000000841a51a0,0x0000000088e00000)
 Metaspace       used 13869K, capacity 14316K, committed 14592K, reserved 1062912K
  class space    used 1564K, capacity 1732K, committed 1792K, reserved 1048576K
Event: 110.397 GC heap after
Heap after GC invocations=7 (full 1):
 PSYoungGen      total 67584K, used 5118K [0x00000000d6900000, 0x00000000db900000, 0x0000000100000000)
  eden space 62464K, 0% used [0x00000000d6900000,0x00000000d6900000,0x00000000da600000)
  from space 5120K, 99% used [0x00000000dae00000,0x00000000db2ff8f0,0x00000000db300000)
  to   space 8192K, 0% used [0x00000000da600000,0x00000000da600000,0x00000000dae00000)
 ParOldGen       total 86016K, used 9072K [0x0000000083a00000, 0x0000000088e00000, 0x00000000d6900000)
  object space 86016K, 10% used [0x0000000083a00000,0x00000000842dc100,0x0000000088e00000)
 Metaspace       used 13869K, capacity 14316K, committed 14592K, reserved 1062912K
  class space    used 1564K, capacity 1732K, committed 1792K, reserved 1048576K
}
Event: 111.011 GC heap before
{Heap before GC invocations=8 (full 1):
 PSYoungGen      total 67584K, used 67582K [0x00000000d6900000, 0x00000000db900000, 0x0000000100000000)
  eden space 62464K, 100% used [0x00000000d6900000,0x00000000da600000,0x00000000da600000)
  from space 5120K, 99% used [0x00000000dae00000,0x00000000db2ff8f0,0x00000000db300000)
  to   space 8192K, 0% used [0x00000000da600000,0x00000000da600000,0x00000000dae00000)
 ParOldGen       total 86016K, used 9072K [0x0000000083a00000, 0x0000000088e00000, 0x00000000d6900000)
  object space 86016K, 10% used [0x0000000083a00000,0x00000000842dc100,0x0000000088e00000)
 Metaspace       used 13880K, capacity 14316K, committed 14592K, reserved 1062912K
  class space    used 1564K, capacity 1732K, committed 1792K, reserved 1048576K
Event: 111.040 GC heap after
Heap after GC invocations=8 (full 1):
 PSYoungGen      total 70656K, used 6440K [0x00000000d6900000, 0x00000000df300000, 0x0000000100000000)
  eden space 62464K, 0% used [0x00000000d6900000,0x00000000d6900000,0x00000000da600000)
  from space 8192K, 78% used [0x00000000da600000,0x00000000dac4a150,0x00000000dae00000)
  to   space 8192K, 0% used [0x00000000deb00000,0x00000000deb00000,0x00000000df300000)
 ParOldGen       total 86016K, used 9072K [0x0000000083a00000, 0x0000000088e00000, 0x00000000d6900000)
  object space 86016K, 10% used [0x0000000083a00000,0x00000000842dc100,0x0000000088e00000)
 Metaspace       used 13880K, capacity 14316K, committed 14592K, reserved 1062912K
  class space    used 1564K, capacity 1732K, committed 1792K, reserved 1048576K
}
Event: 111.437 GC heap before
{Heap before GC invocations=9 (full 1):
 PSYoungGen      total 70656K, used 68904K [0x00000000d6900000, 0x00000000df300000, 0x0000000100000000)
  eden space 62464K, 100% used [0x00000000d6900000,0x00000000da600000,0x00000000da600000)
  from space 8192K, 78% used [0x00000000da600000,0x00000000dac4a150,0x00000000dae00000)
  to   space 8192K, 0% used [0x00000000deb00000,0x00000000deb00000,0x00000000df300000)
 ParOldGen       total 86016K, used 9072K [0x0000000083a00000, 0x0000000088e00000, 0x00000000d6900000)
  object space 86016K, 10% used [0x0000000083a00000,0x00000000842dc100,0x0000000088e00000)
 Metaspace       used 13883K, capacity 14316K, committed 14592K, reserved 1062912K
  class space    used 1564K, capacity 1732K, committed 1792K, reserved 1048576K
Event: 111.501 GC heap after
Heap after GC invocations=9 (full 1):
 PSYoungGen      total 133120K, used 4126K [0x00000000d6900000, 0x00000000df300000, 0x0000000100000000)
  eden space 124928K, 0% used [0x00000000d6900000,0x00000000d6900000,0x00000000de300000)
  from space 8192K, 50% used [0x00000000deb00000,0x00000000def07900,0x00000000df300000)
  to   space 8192K, 0% used [0x00000000de300000,0x00000000de300000,0x00000000deb00000)
 ParOldGen       total 86016K, used 11786K [0x0000000083a00000, 0x0000000088e00000, 0x00000000d6900000)
  object space 86016K, 13% used [0x0000000083a00000,0x0000000084582958,0x0000000088e00000)
 Metaspace       used 13883K, capacity 14316K, committed 14592K, reserved 1062912K
  class space    used 1564K, capacity 1732K, committed 1792K, reserved 1048576K
}
Event: 112.918 GC heap before
{Heap before GC invocations=10 (full 1):
 PSYoungGen      total 133120K, used 129054K [0x00000000d6900000, 0x00000000df300000, 0x0000000100000000)
  eden space 124928K, 100% used [0x00000000d6900000,0x00000000de300000,0x00000000de300000)
  from space 8192K, 50% used [0x00000000deb00000,0x00000000def07900,0x00000000df300000)
  to   space 8192K, 0% used [0x00000000de300000,0x00000000de300000,0x00000000deb00000)
 ParOldGen       total 86016K, used 11786K [0x0000000083a00000, 0x0000000088e00000, 0x00000000d6900000)
  object space 86016K, 13% used [0x0000000083a00000,0x0000000084582958,0x0000000088e00000)
 Metaspace       used 13915K, capacity 14380K, committed 14592K, reserved 1062912K
  class space    used 1564K, capacity 1732K, committed 1792K, reserved 1048576K

