# JRE version: Java(TM) SE Runtime Environment (8.0_181-b13) (build 1.8.0_181-b13)
# Java VM: Java HotSpot(TM) 64-Bit Server VM (25.181-b13 mixed mode linux-amd64 compressed oops)
Heap:
 PSYoungGen      total 576512K, used 213799K [0x00000000d6900000, 0x00000000ff500000, 0x0000000100000000)
  eden space 492544K, 34% used [0x00000000d6900000,0x00000000e0fddc10,0x00000000f4a00000)
  from space 83968K, 51% used [0x00000000fa300000,0x00000000fccec118,0x00000000ff500000)
  to   space 87552K, 0% used [0x00000000f4a00000,0x00000000f4a00000,0x00000000f9f80000)
 ParOldGen       total 245760K, used 137014K [0x0000000083a00000, 0x0000000092a00000, 0x00000000d6900000)
  object space 245760K, 55% used [0x0000000083a00000,0x000000008bfcdbc8,0x0000000092a00000)
 Metaspace       used 33113K, capacity 33814K, committed 33920K, reserved 1079296K
  class space    used 4027K, capacity 4217K, committed 4224K, reserved 1048576K
GC Heap History (10 events):
Event: 37.580 GC heap before
{Heap before GC invocations=13 (full 2):
 PSYoungGen      total 340992K, used 340956K [0x00000000d6900000, 0x00000000f8380000, 0x0000000100000000)
  eden space 293888K, 100% used [0x00000000d6900000,0x00000000e8800000,0x00000000e8800000)
  from space 47104K, 99% used [0x00000000f5580000,0x00000000f8377188,0x00000000f8380000)
  to   space 59904K, 0% used [0x00000000f0e80000,0x00000000f0e80000,0x00000000f4900000)
 ParOldGen       total 158720K, used 86077K [0x0000000083a00000, 0x000000008d500000, 0x00000000d6900000)
  object space 158720K, 54% used [0x0000000083a00000,0x0000000088e0f478,0x000000008d500000)
 Metaspace       used 18859K, capacity 19212K, committed 19456K, reserved 1067008K
  class space    used 2177K, capacity 2288K, committed 2304K, reserved 1048576K
Event: 38.069 GC heap after
Heap after GC invocations=13 (full 2):
 PSYoungGen      total 448512K, used 59888K [0x00000000d6900000, 0x00000000f7b80000, 0x0000000100000000)
  eden space 388608K, 0% used [0x00000000d6900000,0x00000000d6900000,0x00000000ee480000)
  from space 59904K, 99% used [0x00000000f0e80000,0x00000000f48fc350,0x00000000f4900000)
  to   space 51712K, 0% used [0x00000000f4900000,0x00000000f4900000,0x00000000f7b80000)
 ParOldGen       total 158720K, used 105828K [0x0000000083a00000, 0x000000008d500000, 0x00000000d6900000)
  object space 158720K, 66% used [0x0000000083a00000,0x000000008a159350,0x000000008d500000)
 Metaspace       used 18859K, capacity 19212K, committed 19456K, reserved 1067008K
  class space    used 2177K, capacity 2288K, committed 2304K, reserved 1048576K
}
Event: 53.046 GC heap before
{Heap before GC invocations=14 (full 2):
 PSYoungGen      total 448512K, used 448496K [0x00000000d6900000, 0x00000000f7b80000, 0x0000000100000000)
  eden space 388608K, 100% used [0x00000000d6900000,0x00000000ee480000,0x00000000ee480000)
  from space 59904K, 99% used [0x00000000f0e80000,0x00000000f48fc350,0x00000000f4900000)
  to   space 51712K, 0% used [0x00000000f4900000,0x00000000f4900000,0x00000000f7b80000)
 ParOldGen       total 158720K, used 105828K [0x0000000083a00000, 0x000000008d500000, 0x00000000d6900000)
  object space 158720K, 66% used [0x0000000083a00000,0x000000008a159350,0x000000008d500000)
 Metaspace       used 25179K, capacity 25598K, committed 25856K, reserved 1073152K
  class space    used 2860K, capacity 2973K, committed 3072K, reserved 1048576K
Event: 53.661 GC heap after
Heap after GC invocations=14 (full 2):
 PSYoungGen      total 451584K, used 51705K [0x00000000d6900000, 0x0000000100000000, 0x0000000100000000)
  eden space 399872K, 0% used [0x00000000d6900000,0x00000000d6900000,0x00000000eef80000)
  from space 51712K, 99% used [0x00000000f4900000,0x00000000f7b7e4b0,0x00000000f7b80000)
  to   space 91648K, 0% used [0x00000000eef80000,0x00000000eef80000,0x00000000f4900000)
 ParOldGen       total 158720K, used 135601K [0x0000000083a00000, 0x000000008d500000, 0x00000000d6900000)
  object space 158720K, 85% used [0x0000000083a00000,0x000000008be6c788,0x000000008d500000)
 Metaspace       used 25179K, capacity 25598K, committed 25856K, reserved 1073152K
  class space    used 2860K, capacity 2973K, committed 3072K, reserved 1048576K
}
Event: 53.661 GC heap before
{Heap before GC invocations=15 (full 3):
 PSYoungGen      total 451584K, used 51705K [0x00000000d6900000, 0x0000000100000000, 0x0000000100000000)
  eden space 399872K, 0% used [0x00000000d6900000,0x00000000d6900000,0x00000000eef80000)
  from space 51712K, 99% used [0x00000000f4900000,0x00000000f7b7e4b0,0x00000000f7b80000)
  to   space 91648K, 0% used [0x00000000eef80000,0x00000000eef80000,0x00000000f4900000)
 ParOldGen       total 158720K, used 135601K [0x0000000083a00000, 0x000000008d500000, 0x00000000d6900000)
  object space 158720K, 85% used [0x0000000083a00000,0x000000008be6c788,0x000000008d500000)
 Metaspace       used 25179K, capacity 25598K, committed 25856K, reserved 1073152K
  class space    used 2860K, capacity 2973K, committed 3072K, reserved 1048576K
Event: 56.325 GC heap after
Heap after GC invocations=15 (full 3):
 PSYoungGen      total 451584K, used 0K [0x00000000d6900000, 0x0000000100000000, 0x0000000100000000)
  eden space 399872K, 0% used [0x00000000d6900000,0x00000000d6900000,0x00000000eef80000)
  from space 51712K, 0% used [0x00000000f4900000,0x00000000f4900000,0x00000000f7b80000)
  to   space 91648K, 0% used [0x00000000eef80000,0x00000000eef80000,0x00000000f4900000)
 ParOldGen       total 245760K, used 137014K [0x0000000083a00000, 0x0000000092a00000, 0x00000000d6900000)
  object space 245760K, 55% used [0x0000000083a00000,0x000000008bfcdbc8,0x0000000092a00000)
 Metaspace       used 25179K, capacity 25598K, committed 25856K, reserved 1073152K
  class space    used 2860K, capacity 2973K, committed 3072K, reserved 1048576K
}
Event: 72.361 GC heap before
{Heap before GC invocations=16 (full 3):
 PSYoungGen      total 451584K, used 399872K [0x00000000d6900000, 0x0000000100000000, 0x0000000100000000)
  eden space 399872K, 100% used [0x00000000d6900000,0x00000000eef80000,0x00000000eef80000)
  from space 51712K, 0% used [0x00000000f4900000,0x00000000f4900000,0x00000000f7b80000)
  to   space 91648K, 0% used [0x00000000eef80000,0x00000000eef80000,0x00000000f4900000)
 ParOldGen       total 245760K, used 137014K [0x0000000083a00000, 0x0000000092a00000, 0x00000000d6900000)
  object space 245760K, 55% used [0x0000000083a00000,0x000000008bfcdbc8,0x0000000092a00000)
 Metaspace       used 28400K, capacity 28862K, committed 29312K, reserved 1075200K
  class space    used 3229K, capacity 3349K, committed 3456K, reserved 1048576K
Event: 72.598 GC heap after
Heap after GC invocations=16 (full 3):
 PSYoungGen      total 491520K, used 16745K [0x00000000d6900000, 0x00000000ffa00000, 0x0000000100000000)
  eden space 399872K, 0% used [0x00000000d6900000,0x00000000d6900000,0x00000000eef80000)
  from space 91648K, 18% used [0x00000000eef80000,0x00000000effda468,0x00000000f4900000)
  to   space 89088K, 0% used [0x00000000fa300000,0x00000000fa300000,0x00000000ffa00000)
 ParOldGen       total 245760K, used 137014K [0x0000000083a00000, 0x0000000092a00000, 0x00000000d6900000)
  object space 245760K, 55% used [0x0000000083a00000,0x000000008bfcdbc8,0x0000000092a00000)
 Metaspace       used 28400K, capacity 28862K, committed 29312K, reserved 1075200K
  class space    used 3229K, capacity 3349K, committed 3456K, reserved 1048576K
}
Event: 84.213 GC heap before
{Heap before GC invocations=17 (full 3):
 PSYoungGen      total 491520K, used 416617K [0x00000000d6900000, 0x00000000ffa00000, 0x0000000100000000)
  eden space 399872K, 100% used [0x00000000d6900000,0x00000000eef80000,0x00000000eef80000)
  from space 91648K, 18% used [0x00000000eef80000,0x00000000effda468,0x00000000f4900000)
  to   space 89088K, 0% used [0x00000000fa300000,0x00000000fa300000,0x00000000ffa00000)
 ParOldGen       total 245760K, used 137014K [0x0000000083a00000, 0x0000000092a00000, 0x00000000d6900000)
  object space 245760K, 55% used [0x0000000083a00000,0x000000008bfcdbc8,0x0000000092a00000)
 Metaspace       used 28493K, capacity 28942K, committed 29312K, reserved 1075200K
  class space    used 3233K, capacity 3351K, committed 3456K, reserved 1048576K
Event: 84.782 GC heap after
Heap after GC invocations=17 (full 3):
 PSYoungGen      total 576512K, used 42928K [0x00000000d6900000, 0x00000000ff500000, 0x0000000100000000)
  eden space 492544K, 0% used [0x00000000d6900000,0x00000000d6900000,0x00000000f4a00000)
  from space 83968K, 51% used [0x00000000fa300000,0x00000000fccec118,0x00000000ff500000)
  to   space 87552K, 0% used [0x00000000f4a00000,0x00000000f4a00000,0x00000000f9f80000)
 ParOldGen       total 245760K, used 137014K [0x0000000083a00000, 0x0000000092a00000, 0x00000000d6900000)
  object space 245760K, 55% used [0x0000000083a00000,0x000000008bfcdbc8,0x0000000092a00000)
 Metaspace       used 28493K, capacity 28942K, committed 29312K, reserved 1075200K
  class space    used 3233K, capacity 3351K, committed 3456K, reserved 1048576K
}

