# JRE version: Java(TM) SE Runtime Environment (8.0_181-b13) (build 1.8.0_181-b13)
# Java VM: Java HotSpot(TM) 64-Bit Server VM (25.181-b13 mixed mode linux-amd64 compressed oops)
Heap:
 PSYoungGen      total 273920K, used 22564K [0x00000000d6900000, 0x00000000e9500000, 0x0000000100000000)
  eden space 248832K, 0% used [0x00000000d6900000,0x00000000d6900000,0x00000000e5c00000)
  from space 25088K, 89% used [0x00000000e5c00000,0x00000000e72092f8,0x00000000e7480000)
  to   space 16896K, 0% used [0x00000000e7480000,0x00000000e7480000,0x00000000e8500000)
 ParOldGen       total 86016K, used 40248K [0x0000000083a00000, 0x0000000088e00000, 0x00000000d6900000)
  object space 86016K, 46% used [0x0000000083a00000,0x000000008614e0a8,0x0000000088e00000)
 Metaspace       used 20745K, capacity 21248K, committed 21296K, reserved 1069056K
  class space    used 2419K, capacity 2584K, committed 2608K, reserved 1048576K
GC Heap History (10 events):
Event: 77.534 GC heap after
Heap after GC invocations=5 (full 1):
 PSYoungGen      total 70656K, used 5101K [0x00000000d6900000, 0x00000000db300000, 0x0000000100000000)
  eden space 65536K, 0% used [0x00000000d6900000,0x00000000d6900000,0x00000000da900000)
  from space 5120K, 99% used [0x00000000dae00000,0x00000000db2fb560,0x00000000db300000)
  to   space 5120K, 0% used [0x00000000da900000,0x00000000da900000,0x00000000dae00000)
 ParOldGen       total 86016K, used 7042K [0x0000000083a00000, 0x0000000088e00000, 0x00000000d6900000)
  object space 86016K, 8% used [0x0000000083a00000,0x00000000840e0b90,0x0000000088e00000)
 Metaspace       used 13857K, capacity 14190K, committed 14592K, reserved 1062912K
  class space    used 1578K, capacity 1668K, committed 1792K, reserved 1048576K
}
Event: 77.956 GC heap before
{Heap before GC invocations=6 (full 1):
 PSYoungGen      total 70656K, used 70637K [0x00000000d6900000, 0x00000000db300000, 0x0000000100000000)
  eden space 65536K, 100% used [0x00000000d6900000,0x00000000da900000,0x00000000da900000)
  from space 5120K, 99% used [0x00000000dae00000,0x00000000db2fb560,0x00000000db300000)
  to   space 5120K, 0% used [0x00000000da900000,0x00000000da900000,0x00000000dae00000)
 ParOldGen       total 86016K, used 7042K [0x0000000083a00000, 0x0000000088e00000, 0x00000000d6900000)
  object space 86016K, 8% used [0x0000000083a00000,0x00000000840e0b90,0x0000000088e00000)
 Metaspace       used 13902K, capacity 14254K, committed 14592K, reserved 1062912K
  class space    used 1578K, capacity 1668K, committed 1792K, reserved 1048576K
Event: 77.977 GC heap after
Heap after GC invocations=6 (full 1):
 PSYoungGen      total 70656K, used 5094K [0x00000000d6900000, 0x00000000df300000, 0x0000000100000000)
  eden space 65536K, 0% used [0x00000000d6900000,0x00000000d6900000,0x00000000da900000)
  from space 5120K, 99% used [0x00000000da900000,0x00000000dadf9a48,0x00000000dae00000)
  to   space 5120K, 0% used [0x00000000dee00000,0x00000000dee00000,0x00000000df300000)
 ParOldGen       total 86016K, used 7510K [0x0000000083a00000, 0x0000000088e00000, 0x00000000d6900000)
  object space 86016K, 8% used [0x0000000083a00000,0x0000000084155ad0,0x0000000088e00000)
 Metaspace       used 13902K, capacity 14254K, committed 14592K, reserved 1062912K
  class space    used 1578K, capacity 1668K, committed 1792K, reserved 1048576K
}
Event: 78.530 GC heap before
{Heap before GC invocations=7 (full 1):
 PSYoungGen      total 70656K, used 70630K [0x00000000d6900000, 0x00000000df300000, 0x0000000100000000)
  eden space 65536K, 100% used [0x00000000d6900000,0x00000000da900000,0x00000000da900000)
  from space 5120K, 99% used [0x00000000da900000,0x00000000dadf9a48,0x00000000dae00000)
  to   space 5120K, 0% used [0x00000000dee00000,0x00000000dee00000,0x00000000df300000)
 ParOldGen       total 86016K, used 7510K [0x0000000083a00000, 0x0000000088e00000, 0x00000000d6900000)
  object space 86016K, 8% used [0x0000000083a00000,0x0000000084155ad0,0x0000000088e00000)
 Metaspace       used 13961K, capacity 14382K, committed 14592K, reserved 1062912K
  class space    used 1578K, capacity 1668K, committed 1792K, reserved 1048576K
Event: 78.563 GC heap after
Heap after GC invocations=7 (full 1):
 PSYoungGen      total 133632K, used 5106K [0x00000000d6900000, 0x00000000df800000, 0x0000000100000000)
  eden space 128512K, 0% used [0x00000000d6900000,0x00000000d6900000,0x00000000de680000)
  from space 5120K, 99% used [0x00000000dee00000,0x00000000df2fc9a0,0x00000000df300000)
  to   space 7680K, 0% used [0x00000000de680000,0x00000000de680000,0x00000000dee00000)
 ParOldGen       total 86016K, used 9818K [0x0000000083a00000, 0x0000000088e00000, 0x00000000d6900000)
  object space 86016K, 11% used [0x0000000083a00000,0x0000000084396bf8,0x0000000088e00000)
 Metaspace       used 13961K, capacity 14382K, committed 14592K, reserved 1062912K
  class space    used 1578K, capacity 1668K, committed 1792K, reserved 1048576K
}
Event: 86.110 GC heap before
{Heap before GC invocations=8 (full 1):
 PSYoungGen      total 133632K, used 133618K [0x00000000d6900000, 0x00000000df800000, 0x0000000100000000)
  eden space 128512K, 100% used [0x00000000d6900000,0x00000000de680000,0x00000000de680000)
  from space 5120K, 99% used [0x00000000dee00000,0x00000000df2fc9a0,0x00000000df300000)
  to   space 7680K, 0% used [0x00000000de680000,0x00000000de680000,0x00000000dee00000)
 ParOldGen       total 86016K, used 9818K [0x0000000083a00000, 0x0000000088e00000, 0x00000000d6900000)
  object space 86016K, 11% used [0x0000000083a00000,0x0000000084396bf8,0x0000000088e00000)
 Metaspace       used 18685K, capacity 19228K, committed 19456K, reserved 1067008K
  class space    used 2137K, capacity 2286K, committed 2304K, reserved 1048576K
Event: 86.407 GC heap after
Heap after GC invocations=8 (full 1):
 PSYoungGen      total 136192K, used 7652K [0x00000000d6900000, 0x00000000e8500000, 0x0000000100000000)
  eden space 128512K, 0% used [0x00000000d6900000,0x00000000d6900000,0x00000000de680000)
  from space 7680K, 99% used [0x00000000de680000,0x00000000dedf9158,0x00000000dee00000)
  to   space 16896K, 0% used [0x00000000e7480000,0x00000000e7480000,0x00000000e8500000)
 ParOldGen       total 86016K, used 26174K [0x0000000083a00000, 0x0000000088e00000, 0x00000000d6900000)
  object space 86016K, 30% used [0x0000000083a00000,0x000000008538fb70,0x0000000088e00000)
 Metaspace       used 18685K, capacity 19228K, committed 19456K, reserved 1067008K
  class space    used 2137K, capacity 2286K, committed 2304K, reserved 1048576K
}
Event: 114.093 GC heap before
{Heap before GC invocations=9 (full 1):
 PSYoungGen      total 136192K, used 136164K [0x00000000d6900000, 0x00000000e8500000, 0x0000000100000000)
  eden space 128512K, 100% used [0x00000000d6900000,0x00000000de680000,0x00000000de680000)
  from space 7680K, 99% used [0x00000000de680000,0x00000000dedf9158,0x00000000dee00000)
  to   space 16896K, 0% used [0x00000000e7480000,0x00000000e7480000,0x00000000e8500000)
 ParOldGen       total 86016K, used 26174K [0x0000000083a00000, 0x0000000088e00000, 0x00000000d6900000)
  object space 86016K, 30% used [0x0000000083a00000,0x000000008538fb70,0x0000000088e00000)
 Metaspace       used 20638K, capacity 21080K, committed 21248K, reserved 1069056K
  class space    used 2408K, capacity 2552K, committed 2560K, reserved 1048576K
Event: 114.318 GC heap after
Heap after GC invocations=9 (full 1):
 PSYoungGen      total 265728K, used 16885K [0x00000000d6900000, 0x00000000e9500000, 0x0000000100000000)
  eden space 248832K, 0% used [0x00000000d6900000,0x00000000d6900000,0x00000000e5c00000)
  from space 16896K, 99% used [0x00000000e7480000,0x00000000e84fd5e0,0x00000000e8500000)
  to   space 25088K, 0% used [0x00000000e5c00000,0x00000000e5c00000,0x00000000e7480000)
 ParOldGen       total 86016K, used 39312K [0x0000000083a00000, 0x0000000088e00000, 0x00000000d6900000)
  object space 86016K, 45% used [0x0000000083a00000,0x00000000860640a8,0x0000000088e00000)
 Metaspace       used 20638K, capacity 21080K, committed 21248K, reserved 1069056K
  class space    used 2408K, capacity 2552K, committed 2560K, reserved 1048576K
}
Event: 115.045 GC heap before
{Heap before GC invocations=10 (full 1):
 PSYoungGen      total 265728K, used 42880K [0x00000000d6900000, 0x00000000e9500000, 0x0000000100000000)
  eden space 248832K, 10% used [0x00000000d6900000,0x00000000d8262b28,0x00000000e5c00000)
  from space 16896K, 99% used [0x00000000e7480000,0x00000000e84fd5e0,0x00000000e8500000)
  to   space 25088K, 0% used [0x00000000e5c00000,0x00000000e5c00000,0x00000000e7480000)
 ParOldGen       total 86016K, used 39312K [0x0000000083a00000, 0x0000000088e00000, 0x00000000d6900000)
  object space 86016K, 45% used [0x0000000083a00000,0x00000000860640a8,0x0000000088e00000)
 Metaspace       used 20745K, capacity 21248K, committed 21296K, reserved 1069056K
  class space    used 2419K, capacity 2584K, committed 2608K, reserved 1048576K

