# JRE version: Java(TM) SE Runtime Environment (8.0_181-b13) (build 1.8.0_181-b13)
# Java VM: Java HotSpot(TM) 64-Bit Server VM (25.181-b13 mixed mode linux-amd64 compressed oops)
Heap:
 PSYoungGen      total 73728K, used 10743K [0x00000000d6900000, 0x00000000df900000, 0x0000000100000000)
  eden space 62976K, 0% used [0x00000000d6900000,0x00000000d6900000,0x00000000da680000)
  from space 10752K, 99% used [0x00000000dee80000,0x00000000df8fdd60,0x00000000df900000)
  to   space 7680K, 0% used [0x00000000da680000,0x00000000da680000,0x00000000dae00000)
 ParOldGen       total 86016K, used 25636K [0x0000000083a00000, 0x0000000088e00000, 0x00000000d6900000)
  object space 86016K, 29% used [0x0000000083a00000,0x0000000085309040,0x0000000088e00000)
 Metaspace       used 19271K, capacity 19822K, committed 20096K, reserved 1067008K
  class space    used 2214K, capacity 2359K, committed 2432K, reserved 1048576K
GC Heap History (10 events):
Event: 131.632 GC heap after
Heap after GC invocations=4 (full 1):
 PSYoungGen      total 37888K, used 4257K [0x00000000d6900000, 0x00000000d9300000, 0x0000000100000000)
  eden space 32768K, 0% used [0x00000000d6900000,0x00000000d6900000,0x00000000d8900000)
  from space 5120K, 83% used [0x00000000d8900000,0x00000000d8d28688,0x00000000d8e00000)
  to   space 5120K, 0% used [0x00000000d8e00000,0x00000000d8e00000,0x00000000d9300000)
 ParOldGen       total 86016K, used 4063K [0x0000000083a00000, 0x0000000088e00000, 0x00000000d6900000)
  object space 86016K, 4% used [0x0000000083a00000,0x0000000083df7df8,0x0000000088e00000)
 Metaspace       used 13981K, capacity 14422K, committed 14592K, reserved 1062912K
  class space    used 1596K, capacity 1704K, committed 1792K, reserved 1048576K
}
Event: 132.307 GC heap before
{Heap before GC invocations=5 (full 1):
 PSYoungGen      total 37888K, used 37025K [0x00000000d6900000, 0x00000000d9300000, 0x0000000100000000)
  eden space 32768K, 100% used [0x00000000d6900000,0x00000000d8900000,0x00000000d8900000)
  from space 5120K, 83% used [0x00000000d8900000,0x00000000d8d28688,0x00000000d8e00000)
  to   space 5120K, 0% used [0x00000000d8e00000,0x00000000d8e00000,0x00000000d9300000)
 ParOldGen       total 86016K, used 4063K [0x0000000083a00000, 0x0000000088e00000, 0x00000000d6900000)
  object space 86016K, 4% used [0x0000000083a00000,0x0000000083df7df8,0x0000000088e00000)
 Metaspace       used 14006K, capacity 14422K, committed 14592K, reserved 1062912K
  class space    used 1596K, capacity 1704K, committed 1792K, reserved 1048576K
Event: 132.317 GC heap after
Heap after GC invocations=5 (full 1):
 PSYoungGen      total 37888K, used 4347K [0x00000000d6900000, 0x00000000db300000, 0x0000000100000000)
  eden space 32768K, 0% used [0x00000000d6900000,0x00000000d6900000,0x00000000d8900000)
  from space 5120K, 84% used [0x00000000d8e00000,0x00000000d923ee88,0x00000000d9300000)
  to   space 5120K, 0% used [0x00000000d8900000,0x00000000d8900000,0x00000000d8e00000)
 ParOldGen       total 86016K, used 4071K [0x0000000083a00000, 0x0000000088e00000, 0x00000000d6900000)
  object space 86016K, 4% used [0x0000000083a00000,0x0000000083df9df8,0x0000000088e00000)
 Metaspace       used 14006K, capacity 14422K, committed 14592K, reserved 1062912K
  class space    used 1596K, capacity 1704K, committed 1792K, reserved 1048576K
}
Event: 132.779 GC heap before
{Heap before GC invocations=6 (full 1):
 PSYoungGen      total 37888K, used 37115K [0x00000000d6900000, 0x00000000db300000, 0x0000000100000000)
  eden space 32768K, 100% used [0x00000000d6900000,0x00000000d8900000,0x00000000d8900000)
  from space 5120K, 84% used [0x00000000d8e00000,0x00000000d923ee88,0x00000000d9300000)
  to   space 5120K, 0% used [0x00000000d8900000,0x00000000d8900000,0x00000000d8e00000)
 ParOldGen       total 86016K, used 4071K [0x0000000083a00000, 0x0000000088e00000, 0x00000000d6900000)
  object space 86016K, 4% used [0x0000000083a00000,0x0000000083df9df8,0x0000000088e00000)
 Metaspace       used 14036K, capacity 14486K, committed 14848K, reserved 1062912K
  class space    used 1596K, capacity 1704K, committed 1792K, reserved 1048576K
Event: 132.802 GC heap after
Heap after GC invocations=6 (full 1):
 PSYoungGen      total 37888K, used 4843K [0x00000000d6900000, 0x00000000db300000, 0x0000000100000000)
  eden space 32768K, 0% used [0x00000000d6900000,0x00000000d6900000,0x00000000d8900000)
  from space 5120K, 94% used [0x00000000d8900000,0x00000000d8dbaed8,0x00000000d8e00000)
  to   space 5120K, 0% used [0x00000000dae00000,0x00000000dae00000,0x00000000db300000)
 ParOldGen       total 86016K, used 4071K [0x0000000083a00000, 0x0000000088e00000, 0x00000000d6900000)
  object space 86016K, 4% used [0x0000000083a00000,0x0000000083df9df8,0x0000000088e00000)
 Metaspace       used 14036K, capacity 14486K, committed 14848K, reserved 1062912K
  class space    used 1596K, capacity 1704K, committed 1792K, reserved 1048576K
}
Event: 135.062 GC heap before
{Heap before GC invocations=7 (full 1):
 PSYoungGen      total 37888K, used 37611K [0x00000000d6900000, 0x00000000db300000, 0x0000000100000000)
  eden space 32768K, 100% used [0x00000000d6900000,0x00000000d8900000,0x00000000d8900000)
  from space 5120K, 94% used [0x00000000d8900000,0x00000000d8dbaed8,0x00000000d8e00000)
  to   space 5120K, 0% used [0x00000000dae00000,0x00000000dae00000,0x00000000db300000)
 ParOldGen       total 86016K, used 4071K [0x0000000083a00000, 0x0000000088e00000, 0x00000000d6900000)
  object space 86016K, 4% used [0x0000000083a00000,0x0000000083df9df8,0x0000000088e00000)
 Metaspace       used 15121K, capacity 15540K, committed 15744K, reserved 1062912K
  class space    used 1704K, capacity 1826K, committed 1920K, reserved 1048576K
Event: 135.169 GC heap after
Heap after GC invocations=7 (full 1):
 PSYoungGen      total 68096K, used 5103K [0x00000000d6900000, 0x00000000db800000, 0x0000000100000000)
  eden space 62976K, 0% used [0x00000000d6900000,0x00000000d6900000,0x00000000da680000)
  from space 5120K, 99% used [0x00000000dae00000,0x00000000db2fbd40,0x00000000db300000)
  to   space 7680K, 0% used [0x00000000da680000,0x00000000da680000,0x00000000dae00000)
 ParOldGen       total 86016K, used 8152K [0x0000000083a00000, 0x0000000088e00000, 0x00000000d6900000)
  object space 86016K, 9% used [0x0000000083a00000,0x00000000841f6058,0x0000000088e00000)
 Metaspace       used 15121K, capacity 15540K, committed 15744K, reserved 1062912K
  class space    used 1704K, capacity 1826K, committed 1920K, reserved 1048576K
}
Event: 140.788 GC heap before
{Heap before GC invocations=8 (full 1):
 PSYoungGen      total 68096K, used 68079K [0x00000000d6900000, 0x00000000db800000, 0x0000000100000000)
  eden space 62976K, 100% used [0x00000000d6900000,0x00000000da680000,0x00000000da680000)
  from space 5120K, 99% used [0x00000000dae00000,0x00000000db2fbd40,0x00000000db300000)
  to   space 7680K, 0% used [0x00000000da680000,0x00000000da680000,0x00000000dae00000)
 ParOldGen       total 86016K, used 8152K [0x0000000083a00000, 0x0000000088e00000, 0x00000000d6900000)
  object space 86016K, 9% used [0x0000000083a00000,0x00000000841f6058,0x0000000088e00000)
 Metaspace       used 17859K, capacity 18364K, committed 18560K, reserved 1064960K
  class space    used 1990K, capacity 2132K, committed 2176K, reserved 1048576K
Event: 140.951 GC heap after
Heap after GC invocations=8 (full 1):
 PSYoungGen      total 70656K, used 7674K [0x00000000d6900000, 0x00000000df900000, 0x0000000100000000)
  eden space 62976K, 0% used [0x00000000d6900000,0x00000000d6900000,0x00000000da680000)
  from space 7680K, 99% used [0x00000000da680000,0x00000000dadfe9c0,0x00000000dae00000)
  to   space 10752K, 0% used [0x00000000dee80000,0x00000000dee80000,0x00000000df900000)
 ParOldGen       total 86016K, used 12375K [0x0000000083a00000, 0x0000000088e00000, 0x00000000d6900000)
  object space 86016K, 14% used [0x0000000083a00000,0x0000000084615e78,0x0000000088e00000)
 Metaspace       used 17859K, capacity 18364K, committed 18560K, reserved 1064960K
  class space    used 1990K, capacity 2132K, committed 2176K, reserved 1048576K
}
Event: 147.538 GC heap before
{Heap before GC invocations=9 (full 1):
 PSYoungGen      total 70656K, used 70650K [0x00000000d6900000, 0x00000000df900000, 0x0000000100000000)
  eden space 62976K, 100% used [0x00000000d6900000,0x00000000da680000,0x00000000da680000)
  from space 7680K, 99% used [0x00000000da680000,0x00000000dadfe9c0,0x00000000dae00000)
  to   space 10752K, 0% used [0x00000000dee80000,0x00000000dee80000,0x00000000df900000)
 ParOldGen       total 86016K, used 12375K [0x0000000083a00000, 0x0000000088e00000, 0x00000000d6900000)
  object space 86016K, 14% used [0x0000000083a00000,0x0000000084615e78,0x0000000088e00000)
 Metaspace       used 19271K, capacity 19822K, committed 20096K, reserved 1067008K
  class space    used 2214K, capacity 2359K, committed 2432K, reserved 1048576K

