# JRE version: Java(TM) SE Runtime Environment (8.0_181-b13) (build 1.8.0_181-b13)
# Java VM: Java HotSpot(TM) 64-Bit Server VM (25.181-b13 mixed mode linux-amd64 compressed oops)
Heap:
 PSYoungGen      total 267264K, used 12777K [0x00000000d6900000, 0x00000000e8200000, 0x0000000100000000)
  eden space 254464K, 0% used [0x00000000d6900000,0x00000000d6900000,0x00000000e6180000)
  from space 12800K, 99% used [0x00000000e6180000,0x00000000e6dfa468,0x00000000e6e00000)
  to   space 5120K, 0% used [0x00000000e6e00000,0x00000000e6e00000,0x00000000e7300000)
 ParOldGen       total 86016K, used 40581K [0x0000000083a00000, 0x0000000088e00000, 0x00000000d6900000)
  object space 86016K, 47% used [0x0000000083a00000,0x00000000861a15b0,0x0000000088e00000)
 Metaspace       used 17069K, capacity 17538K, committed 17664K, reserved 1064960K
  class space    used 1891K, capacity 2039K, committed 2048K, reserved 1048576K
GC Heap History (10 events):
Event: 3.276 GC heap after
Heap after GC invocations=3 (full 1):
 PSYoungGen      total 70656K, used 0K [0x00000000d6900000, 0x00000000db300000, 0x0000000100000000)
  eden space 65536K, 0% used [0x00000000d6900000,0x00000000d6900000,0x00000000da900000)
  from space 5120K, 0% used [0x00000000dae00000,0x00000000dae00000,0x00000000db300000)
  to   space 5120K, 0% used [0x00000000da900000,0x00000000da900000,0x00000000dae00000)
 ParOldGen       total 86016K, used 10628K [0x0000000083a00000, 0x0000000088e00000, 0x00000000d6900000)
  object space 86016K, 12% used [0x0000000083a00000,0x0000000084461160,0x0000000088e00000)
 Metaspace       used 10217K, capacity 10402K, committed 10624K, reserved 1058816K
  class space    used 1234K, capacity 1317K, committed 1408K, reserved 1048576K
}
Event: 103.402 GC heap before
{Heap before GC invocations=4 (full 1):
 PSYoungGen      total 70656K, used 65536K [0x00000000d6900000, 0x00000000db300000, 0x0000000100000000)
  eden space 65536K, 100% used [0x00000000d6900000,0x00000000da900000,0x00000000da900000)
  from space 5120K, 0% used [0x00000000dae00000,0x00000000dae00000,0x00000000db300000)
  to   space 5120K, 0% used [0x00000000da900000,0x00000000da900000,0x00000000dae00000)
 ParOldGen       total 86016K, used 10628K [0x0000000083a00000, 0x0000000088e00000, 0x00000000d6900000)
  object space 86016K, 12% used [0x0000000083a00000,0x0000000084461160,0x0000000088e00000)
 Metaspace       used 14279K, capacity 14742K, committed 14848K, reserved 1062912K
  class space    used 1629K, capacity 1781K, committed 1792K, reserved 1048576K
Event: 103.504 GC heap after
Heap after GC invocations=4 (full 1):
 PSYoungGen      total 70656K, used 5109K [0x00000000d6900000, 0x00000000df300000, 0x0000000100000000)
  eden space 65536K, 0% used [0x00000000d6900000,0x00000000d6900000,0x00000000da900000)
  from space 5120K, 99% used [0x00000000da900000,0x00000000dadfd4e0,0x00000000dae00000)
  to   space 5120K, 0% used [0x00000000dee00000,0x00000000dee00000,0x00000000df300000)
 ParOldGen       total 86016K, used 16303K [0x0000000083a00000, 0x0000000088e00000, 0x00000000d6900000)
  object space 86016K, 18% used [0x0000000083a00000,0x00000000849ebfa0,0x0000000088e00000)
 Metaspace       used 14279K, capacity 14742K, committed 14848K, reserved 1062912K
  class space    used 1629K, capacity 1781K, committed 1792K, reserved 1048576K
}
Event: 104.122 GC heap before
{Heap before GC invocations=5 (full 1):
 PSYoungGen      total 70656K, used 70645K [0x00000000d6900000, 0x00000000df300000, 0x0000000100000000)
  eden space 65536K, 100% used [0x00000000d6900000,0x00000000da900000,0x00000000da900000)
  from space 5120K, 99% used [0x00000000da900000,0x00000000dadfd4e0,0x00000000dae00000)
  to   space 5120K, 0% used [0x00000000dee00000,0x00000000dee00000,0x00000000df300000)
 ParOldGen       total 86016K, used 16303K [0x0000000083a00000, 0x0000000088e00000, 0x00000000d6900000)
  object space 86016K, 18% used [0x0000000083a00000,0x00000000849ebfa0,0x0000000088e00000)
 Metaspace       used 14323K, capacity 14806K, committed 15104K, reserved 1062912K
  class space    used 1629K, capacity 1781K, committed 1792K, reserved 1048576K
Event: 104.141 GC heap after
Heap after GC invocations=5 (full 1):
 PSYoungGen      total 136192K, used 5093K [0x00000000d6900000, 0x00000000df300000, 0x0000000100000000)
  eden space 131072K, 0% used [0x00000000d6900000,0x00000000d6900000,0x00000000de900000)
  from space 5120K, 99% used [0x00000000dee00000,0x00000000df2f94d0,0x00000000df300000)
  to   space 5120K, 0% used [0x00000000de900000,0x00000000de900000,0x00000000dee00000)
 ParOldGen       total 86016K, used 16864K [0x0000000083a00000, 0x0000000088e00000, 0x00000000d6900000)
  object space 86016K, 19% used [0x0000000083a00000,0x0000000084a78020,0x0000000088e00000)
 Metaspace       used 14323K, capacity 14806K, committed 15104K, reserved 1062912K
  class space    used 1629K, capacity 1781K, committed 1792K, reserved 1048576K
}
Event: 105.052 GC heap before
{Heap before GC invocations=6 (full 1):
 PSYoungGen      total 136192K, used 136165K [0x00000000d6900000, 0x00000000df300000, 0x0000000100000000)
  eden space 131072K, 100% used [0x00000000d6900000,0x00000000de900000,0x00000000de900000)
  from space 5120K, 99% used [0x00000000dee00000,0x00000000df2f94d0,0x00000000df300000)
  to   space 5120K, 0% used [0x00000000de900000,0x00000000de900000,0x00000000dee00000)
 ParOldGen       total 86016K, used 16864K [0x0000000083a00000, 0x0000000088e00000, 0x00000000d6900000)
  object space 86016K, 19% used [0x0000000083a00000,0x0000000084a78020,0x0000000088e00000)
 Metaspace       used 14415K, capacity 14870K, committed 15104K, reserved 1062912K
  class space    used 1629K, capacity 1781K, committed 1792K, reserved 1048576K
Event: 105.083 GC heap after
Heap after GC invocations=6 (full 1):
 PSYoungGen      total 136192K, used 5093K [0x00000000d6900000, 0x00000000e7300000, 0x0000000100000000)
  eden space 131072K, 0% used [0x00000000d6900000,0x00000000d6900000,0x00000000de900000)
  from space 5120K, 99% used [0x00000000de900000,0x00000000dedf94d0,0x00000000dee00000)
  to   space 5120K, 0% used [0x00000000e6e00000,0x00000000e6e00000,0x00000000e7300000)
 ParOldGen       total 86016K, used 20375K [0x0000000083a00000, 0x0000000088e00000, 0x00000000d6900000)
  object space 86016K, 23% used [0x0000000083a00000,0x0000000084de5f98,0x0000000088e00000)
 Metaspace       used 14415K, capacity 14870K, committed 15104K, reserved 1062912K
  class space    used 1629K, capacity 1781K, committed 1792K, reserved 1048576K
}
Event: 105.773 GC heap before
{Heap before GC invocations=7 (full 1):
 PSYoungGen      total 136192K, used 136165K [0x00000000d6900000, 0x00000000e7300000, 0x0000000100000000)
  eden space 131072K, 100% used [0x00000000d6900000,0x00000000de900000,0x00000000de900000)
  from space 5120K, 99% used [0x00000000de900000,0x00000000dedf94d0,0x00000000dee00000)
  to   space 5120K, 0% used [0x00000000e6e00000,0x00000000e6e00000,0x00000000e7300000)
 ParOldGen       total 86016K, used 20375K [0x0000000083a00000, 0x0000000088e00000, 0x00000000d6900000)
  object space 86016K, 23% used [0x0000000083a00000,0x0000000084de5f98,0x0000000088e00000)
 Metaspace       used 14477K, capacity 14934K, committed 15104K, reserved 1062912K
  class space    used 1629K, capacity 1781K, committed 1792K, reserved 1048576K
Event: 105.828 GC heap after
Heap after GC invocations=7 (full 1):
 PSYoungGen      total 259584K, used 5109K [0x00000000d6900000, 0x00000000e8200000, 0x0000000100000000)
  eden space 254464K, 0% used [0x00000000d6900000,0x00000000d6900000,0x00000000e6180000)
  from space 5120K, 99% used [0x00000000e6e00000,0x00000000e72fd770,0x00000000e7300000)
  to   space 12800K, 0% used [0x00000000e6180000,0x00000000e6180000,0x00000000e6e00000)
 ParOldGen       total 86016K, used 25732K [0x0000000083a00000, 0x0000000088e00000, 0x00000000d6900000)
  object space 86016K, 29% used [0x0000000083a00000,0x0000000085321280,0x0000000088e00000)
 Metaspace       used 14477K, capacity 14934K, committed 15104K, reserved 1062912K
  class space    used 1629K, capacity 1781K, committed 1792K, reserved 1048576K
}
Event: 119.830 GC heap before
{Heap before GC invocations=8 (full 1):
 PSYoungGen      total 259584K, used 259573K [0x00000000d6900000, 0x00000000e8200000, 0x0000000100000000)
  eden space 254464K, 100% used [0x00000000d6900000,0x00000000e6180000,0x00000000e6180000)
  from space 5120K, 99% used [0x00000000e6e00000,0x00000000e72fd770,0x00000000e7300000)
  to   space 12800K, 0% used [0x00000000e6180000,0x00000000e6180000,0x00000000e6e00000)
 ParOldGen       total 86016K, used 25732K [0x0000000083a00000, 0x0000000088e00000, 0x00000000d6900000)
  object space 86016K, 29% used [0x0000000083a00000,0x0000000085321280,0x0000000088e00000)
 Metaspace       used 17069K, capacity 17538K, committed 17664K, reserved 1064960K
  class space    used 1891K, capacity 2039K, committed 2048K, reserved 1048576K

