# JRE version: Java(TM) SE Runtime Environment (8.0_181-b13) (build 1.8.0_181-b13)
# Java VM: Java HotSpot(TM) 64-Bit Server VM (25.181-b13 mixed mode linux-amd64 compressed oops)
Heap:
 PSYoungGen      total 70656K, used 8476K [0x00000000d6900000, 0x00000000dba00000, 0x0000000100000000)
  eden space 61952K, 0% used [0x00000000d6900000,0x00000000d6900000,0x00000000da580000)
  from space 8704K, 97% used [0x00000000da580000,0x00000000dadc73e8,0x00000000dae00000)
  to   space 5120K, 0% used [0x00000000dae00000,0x00000000dae00000,0x00000000db300000)
 ParOldGen       total 86016K, used 10967K [0x0000000083a00000, 0x0000000088e00000, 0x00000000d6900000)
  object space 86016K, 12% used [0x0000000083a00000,0x00000000844b5ff0,0x0000000088e00000)
 Metaspace       used 13836K, capacity 14200K, committed 14336K, reserved 1062912K
  class space    used 1573K, capacity 1664K, committed 1792K, reserved 1048576K
GC Heap History (10 events):
Event: 45.841 GC heap after
Heap after GC invocations=3 (full 1):
 PSYoungGen      total 37888K, used 5112K [0x00000000d6900000, 0x00000000d9300000, 0x0000000100000000)
  eden space 32768K, 0% used [0x00000000d6900000,0x00000000d6900000,0x00000000d8900000)
  from space 5120K, 99% used [0x00000000d8e00000,0x00000000d92fe0f0,0x00000000d9300000)
  to   space 5120K, 0% used [0x00000000d8900000,0x00000000d8900000,0x00000000d8e00000)
 ParOldGen       total 86016K, used 4893K [0x0000000083a00000, 0x0000000088e00000, 0x00000000d6900000)
  object space 86016K, 5% used [0x0000000083a00000,0x0000000083ec7720,0x0000000088e00000)
 Metaspace       used 13538K, capacity 13880K, committed 14080K, reserved 1060864K
  class space    used 1571K, capacity 1664K, committed 1792K, reserved 1048576K
}
Event: 47.013 GC heap before
{Heap before GC invocations=4 (full 1):
 PSYoungGen      total 37888K, used 37880K [0x00000000d6900000, 0x00000000d9300000, 0x0000000100000000)
  eden space 32768K, 100% used [0x00000000d6900000,0x00000000d8900000,0x00000000d8900000)
  from space 5120K, 99% used [0x00000000d8e00000,0x00000000d92fe0f0,0x00000000d9300000)
  to   space 5120K, 0% used [0x00000000d8900000,0x00000000d8900000,0x00000000d8e00000)
 ParOldGen       total 86016K, used 4893K [0x0000000083a00000, 0x0000000088e00000, 0x00000000d6900000)
  object space 86016K, 5% used [0x0000000083a00000,0x0000000083ec7720,0x0000000088e00000)
 Metaspace       used 13682K, capacity 14072K, committed 14336K, reserved 1062912K
  class space    used 1572K, capacity 1664K, committed 1792K, reserved 1048576K
Event: 47.021 GC heap after
Heap after GC invocations=4 (full 1):
 PSYoungGen      total 37888K, used 5109K [0x00000000d6900000, 0x00000000d9300000, 0x0000000100000000)
  eden space 32768K, 0% used [0x00000000d6900000,0x00000000d6900000,0x00000000d8900000)
  from space 5120K, 99% used [0x00000000d8900000,0x00000000d8dfd7d0,0x00000000d8e00000)
  to   space 5120K, 0% used [0x00000000d8e00000,0x00000000d8e00000,0x00000000d9300000)
 ParOldGen       total 86016K, used 5706K [0x0000000083a00000, 0x0000000088e00000, 0x00000000d6900000)
  object space 86016K, 6% used [0x0000000083a00000,0x0000000083f92820,0x0000000088e00000)
 Metaspace       used 13682K, capacity 14072K, committed 14336K, reserved 1062912K
  class space    used 1572K, capacity 1664K, committed 1792K, reserved 1048576K
}
Event: 47.704 GC heap before
{Heap before GC invocations=5 (full 1):
 PSYoungGen      total 37888K, used 37877K [0x00000000d6900000, 0x00000000d9300000, 0x0000000100000000)
  eden space 32768K, 100% used [0x00000000d6900000,0x00000000d8900000,0x00000000d8900000)
  from space 5120K, 99% used [0x00000000d8900000,0x00000000d8dfd7d0,0x00000000d8e00000)
  to   space 5120K, 0% used [0x00000000d8e00000,0x00000000d8e00000,0x00000000d9300000)
 ParOldGen       total 86016K, used 5706K [0x0000000083a00000, 0x0000000088e00000, 0x00000000d6900000)
  object space 86016K, 6% used [0x0000000083a00000,0x0000000083f92820,0x0000000088e00000)
 Metaspace       used 13760K, capacity 14136K, committed 14336K, reserved 1062912K
  class space    used 1572K, capacity 1664K, committed 1792K, reserved 1048576K
Event: 47.727 GC heap after
Heap after GC invocations=5 (full 1):
 PSYoungGen      total 37888K, used 5112K [0x00000000d6900000, 0x00000000db300000, 0x0000000100000000)
  eden space 32768K, 0% used [0x00000000d6900000,0x00000000d6900000,0x00000000d8900000)
  from space 5120K, 99% used [0x00000000d8e00000,0x00000000d92fe3f8,0x00000000d9300000)
  to   space 5120K, 0% used [0x00000000d8900000,0x00000000d8900000,0x00000000d8e00000)
 ParOldGen       total 86016K, used 7667K [0x0000000083a00000, 0x0000000088e00000, 0x00000000d6900000)
  object space 86016K, 8% used [0x0000000083a00000,0x000000008417ccd8,0x0000000088e00000)
 Metaspace       used 13760K, capacity 14136K, committed 14336K, reserved 1062912K
  class space    used 1572K, capacity 1664K, committed 1792K, reserved 1048576K
}
Event: 48.211 GC heap before
{Heap before GC invocations=6 (full 1):
 PSYoungGen      total 37888K, used 37880K [0x00000000d6900000, 0x00000000db300000, 0x0000000100000000)
  eden space 32768K, 100% used [0x00000000d6900000,0x00000000d8900000,0x00000000d8900000)
  from space 5120K, 99% used [0x00000000d8e00000,0x00000000d92fe3f8,0x00000000d9300000)
  to   space 5120K, 0% used [0x00000000d8900000,0x00000000d8900000,0x00000000d8e00000)
 ParOldGen       total 86016K, used 7667K [0x0000000083a00000, 0x0000000088e00000, 0x00000000d6900000)
  object space 86016K, 8% used [0x0000000083a00000,0x000000008417ccd8,0x0000000088e00000)
 Metaspace       used 13792K, capacity 14136K, committed 14336K, reserved 1062912K
  class space    used 1573K, capacity 1664K, committed 1792K, reserved 1048576K
Event: 48.257 GC heap after
Heap after GC invocations=6 (full 1):
 PSYoungGen      total 37888K, used 5116K [0x00000000d6900000, 0x00000000db300000, 0x0000000100000000)
  eden space 32768K, 0% used [0x00000000d6900000,0x00000000d6900000,0x00000000d8900000)
  from space 5120K, 99% used [0x00000000d8900000,0x00000000d8dff3d8,0x00000000d8e00000)
  to   space 5120K, 0% used [0x00000000dae00000,0x00000000dae00000,0x00000000db300000)
 ParOldGen       total 86016K, used 9599K [0x0000000083a00000, 0x0000000088e00000, 0x00000000d6900000)
  object space 86016K, 11% used [0x0000000083a00000,0x000000008435fe48,0x0000000088e00000)
 Metaspace       used 13792K, capacity 14136K, committed 14336K, reserved 1062912K
  class space    used 1573K, capacity 1664K, committed 1792K, reserved 1048576K
}
Event: 48.611 GC heap before
{Heap before GC invocations=7 (full 1):
 PSYoungGen      total 37888K, used 37884K [0x00000000d6900000, 0x00000000db300000, 0x0000000100000000)
  eden space 32768K, 100% used [0x00000000d6900000,0x00000000d8900000,0x00000000d8900000)
  from space 5120K, 99% used [0x00000000d8900000,0x00000000d8dff3d8,0x00000000d8e00000)
  to   space 5120K, 0% used [0x00000000dae00000,0x00000000dae00000,0x00000000db300000)
 ParOldGen       total 86016K, used 9599K [0x0000000083a00000, 0x0000000088e00000, 0x00000000d6900000)
  object space 86016K, 11% used [0x0000000083a00000,0x000000008435fe48,0x0000000088e00000)
 Metaspace       used 13792K, capacity 14136K, committed 14336K, reserved 1062912K
  class space    used 1573K, capacity 1664K, committed 1792K, reserved 1048576K
Event: 48.638 GC heap after
Heap after GC invocations=7 (full 1):
 PSYoungGen      total 67072K, used 5116K [0x00000000d6900000, 0x00000000dba00000, 0x0000000100000000)
  eden space 61952K, 0% used [0x00000000d6900000,0x00000000d6900000,0x00000000da580000)
  from space 5120K, 99% used [0x00000000dae00000,0x00000000db2ff3d8,0x00000000db300000)
  to   space 8704K, 0% used [0x00000000da580000,0x00000000da580000,0x00000000dae00000)
 ParOldGen       total 86016K, used 10967K [0x0000000083a00000, 0x0000000088e00000, 0x00000000d6900000)
  object space 86016K, 12% used [0x0000000083a00000,0x00000000844b5ff0,0x0000000088e00000)
 Metaspace       used 13792K, capacity 14136K, committed 14336K, reserved 1062912K
  class space    used 1573K, capacity 1664K, committed 1792K, reserved 1048576K
}
Event: 49.569 GC heap before
{Heap before GC invocations=8 (full 1):
 PSYoungGen      total 67072K, used 67068K [0x00000000d6900000, 0x00000000dba00000, 0x0000000100000000)
  eden space 61952K, 100% used [0x00000000d6900000,0x00000000da580000,0x00000000da580000)
  from space 5120K, 99% used [0x00000000dae00000,0x00000000db2ff3d8,0x00000000db300000)
  to   space 8704K, 0% used [0x00000000da580000,0x00000000da580000,0x00000000dae00000)
 ParOldGen       total 86016K, used 10967K [0x0000000083a00000, 0x0000000088e00000, 0x00000000d6900000)
  object space 86016K, 12% used [0x0000000083a00000,0x00000000844b5ff0,0x0000000088e00000)
 Metaspace       used 13836K, capacity 14200K, committed 14336K, reserved 1062912K
  class space    used 1573K, capacity 1664K, committed 1792K, reserved 1048576K

